maliha print
***************** Next Function ******************
('func_count:', 1)
("func_name '", 'is_draw', "'")
('err_func:', '/data/0202_patch/ida/speccpu/gcc/O3/sjeng-gcc-O3-compilation-errors/is_draw')
('err_funcfile:', '/data/0202_patch/ida/speccpu/gcc/O3/sjeng-gcc-O3-compilation-errors/is_draw')
***************** Next Function ******************
('func_count:', 2)
("func_name '", 'rdifftime', "'")
('err_func:', '/data/0202_patch/ida/speccpu/gcc/O3/sjeng-gcc-O3-compilation-errors/rdifftime')
('err_funcfile:', '/data/0202_patch/ida/speccpu/gcc/O3/sjeng-gcc-O3-compilation-errors/rdifftime')
***************** Next Function ******************
('func_count:', 3)
("func_name '", 'clear_tt', "'")
('err_func:', '/data/0202_patch/ida/speccpu/gcc/O3/sjeng-gcc-O3-compilation-errors/clear_tt')
('err_funcfile:', '/data/0202_patch/ida/speccpu/gcc/O3/sjeng-gcc-O3-compilation-errors/clear_tt')
***************** Next Function ******************
('func_count:', 4)
("func_name '", 'rinput', "'")
('err_func:', '/data/0202_patch/ida/speccpu/gcc/O3/sjeng-gcc-O3-compilation-errors/rinput')
('err_funcfile:', '/data/0202_patch/ida/speccpu/gcc/O3/sjeng-gcc-O3-compilation-errors/rinput')
***************** Next Function ******************
('func_count:', 5)
("func_name '", 'ResetHandValue', "'")
('err_func:', '/data/0202_patch/ida/speccpu/gcc/O3/sjeng-gcc-O3-compilation-errors/ResetHandValue')
('err_funcfile:', '/data/0202_patch/ida/speccpu/gcc/O3/sjeng-gcc-O3-compilation-errors/ResetHandValue')
***************** Next Function ******************
('func_count:', 6)
("func_name '", 'reset_piece_square', "'")
('err_func:', '/data/0202_patch/ida/speccpu/gcc/O3/sjeng-gcc-O3-compilation-errors/reset_piece_square')
('err_funcfile:', '/data/0202_patch/ida/speccpu/gcc/O3/sjeng-gcc-O3-compilation-errors/reset_piece_square')
***************** Next Function ******************
('func_count:', 7)
("func_name '", 'calc_attackers', "'")
('err_func:', '/data/0202_patch/ida/speccpu/gcc/O3/sjeng-gcc-O3-compilation-errors/calc_attackers')
('err_funcfile:', '/data/0202_patch/ida/speccpu/gcc/O3/sjeng-gcc-O3-compilation-errors/calc_attackers')
('error:', "attacks.c:510:17: error: use of undeclared identifier 'rook_o_8'")
('error:', "attacks.c:554:13: error: use of undeclared identifier 'jpt_403A6C'")
('error:', "attacks.c:562:7: error: use of undeclared identifier 'bishop_o_7'")
('error:', "attacks.c:632:16: error: use of undeclared identifier 'rook_o_8'")
('error:', "attacks.c:676:6: error: use of undeclared identifier 'jpt_403A6C'")
('error:', "attacks.c:684:7: error: use of undeclared identifier 'bishop_o_7'")
***************** Next Function ******************
('func_count:', 8)
("func_name '", 'losers_pn_eval', "'")
('err_func:', '/data/0202_patch/ida/speccpu/gcc/O3/sjeng-gcc-O3-compilation-errors/losers_pn_eval')
('err_funcfile:', '/data/0202_patch/ida/speccpu/gcc/O3/sjeng-gcc-O3-compilation-errors/losers_pn_eval')
***************** Next Function ******************
('func_count:', 9)
("func_name '", 'QStoreTT', "'")
('err_func:', '/data/0202_patch/ida/speccpu/gcc/O3/sjeng-gcc-O3-compilation-errors/QStoreTT')
('err_funcfile:', '/data/0202_patch/ida/speccpu/gcc/O3/sjeng-gcc-O3-compilation-errors/QStoreTT')
***************** Next Function ******************
('func_count:', 10)
("func_name '", 'check_phase', "'")
('err_func:', '/data/0202_patch/ida/speccpu/gcc/O3/sjeng-gcc-O3-compilation-errors/check_phase')
('err_funcfile:', '/data/0202_patch/ida/speccpu/gcc/O3/sjeng-gcc-O3-compilation-errors/check_phase')
***************** Next Function ******************
('func_count:', 11)
("func_name '", 'reset_ecache', "'")
('err_func:', '/data/0202_patch/ida/speccpu/gcc/O3/sjeng-gcc-O3-compilation-errors/reset_ecache')
('err_funcfile:', '/data/0202_patch/ida/speccpu/gcc/O3/sjeng-gcc-O3-compilation-errors/reset_ecache')
***************** Next Function ******************
('func_count:', 12)
("func_name '", 'f_in_check', "'")
('err_func:', '/data/0202_patch/ida/speccpu/gcc/O3/sjeng-gcc-O3-compilation-errors/f_in_check')
('err_funcfile:', '/data/0202_patch/ida/speccpu/gcc/O3/sjeng-gcc-O3-compilation-errors/f_in_check')
***************** Next Function ******************
('func_count:', 13)
("func_name '", 'interrupt', "'")
('err_func:', '/data/0202_patch/ida/speccpu/gcc/O3/sjeng-gcc-O3-compilation-errors/interrupt')
('err_funcfile:', '/data/0202_patch/ida/speccpu/gcc/O3/sjeng-gcc-O3-compilation-errors/interrupt')
***************** Next Function ******************
('func_count:', 14)
("func_name '", 'seedMT', "'")
('err_func:', '/data/0202_patch/ida/speccpu/gcc/O3/sjeng-gcc-O3-compilation-errors/seedMT')
('err_funcfile:', '/data/0202_patch/ida/speccpu/gcc/O3/sjeng-gcc-O3-compilation-errors/seedMT')
***************** Next Function ******************
('func_count:', 15)
("func_name '", 'see', "'")
('err_func:', '/data/0202_patch/ida/speccpu/gcc/O3/sjeng-gcc-O3-compilation-errors/see')
('err_funcfile:', '/data/0202_patch/ida/speccpu/gcc/O3/sjeng-gcc-O3-compilation-errors/see')
***************** Next Function ******************
('func_count:', 16)
("func_name '", 'proofnumbercheck', "'")
('err_func:', '/data/0202_patch/ida/speccpu/gcc/O3/sjeng-gcc-O3-compilation-errors/proofnumbercheck')
('err_funcfile:', '/data/0202_patch/ida/speccpu/gcc/O3/sjeng-gcc-O3-compilation-errors/proofnumbercheck')
('error:', "proof.c:1949:11: error: conflicting types for 'proofnumbercheck'")
('error:', "proof.c:1972:6: error: member reference base type '__m128i' (vector of 2 'long long' values) is not a structure or union")
('error:', "proof.c:2066:6: error: member reference base type '__m128i' (vector of 2 'long long' values) is not a structure or union")
('error:', "proof.c:2067:6: error: member reference base type '__m128i' (vector of 2 'long long' values) is not a structure or union")
***************** Next Function ******************
('func_count:', 17)
("func_name '", 'suicide_eval', "'")
('err_func:', '/data/0202_patch/ida/speccpu/gcc/O3/sjeng-gcc-O3-compilation-errors/suicide_eval')
('err_funcfile:', '/data/0202_patch/ida/speccpu/gcc/O3/sjeng-gcc-O3-compilation-errors/suicide_eval')
***************** Next Function ******************
('func_count:', 18)
("func_name '", 'addHolding', "'")
('err_func:', '/data/0202_patch/ida/speccpu/gcc/O3/sjeng-gcc-O3-compilation-errors/addHolding')
('err_funcfile:', '/data/0202_patch/ida/speccpu/gcc/O3/sjeng-gcc-O3-compilation-errors/addHolding')
***************** Next Function ******************
('func_count:', 19)
("func_name '", 'perft', "'")
('err_func:', '/data/0202_patch/ida/speccpu/gcc/O3/sjeng-gcc-O3-compilation-errors/perft')
('err_funcfile:', '/data/0202_patch/ida/speccpu/gcc/O3/sjeng-gcc-O3-compilation-errors/perft')
***************** Next Function ******************
('func_count:', 20)
("func_name '", 'start_up', "'")
('err_func:', '/data/0202_patch/ida/speccpu/gcc/O3/sjeng-gcc-O3-compilation-errors/start_up')
('err_funcfile:', '/data/0202_patch/ida/speccpu/gcc/O3/sjeng-gcc-O3-compilation-errors/start_up')
***************** Next Function ******************
('func_count:', 21)
("func_name '", 'DropaddHolding', "'")
('err_func:', '/data/0202_patch/ida/speccpu/gcc/O3/sjeng-gcc-O3-compilation-errors/DropaddHolding')
('err_funcfile:', '/data/0202_patch/ida/speccpu/gcc/O3/sjeng-gcc-O3-compilation-errors/DropaddHolding')
***************** Next Function ******************
('func_count:', 22)
("func_name '", 'SwitchPromoted', "'")
('err_func:', '/data/0202_patch/ida/speccpu/gcc/O3/sjeng-gcc-O3-compilation-errors/SwitchPromoted')
('err_funcfile:', '/data/0202_patch/ida/speccpu/gcc/O3/sjeng-gcc-O3-compilation-errors/SwitchPromoted')
('error:', "crazy.c:672:53: error: use of undeclared identifier 'xmm'")
('error:', "crazy.c:673:57: error: use of undeclared identifier 'xmm'")
('error:', "crazy.c:674:57: error: use of undeclared identifier 'xmm'")
***************** Next Function ******************
('func_count:', 23)
("func_name '", 'pn_eval', "'")
('err_func:', '/data/0202_patch/ida/speccpu/gcc/O3/sjeng-gcc-O3-compilation-errors/pn_eval')
('err_funcfile:', '/data/0202_patch/ida/speccpu/gcc/O3/sjeng-gcc-O3-compilation-errors/pn_eval')
('error:', 'clang: error: linker command failed with exit code 1 (use -v to see invocation)')
***************** Next Function ******************
('func_count:', 24)
("func_name '", 'proofnumberscan', "'")
('err_func:', '/data/0202_patch/ida/speccpu/gcc/O3/sjeng-gcc-O3-compilation-errors/proofnumberscan')
('err_funcfile:', '/data/0202_patch/ida/speccpu/gcc/O3/sjeng-gcc-O3-compilation-errors/proofnumberscan')
('error:', "proof.c:1537:14: error: expected identifier or '('")
('error:', "proof.c:1579:27: error: member reference base type 'const __m128i' (vector of 2 'long long' values) is not a structure or union")
('error:', "proof.c:1595:21: error: member reference base type 'const __m128i' (vector of 2 'long long' values) is not a structure or union")
('error:', "proof.c:1618:38: error: member reference base type 'const __m128i' (vector of 2 'long long' values) is not a structure or union")
('error:', "proof.c:1640:14: error: expected identifier or '('")
('error:', "proof.c:1673:10: error: member reference base type 'const __m128i' (vector of 2 'long long' values) is not a structure or union")
('error:', "proof.c:1674:10: error: member reference base type 'const __m128i' (vector of 2 'long long' values) is not a structure or union")
('error:', "proof.c:1690:38: error: member reference base type 'const __m128i' (vector of 2 'long long' values) is not a structure or union")
('error:', "proof.c:1728:14: error: passing 'char [2056]' to parameter of incompatible type 'move_s'")
('error:', "proof.c:1730:10: error: member reference base type 'const __m128i' (vector of 2 'long long' values) is not a structure or union")
('error:', "proof.c:1733:10: error: member reference base type 'const __m128i' (vector of 2 'long long' values) is not a structure or union")
('error:', "proof.c:1738:38: error: member reference base type 'const __m128i' (vector of 2 'long long' values) is not a structure or union")
('error:', "proof.c:1749:13: error: member reference base type 'const __m128i' (vector of 2 'long long' values) is not a structure or union")
('error:', "proof.c:1765:14: error: passing 'char [2056]' to parameter of incompatible type 'move_s'")
***************** Next Function ******************
('func_count:', 25)
("func_name '", 'push_knighT', "'")
('err_func:', '/data/0202_patch/ida/speccpu/gcc/O3/sjeng-gcc-O3-compilation-errors/push_knighT')
('err_funcfile:', '/data/0202_patch/ida/speccpu/gcc/O3/sjeng-gcc-O3-compilation-errors/push_knighT')
('error:', "moves.c:2273:99: error: member reference base type '__m128i' (vector of 2 'long long' values) is not a structure or union")
***************** Next Function ******************
('func_count:', 26)
("func_name '", 'display_board', "'")
('err_func:', '/data/0202_patch/ida/speccpu/gcc/O3/sjeng-gcc-O3-compilation-errors/display_board')
('err_funcfile:', '/data/0202_patch/ida/speccpu/gcc/O3/sjeng-gcc-O3-compilation-errors/display_board')
('error:', "utils.c:825:56: error: use of undeclared identifier 'off_428A40'")
('error:', "utils.c:826:60: error: use of undeclared identifier 'off_428A48'")
('error:', "utils.c:827:60: error: use of undeclared identifier 'off_428A50'")
('error:', "utils.c:828:60: error: use of undeclared identifier 'off_428A58'")
('error:', "utils.c:829:60: error: use of undeclared identifier 'off_428A60'")
('error:', "utils.c:830:62: error: use of undeclared identifier 'off_428A68'")
('error:', "utils.c:831:62: error: use of undeclared identifier 'off_428A70'")
***************** Next Function ******************
('func_count:', 27)
("func_name '", 'post_fail_thinking', "'")
('err_func:', '/data/0202_patch/ida/speccpu/gcc/O3/sjeng-gcc-O3-compilation-errors/post_fail_thinking')
('err_funcfile:', '/data/0202_patch/ida/speccpu/gcc/O3/sjeng-gcc-O3-compilation-errors/post_fail_thinking')
('error:', "utils.c:1103:14: error: passing 'char [256]' to parameter of incompatible type 'move_s'")
***************** Next Function ******************
('func_count:', 28)
("func_name '", 'proofnumbersearch', "'")
('err_func:', '/data/0202_patch/ida/speccpu/gcc/O3/sjeng-gcc-O3-compilation-errors/proofnumbersearch')
('err_funcfile:', '/data/0202_patch/ida/speccpu/gcc/O3/sjeng-gcc-O3-compilation-errors/proofnumbersearch')
('error:', "proof.c:1893:16: error: passing 'char [8192]' to parameter of incompatible type 'move_s'")
('error:', "proof.c:1989:27: error: member reference base type 'const __m128i' (vector of 2 'long long' values) is not a structure or union")
('error:', "proof.c:1992:18: error: member reference base type 'const __m128i' (vector of 2 'long long' values) is not a structure or union")
('error:', "proof.c:1993:38: error: member reference base type 'const __m128i' (vector of 2 'long long' values) is not a structure or union")
('error:', "proof.c:2000:38: error: member reference base type 'const __m128i' (vector of 2 'long long' values) is not a structure or union")
***************** Next Function ******************
('func_count:', 29)
("func_name '", 'toggle_bool', "'")
('err_func:', '/data/0202_patch/ida/speccpu/gcc/O3/sjeng-gcc-O3-compilation-errors/toggle_bool')
('err_funcfile:', '/data/0202_patch/ida/speccpu/gcc/O3/sjeng-gcc-O3-compilation-errors/toggle_bool')
***************** Next Function ******************
('func_count:', 30)
("func_name '", 'PutPiece', "'")
('err_func:', '/data/0202_patch/ida/speccpu/gcc/O3/sjeng-gcc-O3-compilation-errors/PutPiece')
('err_funcfile:', '/data/0202_patch/ida/speccpu/gcc/O3/sjeng-gcc-O3-compilation-errors/PutPiece')
***************** Next Function ******************
('func_count:', 31)
("func_name '", 'initialize_hash', "'")
('err_func:', '/data/0202_patch/ida/speccpu/gcc/O3/sjeng-gcc-O3-compilation-errors/initialize_hash')
('err_funcfile:', '/data/0202_patch/ida/speccpu/gcc/O3/sjeng-gcc-O3-compilation-errors/initialize_hash')
***************** Next Function ******************
('func_count:', 32)
("func_name '", 'free_ecache', "'")
('err_func:', '/data/0202_patch/ida/speccpu/gcc/O3/sjeng-gcc-O3-compilation-errors/free_ecache')
('err_funcfile:', '/data/0202_patch/ida/speccpu/gcc/O3/sjeng-gcc-O3-compilation-errors/free_ecache')
***************** Next Function ******************
('func_count:', 33)
("func_name '", 'init_game', "'")
('err_func:', '/data/0202_patch/ida/speccpu/gcc/O3/sjeng-gcc-O3-compilation-errors/init_game')
('err_funcfile:', '/data/0202_patch/ida/speccpu/gcc/O3/sjeng-gcc-O3-compilation-errors/init_game')
('error:', "utils.c:836:23: error: use of undeclared identifier 'unk_428440'")
***************** Next Function ******************
('func_count:', 34)
("func_name '", 'ProcessHoldings', "'")
('err_func:', '/data/0202_patch/ida/speccpu/gcc/O3/sjeng-gcc-O3-compilation-errors/ProcessHoldings')
('err_funcfile:', '/data/0202_patch/ida/speccpu/gcc/O3/sjeng-gcc-O3-compilation-errors/ProcessHoldings')
***************** Next Function ******************
('func_count:', 35)
("func_name '", 'eval', "'")
('err_func:', '/data/0202_patch/ida/speccpu/gcc/O3/sjeng-gcc-O3-compilation-errors/eval')
('err_funcfile:', '/data/0202_patch/ida/speccpu/gcc/O3/sjeng-gcc-O3-compilation-errors/eval')
***************** Next Function ******************
('func_count:', 36)
("func_name '", 'ProbeTT', "'")
('err_func:', '/data/0202_patch/ida/speccpu/gcc/O3/sjeng-gcc-O3-compilation-errors/ProbeTT')
('err_funcfile:', '/data/0202_patch/ida/speccpu/gcc/O3/sjeng-gcc-O3-compilation-errors/ProbeTT')
***************** Next Function ******************
('func_count:', 37)
("func_name '", 'search', "'")
('err_func:', '/data/0202_patch/ida/speccpu/gcc/O3/sjeng-gcc-O3-compilation-errors/search')
('err_funcfile:', '/data/0202_patch/ida/speccpu/gcc/O3/sjeng-gcc-O3-compilation-errors/search')
('error:', "search.c:1205:33: error: use of undeclared identifier 'rc_index_0'")
('error:', "search.c:1205:57: error: use of undeclared identifier 'rc_index_0'")
***************** Next Function ******************
('func_count:', 38)
("func_name '", 'is_attacked', "'")
('err_func:', '/data/0202_patch/ida/speccpu/gcc/O3/sjeng-gcc-O3-compilation-errors/is_attacked')
('err_funcfile:', '/data/0202_patch/ida/speccpu/gcc/O3/sjeng-gcc-O3-compilation-errors/is_attacked')
('error:', "attacks.c:669:6: error: use of undeclared identifier 'bishop_o_7'")
('error:', "attacks.c:731:16: error: use of undeclared identifier 'rook_o_8'")
('error:', "attacks.c:777:12: error: use of undeclared identifier 'jpt_403A6C'")
('error:', "attacks.c:786:7: error: use of undeclared identifier 'bishop_o_7'")
('error:', "attacks.c:848:17: error: use of undeclared identifier 'rook_o_8'")
('error:', "attacks.c:894:6: error: use of undeclared identifier 'jpt_403A6C'")
***************** Next Function ******************
('func_count:', 39)
("func_name '", 'gen', "'")
('err_func:', '/data/0202_patch/ida/speccpu/gcc/O3/sjeng-gcc-O3-compilation-errors/gen')
('err_funcfile:', '/data/0202_patch/ida/speccpu/gcc/O3/sjeng-gcc-O3-compilation-errors/gen')
('error:', "moves.c:1231:56: error: member reference base type '__m128i' (vector of 2 'long long' values) is not a structure or union")
('error:', "moves.c:1242:56: error: member reference base type '__m128i' (vector of 2 'long long' values) is not a structure or union")
('error:', "moves.c:1254:56: error: member reference base type '__m128i' (vector of 2 'long long' values) is not a structure or union")
('error:', "moves.c:1257:56: error: member reference base type '__m128i' (vector of 2 'long long' values) is not a structure or union")
('error:', 'moves.c:1314:32: error: expected expression')
('error:', "moves.c:1314:24: error: use of undeclared identifier '_OWORD'")
('error:', "moves.c:1468:56: error: member reference base type '__m128i' (vector of 2 'long long' values) is not a structure or union")
('error:', "moves.c:1479:56: error: member reference base type '__m128i' (vector of 2 'long long' values) is not a structure or union")
('error:', "moves.c:1491:56: error: member reference base type '__m128i' (vector of 2 'long long' values) is not a structure or union")
('error:', "moves.c:1494:56: error: member reference base type '__m128i' (vector of 2 'long long' values) is not a structure or union")
('error:', 'moves.c:1551:31: error: expected expression')
('error:', "moves.c:1551:23: error: use of undeclared identifier '_OWORD'")
***************** Next Function ******************
('func_count:', 40)
("func_name '", 'HandlePartner', "'")
('err_func:', '/data/0202_patch/ida/speccpu/gcc/O3/sjeng-gcc-O3-compilation-errors/HandlePartner')
('err_funcfile:', '/data/0202_patch/ida/speccpu/gcc/O3/sjeng-gcc-O3-compilation-errors/HandlePartner')
***************** Next Function ******************
('func_count:', 41)
("func_name '", 'suicide_mid_eval', "'")
('err_func:', '/data/0202_patch/ida/speccpu/gcc/O3/sjeng-gcc-O3-compilation-errors/suicide_mid_eval')
('err_funcfile:', '/data/0202_patch/ida/speccpu/gcc/O3/sjeng-gcc-O3-compilation-errors/suicide_mid_eval')
('error:', "seval.c:859:67: error: use of undeclared identifier 'xmm'")
('error:', "seval.c:865:67: error: use of undeclared identifier 'xmm'")
('error:', 'seval.c:866:12: error: expected expression')
('error:', "seval.c:866:4: error: use of undeclared identifier '_OWORD'")
('error:', 'seval.c:866:46: error: expected expression')
('error:', "seval.c:866:38: error: use of undeclared identifier '_OWORD'")
('error:', 'seval.c:867:12: error: expected expression')
('error:', "seval.c:867:4: error: use of undeclared identifier '_OWORD'")
('error:', 'seval.c:867:46: error: expected expression')
('error:', "seval.c:867:38: error: use of undeclared identifier '_OWORD'")
***************** Next Function ******************
('func_count:', 42)
("func_name '", 'DropremoveHolding', "'")
('err_func:', '/data/0202_patch/ida/speccpu/gcc/O3/sjeng-gcc-O3-compilation-errors/DropremoveHolding')
('err_funcfile:', '/data/0202_patch/ida/speccpu/gcc/O3/sjeng-gcc-O3-compilation-errors/DropremoveHolding')
***************** Next Function ******************
('func_count:', 43)
("func_name '", 'checkECache', "'")
('err_func:', '/data/0202_patch/ida/speccpu/gcc/O3/sjeng-gcc-O3-compilation-errors/checkECache')
('err_funcfile:', '/data/0202_patch/ida/speccpu/gcc/O3/sjeng-gcc-O3-compilation-errors/checkECache')
***************** Next Function ******************
('func_count:', 44)
("func_name '", 'QProbeTT', "'")
('err_func:', '/data/0202_patch/ida/speccpu/gcc/O3/sjeng-gcc-O3-compilation-errors/QProbeTT')
('err_funcfile:', '/data/0202_patch/ida/speccpu/gcc/O3/sjeng-gcc-O3-compilation-errors/QProbeTT')
***************** Next Function ******************
('func_count:', 45)
("func_name '", 'comp_to_coord', "'")
('err_func:', '/data/0202_patch/ida/speccpu/gcc/O3/sjeng-gcc-O3-compilation-errors/comp_to_coord')
('err_funcfile:', '/data/0202_patch/ida/speccpu/gcc/O3/sjeng-gcc-O3-compilation-errors/comp_to_coord')
('error:', "utils.c:738:7: error: conflicting types for 'comp_to_coord'")
('error:', "utils.c:748:64: error: use of undeclared identifier 'xmm'")
('error:', "utils.c:751:68: error: use of undeclared identifier 'xmm'")
('error:', "utils.c:752:68: error: use of undeclared identifier 'xmm'")
***************** Next Function ******************
('func_count:', 46)
("func_name '", 'initialize_zobrist', "'")
('err_func:', '/data/0202_patch/ida/speccpu/gcc/O3/sjeng-gcc-O3-compilation-errors/initialize_zobrist')
('err_funcfile:', '/data/0202_patch/ida/speccpu/gcc/O3/sjeng-gcc-O3-compilation-errors/initialize_zobrist')
('error:', "ttable.c:543:16: error: use of undeclared identifier 'next'")
***************** Next Function ******************
('func_count:', 47)
("func_name '", 'verify_coord', "'")
('err_func:', '/data/0202_patch/ida/speccpu/gcc/O3/sjeng-gcc-O3-compilation-errors/verify_coord')
('err_funcfile:', '/data/0202_patch/ida/speccpu/gcc/O3/sjeng-gcc-O3-compilation-errors/verify_coord')
('error:', "utils.c:1492:8: error: member reference base type 'const __m128i' (vector of 2 'long long' values) is not a structure or union")
('error:', "utils.c:1493:8: error: member reference base type 'const __m128i' (vector of 2 'long long' values) is not a structure or union")
('error:', "utils.c:1496:9: error: member reference base type 'const __m128i' (vector of 2 'long long' values) is not a structure or union")
('error:', "utils.c:1498:56: error: use of undeclared identifier 'xmm'")
('error:', "utils.c:1499:56: error: use of undeclared identifier 'xmm'")
('error:', "utils.c:1500:56: error: use of undeclared identifier 'xmm'")
('error:', "utils.c:1550:35: error: member reference base type 'const __m128i' (vector of 2 'long long' values) is not a structure or union")
***************** Next Function ******************
('func_count:', 48)
("func_name '", 'findlowest', "'")
('err_func:', '/data/0202_patch/ida/speccpu/gcc/O3/sjeng-gcc-O3-compilation-errors/findlowest')
('err_funcfile:', '/data/0202_patch/ida/speccpu/gcc/O3/sjeng-gcc-O3-compilation-errors/findlowest')
('error:', "see.c:825:87: error: member reference base type '__m128i' (vector of 2 'long long' values) is not a structure or union")
***************** Next Function ******************
('func_count:', 49)
("func_name '", 'in_check', "'")
('err_func:', '/data/0202_patch/ida/speccpu/gcc/O3/sjeng-gcc-O3-compilation-errors/in_check')
('err_funcfile:', '/data/0202_patch/ida/speccpu/gcc/O3/sjeng-gcc-O3-compilation-errors/in_check')
***************** Next Function ******************
('func_count:', 50)
("func_name '", 'initialize_eval', "'")
('err_func:', '/data/0202_patch/ida/speccpu/gcc/O3/sjeng-gcc-O3-compilation-errors/initialize_eval')
('err_funcfile:', '/data/0202_patch/ida/speccpu/gcc/O3/sjeng-gcc-O3-compilation-errors/initialize_eval')
('error:', "eval.c:842:1: error: use of undeclared identifier 'byte_62B89F'")
***************** Next Function ******************
('func_count:', 51)
("func_name '", 'run_epd_testsuite', "'")
('err_func:', '/data/0202_patch/ida/speccpu/gcc/O3/sjeng-gcc-O3-compilation-errors/run_epd_testsuite')
('err_funcfile:', '/data/0202_patch/ida/speccpu/gcc/O3/sjeng-gcc-O3-compilation-errors/run_epd_testsuite')
('error:', 'epd.c:707:8: error: too many arguments to function call, expected 0, have 1')
('error:', 'epd.c:743:12: error: expected expression')
('error:', "epd.c:743:4: error: use of undeclared identifier '_OWORD'")
('error:', 'epd.c:743:35: error: expected expression')
('error:', "epd.c:743:27: error: use of undeclared identifier '_OWORD'")
('error:', "epd.c:744:14: error: passing 'char [256]' to parameter of incompatible type 'move_s'")
***************** Next Function ******************
('func_count:', 52)
("func_name '", 'CheckBadFlow', "'")
('err_func:', '/data/0202_patch/ida/speccpu/gcc/O3/sjeng-gcc-O3-compilation-errors/CheckBadFlow')
('err_funcfile:', '/data/0202_patch/ida/speccpu/gcc/O3/sjeng-gcc-O3-compilation-errors/CheckBadFlow')
('error:', "partner.c:998:1: error: use of undeclared identifier 'pawnmated_4'")
('error:', "partner.c:999:1: error: use of undeclared identifier 'knightmated_3'; did you mean 'knightmates'?")
('error:', "partner.c:1000:1: error: use of undeclared identifier 'bishopmated_2'")
('error:', "partner.c:1001:1: error: use of undeclared identifier 'rookmated_1'")
('error:', "partner.c:1002:1: error: use of undeclared identifier 'queenmated_0'")
('error:', "partner.c:1298:19: error: use of undeclared identifier 'pawnmated_4'")
('error:', "partner.c:1312:21: error: use of undeclared identifier 'pawnmated_4'")
('error:', "partner.c:1319:21: error: use of undeclared identifier 'knightmated_3'; did you mean 'knightmates'?")
('error:', "partner.c:1325:23: error: use of undeclared identifier 'knightmated_3'; did you mean 'knightmates'?")
('error:', "partner.c:1333:6: error: use of undeclared identifier 'bishopmated_2'")
('error:', "partner.c:1339:23: error: use of undeclared identifier 'bishopmated_2'")
('error:', "partner.c:1347:6: error: use of undeclared identifier 'rookmated_1'")
('error:', "partner.c:1353:21: error: use of undeclared identifier 'rookmated_1'")
('error:', "partner.c:1360:6: error: use of undeclared identifier 'queenmated_0'")
('error:', "partner.c:1366:19: error: use of undeclared identifier 'queenmated_0'")
('error:', "partner.c:1390:13: error: use of undeclared identifier 'pawnmated_4'")
('error:', "partner.c:1391:1: error: use of undeclared identifier 'pawnmated_4'")
('error:', "partner.c:1393:15: error: use of undeclared identifier 'bishopmated_2'")
('error:', "partner.c:1394:1: error: use of undeclared identifier 'bishopmated_2'")
('error:', 'fatal error: too many errors emitted, stopping now [-ferror-limit=]')
***************** Next Function ******************
('func_count:', 53)
("func_name '", 'comp_to_san', "'")
('err_func:', '/data/0202_patch/ida/speccpu/gcc/O3/sjeng-gcc-O3-compilation-errors/comp_to_san')
('err_funcfile:', '/data/0202_patch/ida/speccpu/gcc/O3/sjeng-gcc-O3-compilation-errors/comp_to_san')
('error:', "utils.c:578:7: error: conflicting types for 'comp_to_san'")
('error:', "utils.c:608:64: error: use of undeclared identifier 'xmm'")
('error:', "utils.c:611:68: error: use of undeclared identifier 'xmm'")
('error:', "utils.c:613:68: error: use of undeclared identifier 'xmm'")
***************** Next Function ******************
('func_count:', 54)
("func_name '", 'allocate_time', "'")
('err_func:', '/data/0202_patch/ida/speccpu/gcc/O3/sjeng-gcc-O3-compilation-errors/allocate_time')
('err_funcfile:', '/data/0202_patch/ida/speccpu/gcc/O3/sjeng-gcc-O3-compilation-errors/allocate_time')
***************** Next Function ******************
('func_count:', 55)
("func_name '", 'check_legal', "'")
('err_func:', '/data/0202_patch/ida/speccpu/gcc/O3/sjeng-gcc-O3-compilation-errors/check_legal')
('err_funcfile:', '/data/0202_patch/ida/speccpu/gcc/O3/sjeng-gcc-O3-compilation-errors/check_legal')
***************** Next Function ******************
('func_count:', 56)
("func_name '", 'post_fh_thinking', "'")
('err_func:', '/data/0202_patch/ida/speccpu/gcc/O3/sjeng-gcc-O3-compilation-errors/post_fh_thinking')
('err_funcfile:', '/data/0202_patch/ida/speccpu/gcc/O3/sjeng-gcc-O3-compilation-errors/post_fh_thinking')
('error:', "utils.c:1133:14: error: passing 'char [256]' to parameter of incompatible type 'move_s'")
***************** Next Function ******************
('func_count:', 57)
("func_name '", 'select_most_proving', "'")
('err_func:', '/data/0202_patch/ida/speccpu/gcc/O3/sjeng-gcc-O3-compilation-errors/select_most_proving')
('err_funcfile:', '/data/0202_patch/ida/speccpu/gcc/O3/sjeng-gcc-O3-compilation-errors/select_most_proving')
***************** Next Function ******************
('func_count:', 58)
("func_name '", 'make', "'")
('err_func:', '/data/0202_patch/ida/speccpu/gcc/O3/sjeng-gcc-O3-compilation-errors/make')
('err_funcfile:', '/data/0202_patch/ida/speccpu/gcc/O3/sjeng-gcc-O3-compilation-errors/make')
('error:', "moves.c:1807:83: error: member reference base type '__m128i' (vector of 2 'long long' values) is not a structure or union")
('error:', "moves.c:1859:84: error: member reference base type '__m128i' (vector of 2 'long long' values) is not a structure or union")
('error:', "moves.c:1974:17: error: array type 'int [144]' is not assignable")
('error:', "moves.c:1979:17: error: array type 'int [144]' is not assignable")
('error:', "moves.c:1989:17: error: array type 'int [144]' is not assignable")
('error:', "moves.c:1994:17: error: array type 'int [144]' is not assignable")
('error:', "moves.c:2016:18: error: array type 'int [144]' is not assignable")
('error:', "moves.c:2021:18: error: array type 'int [144]' is not assignable")
('error:', "moves.c:2031:18: error: array type 'int [144]' is not assignable")
('error:', "moves.c:2036:18: error: array type 'int [144]' is not assignable")
***************** Next Function ******************
('func_count:', 59)
("func_name '", 'post_thinking', "'")
('err_func:', '/data/0202_patch/ida/speccpu/gcc/O3/sjeng-gcc-O3-compilation-errors/post_thinking')
('err_funcfile:', '/data/0202_patch/ida/speccpu/gcc/O3/sjeng-gcc-O3-compilation-errors/post_thinking')
('error:', "utils.c:1071:14: error: passing 'char [256]' to parameter of incompatible type 'move_s'")
***************** Next Function ******************
('func_count:', 60)
("func_name '", 'alloc_ecache', "'")
('err_func:', '/data/0202_patch/ida/speccpu/gcc/O3/sjeng-gcc-O3-compilation-errors/alloc_ecache')
('err_funcfile:', '/data/0202_patch/ida/speccpu/gcc/O3/sjeng-gcc-O3-compilation-errors/alloc_ecache')
***************** Next Function ******************
('func_count:', 61)
("func_name '", 'HandlePtell', "'")
('err_func:', '/data/0202_patch/ida/speccpu/gcc/O3/sjeng-gcc-O3-compilation-errors/HandlePtell')
('err_funcfile:', '/data/0202_patch/ida/speccpu/gcc/O3/sjeng-gcc-O3-compilation-errors/HandlePtell')
('error:', "partner.c:543:49: error: use of undeclared identifier 'xmm'")
('error:', "partner.c:544:49: error: use of undeclared identifier 'xmm'")
('error:', "partner.c:679:52: error: member reference base type '__m128i' (vector of 2 'long long' values) is not a structure or union")
('error:', "partner.c:693:52: error: member reference base type '__m128i' (vector of 2 'long long' values) is not a structure or union")
('error:', "partner.c:707:50: error: member reference base type '__m128i' (vector of 2 'long long' values) is not a structure or union")
('error:', "partner.c:715:51: error: member reference base type '__m128i' (vector of 2 'long long' values) is not a structure or union")
('error:', "partner.c:731:50: error: member reference base type '__m128i' (vector of 2 'long long' values) is not a structure or union")
('error:', "partner.c:747:54: error: member reference base type '__m128i' (vector of 2 'long long' values) is not a structure or union")
('error:', "partner.c:760:19: error: member reference base type '__m128i' (vector of 2 'long long' values) is not a structure or union")
('error:', "partner.c:781:19: error: member reference base type '__m128i' (vector of 2 'long long' values) is not a structure or union")
('error:', "partner.c:785:1: error: use of undeclared identifier 'MEMORY'")
('error:', "partner.c:799:19: error: member reference base type '__m128i' (vector of 2 'long long' values) is not a structure or union")
('error:', "partner.c:805:19: error: member reference base type '__m128i' (vector of 2 'long long' values) is not a structure or union")
('error:', "partner.c:851:52: error: member reference base type '__m128i' (vector of 2 'long long' values) is not a structure or union")
('error:', "partner.c:865:52: error: member reference base type '__m128i' (vector of 2 'long long' values) is not a structure or union")
('error:', "partner.c:879:50: error: member reference base type '__m128i' (vector of 2 'long long' values) is not a structure or union")
('error:', "partner.c:887:51: error: member reference base type '__m128i' (vector of 2 'long long' values) is not a structure or union")
('error:', "partner.c:903:50: error: member reference base type '__m128i' (vector of 2 'long long' values) is not a structure or union")
('error:', "partner.c:919:54: error: member reference base type '__m128i' (vector of 2 'long long' values) is not a structure or union")
('error:', 'fatal error: too many errors emitted, stopping now [-ferror-limit=]')
***************** Next Function ******************
('func_count:', 62)
("func_name '", 'run_autotest', "'")
('err_func:', '/data/0202_patch/ida/speccpu/gcc/O3/sjeng-gcc-O3-compilation-errors/run_autotest')
('err_funcfile:', '/data/0202_patch/ida/speccpu/gcc/O3/sjeng-gcc-O3-compilation-errors/run_autotest')
('error:', 'epd.c:794:8: error: too many arguments to function call, expected 0, have 1')
***************** Next Function ******************
('func_count:', 63)
("func_name '", 'think', "'")
('err_func:', '/data/0202_patch/ida/speccpu/gcc/O3/sjeng-gcc-O3-compilation-errors/think')
('err_funcfile:', '/data/0202_patch/ida/speccpu/gcc/O3/sjeng-gcc-O3-compilation-errors/think')
('error:', "search.c:1906:10: error: conflicting types for 'think'")
('error:', 'search.c:2017:13: error: subscripted value is not an array, pointer, or vector')
('error:', 'search.c:2167:6: error: expected expression')
('error:', 'search.c:2259:40: error: too many arguments to function call, expected 3, have 4')
('error:', 'search.c:2263:6: error: expected expression')
('error:', 'search.c:2270:39: error: too many arguments to function call, expected 3, have 4')
('error:', 'search.c:2292:39: error: too many arguments to function call, expected 3, have 4')
('error:', "search.c:2324:97: error: member reference base type '__m128i' (vector of 2 'long long' values) is not a structure or union")
('error:', 'search.c:2331:13: error: subscripted value is not an array, pointer, or vector')
('error:', 'search.c:2379:48: error: expected expression')
('error:', 'search.c:2408:12: error: expected expression')
('error:', "search.c:2408:4: error: use of undeclared identifier '_OWORD'")
('error:', 'search.c:2408:36: error: expected expression')
('error:', "search.c:2408:28: error: use of undeclared identifier '_OWORD'")
('error:', "search.c:2437:5: error: assigning to '__m128i' (vector of 2 'long long' values) from incompatible type 'long long'")
('error:', "search.c:2443:67: error: invalid conversion between vector type '__m128i' (vector of 2 'long long' values) and integer type 'long long' of different size")
('error:', "search.c:2443:93: error: use of undeclared identifier 'xmm'")
('error:', 'search.c:2484:12: error: expected expression')
('error:', "search.c:2484:4: error: use of undeclared identifier '_OWORD'")
('error:', 'fatal error: too many errors emitted, stopping now [-ferror-limit=]')
***************** Next Function ******************
('func_count:', 64)
("func_name '", 'stringize_pv', "'")
('err_func:', '/data/0202_patch/ida/speccpu/gcc/O3/sjeng-gcc-O3-compilation-errors/stringize_pv')
('err_funcfile:', '/data/0202_patch/ida/speccpu/gcc/O3/sjeng-gcc-O3-compilation-errors/stringize_pv')
('error:', "utils.c:1018:14: error: passing 'char [256]' to parameter of incompatible type 'move_s'")
***************** Next Function ******************
('func_count:', 65)
("func_name '", 'rtime', "'")
('err_func:', '/data/0202_patch/ida/speccpu/gcc/O3/sjeng-gcc-O3-compilation-errors/rtime')
('err_funcfile:', '/data/0202_patch/ida/speccpu/gcc/O3/sjeng-gcc-O3-compilation-errors/rtime')
***************** Next Function ******************
('func_count:', 66)
("func_name '", 'post_fl_thinking', "'")
('err_func:', '/data/0202_patch/ida/speccpu/gcc/O3/sjeng-gcc-O3-compilation-errors/post_fl_thinking')
('err_funcfile:', '/data/0202_patch/ida/speccpu/gcc/O3/sjeng-gcc-O3-compilation-errors/post_fl_thinking')
('error:', "utils.c:1162:14: error: passing 'char [256]' to parameter of incompatible type 'move_s'")
***************** Next Function ******************
('func_count:', 67)
("func_name '", 'losers_eval', "'")
('err_func:', '/data/0202_patch/ida/speccpu/gcc/O3/sjeng-gcc-O3-compilation-errors/losers_eval')
('err_funcfile:', '/data/0202_patch/ida/speccpu/gcc/O3/sjeng-gcc-O3-compilation-errors/losers_eval')
('error:', "leval.c:673:67: error: use of undeclared identifier 'xmm'")
('error:', "leval.c:676:67: error: use of undeclared identifier 'xmm'")
('error:', 'leval.c:678:12: error: expected expression')
('error:', "leval.c:678:4: error: use of undeclared identifier '_OWORD'")
('error:', 'leval.c:678:46: error: expected expression')
('error:', "leval.c:678:38: error: use of undeclared identifier '_OWORD'")
('error:', 'leval.c:679:12: error: expected expression')
('error:', "leval.c:679:4: error: use of undeclared identifier '_OWORD'")
('error:', 'leval.c:679:46: error: expected expression')
('error:', "leval.c:679:38: error: use of undeclared identifier '_OWORD'")
***************** Next Function ******************
('func_count:', 68)
("func_name '", 'search_root', "'")
('err_func:', '/data/0202_patch/ida/speccpu/gcc/O3/sjeng-gcc-O3-compilation-errors/search_root')
('err_funcfile:', '/data/0202_patch/ida/speccpu/gcc/O3/sjeng-gcc-O3-compilation-errors/search_root')
('error:', "search.c:1561:10: error: conflicting types for 'search_root'")
('error:', 'search.c:1820:12: error: expected expression')
('error:', "search.c:1820:4: error: use of undeclared identifier '_OWORD'")
('error:', 'search.c:1820:40: error: expected expression')
('error:', "search.c:1820:32: error: use of undeclared identifier '_OWORD'")
('error:', "search.c:1823:14: error: passing 'char [20]' to parameter of incompatible type 'move_s'")
('error:', 'search.c:1871:16: error: read-only variable is not assignable')
('error:', "search.c:1872:19: error: member reference base type 'const __m128i' (vector of 2 'long long' values) is not a structure or union")
('error:', "search.c:1872:42: error: member reference base type 'const __m128i' (vector of 2 'long long' values) is not a structure or union")
('error:', 'search.c:2074:16: error: read-only variable is not assignable')
('error:', "search.c:2075:19: error: member reference base type 'const __m128i' (vector of 2 'long long' values) is not a structure or union")
('error:', "search.c:2075:42: error: member reference base type 'const __m128i' (vector of 2 'long long' values) is not a structure or union")
***************** Next Function ******************
('func_count:', 69)
("func_name '", 'reset_board', "'")
('err_func:', '/data/0202_patch/ida/speccpu/gcc/O3/sjeng-gcc-O3-compilation-errors/reset_board')
('err_funcfile:', '/data/0202_patch/ida/speccpu/gcc/O3/sjeng-gcc-O3-compilation-errors/reset_board')
('error:', "utils.c:1577:23: error: use of undeclared identifier 'unk_428800'")
***************** Next Function ******************
('func_count:', 70)
("func_name '", 'free_hash', "'")
('err_func:', '/data/0202_patch/ida/speccpu/gcc/O3/sjeng-gcc-O3-compilation-errors/free_hash')
('err_funcfile:', '/data/0202_patch/ida/speccpu/gcc/O3/sjeng-gcc-O3-compilation-errors/free_hash')
('error:', 'clang: error: linker command failed with exit code 1 (use -v to see invocation)')
***************** Next Function ******************
('func_count:', 71)
("func_name '", 'set_proof_and_disproof_numbers', "'")
('err_func:', '/data/0202_patch/ida/speccpu/gcc/O3/sjeng-gcc-O3-compilation-errors/set_proof_and_disproof_numbers')
('err_funcfile:', '/data/0202_patch/ida/speccpu/gcc/O3/sjeng-gcc-O3-compilation-errors/set_proof_and_disproof_numbers')
('error:', "proof.c:1029:95: error: member reference base type '__m128i' (vector of 2 'long long' values) is not a structure or union")
('error:', "proof.c:1118:96: error: member reference base type '__m128i' (vector of 2 'long long' values) is not a structure or union")
('error:', "proof.c:1120:96: error: member reference base type '__m128i' (vector of 2 'long long' values) is not a structure or union")
('error:', "proof.c:1127:37: error: member reference base type '__m128i' (vector of 2 'long long' values) is not a structure or union")
('error:', "proof.c:1134:36: error: member reference base type '__m128i' (vector of 2 'long long' values) is not a structure or union")
('error:', "proof.c:1142:96: error: member reference base type '__m128i' (vector of 2 'long long' values) is not a structure or union")
('error:', "proof.c:1144:96: error: member reference base type '__m128i' (vector of 2 'long long' values) is not a structure or union")
('error:', "proof.c:1151:35: error: member reference base type '__m128i' (vector of 2 'long long' values) is not a structure or union")
('error:', "proof.c:1156:117: error: member reference base type '__m128i' (vector of 2 'long long' values) is not a structure or union")
***************** Next Function ******************
('func_count:', 72)
("func_name '", 'order_moves', "'")
('err_func:', '/data/0202_patch/ida/speccpu/gcc/O3/sjeng-gcc-O3-compilation-errors/order_moves')
('err_funcfile:', '/data/0202_patch/ida/speccpu/gcc/O3/sjeng-gcc-O3-compilation-errors/order_moves')
***************** Next Function ******************
('func_count:', 73)
("func_name '", 'StoreTT', "'")
('err_func:', '/data/0202_patch/ida/speccpu/gcc/O3/sjeng-gcc-O3-compilation-errors/StoreTT')
('err_funcfile:', '/data/0202_patch/ida/speccpu/gcc/O3/sjeng-gcc-O3-compilation-errors/StoreTT')
***************** Next Function ******************
('func_count:', 74)
("func_name '", 'storeECache', "'")
('err_func:', '/data/0202_patch/ida/speccpu/gcc/O3/sjeng-gcc-O3-compilation-errors/storeECache')
('err_funcfile:', '/data/0202_patch/ida/speccpu/gcc/O3/sjeng-gcc-O3-compilation-errors/storeECache')
('error:', "ecache.c:494:82: error: member reference base type '__m128i' (vector of 2 'long long' values) is not a structure or union")
***************** Next Function ******************
('func_count:', 75)
("func_name '", 'push_slidE', "'")
('err_func:', '/data/0202_patch/ida/speccpu/gcc/O3/sjeng-gcc-O3-compilation-errors/push_slidE')
('err_funcfile:', '/data/0202_patch/ida/speccpu/gcc/O3/sjeng-gcc-O3-compilation-errors/push_slidE')
('error:', "moves.c:2376:74: error: member reference base type '__m128i' (vector of 2 'long long' values) is not a structure or union")
('error:', "moves.c:2403:76: error: member reference base type '__m128i' (vector of 2 'long long' values) is not a structure or union")
***************** Next Function ******************
('func_count:', 76)
("func_name '", 'nk_attacked', "'")
('err_func:', '/data/0202_patch/ida/speccpu/gcc/O3/sjeng-gcc-O3-compilation-errors/nk_attacked')
('err_funcfile:', '/data/0202_patch/ida/speccpu/gcc/O3/sjeng-gcc-O3-compilation-errors/nk_attacked')
('error:', "attacks.c:771:7: error: use of undeclared identifier 'bishop_o_7'")
('error:', "attacks.c:828:17: error: use of undeclared identifier 'rook_o_8'")
('error:', "attacks.c:873:9: error: use of undeclared identifier 'jpt_403A6C'")
('error:', "attacks.c:880:6: error: use of undeclared identifier 'bishop_o_7'")
('error:', "attacks.c:939:16: error: use of undeclared identifier 'rook_o_8'")
('error:', "attacks.c:984:15: error: use of undeclared identifier 'jpt_403A6C'")
***************** Next Function ******************
('func_count:', 77)
("func_name '", 'push_king', "'")
('err_func:', '/data/0202_patch/ida/speccpu/gcc/O3/sjeng-gcc-O3-compilation-errors/push_king')
('err_funcfile:', '/data/0202_patch/ida/speccpu/gcc/O3/sjeng-gcc-O3-compilation-errors/push_king')
('error:', "moves.c:2246:99: error: member reference base type '__m128i' (vector of 2 'long long' values) is not a structure or union")
***************** Next Function ******************
('func_count:', 78)
("func_name '", 'BegForPartner', "'")
('err_func:', '/data/0202_patch/ida/speccpu/gcc/O3/sjeng-gcc-O3-compilation-errors/BegForPartner')
('err_funcfile:', '/data/0202_patch/ida/speccpu/gcc/O3/sjeng-gcc-O3-compilation-errors/BegForPartner')
***************** Next Function ******************
('func_count:', 79)
("func_name '", 'reloadMT', "'")
('err_func:', '/data/0202_patch/ida/speccpu/gcc/O3/sjeng-gcc-O3-compilation-errors/reloadMT')
('err_funcfile:', '/data/0202_patch/ida/speccpu/gcc/O3/sjeng-gcc-O3-compilation-errors/reloadMT')
***************** Next Function ******************
('func_count:', 80)
("func_name '", 'setup_epd_line', "'")
('err_func:', '/data/0202_patch/ida/speccpu/gcc/O3/sjeng-gcc-O3-compilation-errors/setup_epd_line')
('err_funcfile:', '/data/0202_patch/ida/speccpu/gcc/O3/sjeng-gcc-O3-compilation-errors/setup_epd_line')
('error:', "epd.c:654:14: error: use of undeclared identifier 'rankoffsets_0'")
***************** Next Function ******************
('func_count:', 81)
("func_name '", 'randomMT', "'")
('err_func:', '/data/0202_patch/ida/speccpu/gcc/O3/sjeng-gcc-O3-compilation-errors/randomMT')
('err_funcfile:', '/data/0202_patch/ida/speccpu/gcc/O3/sjeng-gcc-O3-compilation-errors/randomMT')
***************** Next Function ******************
('func_count:', 82)
("func_name '", 'qsearch', "'")
('err_func:', '/data/0202_patch/ida/speccpu/gcc/O3/sjeng-gcc-O3-compilation-errors/qsearch')
('err_funcfile:', '/data/0202_patch/ida/speccpu/gcc/O3/sjeng-gcc-O3-compilation-errors/qsearch')
***************** Next Function ******************
('func_count:', 83)
("func_name '", 'unmake', "'")
('err_func:', '/data/0202_patch/ida/speccpu/gcc/O3/sjeng-gcc-O3-compilation-errors/unmake')
('err_funcfile:', '/data/0202_patch/ida/speccpu/gcc/O3/sjeng-gcc-O3-compilation-errors/unmake')
('error:', "moves.c:2602:17: error: array type 'int [144]' is not assignable")
('error:', "moves.c:2603:17: error: array type 'int [144]' is not assignable")
('error:', "moves.c:2614:17: error: array type 'int [144]' is not assignable")
('error:', "moves.c:2615:17: error: array type 'int [144]' is not assignable")
('error:', "moves.c:2638:18: error: array type 'int [144]' is not assignable")
('error:', "moves.c:2639:18: error: array type 'int [144]' is not assignable")
('error:', "moves.c:2650:18: error: array type 'int [144]' is not assignable")
('error:', "moves.c:2651:18: error: array type 'int [144]' is not assignable")
***************** Next Function ******************
('func_count:', 84)
("func_name '", 'read_rcfile', "'")
('err_func:', '/data/0202_patch/ida/speccpu/gcc/O3/sjeng-gcc-O3-compilation-errors/read_rcfile')
('err_funcfile:', '/data/0202_patch/ida/speccpu/gcc/O3/sjeng-gcc-O3-compilation-errors/read_rcfile')
***************** Next Function ******************
('func_count:', 85)
("func_name '", 'suicide_pn_eval', "'")
('err_func:', '/data/0202_patch/ida/speccpu/gcc/O3/sjeng-gcc-O3-compilation-errors/suicide_pn_eval')
('err_funcfile:', '/data/0202_patch/ida/speccpu/gcc/O3/sjeng-gcc-O3-compilation-errors/suicide_pn_eval')
***************** Next Function ******************
('func_count:', 86)
("func_name '", 'main', "'")
('err_func:', '/data/0202_patch/ida/speccpu/gcc/O3/sjeng-gcc-O3-compilation-errors/main')
('err_funcfile:', '/data/0202_patch/ida/speccpu/gcc/O3/sjeng-gcc-O3-compilation-errors/main')
('error:', 'sjeng.c:683:8: error: too many arguments to function call, expected 0, have 1')
('error:', "sjeng.c:752:16: error: passing 'char [256]' to parameter of incompatible type 'move_s'")
('error:', "sjeng.c:764:23: error: used type 'move_x' where arithmetic or pointer type is required")
('error:', 'sjeng.c:865:8: error: too many arguments to function call, expected 0, have 1')
('error:', 'sjeng.c:1185:8: error: too many arguments to function call, expected 0, have 1')
('error:', "sjeng.c:1197:13: error: used type 'move_x' where arithmetic or pointer type is required")
('error:', "sjeng.c:1211:13: error: used type 'move_x' where arithmetic or pointer type is required")
('error:', "sjeng.c:1214:13: error: used type 'move_x' where arithmetic or pointer type is required")
('error:', "sjeng.c:1423:23: error: used type 'move_x' where arithmetic or pointer type is required")
***************** Next Function ******************
('func_count:', 87)
("func_name '", 'std_eval', "'")
('err_func:', '/data/0202_patch/ida/speccpu/gcc/O3/sjeng-gcc-O3-compilation-errors/std_eval')
('err_funcfile:', '/data/0202_patch/ida/speccpu/gcc/O3/sjeng-gcc-O3-compilation-errors/std_eval')
('error:', "neval.c:1006:67: error: use of undeclared identifier 'xmm'")
('error:', 'neval.c:1008:12: error: expected expression')
('error:', "neval.c:1008:4: error: use of undeclared identifier '_OWORD'")
('error:', 'neval.c:1008:46: error: expected expression')
('error:', "neval.c:1008:38: error: use of undeclared identifier '_OWORD'")
('error:', "neval.c:1010:67: error: use of undeclared identifier 'xmm'")
('error:', 'neval.c:1015:12: error: expected expression')
('error:', "neval.c:1015:4: error: use of undeclared identifier '_OWORD'")
('error:', 'neval.c:1015:46: error: expected expression')
('error:', "neval.c:1015:38: error: use of undeclared identifier '_OWORD'")
('error:', "neval.c:1016:106: error: member reference base type '__m128i' (vector of 2 'long long' values) is not a structure or union")
***************** Next Function ******************
('func_count:', 88)
("func_name '", 'removeHolding', "'")
('err_func:', '/data/0202_patch/ida/speccpu/gcc/O3/sjeng-gcc-O3-compilation-errors/removeHolding')
('err_funcfile:', '/data/0202_patch/ida/speccpu/gcc/O3/sjeng-gcc-O3-compilation-errors/removeHolding')
***************** Next Function ******************
('func_count:', 89)
("func_name '", 'develop_node', "'")
('err_func:', '/data/0202_patch/ida/speccpu/gcc/O3/sjeng-gcc-O3-compilation-errors/develop_node')
('err_funcfile:', '/data/0202_patch/ida/speccpu/gcc/O3/sjeng-gcc-O3-compilation-errors/develop_node')
***************** Next Function ******************
('func_count:', 90)
("func_name '", 'is_move', "'")
('err_func:', '/data/0202_patch/ida/speccpu/gcc/O3/sjeng-gcc-O3-compilation-errors/is_move')
('err_funcfile:', '/data/0202_patch/ida/speccpu/gcc/O3/sjeng-gcc-O3-compilation-errors/is_move')
***************** Next Function ******************
('func_count:', 91)
("func_name '", 'SwitchColor', "'")
('err_func:', '/data/0202_patch/ida/speccpu/gcc/O3/sjeng-gcc-O3-compilation-errors/SwitchColor')
('err_funcfile:', '/data/0202_patch/ida/speccpu/gcc/O3/sjeng-gcc-O3-compilation-errors/SwitchColor')
('error:', "crazy.c:663:53: error: use of undeclared identifier 'xmm'")
('error:', "crazy.c:664:57: error: use of undeclared identifier 'xmm'")
('error:', "crazy.c:665:57: error: use of undeclared identifier 'xmm'")
***************** Next Function ******************
('func_count:', 92)
("func_name '", 'hash_extract_pv', "'")
('err_func:', '/data/0202_patch/ida/speccpu/gcc/O3/sjeng-gcc-O3-compilation-errors/hash_extract_pv')
('err_funcfile:', '/data/0202_patch/ida/speccpu/gcc/O3/sjeng-gcc-O3-compilation-errors/hash_extract_pv')
('error:', "utils.c:982:14: error: passing 'char [256]' to parameter of incompatible type 'move_s'")
***************** Next Function ******************
('func_count:', 93)
("func_name '", 'alloc_hash', "'")
('err_func:', '/data/0202_patch/ida/speccpu/gcc/O3/sjeng-gcc-O3-compilation-errors/alloc_hash')
('err_funcfile:', '/data/0202_patch/ida/speccpu/gcc/O3/sjeng-gcc-O3-compilation-errors/alloc_hash')
***************** Next Function ******************
('func_count:', 94)
("func_name '", 'setup_attackers', "'")
('err_func:', '/data/0202_patch/ida/speccpu/gcc/O3/sjeng-gcc-O3-compilation-errors/setup_attackers')
('err_funcfile:', '/data/0202_patch/ida/speccpu/gcc/O3/sjeng-gcc-O3-compilation-errors/setup_attackers')
('error:', "see.c:547:21: error: use of undeclared identifier 'rook_o_2'")
('error:', "see.c:572:103: error: member reference base type '__m128i' (vector of 2 'long long' values) is not a structure or union")
('error:', "see.c:625:103: error: member reference base type '__m128i' (vector of 2 'long long' values) is not a structure or union")
('error:', "see.c:646:6: error: use of undeclared identifier 'bishop_o_1'")
('error:', "see.c:689:105: error: member reference base type '__m128i' (vector of 2 'long long' values) is not a structure or union")
('error:', "see.c:743:105: error: member reference base type '__m128i' (vector of 2 'long long' values) is not a structure or union")
('error:', "see.c:873:100: error: member reference base type '__m128i' (vector of 2 'long long' values) is not a structure or union")
******************** ================== ******************** ==================
Total # fns with errors: 94. Total errors: 255
******************** ================== error type: occurrences ******************** ==================
array type is not assignable: 16
assigning to type A from incompatible type B: 1
conflicting types for a function: 5
expected expression: 24
expected identifier or '(': 2
invalid conversion between vector type __m128i: 1
member reference type '__128i' is not a structure or union: 73
passing sth to parameter of incompatible type: 12
read-only variable is not assignable: 2
subscripted value is not an array, pointer, or vector: 2
too many arguments to function call: 8
typecasting pointer: 5
undeclared identifier with prefix 'byte_': 1
undeclared identifier with prefix 'off_': 7
undeclared identifier with prefix 'unk_': 2
undeclared identifier with suffix '_3': 3
use of undeclared identifier: 86
******************** ================== error distribution ******************** ==================
******************** ================== error type: func count ******************** ==================
array type is not assignable: 2
assigning to type A from incompatible type B: 1
conflicting types for a function: 5
expected expression: 7
expected identifier or '(': 1
invalid conversion between vector type __m128i: 1
member reference type '__128i' is not a structure or union: 17
passing sth to parameter of incompatible type: 11
read-only variable is not assignable: 1
subscripted value is not an array, pointer, or vector: 1
too many arguments to function call: 4
typecasting pointer: 1
undeclared identifier with prefix 'byte_': 1
undeclared identifier with prefix 'off_': 1
undeclared identifier with prefix 'unk_': 2
undeclared identifier with suffix '_3': 1
use of undeclared identifier: 21
******************** ================== unknown errors ******************** ==================
