maliha print
***************** Next Function ******************
('func_count:', 1)
("func_name '", 'snocString', "'")
('err_func:', '/data/0202_patch/ida/speccpu/clang/O1/bzip2-clang-O1-compilation-errors/snocString')
('err_funcfile:', '/data/0202_patch/ida/speccpu/clang/O1/bzip2-clang-O1-compilation-errors/snocString')
***************** Next Function ******************
('func_count:', 2)
("func_name '", 'myfeof', "'")
('err_func:', '/data/0202_patch/ida/speccpu/clang/O1/bzip2-clang-O1-compilation-errors/myfeof')
('err_funcfile:', '/data/0202_patch/ida/speccpu/clang/O1/bzip2-clang-O1-compilation-errors/myfeof')
('error:', "/usr/lib/llvm-7/lib/clang/7.0.0/include/mmintrin.h:27:1: error: cannot combine with previous 'static' declaration specifier")
('error:', "/usr/lib/llvm-7/lib/clang/7.0.0/include/mmintrin.h:61:19: error: unknown type name '__m64'")
('error:', "/usr/lib/llvm-7/lib/clang/7.0.0/include/mmintrin.h:61:25: error: expected identifier or '('")
('error:', "/usr/lib/llvm-7/lib/clang/7.0.0/include/mmintrin.h:79:18: error: unknown type name '__m64'")
('error:', "/usr/lib/llvm-7/lib/clang/7.0.0/include/mmintrin.h:94:19: error: unknown type name '__m64'")
('error:', "/usr/lib/llvm-7/lib/clang/7.0.0/include/mmintrin.h:94:25: error: expected identifier or '('")
('error:', "/usr/lib/llvm-7/lib/clang/7.0.0/include/mmintrin.h:111:17: error: unknown type name '__m64'")
('error:', "/usr/lib/llvm-7/lib/clang/7.0.0/include/mmintrin.h:140:19: error: unknown type name '__m64'")
('error:', "/usr/lib/llvm-7/lib/clang/7.0.0/include/mmintrin.h:140:25: error: expected identifier or '('")
('error:', "/usr/lib/llvm-7/lib/clang/7.0.0/include/mmintrin.h:170:19: error: unknown type name '__m64'")
('error:', "/usr/lib/llvm-7/lib/clang/7.0.0/include/mmintrin.h:170:25: error: expected identifier or '('")
('error:', "/usr/lib/llvm-7/lib/clang/7.0.0/include/mmintrin.h:200:19: error: unknown type name '__m64'")
('error:', "/usr/lib/llvm-7/lib/clang/7.0.0/include/mmintrin.h:200:25: error: expected identifier or '('")
('error:', "/usr/lib/llvm-7/lib/clang/7.0.0/include/mmintrin.h:227:19: error: unknown type name '__m64'")
('error:', "/usr/lib/llvm-7/lib/clang/7.0.0/include/mmintrin.h:227:25: error: expected identifier or '('")
('error:', "/usr/lib/llvm-7/lib/clang/7.0.0/include/mmintrin.h:250:19: error: unknown type name '__m64'")
('error:', "/usr/lib/llvm-7/lib/clang/7.0.0/include/mmintrin.h:250:25: error: expected identifier or '('")
('error:', "/usr/lib/llvm-7/lib/clang/7.0.0/include/mmintrin.h:271:19: error: unknown type name '__m64'")
('error:', "/usr/lib/llvm-7/lib/clang/7.0.0/include/mmintrin.h:271:25: error: expected identifier or '('")
('error:', 'fatal error: too many errors emitted, stopping now [-ferror-limit=]')
***************** Next Function ******************
('func_count:', 3)
("func_name '", 'testf', "'")
('err_func:', '/data/0202_patch/ida/speccpu/clang/O1/bzip2-clang-O1-compilation-errors/testf')
('err_funcfile:', '/data/0202_patch/ida/speccpu/clang/O1/bzip2-clang-O1-compilation-errors/testf')
('error:', 'clang: error: linker command failed with exit code 1 (use -v to see invocation)')
***************** Next Function ******************
('func_count:', 4)
("func_name '", 'mySIGSEGVorSIGBUScatcher', "'")
('err_func:', '/data/0202_patch/ida/speccpu/clang/O1/bzip2-clang-O1-compilation-errors/mySIGSEGVorSIGBUScatcher')
('err_funcfile:', '/data/0202_patch/ida/speccpu/clang/O1/bzip2-clang-O1-compilation-errors/mySIGSEGVorSIGBUScatcher')
***************** Next Function ******************
('func_count:', 5)
("func_name '", 'bsPutUInt32', "'")
('err_func:', '/data/0202_patch/ida/speccpu/clang/O1/bzip2-clang-O1-compilation-errors/bsPutUInt32')
('err_funcfile:', '/data/0202_patch/ida/speccpu/clang/O1/bzip2-clang-O1-compilation-errors/bsPutUInt32')
***************** Next Function ******************
('func_count:', 6)
("func_name '", 'mainSimpleSort', "'")
('err_func:', '/data/0202_patch/ida/speccpu/clang/O1/bzip2-clang-O1-compilation-errors/mainSimpleSort')
('err_funcfile:', '/data/0202_patch/ida/speccpu/clang/O1/bzip2-clang-O1-compilation-errors/mainSimpleSort')
('error:', 'blocksort.c:1044:23: error: subscripted value is not an array, pointer, or vector')
***************** Next Function ******************
('func_count:', 7)
("func_name '", 'license', "'")
('err_func:', '/data/0202_patch/ida/speccpu/clang/O1/bzip2-clang-O1-compilation-errors/license')
('err_funcfile:', '/data/0202_patch/ida/speccpu/clang/O1/bzip2-clang-O1-compilation-errors/license')
***************** Next Function ******************
('func_count:', 8)
("func_name '", 'pad', "'")
('err_func:', '/data/0202_patch/ida/speccpu/clang/O1/bzip2-clang-O1-compilation-errors/pad')
('err_funcfile:', '/data/0202_patch/ida/speccpu/clang/O1/bzip2-clang-O1-compilation-errors/pad')
***************** Next Function ******************
('func_count:', 9)
("func_name '", 'copyFileName', "'")
('err_func:', '/data/0202_patch/ida/speccpu/clang/O1/bzip2-clang-O1-compilation-errors/copyFileName')
('err_funcfile:', '/data/0202_patch/ida/speccpu/clang/O1/bzip2-clang-O1-compilation-errors/copyFileName')
***************** Next Function ******************
('func_count:', 10)
("func_name '", 'fileExists', "'")
('err_func:', '/data/0202_patch/ida/speccpu/clang/O1/bzip2-clang-O1-compilation-errors/fileExists')
('err_funcfile:', '/data/0202_patch/ida/speccpu/clang/O1/bzip2-clang-O1-compilation-errors/fileExists')
***************** Next Function ******************
('func_count:', 11)
("func_name '", 'saveInputFileMetaInfo', "'")
('err_func:', '/data/0202_patch/ida/speccpu/clang/O1/bzip2-clang-O1-compilation-errors/saveInputFileMetaInfo')
('err_funcfile:', '/data/0202_patch/ida/speccpu/clang/O1/bzip2-clang-O1-compilation-errors/saveInputFileMetaInfo')
('error:', 'clang: error: linker command failed with exit code 1 (use -v to see invocation)')
***************** Next Function ******************
('func_count:', 12)
("func_name '", 'redundant', "'")
('err_func:', '/data/0202_patch/ida/speccpu/clang/O1/bzip2-clang-O1-compilation-errors/redundant')
('err_funcfile:', '/data/0202_patch/ida/speccpu/clang/O1/bzip2-clang-O1-compilation-errors/redundant')
***************** Next Function ******************
('func_count:', 13)
("func_name '", 'configError', "'")
('err_func:', '/data/0202_patch/ida/speccpu/clang/O1/bzip2-clang-O1-compilation-errors/configError')
('err_funcfile:', '/data/0202_patch/ida/speccpu/clang/O1/bzip2-clang-O1-compilation-errors/configError')
***************** Next Function ******************
('func_count:', 14)
("func_name '", 'init_RL', "'")
('err_func:', '/data/0202_patch/ida/speccpu/clang/O1/bzip2-clang-O1-compilation-errors/init_RL')
('err_funcfile:', '/data/0202_patch/ida/speccpu/clang/O1/bzip2-clang-O1-compilation-errors/init_RL')
***************** Next Function ******************
('func_count:', 15)
("func_name '", 'spec_fread', "'")
('err_func:', '/data/0202_patch/ida/speccpu/clang/O1/bzip2-clang-O1-compilation-errors/spec_fread')
('err_funcfile:', '/data/0202_patch/ida/speccpu/clang/O1/bzip2-clang-O1-compilation-errors/spec_fread')
***************** Next Function ******************
('func_count:', 16)
("func_name '", 'bsW', "'")
('err_func:', '/data/0202_patch/ida/speccpu/clang/O1/bzip2-clang-O1-compilation-errors/bsW')
('err_funcfile:', '/data/0202_patch/ida/speccpu/clang/O1/bzip2-clang-O1-compilation-errors/bsW')
('error:', "/usr/lib/llvm-7/lib/clang/7.0.0/include/mmintrin.h:27:1: error: cannot combine with previous 'static' declaration specifier")
('error:', "/usr/lib/llvm-7/lib/clang/7.0.0/include/mmintrin.h:61:19: error: unknown type name '__m64'")
('error:', "/usr/lib/llvm-7/lib/clang/7.0.0/include/mmintrin.h:61:25: error: expected identifier or '('")
('error:', "/usr/lib/llvm-7/lib/clang/7.0.0/include/mmintrin.h:79:18: error: unknown type name '__m64'")
('error:', "/usr/lib/llvm-7/lib/clang/7.0.0/include/mmintrin.h:94:19: error: unknown type name '__m64'")
('error:', "/usr/lib/llvm-7/lib/clang/7.0.0/include/mmintrin.h:94:25: error: expected identifier or '('")
('error:', "/usr/lib/llvm-7/lib/clang/7.0.0/include/mmintrin.h:111:17: error: unknown type name '__m64'")
('error:', "/usr/lib/llvm-7/lib/clang/7.0.0/include/mmintrin.h:140:19: error: unknown type name '__m64'")
('error:', "/usr/lib/llvm-7/lib/clang/7.0.0/include/mmintrin.h:140:25: error: expected identifier or '('")
('error:', "/usr/lib/llvm-7/lib/clang/7.0.0/include/mmintrin.h:170:19: error: unknown type name '__m64'")
('error:', "/usr/lib/llvm-7/lib/clang/7.0.0/include/mmintrin.h:170:25: error: expected identifier or '('")
('error:', "/usr/lib/llvm-7/lib/clang/7.0.0/include/mmintrin.h:200:19: error: unknown type name '__m64'")
('error:', "/usr/lib/llvm-7/lib/clang/7.0.0/include/mmintrin.h:200:25: error: expected identifier or '('")
('error:', "/usr/lib/llvm-7/lib/clang/7.0.0/include/mmintrin.h:227:19: error: unknown type name '__m64'")
('error:', "/usr/lib/llvm-7/lib/clang/7.0.0/include/mmintrin.h:227:25: error: expected identifier or '('")
('error:', "/usr/lib/llvm-7/lib/clang/7.0.0/include/mmintrin.h:250:19: error: unknown type name '__m64'")
('error:', "/usr/lib/llvm-7/lib/clang/7.0.0/include/mmintrin.h:250:25: error: expected identifier or '('")
('error:', "/usr/lib/llvm-7/lib/clang/7.0.0/include/mmintrin.h:271:19: error: unknown type name '__m64'")
('error:', "/usr/lib/llvm-7/lib/clang/7.0.0/include/mmintrin.h:271:25: error: expected identifier or '('")
('error:', 'fatal error: too many errors emitted, stopping now [-ferror-limit=]')
***************** Next Function ******************
('func_count:', 17)
("func_name '", 'compress', "'")
('err_func:', '/data/0202_patch/ida/speccpu/clang/O1/bzip2-clang-O1-compilation-errors/compress')
('err_funcfile:', '/data/0202_patch/ida/speccpu/clang/O1/bzip2-clang-O1-compilation-errors/compress')
('error:', 'clang: error: linker command failed with exit code 1 (use -v to see invocation)')
***************** Next Function ******************
('func_count:', 18)
("func_name '", 'generateMTFValues', "'")
('err_func:', '/data/0202_patch/ida/speccpu/clang/O1/bzip2-clang-O1-compilation-errors/generateMTFValues')
('err_funcfile:', '/data/0202_patch/ida/speccpu/clang/O1/bzip2-clang-O1-compilation-errors/generateMTFValues')
***************** Next Function ******************
('func_count:', 19)
("func_name '", 'mySignalCatcher', "'")
('err_func:', '/data/0202_patch/ida/speccpu/clang/O1/bzip2-clang-O1-compilation-errors/mySignalCatcher')
('err_funcfile:', '/data/0202_patch/ida/speccpu/clang/O1/bzip2-clang-O1-compilation-errors/mySignalCatcher')
***************** Next Function ******************
('func_count:', 20)
("func_name '", 'outOfMemory', "'")
('err_func:', '/data/0202_patch/ida/speccpu/clang/O1/bzip2-clang-O1-compilation-errors/outOfMemory')
('err_funcfile:', '/data/0202_patch/ida/speccpu/clang/O1/bzip2-clang-O1-compilation-errors/outOfMemory')
***************** Next Function ******************
('func_count:', 21)
("func_name '", 'default_bzalloc', "'")
('err_func:', '/data/0202_patch/ida/speccpu/clang/O1/bzip2-clang-O1-compilation-errors/default_bzalloc')
('err_funcfile:', '/data/0202_patch/ida/speccpu/clang/O1/bzip2-clang-O1-compilation-errors/default_bzalloc')
***************** Next Function ******************
('func_count:', 22)
("func_name '", 'applySavedMetaInfoToOutputFile', "'")
('err_func:', '/data/0202_patch/ida/speccpu/clang/O1/bzip2-clang-O1-compilation-errors/applySavedMetaInfoToOutputFile')
('err_funcfile:', '/data/0202_patch/ida/speccpu/clang/O1/bzip2-clang-O1-compilation-errors/applySavedMetaInfoToOutputFile')
***************** Next Function ******************
('func_count:', 23)
("func_name '", 'fallbackSimpleSort', "'")
('err_func:', '/data/0202_patch/ida/speccpu/clang/O1/bzip2-clang-O1-compilation-errors/fallbackSimpleSort')
('err_funcfile:', '/data/0202_patch/ida/speccpu/clang/O1/bzip2-clang-O1-compilation-errors/fallbackSimpleSort')
('error:', "/usr/lib/llvm-7/lib/clang/7.0.0/include/mmintrin.h:27:1: error: cannot combine with previous 'static' declaration specifier")
('error:', "/usr/lib/llvm-7/lib/clang/7.0.0/include/mmintrin.h:61:19: error: unknown type name '__m64'")
('error:', "/usr/lib/llvm-7/lib/clang/7.0.0/include/mmintrin.h:61:25: error: expected identifier or '('")
('error:', "/usr/lib/llvm-7/lib/clang/7.0.0/include/mmintrin.h:79:18: error: unknown type name '__m64'")
('error:', "/usr/lib/llvm-7/lib/clang/7.0.0/include/mmintrin.h:94:19: error: unknown type name '__m64'")
('error:', "/usr/lib/llvm-7/lib/clang/7.0.0/include/mmintrin.h:94:25: error: expected identifier or '('")
('error:', "/usr/lib/llvm-7/lib/clang/7.0.0/include/mmintrin.h:111:17: error: unknown type name '__m64'")
('error:', "/usr/lib/llvm-7/lib/clang/7.0.0/include/mmintrin.h:140:19: error: unknown type name '__m64'")
('error:', "/usr/lib/llvm-7/lib/clang/7.0.0/include/mmintrin.h:140:25: error: expected identifier or '('")
('error:', "/usr/lib/llvm-7/lib/clang/7.0.0/include/mmintrin.h:170:19: error: unknown type name '__m64'")
('error:', "/usr/lib/llvm-7/lib/clang/7.0.0/include/mmintrin.h:170:25: error: expected identifier or '('")
('error:', "/usr/lib/llvm-7/lib/clang/7.0.0/include/mmintrin.h:200:19: error: unknown type name '__m64'")
('error:', "/usr/lib/llvm-7/lib/clang/7.0.0/include/mmintrin.h:200:25: error: expected identifier or '('")
('error:', "/usr/lib/llvm-7/lib/clang/7.0.0/include/mmintrin.h:227:19: error: unknown type name '__m64'")
('error:', "/usr/lib/llvm-7/lib/clang/7.0.0/include/mmintrin.h:227:25: error: expected identifier or '('")
('error:', "/usr/lib/llvm-7/lib/clang/7.0.0/include/mmintrin.h:250:19: error: unknown type name '__m64'")
('error:', "/usr/lib/llvm-7/lib/clang/7.0.0/include/mmintrin.h:250:25: error: expected identifier or '('")
('error:', "/usr/lib/llvm-7/lib/clang/7.0.0/include/mmintrin.h:271:19: error: unknown type name '__m64'")
('error:', "/usr/lib/llvm-7/lib/clang/7.0.0/include/mmintrin.h:271:25: error: expected identifier or '('")
('error:', 'fatal error: too many errors emitted, stopping now [-ferror-limit=]')
***************** Next Function ******************
('func_count:', 24)
("func_name '", 'mainSort', "'")
('err_func:', '/data/0202_patch/ida/speccpu/clang/O1/bzip2-clang-O1-compilation-errors/mainSort')
('err_funcfile:', '/data/0202_patch/ida/speccpu/clang/O1/bzip2-clang-O1-compilation-errors/mainSort')
('error:', "blocksort.c:1408:24: error: use of undeclared identifier 'invalid_operation'")
('error:', "blocksort.c:1480:24: error: use of undeclared identifier 'invalid_operation'")
('error:', 'blocksort.c:1568:50: error: too few arguments to function call, expected 8, have 7')
***************** Next Function ******************
('func_count:', 25)
("func_name '", 'handle_compress', "'")
('err_func:', '/data/0202_patch/ida/speccpu/clang/O1/bzip2-clang-O1-compilation-errors/handle_compress')
('err_funcfile:', '/data/0202_patch/ida/speccpu/clang/O1/bzip2-clang-O1-compilation-errors/handle_compress')
***************** Next Function ******************
('func_count:', 26)
("func_name '", 'BZ2_bsInitWrite', "'")
('err_func:', '/data/0202_patch/ida/speccpu/clang/O1/bzip2-clang-O1-compilation-errors/BZ2_bsInitWrite')
('err_funcfile:', '/data/0202_patch/ida/speccpu/clang/O1/bzip2-clang-O1-compilation-errors/BZ2_bsInitWrite')
***************** Next Function ******************
('func_count:', 27)
("func_name '", 'makeMaps_e', "'")
('err_func:', '/data/0202_patch/ida/speccpu/clang/O1/bzip2-clang-O1-compilation-errors/makeMaps_e')
('err_funcfile:', '/data/0202_patch/ida/speccpu/clang/O1/bzip2-clang-O1-compilation-errors/makeMaps_e')
***************** Next Function ******************
('func_count:', 28)
("func_name '", 'prepare_new_block', "'")
('err_func:', '/data/0202_patch/ida/speccpu/clang/O1/bzip2-clang-O1-compilation-errors/prepare_new_block')
('err_funcfile:', '/data/0202_patch/ida/speccpu/clang/O1/bzip2-clang-O1-compilation-errors/prepare_new_block')
('error:', 'bzlib.c:641:12: error: expected expression')
('error:', "bzlib.c:641:4: error: use of undeclared identifier '_OWORD'")
('error:', 'bzlib.c:642:12: error: expected expression')
('error:', "bzlib.c:642:4: error: use of undeclared identifier '_OWORD'")
('error:', 'bzlib.c:643:12: error: expected expression')
('error:', "bzlib.c:643:4: error: use of undeclared identifier '_OWORD'")
('error:', 'bzlib.c:644:12: error: expected expression')
('error:', "bzlib.c:644:4: error: use of undeclared identifier '_OWORD'")
('error:', 'bzlib.c:645:12: error: expected expression')
('error:', "bzlib.c:645:4: error: use of undeclared identifier '_OWORD'")
('error:', 'bzlib.c:646:12: error: expected expression')
('error:', "bzlib.c:646:4: error: use of undeclared identifier '_OWORD'")
('error:', 'bzlib.c:647:12: error: expected expression')
('error:', "bzlib.c:647:4: error: use of undeclared identifier '_OWORD'")
('error:', 'bzlib.c:648:12: error: expected expression')
('error:', "bzlib.c:648:4: error: use of undeclared identifier '_OWORD'")
('error:', 'bzlib.c:649:12: error: expected expression')
('error:', "bzlib.c:649:4: error: use of undeclared identifier '_OWORD'")
('error:', 'bzlib.c:650:12: error: expected expression')
('error:', 'fatal error: too many errors emitted, stopping now [-ferror-limit=]')
***************** Next Function ******************
('func_count:', 29)
("func_name '", 'usage', "'")
('err_func:', '/data/0202_patch/ida/speccpu/clang/O1/bzip2-clang-O1-compilation-errors/usage')
('err_funcfile:', '/data/0202_patch/ida/speccpu/clang/O1/bzip2-clang-O1-compilation-errors/usage')
***************** Next Function ******************
('func_count:', 30)
("func_name '", 'cleanUpAndFail', "'")
('err_func:', '/data/0202_patch/ida/speccpu/clang/O1/bzip2-clang-O1-compilation-errors/cleanUpAndFail')
('err_funcfile:', '/data/0202_patch/ida/speccpu/clang/O1/bzip2-clang-O1-compilation-errors/cleanUpAndFail')
('error:', 'clang: error: linker command failed with exit code 1 (use -v to see invocation)')
***************** Next Function ******************
('func_count:', 31)
("func_name '", 'unRLE_obuf_to_output_SMALL', "'")
('err_func:', '/data/0202_patch/ida/speccpu/clang/O1/bzip2-clang-O1-compilation-errors/unRLE_obuf_to_output_SMALL')
('err_funcfile:', '/data/0202_patch/ida/speccpu/clang/O1/bzip2-clang-O1-compilation-errors/unRLE_obuf_to_output_SMALL')
***************** Next Function ******************
('func_count:', 32)
("func_name '", 'compressStream', "'")
('err_func:', '/data/0202_patch/ida/speccpu/clang/O1/bzip2-clang-O1-compilation-errors/compressStream')
('err_funcfile:', '/data/0202_patch/ida/speccpu/clang/O1/bzip2-clang-O1-compilation-errors/compressStream')
***************** Next Function ******************
('func_count:', 33)
("func_name '", 'fallbackQSort3', "'")
('err_func:', '/data/0202_patch/ida/speccpu/clang/O1/bzip2-clang-O1-compilation-errors/fallbackQSort3')
('err_funcfile:', '/data/0202_patch/ida/speccpu/clang/O1/bzip2-clang-O1-compilation-errors/fallbackQSort3')
***************** Next Function ******************
('func_count:', 34)
("func_name '", 'BZ2_indexIntoF', "'")
('err_func:', '/data/0202_patch/ida/speccpu/clang/O1/bzip2-clang-O1-compilation-errors/BZ2_indexIntoF')
('err_funcfile:', '/data/0202_patch/ida/speccpu/clang/O1/bzip2-clang-O1-compilation-errors/BZ2_indexIntoF')
***************** Next Function ******************
('func_count:', 35)
("func_name '", 'crcError', "'")
('err_func:', '/data/0202_patch/ida/speccpu/clang/O1/bzip2-clang-O1-compilation-errors/crcError')
('err_funcfile:', '/data/0202_patch/ida/speccpu/clang/O1/bzip2-clang-O1-compilation-errors/crcError')
***************** Next Function ******************
('func_count:', 36)
("func_name '", 'uncompress', "'")
('err_func:', '/data/0202_patch/ida/speccpu/clang/O1/bzip2-clang-O1-compilation-errors/uncompress')
('err_funcfile:', '/data/0202_patch/ida/speccpu/clang/O1/bzip2-clang-O1-compilation-errors/uncompress')
('error:', "bzip2.c:1955:35: error: use of undeclared identifier 'BZ2_crc32Table'")
***************** Next Function ******************
('func_count:', 37)
("func_name '", 'BZ2_hbAssignCodes', "'")
('err_func:', '/data/0202_patch/ida/speccpu/clang/O1/bzip2-clang-O1-compilation-errors/BZ2_hbAssignCodes')
('err_funcfile:', '/data/0202_patch/ida/speccpu/clang/O1/bzip2-clang-O1-compilation-errors/BZ2_hbAssignCodes')
***************** Next Function ******************
('func_count:', 38)
("func_name '", 'BZ2_hbCreateDecodeTables', "'")
('err_func:', '/data/0202_patch/ida/speccpu/clang/O1/bzip2-clang-O1-compilation-errors/BZ2_hbCreateDecodeTables')
('err_funcfile:', '/data/0202_patch/ida/speccpu/clang/O1/bzip2-clang-O1-compilation-errors/BZ2_hbCreateDecodeTables')
('error:', 'huffman.c:716:12: error: expected expression')
('error:', "huffman.c:716:4: error: use of undeclared identifier '_OWORD'")
('error:', 'huffman.c:717:14: error: expected expression')
('error:', "huffman.c:717:6: error: use of undeclared identifier '_OWORD'")
('error:', 'huffman.c:718:14: error: expected expression')
('error:', "huffman.c:718:6: error: use of undeclared identifier '_OWORD'")
('error:', 'huffman.c:719:14: error: expected expression')
('error:', "huffman.c:719:6: error: use of undeclared identifier '_OWORD'")
('error:', 'huffman.c:720:14: error: expected expression')
('error:', "huffman.c:720:6: error: use of undeclared identifier '_OWORD'")
('error:', 'huffman.c:721:12: error: expected expression')
('error:', "huffman.c:721:4: error: use of undeclared identifier '_OWORD'")
('error:', 'huffman.c:733:12: error: expected expression')
('error:', "huffman.c:733:4: error: use of undeclared identifier '_OWORD'")
('error:', 'huffman.c:734:14: error: expected expression')
('error:', "huffman.c:734:6: error: use of undeclared identifier '_OWORD'")
('error:', 'huffman.c:735:14: error: expected expression')
('error:', "huffman.c:735:6: error: use of undeclared identifier '_OWORD'")
('error:', 'huffman.c:736:14: error: expected expression')
('error:', 'fatal error: too many errors emitted, stopping now [-ferror-limit=]')
***************** Next Function ******************
('func_count:', 39)
("func_name '", 'myMalloc', "'")
('err_func:', '/data/0202_patch/ida/speccpu/clang/O1/bzip2-clang-O1-compilation-errors/myMalloc')
('err_funcfile:', '/data/0202_patch/ida/speccpu/clang/O1/bzip2-clang-O1-compilation-errors/myMalloc')
***************** Next Function ******************
('func_count:', 40)
("func_name '", 'spec_putc', "'")
('err_func:', '/data/0202_patch/ida/speccpu/clang/O1/bzip2-clang-O1-compilation-errors/spec_putc')
('err_funcfile:', '/data/0202_patch/ida/speccpu/clang/O1/bzip2-clang-O1-compilation-errors/spec_putc')
***************** Next Function ******************
('func_count:', 41)
("func_name '", 'spec_getc', "'")
('err_func:', '/data/0202_patch/ida/speccpu/clang/O1/bzip2-clang-O1-compilation-errors/spec_getc')
('err_funcfile:', '/data/0202_patch/ida/speccpu/clang/O1/bzip2-clang-O1-compilation-errors/spec_getc')
***************** Next Function ******************
('func_count:', 42)
("func_name '", 'ioError', "'")
('err_func:', '/data/0202_patch/ida/speccpu/clang/O1/bzip2-clang-O1-compilation-errors/ioError')
('err_funcfile:', '/data/0202_patch/ida/speccpu/clang/O1/bzip2-clang-O1-compilation-errors/ioError')
***************** Next Function ******************
('func_count:', 43)
("func_name '", 'showFileNames', "'")
('err_func:', '/data/0202_patch/ida/speccpu/clang/O1/bzip2-clang-O1-compilation-errors/showFileNames')
('err_funcfile:', '/data/0202_patch/ida/speccpu/clang/O1/bzip2-clang-O1-compilation-errors/showFileNames')
***************** Next Function ******************
('func_count:', 44)
("func_name '", 'mapSuffix', "'")
('err_func:', '/data/0202_patch/ida/speccpu/clang/O1/bzip2-clang-O1-compilation-errors/mapSuffix')
('err_funcfile:', '/data/0202_patch/ida/speccpu/clang/O1/bzip2-clang-O1-compilation-errors/mapSuffix')
***************** Next Function ******************
('func_count:', 45)
("func_name '", 'uInt64_isZero', "'")
('err_func:', '/data/0202_patch/ida/speccpu/clang/O1/bzip2-clang-O1-compilation-errors/uInt64_isZero')
('err_funcfile:', '/data/0202_patch/ida/speccpu/clang/O1/bzip2-clang-O1-compilation-errors/uInt64_isZero')
***************** Next Function ******************
('func_count:', 46)
("func_name '", 'sendMTFValues', "'")
('err_func:', '/data/0202_patch/ida/speccpu/clang/O1/bzip2-clang-O1-compilation-errors/sendMTFValues')
('err_funcfile:', '/data/0202_patch/ida/speccpu/clang/O1/bzip2-clang-O1-compilation-errors/sendMTFValues')
***************** Next Function ******************
('func_count:', 47)
("func_name '", 'BZ2_compressBlock', "'")
('err_func:', '/data/0202_patch/ida/speccpu/clang/O1/bzip2-clang-O1-compilation-errors/BZ2_compressBlock')
('err_funcfile:', '/data/0202_patch/ida/speccpu/clang/O1/bzip2-clang-O1-compilation-errors/BZ2_compressBlock')
('error:', 'clang: error: linker command failed with exit code 1 (use -v to see invocation)')
***************** Next Function ******************
('func_count:', 48)
("func_name '", 'add_pair_to_block', "'")
('err_func:', '/data/0202_patch/ida/speccpu/clang/O1/bzip2-clang-O1-compilation-errors/add_pair_to_block')
('err_funcfile:', '/data/0202_patch/ida/speccpu/clang/O1/bzip2-clang-O1-compilation-errors/add_pair_to_block')
***************** Next Function ******************
('func_count:', 49)
("func_name '", 'cadvise', "'")
('err_func:', '/data/0202_patch/ida/speccpu/clang/O1/bzip2-clang-O1-compilation-errors/cadvise')
('err_funcfile:', '/data/0202_patch/ida/speccpu/clang/O1/bzip2-clang-O1-compilation-errors/cadvise')
('error:', "bzip2.c:1255:10: error: use of undeclared identifier 'unk_40EBF7'")
***************** Next Function ******************
('func_count:', 50)
("func_name '", 'spec_read', "'")
('err_func:', '/data/0202_patch/ida/speccpu/clang/O1/bzip2-clang-O1-compilation-errors/spec_read')
('err_funcfile:', '/data/0202_patch/ida/speccpu/clang/O1/bzip2-clang-O1-compilation-errors/spec_read')
***************** Next Function ******************
('func_count:', 51)
("func_name '", 'default_bzfree', "'")
('err_func:', '/data/0202_patch/ida/speccpu/clang/O1/bzip2-clang-O1-compilation-errors/default_bzfree')
('err_funcfile:', '/data/0202_patch/ida/speccpu/clang/O1/bzip2-clang-O1-compilation-errors/default_bzfree')
***************** Next Function ******************
('func_count:', 52)
("func_name '", 'copy_output_until_stop', "'")
('err_func:', '/data/0202_patch/ida/speccpu/clang/O1/bzip2-clang-O1-compilation-errors/copy_output_until_stop')
('err_funcfile:', '/data/0202_patch/ida/speccpu/clang/O1/bzip2-clang-O1-compilation-errors/copy_output_until_stop')
***************** Next Function ******************
('func_count:', 53)
("func_name '", 'panic', "'")
('err_func:', '/data/0202_patch/ida/speccpu/clang/O1/bzip2-clang-O1-compilation-errors/panic')
('err_funcfile:', '/data/0202_patch/ida/speccpu/clang/O1/bzip2-clang-O1-compilation-errors/panic')
***************** Next Function ******************
('func_count:', 54)
("func_name '", 'hasSuffix', "'")
('err_func:', '/data/0202_patch/ida/speccpu/clang/O1/bzip2-clang-O1-compilation-errors/hasSuffix')
('err_funcfile:', '/data/0202_patch/ida/speccpu/clang/O1/bzip2-clang-O1-compilation-errors/hasSuffix')
***************** Next Function ******************
('func_count:', 55)
("func_name '", 'isempty_RL', "'")
('err_func:', '/data/0202_patch/ida/speccpu/clang/O1/bzip2-clang-O1-compilation-errors/isempty_RL')
('err_funcfile:', '/data/0202_patch/ida/speccpu/clang/O1/bzip2-clang-O1-compilation-errors/isempty_RL')
***************** Next Function ******************
('func_count:', 56)
("func_name '", 'notAStandardFile', "'")
('err_func:', '/data/0202_patch/ida/speccpu/clang/O1/bzip2-clang-O1-compilation-errors/notAStandardFile')
('err_funcfile:', '/data/0202_patch/ida/speccpu/clang/O1/bzip2-clang-O1-compilation-errors/notAStandardFile')
***************** Next Function ******************
('func_count:', 57)
("func_name '", 'mainGtU', "'")
('err_func:', '/data/0202_patch/ida/speccpu/clang/O1/bzip2-clang-O1-compilation-errors/mainGtU')
('err_funcfile:', '/data/0202_patch/ida/speccpu/clang/O1/bzip2-clang-O1-compilation-errors/mainGtU')
('error:', "/usr/lib/llvm-7/lib/clang/7.0.0/include/mmintrin.h:27:1: error: cannot combine with previous 'static' declaration specifier")
('error:', "/usr/lib/llvm-7/lib/clang/7.0.0/include/mmintrin.h:61:19: error: unknown type name '__m64'")
('error:', "/usr/lib/llvm-7/lib/clang/7.0.0/include/mmintrin.h:61:25: error: expected identifier or '('")
('error:', "/usr/lib/llvm-7/lib/clang/7.0.0/include/mmintrin.h:79:18: error: unknown type name '__m64'")
('error:', "/usr/lib/llvm-7/lib/clang/7.0.0/include/mmintrin.h:94:19: error: unknown type name '__m64'")
('error:', "/usr/lib/llvm-7/lib/clang/7.0.0/include/mmintrin.h:94:25: error: expected identifier or '('")
('error:', "/usr/lib/llvm-7/lib/clang/7.0.0/include/mmintrin.h:111:17: error: unknown type name '__m64'")
('error:', "/usr/lib/llvm-7/lib/clang/7.0.0/include/mmintrin.h:140:19: error: unknown type name '__m64'")
('error:', "/usr/lib/llvm-7/lib/clang/7.0.0/include/mmintrin.h:140:25: error: expected identifier or '('")
('error:', "/usr/lib/llvm-7/lib/clang/7.0.0/include/mmintrin.h:170:19: error: unknown type name '__m64'")
('error:', "/usr/lib/llvm-7/lib/clang/7.0.0/include/mmintrin.h:170:25: error: expected identifier or '('")
('error:', "/usr/lib/llvm-7/lib/clang/7.0.0/include/mmintrin.h:200:19: error: unknown type name '__m64'")
('error:', "/usr/lib/llvm-7/lib/clang/7.0.0/include/mmintrin.h:200:25: error: expected identifier or '('")
('error:', "/usr/lib/llvm-7/lib/clang/7.0.0/include/mmintrin.h:227:19: error: unknown type name '__m64'")
('error:', "/usr/lib/llvm-7/lib/clang/7.0.0/include/mmintrin.h:227:25: error: expected identifier or '('")
('error:', "/usr/lib/llvm-7/lib/clang/7.0.0/include/mmintrin.h:250:19: error: unknown type name '__m64'")
('error:', "/usr/lib/llvm-7/lib/clang/7.0.0/include/mmintrin.h:250:25: error: expected identifier or '('")
('error:', "/usr/lib/llvm-7/lib/clang/7.0.0/include/mmintrin.h:271:19: error: unknown type name '__m64'")
('error:', "/usr/lib/llvm-7/lib/clang/7.0.0/include/mmintrin.h:271:25: error: expected identifier or '('")
('error:', 'fatal error: too many errors emitted, stopping now [-ferror-limit=]')
***************** Next Function ******************
('func_count:', 58)
("func_name '", 'uInt64_from_UInt32s', "'")
('err_func:', '/data/0202_patch/ida/speccpu/clang/O1/bzip2-clang-O1-compilation-errors/uInt64_from_UInt32s')
('err_funcfile:', '/data/0202_patch/ida/speccpu/clang/O1/bzip2-clang-O1-compilation-errors/uInt64_from_UInt32s')
***************** Next Function ******************
('func_count:', 59)
("func_name '", 'BZ2_bz__AssertH__fail', "'")
('err_func:', '/data/0202_patch/ida/speccpu/clang/O1/bzip2-clang-O1-compilation-errors/BZ2_bz__AssertH__fail')
('err_funcfile:', '/data/0202_patch/ida/speccpu/clang/O1/bzip2-clang-O1-compilation-errors/BZ2_bz__AssertH__fail')
('error:', 'bzlib.c:599:2: error: #endif without #if')
***************** Next Function ******************
('func_count:', 60)
("func_name '", 'unRLE_obuf_to_output_FAST', "'")
('err_func:', '/data/0202_patch/ida/speccpu/clang/O1/bzip2-clang-O1-compilation-errors/unRLE_obuf_to_output_FAST')
('err_funcfile:', '/data/0202_patch/ida/speccpu/clang/O1/bzip2-clang-O1-compilation-errors/unRLE_obuf_to_output_FAST')
('error:', "bzlib.c:1379:7: error: use of undeclared identifier 'invalid_operation'")
***************** Next Function ******************
('func_count:', 61)
("func_name '", 'BZ2_decompress', "'")
('err_func:', '/data/0202_patch/ida/speccpu/clang/O1/bzip2-clang-O1-compilation-errors/BZ2_decompress')
('err_funcfile:', '/data/0202_patch/ida/speccpu/clang/O1/bzip2-clang-O1-compilation-errors/BZ2_decompress')
('error:', 'decompress.c:1039:12: error: expected expression')
('error:', "decompress.c:1039:4: error: use of undeclared identifier '_OWORD'")
('error:', 'decompress.c:1040:12: error: expected expression')
('error:', "decompress.c:1040:4: error: use of undeclared identifier '_OWORD'")
('error:', 'decompress.c:1041:12: error: expected expression')
('error:', "decompress.c:1041:4: error: use of undeclared identifier '_OWORD'")
('error:', 'decompress.c:1042:12: error: expected expression')
('error:', "decompress.c:1042:4: error: use of undeclared identifier '_OWORD'")
('error:', 'decompress.c:1043:12: error: expected expression')
('error:', "decompress.c:1043:4: error: use of undeclared identifier '_OWORD'")
('error:', 'decompress.c:1044:12: error: expected expression')
('error:', "decompress.c:1044:4: error: use of undeclared identifier '_OWORD'")
('error:', 'decompress.c:1045:12: error: expected expression')
('error:', "decompress.c:1045:4: error: use of undeclared identifier '_OWORD'")
('error:', 'decompress.c:2072:12: error: expected expression')
('error:', "decompress.c:2072:4: error: use of undeclared identifier '_OWORD'")
('error:', 'decompress.c:2073:12: error: expected expression')
('error:', "decompress.c:2073:4: error: use of undeclared identifier '_OWORD'")
('error:', 'decompress.c:2074:12: error: expected expression')
('error:', 'fatal error: too many errors emitted, stopping now [-ferror-limit=]')
***************** Next Function ******************
('func_count:', 62)
("func_name '", 'spec_reset', "'")
('err_func:', '/data/0202_patch/ida/speccpu/clang/O1/bzip2-clang-O1-compilation-errors/spec_reset')
('err_funcfile:', '/data/0202_patch/ida/speccpu/clang/O1/bzip2-clang-O1-compilation-errors/spec_reset')
***************** Next Function ******************
('func_count:', 63)
("func_name '", 'countHardLinks', "'")
('err_func:', '/data/0202_patch/ida/speccpu/clang/O1/bzip2-clang-O1-compilation-errors/countHardLinks')
('err_funcfile:', '/data/0202_patch/ida/speccpu/clang/O1/bzip2-clang-O1-compilation-errors/countHardLinks')
***************** Next Function ******************
('func_count:', 64)
("func_name '", 'compressedStreamEOF', "'")
('err_func:', '/data/0202_patch/ida/speccpu/clang/O1/bzip2-clang-O1-compilation-errors/compressedStreamEOF')
('err_funcfile:', '/data/0202_patch/ida/speccpu/clang/O1/bzip2-clang-O1-compilation-errors/compressedStreamEOF')
***************** Next Function ******************
('func_count:', 65)
("func_name '", 'bsPutUChar', "'")
('err_func:', '/data/0202_patch/ida/speccpu/clang/O1/bzip2-clang-O1-compilation-errors/bsPutUChar')
('err_funcfile:', '/data/0202_patch/ida/speccpu/clang/O1/bzip2-clang-O1-compilation-errors/bsPutUChar')
***************** Next Function ******************
('func_count:', 66)
("func_name '", 'BZ2_blockSort', "'")
('err_func:', '/data/0202_patch/ida/speccpu/clang/O1/bzip2-clang-O1-compilation-errors/BZ2_blockSort')
('err_funcfile:', '/data/0202_patch/ida/speccpu/clang/O1/bzip2-clang-O1-compilation-errors/BZ2_blockSort')
***************** Next Function ******************
('func_count:', 67)
("func_name '", 'copy_input_until_stop', "'")
('err_func:', '/data/0202_patch/ida/speccpu/clang/O1/bzip2-clang-O1-compilation-errors/copy_input_until_stop')
('err_funcfile:', '/data/0202_patch/ida/speccpu/clang/O1/bzip2-clang-O1-compilation-errors/copy_input_until_stop')
***************** Next Function ******************
('func_count:', 68)
("func_name '", 'uInt64_toAscii', "'")
('err_func:', '/data/0202_patch/ida/speccpu/clang/O1/bzip2-clang-O1-compilation-errors/uInt64_toAscii')
('err_funcfile:', '/data/0202_patch/ida/speccpu/clang/O1/bzip2-clang-O1-compilation-errors/uInt64_toAscii')
***************** Next Function ******************
('func_count:', 69)
("func_name '", 'addFlagsFromEnvVar', "'")
('err_func:', '/data/0202_patch/ida/speccpu/clang/O1/bzip2-clang-O1-compilation-errors/addFlagsFromEnvVar')
('err_funcfile:', '/data/0202_patch/ida/speccpu/clang/O1/bzip2-clang-O1-compilation-errors/addFlagsFromEnvVar')
***************** Next Function ******************
('func_count:', 70)
("func_name '", 'makeMaps_d', "'")
('err_func:', '/data/0202_patch/ida/speccpu/clang/O1/bzip2-clang-O1-compilation-errors/makeMaps_d')
('err_funcfile:', '/data/0202_patch/ida/speccpu/clang/O1/bzip2-clang-O1-compilation-errors/makeMaps_d')
***************** Next Function ******************
('func_count:', 71)
("func_name '", 'uInt64_to_double', "'")
('err_func:', '/data/0202_patch/ida/speccpu/clang/O1/bzip2-clang-O1-compilation-errors/uInt64_to_double')
('err_funcfile:', '/data/0202_patch/ida/speccpu/clang/O1/bzip2-clang-O1-compilation-errors/uInt64_to_double')
***************** Next Function ******************
('func_count:', 72)
("func_name '", 'spec_fwrite', "'")
('err_func:', '/data/0202_patch/ida/speccpu/clang/O1/bzip2-clang-O1-compilation-errors/spec_fwrite')
('err_funcfile:', '/data/0202_patch/ida/speccpu/clang/O1/bzip2-clang-O1-compilation-errors/spec_fwrite')
***************** Next Function ******************
('func_count:', 73)
("func_name '", 'fopen_output_safely', "'")
('err_func:', '/data/0202_patch/ida/speccpu/clang/O1/bzip2-clang-O1-compilation-errors/fopen_output_safely')
('err_funcfile:', '/data/0202_patch/ida/speccpu/clang/O1/bzip2-clang-O1-compilation-errors/fopen_output_safely')
***************** Next Function ******************
('func_count:', 74)
("func_name '", 'setExit', "'")
('err_func:', '/data/0202_patch/ida/speccpu/clang/O1/bzip2-clang-O1-compilation-errors/setExit')
('err_funcfile:', '/data/0202_patch/ida/speccpu/clang/O1/bzip2-clang-O1-compilation-errors/setExit')
***************** Next Function ******************
('func_count:', 75)
("func_name '", 'uncompressStream', "'")
('err_func:', '/data/0202_patch/ida/speccpu/clang/O1/bzip2-clang-O1-compilation-errors/uncompressStream')
('err_funcfile:', '/data/0202_patch/ida/speccpu/clang/O1/bzip2-clang-O1-compilation-errors/uncompressStream')
***************** Next Function ******************
('func_count:', 76)
("func_name '", 'mainQSort3', "'")
('err_func:', '/data/0202_patch/ida/speccpu/clang/O1/bzip2-clang-O1-compilation-errors/mainQSort3')
('err_funcfile:', '/data/0202_patch/ida/speccpu/clang/O1/bzip2-clang-O1-compilation-errors/mainQSort3')
('error:', 'blocksort.c:1609:42: error: too many arguments to function call, expected 7, have 8')
***************** Next Function ******************
('func_count:', 77)
("func_name '", 'uInt64_qrm10', "'")
('err_func:', '/data/0202_patch/ida/speccpu/clang/O1/bzip2-clang-O1-compilation-errors/uInt64_qrm10')
('err_funcfile:', '/data/0202_patch/ida/speccpu/clang/O1/bzip2-clang-O1-compilation-errors/uInt64_qrm10')
***************** Next Function ******************
('func_count:', 78)
("func_name '", 'fallbackSort', "'")
('err_func:', '/data/0202_patch/ida/speccpu/clang/O1/bzip2-clang-O1-compilation-errors/fallbackSort')
('err_funcfile:', '/data/0202_patch/ida/speccpu/clang/O1/bzip2-clang-O1-compilation-errors/fallbackSort')
('error:', 'clang: error: linker command failed with exit code 1 (use -v to see invocation)')
***************** Next Function ******************
('func_count:', 79)
("func_name '", 'mkCell', "'")
('err_func:', '/data/0202_patch/ida/speccpu/clang/O1/bzip2-clang-O1-compilation-errors/mkCell')
('err_funcfile:', '/data/0202_patch/ida/speccpu/clang/O1/bzip2-clang-O1-compilation-errors/mkCell')
('error:', "bzip2.c:2316:9: error: assigning to 'Cell' (aka 'struct zzzz') from incompatible type 'long long'")
***************** Next Function ******************
('func_count:', 80)
("func_name '", 'bsFinishWrite', "'")
('err_func:', '/data/0202_patch/ida/speccpu/clang/O1/bzip2-clang-O1-compilation-errors/bsFinishWrite')
('err_funcfile:', '/data/0202_patch/ida/speccpu/clang/O1/bzip2-clang-O1-compilation-errors/bsFinishWrite')
***************** Next Function ******************
('func_count:', 81)
("func_name '", 'main', "'")
('err_func:', '/data/0202_patch/ida/speccpu/clang/O1/bzip2-clang-O1-compilation-errors/main')
('err_funcfile:', '/data/0202_patch/ida/speccpu/clang/O1/bzip2-clang-O1-compilation-errors/main')
***************** Next Function ******************
('func_count:', 82)
("func_name '", 'BZ2_hbMakeCodeLengths', "'")
('err_func:', '/data/0202_patch/ida/speccpu/clang/O1/bzip2-clang-O1-compilation-errors/BZ2_hbMakeCodeLengths')
('err_funcfile:', '/data/0202_patch/ida/speccpu/clang/O1/bzip2-clang-O1-compilation-errors/BZ2_hbMakeCodeLengths')
***************** Next Function ******************
('func_count:', 83)
("func_name '", 'testStream', "'")
('err_func:', '/data/0202_patch/ida/speccpu/clang/O1/bzip2-clang-O1-compilation-errors/testStream')
('err_funcfile:', '/data/0202_patch/ida/speccpu/clang/O1/bzip2-clang-O1-compilation-errors/testStream')
('error:', "/usr/lib/llvm-7/lib/clang/7.0.0/include/mmintrin.h:27:1: error: cannot combine with previous 'static' declaration specifier")
('error:', "/usr/lib/llvm-7/lib/clang/7.0.0/include/mmintrin.h:61:19: error: unknown type name '__m64'")
('error:', "/usr/lib/llvm-7/lib/clang/7.0.0/include/mmintrin.h:61:25: error: expected identifier or '('")
('error:', "/usr/lib/llvm-7/lib/clang/7.0.0/include/mmintrin.h:79:18: error: unknown type name '__m64'")
('error:', "/usr/lib/llvm-7/lib/clang/7.0.0/include/mmintrin.h:94:19: error: unknown type name '__m64'")
('error:', "/usr/lib/llvm-7/lib/clang/7.0.0/include/mmintrin.h:94:25: error: expected identifier or '('")
('error:', "/usr/lib/llvm-7/lib/clang/7.0.0/include/mmintrin.h:111:17: error: unknown type name '__m64'")
('error:', "/usr/lib/llvm-7/lib/clang/7.0.0/include/mmintrin.h:140:19: error: unknown type name '__m64'")
('error:', "/usr/lib/llvm-7/lib/clang/7.0.0/include/mmintrin.h:140:25: error: expected identifier or '('")
('error:', "/usr/lib/llvm-7/lib/clang/7.0.0/include/mmintrin.h:170:19: error: unknown type name '__m64'")
('error:', "/usr/lib/llvm-7/lib/clang/7.0.0/include/mmintrin.h:170:25: error: expected identifier or '('")
('error:', "/usr/lib/llvm-7/lib/clang/7.0.0/include/mmintrin.h:200:19: error: unknown type name '__m64'")
('error:', "/usr/lib/llvm-7/lib/clang/7.0.0/include/mmintrin.h:200:25: error: expected identifier or '('")
('error:', "/usr/lib/llvm-7/lib/clang/7.0.0/include/mmintrin.h:227:19: error: unknown type name '__m64'")
('error:', "/usr/lib/llvm-7/lib/clang/7.0.0/include/mmintrin.h:227:25: error: expected identifier or '('")
('error:', "/usr/lib/llvm-7/lib/clang/7.0.0/include/mmintrin.h:250:19: error: unknown type name '__m64'")
('error:', "/usr/lib/llvm-7/lib/clang/7.0.0/include/mmintrin.h:250:25: error: expected identifier or '('")
('error:', "/usr/lib/llvm-7/lib/clang/7.0.0/include/mmintrin.h:271:19: error: unknown type name '__m64'")
('error:', "/usr/lib/llvm-7/lib/clang/7.0.0/include/mmintrin.h:271:25: error: expected identifier or '('")
('error:', 'fatal error: too many errors emitted, stopping now [-ferror-limit=]')
***************** Next Function ******************
('func_count:', 84)
("func_name '", 'mmed3', "'")
('err_func:', '/data/0202_patch/ida/speccpu/clang/O1/bzip2-clang-O1-compilation-errors/mmed3')
('err_funcfile:', '/data/0202_patch/ida/speccpu/clang/O1/bzip2-clang-O1-compilation-errors/mmed3')
('error:', "/usr/lib/llvm-7/lib/clang/7.0.0/include/mmintrin.h:27:1: error: cannot combine with previous 'static' declaration specifier")
('error:', "/usr/lib/llvm-7/lib/clang/7.0.0/include/mmintrin.h:61:19: error: unknown type name '__m64'")
('error:', "/usr/lib/llvm-7/lib/clang/7.0.0/include/mmintrin.h:61:25: error: expected identifier or '('")
('error:', "/usr/lib/llvm-7/lib/clang/7.0.0/include/mmintrin.h:79:18: error: unknown type name '__m64'")
('error:', "/usr/lib/llvm-7/lib/clang/7.0.0/include/mmintrin.h:94:19: error: unknown type name '__m64'")
('error:', "/usr/lib/llvm-7/lib/clang/7.0.0/include/mmintrin.h:94:25: error: expected identifier or '('")
('error:', "/usr/lib/llvm-7/lib/clang/7.0.0/include/mmintrin.h:111:17: error: unknown type name '__m64'")
('error:', "/usr/lib/llvm-7/lib/clang/7.0.0/include/mmintrin.h:140:19: error: unknown type name '__m64'")
('error:', "/usr/lib/llvm-7/lib/clang/7.0.0/include/mmintrin.h:140:25: error: expected identifier or '('")
('error:', "/usr/lib/llvm-7/lib/clang/7.0.0/include/mmintrin.h:170:19: error: unknown type name '__m64'")
('error:', "/usr/lib/llvm-7/lib/clang/7.0.0/include/mmintrin.h:170:25: error: expected identifier or '('")
('error:', "/usr/lib/llvm-7/lib/clang/7.0.0/include/mmintrin.h:200:19: error: unknown type name '__m64'")
('error:', "/usr/lib/llvm-7/lib/clang/7.0.0/include/mmintrin.h:200:25: error: expected identifier or '('")
('error:', "/usr/lib/llvm-7/lib/clang/7.0.0/include/mmintrin.h:227:19: error: unknown type name '__m64'")
('error:', "/usr/lib/llvm-7/lib/clang/7.0.0/include/mmintrin.h:227:25: error: expected identifier or '('")
('error:', "/usr/lib/llvm-7/lib/clang/7.0.0/include/mmintrin.h:250:19: error: unknown type name '__m64'")
('error:', "/usr/lib/llvm-7/lib/clang/7.0.0/include/mmintrin.h:250:25: error: expected identifier or '('")
('error:', "/usr/lib/llvm-7/lib/clang/7.0.0/include/mmintrin.h:271:19: error: unknown type name '__m64'")
('error:', "/usr/lib/llvm-7/lib/clang/7.0.0/include/mmintrin.h:271:25: error: expected identifier or '('")
('error:', 'fatal error: too many errors emitted, stopping now [-ferror-limit=]')
***************** Next Function ******************
('func_count:', 85)
("func_name '", 'flush_RL', "'")
('err_func:', '/data/0202_patch/ida/speccpu/clang/O1/bzip2-clang-O1-compilation-errors/flush_RL')
('err_funcfile:', '/data/0202_patch/ida/speccpu/clang/O1/bzip2-clang-O1-compilation-errors/flush_RL')
***************** Next Function ******************
('func_count:', 86)
("func_name '", 'spec_random_load', "'")
('err_func:', '/data/0202_patch/ida/speccpu/clang/O1/bzip2-clang-O1-compilation-errors/spec_random_load')
('err_funcfile:', '/data/0202_patch/ida/speccpu/clang/O1/bzip2-clang-O1-compilation-errors/spec_random_load')
******************** ================== ******************** ==================
Total # fns with errors: 86. Total errors: 196
******************** ================== error type: occurrences ******************** ==================
#endif without #if: 1
assigning to type A from incompatible type B: 1
cannot combine with previous declaration specifier: 6
expected expression: 30
expected identifier or '(': 48
subscripted value is not an array, pointer, or vector: 1
too few arguments to function call: 1
too many arguments to function call: 1
undeclared identifier with prefix 'unk_': 1
unknown type name: 60
use of undeclared identifier: 31
******************** ================== error distribution ******************** ==================
******************** ================== error type: func count ******************** ==================
#endif without #if: 1
assigning to type A from incompatible type B: 1
cannot combine with previous declaration specifier: 6
expected expression: 3
expected identifier or '(': 6
subscripted value is not an array, pointer, or vector: 1
too few arguments to function call: 1
too many arguments to function call: 1
undeclared identifier with prefix 'unk_': 1
unknown type name: 6
use of undeclared identifier: 6
******************** ================== unknown errors ******************** ==================
