maliha print
***************** Next Function ******************
('func_count:', 1)
("func_name '", 'quantum_cnot_ft', "'")
('err_func:', '/data/maliha/decompilation/data/error_without_patch/ida/speccpu/gcc/O3/libquantum-gcc-O3-compilation-errors/quantum_cnot_ft')
('err_funcfile:', '/data/maliha/decompilation/data/error_without_patch/ida/speccpu/gcc/O3/libquantum-gcc-O3-compilation-errors/quantum_cnot_ft')
('error:', "/home/yanlin/my-projects/decompilation/source_code/recompiled/IDA/speccpu/gcc/O3/libquantum-gcc-O3/quantum_cnot_ft/src/qec.c:217:11: error: use of undeclared identifier 'counter_1'")
('error:', "/home/yanlin/my-projects/decompilation/source_code/recompiled/IDA/speccpu/gcc/O3/libquantum-gcc-O3/quantum_cnot_ft/src/qec.c:217:24: error: use of undeclared identifier 'freq_0'")
('error:', "/home/yanlin/my-projects/decompilation/source_code/recompiled/IDA/speccpu/gcc/O3/libquantum-gcc-O3/quantum_cnot_ft/src/qec.c:219:5: error: use of undeclared identifier 'counter_1'")
***************** Next Function ******************
('func_count:', 2)
("func_name '", 'quantum_addscratch', "'")
('err_func:', '/data/maliha/decompilation/data/error_without_patch/ida/speccpu/gcc/O3/libquantum-gcc-O3-compilation-errors/quantum_addscratch')
('err_funcfile:', '/data/maliha/decompilation/data/error_without_patch/ida/speccpu/gcc/O3/libquantum-gcc-O3-compilation-errors/quantum_addscratch')
('error:', "/home/yanlin/my-projects/decompilation/source_code/recompiled/IDA/speccpu/gcc/O3/libquantum-gcc-O3/quantum_addscratch/src/qureg.c:252:19: error: expected ';' at end of declaration")
('error:', "/home/yanlin/my-projects/decompilation/source_code/recompiled/IDA/speccpu/gcc/O3/libquantum-gcc-O3/quantum_addscratch/src/qureg.c:253:10: error: expected ';' after expression")
('error:', "/home/yanlin/my-projects/decompilation/source_code/recompiled/IDA/speccpu/gcc/O3/libquantum-gcc-O3/quantum_addscratch/src/qureg.c:253:11: error: use of undeclared identifier 'v5'")
('error:', "/home/yanlin/my-projects/decompilation/source_code/recompiled/IDA/speccpu/gcc/O3/libquantum-gcc-O3/quantum_addscratch/src/qureg.c:260:5: error: use of undeclared identifier 'p_state'")
('error:', "/home/yanlin/my-projects/decompilation/source_code/recompiled/IDA/speccpu/gcc/O3/libquantum-gcc-O3/quantum_addscratch/src/qureg.c:261:5: error: use of undeclared identifier 'v5'")
('error:', "/home/yanlin/my-projects/decompilation/source_code/recompiled/IDA/speccpu/gcc/O3/libquantum-gcc-O3/quantum_addscratch/src/qureg.c:264:8: error: use of undeclared identifier 'p_state'; did you mean 'setstate'?")
('error:', "/home/yanlin/my-projects/decompilation/source_code/recompiled/IDA/speccpu/gcc/O3/libquantum-gcc-O3/quantum_addscratch/src/qureg.c:264:16: error: invalid operands to binary expression ('char *(char *)' and 'int')")
('error:', "/home/yanlin/my-projects/decompilation/source_code/recompiled/IDA/speccpu/gcc/O3/libquantum-gcc-O3/quantum_addscratch/src/qureg.c:265:7: error: use of undeclared identifier 'p_state'")
('error:', "/home/yanlin/my-projects/decompilation/source_code/recompiled/IDA/speccpu/gcc/O3/libquantum-gcc-O3/quantum_addscratch/src/qureg.c:267:36: error: expected ')'")
('error:', "/home/yanlin/my-projects/decompilation/source_code/recompiled/IDA/speccpu/gcc/O3/libquantum-gcc-O3/quantum_addscratch/src/qureg.c:267:46: error: use of undeclared identifier 'v5'")
('error:', "/home/yanlin/my-projects/decompilation/source_code/recompiled/IDA/speccpu/gcc/O3/libquantum-gcc-O3/quantum_addscratch/src/qureg.c:267:14: error: use of undeclared identifier 'p_state'; did you mean 'setstate'?")
***************** Next Function ******************
('func_count:', 3)
("func_name '", 'test_sum', "'")
('err_func:', '/data/maliha/decompilation/data/error_without_patch/ida/speccpu/gcc/O3/libquantum-gcc-O3-compilation-errors/test_sum')
('err_funcfile:', '/data/maliha/decompilation/data/error_without_patch/ida/speccpu/gcc/O3/libquantum-gcc-O3-compilation-errors/test_sum')
('error:', "/home/yanlin/my-projects/decompilation/source_code/recompiled/IDA/speccpu/gcc/O3/libquantum-gcc-O3/test_sum/src/oaddn.c:46:19: error: expected ';' at end of declaration")
('error:', "/home/yanlin/my-projects/decompilation/source_code/recompiled/IDA/speccpu/gcc/O3/libquantum-gcc-O3/test_sum/src/oaddn.c:48:10: error: expected ';' after expression")
('error:', "/home/yanlin/my-projects/decompilation/source_code/recompiled/IDA/speccpu/gcc/O3/libquantum-gcc-O3/test_sum/src/oaddn.c:48:11: error: use of undeclared identifier 'v8'")
('error:', "/home/yanlin/my-projects/decompilation/source_code/recompiled/IDA/speccpu/gcc/O3/libquantum-gcc-O3/test_sum/src/oaddn.c:63:3: error: use of undeclared identifier 'v5'")
('error:', "/home/yanlin/my-projects/decompilation/source_code/recompiled/IDA/speccpu/gcc/O3/libquantum-gcc-O3/test_sum/src/oaddn.c:66:3: error: use of undeclared identifier 'v8'")
('error:', "/home/yanlin/my-projects/decompilation/source_code/recompiled/IDA/speccpu/gcc/O3/libquantum-gcc-O3/test_sum/src/oaddn.c:69:22: error: use of undeclared identifier 'v8'")
('error:', "/home/yanlin/my-projects/decompilation/source_code/recompiled/IDA/speccpu/gcc/O3/libquantum-gcc-O3/test_sum/src/oaddn.c:69:27: error: use of undeclared identifier 'v5'")
('error:', "/home/yanlin/my-projects/decompilation/source_code/recompiled/IDA/speccpu/gcc/O3/libquantum-gcc-O3/test_sum/src/oaddn.c:71:24: error: use of undeclared identifier 'v5'")
***************** Next Function ******************
('func_count:', 4)
("func_name '", 'quantum_toffoli_ft', "'")
('err_func:', '/data/maliha/decompilation/data/error_without_patch/ida/speccpu/gcc/O3/libquantum-gcc-O3-compilation-errors/quantum_toffoli_ft')
('err_funcfile:', '/data/maliha/decompilation/data/error_without_patch/ida/speccpu/gcc/O3/libquantum-gcc-O3-compilation-errors/quantum_toffoli_ft')
('error:', "/home/yanlin/my-projects/decompilation/source_code/recompiled/IDA/speccpu/gcc/O3/libquantum-gcc-O3/quantum_toffoli_ft/src/qec.c:233:3: error: unknown type name '__int64'; did you mean '__int64_t'?")
('error:', "/home/yanlin/my-projects/decompilation/source_code/recompiled/IDA/speccpu/gcc/O3/libquantum-gcc-O3/quantum_toffoli_ft/src/qec.c:234:3: error: unknown type name '__int64'; did you mean '__int64_t'?")
('error:', "/home/yanlin/my-projects/decompilation/source_code/recompiled/IDA/speccpu/gcc/O3/libquantum-gcc-O3/quantum_toffoli_ft/src/qec.c:237:3: error: unknown type name '__int64'; did you mean '__int64_t'?")
('error:', "/home/yanlin/my-projects/decompilation/source_code/recompiled/IDA/speccpu/gcc/O3/libquantum-gcc-O3/quantum_toffoli_ft/src/qec.c:238:3: error: unknown type name '__int64'; did you mean '__int64_t'?")
('error:', "/home/yanlin/my-projects/decompilation/source_code/recompiled/IDA/speccpu/gcc/O3/libquantum-gcc-O3/quantum_toffoli_ft/src/qec.c:241:3: error: unknown type name '__int64'; did you mean '__int64_t'?")
('error:', "/home/yanlin/my-projects/decompilation/source_code/recompiled/IDA/speccpu/gcc/O3/libquantum-gcc-O3/quantum_toffoli_ft/src/qec.c:242:3: error: unknown type name '__int64'; did you mean '__int64_t'?")
('error:', "/home/yanlin/my-projects/decompilation/source_code/recompiled/IDA/speccpu/gcc/O3/libquantum-gcc-O3/quantum_toffoli_ft/src/qec.c:243:3: error: unknown type name '__int64'; did you mean '__int64_t'?")
('error:', "/home/yanlin/my-projects/decompilation/source_code/recompiled/IDA/speccpu/gcc/O3/libquantum-gcc-O3/quantum_toffoli_ft/src/qec.c:244:19: error: expected ';' at end of declaration")
('error:', "/home/yanlin/my-projects/decompilation/source_code/recompiled/IDA/speccpu/gcc/O3/libquantum-gcc-O3/quantum_toffoli_ft/src/qec.c:245:10: error: expected ';' after expression")
('error:', "/home/yanlin/my-projects/decompilation/source_code/recompiled/IDA/speccpu/gcc/O3/libquantum-gcc-O3/quantum_toffoli_ft/src/qec.c:245:11: error: use of undeclared identifier 'v18'")
('error:', "/home/yanlin/my-projects/decompilation/source_code/recompiled/IDA/speccpu/gcc/O3/libquantum-gcc-O3/quantum_toffoli_ft/src/qec.c:246:12: error: redefinition of '__int64'")
('error:', "/home/yanlin/my-projects/decompilation/source_code/recompiled/IDA/speccpu/gcc/O3/libquantum-gcc-O3/quantum_toffoli_ft/src/qec.c:246:19: error: expected ';' at end of declaration")
('error:', "/home/yanlin/my-projects/decompilation/source_code/recompiled/IDA/speccpu/gcc/O3/libquantum-gcc-O3/quantum_toffoli_ft/src/qec.c:247:10: error: expected ';' after expression")
('error:', "/home/yanlin/my-projects/decompilation/source_code/recompiled/IDA/speccpu/gcc/O3/libquantum-gcc-O3/quantum_toffoli_ft/src/qec.c:247:11: error: use of undeclared identifier 'v20'; did you mean 'v10'?")
('error:', "/home/yanlin/my-projects/decompilation/source_code/recompiled/IDA/speccpu/gcc/O3/libquantum-gcc-O3/quantum_toffoli_ft/src/qec.c:248:10: error: expected ';' after expression")
('error:', "/home/yanlin/my-projects/decompilation/source_code/recompiled/IDA/speccpu/gcc/O3/libquantum-gcc-O3/quantum_toffoli_ft/src/qec.c:248:11: error: use of undeclared identifier 'v21'; did you mean 'v11'?")
('error:', "/home/yanlin/my-projects/decompilation/source_code/recompiled/IDA/speccpu/gcc/O3/libquantum-gcc-O3/quantum_toffoli_ft/src/qec.c:251:36: error: expected ')'")
('error:', "/home/yanlin/my-projects/decompilation/source_code/recompiled/IDA/speccpu/gcc/O3/libquantum-gcc-O3/quantum_toffoli_ft/src/qec.c:251:62: error: expected ')'")
('error:', "/home/yanlin/my-projects/decompilation/source_code/recompiled/IDA/speccpu/gcc/O3/libquantum-gcc-O3/quantum_toffoli_ft/src/qec.c:252:28: error: expected ')'")
('error:', 'fatal error: too many errors emitted, stopping now [-ferror-limit=]')
***************** Next Function ******************
('func_count:', 5)
("func_name '", 'quantum_frac_approx', "'")
('err_func:', '/data/maliha/decompilation/data/error_without_patch/ida/speccpu/gcc/O3/libquantum-gcc-O3-compilation-errors/quantum_frac_approx')
('err_funcfile:', '/data/maliha/decompilation/data/error_without_patch/ida/speccpu/gcc/O3/libquantum-gcc-O3-compilation-errors/quantum_frac_approx')
('error:', 'clang: error: linker command failed with exit code 1 (use -v to see invocation)')
***************** Next Function ******************
('func_count:', 6)
("func_name '", 'quantum_delete_matrix', "'")
('err_func:', '/data/maliha/decompilation/data/error_without_patch/ida/speccpu/gcc/O3/libquantum-gcc-O3-compilation-errors/quantum_delete_matrix')
('err_funcfile:', '/data/maliha/decompilation/data/error_without_patch/ida/speccpu/gcc/O3/libquantum-gcc-O3-compilation-errors/quantum_delete_matrix')
('error:', "/home/yanlin/my-projects/decompilation/source_code/recompiled/IDA/speccpu/gcc/O3/libquantum-gcc-O3/quantum_delete_matrix/src/matrix.c:76:3: error: use of undeclared identifier 'mem_1'")
('error:', "/home/yanlin/my-projects/decompilation/source_code/recompiled/IDA/speccpu/gcc/O3/libquantum-gcc-O3/quantum_delete_matrix/src/matrix.c:76:28: error: use of undeclared identifier '__int64'")
('error:', "/home/yanlin/my-projects/decompilation/source_code/recompiled/IDA/speccpu/gcc/O3/libquantum-gcc-O3/quantum_delete_matrix/src/matrix.c:77:9: error: use of undeclared identifier 'mem_1'")
('error:', "/home/yanlin/my-projects/decompilation/source_code/recompiled/IDA/speccpu/gcc/O3/libquantum-gcc-O3/quantum_delete_matrix/src/matrix.c:77:17: error: use of undeclared identifier 'max_0'")
('error:', "/home/yanlin/my-projects/decompilation/source_code/recompiled/IDA/speccpu/gcc/O3/libquantum-gcc-O3/quantum_delete_matrix/src/matrix.c:78:5: error: use of undeclared identifier 'max_0'")
('error:', "/home/yanlin/my-projects/decompilation/source_code/recompiled/IDA/speccpu/gcc/O3/libquantum-gcc-O3/quantum_delete_matrix/src/matrix.c:78:13: error: use of undeclared identifier 'mem_1'")
***************** Next Function ******************
('func_count:', 7)
("func_name '", 'quantum_objcode_write', "'")
('err_func:', '/data/maliha/decompilation/data/error_without_patch/ida/speccpu/gcc/O3/libquantum-gcc-O3-compilation-errors/quantum_objcode_write')
('err_funcfile:', '/data/maliha/decompilation/data/error_without_patch/ida/speccpu/gcc/O3/libquantum-gcc-O3-compilation-errors/quantum_objcode_write')
('error:', 'clang: error: linker command failed with exit code 1 (use -v to see invocation)')
***************** Next Function ******************
('func_count:', 8)
("func_name '", 'quantum_qft', "'")
('err_func:', '/data/maliha/decompilation/data/error_without_patch/ida/speccpu/gcc/O3/libquantum-gcc-O3-compilation-errors/quantum_qft')
('err_funcfile:', '/data/maliha/decompilation/data/error_without_patch/ida/speccpu/gcc/O3/libquantum-gcc-O3-compilation-errors/quantum_qft')
('error:', 'clang: error: linker command failed with exit code 1 (use -v to see invocation)')
***************** Next Function ******************
('func_count:', 9)
("func_name '", 'madd_inv', "'")
('err_func:', '/data/maliha/decompilation/data/error_without_patch/ida/speccpu/gcc/O3/libquantum-gcc-O3-compilation-errors/madd_inv')
('err_funcfile:', '/data/maliha/decompilation/data/error_without_patch/ida/speccpu/gcc/O3/libquantum-gcc-O3-compilation-errors/madd_inv')
('error:', 'clang: error: linker command failed with exit code 1 (use -v to see invocation)')
***************** Next Function ******************
('func_count:', 10)
("func_name '", 'main', "'")
('err_func:', '/data/maliha/decompilation/data/error_without_patch/ida/speccpu/gcc/O3/libquantum-gcc-O3-compilation-errors/main')
('err_funcfile:', '/data/maliha/decompilation/data/error_without_patch/ida/speccpu/gcc/O3/libquantum-gcc-O3-compilation-errors/main')
('error:', "/home/yanlin/my-projects/decompilation/source_code/recompiled/IDA/speccpu/gcc/O3/libquantum-gcc-O3/main/src/shor.c:54:3: error: use of undeclared identifier '__m128i'")
('error:', "/home/yanlin/my-projects/decompilation/source_code/recompiled/IDA/speccpu/gcc/O3/libquantum-gcc-O3/main/src/shor.c:59:19: error: expected ';' at end of declaration")
('error:', "/home/yanlin/my-projects/decompilation/source_code/recompiled/IDA/speccpu/gcc/O3/libquantum-gcc-O3/main/src/shor.c:60:10: error: expected ';' after expression")
('error:', "/home/yanlin/my-projects/decompilation/source_code/recompiled/IDA/speccpu/gcc/O3/libquantum-gcc-O3/main/src/shor.c:60:11: error: use of undeclared identifier 'v18'")
('error:', '/home/yanlin/my-projects/decompilation/source_code/recompiled/IDA/speccpu/gcc/O3/libquantum-gcc-O3/main/src/shor.c:109:39: error: too many arguments to function call, expected 2, have 3')
('error:', "/home/yanlin/my-projects/decompilation/source_code/recompiled/IDA/speccpu/gcc/O3/libquantum-gcc-O3/main/src/shor.c:110:38: error: unknown type name '__m128i'")
('error:', "/home/yanlin/my-projects/decompilation/source_code/recompiled/IDA/speccpu/gcc/O3/libquantum-gcc-O3/main/src/shor.c:110:7: error: use of undeclared identifier 'v12'")
('error:', '/home/yanlin/my-projects/decompilation/source_code/recompiled/IDA/speccpu/gcc/O3/libquantum-gcc-O3/main/src/shor.c:111:19: error: expected expression')
('error:', "/home/yanlin/my-projects/decompilation/source_code/recompiled/IDA/speccpu/gcc/O3/libquantum-gcc-O3/main/src/shor.c:111:10: error: use of undeclared identifier '__m128i'")
('error:', "/home/yanlin/my-projects/decompilation/source_code/recompiled/IDA/speccpu/gcc/O3/libquantum-gcc-O3/main/src/shor.c:111:57: error: unknown type name '__m128i'")
('error:', '/home/yanlin/my-projects/decompilation/source_code/recompiled/IDA/speccpu/gcc/O3/libquantum-gcc-O3/main/src/shor.c:112:19: error: expected expression')
('error:', "/home/yanlin/my-projects/decompilation/source_code/recompiled/IDA/speccpu/gcc/O3/libquantum-gcc-O3/main/src/shor.c:112:10: error: use of undeclared identifier '__m128i'")
('error:', "/home/yanlin/my-projects/decompilation/source_code/recompiled/IDA/speccpu/gcc/O3/libquantum-gcc-O3/main/src/shor.c:112:31: error: use of undeclared identifier 'v12'")
('error:', "/home/yanlin/my-projects/decompilation/source_code/recompiled/IDA/speccpu/gcc/O3/libquantum-gcc-O3/main/src/shor.c:148:7: error: use of undeclared identifier 'v17'")
('error:', "/home/yanlin/my-projects/decompilation/source_code/recompiled/IDA/speccpu/gcc/O3/libquantum-gcc-O3/main/src/shor.c:149:11: error: use of undeclared identifier 'v17'")
('error:', "/home/yanlin/my-projects/decompilation/source_code/recompiled/IDA/speccpu/gcc/O3/libquantum-gcc-O3/main/src/shor.c:150:15: error: use of undeclared identifier '_DWORD'")
('error:', "/home/yanlin/my-projects/decompilation/source_code/recompiled/IDA/speccpu/gcc/O3/libquantum-gcc-O3/main/src/shor.c:155:16: error: use of undeclared identifier '_DWORD'")
('error:', "/home/yanlin/my-projects/decompilation/source_code/recompiled/IDA/speccpu/gcc/O3/libquantum-gcc-O3/main/src/shor.c:161:70: error: use of undeclared identifier 'v17'")
('error:', "/home/yanlin/my-projects/decompilation/source_code/recompiled/IDA/speccpu/gcc/O3/libquantum-gcc-O3/main/src/shor.c:161:40: error: use of undeclared identifier 'v17'")
('error:', 'fatal error: too many errors emitted, stopping now [-ferror-limit=]')
***************** Next Function ******************
('func_count:', 11)
("func_name '", 'quantum_objcode_start', "'")
('err_func:', '/data/maliha/decompilation/data/error_without_patch/ida/speccpu/gcc/O3/libquantum-gcc-O3-compilation-errors/quantum_objcode_start')
('err_funcfile:', '/data/maliha/decompilation/data/error_without_patch/ida/speccpu/gcc/O3/libquantum-gcc-O3-compilation-errors/quantum_objcode_start')
('error:', "/home/yanlin/my-projects/decompilation/source_code/recompiled/IDA/speccpu/gcc/O3/libquantum-gcc-O3/quantum_objcode_start/src/objcode.c:140:24: error: expected ')'")
***************** Next Function ******************
('func_count:', 12)
("func_name '", 'quantum_qec_encode', "'")
('err_func:', '/data/maliha/decompilation/data/error_without_patch/ida/speccpu/gcc/O3/libquantum-gcc-O3-compilation-errors/quantum_qec_encode')
('err_funcfile:', '/data/maliha/decompilation/data/error_without_patch/ida/speccpu/gcc/O3/libquantum-gcc-O3-compilation-errors/quantum_qec_encode')
('error:', '/home/yanlin/my-projects/decompilation/source_code/recompiled/IDA/speccpu/gcc/O3/libquantum-gcc-O3/quantum_qec_encode/src/qec.c:117:3: error: expected expression')
('error:', '/home/yanlin/my-projects/decompilation/source_code/recompiled/IDA/speccpu/gcc/O3/libquantum-gcc-O3/quantum_qec_encode/src/qec.c:118:3: error: expected expression')
***************** Next Function ******************
('func_count:', 13)
("func_name '", 'quantum_frand', "'")
('err_func:', '/data/maliha/decompilation/data/error_without_patch/ida/speccpu/gcc/O3/libquantum-gcc-O3-compilation-errors/quantum_frand')
('err_funcfile:', '/data/maliha/decompilation/data/error_without_patch/ida/speccpu/gcc/O3/libquantum-gcc-O3-compilation-errors/quantum_frand')
('error:', 'clang: error: linker command failed with exit code 1 (use -v to see invocation)')
***************** Next Function ******************
('func_count:', 14)
("func_name '", 'addn', "'")
('err_func:', '/data/maliha/decompilation/data/error_without_patch/ida/speccpu/gcc/O3/libquantum-gcc-O3-compilation-errors/addn')
('err_funcfile:', '/data/maliha/decompilation/data/error_without_patch/ida/speccpu/gcc/O3/libquantum-gcc-O3-compilation-errors/addn')
('error:', 'clang: error: linker command failed with exit code 1 (use -v to see invocation)')
***************** Next Function ******************
('func_count:', 15)
("func_name '", 'quantum_qec_counter', "'")
('err_func:', '/data/maliha/decompilation/data/error_without_patch/ida/speccpu/gcc/O3/libquantum-gcc-O3-compilation-errors/quantum_qec_counter')
('err_funcfile:', '/data/maliha/decompilation/data/error_without_patch/ida/speccpu/gcc/O3/libquantum-gcc-O3-compilation-errors/quantum_qec_counter')
('error:', "/home/yanlin/my-projects/decompilation/source_code/recompiled/IDA/speccpu/gcc/O3/libquantum-gcc-O3/quantum_qec_counter/src/qec.c:157:20: error: use of undeclared identifier 'counter_1'")
('error:', "/home/yanlin/my-projects/decompilation/source_code/recompiled/IDA/speccpu/gcc/O3/libquantum-gcc-O3/quantum_qec_counter/src/qec.c:158:5: error: use of undeclared identifier 'counter_1'")
('error:', "/home/yanlin/my-projects/decompilation/source_code/recompiled/IDA/speccpu/gcc/O3/libquantum-gcc-O3/quantum_qec_counter/src/qec.c:161:12: error: use of undeclared identifier 'counter_1'")
('error:', "/home/yanlin/my-projects/decompilation/source_code/recompiled/IDA/speccpu/gcc/O3/libquantum-gcc-O3/quantum_qec_counter/src/qec.c:169:3: error: use of undeclared identifier 'counter_1'")
('error:', "/home/yanlin/my-projects/decompilation/source_code/recompiled/IDA/speccpu/gcc/O3/libquantum-gcc-O3/quantum_qec_counter/src/qec.c:174:5: error: use of undeclared identifier 'freq_0'")
('error:', "/home/yanlin/my-projects/decompilation/source_code/recompiled/IDA/speccpu/gcc/O3/libquantum-gcc-O3/quantum_qec_counter/src/qec.c:178:5: error: use of undeclared identifier 'counter_1'")
('error:', "/home/yanlin/my-projects/decompilation/source_code/recompiled/IDA/speccpu/gcc/O3/libquantum-gcc-O3/quantum_qec_counter/src/qec.c:181:12: error: use of undeclared identifier 'counter_1'")
('error:', "/home/yanlin/my-projects/decompilation/source_code/recompiled/IDA/speccpu/gcc/O3/libquantum-gcc-O3/quantum_qec_counter/src/qec.c:184:19: error: use of undeclared identifier 'freq_0'")
***************** Next Function ******************
('func_count:', 16)
("func_name '", 'quantum_decohere', "'")
('err_func:', '/data/maliha/decompilation/data/error_without_patch/ida/speccpu/gcc/O3/libquantum-gcc-O3-compilation-errors/quantum_decohere')
('err_funcfile:', '/data/maliha/decompilation/data/error_without_patch/ida/speccpu/gcc/O3/libquantum-gcc-O3-compilation-errors/quantum_decohere')
('error:', "/home/yanlin/my-projects/decompilation/source_code/recompiled/IDA/speccpu/gcc/O3/libquantum-gcc-O3/quantum_decohere/src/decoherence.c:76:3: error: use of undeclared identifier '_DWORD'")
('error:', "/home/yanlin/my-projects/decompilation/source_code/recompiled/IDA/speccpu/gcc/O3/libquantum-gcc-O3/quantum_decohere/src/decoherence.c:76:11: error: use of undeclared identifier 'v3'")
('error:', "/home/yanlin/my-projects/decompilation/source_code/recompiled/IDA/speccpu/gcc/O3/libquantum-gcc-O3/quantum_decohere/src/decoherence.c:77:3: error: unknown type name '__int64'; did you mean '__int64_t'?")
('error:', "/home/yanlin/my-projects/decompilation/source_code/recompiled/IDA/speccpu/gcc/O3/libquantum-gcc-O3/quantum_decohere/src/decoherence.c:78:3: error: unknown type name '__int64'; did you mean '__int64_t'?")
('error:', "/home/yanlin/my-projects/decompilation/source_code/recompiled/IDA/speccpu/gcc/O3/libquantum-gcc-O3/quantum_decohere/src/decoherence.c:88:3: error: unknown type name '__int64'; did you mean '__int64_t'?")
('error:', "/home/yanlin/my-projects/decompilation/source_code/recompiled/IDA/speccpu/gcc/O3/libquantum-gcc-O3/quantum_decohere/src/decoherence.c:89:3: error: unknown type name '__int64'; did you mean '__int64_t'?")
('error:', "/home/yanlin/my-projects/decompilation/source_code/recompiled/IDA/speccpu/gcc/O3/libquantum-gcc-O3/quantum_decohere/src/decoherence.c:91:19: error: expected ';' at end of declaration")
('error:', "/home/yanlin/my-projects/decompilation/source_code/recompiled/IDA/speccpu/gcc/O3/libquantum-gcc-O3/quantum_decohere/src/decoherence.c:92:12: error: redefinition of '__int64'")
('error:', "/home/yanlin/my-projects/decompilation/source_code/recompiled/IDA/speccpu/gcc/O3/libquantum-gcc-O3/quantum_decohere/src/decoherence.c:92:19: error: expected ';' at end of declaration")
('error:', "/home/yanlin/my-projects/decompilation/source_code/recompiled/IDA/speccpu/gcc/O3/libquantum-gcc-O3/quantum_decohere/src/decoherence.c:93:3: error: use of undeclared identifier 'complex_float'")
('error:', "/home/yanlin/my-projects/decompilation/source_code/recompiled/IDA/speccpu/gcc/O3/libquantum-gcc-O3/quantum_decohere/src/decoherence.c:103:5: error: use of undeclared identifier 'v3'")
('error:', "/home/yanlin/my-projects/decompilation/source_code/recompiled/IDA/speccpu/gcc/O3/libquantum-gcc-O3/quantum_decohere/src/decoherence.c:104:12: error: use of undeclared identifier 'v3'")
('error:', "/home/yanlin/my-projects/decompilation/source_code/recompiled/IDA/speccpu/gcc/O3/libquantum-gcc-O3/quantum_decohere/src/decoherence.c:137:11: error: use of undeclared identifier 'v3'")
('error:', "/home/yanlin/my-projects/decompilation/source_code/recompiled/IDA/speccpu/gcc/O3/libquantum-gcc-O3/quantum_decohere/src/decoherence.c:145:21: error: use of undeclared identifier 'v3'")
('error:', "/home/yanlin/my-projects/decompilation/source_code/recompiled/IDA/speccpu/gcc/O3/libquantum-gcc-O3/quantum_decohere/src/decoherence.c:159:18: error: use of undeclared identifier 'i'")
('error:', "/home/yanlin/my-projects/decompilation/source_code/recompiled/IDA/speccpu/gcc/O3/libquantum-gcc-O3/quantum_decohere/src/decoherence.c:159:27: error: use of undeclared identifier 'i'")
('error:', "/home/yanlin/my-projects/decompilation/source_code/recompiled/IDA/speccpu/gcc/O3/libquantum-gcc-O3/quantum_decohere/src/decoherence.c:159:38: error: use of undeclared identifier 'i'")
('error:', "/home/yanlin/my-projects/decompilation/source_code/recompiled/IDA/speccpu/gcc/O3/libquantum-gcc-O3/quantum_decohere/src/decoherence.c:163:30: error: use of undeclared identifier 'v3'")
('error:', "/home/yanlin/my-projects/decompilation/source_code/recompiled/IDA/speccpu/gcc/O3/libquantum-gcc-O3/quantum_decohere/src/decoherence.c:163:33: error: use of undeclared identifier 'i'")
('error:', 'fatal error: too many errors emitted, stopping now [-ferror-limit=]')
***************** Next Function ******************
('func_count:', 17)
("func_name '", 'quantum_bmeasure_bitpreserve', "'")
('err_func:', '/data/maliha/decompilation/data/error_without_patch/ida/speccpu/gcc/O3/libquantum-gcc-O3-compilation-errors/quantum_bmeasure_bitpreserve')
('err_funcfile:', '/data/maliha/decompilation/data/error_without_patch/ida/speccpu/gcc/O3/libquantum-gcc-O3-compilation-errors/quantum_bmeasure_bitpreserve')
('error:', "/home/yanlin/my-projects/decompilation/source_code/recompiled/IDA/speccpu/gcc/O3/libquantum-gcc-O3/quantum_bmeasure_bitpreserve/src/measure.c:143:3: error: unknown type name '__int64'; did you mean '__int64_t'?")
('error:', "/home/yanlin/my-projects/decompilation/source_code/recompiled/IDA/speccpu/gcc/O3/libquantum-gcc-O3/quantum_bmeasure_bitpreserve/src/measure.c:145:3: error: unknown type name '__int64'; did you mean '__int64_t'?")
('error:', "/home/yanlin/my-projects/decompilation/source_code/recompiled/IDA/speccpu/gcc/O3/libquantum-gcc-O3/quantum_bmeasure_bitpreserve/src/measure.c:156:3: error: unknown type name '__int64'; did you mean '__int64_t'?")
('error:', "/home/yanlin/my-projects/decompilation/source_code/recompiled/IDA/speccpu/gcc/O3/libquantum-gcc-O3/quantum_bmeasure_bitpreserve/src/measure.c:163:3: error: unknown type name '__int64'; did you mean '__int64_t'?")
('error:', "/home/yanlin/my-projects/decompilation/source_code/recompiled/IDA/speccpu/gcc/O3/libquantum-gcc-O3/quantum_bmeasure_bitpreserve/src/measure.c:175:19: error: expected ';' at end of declaration")
('error:', "/home/yanlin/my-projects/decompilation/source_code/recompiled/IDA/speccpu/gcc/O3/libquantum-gcc-O3/quantum_bmeasure_bitpreserve/src/measure.c:177:3: error: use of undeclared identifier '__m128i'")
('error:', "/home/yanlin/my-projects/decompilation/source_code/recompiled/IDA/speccpu/gcc/O3/libquantum-gcc-O3/quantum_bmeasure_bitpreserve/src/measure.c:178:3: error: use of undeclared identifier '__m128i'")
('error:', "/home/yanlin/my-projects/decompilation/source_code/recompiled/IDA/speccpu/gcc/O3/libquantum-gcc-O3/quantum_bmeasure_bitpreserve/src/measure.c:204:49: error: member reference base type '_Complex float' is not a structure or union")
('error:', "/home/yanlin/my-projects/decompilation/source_code/recompiled/IDA/speccpu/gcc/O3/libquantum-gcc-O3/quantum_bmeasure_bitpreserve/src/measure.c:204:72: error: member reference base type '_Complex float' is not a structure or union")
('error:', "/home/yanlin/my-projects/decompilation/source_code/recompiled/IDA/speccpu/gcc/O3/libquantum-gcc-O3/quantum_bmeasure_bitpreserve/src/measure.c:205:47: error: member reference base type '_Complex float' is not a structure or union")
('error:', "/home/yanlin/my-projects/decompilation/source_code/recompiled/IDA/speccpu/gcc/O3/libquantum-gcc-O3/quantum_bmeasure_bitpreserve/src/measure.c:205:70: error: member reference base type '_Complex float' is not a structure or union")
('error:', "/home/yanlin/my-projects/decompilation/source_code/recompiled/IDA/speccpu/gcc/O3/libquantum-gcc-O3/quantum_bmeasure_bitpreserve/src/measure.c:212:3: error: use of undeclared identifier 'v41'")
('error:', '/home/yanlin/my-projects/decompilation/source_code/recompiled/IDA/speccpu/gcc/O3/libquantum-gcc-O3/quantum_bmeasure_bitpreserve/src/measure.c:218:16: error: expression is not assignable')
('error:', "/home/yanlin/my-projects/decompilation/source_code/recompiled/IDA/speccpu/gcc/O3/libquantum-gcc-O3/quantum_bmeasure_bitpreserve/src/measure.c:223:23: error: use of undeclared identifier 'v41'")
('error:', "/home/yanlin/my-projects/decompilation/source_code/recompiled/IDA/speccpu/gcc/O3/libquantum-gcc-O3/quantum_bmeasure_bitpreserve/src/measure.c:237:23: error: member reference base type '_Complex float' is not a structure or union")
('error:', "/home/yanlin/my-projects/decompilation/source_code/recompiled/IDA/speccpu/gcc/O3/libquantum-gcc-O3/quantum_bmeasure_bitpreserve/src/measure.c:238:23: error: member reference base type '_Complex float' is not a structure or union")
('error:', "/home/yanlin/my-projects/decompilation/source_code/recompiled/IDA/speccpu/gcc/O3/libquantum-gcc-O3/quantum_bmeasure_bitpreserve/src/measure.c:244:28: error: member reference base type '_Complex float' is not a structure or union")
('error:', "/home/yanlin/my-projects/decompilation/source_code/recompiled/IDA/speccpu/gcc/O3/libquantum-gcc-O3/quantum_bmeasure_bitpreserve/src/measure.c:245:28: error: member reference base type '_Complex float' is not a structure or union")
('error:', "/home/yanlin/my-projects/decompilation/source_code/recompiled/IDA/speccpu/gcc/O3/libquantum-gcc-O3/quantum_bmeasure_bitpreserve/src/measure.c:261:21: error: use of undeclared identifier 'v41'")
('error:', 'fatal error: too many errors emitted, stopping now [-ferror-limit=]')
***************** Next Function ******************
('func_count:', 18)
("func_name '", 'quantum_set_decoherence', "'")
('err_func:', '/data/maliha/decompilation/data/error_without_patch/ida/speccpu/gcc/O3/libquantum-gcc-O3-compilation-errors/quantum_set_decoherence')
('err_funcfile:', '/data/maliha/decompilation/data/error_without_patch/ida/speccpu/gcc/O3/libquantum-gcc-O3-compilation-errors/quantum_set_decoherence')
('error:', 'clang: error: linker command failed with exit code 1 (use -v to see invocation)')
***************** Next Function ******************
('func_count:', 19)
("func_name '", 'quantum_hadamard', "'")
('err_func:', '/data/maliha/decompilation/data/error_without_patch/ida/speccpu/gcc/O3/libquantum-gcc-O3-compilation-errors/quantum_hadamard')
('err_funcfile:', '/data/maliha/decompilation/data/error_without_patch/ida/speccpu/gcc/O3/libquantum-gcc-O3-compilation-errors/quantum_hadamard')
('error:', "/home/yanlin/my-projects/decompilation/source_code/recompiled/IDA/speccpu/gcc/O3/libquantum-gcc-O3/quantum_hadamard/src/gates.c:656:3: error: unknown type name '__int64'; did you mean '__int64_t'?")
('error:', '/home/yanlin/my-projects/decompilation/source_code/recompiled/IDA/speccpu/gcc/O3/libquantum-gcc-O3/quantum_hadamard/src/gates.c:663:21: error: expected expression')
('error:', "/home/yanlin/my-projects/decompilation/source_code/recompiled/IDA/speccpu/gcc/O3/libquantum-gcc-O3/quantum_hadamard/src/gates.c:663:13: error: use of undeclared identifier '_QWORD'")
('error:', "/home/yanlin/my-projects/decompilation/source_code/recompiled/IDA/speccpu/gcc/O3/libquantum-gcc-O3/quantum_hadamard/src/gates.c:664:9: error: member reference base type '_Complex float' is not a structure or union")
('error:', "/home/yanlin/my-projects/decompilation/source_code/recompiled/IDA/speccpu/gcc/O3/libquantum-gcc-O3/quantum_hadamard/src/gates.c:665:12: error: member reference base type '_Complex float' is not a structure or union")
('error:', "/home/yanlin/my-projects/decompilation/source_code/recompiled/IDA/speccpu/gcc/O3/libquantum-gcc-O3/quantum_hadamard/src/gates.c:666:12: error: member reference base type '_Complex float' is not a structure or union")
('error:', "/home/yanlin/my-projects/decompilation/source_code/recompiled/IDA/speccpu/gcc/O3/libquantum-gcc-O3/quantum_hadamard/src/gates.c:667:9: error: member reference base type '_Complex float' is not a structure or union")
('error:', "/home/yanlin/my-projects/decompilation/source_code/recompiled/IDA/speccpu/gcc/O3/libquantum-gcc-O3/quantum_hadamard/src/gates.c:668:12: error: member reference base type '_Complex float' is not a structure or union")
('error:', "/home/yanlin/my-projects/decompilation/source_code/recompiled/IDA/speccpu/gcc/O3/libquantum-gcc-O3/quantum_hadamard/src/gates.c:669:12: error: member reference base type '_Complex float' is not a structure or union")
('error:', "/home/yanlin/my-projects/decompilation/source_code/recompiled/IDA/speccpu/gcc/O3/libquantum-gcc-O3/quantum_hadamard/src/gates.c:670:12: error: member reference base type '_Complex float' is not a structure or union")
('error:', "/home/yanlin/my-projects/decompilation/source_code/recompiled/IDA/speccpu/gcc/O3/libquantum-gcc-O3/quantum_hadamard/src/gates.c:671:12: error: member reference base type '_Complex float' is not a structure or union")
***************** Next Function ******************
('func_count:', 20)
("func_name '", 'quantum_kronecker', "'")
('err_func:', '/data/maliha/decompilation/data/error_without_patch/ida/speccpu/gcc/O3/libquantum-gcc-O3-compilation-errors/quantum_kronecker')
('err_funcfile:', '/data/maliha/decompilation/data/error_without_patch/ida/speccpu/gcc/O3/libquantum-gcc-O3-compilation-errors/quantum_kronecker')
('error:', "/home/yanlin/my-projects/decompilation/source_code/recompiled/IDA/speccpu/gcc/O3/libquantum-gcc-O3/quantum_kronecker/src/qureg.c:284:25: error: conflicting types for 'quantum_kronecker'")
('error:', "/home/yanlin/my-projects/decompilation/source_code/recompiled/IDA/speccpu/gcc/O3/libquantum-gcc-O3/quantum_kronecker/src/qureg.c:293:3: error: unknown type name '__int64'; did you mean '__int64_t'?")
('error:', "/home/yanlin/my-projects/decompilation/source_code/recompiled/IDA/speccpu/gcc/O3/libquantum-gcc-O3/quantum_kronecker/src/qureg.c:295:3: error: unknown type name '__int64'; did you mean '__int64_t'?")
('error:', "/home/yanlin/my-projects/decompilation/source_code/recompiled/IDA/speccpu/gcc/O3/libquantum-gcc-O3/quantum_kronecker/src/qureg.c:296:3: error: unknown type name '__int64'; did you mean '__int64_t'?")
('error:', "/home/yanlin/my-projects/decompilation/source_code/recompiled/IDA/speccpu/gcc/O3/libquantum-gcc-O3/quantum_kronecker/src/qureg.c:306:3: error: use of undeclared identifier '__m128i'")
('error:', "/home/yanlin/my-projects/decompilation/source_code/recompiled/IDA/speccpu/gcc/O3/libquantum-gcc-O3/quantum_kronecker/src/qureg.c:310:3: error: unknown type name '__int64'; did you mean '__int64_t'?")
('error:', "/home/yanlin/my-projects/decompilation/source_code/recompiled/IDA/speccpu/gcc/O3/libquantum-gcc-O3/quantum_kronecker/src/qureg.c:343:15: error: use of undeclared identifier '__int64'")
('error:', "/home/yanlin/my-projects/decompilation/source_code/recompiled/IDA/speccpu/gcc/O3/libquantum-gcc-O3/quantum_kronecker/src/qureg.c:351:32: error: member reference base type '_Complex float' is not a structure or union")
('error:', "/home/yanlin/my-projects/decompilation/source_code/recompiled/IDA/speccpu/gcc/O3/libquantum-gcc-O3/quantum_kronecker/src/qureg.c:352:31: error: member reference base type '_Complex float' is not a structure or union")
('error:', "/home/yanlin/my-projects/decompilation/source_code/recompiled/IDA/speccpu/gcc/O3/libquantum-gcc-O3/quantum_kronecker/src/qureg.c:353:32: error: member reference base type '_Complex float' is not a structure or union")
('error:', "/home/yanlin/my-projects/decompilation/source_code/recompiled/IDA/speccpu/gcc/O3/libquantum-gcc-O3/quantum_kronecker/src/qureg.c:354:31: error: member reference base type '_Complex float' is not a structure or union")
('error:', "/home/yanlin/my-projects/decompilation/source_code/recompiled/IDA/speccpu/gcc/O3/libquantum-gcc-O3/quantum_kronecker/src/qureg.c:355:31: error: member reference base type '_Complex float' is not a structure or union")
('error:', "/home/yanlin/my-projects/decompilation/source_code/recompiled/IDA/speccpu/gcc/O3/libquantum-gcc-O3/quantum_kronecker/src/qureg.c:356:31: error: member reference base type '_Complex float' is not a structure or union")
('error:', "/home/yanlin/my-projects/decompilation/source_code/recompiled/IDA/speccpu/gcc/O3/libquantum-gcc-O3/quantum_kronecker/src/qureg.c:356:53: error: member reference base type '_Complex float' is not a structure or union")
('error:', '/home/yanlin/my-projects/decompilation/source_code/recompiled/IDA/speccpu/gcc/O3/libquantum-gcc-O3/quantum_kronecker/src/qureg.c:357:24: error: expected expression')
('error:', "/home/yanlin/my-projects/decompilation/source_code/recompiled/IDA/speccpu/gcc/O3/libquantum-gcc-O3/quantum_kronecker/src/qureg.c:357:16: error: use of undeclared identifier '_QWORD'")
('error:', "/home/yanlin/my-projects/decompilation/source_code/recompiled/IDA/speccpu/gcc/O3/libquantum-gcc-O3/quantum_kronecker/src/qureg.c:370:3: error: use of undeclared identifier 'v25'")
('error:', '/home/yanlin/my-projects/decompilation/source_code/recompiled/IDA/speccpu/gcc/O3/libquantum-gcc-O3/quantum_kronecker/src/qureg.c:373:14: error: expected expression')
('error:', "/home/yanlin/my-projects/decompilation/source_code/recompiled/IDA/speccpu/gcc/O3/libquantum-gcc-O3/quantum_kronecker/src/qureg.c:373:6: error: use of undeclared identifier '_QWORD'")
('error:', 'fatal error: too many errors emitted, stopping now [-ferror-limit=]')
***************** Next Function ******************
('func_count:', 21)
("func_name '", 'emul', "'")
('err_func:', '/data/maliha/decompilation/data/error_without_patch/ida/speccpu/gcc/O3/libquantum-gcc-O3-compilation-errors/emul')
('err_funcfile:', '/data/maliha/decompilation/data/error_without_patch/ida/speccpu/gcc/O3/libquantum-gcc-O3-compilation-errors/emul')
('error:', "/home/yanlin/my-projects/decompilation/source_code/recompiled/IDA/speccpu/gcc/O3/libquantum-gcc-O3/emul/src/omuln.c:33:3: error: use of undeclared identifier 'bool'")
('error:', "/home/yanlin/my-projects/decompilation/source_code/recompiled/IDA/speccpu/gcc/O3/libquantum-gcc-O3/emul/src/omuln.c:43:9: error: use of undeclared identifier 'v9'")
('error:', "/home/yanlin/my-projects/decompilation/source_code/recompiled/IDA/speccpu/gcc/O3/libquantum-gcc-O3/emul/src/omuln.c:44:15: error: use of undeclared identifier 'v9'")
('error:', "/home/yanlin/my-projects/decompilation/source_code/recompiled/IDA/speccpu/gcc/O3/libquantum-gcc-O3/emul/src/omuln.c:48:7: error: use of undeclared identifier 'v9'")
('error:', "/home/yanlin/my-projects/decompilation/source_code/recompiled/IDA/speccpu/gcc/O3/libquantum-gcc-O3/emul/src/omuln.c:50:15: error: use of undeclared identifier 'v9'")
***************** Next Function ******************
('func_count:', 22)
("func_name '", 'quantum_r_x', "'")
('err_func:', '/data/maliha/decompilation/data/error_without_patch/ida/speccpu/gcc/O3/libquantum-gcc-O3-compilation-errors/quantum_r_x')
('err_funcfile:', '/data/maliha/decompilation/data/error_without_patch/ida/speccpu/gcc/O3/libquantum-gcc-O3-compilation-errors/quantum_r_x')
('error:', "/home/yanlin/my-projects/decompilation/source_code/recompiled/IDA/speccpu/gcc/O3/libquantum-gcc-O3/quantum_r_x/src/gates.c:685:43: error: unknown type name '__m128i'")
('error:', "/home/yanlin/my-projects/decompilation/source_code/recompiled/IDA/speccpu/gcc/O3/libquantum-gcc-O3/quantum_r_x/src/gates.c:688:3: error: use of undeclared identifier 'complex_float'")
('error:', "/home/yanlin/my-projects/decompilation/source_code/recompiled/IDA/speccpu/gcc/O3/libquantum-gcc-O3/quantum_r_x/src/gates.c:688:18: error: use of undeclared identifier 't'")
('error:', "/home/yanlin/my-projects/decompilation/source_code/recompiled/IDA/speccpu/gcc/O3/libquantum-gcc-O3/quantum_r_x/src/gates.c:702:5: error: use of undeclared identifier 't'")
('error:', "/home/yanlin/my-projects/decompilation/source_code/recompiled/IDA/speccpu/gcc/O3/libquantum-gcc-O3/quantum_r_x/src/gates.c:706:8: error: member reference base type '_Complex float' is not a structure or union")
('error:', "/home/yanlin/my-projects/decompilation/source_code/recompiled/IDA/speccpu/gcc/O3/libquantum-gcc-O3/quantum_r_x/src/gates.c:708:5: error: use of undeclared identifier 't'")
('error:', "/home/yanlin/my-projects/decompilation/source_code/recompiled/IDA/speccpu/gcc/O3/libquantum-gcc-O3/quantum_r_x/src/gates.c:711:5: error: use of undeclared identifier 't'")
('error:', "/home/yanlin/my-projects/decompilation/source_code/recompiled/IDA/speccpu/gcc/O3/libquantum-gcc-O3/quantum_r_x/src/gates.c:712:5: error: use of undeclared identifier 't'")
('error:', "/home/yanlin/my-projects/decompilation/source_code/recompiled/IDA/speccpu/gcc/O3/libquantum-gcc-O3/quantum_r_x/src/gates.c:713:5: error: use of undeclared identifier 't'")
('error:', "/home/yanlin/my-projects/decompilation/source_code/recompiled/IDA/speccpu/gcc/O3/libquantum-gcc-O3/quantum_r_x/src/gates.c:714:5: error: use of undeclared identifier 't'")
('error:', "/home/yanlin/my-projects/decompilation/source_code/recompiled/IDA/speccpu/gcc/O3/libquantum-gcc-O3/quantum_r_x/src/gates.c:716:5: error: use of undeclared identifier 't'")
('error:', "/home/yanlin/my-projects/decompilation/source_code/recompiled/IDA/speccpu/gcc/O3/libquantum-gcc-O3/quantum_r_x/src/gates.c:717:5: error: use of undeclared identifier 't'")
***************** Next Function ******************
('func_count:', 23)
("func_name '", 'quantum_state_collapse', "'")
('err_func:', '/data/maliha/decompilation/data/error_without_patch/ida/speccpu/gcc/O3/libquantum-gcc-O3-compilation-errors/quantum_state_collapse')
('err_funcfile:', '/data/maliha/decompilation/data/error_without_patch/ida/speccpu/gcc/O3/libquantum-gcc-O3-compilation-errors/quantum_state_collapse')
('error:', "/home/yanlin/my-projects/decompilation/source_code/recompiled/IDA/speccpu/gcc/O3/libquantum-gcc-O3/quantum_state_collapse/src/qureg.c:334:25: error: conflicting types for 'quantum_state_collapse'")
('error:', "/home/yanlin/my-projects/decompilation/source_code/recompiled/IDA/speccpu/gcc/O3/libquantum-gcc-O3/quantum_state_collapse/src/qureg.c:336:3: error: unknown type name '__int64'; did you mean '__int64_t'?")
('error:', "/home/yanlin/my-projects/decompilation/source_code/recompiled/IDA/speccpu/gcc/O3/libquantum-gcc-O3/quantum_state_collapse/src/qureg.c:338:3: error: unknown type name '__int64'; did you mean '__int64_t'?")
('error:', "/home/yanlin/my-projects/decompilation/source_code/recompiled/IDA/speccpu/gcc/O3/libquantum-gcc-O3/quantum_state_collapse/src/qureg.c:346:3: error: unknown type name '__int64'; did you mean '__int64_t'?")
('error:', "/home/yanlin/my-projects/decompilation/source_code/recompiled/IDA/speccpu/gcc/O3/libquantum-gcc-O3/quantum_state_collapse/src/qureg.c:348:3: error: use of undeclared identifier '__m128i'")
('error:', "/home/yanlin/my-projects/decompilation/source_code/recompiled/IDA/speccpu/gcc/O3/libquantum-gcc-O3/quantum_state_collapse/src/qureg.c:351:19: error: expected ';' at end of declaration")
('error:', "/home/yanlin/my-projects/decompilation/source_code/recompiled/IDA/speccpu/gcc/O3/libquantum-gcc-O3/quantum_state_collapse/src/qureg.c:352:10: error: expected ';' after expression")
('error:', "/home/yanlin/my-projects/decompilation/source_code/recompiled/IDA/speccpu/gcc/O3/libquantum-gcc-O3/quantum_state_collapse/src/qureg.c:352:11: error: use of undeclared identifier 'v23'")
('error:', "/home/yanlin/my-projects/decompilation/source_code/recompiled/IDA/speccpu/gcc/O3/libquantum-gcc-O3/quantum_state_collapse/src/qureg.c:354:10: error: expected ';' after expression")
('error:', "/home/yanlin/my-projects/decompilation/source_code/recompiled/IDA/speccpu/gcc/O3/libquantum-gcc-O3/quantum_state_collapse/src/qureg.c:354:11: error: use of undeclared identifier 'v25'")
('error:', "/home/yanlin/my-projects/decompilation/source_code/recompiled/IDA/speccpu/gcc/O3/libquantum-gcc-O3/quantum_state_collapse/src/qureg.c:355:10: error: expected ';' after expression")
('error:', "/home/yanlin/my-projects/decompilation/source_code/recompiled/IDA/speccpu/gcc/O3/libquantum-gcc-O3/quantum_state_collapse/src/qureg.c:355:11: error: use of undeclared identifier 'v26'")
('error:', "/home/yanlin/my-projects/decompilation/source_code/recompiled/IDA/speccpu/gcc/O3/libquantum-gcc-O3/quantum_state_collapse/src/qureg.c:357:10: error: expected ';' after expression")
('error:', "/home/yanlin/my-projects/decompilation/source_code/recompiled/IDA/speccpu/gcc/O3/libquantum-gcc-O3/quantum_state_collapse/src/qureg.c:357:11: error: use of undeclared identifier 'v28'")
('error:', "/home/yanlin/my-projects/decompilation/source_code/recompiled/IDA/speccpu/gcc/O3/libquantum-gcc-O3/quantum_state_collapse/src/qureg.c:360:10: error: expected ';' after expression")
('error:', "/home/yanlin/my-projects/decompilation/source_code/recompiled/IDA/speccpu/gcc/O3/libquantum-gcc-O3/quantum_state_collapse/src/qureg.c:360:11: error: use of undeclared identifier 'v31'")
('error:', "/home/yanlin/my-projects/decompilation/source_code/recompiled/IDA/speccpu/gcc/O3/libquantum-gcc-O3/quantum_state_collapse/src/qureg.c:367:10: error: expected ';' after expression")
('error:', "/home/yanlin/my-projects/decompilation/source_code/recompiled/IDA/speccpu/gcc/O3/libquantum-gcc-O3/quantum_state_collapse/src/qureg.c:367:11: error: use of undeclared identifier 'x'")
('error:', "/home/yanlin/my-projects/decompilation/source_code/recompiled/IDA/speccpu/gcc/O3/libquantum-gcc-O3/quantum_state_collapse/src/qureg.c:368:10: error: expected ';' after expression")
('error:', 'fatal error: too many errors emitted, stopping now [-ferror-limit=]')
***************** Next Function ******************
('func_count:', 24)
("func_name '", 'quantum_qureg2matrix', "'")
('err_func:', '/data/maliha/decompilation/data/error_without_patch/ida/speccpu/gcc/O3/libquantum-gcc-O3-compilation-errors/quantum_qureg2matrix')
('err_funcfile:', '/data/maliha/decompilation/data/error_without_patch/ida/speccpu/gcc/O3/libquantum-gcc-O3-compilation-errors/quantum_qureg2matrix')
('error:', "/home/yanlin/my-projects/decompilation/source_code/recompiled/IDA/speccpu/gcc/O3/libquantum-gcc-O3/quantum_qureg2matrix/src/qureg.c:162:1: error: unknown type name '__int64'; did you mean '__int64_t'?")
('error:', "/home/yanlin/my-projects/decompilation/source_code/recompiled/IDA/speccpu/gcc/O3/libquantum-gcc-O3/quantum_qureg2matrix/src/qureg.c:162:20: error: conflicting types for 'quantum_qureg2matrix'")
('error:', "/home/yanlin/my-projects/decompilation/source_code/recompiled/IDA/speccpu/gcc/O3/libquantum-gcc-O3/quantum_qureg2matrix/src/qureg.c:165:3: error: unknown type name '__int64'; did you mean '__int64_t'?")
('error:', "/home/yanlin/my-projects/decompilation/source_code/recompiled/IDA/speccpu/gcc/O3/libquantum-gcc-O3/quantum_qureg2matrix/src/qureg.c:166:3: error: use of undeclared identifier 'complex_float'")
('error:', "/home/yanlin/my-projects/decompilation/source_code/recompiled/IDA/speccpu/gcc/O3/libquantum-gcc-O3/quantum_qureg2matrix/src/qureg.c:166:18: error: use of undeclared identifier 't'")
('error:', "/home/yanlin/my-projects/decompilation/source_code/recompiled/IDA/speccpu/gcc/O3/libquantum-gcc-O3/quantum_qureg2matrix/src/qureg.c:170:19: error: expected ';' at end of declaration")
('error:', '/home/yanlin/my-projects/decompilation/source_code/recompiled/IDA/speccpu/gcc/O3/libquantum-gcc-O3/quantum_qureg2matrix/src/qureg.c:173:19: error: expected expression')
('error:', "/home/yanlin/my-projects/decompilation/source_code/recompiled/IDA/speccpu/gcc/O3/libquantum-gcc-O3/quantum_qureg2matrix/src/qureg.c:173:11: error: use of undeclared identifier '_QWORD'")
('error:', "/home/yanlin/my-projects/decompilation/source_code/recompiled/IDA/speccpu/gcc/O3/libquantum-gcc-O3/quantum_qureg2matrix/src/qureg.c:174:3: error: use of undeclared identifier 't'")
('error:', "/home/yanlin/my-projects/decompilation/source_code/recompiled/IDA/speccpu/gcc/O3/libquantum-gcc-O3/quantum_qureg2matrix/src/qureg.c:180:29: error: member reference base type '_Complex float' is not a structure or union")
('error:', "/home/yanlin/my-projects/decompilation/source_code/recompiled/IDA/speccpu/gcc/O3/libquantum-gcc-O3/quantum_qureg2matrix/src/qureg.c:181:29: error: member reference base type '_Complex float' is not a structure or union")
('error:', "/home/yanlin/my-projects/decompilation/source_code/recompiled/IDA/speccpu/gcc/O3/libquantum-gcc-O3/quantum_qureg2matrix/src/qureg.c:183:7: error: use of undeclared identifier 'state'")
('error:', "/home/yanlin/my-projects/decompilation/source_code/recompiled/IDA/speccpu/gcc/O3/libquantum-gcc-O3/quantum_qureg2matrix/src/qureg.c:184:7: error: use of undeclared identifier 't'")
('error:', "/home/yanlin/my-projects/decompilation/source_code/recompiled/IDA/speccpu/gcc/O3/libquantum-gcc-O3/quantum_qureg2matrix/src/qureg.c:184:9: error: use of undeclared identifier 'state'")
('error:', "/home/yanlin/my-projects/decompilation/source_code/recompiled/IDA/speccpu/gcc/O3/libquantum-gcc-O3/quantum_qureg2matrix/src/qureg.c:185:7: error: use of undeclared identifier 't'")
('error:', "/home/yanlin/my-projects/decompilation/source_code/recompiled/IDA/speccpu/gcc/O3/libquantum-gcc-O3/quantum_qureg2matrix/src/qureg.c:185:9: error: use of undeclared identifier 'state'")
***************** Next Function ******************
('func_count:', 25)
("func_name '", 'quantum_measure', "'")
('err_func:', '/data/maliha/decompilation/data/error_without_patch/ida/speccpu/gcc/O3/libquantum-gcc-O3-compilation-errors/quantum_measure')
('err_funcfile:', '/data/maliha/decompilation/data/error_without_patch/ida/speccpu/gcc/O3/libquantum-gcc-O3-compilation-errors/quantum_measure')
('error:', "/home/yanlin/my-projects/decompilation/source_code/recompiled/IDA/speccpu/gcc/O3/libquantum-gcc-O3/quantum_measure/src/measure.c:61:17: error: expected ';' after top level declarator")
('error:', "/home/yanlin/my-projects/decompilation/source_code/recompiled/IDA/speccpu/gcc/O3/libquantum-gcc-O3/quantum_measure/src/measure.c:64:19: error: expected ';' at end of declaration")
('error:', "/home/yanlin/my-projects/decompilation/source_code/recompiled/IDA/speccpu/gcc/O3/libquantum-gcc-O3/quantum_measure/src/measure.c:69:3: error: use of undeclared identifier 'result'")
('error:', "/home/yanlin/my-projects/decompilation/source_code/recompiled/IDA/speccpu/gcc/O3/libquantum-gcc-O3/quantum_measure/src/measure.c:83:49: error: member reference base type '_Complex float' is not a structure or union")
('error:', "/home/yanlin/my-projects/decompilation/source_code/recompiled/IDA/speccpu/gcc/O3/libquantum-gcc-O3/quantum_measure/src/measure.c:83:72: error: member reference base type '_Complex float' is not a structure or union")
('error:', "/home/yanlin/my-projects/decompilation/source_code/recompiled/IDA/speccpu/gcc/O3/libquantum-gcc-O3/quantum_measure/src/measure.c:84:47: error: member reference base type '_Complex float' is not a structure or union")
('error:', "/home/yanlin/my-projects/decompilation/source_code/recompiled/IDA/speccpu/gcc/O3/libquantum-gcc-O3/quantum_measure/src/measure.c:84:70: error: member reference base type '_Complex float' is not a structure or union")
('error:', "/home/yanlin/my-projects/decompilation/source_code/recompiled/IDA/speccpu/gcc/O3/libquantum-gcc-O3/quantum_measure/src/measure.c:93:10: error: use of undeclared identifier 'result'")
***************** Next Function ******************
('func_count:', 26)
("func_name '", 'quantum_bmeasure', "'")
('err_func:', '/data/maliha/decompilation/data/error_without_patch/ida/speccpu/gcc/O3/libquantum-gcc-O3-compilation-errors/quantum_bmeasure')
('err_funcfile:', '/data/maliha/decompilation/data/error_without_patch/ida/speccpu/gcc/O3/libquantum-gcc-O3-compilation-errors/quantum_bmeasure')
('error:', "/home/yanlin/my-projects/decompilation/source_code/recompiled/IDA/speccpu/gcc/O3/libquantum-gcc-O3/quantum_bmeasure/src/measure.c:104:3: error: unknown type name '__int64'; did you mean '__int64_t'?")
('error:', "/home/yanlin/my-projects/decompilation/source_code/recompiled/IDA/speccpu/gcc/O3/libquantum-gcc-O3/quantum_bmeasure/src/measure.c:107:3: error: use of undeclared identifier '__m128i'")
('error:', "/home/yanlin/my-projects/decompilation/source_code/recompiled/IDA/speccpu/gcc/O3/libquantum-gcc-O3/quantum_bmeasure/src/measure.c:129:51: error: member reference base type '_Complex float' is not a structure or union")
('error:', "/home/yanlin/my-projects/decompilation/source_code/recompiled/IDA/speccpu/gcc/O3/libquantum-gcc-O3/quantum_bmeasure/src/measure.c:129:74: error: member reference base type '_Complex float' is not a structure or union")
('error:', "/home/yanlin/my-projects/decompilation/source_code/recompiled/IDA/speccpu/gcc/O3/libquantum-gcc-O3/quantum_bmeasure/src/measure.c:130:49: error: member reference base type '_Complex float' is not a structure or union")
('error:', "/home/yanlin/my-projects/decompilation/source_code/recompiled/IDA/speccpu/gcc/O3/libquantum-gcc-O3/quantum_bmeasure/src/measure.c:130:72: error: member reference base type '_Complex float' is not a structure or union")
('error:', '/home/yanlin/my-projects/decompilation/source_code/recompiled/IDA/speccpu/gcc/O3/libquantum-gcc-O3/quantum_bmeasure/src/measure.c:138:17: error: expression is not assignable')
('error:', "/home/yanlin/my-projects/decompilation/source_code/recompiled/IDA/speccpu/gcc/O3/libquantum-gcc-O3/quantum_bmeasure/src/measure.c:139:53: error: expected ')'")
('error:', '/home/yanlin/my-projects/decompilation/source_code/recompiled/IDA/speccpu/gcc/O3/libquantum-gcc-O3/quantum_bmeasure/src/measure.c:139:65: error: too many arguments to function call, expected 3, have 4')
('error:', "/home/yanlin/my-projects/decompilation/source_code/recompiled/IDA/speccpu/gcc/O3/libquantum-gcc-O3/quantum_bmeasure/src/measure.c:141:5: error: use of undeclared identifier 'v9'")
('error:', "/home/yanlin/my-projects/decompilation/source_code/recompiled/IDA/speccpu/gcc/O3/libquantum-gcc-O3/quantum_bmeasure/src/measure.c:141:35: error: unknown type name '__m128i'")
('error:', '/home/yanlin/my-projects/decompilation/source_code/recompiled/IDA/speccpu/gcc/O3/libquantum-gcc-O3/quantum_bmeasure/src/measure.c:142:17: error: expected expression')
('error:', "/home/yanlin/my-projects/decompilation/source_code/recompiled/IDA/speccpu/gcc/O3/libquantum-gcc-O3/quantum_bmeasure/src/measure.c:142:8: error: use of undeclared identifier '__m128i'")
('error:', "/home/yanlin/my-projects/decompilation/source_code/recompiled/IDA/speccpu/gcc/O3/libquantum-gcc-O3/quantum_bmeasure/src/measure.c:142:57: error: unknown type name '__m128i'")
('error:', '/home/yanlin/my-projects/decompilation/source_code/recompiled/IDA/speccpu/gcc/O3/libquantum-gcc-O3/quantum_bmeasure/src/measure.c:143:17: error: expected expression')
('error:', "/home/yanlin/my-projects/decompilation/source_code/recompiled/IDA/speccpu/gcc/O3/libquantum-gcc-O3/quantum_bmeasure/src/measure.c:143:8: error: use of undeclared identifier '__m128i'")
('error:', "/home/yanlin/my-projects/decompilation/source_code/recompiled/IDA/speccpu/gcc/O3/libquantum-gcc-O3/quantum_bmeasure/src/measure.c:143:31: error: use of undeclared identifier 'v9'")
***************** Next Function ******************
('func_count:', 27)
("func_name '", 'quantum_double2char', "'")
('err_func:', '/data/maliha/decompilation/data/error_without_patch/ida/speccpu/gcc/O3/libquantum-gcc-O3-compilation-errors/quantum_double2char')
('err_funcfile:', '/data/maliha/decompilation/data/error_without_patch/ida/speccpu/gcc/O3/libquantum-gcc-O3-compilation-errors/quantum_double2char')
('error:', "/home/yanlin/my-projects/decompilation/source_code/recompiled/IDA/speccpu/gcc/O3/libquantum-gcc-O3/quantum_double2char/src/objcode.c:90:77: error: expected ')'")
('error:', "/home/yanlin/my-projects/decompilation/source_code/recompiled/IDA/speccpu/gcc/O3/libquantum-gcc-O3/quantum_double2char/src/objcode.c:92:15: error: use of undeclared identifier 'buf'")
('error:', '/home/yanlin/my-projects/decompilation/source_code/recompiled/IDA/speccpu/gcc/O3/libquantum-gcc-O3/quantum_double2char/src/objcode.c:219:49: error: too few arguments to function call, expected 3, have 2')
('error:', '/home/yanlin/my-projects/decompilation/source_code/recompiled/IDA/speccpu/gcc/O3/libquantum-gcc-O3/quantum_double2char/src/objcode.c:228:51: error: too few arguments to function call, expected 3, have 2')
***************** Next Function ******************
('func_count:', 28)
("func_name '", 'quantum_gate1', "'")
('err_func:', '/data/maliha/decompilation/data/error_without_patch/ida/speccpu/gcc/O3/libquantum-gcc-O3-compilation-errors/quantum_gate1')
('err_funcfile:', '/data/maliha/decompilation/data/error_without_patch/ida/speccpu/gcc/O3/libquantum-gcc-O3-compilation-errors/quantum_gate1')
('error:', "/home/yanlin/my-projects/decompilation/source_code/recompiled/IDA/speccpu/gcc/O3/libquantum-gcc-O3/quantum_gate1/src/gates.c:298:3: error: unknown type name '__int64'; did you mean '__int64_t'?")
('error:', "/home/yanlin/my-projects/decompilation/source_code/recompiled/IDA/speccpu/gcc/O3/libquantum-gcc-O3/quantum_gate1/src/gates.c:300:3: error: use of undeclared identifier 'complex_float'")
('error:', "/home/yanlin/my-projects/decompilation/source_code/recompiled/IDA/speccpu/gcc/O3/libquantum-gcc-O3/quantum_gate1/src/gates.c:300:18: error: use of undeclared identifier 't'")
('error:', "/home/yanlin/my-projects/decompilation/source_code/recompiled/IDA/speccpu/gcc/O3/libquantum-gcc-O3/quantum_gate1/src/gates.c:303:3: error: unknown type name '__int64'; did you mean '__int64_t'?")
('error:', "/home/yanlin/my-projects/decompilation/source_code/recompiled/IDA/speccpu/gcc/O3/libquantum-gcc-O3/quantum_gate1/src/gates.c:307:19: error: expected ';' at end of declaration")
('error:', "/home/yanlin/my-projects/decompilation/source_code/recompiled/IDA/speccpu/gcc/O3/libquantum-gcc-O3/quantum_gate1/src/gates.c:309:12: error: redefinition of '__int64'")
('error:', "/home/yanlin/my-projects/decompilation/source_code/recompiled/IDA/speccpu/gcc/O3/libquantum-gcc-O3/quantum_gate1/src/gates.c:309:19: error: expected ';' at end of declaration")
('error:', "/home/yanlin/my-projects/decompilation/source_code/recompiled/IDA/speccpu/gcc/O3/libquantum-gcc-O3/quantum_gate1/src/gates.c:313:10: error: expected ';' after expression")
('error:', "/home/yanlin/my-projects/decompilation/source_code/recompiled/IDA/speccpu/gcc/O3/libquantum-gcc-O3/quantum_gate1/src/gates.c:313:11: error: use of undeclared identifier 'v18'")
('error:', "/home/yanlin/my-projects/decompilation/source_code/recompiled/IDA/speccpu/gcc/O3/libquantum-gcc-O3/quantum_gate1/src/gates.c:317:10: error: expected ';' after expression")
('error:', "/home/yanlin/my-projects/decompilation/source_code/recompiled/IDA/speccpu/gcc/O3/libquantum-gcc-O3/quantum_gate1/src/gates.c:317:11: error: use of undeclared identifier 'v22'")
('error:', "/home/yanlin/my-projects/decompilation/source_code/recompiled/IDA/speccpu/gcc/O3/libquantum-gcc-O3/quantum_gate1/src/gates.c:320:12: error: redefinition of '__int64'")
('error:', "/home/yanlin/my-projects/decompilation/source_code/recompiled/IDA/speccpu/gcc/O3/libquantum-gcc-O3/quantum_gate1/src/gates.c:320:19: error: expected ';' at end of declaration")
('error:', "/home/yanlin/my-projects/decompilation/source_code/recompiled/IDA/speccpu/gcc/O3/libquantum-gcc-O3/quantum_gate1/src/gates.c:321:10: error: expected ';' after expression")
('error:', "/home/yanlin/my-projects/decompilation/source_code/recompiled/IDA/speccpu/gcc/O3/libquantum-gcc-O3/quantum_gate1/src/gates.c:321:11: error: use of undeclared identifier 'v26'")
('error:', "/home/yanlin/my-projects/decompilation/source_code/recompiled/IDA/speccpu/gcc/O3/libquantum-gcc-O3/quantum_gate1/src/gates.c:324:12: error: redefinition of '__int64'")
('error:', "/home/yanlin/my-projects/decompilation/source_code/recompiled/IDA/speccpu/gcc/O3/libquantum-gcc-O3/quantum_gate1/src/gates.c:324:19: error: expected ';' at end of declaration")
('error:', "/home/yanlin/my-projects/decompilation/source_code/recompiled/IDA/speccpu/gcc/O3/libquantum-gcc-O3/quantum_gate1/src/gates.c:325:10: error: expected ';' after expression")
('error:', "/home/yanlin/my-projects/decompilation/source_code/recompiled/IDA/speccpu/gcc/O3/libquantum-gcc-O3/quantum_gate1/src/gates.c:325:11: error: use of undeclared identifier 'v30'")
('error:', 'fatal error: too many errors emitted, stopping now [-ferror-limit=]')
***************** Next Function ******************
('func_count:', 29)
("func_name '", 'muxfa', "'")
('err_func:', '/data/maliha/decompilation/data/error_without_patch/ida/speccpu/gcc/O3/libquantum-gcc-O3-compilation-errors/muxfa')
('err_funcfile:', '/data/maliha/decompilation/data/error_without_patch/ida/speccpu/gcc/O3/libquantum-gcc-O3-compilation-errors/muxfa')
('error:', 'clang: error: linker command failed with exit code 1 (use -v to see invocation)')
***************** Next Function ******************
('func_count:', 30)
("func_name '", 'quantum_qft_inv', "'")
('err_func:', '/data/maliha/decompilation/data/error_without_patch/ida/speccpu/gcc/O3/libquantum-gcc-O3-compilation-errors/quantum_qft_inv')
('err_funcfile:', '/data/maliha/decompilation/data/error_without_patch/ida/speccpu/gcc/O3/libquantum-gcc-O3-compilation-errors/quantum_qft_inv')
('error:', 'clang: error: linker command failed with exit code 1 (use -v to see invocation)')
***************** Next Function ******************
('func_count:', 31)
("func_name '", 'quantum_dot_product', "'")
('err_func:', '/data/maliha/decompilation/data/error_without_patch/ida/speccpu/gcc/O3/libquantum-gcc-O3-compilation-errors/quantum_dot_product')
('err_funcfile:', '/data/maliha/decompilation/data/error_without_patch/ida/speccpu/gcc/O3/libquantum-gcc-O3-compilation-errors/quantum_dot_product')
('error:', "/home/yanlin/my-projects/decompilation/source_code/recompiled/IDA/speccpu/gcc/O3/libquantum-gcc-O3/quantum_dot_product/src/qureg.c:403:1: error: unknown type name 'complex_float'")
('error:', "/home/yanlin/my-projects/decompilation/source_code/recompiled/IDA/speccpu/gcc/O3/libquantum-gcc-O3/quantum_dot_product/src/qureg.c:403:15: error: expected identifier or '('")
***************** Next Function ******************
('func_count:', 32)
("func_name '", 'quantum_cexp', "'")
('err_func:', '/data/maliha/decompilation/data/error_without_patch/ida/speccpu/gcc/O3/libquantum-gcc-O3-compilation-errors/quantum_cexp')
('err_funcfile:', '/data/maliha/decompilation/data/error_without_patch/ida/speccpu/gcc/O3/libquantum-gcc-O3-compilation-errors/quantum_cexp')
('error:', "/home/yanlin/my-projects/decompilation/source_code/recompiled/IDA/speccpu/gcc/O3/libquantum-gcc-O3/quantum_cexp/src/complex.c:54:1: error: unknown type name '__m128i'")
('error:', "/home/yanlin/my-projects/decompilation/source_code/recompiled/IDA/speccpu/gcc/O3/libquantum-gcc-O3/quantum_cexp/src/complex.c:54:9: error: expected identifier or '('")
***************** Next Function ******************
('func_count:', 33)
("func_name '", 'quantum_qec_get_status', "'")
('err_func:', '/data/maliha/decompilation/data/error_without_patch/ida/speccpu/gcc/O3/libquantum-gcc-O3-compilation-errors/quantum_qec_get_status')
('err_funcfile:', '/data/maliha/decompilation/data/error_without_patch/ida/speccpu/gcc/O3/libquantum-gcc-O3-compilation-errors/quantum_qec_get_status')
('error:', 'clang: error: linker command failed with exit code 1 (use -v to see invocation)')
***************** Next Function ******************
('func_count:', 34)
("func_name '", 'muxha_inv', "'")
('err_func:', '/data/maliha/decompilation/data/error_without_patch/ida/speccpu/gcc/O3/libquantum-gcc-O3-compilation-errors/muxha_inv')
('err_funcfile:', '/data/maliha/decompilation/data/error_without_patch/ida/speccpu/gcc/O3/libquantum-gcc-O3-compilation-errors/muxha_inv')
('error:', 'clang: error: linker command failed with exit code 1 (use -v to see invocation)')
***************** Next Function ******************
('func_count:', 35)
("func_name '", 'quantum_qec_decode', "'")
('err_func:', '/data/maliha/decompilation/data/error_without_patch/ida/speccpu/gcc/O3/libquantum-gcc-O3-compilation-errors/quantum_qec_decode')
('err_funcfile:', '/data/maliha/decompilation/data/error_without_patch/ida/speccpu/gcc/O3/libquantum-gcc-O3-compilation-errors/quantum_qec_decode')
('error:', '/home/yanlin/my-projects/decompilation/source_code/recompiled/IDA/speccpu/gcc/O3/libquantum-gcc-O3/quantum_qec_decode/src/qec.c:123:3: error: expected expression')
('error:', '/home/yanlin/my-projects/decompilation/source_code/recompiled/IDA/speccpu/gcc/O3/libquantum-gcc-O3/quantum_qec_decode/src/qec.c:124:3: error: expected expression')
***************** Next Function ******************
('func_count:', 36)
("func_name '", 'quantum_new_qureg', "'")
('err_func:', '/data/maliha/decompilation/data/error_without_patch/ida/speccpu/gcc/O3/libquantum-gcc-O3-compilation-errors/quantum_new_qureg')
('err_funcfile:', '/data/maliha/decompilation/data/error_without_patch/ida/speccpu/gcc/O3/libquantum-gcc-O3-compilation-errors/quantum_new_qureg')
('error:', "/home/yanlin/my-projects/decompilation/source_code/recompiled/IDA/speccpu/gcc/O3/libquantum-gcc-O3/quantum_new_qureg/src/qureg.c:107:83: error: expected ')'")
('error:', "/home/yanlin/my-projects/decompilation/source_code/recompiled/IDA/speccpu/gcc/O3/libquantum-gcc-O3/quantum_new_qureg/src/qureg.c:107:25: error: conflicting types for 'quantum_new_qureg'")
('error:', "/home/yanlin/my-projects/decompilation/source_code/recompiled/IDA/speccpu/gcc/O3/libquantum-gcc-O3/quantum_new_qureg/src/qureg.c:110:3: error: use of undeclared identifier '_QWORD'")
('error:', "/home/yanlin/my-projects/decompilation/source_code/recompiled/IDA/speccpu/gcc/O3/libquantum-gcc-O3/quantum_new_qureg/src/qureg.c:110:11: error: use of undeclared identifier 'v5'")
('error:', "/home/yanlin/my-projects/decompilation/source_code/recompiled/IDA/speccpu/gcc/O3/libquantum-gcc-O3/quantum_new_qureg/src/qureg.c:111:3: error: use of undeclared identifier '_QWORD'")
('error:', "/home/yanlin/my-projects/decompilation/source_code/recompiled/IDA/speccpu/gcc/O3/libquantum-gcc-O3/quantum_new_qureg/src/qureg.c:111:11: error: use of undeclared identifier 'v6'")
('error:', "/home/yanlin/my-projects/decompilation/source_code/recompiled/IDA/speccpu/gcc/O3/libquantum-gcc-O3/quantum_new_qureg/src/qureg.c:113:3: error: use of undeclared identifier '__m128i'")
('error:', "/home/yanlin/my-projects/decompilation/source_code/recompiled/IDA/speccpu/gcc/O3/libquantum-gcc-O3/quantum_new_qureg/src/qureg.c:115:3: error: use of undeclared identifier '__m128i'")
('error:', "/home/yanlin/my-projects/decompilation/source_code/recompiled/IDA/speccpu/gcc/O3/libquantum-gcc-O3/quantum_new_qureg/src/qureg.c:118:8: error: use of undeclared identifier 'width'")
('error:', "/home/yanlin/my-projects/decompilation/source_code/recompiled/IDA/speccpu/gcc/O3/libquantum-gcc-O3/quantum_new_qureg/src/qureg.c:119:3: error: use of undeclared identifier 'v5'")
('error:', "/home/yanlin/my-projects/decompilation/source_code/recompiled/IDA/speccpu/gcc/O3/libquantum-gcc-O3/quantum_new_qureg/src/qureg.c:120:10: error: use of undeclared identifier 'v5'")
('error:', "/home/yanlin/my-projects/decompilation/source_code/recompiled/IDA/speccpu/gcc/O3/libquantum-gcc-O3/quantum_new_qureg/src/qureg.c:125:3: error: use of undeclared identifier 'v6'")
('error:', "/home/yanlin/my-projects/decompilation/source_code/recompiled/IDA/speccpu/gcc/O3/libquantum-gcc-O3/quantum_new_qureg/src/qureg.c:125:8: error: use of undeclared identifier 'v5'")
('error:', "/home/yanlin/my-projects/decompilation/source_code/recompiled/IDA/speccpu/gcc/O3/libquantum-gcc-O3/quantum_new_qureg/src/qureg.c:128:3: error: use of undeclared identifier 'v10'; did you mean 'v11'?")
('error:', "/home/yanlin/my-projects/decompilation/source_code/recompiled/IDA/speccpu/gcc/O3/libquantum-gcc-O3/quantum_new_qureg/src/qureg.c:128:6: error: member reference base type 'size_t' (aka 'unsigned long') is not a structure or union")
('error:', "/home/yanlin/my-projects/decompilation/source_code/recompiled/IDA/speccpu/gcc/O3/libquantum-gcc-O3/quantum_new_qureg/src/qureg.c:129:10: error: use of undeclared identifier 'v10'")
('error:', "/home/yanlin/my-projects/decompilation/source_code/recompiled/IDA/speccpu/gcc/O3/libquantum-gcc-O3/quantum_new_qureg/src/qureg.c:135:3: error: use of undeclared identifier 'v6'")
('error:', "/home/yanlin/my-projects/decompilation/source_code/recompiled/IDA/speccpu/gcc/O3/libquantum-gcc-O3/quantum_new_qureg/src/qureg.c:135:11: error: use of undeclared identifier 'initval'; did you mean 'finitel'?")
('error:', '/home/yanlin/my-projects/decompilation/source_code/recompiled/IDA/speccpu/gcc/O3/libquantum-gcc-O3/quantum_new_qureg/src/qureg.c:136:14: error: expected expression')
('error:', 'fatal error: too many errors emitted, stopping now [-ferror-limit=]')
***************** Next Function ******************
('func_count:', 37)
("func_name '", 'quantum_memman', "'")
('err_func:', '/data/maliha/decompilation/data/error_without_patch/ida/speccpu/gcc/O3/libquantum-gcc-O3-compilation-errors/quantum_memman')
('err_funcfile:', '/data/maliha/decompilation/data/error_without_patch/ida/speccpu/gcc/O3/libquantum-gcc-O3-compilation-errors/quantum_memman')
('error:', "/home/yanlin/my-projects/decompilation/source_code/recompiled/IDA/speccpu/gcc/O3/libquantum-gcc-O3/quantum_memman/src/matrix.c:32:17: error: expected ';' after top level declarator")
('error:', "/home/yanlin/my-projects/decompilation/source_code/recompiled/IDA/speccpu/gcc/O3/libquantum-gcc-O3/quantum_memman/src/matrix.c:32:45: error: unknown type name '__int64'; did you mean '__int64_t'?")
('error:', "/home/yanlin/my-projects/decompilation/source_code/recompiled/IDA/speccpu/gcc/O3/libquantum-gcc-O3/quantum_memman/src/matrix.c:32:29: error: conflicting types for 'quantum_memman'")
('error:', "/home/yanlin/my-projects/decompilation/source_code/recompiled/IDA/speccpu/gcc/O3/libquantum-gcc-O3/quantum_memman/src/matrix.c:34:19: error: expected ';' at end of declaration")
('error:', "/home/yanlin/my-projects/decompilation/source_code/recompiled/IDA/speccpu/gcc/O3/libquantum-gcc-O3/quantum_memman/src/matrix.c:36:3: error: use of undeclared identifier 'result'")
('error:', "/home/yanlin/my-projects/decompilation/source_code/recompiled/IDA/speccpu/gcc/O3/libquantum-gcc-O3/quantum_memman/src/matrix.c:36:21: error: use of undeclared identifier 'mem_1'")
('error:', "/home/yanlin/my-projects/decompilation/source_code/recompiled/IDA/speccpu/gcc/O3/libquantum-gcc-O3/quantum_memman/src/matrix.c:37:3: error: use of undeclared identifier 'mem_1'")
('error:', "/home/yanlin/my-projects/decompilation/source_code/recompiled/IDA/speccpu/gcc/O3/libquantum-gcc-O3/quantum_memman/src/matrix.c:38:9: error: use of undeclared identifier 'mem_1'")
('error:', "/home/yanlin/my-projects/decompilation/source_code/recompiled/IDA/speccpu/gcc/O3/libquantum-gcc-O3/quantum_memman/src/matrix.c:38:17: error: use of undeclared identifier 'max_0'")
('error:', "/home/yanlin/my-projects/decompilation/source_code/recompiled/IDA/speccpu/gcc/O3/libquantum-gcc-O3/quantum_memman/src/matrix.c:39:5: error: use of undeclared identifier 'max_0'")
('error:', "/home/yanlin/my-projects/decompilation/source_code/recompiled/IDA/speccpu/gcc/O3/libquantum-gcc-O3/quantum_memman/src/matrix.c:39:13: error: use of undeclared identifier 'result'")
('error:', "/home/yanlin/my-projects/decompilation/source_code/recompiled/IDA/speccpu/gcc/O3/libquantum-gcc-O3/quantum_memman/src/matrix.c:40:10: error: use of undeclared identifier 'result'")
***************** Next Function ******************
('func_count:', 38)
("func_name '", 'quantum_mu2char', "'")
('err_func:', '/data/maliha/decompilation/data/error_without_patch/ida/speccpu/gcc/O3/libquantum-gcc-O3-compilation-errors/quantum_mu2char')
('err_funcfile:', '/data/maliha/decompilation/data/error_without_patch/ida/speccpu/gcc/O3/libquantum-gcc-O3-compilation-errors/quantum_mu2char')
('error:', "/home/yanlin/my-projects/decompilation/source_code/recompiled/IDA/speccpu/gcc/O3/libquantum-gcc-O3/quantum_mu2char/src/objcode.c:58:51: error: expected ')'")
('error:', '/home/yanlin/my-projects/decompilation/source_code/recompiled/IDA/speccpu/gcc/O3/libquantum-gcc-O3/quantum_mu2char/src/objcode.c:60:14: error: expected expression')
('error:', "/home/yanlin/my-projects/decompilation/source_code/recompiled/IDA/speccpu/gcc/O3/libquantum-gcc-O3/quantum_mu2char/src/objcode.c:60:6: error: use of undeclared identifier '_QWORD'")
('error:', "/home/yanlin/my-projects/decompilation/source_code/recompiled/IDA/speccpu/gcc/O3/libquantum-gcc-O3/quantum_mu2char/src/objcode.c:176:27: error: too many arguments to function call, expected single argument '__int64', have 2 arguments")
***************** Next Function ******************
('func_count:', 39)
("func_name '", 'quantum_get_version', "'")
('err_func:', '/data/maliha/decompilation/data/error_without_patch/ida/speccpu/gcc/O3/libquantum-gcc-O3-compilation-errors/quantum_get_version')
('err_funcfile:', '/data/maliha/decompilation/data/error_without_patch/ida/speccpu/gcc/O3/libquantum-gcc-O3-compilation-errors/quantum_get_version')
('error:', 'clang: error: linker command failed with exit code 1 (use -v to see invocation)')
***************** Next Function ******************
('func_count:', 40)
("func_name '", 'quantum_cond_phase_inv', "'")
('err_func:', '/data/maliha/decompilation/data/error_without_patch/ida/speccpu/gcc/O3/libquantum-gcc-O3-compilation-errors/quantum_cond_phase_inv')
('err_funcfile:', '/data/maliha/decompilation/data/error_without_patch/ida/speccpu/gcc/O3/libquantum-gcc-O3-compilation-errors/quantum_cond_phase_inv')
('error:', "/home/yanlin/my-projects/decompilation/source_code/recompiled/IDA/speccpu/gcc/O3/libquantum-gcc-O3/quantum_cond_phase_inv/src/gates.c:821:3: error: unknown type name '__int64'; did you mean '__int64_t'?")
('error:', "/home/yanlin/my-projects/decompilation/source_code/recompiled/IDA/speccpu/gcc/O3/libquantum-gcc-O3/quantum_cond_phase_inv/src/gates.c:824:19: error: expected ';' at end of declaration")
('error:', "/home/yanlin/my-projects/decompilation/source_code/recompiled/IDA/speccpu/gcc/O3/libquantum-gcc-O3/quantum_cond_phase_inv/src/gates.c:829:10: error: expected ';' after expression")
('error:', "/home/yanlin/my-projects/decompilation/source_code/recompiled/IDA/speccpu/gcc/O3/libquantum-gcc-O3/quantum_cond_phase_inv/src/gates.c:829:11: error: use of undeclared identifier 'v12'; did you mean 'v11'?")
('error:', "/home/yanlin/my-projects/decompilation/source_code/recompiled/IDA/speccpu/gcc/O3/libquantum-gcc-O3/quantum_cond_phase_inv/src/gates.c:831:12: error: redefinition of '__int64'")
('error:', "/home/yanlin/my-projects/decompilation/source_code/recompiled/IDA/speccpu/gcc/O3/libquantum-gcc-O3/quantum_cond_phase_inv/src/gates.c:831:19: error: expected ';' at end of declaration")
('error:', "/home/yanlin/my-projects/decompilation/source_code/recompiled/IDA/speccpu/gcc/O3/libquantum-gcc-O3/quantum_cond_phase_inv/src/gates.c:833:28: error: expected ')'")
('error:', "/home/yanlin/my-projects/decompilation/source_code/recompiled/IDA/speccpu/gcc/O3/libquantum-gcc-O3/quantum_cond_phase_inv/src/gates.c:833:56: error: expected ')'")
('error:', "/home/yanlin/my-projects/decompilation/source_code/recompiled/IDA/speccpu/gcc/O3/libquantum-gcc-O3/quantum_cond_phase_inv/src/gates.c:836:33: error: expected ')'")
('error:', "/home/yanlin/my-projects/decompilation/source_code/recompiled/IDA/speccpu/gcc/O3/libquantum-gcc-O3/quantum_cond_phase_inv/src/gates.c:836:61: error: expected ')'")
('error:', "/home/yanlin/my-projects/decompilation/source_code/recompiled/IDA/speccpu/gcc/O3/libquantum-gcc-O3/quantum_cond_phase_inv/src/gates.c:836:96: error: expected ')'")
('error:', "/home/yanlin/my-projects/decompilation/source_code/recompiled/IDA/speccpu/gcc/O3/libquantum-gcc-O3/quantum_cond_phase_inv/src/gates.c:836:126: error: expected ')'")
('error:', "/home/yanlin/my-projects/decompilation/source_code/recompiled/IDA/speccpu/gcc/O3/libquantum-gcc-O3/quantum_cond_phase_inv/src/gates.c:836:154: error: expected ')'")
('error:', "/home/yanlin/my-projects/decompilation/source_code/recompiled/IDA/speccpu/gcc/O3/libquantum-gcc-O3/quantum_cond_phase_inv/src/gates.c:836:5: error: use of undeclared identifier 'v14'")
('error:', "/home/yanlin/my-projects/decompilation/source_code/recompiled/IDA/speccpu/gcc/O3/libquantum-gcc-O3/quantum_cond_phase_inv/src/gates.c:837:25: error: use of undeclared identifier 'v14'")
('error:', "/home/yanlin/my-projects/decompilation/source_code/recompiled/IDA/speccpu/gcc/O3/libquantum-gcc-O3/quantum_cond_phase_inv/src/gates.c:837:46: error: use of undeclared identifier 'v14'")
('error:', "/home/yanlin/my-projects/decompilation/source_code/recompiled/IDA/speccpu/gcc/O3/libquantum-gcc-O3/quantum_cond_phase_inv/src/gates.c:844:3: error: use of undeclared identifier 'v7'")
('error:', "/home/yanlin/my-projects/decompilation/source_code/recompiled/IDA/speccpu/gcc/O3/libquantum-gcc-O3/quantum_cond_phase_inv/src/gates.c:844:27: error: too many arguments to function call, expected single argument 'phi', have 2 arguments")
('error:', "/home/yanlin/my-projects/decompilation/source_code/recompiled/IDA/speccpu/gcc/O3/libquantum-gcc-O3/quantum_cond_phase_inv/src/gates.c:846:20: error: use of undeclared identifier 'v7'")
('error:', 'fatal error: too many errors emitted, stopping now [-ferror-limit=]')
***************** Next Function ******************
('func_count:', 41)
("func_name '", 'quantum_char2double', "'")
('err_func:', '/data/maliha/decompilation/data/error_without_patch/ida/speccpu/gcc/O3/libquantum-gcc-O3-compilation-errors/quantum_char2double')
('err_funcfile:', '/data/maliha/decompilation/data/error_without_patch/ida/speccpu/gcc/O3/libquantum-gcc-O3-compilation-errors/quantum_char2double')
('error:', "/home/yanlin/my-projects/decompilation/source_code/recompiled/IDA/speccpu/gcc/O3/libquantum-gcc-O3/quantum_char2double/src/objcode.c:125:56: error: expected ')'")
('error:', "/home/yanlin/my-projects/decompilation/source_code/recompiled/IDA/speccpu/gcc/O3/libquantum-gcc-O3/quantum_char2double/src/objcode.c:125:19: error: conflicting types for 'quantum_char2double'")
('error:', "/home/yanlin/my-projects/decompilation/source_code/recompiled/IDA/speccpu/gcc/O3/libquantum-gcc-O3/quantum_char2double/src/objcode.c:127:22: error: use of undeclared identifier 'buf'")
***************** Next Function ******************
('func_count:', 42)
("func_name '", 'quantum_gate_counter', "'")
('err_func:', '/data/maliha/decompilation/data/error_without_patch/ida/speccpu/gcc/O3/libquantum-gcc-O3-compilation-errors/quantum_gate_counter')
('err_funcfile:', '/data/maliha/decompilation/data/error_without_patch/ida/speccpu/gcc/O3/libquantum-gcc-O3-compilation-errors/quantum_gate_counter')
('error:', "/home/yanlin/my-projects/decompilation/source_code/recompiled/IDA/speccpu/gcc/O3/libquantum-gcc-O3/quantum_gate_counter/src/gates.c:874:7: error: use of undeclared identifier 'counter_0'")
('error:', "/home/yanlin/my-projects/decompilation/source_code/recompiled/IDA/speccpu/gcc/O3/libquantum-gcc-O3/quantum_gate_counter/src/gates.c:879:14: error: use of undeclared identifier 'counter_0'")
('error:', "/home/yanlin/my-projects/decompilation/source_code/recompiled/IDA/speccpu/gcc/O3/libquantum-gcc-O3/quantum_gate_counter/src/gates.c:884:14: error: use of undeclared identifier 'counter_0'")
('error:', "/home/yanlin/my-projects/decompilation/source_code/recompiled/IDA/speccpu/gcc/O3/libquantum-gcc-O3/quantum_gate_counter/src/gates.c:885:5: error: use of undeclared identifier 'counter_0'")
***************** Next Function ******************
('func_count:', 43)
("func_name '", 'quantum_matrix2qureg', "'")
('err_func:', '/data/maliha/decompilation/data/error_without_patch/ida/speccpu/gcc/O3/libquantum-gcc-O3-compilation-errors/quantum_matrix2qureg')
('err_funcfile:', '/data/maliha/decompilation/data/error_without_patch/ida/speccpu/gcc/O3/libquantum-gcc-O3-compilation-errors/quantum_matrix2qureg')
('error:', "/home/yanlin/my-projects/decompilation/source_code/recompiled/IDA/speccpu/gcc/O3/libquantum-gcc-O3/quantum_matrix2qureg/src/qureg.c:44:25: error: conflicting types for 'quantum_matrix2qureg'")
('error:', "/home/yanlin/my-projects/decompilation/source_code/recompiled/IDA/speccpu/gcc/O3/libquantum-gcc-O3/quantum_matrix2qureg/src/qureg.c:46:3: error: unknown type name '__int64'; did you mean '__int64_t'?")
('error:', "/home/yanlin/my-projects/decompilation/source_code/recompiled/IDA/speccpu/gcc/O3/libquantum-gcc-O3/quantum_matrix2qureg/src/qureg.c:50:3: error: use of undeclared identifier 'complex_float'")
('error:', "/home/yanlin/my-projects/decompilation/source_code/recompiled/IDA/speccpu/gcc/O3/libquantum-gcc-O3/quantum_matrix2qureg/src/qureg.c:50:18: error: use of undeclared identifier 't'")
('error:', "/home/yanlin/my-projects/decompilation/source_code/recompiled/IDA/speccpu/gcc/O3/libquantum-gcc-O3/quantum_matrix2qureg/src/qureg.c:51:3: error: use of undeclared identifier '__m128i'")
('error:', "/home/yanlin/my-projects/decompilation/source_code/recompiled/IDA/speccpu/gcc/O3/libquantum-gcc-O3/quantum_matrix2qureg/src/qureg.c:52:3: error: use of undeclared identifier 'complex_float'")
('error:', "/home/yanlin/my-projects/decompilation/source_code/recompiled/IDA/speccpu/gcc/O3/libquantum-gcc-O3/quantum_matrix2qureg/src/qureg.c:52:18: error: use of undeclared identifier 'v12'")
('error:', "/home/yanlin/my-projects/decompilation/source_code/recompiled/IDA/speccpu/gcc/O3/libquantum-gcc-O3/quantum_matrix2qureg/src/qureg.c:53:3: error: use of undeclared identifier '__m128'")
('error:', "/home/yanlin/my-projects/decompilation/source_code/recompiled/IDA/speccpu/gcc/O3/libquantum-gcc-O3/quantum_matrix2qureg/src/qureg.c:54:3: error: use of undeclared identifier '__m128'")
('error:', "/home/yanlin/my-projects/decompilation/source_code/recompiled/IDA/speccpu/gcc/O3/libquantum-gcc-O3/quantum_matrix2qureg/src/qureg.c:56:3: error: use of undeclared identifier '__m128i'")
('error:', "/home/yanlin/my-projects/decompilation/source_code/recompiled/IDA/speccpu/gcc/O3/libquantum-gcc-O3/quantum_matrix2qureg/src/qureg.c:66:3: error: unknown type name '__int64'; did you mean '__int64_t'?")
('error:', "/home/yanlin/my-projects/decompilation/source_code/recompiled/IDA/speccpu/gcc/O3/libquantum-gcc-O3/quantum_matrix2qureg/src/qureg.c:67:3: error: use of undeclared identifier 'complex_float'")
('error:', "/home/yanlin/my-projects/decompilation/source_code/recompiled/IDA/speccpu/gcc/O3/libquantum-gcc-O3/quantum_matrix2qureg/src/qureg.c:67:18: error: use of undeclared identifier 'v27'")
('error:', "/home/yanlin/my-projects/decompilation/source_code/recompiled/IDA/speccpu/gcc/O3/libquantum-gcc-O3/quantum_matrix2qureg/src/qureg.c:68:3: error: unknown type name '__int64'; did you mean '__int64_t'?")
('error:', "/home/yanlin/my-projects/decompilation/source_code/recompiled/IDA/speccpu/gcc/O3/libquantum-gcc-O3/quantum_matrix2qureg/src/qureg.c:70:3: error: unknown type name '__int64'; did you mean '__int64_t'?")
('error:', "/home/yanlin/my-projects/decompilation/source_code/recompiled/IDA/speccpu/gcc/O3/libquantum-gcc-O3/quantum_matrix2qureg/src/qureg.c:74:3: error: use of undeclared identifier '__m128'")
('error:', "/home/yanlin/my-projects/decompilation/source_code/recompiled/IDA/speccpu/gcc/O3/libquantum-gcc-O3/quantum_matrix2qureg/src/qureg.c:80:11: error: use of undeclared identifier '_DWORD'")
('error:', "/home/yanlin/my-projects/decompilation/source_code/recompiled/IDA/speccpu/gcc/O3/libquantum-gcc-O3/quantum_matrix2qureg/src/qureg.c:90:5: error: use of undeclared identifier 't'")
('error:', "/home/yanlin/my-projects/decompilation/source_code/recompiled/IDA/speccpu/gcc/O3/libquantum-gcc-O3/quantum_matrix2qureg/src/qureg.c:98:7: error: use of undeclared identifier 'v11'")
('error:', 'fatal error: too many errors emitted, stopping now [-ferror-limit=]')
***************** Next Function ******************
('func_count:', 44)
("func_name '", 'quantum_swaptheleads_omuln_controlled', "'")
('err_func:', '/data/maliha/decompilation/data/error_without_patch/ida/speccpu/gcc/O3/libquantum-gcc-O3-compilation-errors/quantum_swaptheleads_omuln_controlled')
('err_funcfile:', '/data/maliha/decompilation/data/error_without_patch/ida/speccpu/gcc/O3/libquantum-gcc-O3-compilation-errors/quantum_swaptheleads_omuln_controlled')
('error:', 'clang: error: linker command failed with exit code 1 (use -v to see invocation)')
***************** Next Function ******************
('func_count:', 45)
("func_name '", 'quantum_char2mu', "'")
('err_func:', '/data/maliha/decompilation/data/error_without_patch/ida/speccpu/gcc/O3/libquantum-gcc-O3-compilation-errors/quantum_char2mu')
('err_funcfile:', '/data/maliha/decompilation/data/error_without_patch/ida/speccpu/gcc/O3/libquantum-gcc-O3-compilation-errors/quantum_char2mu')
('error:', "/home/yanlin/my-projects/decompilation/source_code/recompiled/IDA/speccpu/gcc/O3/libquantum-gcc-O3/quantum_char2mu/src/objcode.c:99:17: error: expected ';' after top level declarator")
('error:', "/home/yanlin/my-projects/decompilation/source_code/recompiled/IDA/speccpu/gcc/O3/libquantum-gcc-O3/quantum_char2mu/src/objcode.c:99:62: error: expected ')'")
('error:', "/home/yanlin/my-projects/decompilation/source_code/recompiled/IDA/speccpu/gcc/O3/libquantum-gcc-O3/quantum_char2mu/src/objcode.c:99:29: error: conflicting types for 'quantum_char2mu'")
('error:', "/home/yanlin/my-projects/decompilation/source_code/recompiled/IDA/speccpu/gcc/O3/libquantum-gcc-O3/quantum_char2mu/src/objcode.c:101:23: error: expected ')'")
('error:', "/home/yanlin/my-projects/decompilation/source_code/recompiled/IDA/speccpu/gcc/O3/libquantum-gcc-O3/quantum_char2mu/src/objcode.c:101:31: error: use of undeclared identifier 'buf'")
('error:', "/home/yanlin/my-projects/decompilation/source_code/recompiled/IDA/speccpu/gcc/O3/libquantum-gcc-O3/quantum_char2mu/src/objcode.c:102:23: error: expected ')'")
('error:', "/home/yanlin/my-projects/decompilation/source_code/recompiled/IDA/speccpu/gcc/O3/libquantum-gcc-O3/quantum_char2mu/src/objcode.c:102:31: error: use of undeclared identifier 'buf'")
('error:', "/home/yanlin/my-projects/decompilation/source_code/recompiled/IDA/speccpu/gcc/O3/libquantum-gcc-O3/quantum_char2mu/src/objcode.c:103:23: error: expected ')'")
('error:', "/home/yanlin/my-projects/decompilation/source_code/recompiled/IDA/speccpu/gcc/O3/libquantum-gcc-O3/quantum_char2mu/src/objcode.c:103:31: error: use of undeclared identifier 'buf'")
('error:', "/home/yanlin/my-projects/decompilation/source_code/recompiled/IDA/speccpu/gcc/O3/libquantum-gcc-O3/quantum_char2mu/src/objcode.c:104:10: error: use of undeclared identifier 'buf'")
('error:', "/home/yanlin/my-projects/decompilation/source_code/recompiled/IDA/speccpu/gcc/O3/libquantum-gcc-O3/quantum_char2mu/src/objcode.c:105:23: error: expected ')'")
('error:', "/home/yanlin/my-projects/decompilation/source_code/recompiled/IDA/speccpu/gcc/O3/libquantum-gcc-O3/quantum_char2mu/src/objcode.c:105:31: error: use of undeclared identifier 'buf'")
('error:', "/home/yanlin/my-projects/decompilation/source_code/recompiled/IDA/speccpu/gcc/O3/libquantum-gcc-O3/quantum_char2mu/src/objcode.c:106:23: error: expected ')'")
('error:', "/home/yanlin/my-projects/decompilation/source_code/recompiled/IDA/speccpu/gcc/O3/libquantum-gcc-O3/quantum_char2mu/src/objcode.c:106:31: error: use of undeclared identifier 'buf'")
('error:', "/home/yanlin/my-projects/decompilation/source_code/recompiled/IDA/speccpu/gcc/O3/libquantum-gcc-O3/quantum_char2mu/src/objcode.c:107:23: error: expected ')'")
('error:', "/home/yanlin/my-projects/decompilation/source_code/recompiled/IDA/speccpu/gcc/O3/libquantum-gcc-O3/quantum_char2mu/src/objcode.c:107:31: error: use of undeclared identifier 'buf'")
('error:', "/home/yanlin/my-projects/decompilation/source_code/recompiled/IDA/speccpu/gcc/O3/libquantum-gcc-O3/quantum_char2mu/src/objcode.c:108:23: error: expected ')'")
('error:', "/home/yanlin/my-projects/decompilation/source_code/recompiled/IDA/speccpu/gcc/O3/libquantum-gcc-O3/quantum_char2mu/src/objcode.c:108:32: error: use of undeclared identifier 'buf'")
***************** Next Function ******************
('func_count:', 46)
("func_name '", 'quantum_getwidth', "'")
('err_func:', '/data/maliha/decompilation/data/error_without_patch/ida/speccpu/gcc/O3/libquantum-gcc-O3-compilation-errors/quantum_getwidth')
('err_funcfile:', '/data/maliha/decompilation/data/error_without_patch/ida/speccpu/gcc/O3/libquantum-gcc-O3-compilation-errors/quantum_getwidth')
('error:', 'clang: error: linker command failed with exit code 1 (use -v to see invocation)')
***************** Next Function ******************
('func_count:', 47)
("func_name '", 'quantum_sigma_x_ft', "'")
('err_func:', '/data/maliha/decompilation/data/error_without_patch/ida/speccpu/gcc/O3/libquantum-gcc-O3-compilation-errors/quantum_sigma_x_ft')
('err_funcfile:', '/data/maliha/decompilation/data/error_without_patch/ida/speccpu/gcc/O3/libquantum-gcc-O3-compilation-errors/quantum_sigma_x_ft')
('error:', "/home/yanlin/my-projects/decompilation/source_code/recompiled/IDA/speccpu/gcc/O3/libquantum-gcc-O3/quantum_sigma_x_ft/src/qec.c:186:34: error: too many arguments to function call, expected single argument 'lambda', have 2 arguments")
('error:', "/home/yanlin/my-projects/decompilation/source_code/recompiled/IDA/speccpu/gcc/O3/libquantum-gcc-O3/quantum_sigma_x_ft/src/qec.c:189:37: error: too many arguments to function call, expected single argument 'lambda', have 2 arguments")
('error:', "/home/yanlin/my-projects/decompilation/source_code/recompiled/IDA/speccpu/gcc/O3/libquantum-gcc-O3/quantum_sigma_x_ft/src/qec.c:191:11: error: use of undeclared identifier 'counter_1'")
('error:', "/home/yanlin/my-projects/decompilation/source_code/recompiled/IDA/speccpu/gcc/O3/libquantum-gcc-O3/quantum_sigma_x_ft/src/qec.c:191:24: error: use of undeclared identifier 'freq_0'")
('error:', "/home/yanlin/my-projects/decompilation/source_code/recompiled/IDA/speccpu/gcc/O3/libquantum-gcc-O3/quantum_sigma_x_ft/src/qec.c:193:5: error: use of undeclared identifier 'counter_1'")
***************** Next Function ******************
('func_count:', 48)
("func_name '", 'mul_mod_n', "'")
('err_func:', '/data/maliha/decompilation/data/error_without_patch/ida/speccpu/gcc/O3/libquantum-gcc-O3-compilation-errors/mul_mod_n')
('err_funcfile:', '/data/maliha/decompilation/data/error_without_patch/ida/speccpu/gcc/O3/libquantum-gcc-O3-compilation-errors/mul_mod_n')
('error:', 'clang: error: linker command failed with exit code 1 (use -v to see invocation)')
***************** Next Function ******************
('func_count:', 49)
("func_name '", 'quantum_objcode_stop', "'")
('err_func:', '/data/maliha/decompilation/data/error_without_patch/ida/speccpu/gcc/O3/libquantum-gcc-O3-compilation-errors/quantum_objcode_stop')
('err_funcfile:', '/data/maliha/decompilation/data/error_without_patch/ida/speccpu/gcc/O3/libquantum-gcc-O3-compilation-errors/quantum_objcode_stop')
('error:', 'clang: error: linker command failed with exit code 1 (use -v to see invocation)')
***************** Next Function ******************
('func_count:', 50)
("func_name '", 'spec_rand', "'")
('err_func:', '/data/maliha/decompilation/data/error_without_patch/ida/speccpu/gcc/O3/libquantum-gcc-O3-compilation-errors/spec_rand')
('err_funcfile:', '/data/maliha/decompilation/data/error_without_patch/ida/speccpu/gcc/O3/libquantum-gcc-O3-compilation-errors/spec_rand')
('error:', 'clang: error: linker command failed with exit code 1 (use -v to see invocation)')
***************** Next Function ******************
('func_count:', 51)
("func_name '", 'quantum_toffoli', "'")
('err_func:', '/data/maliha/decompilation/data/error_without_patch/ida/speccpu/gcc/O3/libquantum-gcc-O3-compilation-errors/quantum_toffoli')
('err_funcfile:', '/data/maliha/decompilation/data/error_without_patch/ida/speccpu/gcc/O3/libquantum-gcc-O3-compilation-errors/quantum_toffoli')
('error:', "/home/yanlin/my-projects/decompilation/source_code/recompiled/IDA/speccpu/gcc/O3/libquantum-gcc-O3/quantum_toffoli/src/gates.c:79:19: error: expected ';' at end of declaration")
('error:', "/home/yanlin/my-projects/decompilation/source_code/recompiled/IDA/speccpu/gcc/O3/libquantum-gcc-O3/quantum_toffoli/src/gates.c:80:10: error: expected ';' after expression")
('error:', "/home/yanlin/my-projects/decompilation/source_code/recompiled/IDA/speccpu/gcc/O3/libquantum-gcc-O3/quantum_toffoli/src/gates.c:80:11: error: use of undeclared identifier 'v10'")
('error:', "/home/yanlin/my-projects/decompilation/source_code/recompiled/IDA/speccpu/gcc/O3/libquantum-gcc-O3/quantum_toffoli/src/gates.c:81:12: error: redefinition of '__int64'")
('error:', "/home/yanlin/my-projects/decompilation/source_code/recompiled/IDA/speccpu/gcc/O3/libquantum-gcc-O3/quantum_toffoli/src/gates.c:81:19: error: expected ';' at end of declaration")
('error:', "/home/yanlin/my-projects/decompilation/source_code/recompiled/IDA/speccpu/gcc/O3/libquantum-gcc-O3/quantum_toffoli/src/gates.c:96:7: error: use of undeclared identifier 'p_state'")
('error:', "/home/yanlin/my-projects/decompilation/source_code/recompiled/IDA/speccpu/gcc/O3/libquantum-gcc-O3/quantum_toffoli/src/gates.c:97:7: error: use of undeclared identifier 'v10'")
('error:', "/home/yanlin/my-projects/decompilation/source_code/recompiled/IDA/speccpu/gcc/O3/libquantum-gcc-O3/quantum_toffoli/src/gates.c:102:11: error: use of undeclared identifier 'v11'")
('error:', "/home/yanlin/my-projects/decompilation/source_code/recompiled/IDA/speccpu/gcc/O3/libquantum-gcc-O3/quantum_toffoli/src/gates.c:102:18: error: use of undeclared identifier 'p_state'; did you mean 'setstate'?")
('error:', "/home/yanlin/my-projects/decompilation/source_code/recompiled/IDA/speccpu/gcc/O3/libquantum-gcc-O3/quantum_toffoli/src/gates.c:103:99: error: use of undeclared identifier 'p_state'; did you mean 'setstate'?")
('error:', "/home/yanlin/my-projects/decompilation/source_code/recompiled/IDA/speccpu/gcc/O3/libquantum-gcc-O3/quantum_toffoli/src/gates.c:103:96: error: invalid operands to binary expression ('long long' and 'char *(*)(char *)')")
('error:', "/home/yanlin/my-projects/decompilation/source_code/recompiled/IDA/speccpu/gcc/O3/libquantum-gcc-O3/quantum_toffoli/src/gates.c:105:11: error: use of undeclared identifier 'p_state'")
('error:', "/home/yanlin/my-projects/decompilation/source_code/recompiled/IDA/speccpu/gcc/O3/libquantum-gcc-O3/quantum_toffoli/src/gates.c:106:28: error: expected ')'")
('error:', "/home/yanlin/my-projects/decompilation/source_code/recompiled/IDA/speccpu/gcc/O3/libquantum-gcc-O3/quantum_toffoli/src/gates.c:106:38: error: use of undeclared identifier 'v10'")
('error:', "/home/yanlin/my-projects/decompilation/source_code/recompiled/IDA/speccpu/gcc/O3/libquantum-gcc-O3/quantum_toffoli/src/gates.c:106:45: error: use of undeclared identifier 'p_state'; did you mean 'setstate'?")
('error:', "/home/yanlin/my-projects/decompilation/source_code/recompiled/IDA/speccpu/gcc/O3/libquantum-gcc-O3/quantum_toffoli/src/gates.c:109:9: error: use of undeclared identifier 'p_state'")
('error:', "/home/yanlin/my-projects/decompilation/source_code/recompiled/IDA/speccpu/gcc/O3/libquantum-gcc-O3/quantum_toffoli/src/gates.c:110:12: error: use of undeclared identifier 'p_state'; did you mean 'setstate'?")
('error:', "/home/yanlin/my-projects/decompilation/source_code/recompiled/IDA/speccpu/gcc/O3/libquantum-gcc-O3/quantum_toffoli/src/gates.c:110:46: error: use of undeclared identifier 'v11'")
('error:', "/home/yanlin/my-projects/decompilation/source_code/recompiled/IDA/speccpu/gcc/O3/libquantum-gcc-O3/quantum_toffoli/src/gates.c:112:27: error: expected ')'")
('error:', 'fatal error: too many errors emitted, stopping now [-ferror-limit=]')
***************** Next Function ******************
('func_count:', 52)
("func_name '", 'add_mod_n', "'")
('err_func:', '/data/maliha/decompilation/data/error_without_patch/ida/speccpu/gcc/O3/libquantum-gcc-O3-compilation-errors/add_mod_n')
('err_funcfile:', '/data/maliha/decompilation/data/error_without_patch/ida/speccpu/gcc/O3/libquantum-gcc-O3-compilation-errors/add_mod_n')
('error:', 'clang: error: linker command failed with exit code 1 (use -v to see invocation)')
***************** Next Function ******************
('func_count:', 53)
("func_name '", 'quantum_swaptheleads', "'")
('err_func:', '/data/maliha/decompilation/data/error_without_patch/ida/speccpu/gcc/O3/libquantum-gcc-O3-compilation-errors/quantum_swaptheleads')
('err_funcfile:', '/data/maliha/decompilation/data/error_without_patch/ida/speccpu/gcc/O3/libquantum-gcc-O3-compilation-errors/quantum_swaptheleads')
('error:', "/home/yanlin/my-projects/decompilation/source_code/recompiled/IDA/speccpu/gcc/O3/libquantum-gcc-O3/quantum_swaptheleads/src/gates.c:231:3: error: unknown type name '__int64'; did you mean '__int64_t'?")
('error:', "/home/yanlin/my-projects/decompilation/source_code/recompiled/IDA/speccpu/gcc/O3/libquantum-gcc-O3/quantum_swaptheleads/src/gates.c:235:19: error: expected ';' at end of declaration")
('error:', "/home/yanlin/my-projects/decompilation/source_code/recompiled/IDA/speccpu/gcc/O3/libquantum-gcc-O3/quantum_swaptheleads/src/gates.c:238:10: error: expected ';' after expression")
('error:', "/home/yanlin/my-projects/decompilation/source_code/recompiled/IDA/speccpu/gcc/O3/libquantum-gcc-O3/quantum_swaptheleads/src/gates.c:238:11: error: use of undeclared identifier 'v11'; did you mean 'v10'?")
('error:', "/home/yanlin/my-projects/decompilation/source_code/recompiled/IDA/speccpu/gcc/O3/libquantum-gcc-O3/quantum_swaptheleads/src/gates.c:240:10: error: expected ';' after expression")
('error:', "/home/yanlin/my-projects/decompilation/source_code/recompiled/IDA/speccpu/gcc/O3/libquantum-gcc-O3/quantum_swaptheleads/src/gates.c:240:11: error: use of undeclared identifier 'v13'")
('error:', "/home/yanlin/my-projects/decompilation/source_code/recompiled/IDA/speccpu/gcc/O3/libquantum-gcc-O3/quantum_swaptheleads/src/gates.c:245:12: error: redefinition of '__int64'")
('error:', "/home/yanlin/my-projects/decompilation/source_code/recompiled/IDA/speccpu/gcc/O3/libquantum-gcc-O3/quantum_swaptheleads/src/gates.c:245:19: error: expected ';' at end of declaration")
('error:', "/home/yanlin/my-projects/decompilation/source_code/recompiled/IDA/speccpu/gcc/O3/libquantum-gcc-O3/quantum_swaptheleads/src/gates.c:248:12: error: redefinition of '__int64'")
('error:', "/home/yanlin/my-projects/decompilation/source_code/recompiled/IDA/speccpu/gcc/O3/libquantum-gcc-O3/quantum_swaptheleads/src/gates.c:248:19: error: expected ';' at end of declaration")
('error:', "/home/yanlin/my-projects/decompilation/source_code/recompiled/IDA/speccpu/gcc/O3/libquantum-gcc-O3/quantum_swaptheleads/src/gates.c:251:12: error: redefinition of '__int64'")
('error:', "/home/yanlin/my-projects/decompilation/source_code/recompiled/IDA/speccpu/gcc/O3/libquantum-gcc-O3/quantum_swaptheleads/src/gates.c:251:19: error: expected ';' at end of declaration")
('error:', "/home/yanlin/my-projects/decompilation/source_code/recompiled/IDA/speccpu/gcc/O3/libquantum-gcc-O3/quantum_swaptheleads/src/gates.c:274:13: error: use of undeclared identifier 'p_state'")
('error:', "/home/yanlin/my-projects/decompilation/source_code/recompiled/IDA/speccpu/gcc/O3/libquantum-gcc-O3/quantum_swaptheleads/src/gates.c:277:38: error: use of undeclared identifier 'p_state'; did you mean 'setstate'?")
('error:', "/home/yanlin/my-projects/decompilation/source_code/recompiled/IDA/speccpu/gcc/O3/libquantum-gcc-O3/quantum_swaptheleads/src/gates.c:277:35: error: invalid operands to binary expression ('long long' and 'char *(*)(char *)')")
('error:', "/home/yanlin/my-projects/decompilation/source_code/recompiled/IDA/speccpu/gcc/O3/libquantum-gcc-O3/quantum_swaptheleads/src/gates.c:278:18: error: use of undeclared identifier 'p_state'; did you mean 'setstate'?")
('error:', "/home/yanlin/my-projects/decompilation/source_code/recompiled/IDA/speccpu/gcc/O3/libquantum-gcc-O3/quantum_swaptheleads/src/gates.c:278:26: error: invalid operands to binary expression ('char *(char *)' and 'long long')")
('error:', "/home/yanlin/my-projects/decompilation/source_code/recompiled/IDA/speccpu/gcc/O3/libquantum-gcc-O3/quantum_swaptheleads/src/gates.c:279:15: error: use of undeclared identifier 'p_state'")
('error:', "/home/yanlin/my-projects/decompilation/source_code/recompiled/IDA/speccpu/gcc/O3/libquantum-gcc-O3/quantum_swaptheleads/src/gates.c:281:69: error: use of undeclared identifier 'p_state'; did you mean 'setstate'?")
('error:', 'fatal error: too many errors emitted, stopping now [-ferror-limit=]')
***************** Next Function ******************
('func_count:', 54)
("func_name '", 'spec_srand', "'")
('err_func:', '/data/maliha/decompilation/data/error_without_patch/ida/speccpu/gcc/O3/libquantum-gcc-O3-compilation-errors/spec_srand')
('err_funcfile:', '/data/maliha/decompilation/data/error_without_patch/ida/speccpu/gcc/O3/libquantum-gcc-O3-compilation-errors/spec_srand')
('error:', 'clang: error: linker command failed with exit code 1 (use -v to see invocation)')
***************** Next Function ******************
('func_count:', 55)
("func_name '", 'quantum_delete_qureg_hashpreserve', "'")
('err_func:', '/data/maliha/decompilation/data/error_without_patch/ida/speccpu/gcc/O3/libquantum-gcc-O3-compilation-errors/quantum_delete_qureg_hashpreserve')
('err_funcfile:', '/data/maliha/decompilation/data/error_without_patch/ida/speccpu/gcc/O3/libquantum-gcc-O3-compilation-errors/quantum_delete_qureg_hashpreserve')
('error:', 'clang: error: linker command failed with exit code 1 (use -v to see invocation)')
***************** Next Function ******************
('func_count:', 56)
("func_name '", 'quantum_walsh', "'")
('err_func:', '/data/maliha/decompilation/data/error_without_patch/ida/speccpu/gcc/O3/libquantum-gcc-O3-compilation-errors/quantum_walsh')
('err_funcfile:', '/data/maliha/decompilation/data/error_without_patch/ida/speccpu/gcc/O3/libquantum-gcc-O3-compilation-errors/quantum_walsh')
('error:', "/home/yanlin/my-projects/decompilation/source_code/recompiled/IDA/speccpu/gcc/O3/libquantum-gcc-O3/quantum_walsh/src/gates.c:678:3: error: unknown type name '__int64'; did you mean '__int64_t'?")
('error:', '/home/yanlin/my-projects/decompilation/source_code/recompiled/IDA/speccpu/gcc/O3/libquantum-gcc-O3/quantum_walsh/src/gates.c:689:25: error: expected expression')
('error:', "/home/yanlin/my-projects/decompilation/source_code/recompiled/IDA/speccpu/gcc/O3/libquantum-gcc-O3/quantum_walsh/src/gates.c:689:17: error: use of undeclared identifier '_QWORD'")
('error:', "/home/yanlin/my-projects/decompilation/source_code/recompiled/IDA/speccpu/gcc/O3/libquantum-gcc-O3/quantum_walsh/src/gates.c:690:13: error: member reference base type '_Complex float' is not a structure or union")
('error:', "/home/yanlin/my-projects/decompilation/source_code/recompiled/IDA/speccpu/gcc/O3/libquantum-gcc-O3/quantum_walsh/src/gates.c:691:16: error: member reference base type '_Complex float' is not a structure or union")
('error:', "/home/yanlin/my-projects/decompilation/source_code/recompiled/IDA/speccpu/gcc/O3/libquantum-gcc-O3/quantum_walsh/src/gates.c:692:16: error: member reference base type '_Complex float' is not a structure or union")
('error:', "/home/yanlin/my-projects/decompilation/source_code/recompiled/IDA/speccpu/gcc/O3/libquantum-gcc-O3/quantum_walsh/src/gates.c:693:13: error: member reference base type '_Complex float' is not a structure or union")
('error:', "/home/yanlin/my-projects/decompilation/source_code/recompiled/IDA/speccpu/gcc/O3/libquantum-gcc-O3/quantum_walsh/src/gates.c:694:16: error: member reference base type '_Complex float' is not a structure or union")
('error:', "/home/yanlin/my-projects/decompilation/source_code/recompiled/IDA/speccpu/gcc/O3/libquantum-gcc-O3/quantum_walsh/src/gates.c:695:16: error: member reference base type '_Complex float' is not a structure or union")
('error:', "/home/yanlin/my-projects/decompilation/source_code/recompiled/IDA/speccpu/gcc/O3/libquantum-gcc-O3/quantum_walsh/src/gates.c:696:16: error: member reference base type '_Complex float' is not a structure or union")
('error:', "/home/yanlin/my-projects/decompilation/source_code/recompiled/IDA/speccpu/gcc/O3/libquantum-gcc-O3/quantum_walsh/src/gates.c:697:16: error: member reference base type '_Complex float' is not a structure or union")
***************** Next Function ******************
('func_count:', 57)
("func_name '", 'quantum_cond_phase', "'")
('err_func:', '/data/maliha/decompilation/data/error_without_patch/ida/speccpu/gcc/O3/libquantum-gcc-O3-compilation-errors/quantum_cond_phase')
('err_funcfile:', '/data/maliha/decompilation/data/error_without_patch/ida/speccpu/gcc/O3/libquantum-gcc-O3-compilation-errors/quantum_cond_phase')
('error:', "/home/yanlin/my-projects/decompilation/source_code/recompiled/IDA/speccpu/gcc/O3/libquantum-gcc-O3/quantum_cond_phase/src/gates.c:797:3: error: unknown type name '__int64'; did you mean '__int64_t'?")
('error:', "/home/yanlin/my-projects/decompilation/source_code/recompiled/IDA/speccpu/gcc/O3/libquantum-gcc-O3/quantum_cond_phase/src/gates.c:800:19: error: expected ';' at end of declaration")
('error:', "/home/yanlin/my-projects/decompilation/source_code/recompiled/IDA/speccpu/gcc/O3/libquantum-gcc-O3/quantum_cond_phase/src/gates.c:805:10: error: expected ';' after expression")
('error:', "/home/yanlin/my-projects/decompilation/source_code/recompiled/IDA/speccpu/gcc/O3/libquantum-gcc-O3/quantum_cond_phase/src/gates.c:805:11: error: use of undeclared identifier 'v12'; did you mean 'v11'?")
('error:', "/home/yanlin/my-projects/decompilation/source_code/recompiled/IDA/speccpu/gcc/O3/libquantum-gcc-O3/quantum_cond_phase/src/gates.c:807:12: error: redefinition of '__int64'")
('error:', "/home/yanlin/my-projects/decompilation/source_code/recompiled/IDA/speccpu/gcc/O3/libquantum-gcc-O3/quantum_cond_phase/src/gates.c:807:19: error: expected ';' at end of declaration")
('error:', "/home/yanlin/my-projects/decompilation/source_code/recompiled/IDA/speccpu/gcc/O3/libquantum-gcc-O3/quantum_cond_phase/src/gates.c:811:30: error: expected ')'")
('error:', "/home/yanlin/my-projects/decompilation/source_code/recompiled/IDA/speccpu/gcc/O3/libquantum-gcc-O3/quantum_cond_phase/src/gates.c:811:58: error: expected ')'")
('error:', "/home/yanlin/my-projects/decompilation/source_code/recompiled/IDA/speccpu/gcc/O3/libquantum-gcc-O3/quantum_cond_phase/src/gates.c:814:35: error: expected ')'")
('error:', "/home/yanlin/my-projects/decompilation/source_code/recompiled/IDA/speccpu/gcc/O3/libquantum-gcc-O3/quantum_cond_phase/src/gates.c:814:63: error: expected ')'")
('error:', "/home/yanlin/my-projects/decompilation/source_code/recompiled/IDA/speccpu/gcc/O3/libquantum-gcc-O3/quantum_cond_phase/src/gates.c:814:98: error: expected ')'")
('error:', "/home/yanlin/my-projects/decompilation/source_code/recompiled/IDA/speccpu/gcc/O3/libquantum-gcc-O3/quantum_cond_phase/src/gates.c:814:128: error: expected ')'")
('error:', "/home/yanlin/my-projects/decompilation/source_code/recompiled/IDA/speccpu/gcc/O3/libquantum-gcc-O3/quantum_cond_phase/src/gates.c:814:156: error: expected ')'")
('error:', "/home/yanlin/my-projects/decompilation/source_code/recompiled/IDA/speccpu/gcc/O3/libquantum-gcc-O3/quantum_cond_phase/src/gates.c:814:7: error: use of undeclared identifier 'v14'")
('error:', "/home/yanlin/my-projects/decompilation/source_code/recompiled/IDA/speccpu/gcc/O3/libquantum-gcc-O3/quantum_cond_phase/src/gates.c:815:27: error: use of undeclared identifier 'v14'")
('error:', "/home/yanlin/my-projects/decompilation/source_code/recompiled/IDA/speccpu/gcc/O3/libquantum-gcc-O3/quantum_cond_phase/src/gates.c:815:48: error: use of undeclared identifier 'v14'")
('error:', "/home/yanlin/my-projects/decompilation/source_code/recompiled/IDA/speccpu/gcc/O3/libquantum-gcc-O3/quantum_cond_phase/src/gates.c:822:5: error: use of undeclared identifier 'v7'")
('error:', "/home/yanlin/my-projects/decompilation/source_code/recompiled/IDA/speccpu/gcc/O3/libquantum-gcc-O3/quantum_cond_phase/src/gates.c:822:29: error: too many arguments to function call, expected single argument 'phi', have 2 arguments")
('error:', "/home/yanlin/my-projects/decompilation/source_code/recompiled/IDA/speccpu/gcc/O3/libquantum-gcc-O3/quantum_cond_phase/src/gates.c:824:22: error: use of undeclared identifier 'v7'")
('error:', 'fatal error: too many errors emitted, stopping now [-ferror-limit=]')
***************** Next Function ******************
('func_count:', 58)
("func_name '", 'quantum_sigma_z', "'")
('err_func:', '/data/maliha/decompilation/data/error_without_patch/ida/speccpu/gcc/O3/libquantum-gcc-O3-compilation-errors/quantum_sigma_z')
('err_funcfile:', '/data/maliha/decompilation/data/error_without_patch/ida/speccpu/gcc/O3/libquantum-gcc-O3-compilation-errors/quantum_sigma_z')
('error:', "/home/yanlin/my-projects/decompilation/source_code/recompiled/IDA/speccpu/gcc/O3/libquantum-gcc-O3/quantum_sigma_z/src/gates.c:212:3: error: unknown type name '__int64'; did you mean '__int64_t'?")
('error:', "/home/yanlin/my-projects/decompilation/source_code/recompiled/IDA/speccpu/gcc/O3/libquantum-gcc-O3/quantum_sigma_z/src/gates.c:230:32: error: member reference base type '_Complex float' is not a structure or union")
('error:', "/home/yanlin/my-projects/decompilation/source_code/recompiled/IDA/speccpu/gcc/O3/libquantum-gcc-O3/quantum_sigma_z/src/gates.c:231:26: error: member reference base type '_Complex float' is not a structure or union")
('error:', "/home/yanlin/my-projects/decompilation/source_code/recompiled/IDA/speccpu/gcc/O3/libquantum-gcc-O3/quantum_sigma_z/src/gates.c:231:50: error: member reference base type '_Complex float' is not a structure or union")
('error:', "/home/yanlin/my-projects/decompilation/source_code/recompiled/IDA/speccpu/gcc/O3/libquantum-gcc-O3/quantum_sigma_z/src/gates.c:232:26: error: member reference base type '_Complex float' is not a structure or union")
***************** Next Function ******************
('func_count:', 59)
("func_name '", 'quantum_sigma_y', "'")
('err_func:', '/data/maliha/decompilation/data/error_without_patch/ida/speccpu/gcc/O3/libquantum-gcc-O3-compilation-errors/quantum_sigma_y')
('err_funcfile:', '/data/maliha/decompilation/data/error_without_patch/ida/speccpu/gcc/O3/libquantum-gcc-O3-compilation-errors/quantum_sigma_y')
('error:', "/home/yanlin/my-projects/decompilation/source_code/recompiled/IDA/speccpu/gcc/O3/libquantum-gcc-O3/quantum_sigma_y/src/gates.c:186:3: error: unknown type name '__int64'; did you mean '__int64_t'?")
('error:', "/home/yanlin/my-projects/decompilation/source_code/recompiled/IDA/speccpu/gcc/O3/libquantum-gcc-O3/quantum_sigma_y/src/gates.c:188:3: error: unknown type name '__int64'; did you mean '__int64_t'?")
('error:', "/home/yanlin/my-projects/decompilation/source_code/recompiled/IDA/speccpu/gcc/O3/libquantum-gcc-O3/quantum_sigma_y/src/gates.c:193:19: error: expected ';' at end of declaration")
('error:', "/home/yanlin/my-projects/decompilation/source_code/recompiled/IDA/speccpu/gcc/O3/libquantum-gcc-O3/quantum_sigma_y/src/gates.c:204:22: error: invalid operands to binary expression ('unsigned int' and 'quantum_reg_node' (aka 'struct quantum_reg_node_struct'))")
('error:', "/home/yanlin/my-projects/decompilation/source_code/recompiled/IDA/speccpu/gcc/O3/libquantum-gcc-O3/quantum_sigma_y/src/gates.c:207:31: error: member reference base type '_Complex float' is not a structure or union")
('error:', "/home/yanlin/my-projects/decompilation/source_code/recompiled/IDA/speccpu/gcc/O3/libquantum-gcc-O3/quantum_sigma_y/src/gates.c:208:31: error: member reference base type '_Complex float' is not a structure or union")
('error:', "/home/yanlin/my-projects/decompilation/source_code/recompiled/IDA/speccpu/gcc/O3/libquantum-gcc-O3/quantum_sigma_y/src/gates.c:209:9: error: use of undeclared identifier 'v11'; did you mean 'v12'?")
('error:', "/home/yanlin/my-projects/decompilation/source_code/recompiled/IDA/speccpu/gcc/O3/libquantum-gcc-O3/quantum_sigma_y/src/gates.c:210:30: error: member reference base type '_Complex float' is not a structure or union")
('error:', "/home/yanlin/my-projects/decompilation/source_code/recompiled/IDA/speccpu/gcc/O3/libquantum-gcc-O3/quantum_sigma_y/src/gates.c:211:23: error: use of undeclared identifier 'v11'; did you mean 'v12'?")
('error:', "/home/yanlin/my-projects/decompilation/source_code/recompiled/IDA/speccpu/gcc/O3/libquantum-gcc-O3/quantum_sigma_y/src/gates.c:212:17: error: use of undeclared identifier 'v11'; did you mean 'v12'?")
('error:', "/home/yanlin/my-projects/decompilation/source_code/recompiled/IDA/speccpu/gcc/O3/libquantum-gcc-O3/quantum_sigma_y/src/gates.c:212:21: error: invalid operands to binary expression ('float' and 'float')")
('error:', "/home/yanlin/my-projects/decompilation/source_code/recompiled/IDA/speccpu/gcc/O3/libquantum-gcc-O3/quantum_sigma_y/src/gates.c:222:24: error: member reference base type '_Complex float' is not a structure or union")
('error:', "/home/yanlin/my-projects/decompilation/source_code/recompiled/IDA/speccpu/gcc/O3/libquantum-gcc-O3/quantum_sigma_y/src/gates.c:223:24: error: member reference base type '_Complex float' is not a structure or union")
***************** Next Function ******************
('func_count:', 60)
("func_name '", 'quantum_cnot', "'")
('err_func:', '/data/maliha/decompilation/data/error_without_patch/ida/speccpu/gcc/O3/libquantum-gcc-O3-compilation-errors/quantum_cnot')
('err_funcfile:', '/data/maliha/decompilation/data/error_without_patch/ida/speccpu/gcc/O3/libquantum-gcc-O3-compilation-errors/quantum_cnot')
('error:', "/home/yanlin/my-projects/decompilation/source_code/recompiled/IDA/speccpu/gcc/O3/libquantum-gcc-O3/quantum_cnot/src/gates.c:50:19: error: expected ';' at end of declaration")
('error:', "/home/yanlin/my-projects/decompilation/source_code/recompiled/IDA/speccpu/gcc/O3/libquantum-gcc-O3/quantum_cnot/src/gates.c:64:7: error: use of undeclared identifier 'p_state'")
('error:', "/home/yanlin/my-projects/decompilation/source_code/recompiled/IDA/speccpu/gcc/O3/libquantum-gcc-O3/quantum_cnot/src/gates.c:67:38: error: use of undeclared identifier 'p_state'; did you mean 'setstate'?")
('error:', "/home/yanlin/my-projects/decompilation/source_code/recompiled/IDA/speccpu/gcc/O3/libquantum-gcc-O3/quantum_cnot/src/gates.c:67:35: error: invalid operands to binary expression ('long long' and 'char *(*)(char *)')")
('error:', "/home/yanlin/my-projects/decompilation/source_code/recompiled/IDA/speccpu/gcc/O3/libquantum-gcc-O3/quantum_cnot/src/gates.c:68:12: error: use of undeclared identifier 'p_state'; did you mean 'setstate'?")
('error:', "/home/yanlin/my-projects/decompilation/source_code/recompiled/IDA/speccpu/gcc/O3/libquantum-gcc-O3/quantum_cnot/src/gates.c:68:20: error: invalid operands to binary expression ('char *(char *)' and 'long long')")
('error:', "/home/yanlin/my-projects/decompilation/source_code/recompiled/IDA/speccpu/gcc/O3/libquantum-gcc-O3/quantum_cnot/src/gates.c:69:9: error: use of undeclared identifier 'p_state'")
('error:', "/home/yanlin/my-projects/decompilation/source_code/recompiled/IDA/speccpu/gcc/O3/libquantum-gcc-O3/quantum_cnot/src/gates.c:71:16: error: use of undeclared identifier 'p_state'; did you mean 'setstate'?")
***************** Next Function ******************
('func_count:', 61)
("func_name '", 'quantum_print_matrix', "'")
('err_func:', '/data/maliha/decompilation/data/error_without_patch/ida/speccpu/gcc/O3/libquantum-gcc-O3-compilation-errors/quantum_print_matrix')
('err_funcfile:', '/data/maliha/decompilation/data/error_without_patch/ida/speccpu/gcc/O3/libquantum-gcc-O3-compilation-errors/quantum_print_matrix')
('error:', "/home/yanlin/my-projects/decompilation/source_code/recompiled/IDA/speccpu/gcc/O3/libquantum-gcc-O3/quantum_print_matrix/src/matrix.c:93:3: error: use of undeclared identifier 'complex_float'")
('error:', "/home/yanlin/my-projects/decompilation/source_code/recompiled/IDA/speccpu/gcc/O3/libquantum-gcc-O3/quantum_print_matrix/src/matrix.c:93:18: error: use of undeclared identifier 'v3'")
('error:', "/home/yanlin/my-projects/decompilation/source_code/recompiled/IDA/speccpu/gcc/O3/libquantum-gcc-O3/quantum_print_matrix/src/matrix.c:105:9: error: use of undeclared identifier 'v3'")
('error:', "/home/yanlin/my-projects/decompilation/source_code/recompiled/IDA/speccpu/gcc/O3/libquantum-gcc-O3/quantum_print_matrix/src/matrix.c:108:18: error: use of undeclared identifier 'v3'")
('error:', "/home/yanlin/my-projects/decompilation/source_code/recompiled/IDA/speccpu/gcc/O3/libquantum-gcc-O3/quantum_print_matrix/src/matrix.c:109:18: error: use of undeclared identifier 'v3'")
('error:', "/home/yanlin/my-projects/decompilation/source_code/recompiled/IDA/speccpu/gcc/O3/libquantum-gcc-O3/quantum_print_matrix/src/matrix.c:110:13: error: use of undeclared identifier 'v3'")
('error:', "/home/yanlin/my-projects/decompilation/source_code/recompiled/IDA/speccpu/gcc/O3/libquantum-gcc-O3/quantum_print_matrix/src/matrix.c:113:43: error: expected ')'")
('error:', "/home/yanlin/my-projects/decompilation/source_code/recompiled/IDA/speccpu/gcc/O3/libquantum-gcc-O3/quantum_print_matrix/src/matrix.c:113:84: error: use of undeclared identifier 'v3'")
***************** Next Function ******************
('func_count:', 62)
("func_name '", 'quantum_sigma_x', "'")
('err_func:', '/data/maliha/decompilation/data/error_without_patch/ida/speccpu/gcc/O3/libquantum-gcc-O3-compilation-errors/quantum_sigma_x')
('err_funcfile:', '/data/maliha/decompilation/data/error_without_patch/ida/speccpu/gcc/O3/libquantum-gcc-O3-compilation-errors/quantum_sigma_x')
('error:', "/home/yanlin/my-projects/decompilation/source_code/recompiled/IDA/speccpu/gcc/O3/libquantum-gcc-O3/quantum_sigma_x/src/gates.c:160:19: error: expected ';' at end of declaration")
('error:', "/home/yanlin/my-projects/decompilation/source_code/recompiled/IDA/speccpu/gcc/O3/libquantum-gcc-O3/quantum_sigma_x/src/gates.c:175:7: error: use of undeclared identifier 'p_state'")
('error:', "/home/yanlin/my-projects/decompilation/source_code/recompiled/IDA/speccpu/gcc/O3/libquantum-gcc-O3/quantum_sigma_x/src/gates.c:178:10: error: use of undeclared identifier 'p_state'; did you mean 'setstate'?")
('error:', "/home/yanlin/my-projects/decompilation/source_code/recompiled/IDA/speccpu/gcc/O3/libquantum-gcc-O3/quantum_sigma_x/src/gates.c:178:18: error: invalid operands to binary expression ('char *(char *)' and 'long long')")
('error:', "/home/yanlin/my-projects/decompilation/source_code/recompiled/IDA/speccpu/gcc/O3/libquantum-gcc-O3/quantum_sigma_x/src/gates.c:179:9: error: use of undeclared identifier 'p_state'")
('error:', "/home/yanlin/my-projects/decompilation/source_code/recompiled/IDA/speccpu/gcc/O3/libquantum-gcc-O3/quantum_sigma_x/src/gates.c:181:16: error: use of undeclared identifier 'p_state'; did you mean 'setstate'?")
***************** Next Function ******************
('func_count:', 63)
("func_name '", 'quantum_r_y', "'")
('err_func:', '/data/maliha/decompilation/data/error_without_patch/ida/speccpu/gcc/O3/libquantum-gcc-O3-compilation-errors/quantum_r_y')
('err_funcfile:', '/data/maliha/decompilation/data/error_without_patch/ida/speccpu/gcc/O3/libquantum-gcc-O3-compilation-errors/quantum_r_y')
('error:', "/home/yanlin/my-projects/decompilation/source_code/recompiled/IDA/speccpu/gcc/O3/libquantum-gcc-O3/quantum_r_y/src/gates.c:706:43: error: unknown type name '__m128i'")
('error:', "/home/yanlin/my-projects/decompilation/source_code/recompiled/IDA/speccpu/gcc/O3/libquantum-gcc-O3/quantum_r_y/src/gates.c:709:3: error: use of undeclared identifier 'complex_float'")
('error:', "/home/yanlin/my-projects/decompilation/source_code/recompiled/IDA/speccpu/gcc/O3/libquantum-gcc-O3/quantum_r_y/src/gates.c:709:18: error: use of undeclared identifier 't'")
('error:', "/home/yanlin/my-projects/decompilation/source_code/recompiled/IDA/speccpu/gcc/O3/libquantum-gcc-O3/quantum_r_y/src/gates.c:722:5: error: use of undeclared identifier 't'")
('error:', '/home/yanlin/my-projects/decompilation/source_code/recompiled/IDA/speccpu/gcc/O3/libquantum-gcc-O3/quantum_r_y/src/gates.c:724:16: error: expected expression')
('error:', "/home/yanlin/my-projects/decompilation/source_code/recompiled/IDA/speccpu/gcc/O3/libquantum-gcc-O3/quantum_r_y/src/gates.c:724:8: error: use of undeclared identifier '_QWORD'")
('error:', '/home/yanlin/my-projects/decompilation/source_code/recompiled/IDA/speccpu/gcc/O3/libquantum-gcc-O3/quantum_r_y/src/gates.c:724:40: error: expected expression')
('error:', "/home/yanlin/my-projects/decompilation/source_code/recompiled/IDA/speccpu/gcc/O3/libquantum-gcc-O3/quantum_r_y/src/gates.c:724:32: error: use of undeclared identifier '_QWORD'")
('error:', "/home/yanlin/my-projects/decompilation/source_code/recompiled/IDA/speccpu/gcc/O3/libquantum-gcc-O3/quantum_r_y/src/gates.c:726:8: error: member reference base type '_Complex float' is not a structure or union")
('error:', "/home/yanlin/my-projects/decompilation/source_code/recompiled/IDA/speccpu/gcc/O3/libquantum-gcc-O3/quantum_r_y/src/gates.c:729:5: error: use of undeclared identifier 't'")
('error:', "/home/yanlin/my-projects/decompilation/source_code/recompiled/IDA/speccpu/gcc/O3/libquantum-gcc-O3/quantum_r_y/src/gates.c:730:5: error: use of undeclared identifier 't'")
('error:', "/home/yanlin/my-projects/decompilation/source_code/recompiled/IDA/speccpu/gcc/O3/libquantum-gcc-O3/quantum_r_y/src/gates.c:731:5: error: use of undeclared identifier 't'")
('error:', "/home/yanlin/my-projects/decompilation/source_code/recompiled/IDA/speccpu/gcc/O3/libquantum-gcc-O3/quantum_r_y/src/gates.c:732:5: error: use of undeclared identifier 't'")
('error:', "/home/yanlin/my-projects/decompilation/source_code/recompiled/IDA/speccpu/gcc/O3/libquantum-gcc-O3/quantum_r_y/src/gates.c:733:5: error: use of undeclared identifier 't'")
('error:', "/home/yanlin/my-projects/decompilation/source_code/recompiled/IDA/speccpu/gcc/O3/libquantum-gcc-O3/quantum_r_y/src/gates.c:734:5: error: use of undeclared identifier 't'")
('error:', "/home/yanlin/my-projects/decompilation/source_code/recompiled/IDA/speccpu/gcc/O3/libquantum-gcc-O3/quantum_r_y/src/gates.c:735:5: error: use of undeclared identifier 't'")
***************** Next Function ******************
('func_count:', 64)
("func_name '", 'quantum_destroy_hash', "'")
('err_func:', '/data/maliha/decompilation/data/error_without_patch/ida/speccpu/gcc/O3/libquantum-gcc-O3-compilation-errors/quantum_destroy_hash')
('err_funcfile:', '/data/maliha/decompilation/data/error_without_patch/ida/speccpu/gcc/O3/libquantum-gcc-O3-compilation-errors/quantum_destroy_hash')
('error:', 'clang: error: linker command failed with exit code 1 (use -v to see invocation)')
***************** Next Function ******************
('func_count:', 65)
("func_name '", 'quantum_gcd', "'")
('err_func:', '/data/maliha/decompilation/data/error_without_patch/ida/speccpu/gcc/O3/libquantum-gcc-O3-compilation-errors/quantum_gcd')
('err_funcfile:', '/data/maliha/decompilation/data/error_without_patch/ida/speccpu/gcc/O3/libquantum-gcc-O3-compilation-errors/quantum_gcd')
('error:', 'clang: error: linker command failed with exit code 1 (use -v to see invocation)')
***************** Next Function ******************
('func_count:', 66)
("func_name '", 'quantum_print_expn', "'")
('err_func:', '/data/maliha/decompilation/data/error_without_patch/ida/speccpu/gcc/O3/libquantum-gcc-O3-compilation-errors/quantum_print_expn')
('err_funcfile:', '/data/maliha/decompilation/data/error_without_patch/ida/speccpu/gcc/O3/libquantum-gcc-O3-compilation-errors/quantum_print_expn')
('error:', "/home/yanlin/my-projects/decompilation/source_code/recompiled/IDA/speccpu/gcc/O3/libquantum-gcc-O3/quantum_print_expn/src/qureg.c:237:19: error: expected ';' at end of declaration")
('error:', "/home/yanlin/my-projects/decompilation/source_code/recompiled/IDA/speccpu/gcc/O3/libquantum-gcc-O3/quantum_print_expn/src/qureg.c:238:12: error: redefinition of '__int64'")
('error:', "/home/yanlin/my-projects/decompilation/source_code/recompiled/IDA/speccpu/gcc/O3/libquantum-gcc-O3/quantum_print_expn/src/qureg.c:238:19: error: expected ';' at end of declaration")
('error:', "/home/yanlin/my-projects/decompilation/source_code/recompiled/IDA/speccpu/gcc/O3/libquantum-gcc-O3/quantum_print_expn/src/qureg.c:239:10: error: expected ';' after expression")
('error:', "/home/yanlin/my-projects/decompilation/source_code/recompiled/IDA/speccpu/gcc/O3/libquantum-gcc-O3/quantum_print_expn/src/qureg.c:239:11: error: use of undeclared identifier 'v4'")
('error:', "/home/yanlin/my-projects/decompilation/source_code/recompiled/IDA/speccpu/gcc/O3/libquantum-gcc-O3/quantum_print_expn/src/qureg.c:245:5: error: use of undeclared identifier 'p_state'")
('error:', "/home/yanlin/my-projects/decompilation/source_code/recompiled/IDA/speccpu/gcc/O3/libquantum-gcc-O3/quantum_print_expn/src/qureg.c:248:7: error: use of undeclared identifier 'v3'")
('error:', "/home/yanlin/my-projects/decompilation/source_code/recompiled/IDA/speccpu/gcc/O3/libquantum-gcc-O3/quantum_print_expn/src/qureg.c:248:13: error: use of undeclared identifier 'p_state'; did you mean 'setstate'?")
('error:', "/home/yanlin/my-projects/decompilation/source_code/recompiled/IDA/speccpu/gcc/O3/libquantum-gcc-O3/quantum_print_expn/src/qureg.c:249:7: error: use of undeclared identifier 'v4'")
('error:', "/home/yanlin/my-projects/decompilation/source_code/recompiled/IDA/speccpu/gcc/O3/libquantum-gcc-O3/quantum_print_expn/src/qureg.c:251:7: error: use of undeclared identifier 'p_state'")
('error:', "/home/yanlin/my-projects/decompilation/source_code/recompiled/IDA/speccpu/gcc/O3/libquantum-gcc-O3/quantum_print_expn/src/qureg.c:252:35: error: use of undeclared identifier 'v3'")
('error:', "/home/yanlin/my-projects/decompilation/source_code/recompiled/IDA/speccpu/gcc/O3/libquantum-gcc-O3/quantum_print_expn/src/qureg.c:252:30: error: use of undeclared identifier 'v4'")
***************** Next Function ******************
('func_count:', 67)
("func_name '", 'madd', "'")
('err_func:', '/data/maliha/decompilation/data/error_without_patch/ida/speccpu/gcc/O3/libquantum-gcc-O3-compilation-errors/madd')
('err_funcfile:', '/data/maliha/decompilation/data/error_without_patch/ida/speccpu/gcc/O3/libquantum-gcc-O3-compilation-errors/madd')
('error:', 'clang: error: linker command failed with exit code 1 (use -v to see invocation)')
***************** Next Function ******************
('func_count:', 68)
("func_name '", 'quantum_objcode_file', "'")
('err_func:', '/data/maliha/decompilation/data/error_without_patch/ida/speccpu/gcc/O3/libquantum-gcc-O3-compilation-errors/quantum_objcode_file')
('err_funcfile:', '/data/maliha/decompilation/data/error_without_patch/ida/speccpu/gcc/O3/libquantum-gcc-O3-compilation-errors/quantum_objcode_file')
('error:', 'clang: error: linker command failed with exit code 1 (use -v to see invocation)')
***************** Next Function ******************
('func_count:', 69)
("func_name '", 'quantum_conj', "'")
('err_func:', '/data/maliha/decompilation/data/error_without_patch/ida/speccpu/gcc/O3/libquantum-gcc-O3-compilation-errors/quantum_conj')
('err_funcfile:', '/data/maliha/decompilation/data/error_without_patch/ida/speccpu/gcc/O3/libquantum-gcc-O3-compilation-errors/quantum_conj')
('error:', "/home/yanlin/my-projects/decompilation/source_code/recompiled/IDA/speccpu/gcc/O3/libquantum-gcc-O3/quantum_conj/src/complex.c:34:1: error: unknown type name '__m128i'")
('error:', "/home/yanlin/my-projects/decompilation/source_code/recompiled/IDA/speccpu/gcc/O3/libquantum-gcc-O3/quantum_conj/src/complex.c:34:9: error: expected identifier or '('")
***************** Next Function ******************
('func_count:', 70)
("func_name '", 'muxha', "'")
('err_func:', '/data/maliha/decompilation/data/error_without_patch/ida/speccpu/gcc/O3/libquantum-gcc-O3-compilation-errors/muxha')
('err_funcfile:', '/data/maliha/decompilation/data/error_without_patch/ida/speccpu/gcc/O3/libquantum-gcc-O3-compilation-errors/muxha')
('error:', 'clang: error: linker command failed with exit code 1 (use -v to see invocation)')
***************** Next Function ******************
('func_count:', 71)
("func_name '", 'muln', "'")
('err_func:', '/data/maliha/decompilation/data/error_without_patch/ida/speccpu/gcc/O3/libquantum-gcc-O3-compilation-errors/muln')
('err_funcfile:', '/data/maliha/decompilation/data/error_without_patch/ida/speccpu/gcc/O3/libquantum-gcc-O3-compilation-errors/muln')
('error:', "/home/yanlin/my-projects/decompilation/source_code/recompiled/IDA/speccpu/gcc/O3/libquantum-gcc-O3/muln/src/omuln.c:42:3: error: use of undeclared identifier 'bool'")
('error:', "/home/yanlin/my-projects/decompilation/source_code/recompiled/IDA/speccpu/gcc/O3/libquantum-gcc-O3/muln/src/omuln.c:60:9: error: use of undeclared identifier 'v12'")
('error:', "/home/yanlin/my-projects/decompilation/source_code/recompiled/IDA/speccpu/gcc/O3/libquantum-gcc-O3/muln/src/omuln.c:61:15: error: use of undeclared identifier 'v12'")
('error:', "/home/yanlin/my-projects/decompilation/source_code/recompiled/IDA/speccpu/gcc/O3/libquantum-gcc-O3/muln/src/omuln.c:67:7: error: use of undeclared identifier 'v12'")
('error:', "/home/yanlin/my-projects/decompilation/source_code/recompiled/IDA/speccpu/gcc/O3/libquantum-gcc-O3/muln/src/omuln.c:69:15: error: use of undeclared identifier 'v12'")
***************** Next Function ******************
('func_count:', 72)
("func_name '", 'quantum_exp_mod_n', "'")
('err_func:', '/data/maliha/decompilation/data/error_without_patch/ida/speccpu/gcc/O3/libquantum-gcc-O3-compilation-errors/quantum_exp_mod_n')
('err_funcfile:', '/data/maliha/decompilation/data/error_without_patch/ida/speccpu/gcc/O3/libquantum-gcc-O3-compilation-errors/quantum_exp_mod_n')
('error:', 'clang: error: linker command failed with exit code 1 (use -v to see invocation)')
***************** Next Function ******************
('func_count:', 73)
("func_name '", 'quantum_r_z', "'")
('err_func:', '/data/maliha/decompilation/data/error_without_patch/ida/speccpu/gcc/O3/libquantum-gcc-O3-compilation-errors/quantum_r_z')
('err_funcfile:', '/data/maliha/decompilation/data/error_without_patch/ida/speccpu/gcc/O3/libquantum-gcc-O3-compilation-errors/quantum_r_z')
('error:', "/home/yanlin/my-projects/decompilation/source_code/recompiled/IDA/speccpu/gcc/O3/libquantum-gcc-O3/quantum_r_z/src/gates.c:729:19: error: expected ';' at end of declaration")
('error:', "/home/yanlin/my-projects/decompilation/source_code/recompiled/IDA/speccpu/gcc/O3/libquantum-gcc-O3/quantum_r_z/src/gates.c:736:10: error: expected ';' after expression")
('error:', "/home/yanlin/my-projects/decompilation/source_code/recompiled/IDA/speccpu/gcc/O3/libquantum-gcc-O3/quantum_r_z/src/gates.c:736:11: error: use of undeclared identifier 'v11'; did you mean 'v10'?")
('error:', "/home/yanlin/my-projects/decompilation/source_code/recompiled/IDA/speccpu/gcc/O3/libquantum-gcc-O3/quantum_r_z/src/gates.c:740:12: error: redefinition of '__int64'")
('error:', "/home/yanlin/my-projects/decompilation/source_code/recompiled/IDA/speccpu/gcc/O3/libquantum-gcc-O3/quantum_r_z/src/gates.c:740:19: error: expected ';' at end of declaration")
('error:', "/home/yanlin/my-projects/decompilation/source_code/recompiled/IDA/speccpu/gcc/O3/libquantum-gcc-O3/quantum_r_z/src/gates.c:744:5: error: use of undeclared identifier 'v4'")
('error:', "/home/yanlin/my-projects/decompilation/source_code/recompiled/IDA/speccpu/gcc/O3/libquantum-gcc-O3/quantum_r_z/src/gates.c:744:35: error: too many arguments to function call, expected single argument 'phi', have 2 arguments")
('error:', "/home/yanlin/my-projects/decompilation/source_code/recompiled/IDA/speccpu/gcc/O3/libquantum-gcc-O3/quantum_r_z/src/gates.c:746:22: error: use of undeclared identifier 'v4'")
('error:', "/home/yanlin/my-projects/decompilation/source_code/recompiled/IDA/speccpu/gcc/O3/libquantum-gcc-O3/quantum_r_z/src/gates.c:747:24: error: use of undeclared identifier 'v4'")
('error:', "/home/yanlin/my-projects/decompilation/source_code/recompiled/IDA/speccpu/gcc/O3/libquantum-gcc-O3/quantum_r_z/src/gates.c:752:23: error: invalid operands to binary expression ('unsigned int' and 'quantum_reg_node' (aka 'struct quantum_reg_node_struct'))")
('error:', "/home/yanlin/my-projects/decompilation/source_code/recompiled/IDA/speccpu/gcc/O3/libquantum-gcc-O3/quantum_r_z/src/gates.c:752:7: error: use of undeclared identifier 'v11'")
('error:', "/home/yanlin/my-projects/decompilation/source_code/recompiled/IDA/speccpu/gcc/O3/libquantum-gcc-O3/quantum_r_z/src/gates.c:755:31: error: member reference base type '_Complex float' is not a structure or union")
('error:', "/home/yanlin/my-projects/decompilation/source_code/recompiled/IDA/speccpu/gcc/O3/libquantum-gcc-O3/quantum_r_z/src/gates.c:756:31: error: member reference base type '_Complex float' is not a structure or union")
('error:', "/home/yanlin/my-projects/decompilation/source_code/recompiled/IDA/speccpu/gcc/O3/libquantum-gcc-O3/quantum_r_z/src/gates.c:764:41: error: member reference base type '_Complex float' is not a structure or union")
('error:', "/home/yanlin/my-projects/decompilation/source_code/recompiled/IDA/speccpu/gcc/O3/libquantum-gcc-O3/quantum_r_z/src/gates.c:764:11: error: use of undeclared identifier 'v15'")
('error:', "/home/yanlin/my-projects/decompilation/source_code/recompiled/IDA/speccpu/gcc/O3/libquantum-gcc-O3/quantum_r_z/src/gates.c:765:28: error: use of undeclared identifier 'v15'")
('error:', "/home/yanlin/my-projects/decompilation/source_code/recompiled/IDA/speccpu/gcc/O3/libquantum-gcc-O3/quantum_r_z/src/gates.c:766:31: error: use of undeclared identifier 'v15'")
('error:', "/home/yanlin/my-projects/decompilation/source_code/recompiled/IDA/speccpu/gcc/O3/libquantum-gcc-O3/quantum_r_z/src/gates.c:768:24: error: member reference base type '_Complex float' is not a structure or union")
('error:', "/home/yanlin/my-projects/decompilation/source_code/recompiled/IDA/speccpu/gcc/O3/libquantum-gcc-O3/quantum_r_z/src/gates.c:769:24: error: member reference base type '_Complex float' is not a structure or union")
('error:', 'fatal error: too many errors emitted, stopping now [-ferror-limit=]')
***************** Next Function ******************
('func_count:', 74)
("func_name '", 'quantum_prob', "'")
('err_func:', '/data/maliha/decompilation/data/error_without_patch/ida/speccpu/gcc/O3/libquantum-gcc-O3-compilation-errors/quantum_prob')
('err_funcfile:', '/data/maliha/decompilation/data/error_without_patch/ida/speccpu/gcc/O3/libquantum-gcc-O3-compilation-errors/quantum_prob')
('error:', "/home/yanlin/my-projects/decompilation/source_code/recompiled/IDA/speccpu/gcc/O3/libquantum-gcc-O3/quantum_prob/src/complex.c:47:32: error: unknown type name 'complex_float'")
***************** Next Function ******************
('func_count:', 75)
("func_name '", 'quantum_unbounded_toffoli', "'")
('err_func:', '/data/maliha/decompilation/data/error_without_patch/ida/speccpu/gcc/O3/libquantum-gcc-O3-compilation-errors/quantum_unbounded_toffoli')
('err_funcfile:', '/data/maliha/decompilation/data/error_without_patch/ida/speccpu/gcc/O3/libquantum-gcc-O3-compilation-errors/quantum_unbounded_toffoli')
('error:', "/home/yanlin/my-projects/decompilation/source_code/recompiled/IDA/speccpu/gcc/O3/libquantum-gcc-O3/quantum_unbounded_toffoli/src/gates.c:124:3: error: use of undeclared identifier '_DWORD'")
('error:', "/home/yanlin/my-projects/decompilation/source_code/recompiled/IDA/speccpu/gcc/O3/libquantum-gcc-O3/quantum_unbounded_toffoli/src/gates.c:124:11: error: use of undeclared identifier 'v11'")
('error:', "/home/yanlin/my-projects/decompilation/source_code/recompiled/IDA/speccpu/gcc/O3/libquantum-gcc-O3/quantum_unbounded_toffoli/src/gates.c:125:3: error: use of undeclared identifier '_DWORD'")
('error:', "/home/yanlin/my-projects/decompilation/source_code/recompiled/IDA/speccpu/gcc/O3/libquantum-gcc-O3/quantum_unbounded_toffoli/src/gates.c:125:11: error: use of undeclared identifier 'v12'")
('error:', "/home/yanlin/my-projects/decompilation/source_code/recompiled/IDA/speccpu/gcc/O3/libquantum-gcc-O3/quantum_unbounded_toffoli/src/gates.c:127:3: error: unknown type name '__int64'; did you mean '__int64_t'?")
('error:', "/home/yanlin/my-projects/decompilation/source_code/recompiled/IDA/speccpu/gcc/O3/libquantum-gcc-O3/quantum_unbounded_toffoli/src/gates.c:128:3: error: unknown type name '__int64'; did you mean '__int64_t'?")
('error:', "/home/yanlin/my-projects/decompilation/source_code/recompiled/IDA/speccpu/gcc/O3/libquantum-gcc-O3/quantum_unbounded_toffoli/src/gates.c:129:3: error: unknown type name '__int64'; did you mean '__int64_t'?")
('error:', "/home/yanlin/my-projects/decompilation/source_code/recompiled/IDA/speccpu/gcc/O3/libquantum-gcc-O3/quantum_unbounded_toffoli/src/gates.c:130:3: error: use of undeclared identifier '_DWORD'")
('error:', "/home/yanlin/my-projects/decompilation/source_code/recompiled/IDA/speccpu/gcc/O3/libquantum-gcc-O3/quantum_unbounded_toffoli/src/gates.c:130:11: error: use of undeclared identifier 'overflow_arg_area'")
('error:', "/home/yanlin/my-projects/decompilation/source_code/recompiled/IDA/speccpu/gcc/O3/libquantum-gcc-O3/quantum_unbounded_toffoli/src/gates.c:132:19: error: expected ';' at end of declaration")
('error:', "/home/yanlin/my-projects/decompilation/source_code/recompiled/IDA/speccpu/gcc/O3/libquantum-gcc-O3/quantum_unbounded_toffoli/src/gates.c:133:10: error: expected ';' after expression")
('error:', "/home/yanlin/my-projects/decompilation/source_code/recompiled/IDA/speccpu/gcc/O3/libquantum-gcc-O3/quantum_unbounded_toffoli/src/gates.c:133:11: error: use of undeclared identifier 'v20'")
('error:', "/home/yanlin/my-projects/decompilation/source_code/recompiled/IDA/speccpu/gcc/O3/libquantum-gcc-O3/quantum_unbounded_toffoli/src/gates.c:134:10: error: expected ';' after expression")
('error:', "/home/yanlin/my-projects/decompilation/source_code/recompiled/IDA/speccpu/gcc/O3/libquantum-gcc-O3/quantum_unbounded_toffoli/src/gates.c:134:11: error: use of undeclared identifier 'v21'")
('error:', "/home/yanlin/my-projects/decompilation/source_code/recompiled/IDA/speccpu/gcc/O3/libquantum-gcc-O3/quantum_unbounded_toffoli/src/gates.c:135:12: error: redefinition of '__int64'")
('error:', "/home/yanlin/my-projects/decompilation/source_code/recompiled/IDA/speccpu/gcc/O3/libquantum-gcc-O3/quantum_unbounded_toffoli/src/gates.c:135:19: error: expected ';' at end of declaration")
('error:', "/home/yanlin/my-projects/decompilation/source_code/recompiled/IDA/speccpu/gcc/O3/libquantum-gcc-O3/quantum_unbounded_toffoli/src/gates.c:136:10: error: expected ';' after expression")
('error:', "/home/yanlin/my-projects/decompilation/source_code/recompiled/IDA/speccpu/gcc/O3/libquantum-gcc-O3/quantum_unbounded_toffoli/src/gates.c:136:11: error: use of undeclared identifier 'v23'; did you mean 'v13'?")
('error:', "/home/yanlin/my-projects/decompilation/source_code/recompiled/IDA/speccpu/gcc/O3/libquantum-gcc-O3/quantum_unbounded_toffoli/src/gates.c:141:10: error: expected ';' after expression")
('error:', 'fatal error: too many errors emitted, stopping now [-ferror-limit=]')
***************** Next Function ******************
('func_count:', 76)
("func_name '", 'quantum_char2int', "'")
('err_func:', '/data/maliha/decompilation/data/error_without_patch/ida/speccpu/gcc/O3/libquantum-gcc-O3-compilation-errors/quantum_char2int')
('err_funcfile:', '/data/maliha/decompilation/data/error_without_patch/ida/speccpu/gcc/O3/libquantum-gcc-O3-compilation-errors/quantum_char2int')
('error:', "/home/yanlin/my-projects/decompilation/source_code/recompiled/IDA/speccpu/gcc/O3/libquantum-gcc-O3/quantum_char2int/src/objcode.c:112:50: error: expected ')'")
('error:', "/home/yanlin/my-projects/decompilation/source_code/recompiled/IDA/speccpu/gcc/O3/libquantum-gcc-O3/quantum_char2int/src/objcode.c:112:16: error: conflicting types for 'quantum_char2int'")
('error:', "/home/yanlin/my-projects/decompilation/source_code/recompiled/IDA/speccpu/gcc/O3/libquantum-gcc-O3/quantum_char2int/src/objcode.c:114:12: error: use of undeclared identifier 'buf'")
('error:', "/home/yanlin/my-projects/decompilation/source_code/recompiled/IDA/speccpu/gcc/O3/libquantum-gcc-O3/quantum_char2int/src/objcode.c:114:28: error: use of undeclared identifier 'buf'")
('error:', "/home/yanlin/my-projects/decompilation/source_code/recompiled/IDA/speccpu/gcc/O3/libquantum-gcc-O3/quantum_char2int/src/objcode.c:114:39: error: use of undeclared identifier 'buf'")
('error:', "/home/yanlin/my-projects/decompilation/source_code/recompiled/IDA/speccpu/gcc/O3/libquantum-gcc-O3/quantum_char2int/src/objcode.c:114:57: error: use of undeclared identifier 'buf'")
***************** Next Function ******************
('func_count:', 77)
("func_name '", 'quantum_get_decoherence', "'")
('err_func:', '/data/maliha/decompilation/data/error_without_patch/ida/speccpu/gcc/O3/libquantum-gcc-O3-compilation-errors/quantum_get_decoherence')
('err_funcfile:', '/data/maliha/decompilation/data/error_without_patch/ida/speccpu/gcc/O3/libquantum-gcc-O3-compilation-errors/quantum_get_decoherence')
('error:', 'clang: error: linker command failed with exit code 1 (use -v to see invocation)')
***************** Next Function ******************
('func_count:', 78)
("func_name '", 'muln_inv', "'")
('err_func:', '/data/maliha/decompilation/data/error_without_patch/ida/speccpu/gcc/O3/libquantum-gcc-O3-compilation-errors/muln_inv')
('err_funcfile:', '/data/maliha/decompilation/data/error_without_patch/ida/speccpu/gcc/O3/libquantum-gcc-O3-compilation-errors/muln_inv')
('error:', "/home/yanlin/my-projects/decompilation/source_code/recompiled/IDA/speccpu/gcc/O3/libquantum-gcc-O3/muln_inv/src/omuln.c:63:3: error: use of undeclared identifier 'bool'")
('error:', "/home/yanlin/my-projects/decompilation/source_code/recompiled/IDA/speccpu/gcc/O3/libquantum-gcc-O3/muln_inv/src/omuln.c:98:9: error: use of undeclared identifier 'v12'")
('error:', "/home/yanlin/my-projects/decompilation/source_code/recompiled/IDA/speccpu/gcc/O3/libquantum-gcc-O3/muln_inv/src/omuln.c:99:15: error: use of undeclared identifier 'v12'")
('error:', "/home/yanlin/my-projects/decompilation/source_code/recompiled/IDA/speccpu/gcc/O3/libquantum-gcc-O3/muln_inv/src/omuln.c:103:7: error: use of undeclared identifier 'v12'")
('error:', "/home/yanlin/my-projects/decompilation/source_code/recompiled/IDA/speccpu/gcc/O3/libquantum-gcc-O3/muln_inv/src/omuln.c:105:15: error: use of undeclared identifier 'v12'")
***************** Next Function ******************
('func_count:', 79)
("func_name '", 'addn_inv', "'")
('err_func:', '/data/maliha/decompilation/data/error_without_patch/ida/speccpu/gcc/O3/libquantum-gcc-O3-compilation-errors/addn_inv')
('err_funcfile:', '/data/maliha/decompilation/data/error_without_patch/ida/speccpu/gcc/O3/libquantum-gcc-O3-compilation-errors/addn_inv')
('error:', 'clang: error: linker command failed with exit code 1 (use -v to see invocation)')
***************** Next Function ******************
('func_count:', 80)
("func_name '", 'quantum_inverse_mod', "'")
('err_func:', '/data/maliha/decompilation/data/error_without_patch/ida/speccpu/gcc/O3/libquantum-gcc-O3-compilation-errors/quantum_inverse_mod')
('err_funcfile:', '/data/maliha/decompilation/data/error_without_patch/ida/speccpu/gcc/O3/libquantum-gcc-O3-compilation-errors/quantum_inverse_mod')
('error:', 'clang: error: linker command failed with exit code 1 (use -v to see invocation)')
***************** Next Function ******************
('func_count:', 81)
("func_name '", 'quantum_print_hash', "'")
('err_func:', '/data/maliha/decompilation/data/error_without_patch/ida/speccpu/gcc/O3/libquantum-gcc-O3-compilation-errors/quantum_print_hash')
('err_funcfile:', '/data/maliha/decompilation/data/error_without_patch/ida/speccpu/gcc/O3/libquantum-gcc-O3-compilation-errors/quantum_print_hash')
('error:', "/home/yanlin/my-projects/decompilation/source_code/recompiled/IDA/speccpu/gcc/O3/libquantum-gcc-O3/quantum_print_hash/src/qureg.c:270:3: error: unknown type name '__int64'; did you mean '__int64_t'?")
('error:', "/home/yanlin/my-projects/decompilation/source_code/recompiled/IDA/speccpu/gcc/O3/libquantum-gcc-O3/quantum_print_hash/src/qureg.c:271:3: error: unknown type name '__int64'; did you mean '__int64_t'?")
('error:', "/home/yanlin/my-projects/decompilation/source_code/recompiled/IDA/speccpu/gcc/O3/libquantum-gcc-O3/quantum_print_hash/src/qureg.c:272:3: error: unknown type name '__int64'; did you mean '__int64_t'?")
***************** Next Function ******************
('func_count:', 82)
("func_name '", 'quantum_new_matrix', "'")
('err_func:', '/data/maliha/decompilation/data/error_without_patch/ida/speccpu/gcc/O3/libquantum-gcc-O3-compilation-errors/quantum_new_matrix')
('err_funcfile:', '/data/maliha/decompilation/data/error_without_patch/ida/speccpu/gcc/O3/libquantum-gcc-O3-compilation-errors/quantum_new_matrix')
('error:', "/home/yanlin/my-projects/decompilation/source_code/recompiled/IDA/speccpu/gcc/O3/libquantum-gcc-O3/quantum_new_matrix/src/matrix.c:49:3: error: use of undeclared identifier 'complex_float'")
('error:', "/home/yanlin/my-projects/decompilation/source_code/recompiled/IDA/speccpu/gcc/O3/libquantum-gcc-O3/quantum_new_matrix/src/matrix.c:49:18: error: use of undeclared identifier 'v2'")
('error:', "/home/yanlin/my-projects/decompilation/source_code/recompiled/IDA/speccpu/gcc/O3/libquantum-gcc-O3/quantum_new_matrix/src/matrix.c:52:3: error: use of undeclared identifier 'v2'")
('error:', '/home/yanlin/my-projects/decompilation/source_code/recompiled/IDA/speccpu/gcc/O3/libquantum-gcc-O3/quantum_new_matrix/src/matrix.c:52:25: error: expected expression')
('error:', "/home/yanlin/my-projects/decompilation/source_code/recompiled/IDA/speccpu/gcc/O3/libquantum-gcc-O3/quantum_new_matrix/src/matrix.c:52:10: error: use of undeclared identifier 'complex_float'")
('error:', "/home/yanlin/my-projects/decompilation/source_code/recompiled/IDA/speccpu/gcc/O3/libquantum-gcc-O3/quantum_new_matrix/src/matrix.c:53:10: error: use of undeclared identifier 'v2'")
('error:', "/home/yanlin/my-projects/decompilation/source_code/recompiled/IDA/speccpu/gcc/O3/libquantum-gcc-O3/quantum_new_matrix/src/matrix.c:58:10: error: use of undeclared identifier 'v2'")
('error:', "/home/yanlin/my-projects/decompilation/source_code/recompiled/IDA/speccpu/gcc/O3/libquantum-gcc-O3/quantum_new_matrix/src/matrix.c:59:3: error: use of undeclared identifier 'mem_1'")
('error:', "/home/yanlin/my-projects/decompilation/source_code/recompiled/IDA/speccpu/gcc/O3/libquantum-gcc-O3/quantum_new_matrix/src/matrix.c:59:25: error: use of undeclared identifier '__int64'")
('error:', "/home/yanlin/my-projects/decompilation/source_code/recompiled/IDA/speccpu/gcc/O3/libquantum-gcc-O3/quantum_new_matrix/src/matrix.c:60:9: error: use of undeclared identifier 'mem_1'")
('error:', "/home/yanlin/my-projects/decompilation/source_code/recompiled/IDA/speccpu/gcc/O3/libquantum-gcc-O3/quantum_new_matrix/src/matrix.c:60:17: error: use of undeclared identifier 'max_0'")
('error:', "/home/yanlin/my-projects/decompilation/source_code/recompiled/IDA/speccpu/gcc/O3/libquantum-gcc-O3/quantum_new_matrix/src/matrix.c:61:5: error: use of undeclared identifier 'max_0'")
('error:', "/home/yanlin/my-projects/decompilation/source_code/recompiled/IDA/speccpu/gcc/O3/libquantum-gcc-O3/quantum_new_matrix/src/matrix.c:61:13: error: use of undeclared identifier 'mem_1'")
('error:', '/home/yanlin/my-projects/decompilation/source_code/recompiled/IDA/speccpu/gcc/O3/libquantum-gcc-O3/quantum_new_matrix/src/matrix.c:62:14: error: expected expression')
('error:', "/home/yanlin/my-projects/decompilation/source_code/recompiled/IDA/speccpu/gcc/O3/libquantum-gcc-O3/quantum_new_matrix/src/matrix.c:62:6: error: use of undeclared identifier '_QWORD'")
('error:', "/home/yanlin/my-projects/decompilation/source_code/recompiled/IDA/speccpu/gcc/O3/libquantum-gcc-O3/quantum_new_matrix/src/matrix.c:62:39: error: expected ')'")
***************** Next Function ******************
('func_count:', 83)
("func_name '", 'quantum_delete_qureg', "'")
('err_func:', '/data/maliha/decompilation/data/error_without_patch/ida/speccpu/gcc/O3/libquantum-gcc-O3-compilation-errors/quantum_delete_qureg')
('err_funcfile:', '/data/maliha/decompilation/data/error_without_patch/ida/speccpu/gcc/O3/libquantum-gcc-O3-compilation-errors/quantum_delete_qureg')
('error:', 'clang: error: linker command failed with exit code 1 (use -v to see invocation)')
***************** Next Function ******************
('func_count:', 84)
("func_name '", 'quantum_ipow', "'")
('err_func:', '/data/maliha/decompilation/data/error_without_patch/ida/speccpu/gcc/O3/libquantum-gcc-O3-compilation-errors/quantum_ipow')
('err_funcfile:', '/data/maliha/decompilation/data/error_without_patch/ida/speccpu/gcc/O3/libquantum-gcc-O3-compilation-errors/quantum_ipow')
('error:', 'clang: error: linker command failed with exit code 1 (use -v to see invocation)')
***************** Next Function ******************
('func_count:', 85)
("func_name '", 'quantum_phase_scale', "'")
('err_func:', '/data/maliha/decompilation/data/error_without_patch/ida/speccpu/gcc/O3/libquantum-gcc-O3-compilation-errors/quantum_phase_scale')
('err_funcfile:', '/data/maliha/decompilation/data/error_without_patch/ida/speccpu/gcc/O3/libquantum-gcc-O3-compilation-errors/quantum_phase_scale')
('error:', "/home/yanlin/my-projects/decompilation/source_code/recompiled/IDA/speccpu/gcc/O3/libquantum-gcc-O3/quantum_phase_scale/src/gates.c:753:19: error: expected ';' at end of declaration")
('error:', "/home/yanlin/my-projects/decompilation/source_code/recompiled/IDA/speccpu/gcc/O3/libquantum-gcc-O3/quantum_phase_scale/src/gates.c:758:10: error: expected ';' after expression")
('error:', "/home/yanlin/my-projects/decompilation/source_code/recompiled/IDA/speccpu/gcc/O3/libquantum-gcc-O3/quantum_phase_scale/src/gates.c:758:11: error: use of undeclared identifier 'v9'")
('error:', "/home/yanlin/my-projects/decompilation/source_code/recompiled/IDA/speccpu/gcc/O3/libquantum-gcc-O3/quantum_phase_scale/src/gates.c:763:5: error: use of undeclared identifier 'v4'")
('error:', "/home/yanlin/my-projects/decompilation/source_code/recompiled/IDA/speccpu/gcc/O3/libquantum-gcc-O3/quantum_phase_scale/src/gates.c:763:29: error: too many arguments to function call, expected single argument 'phi', have 2 arguments")
('error:', "/home/yanlin/my-projects/decompilation/source_code/recompiled/IDA/speccpu/gcc/O3/libquantum-gcc-O3/quantum_phase_scale/src/gates.c:765:22: error: use of undeclared identifier 'v4'")
('error:', "/home/yanlin/my-projects/decompilation/source_code/recompiled/IDA/speccpu/gcc/O3/libquantum-gcc-O3/quantum_phase_scale/src/gates.c:770:7: error: use of undeclared identifier 'v9'")
('error:', "/home/yanlin/my-projects/decompilation/source_code/recompiled/IDA/speccpu/gcc/O3/libquantum-gcc-O3/quantum_phase_scale/src/gates.c:770:22: error: invalid operands to binary expression ('unsigned int' and 'quantum_reg_node' (aka 'struct quantum_reg_node_struct'))")
('error:', "/home/yanlin/my-projects/decompilation/source_code/recompiled/IDA/speccpu/gcc/O3/libquantum-gcc-O3/quantum_phase_scale/src/gates.c:773:31: error: member reference base type '_Complex float' is not a structure or union")
('error:', "/home/yanlin/my-projects/decompilation/source_code/recompiled/IDA/speccpu/gcc/O3/libquantum-gcc-O3/quantum_phase_scale/src/gates.c:774:21: error: use of undeclared identifier 'v4'")
('error:', "/home/yanlin/my-projects/decompilation/source_code/recompiled/IDA/speccpu/gcc/O3/libquantum-gcc-O3/quantum_phase_scale/src/gates.c:774:73: error: use of undeclared identifier 'v4'")
('error:', "/home/yanlin/my-projects/decompilation/source_code/recompiled/IDA/speccpu/gcc/O3/libquantum-gcc-O3/quantum_phase_scale/src/gates.c:774:98: error: member reference base type '_Complex float' is not a structure or union")
('error:', "/home/yanlin/my-projects/decompilation/source_code/recompiled/IDA/speccpu/gcc/O3/libquantum-gcc-O3/quantum_phase_scale/src/gates.c:775:24: error: member reference base type '_Complex float' is not a structure or union")
('error:', "/home/yanlin/my-projects/decompilation/source_code/recompiled/IDA/speccpu/gcc/O3/libquantum-gcc-O3/quantum_phase_scale/src/gates.c:775:62: error: member reference base type '_Complex float' is not a structure or union")
('error:', "/home/yanlin/my-projects/decompilation/source_code/recompiled/IDA/speccpu/gcc/O3/libquantum-gcc-O3/quantum_phase_scale/src/gates.c:775:95: error: use of undeclared identifier 'v4'")
('error:', "/home/yanlin/my-projects/decompilation/source_code/recompiled/IDA/speccpu/gcc/O3/libquantum-gcc-O3/quantum_phase_scale/src/gates.c:776:33: error: member reference base type '_Complex float' is not a structure or union")
('error:', "/home/yanlin/my-projects/decompilation/source_code/recompiled/IDA/speccpu/gcc/O3/libquantum-gcc-O3/quantum_phase_scale/src/gates.c:776:42: error: use of undeclared identifier 'v4'")
('error:', "/home/yanlin/my-projects/decompilation/source_code/recompiled/IDA/speccpu/gcc/O3/libquantum-gcc-O3/quantum_phase_scale/src/gates.c:778:42: error: use of undeclared identifier 'v9'")
***************** Next Function ******************
('func_count:', 86)
("func_name '", 'quantum_qec_set_status', "'")
('err_func:', '/data/maliha/decompilation/data/error_without_patch/ida/speccpu/gcc/O3/libquantum-gcc-O3-compilation-errors/quantum_qec_set_status')
('err_funcfile:', '/data/maliha/decompilation/data/error_without_patch/ida/speccpu/gcc/O3/libquantum-gcc-O3-compilation-errors/quantum_qec_set_status')
('error:', 'clang: error: linker command failed with exit code 1 (use -v to see invocation)')
***************** Next Function ******************
('func_count:', 87)
("func_name '", 'quantum_objcode_put', "'")
('err_func:', '/data/maliha/decompilation/data/error_without_patch/ida/speccpu/gcc/O3/libquantum-gcc-O3-compilation-errors/quantum_objcode_put')
('err_funcfile:', '/data/maliha/decompilation/data/error_without_patch/ida/speccpu/gcc/O3/libquantum-gcc-O3-compilation-errors/quantum_objcode_put')
('error:', "/home/yanlin/my-projects/decompilation/source_code/recompiled/IDA/speccpu/gcc/O3/libquantum-gcc-O3/quantum_objcode_put/src/objcode.c:164:42: error: expected ')'")
('error:', "/home/yanlin/my-projects/decompilation/source_code/recompiled/IDA/speccpu/gcc/O3/libquantum-gcc-O3/quantum_objcode_put/src/objcode.c:164:5: error: conflicting types for 'quantum_objcode_put'")
('error:', "/home/yanlin/my-projects/decompilation/source_code/recompiled/IDA/speccpu/gcc/O3/libquantum-gcc-O3/quantum_objcode_put/src/objcode.c:168:19: error: expected ';' at end of declaration")
('error:', "/home/yanlin/my-projects/decompilation/source_code/recompiled/IDA/speccpu/gcc/O3/libquantum-gcc-O3/quantum_objcode_put/src/objcode.c:171:10: error: expected ';' after expression")
('error:', "/home/yanlin/my-projects/decompilation/source_code/recompiled/IDA/speccpu/gcc/O3/libquantum-gcc-O3/quantum_objcode_put/src/objcode.c:171:11: error: use of undeclared identifier 'v8'")
('error:', "/home/yanlin/my-projects/decompilation/source_code/recompiled/IDA/speccpu/gcc/O3/libquantum-gcc-O3/quantum_objcode_put/src/objcode.c:192:10: error: expected ';' after expression")
('error:', "/home/yanlin/my-projects/decompilation/source_code/recompiled/IDA/speccpu/gcc/O3/libquantum-gcc-O3/quantum_objcode_put/src/objcode.c:192:3: error: use of undeclared identifier '__int16'")
('error:', "/home/yanlin/my-projects/decompilation/source_code/recompiled/IDA/speccpu/gcc/O3/libquantum-gcc-O3/quantum_objcode_put/src/objcode.c:192:11: error: use of undeclared identifier 'v29'")
('error:', "/home/yanlin/my-projects/decompilation/source_code/recompiled/IDA/speccpu/gcc/O3/libquantum-gcc-O3/quantum_objcode_put/src/objcode.c:196:10: error: expected ';' after expression")
('error:', "/home/yanlin/my-projects/decompilation/source_code/recompiled/IDA/speccpu/gcc/O3/libquantum-gcc-O3/quantum_objcode_put/src/objcode.c:196:3: error: use of undeclared identifier '__int16'")
('error:', "/home/yanlin/my-projects/decompilation/source_code/recompiled/IDA/speccpu/gcc/O3/libquantum-gcc-O3/quantum_objcode_put/src/objcode.c:196:11: error: use of undeclared identifier 'v33'")
('error:', "/home/yanlin/my-projects/decompilation/source_code/recompiled/IDA/speccpu/gcc/O3/libquantum-gcc-O3/quantum_objcode_put/src/objcode.c:200:10: error: expected ';' after expression")
('error:', "/home/yanlin/my-projects/decompilation/source_code/recompiled/IDA/speccpu/gcc/O3/libquantum-gcc-O3/quantum_objcode_put/src/objcode.c:200:3: error: use of undeclared identifier '__int16'")
('error:', "/home/yanlin/my-projects/decompilation/source_code/recompiled/IDA/speccpu/gcc/O3/libquantum-gcc-O3/quantum_objcode_put/src/objcode.c:200:11: error: use of undeclared identifier 'v37'")
('error:', "/home/yanlin/my-projects/decompilation/source_code/recompiled/IDA/speccpu/gcc/O3/libquantum-gcc-O3/quantum_objcode_put/src/objcode.c:204:10: error: expected ';' after expression")
('error:', "/home/yanlin/my-projects/decompilation/source_code/recompiled/IDA/speccpu/gcc/O3/libquantum-gcc-O3/quantum_objcode_put/src/objcode.c:204:3: error: use of undeclared identifier '__int16'")
('error:', "/home/yanlin/my-projects/decompilation/source_code/recompiled/IDA/speccpu/gcc/O3/libquantum-gcc-O3/quantum_objcode_put/src/objcode.c:204:11: error: use of undeclared identifier 'v41'")
('error:', "/home/yanlin/my-projects/decompilation/source_code/recompiled/IDA/speccpu/gcc/O3/libquantum-gcc-O3/quantum_objcode_put/src/objcode.c:208:10: error: expected ';' after expression")
('error:', "/home/yanlin/my-projects/decompilation/source_code/recompiled/IDA/speccpu/gcc/O3/libquantum-gcc-O3/quantum_objcode_put/src/objcode.c:208:3: error: use of undeclared identifier '__int16'")
('error:', 'fatal error: too many errors emitted, stopping now [-ferror-limit=]')
***************** Next Function ******************
('func_count:', 88)
("func_name '", 'quantum_print_qureg', "'")
('err_func:', '/data/maliha/decompilation/data/error_without_patch/ida/speccpu/gcc/O3/libquantum-gcc-O3-compilation-errors/quantum_print_qureg')
('err_funcfile:', '/data/maliha/decompilation/data/error_without_patch/ida/speccpu/gcc/O3/libquantum-gcc-O3-compilation-errors/quantum_print_qureg')
('error:', "/home/yanlin/my-projects/decompilation/source_code/recompiled/IDA/speccpu/gcc/O3/libquantum-gcc-O3/quantum_print_qureg/src/qureg.c:223:24: error: member reference base type '_Complex float' is not a structure or union")
('error:', "/home/yanlin/my-projects/decompilation/source_code/recompiled/IDA/speccpu/gcc/O3/libquantum-gcc-O3/quantum_print_qureg/src/qureg.c:224:24: error: member reference base type '_Complex float' is not a structure or union")
('error:', "/home/yanlin/my-projects/decompilation/source_code/recompiled/IDA/speccpu/gcc/O3/libquantum-gcc-O3/quantum_print_qureg/src/qureg.c:226:44: error: member reference base type '_Complex float' is not a structure or union")
('error:', "/home/yanlin/my-projects/decompilation/source_code/recompiled/IDA/speccpu/gcc/O3/libquantum-gcc-O3/quantum_print_qureg/src/qureg.c:226:67: error: member reference base type '_Complex float' is not a structure or union")
('error:', "/home/yanlin/my-projects/decompilation/source_code/recompiled/IDA/speccpu/gcc/O3/libquantum-gcc-O3/quantum_print_qureg/src/qureg.c:227:42: error: member reference base type '_Complex float' is not a structure or union")
('error:', "/home/yanlin/my-projects/decompilation/source_code/recompiled/IDA/speccpu/gcc/O3/libquantum-gcc-O3/quantum_print_qureg/src/qureg.c:227:65: error: member reference base type '_Complex float' is not a structure or union")
***************** Next Function ******************
('func_count:', 89)
("func_name '", 'quantum_int2char', "'")
('err_func:', '/data/maliha/decompilation/data/error_without_patch/ida/speccpu/gcc/O3/libquantum-gcc-O3-compilation-errors/quantum_int2char')
('err_funcfile:', '/data/maliha/decompilation/data/error_without_patch/ida/speccpu/gcc/O3/libquantum-gcc-O3-compilation-errors/quantum_int2char')
('error:', "/home/yanlin/my-projects/decompilation/source_code/recompiled/IDA/speccpu/gcc/O3/libquantum-gcc-O3/quantum_int2char/src/objcode.c:74:59: error: expected ')'")
('error:', "/home/yanlin/my-projects/decompilation/source_code/recompiled/IDA/speccpu/gcc/O3/libquantum-gcc-O3/quantum_int2char/src/objcode.c:80:10: error: expected ';' after expression")
('error:', "/home/yanlin/my-projects/decompilation/source_code/recompiled/IDA/speccpu/gcc/O3/libquantum-gcc-O3/quantum_int2char/src/objcode.c:80:3: error: use of undeclared identifier '__int16'; did you mean '__int8'?")
('error:', "/home/yanlin/my-projects/decompilation/source_code/recompiled/IDA/speccpu/gcc/O3/libquantum-gcc-O3/quantum_int2char/src/objcode.c:80:11: error: use of undeclared identifier 'v6'")
('error:', '/home/yanlin/my-projects/decompilation/source_code/recompiled/IDA/speccpu/gcc/O3/libquantum-gcc-O3/quantum_int2char/src/objcode.c:84:17: error: expression is not assignable')
('error:', "/home/yanlin/my-projects/decompilation/source_code/recompiled/IDA/speccpu/gcc/O3/libquantum-gcc-O3/quantum_int2char/src/objcode.c:85:4: error: use of undeclared identifier 'buf'")
('error:', '/home/yanlin/my-projects/decompilation/source_code/recompiled/IDA/speccpu/gcc/O3/libquantum-gcc-O3/quantum_int2char/src/objcode.c:89:16: error: expression is not assignable')
('error:', "/home/yanlin/my-projects/decompilation/source_code/recompiled/IDA/speccpu/gcc/O3/libquantum-gcc-O3/quantum_int2char/src/objcode.c:90:3: error: use of undeclared identifier 'buf'")
('error:', "/home/yanlin/my-projects/decompilation/source_code/recompiled/IDA/speccpu/gcc/O3/libquantum-gcc-O3/quantum_int2char/src/objcode.c:91:19: error: expected ')'")
('error:', "/home/yanlin/my-projects/decompilation/source_code/recompiled/IDA/speccpu/gcc/O3/libquantum-gcc-O3/quantum_int2char/src/objcode.c:92:3: error: use of undeclared identifier 'v6'")
('error:', "/home/yanlin/my-projects/decompilation/source_code/recompiled/IDA/speccpu/gcc/O3/libquantum-gcc-O3/quantum_int2char/src/objcode.c:94:13: error: use of undeclared identifier 'v6'")
('error:', "/home/yanlin/my-projects/decompilation/source_code/recompiled/IDA/speccpu/gcc/O3/libquantum-gcc-O3/quantum_int2char/src/objcode.c:95:3: error: use of undeclared identifier 'buf'")
('error:', "/home/yanlin/my-projects/decompilation/source_code/recompiled/IDA/speccpu/gcc/O3/libquantum-gcc-O3/quantum_int2char/src/objcode.c:95:20: error: use of undeclared identifier 'v6'")
('error:', "/home/yanlin/my-projects/decompilation/source_code/recompiled/IDA/speccpu/gcc/O3/libquantum-gcc-O3/quantum_int2char/src/objcode.c:96:3: error: use of undeclared identifier 'buf'")
***************** Next Function ******************
('func_count:', 90)
("func_name '", 'quantum_objcode_run', "'")
('err_func:', '/data/maliha/decompilation/data/error_without_patch/ida/speccpu/gcc/O3/libquantum-gcc-O3-compilation-errors/quantum_objcode_run')
('err_funcfile:', '/data/maliha/decompilation/data/error_without_patch/ida/speccpu/gcc/O3/libquantum-gcc-O3-compilation-errors/quantum_objcode_run')
('error:', "/home/yanlin/my-projects/decompilation/source_code/recompiled/IDA/speccpu/gcc/O3/libquantum-gcc-O3/quantum_objcode_run/src/objcode.c:315:3: error: use of undeclared identifier '__m128i'")
('error:', "/home/yanlin/my-projects/decompilation/source_code/recompiled/IDA/speccpu/gcc/O3/libquantum-gcc-O3/quantum_objcode_run/src/objcode.c:319:18: error: expected ';' at end of declaration")
('error:', "/home/yanlin/my-projects/decompilation/source_code/recompiled/IDA/speccpu/gcc/O3/libquantum-gcc-O3/quantum_objcode_run/src/objcode.c:334:3: error: use of undeclared identifier '__m128i'")
('error:', "/home/yanlin/my-projects/decompilation/source_code/recompiled/IDA/speccpu/gcc/O3/libquantum-gcc-O3/quantum_objcode_run/src/objcode.c:353:7: error: use of undeclared identifier 'v7'")
('error:', "/home/yanlin/my-projects/decompilation/source_code/recompiled/IDA/speccpu/gcc/O3/libquantum-gcc-O3/quantum_objcode_run/src/objcode.c:354:12: error: use of undeclared identifier 'v7'")
('error:', "/home/yanlin/my-projects/decompilation/source_code/recompiled/IDA/speccpu/gcc/O3/libquantum-gcc-O3/quantum_objcode_run/src/objcode.c:357:19: error: use of undeclared identifier 'v7'")
('error:', "/home/yanlin/my-projects/decompilation/source_code/recompiled/IDA/speccpu/gcc/O3/libquantum-gcc-O3/quantum_objcode_run/src/objcode.c:471:18: error: use of undeclared identifier 'v7'")
('error:', "/home/yanlin/my-projects/decompilation/source_code/recompiled/IDA/speccpu/gcc/O3/libquantum-gcc-O3/quantum_objcode_run/src/objcode.c:473:15: error: use of undeclared identifier 'v7'")
('error:', "/home/yanlin/my-projects/decompilation/source_code/recompiled/IDA/speccpu/gcc/O3/libquantum-gcc-O3/quantum_objcode_run/src/objcode.c:476:68: error: use of undeclared identifier 'v7'")
('error:', "/home/yanlin/my-projects/decompilation/source_code/recompiled/IDA/speccpu/gcc/O3/libquantum-gcc-O3/quantum_objcode_run/src/objcode.c:480:18: error: use of undeclared identifier 'v7'")
('error:', "/home/yanlin/my-projects/decompilation/source_code/recompiled/IDA/speccpu/gcc/O3/libquantum-gcc-O3/quantum_objcode_run/src/objcode.c:491:15: error: use of undeclared identifier 'v7'")
***************** Next Function ******************
('func_count:', 91)
("func_name '", 'quantum_phase_kick', "'")
('err_func:', '/data/maliha/decompilation/data/error_without_patch/ida/speccpu/gcc/O3/libquantum-gcc-O3-compilation-errors/quantum_phase_kick')
('err_funcfile:', '/data/maliha/decompilation/data/error_without_patch/ida/speccpu/gcc/O3/libquantum-gcc-O3-compilation-errors/quantum_phase_kick')
('error:', "/home/yanlin/my-projects/decompilation/source_code/recompiled/IDA/speccpu/gcc/O3/libquantum-gcc-O3/quantum_phase_kick/src/gates.c:775:19: error: expected ';' at end of declaration")
('error:', "/home/yanlin/my-projects/decompilation/source_code/recompiled/IDA/speccpu/gcc/O3/libquantum-gcc-O3/quantum_phase_kick/src/gates.c:780:10: error: expected ';' after expression")
('error:', "/home/yanlin/my-projects/decompilation/source_code/recompiled/IDA/speccpu/gcc/O3/libquantum-gcc-O3/quantum_phase_kick/src/gates.c:780:11: error: use of undeclared identifier 'v9'")
('error:', "/home/yanlin/my-projects/decompilation/source_code/recompiled/IDA/speccpu/gcc/O3/libquantum-gcc-O3/quantum_phase_kick/src/gates.c:785:5: error: use of undeclared identifier 'v4'")
('error:', "/home/yanlin/my-projects/decompilation/source_code/recompiled/IDA/speccpu/gcc/O3/libquantum-gcc-O3/quantum_phase_kick/src/gates.c:785:29: error: too many arguments to function call, expected single argument 'phi', have 2 arguments")
('error:', "/home/yanlin/my-projects/decompilation/source_code/recompiled/IDA/speccpu/gcc/O3/libquantum-gcc-O3/quantum_phase_kick/src/gates.c:787:22: error: use of undeclared identifier 'v4'")
('error:', "/home/yanlin/my-projects/decompilation/source_code/recompiled/IDA/speccpu/gcc/O3/libquantum-gcc-O3/quantum_phase_kick/src/gates.c:792:7: error: use of undeclared identifier 'v9'")
('error:', "/home/yanlin/my-projects/decompilation/source_code/recompiled/IDA/speccpu/gcc/O3/libquantum-gcc-O3/quantum_phase_kick/src/gates.c:792:22: error: invalid operands to binary expression ('unsigned int' and 'quantum_reg_node' (aka 'struct quantum_reg_node_struct'))")
('error:', "/home/yanlin/my-projects/decompilation/source_code/recompiled/IDA/speccpu/gcc/O3/libquantum-gcc-O3/quantum_phase_kick/src/gates.c:797:33: error: member reference base type '_Complex float' is not a structure or union")
('error:', "/home/yanlin/my-projects/decompilation/source_code/recompiled/IDA/speccpu/gcc/O3/libquantum-gcc-O3/quantum_phase_kick/src/gates.c:798:23: error: use of undeclared identifier 'v4'")
('error:', "/home/yanlin/my-projects/decompilation/source_code/recompiled/IDA/speccpu/gcc/O3/libquantum-gcc-O3/quantum_phase_kick/src/gates.c:798:52: error: use of undeclared identifier 'v4'")
('error:', "/home/yanlin/my-projects/decompilation/source_code/recompiled/IDA/speccpu/gcc/O3/libquantum-gcc-O3/quantum_phase_kick/src/gates.c:798:77: error: member reference base type '_Complex float' is not a structure or union")
('error:', "/home/yanlin/my-projects/decompilation/source_code/recompiled/IDA/speccpu/gcc/O3/libquantum-gcc-O3/quantum_phase_kick/src/gates.c:799:26: error: member reference base type '_Complex float' is not a structure or union")
('error:', "/home/yanlin/my-projects/decompilation/source_code/recompiled/IDA/speccpu/gcc/O3/libquantum-gcc-O3/quantum_phase_kick/src/gates.c:799:64: error: member reference base type '_Complex float' is not a structure or union")
('error:', "/home/yanlin/my-projects/decompilation/source_code/recompiled/IDA/speccpu/gcc/O3/libquantum-gcc-O3/quantum_phase_kick/src/gates.c:799:97: error: use of undeclared identifier 'v4'")
('error:', "/home/yanlin/my-projects/decompilation/source_code/recompiled/IDA/speccpu/gcc/O3/libquantum-gcc-O3/quantum_phase_kick/src/gates.c:800:35: error: member reference base type '_Complex float' is not a structure or union")
('error:', "/home/yanlin/my-projects/decompilation/source_code/recompiled/IDA/speccpu/gcc/O3/libquantum-gcc-O3/quantum_phase_kick/src/gates.c:800:44: error: use of undeclared identifier 'v4'")
('error:', "/home/yanlin/my-projects/decompilation/source_code/recompiled/IDA/speccpu/gcc/O3/libquantum-gcc-O3/quantum_phase_kick/src/gates.c:803:42: error: use of undeclared identifier 'v9'")
***************** Next Function ******************
('func_count:', 92)
("func_name '", 'quantum_objcode_exit', "'")
('err_func:', '/data/maliha/decompilation/data/error_without_patch/ida/speccpu/gcc/O3/libquantum-gcc-O3-compilation-errors/quantum_objcode_exit')
('err_funcfile:', '/data/maliha/decompilation/data/error_without_patch/ida/speccpu/gcc/O3/libquantum-gcc-O3-compilation-errors/quantum_objcode_exit')
('error:', 'clang: error: linker command failed with exit code 1 (use -v to see invocation)')
***************** Next Function ******************
('func_count:', 93)
("func_name '", 'muxfa_inv', "'")
('err_func:', '/data/maliha/decompilation/data/error_without_patch/ida/speccpu/gcc/O3/libquantum-gcc-O3-compilation-errors/muxfa_inv')
('err_funcfile:', '/data/maliha/decompilation/data/error_without_patch/ida/speccpu/gcc/O3/libquantum-gcc-O3-compilation-errors/muxfa_inv')
('error:', 'clang: error: linker command failed with exit code 1 (use -v to see invocation)')
***************** Next Function ******************
('func_count:', 94)
("func_name '", 'quantum_gate2', "'")
('err_func:', '/data/maliha/decompilation/data/error_without_patch/ida/speccpu/gcc/O3/libquantum-gcc-O3-compilation-errors/quantum_gate2')
('err_funcfile:', '/data/maliha/decompilation/data/error_without_patch/ida/speccpu/gcc/O3/libquantum-gcc-O3-compilation-errors/quantum_gate2')
('error:', "/home/yanlin/my-projects/decompilation/source_code/recompiled/IDA/speccpu/gcc/O3/libquantum-gcc-O3/quantum_gate2/src/gates.c:485:3: error: use of undeclared identifier 'complex_float'")
('error:', "/home/yanlin/my-projects/decompilation/source_code/recompiled/IDA/speccpu/gcc/O3/libquantum-gcc-O3/quantum_gate2/src/gates.c:485:18: error: use of undeclared identifier 't'")
('error:', "/home/yanlin/my-projects/decompilation/source_code/recompiled/IDA/speccpu/gcc/O3/libquantum-gcc-O3/quantum_gate2/src/gates.c:488:3: error: unknown type name '__int64'; did you mean '__int64_t'?")
('error:', "/home/yanlin/my-projects/decompilation/source_code/recompiled/IDA/speccpu/gcc/O3/libquantum-gcc-O3/quantum_gate2/src/gates.c:492:19: error: expected ';' at end of declaration")
('error:', "/home/yanlin/my-projects/decompilation/source_code/recompiled/IDA/speccpu/gcc/O3/libquantum-gcc-O3/quantum_gate2/src/gates.c:494:12: error: redefinition of '__int64'")
('error:', "/home/yanlin/my-projects/decompilation/source_code/recompiled/IDA/speccpu/gcc/O3/libquantum-gcc-O3/quantum_gate2/src/gates.c:494:19: error: expected ';' at end of declaration")
('error:', "/home/yanlin/my-projects/decompilation/source_code/recompiled/IDA/speccpu/gcc/O3/libquantum-gcc-O3/quantum_gate2/src/gates.c:498:10: error: expected ';' after expression")
('error:', "/home/yanlin/my-projects/decompilation/source_code/recompiled/IDA/speccpu/gcc/O3/libquantum-gcc-O3/quantum_gate2/src/gates.c:498:11: error: use of undeclared identifier 'v18'")
('error:', "/home/yanlin/my-projects/decompilation/source_code/recompiled/IDA/speccpu/gcc/O3/libquantum-gcc-O3/quantum_gate2/src/gates.c:502:10: error: expected ';' after expression")
('error:', "/home/yanlin/my-projects/decompilation/source_code/recompiled/IDA/speccpu/gcc/O3/libquantum-gcc-O3/quantum_gate2/src/gates.c:502:11: error: use of undeclared identifier 'v22'")
('error:', "/home/yanlin/my-projects/decompilation/source_code/recompiled/IDA/speccpu/gcc/O3/libquantum-gcc-O3/quantum_gate2/src/gates.c:505:12: error: redefinition of '__int64'")
('error:', "/home/yanlin/my-projects/decompilation/source_code/recompiled/IDA/speccpu/gcc/O3/libquantum-gcc-O3/quantum_gate2/src/gates.c:505:19: error: expected ';' at end of declaration")
('error:', "/home/yanlin/my-projects/decompilation/source_code/recompiled/IDA/speccpu/gcc/O3/libquantum-gcc-O3/quantum_gate2/src/gates.c:506:10: error: expected ';' after expression")
('error:', "/home/yanlin/my-projects/decompilation/source_code/recompiled/IDA/speccpu/gcc/O3/libquantum-gcc-O3/quantum_gate2/src/gates.c:506:11: error: use of undeclared identifier 'v26'")
('error:', "/home/yanlin/my-projects/decompilation/source_code/recompiled/IDA/speccpu/gcc/O3/libquantum-gcc-O3/quantum_gate2/src/gates.c:509:12: error: redefinition of '__int64'")
('error:', "/home/yanlin/my-projects/decompilation/source_code/recompiled/IDA/speccpu/gcc/O3/libquantum-gcc-O3/quantum_gate2/src/gates.c:509:19: error: expected ';' at end of declaration")
('error:', "/home/yanlin/my-projects/decompilation/source_code/recompiled/IDA/speccpu/gcc/O3/libquantum-gcc-O3/quantum_gate2/src/gates.c:510:10: error: expected ';' after expression")
('error:', "/home/yanlin/my-projects/decompilation/source_code/recompiled/IDA/speccpu/gcc/O3/libquantum-gcc-O3/quantum_gate2/src/gates.c:510:11: error: use of undeclared identifier 'v30'; did you mean 'v20'?")
('error:', "/home/yanlin/my-projects/decompilation/source_code/recompiled/IDA/speccpu/gcc/O3/libquantum-gcc-O3/quantum_gate2/src/gates.c:511:3: error: use of undeclared identifier '_BOOL4'")
('error:', 'fatal error: too many errors emitted, stopping now [-ferror-limit=]')
***************** Next Function ******************
('func_count:', 95)
("func_name '", 'quantum_cond_phase_kick', "'")
('err_func:', '/data/maliha/decompilation/data/error_without_patch/ida/speccpu/gcc/O3/libquantum-gcc-O3-compilation-errors/quantum_cond_phase_kick')
('err_funcfile:', '/data/maliha/decompilation/data/error_without_patch/ida/speccpu/gcc/O3/libquantum-gcc-O3-compilation-errors/quantum_cond_phase_kick')
('error:', "/home/yanlin/my-projects/decompilation/source_code/recompiled/IDA/speccpu/gcc/O3/libquantum-gcc-O3/quantum_cond_phase_kick/src/gates.c:842:19: error: expected ';' at end of declaration")
('error:', "/home/yanlin/my-projects/decompilation/source_code/recompiled/IDA/speccpu/gcc/O3/libquantum-gcc-O3/quantum_cond_phase_kick/src/gates.c:847:10: error: expected ';' after expression")
('error:', "/home/yanlin/my-projects/decompilation/source_code/recompiled/IDA/speccpu/gcc/O3/libquantum-gcc-O3/quantum_cond_phase_kick/src/gates.c:847:11: error: use of undeclared identifier 'v10'")
('error:', "/home/yanlin/my-projects/decompilation/source_code/recompiled/IDA/speccpu/gcc/O3/libquantum-gcc-O3/quantum_cond_phase_kick/src/gates.c:852:5: error: use of undeclared identifier 'v5'")
('error:', "/home/yanlin/my-projects/decompilation/source_code/recompiled/IDA/speccpu/gcc/O3/libquantum-gcc-O3/quantum_cond_phase_kick/src/gates.c:852:32: error: too many arguments to function call, expected single argument 'phi', have 2 arguments")
('error:', "/home/yanlin/my-projects/decompilation/source_code/recompiled/IDA/speccpu/gcc/O3/libquantum-gcc-O3/quantum_cond_phase_kick/src/gates.c:854:22: error: use of undeclared identifier 'v5'")
('error:', "/home/yanlin/my-projects/decompilation/source_code/recompiled/IDA/speccpu/gcc/O3/libquantum-gcc-O3/quantum_cond_phase_kick/src/gates.c:859:7: error: use of undeclared identifier 'v10'")
('error:', "/home/yanlin/my-projects/decompilation/source_code/recompiled/IDA/speccpu/gcc/O3/libquantum-gcc-O3/quantum_cond_phase_kick/src/gates.c:859:23: error: invalid operands to binary expression ('unsigned int' and 'quantum_reg_node' (aka 'struct quantum_reg_node_struct'))")
('error:', "/home/yanlin/my-projects/decompilation/source_code/recompiled/IDA/speccpu/gcc/O3/libquantum-gcc-O3/quantum_cond_phase_kick/src/gates.c:864:33: error: member reference base type '_Complex float' is not a structure or union")
('error:', "/home/yanlin/my-projects/decompilation/source_code/recompiled/IDA/speccpu/gcc/O3/libquantum-gcc-O3/quantum_cond_phase_kick/src/gates.c:865:23: error: use of undeclared identifier 'v5'")
('error:', "/home/yanlin/my-projects/decompilation/source_code/recompiled/IDA/speccpu/gcc/O3/libquantum-gcc-O3/quantum_cond_phase_kick/src/gates.c:865:52: error: use of undeclared identifier 'v5'")
('error:', "/home/yanlin/my-projects/decompilation/source_code/recompiled/IDA/speccpu/gcc/O3/libquantum-gcc-O3/quantum_cond_phase_kick/src/gates.c:865:77: error: member reference base type '_Complex float' is not a structure or union")
('error:', "/home/yanlin/my-projects/decompilation/source_code/recompiled/IDA/speccpu/gcc/O3/libquantum-gcc-O3/quantum_cond_phase_kick/src/gates.c:866:26: error: member reference base type '_Complex float' is not a structure or union")
('error:', "/home/yanlin/my-projects/decompilation/source_code/recompiled/IDA/speccpu/gcc/O3/libquantum-gcc-O3/quantum_cond_phase_kick/src/gates.c:866:64: error: member reference base type '_Complex float' is not a structure or union")
('error:', "/home/yanlin/my-projects/decompilation/source_code/recompiled/IDA/speccpu/gcc/O3/libquantum-gcc-O3/quantum_cond_phase_kick/src/gates.c:866:97: error: use of undeclared identifier 'v5'")
('error:', "/home/yanlin/my-projects/decompilation/source_code/recompiled/IDA/speccpu/gcc/O3/libquantum-gcc-O3/quantum_cond_phase_kick/src/gates.c:867:35: error: member reference base type '_Complex float' is not a structure or union")
('error:', "/home/yanlin/my-projects/decompilation/source_code/recompiled/IDA/speccpu/gcc/O3/libquantum-gcc-O3/quantum_cond_phase_kick/src/gates.c:867:44: error: use of undeclared identifier 'v5'")
('error:', "/home/yanlin/my-projects/decompilation/source_code/recompiled/IDA/speccpu/gcc/O3/libquantum-gcc-O3/quantum_cond_phase_kick/src/gates.c:869:38: error: use of undeclared identifier 'v10'")
('error:', "/home/yanlin/my-projects/decompilation/source_code/recompiled/IDA/speccpu/gcc/O3/libquantum-gcc-O3/quantum_cond_phase_kick/src/gates.c:875:38: error: use of undeclared identifier 'v10'")
******************** ================== ******************** ==================
Total # fns with errors: 95. Total errors: 741
******************** ================== error type: occurrences ******************** ==================
conflicting types for a function: 10
expected 'some symbol': 129
expected expression: 19
expected identifier or '(': 3
expression is not assignable: 4
invalid operands to binary expression: 13
member reference type is not a structure or union: 79
redefinition of __int64: 17
too many|few arguments to function call: 13
unknown type name: 57
use of undeclared identifier: 346
******************** ================== error distribution ******************** ==================
******************** ================== error type: func count ******************** ==================
conflicting types for a function: 10
expected 'some symbol': 38
expected expression: 12
expected identifier or '(': 3
expression is not assignable: 3
invalid operands to binary expression: 10
member reference type is not a structure or union: 17
redefinition of __int64: 11
too many|few arguments to function call: 11
unknown type name: 27
use of undeclared identifier: 51
******************** ================== unknown errors ******************** ==================
