maliha print
***************** Next Function ******************
('func_count:', 1)
("func_name '", 'testf', "'")
('err_func:', '/data/0202_patch/ida/speccpu/gcc/O2/bzip2-gcc-O2-compilation-errors/testf')
('err_funcfile:', '/data/0202_patch/ida/speccpu/gcc/O2/bzip2-gcc-O2-compilation-errors/testf')
***************** Next Function ******************
('func_count:', 2)
("func_name '", 'bsPutUInt32', "'")
('err_func:', '/data/0202_patch/ida/speccpu/gcc/O2/bzip2-gcc-O2-compilation-errors/bsPutUInt32')
('err_funcfile:', '/data/0202_patch/ida/speccpu/gcc/O2/bzip2-gcc-O2-compilation-errors/bsPutUInt32')
***************** Next Function ******************
('func_count:', 3)
("func_name '", 'license', "'")
('err_func:', '/data/0202_patch/ida/speccpu/gcc/O2/bzip2-gcc-O2-compilation-errors/license')
('err_funcfile:', '/data/0202_patch/ida/speccpu/gcc/O2/bzip2-gcc-O2-compilation-errors/license')
***************** Next Function ******************
('func_count:', 4)
("func_name '", 'copyFileName', "'")
('err_func:', '/data/0202_patch/ida/speccpu/gcc/O2/bzip2-gcc-O2-compilation-errors/copyFileName')
('err_funcfile:', '/data/0202_patch/ida/speccpu/gcc/O2/bzip2-gcc-O2-compilation-errors/copyFileName')
***************** Next Function ******************
('func_count:', 5)
("func_name '", 'configError', "'")
('err_func:', '/data/0202_patch/ida/speccpu/gcc/O2/bzip2-gcc-O2-compilation-errors/configError')
('err_funcfile:', '/data/0202_patch/ida/speccpu/gcc/O2/bzip2-gcc-O2-compilation-errors/configError')
***************** Next Function ******************
('func_count:', 6)
("func_name '", 'compress', "'")
('err_func:', '/data/0202_patch/ida/speccpu/gcc/O2/bzip2-gcc-O2-compilation-errors/compress')
('err_funcfile:', '/data/0202_patch/ida/speccpu/gcc/O2/bzip2-gcc-O2-compilation-errors/compress')
('error:', "bzip2.c:1810:6: error: use of undeclared identifier 'BZ2_crc32Table'")
***************** Next Function ******************
('func_count:', 7)
("func_name '", 'generateMTFValues', "'")
('err_func:', '/data/0202_patch/ida/speccpu/gcc/O2/bzip2-gcc-O2-compilation-errors/generateMTFValues')
('err_funcfile:', '/data/0202_patch/ida/speccpu/gcc/O2/bzip2-gcc-O2-compilation-errors/generateMTFValues')
***************** Next Function ******************
('func_count:', 8)
("func_name '", 'mySignalCatcher', "'")
('err_func:', '/data/0202_patch/ida/speccpu/gcc/O2/bzip2-gcc-O2-compilation-errors/mySignalCatcher')
('err_funcfile:', '/data/0202_patch/ida/speccpu/gcc/O2/bzip2-gcc-O2-compilation-errors/mySignalCatcher')
***************** Next Function ******************
('func_count:', 9)
("func_name '", 'outOfMemory', "'")
('err_func:', '/data/0202_patch/ida/speccpu/gcc/O2/bzip2-gcc-O2-compilation-errors/outOfMemory')
('err_funcfile:', '/data/0202_patch/ida/speccpu/gcc/O2/bzip2-gcc-O2-compilation-errors/outOfMemory')
***************** Next Function ******************
('func_count:', 10)
("func_name '", 'mainSort', "'")
('err_func:', '/data/0202_patch/ida/speccpu/gcc/O2/bzip2-gcc-O2-compilation-errors/mainSort')
('err_funcfile:', '/data/0202_patch/ida/speccpu/gcc/O2/bzip2-gcc-O2-compilation-errors/mainSort')
***************** Next Function ******************
('func_count:', 11)
("func_name '", 'usage', "'")
('err_func:', '/data/0202_patch/ida/speccpu/gcc/O2/bzip2-gcc-O2-compilation-errors/usage')
('err_funcfile:', '/data/0202_patch/ida/speccpu/gcc/O2/bzip2-gcc-O2-compilation-errors/usage')
***************** Next Function ******************
('func_count:', 12)
("func_name '", 'cleanUpAndFail', "'")
('err_func:', '/data/0202_patch/ida/speccpu/gcc/O2/bzip2-gcc-O2-compilation-errors/cleanUpAndFail')
('err_funcfile:', '/data/0202_patch/ida/speccpu/gcc/O2/bzip2-gcc-O2-compilation-errors/cleanUpAndFail')
***************** Next Function ******************
('func_count:', 13)
("func_name '", 'compressStream', "'")
('err_func:', '/data/0202_patch/ida/speccpu/gcc/O2/bzip2-gcc-O2-compilation-errors/compressStream')
('err_funcfile:', '/data/0202_patch/ida/speccpu/gcc/O2/bzip2-gcc-O2-compilation-errors/compressStream')
***************** Next Function ******************
('func_count:', 14)
("func_name '", 'BZ2_indexIntoF', "'")
('err_func:', '/data/0202_patch/ida/speccpu/gcc/O2/bzip2-gcc-O2-compilation-errors/BZ2_indexIntoF')
('err_funcfile:', '/data/0202_patch/ida/speccpu/gcc/O2/bzip2-gcc-O2-compilation-errors/BZ2_indexIntoF')
***************** Next Function ******************
('func_count:', 15)
("func_name '", 'uncompress', "'")
('err_func:', '/data/0202_patch/ida/speccpu/gcc/O2/bzip2-gcc-O2-compilation-errors/uncompress')
('err_funcfile:', '/data/0202_patch/ida/speccpu/gcc/O2/bzip2-gcc-O2-compilation-errors/uncompress')
***************** Next Function ******************
('func_count:', 16)
("func_name '", 'BZ2_hbAssignCodes', "'")
('err_func:', '/data/0202_patch/ida/speccpu/gcc/O2/bzip2-gcc-O2-compilation-errors/BZ2_hbAssignCodes')
('err_funcfile:', '/data/0202_patch/ida/speccpu/gcc/O2/bzip2-gcc-O2-compilation-errors/BZ2_hbAssignCodes')
***************** Next Function ******************
('func_count:', 17)
("func_name '", 'BZ2_hbCreateDecodeTables', "'")
('err_func:', '/data/0202_patch/ida/speccpu/gcc/O2/bzip2-gcc-O2-compilation-errors/BZ2_hbCreateDecodeTables')
('err_funcfile:', '/data/0202_patch/ida/speccpu/gcc/O2/bzip2-gcc-O2-compilation-errors/BZ2_hbCreateDecodeTables')
***************** Next Function ******************
('func_count:', 18)
("func_name '", 'ioError', "'")
('err_func:', '/data/0202_patch/ida/speccpu/gcc/O2/bzip2-gcc-O2-compilation-errors/ioError')
('err_funcfile:', '/data/0202_patch/ida/speccpu/gcc/O2/bzip2-gcc-O2-compilation-errors/ioError')
***************** Next Function ******************
('func_count:', 19)
("func_name '", 'BZ2_compressBlock', "'")
('err_func:', '/data/0202_patch/ida/speccpu/gcc/O2/bzip2-gcc-O2-compilation-errors/BZ2_compressBlock')
('err_funcfile:', '/data/0202_patch/ida/speccpu/gcc/O2/bzip2-gcc-O2-compilation-errors/BZ2_compressBlock')
('error:', 'clang: error: linker command failed with exit code 1 (use -v to see invocation)')
***************** Next Function ******************
('func_count:', 20)
("func_name '", 'add_pair_to_block', "'")
('err_func:', '/data/0202_patch/ida/speccpu/gcc/O2/bzip2-gcc-O2-compilation-errors/add_pair_to_block')
('err_funcfile:', '/data/0202_patch/ida/speccpu/gcc/O2/bzip2-gcc-O2-compilation-errors/add_pair_to_block')
***************** Next Function ******************
('func_count:', 21)
("func_name '", 'panic', "'")
('err_func:', '/data/0202_patch/ida/speccpu/gcc/O2/bzip2-gcc-O2-compilation-errors/panic')
('err_funcfile:', '/data/0202_patch/ida/speccpu/gcc/O2/bzip2-gcc-O2-compilation-errors/panic')
***************** Next Function ******************
('func_count:', 22)
("func_name '", 'mainGtU', "'")
('err_func:', '/data/0202_patch/ida/speccpu/gcc/O2/bzip2-gcc-O2-compilation-errors/mainGtU')
('err_funcfile:', '/data/0202_patch/ida/speccpu/gcc/O2/bzip2-gcc-O2-compilation-errors/mainGtU')
('error:', "/usr/lib/llvm-7/lib/clang/7.0.0/include/mmintrin.h:27:1: error: cannot combine with previous 'static' declaration specifier")
('error:', "/usr/lib/llvm-7/lib/clang/7.0.0/include/mmintrin.h:61:19: error: unknown type name '__m64'")
('error:', "/usr/lib/llvm-7/lib/clang/7.0.0/include/mmintrin.h:61:25: error: expected identifier or '('")
('error:', "/usr/lib/llvm-7/lib/clang/7.0.0/include/mmintrin.h:79:18: error: unknown type name '__m64'")
('error:', "/usr/lib/llvm-7/lib/clang/7.0.0/include/mmintrin.h:94:19: error: unknown type name '__m64'")
('error:', "/usr/lib/llvm-7/lib/clang/7.0.0/include/mmintrin.h:94:25: error: expected identifier or '('")
('error:', "/usr/lib/llvm-7/lib/clang/7.0.0/include/mmintrin.h:111:17: error: unknown type name '__m64'")
('error:', "/usr/lib/llvm-7/lib/clang/7.0.0/include/mmintrin.h:140:19: error: unknown type name '__m64'")
('error:', "/usr/lib/llvm-7/lib/clang/7.0.0/include/mmintrin.h:140:25: error: expected identifier or '('")
('error:', "/usr/lib/llvm-7/lib/clang/7.0.0/include/mmintrin.h:170:19: error: unknown type name '__m64'")
('error:', "/usr/lib/llvm-7/lib/clang/7.0.0/include/mmintrin.h:170:25: error: expected identifier or '('")
('error:', "/usr/lib/llvm-7/lib/clang/7.0.0/include/mmintrin.h:200:19: error: unknown type name '__m64'")
('error:', "/usr/lib/llvm-7/lib/clang/7.0.0/include/mmintrin.h:200:25: error: expected identifier or '('")
('error:', "/usr/lib/llvm-7/lib/clang/7.0.0/include/mmintrin.h:227:19: error: unknown type name '__m64'")
('error:', "/usr/lib/llvm-7/lib/clang/7.0.0/include/mmintrin.h:227:25: error: expected identifier or '('")
('error:', "/usr/lib/llvm-7/lib/clang/7.0.0/include/mmintrin.h:250:19: error: unknown type name '__m64'")
('error:', "/usr/lib/llvm-7/lib/clang/7.0.0/include/mmintrin.h:250:25: error: expected identifier or '('")
('error:', "/usr/lib/llvm-7/lib/clang/7.0.0/include/mmintrin.h:271:19: error: unknown type name '__m64'")
('error:', "/usr/lib/llvm-7/lib/clang/7.0.0/include/mmintrin.h:271:25: error: expected identifier or '('")
('error:', 'fatal error: too many errors emitted, stopping now [-ferror-limit=]')
***************** Next Function ******************
('func_count:', 23)
("func_name '", 'BZ2_bz__AssertH__fail', "'")
('err_func:', '/data/0202_patch/ida/speccpu/gcc/O2/bzip2-gcc-O2-compilation-errors/BZ2_bz__AssertH__fail')
('err_funcfile:', '/data/0202_patch/ida/speccpu/gcc/O2/bzip2-gcc-O2-compilation-errors/BZ2_bz__AssertH__fail')
('error:', 'bzlib.c:599:2: error: #endif without #if')
***************** Next Function ******************
('func_count:', 24)
("func_name '", 'BZ2_decompress', "'")
('err_func:', '/data/0202_patch/ida/speccpu/gcc/O2/bzip2-gcc-O2-compilation-errors/BZ2_decompress')
('err_funcfile:', '/data/0202_patch/ida/speccpu/gcc/O2/bzip2-gcc-O2-compilation-errors/BZ2_decompress')
('error:', 'clang: error: linker command failed with exit code 1 (use -v to see invocation)')
***************** Next Function ******************
('func_count:', 25)
("func_name '", 'BZ2_blockSort', "'")
('err_func:', '/data/0202_patch/ida/speccpu/gcc/O2/bzip2-gcc-O2-compilation-errors/BZ2_blockSort')
('err_funcfile:', '/data/0202_patch/ida/speccpu/gcc/O2/bzip2-gcc-O2-compilation-errors/BZ2_blockSort')
***************** Next Function ******************
('func_count:', 26)
("func_name '", 'addFlagsFromEnvVar', "'")
('err_func:', '/data/0202_patch/ida/speccpu/gcc/O2/bzip2-gcc-O2-compilation-errors/addFlagsFromEnvVar')
('err_funcfile:', '/data/0202_patch/ida/speccpu/gcc/O2/bzip2-gcc-O2-compilation-errors/addFlagsFromEnvVar')
('error:', "bzip2.c:2388:22: error: member reference base type 'Char [1034]' is not a structure or union")
('error:', "bzip2.c:2392:22: error: member reference base type 'Char [1034]' is not a structure or union")
***************** Next Function ******************
('func_count:', 27)
("func_name '", 'uncompressStream', "'")
('err_func:', '/data/0202_patch/ida/speccpu/gcc/O2/bzip2-gcc-O2-compilation-errors/uncompressStream')
('err_funcfile:', '/data/0202_patch/ida/speccpu/gcc/O2/bzip2-gcc-O2-compilation-errors/uncompressStream')
('error:', "bzip2.c:1297:6: error: static declaration of 'cadvise' follows non-static declaration")
('error:', "bzip2.c:1312:6: error: static declaration of 'showFileNames' follows non-static declaration")
***************** Next Function ******************
('func_count:', 28)
("func_name '", 'fallbackSort', "'")
('err_func:', '/data/0202_patch/ida/speccpu/gcc/O2/bzip2-gcc-O2-compilation-errors/fallbackSort')
('err_funcfile:', '/data/0202_patch/ida/speccpu/gcc/O2/bzip2-gcc-O2-compilation-errors/fallbackSort')
('error:', 'clang: error: linker command failed with exit code 1 (use -v to see invocation)')
***************** Next Function ******************
('func_count:', 29)
("func_name '", 'main', "'")
('err_func:', '/data/0202_patch/ida/speccpu/gcc/O2/bzip2-gcc-O2-compilation-errors/main')
('err_funcfile:', '/data/0202_patch/ida/speccpu/gcc/O2/bzip2-gcc-O2-compilation-errors/main')
***************** Next Function ******************
('func_count:', 30)
("func_name '", 'BZ2_hbMakeCodeLengths', "'")
('err_func:', '/data/0202_patch/ida/speccpu/gcc/O2/bzip2-gcc-O2-compilation-errors/BZ2_hbMakeCodeLengths')
('err_funcfile:', '/data/0202_patch/ida/speccpu/gcc/O2/bzip2-gcc-O2-compilation-errors/BZ2_hbMakeCodeLengths')
***************** Next Function ******************
('func_count:', 31)
("func_name '", 'testStream', "'")
('err_func:', '/data/0202_patch/ida/speccpu/gcc/O2/bzip2-gcc-O2-compilation-errors/testStream')
('err_funcfile:', '/data/0202_patch/ida/speccpu/gcc/O2/bzip2-gcc-O2-compilation-errors/testStream')
('error:', "/usr/lib/llvm-7/lib/clang/7.0.0/include/mmintrin.h:27:1: error: cannot combine with previous 'static' declaration specifier")
('error:', "/usr/lib/llvm-7/lib/clang/7.0.0/include/mmintrin.h:61:19: error: unknown type name '__m64'")
('error:', "/usr/lib/llvm-7/lib/clang/7.0.0/include/mmintrin.h:61:25: error: expected identifier or '('")
('error:', "/usr/lib/llvm-7/lib/clang/7.0.0/include/mmintrin.h:79:18: error: unknown type name '__m64'")
('error:', "/usr/lib/llvm-7/lib/clang/7.0.0/include/mmintrin.h:94:19: error: unknown type name '__m64'")
('error:', "/usr/lib/llvm-7/lib/clang/7.0.0/include/mmintrin.h:94:25: error: expected identifier or '('")
('error:', "/usr/lib/llvm-7/lib/clang/7.0.0/include/mmintrin.h:111:17: error: unknown type name '__m64'")
('error:', "/usr/lib/llvm-7/lib/clang/7.0.0/include/mmintrin.h:140:19: error: unknown type name '__m64'")
('error:', "/usr/lib/llvm-7/lib/clang/7.0.0/include/mmintrin.h:140:25: error: expected identifier or '('")
('error:', "/usr/lib/llvm-7/lib/clang/7.0.0/include/mmintrin.h:170:19: error: unknown type name '__m64'")
('error:', "/usr/lib/llvm-7/lib/clang/7.0.0/include/mmintrin.h:170:25: error: expected identifier or '('")
('error:', "/usr/lib/llvm-7/lib/clang/7.0.0/include/mmintrin.h:200:19: error: unknown type name '__m64'")
('error:', "/usr/lib/llvm-7/lib/clang/7.0.0/include/mmintrin.h:200:25: error: expected identifier or '('")
('error:', "/usr/lib/llvm-7/lib/clang/7.0.0/include/mmintrin.h:227:19: error: unknown type name '__m64'")
('error:', "/usr/lib/llvm-7/lib/clang/7.0.0/include/mmintrin.h:227:25: error: expected identifier or '('")
('error:', "/usr/lib/llvm-7/lib/clang/7.0.0/include/mmintrin.h:250:19: error: unknown type name '__m64'")
('error:', "/usr/lib/llvm-7/lib/clang/7.0.0/include/mmintrin.h:250:25: error: expected identifier or '('")
('error:', "/usr/lib/llvm-7/lib/clang/7.0.0/include/mmintrin.h:271:19: error: unknown type name '__m64'")
('error:', "/usr/lib/llvm-7/lib/clang/7.0.0/include/mmintrin.h:271:25: error: expected identifier or '('")
('error:', 'fatal error: too many errors emitted, stopping now [-ferror-limit=]')
***************** Next Function ******************
('func_count:', 32)
("func_name '", 'spec_random_load', "'")
('err_func:', '/data/0202_patch/ida/speccpu/gcc/O2/bzip2-gcc-O2-compilation-errors/spec_random_load')
('err_funcfile:', '/data/0202_patch/ida/speccpu/gcc/O2/bzip2-gcc-O2-compilation-errors/spec_random_load')
******************** ================== ******************** ==================
Total # fns with errors: 32. Total errors: 49
******************** ================== error type: occurrences ******************** ==================
#endif without #if: 1
cannot combine with previous declaration specifier: 2
expected identifier or '(': 16
member reference type is not a structure or union: 2
static declaration of 'A' follows non-static declaration: 2
unknown type name: 20
use of undeclared identifier: 1
******************** ================== error distribution ******************** ==================
******************** ================== error type: func count ******************** ==================
#endif without #if: 1
cannot combine with previous declaration specifier: 2
expected identifier or '(': 2
member reference type is not a structure or union: 1
static declaration of 'A' follows non-static declaration: 1
unknown type name: 2
use of undeclared identifier: 1
******************** ================== unknown errors ******************** ==================
