maliha print
***************** Next Function ******************
('func_count:', 1)
("func_name '", 'is_draw', "'")
('err_func:', '/data/0202_patch/ida/speccpu/clang/O2/sjeng-clang-O2-compilation-errors/is_draw')
('err_funcfile:', '/data/0202_patch/ida/speccpu/clang/O2/sjeng-clang-O2-compilation-errors/is_draw')
***************** Next Function ******************
('func_count:', 2)
("func_name '", 'rdifftime', "'")
('err_func:', '/data/0202_patch/ida/speccpu/clang/O2/sjeng-clang-O2-compilation-errors/rdifftime')
('err_funcfile:', '/data/0202_patch/ida/speccpu/clang/O2/sjeng-clang-O2-compilation-errors/rdifftime')
***************** Next Function ******************
('func_count:', 3)
("func_name '", 'clear_tt', "'")
('err_func:', '/data/0202_patch/ida/speccpu/clang/O2/sjeng-clang-O2-compilation-errors/clear_tt')
('err_funcfile:', '/data/0202_patch/ida/speccpu/clang/O2/sjeng-clang-O2-compilation-errors/clear_tt')
***************** Next Function ******************
('func_count:', 4)
("func_name '", 'rinput', "'")
('err_func:', '/data/0202_patch/ida/speccpu/clang/O2/sjeng-clang-O2-compilation-errors/rinput')
('err_funcfile:', '/data/0202_patch/ida/speccpu/clang/O2/sjeng-clang-O2-compilation-errors/rinput')
***************** Next Function ******************
('func_count:', 5)
("func_name '", 'freenodes', "'")
('err_func:', '/data/0202_patch/ida/speccpu/clang/O2/sjeng-clang-O2-compilation-errors/freenodes')
('err_funcfile:', '/data/0202_patch/ida/speccpu/clang/O2/sjeng-clang-O2-compilation-errors/freenodes')
('error:', 'proof.c:549:7: error: expected expression')
***************** Next Function ******************
('func_count:', 6)
("func_name '", 'ResetHandValue', "'")
('err_func:', '/data/0202_patch/ida/speccpu/clang/O2/sjeng-clang-O2-compilation-errors/ResetHandValue')
('err_funcfile:', '/data/0202_patch/ida/speccpu/clang/O2/sjeng-clang-O2-compilation-errors/ResetHandValue')
('error:', 'partner.c:487:12: error: expected expression')
('error:', "partner.c:487:4: error: use of undeclared identifier '_OWORD'")
('error:', 'partner.c:487:41: error: expected expression')
('error:', "partner.c:487:33: error: use of undeclared identifier '_OWORD'")
('error:', 'partner.c:488:12: error: expected expression')
('error:', "partner.c:488:4: error: use of undeclared identifier '_OWORD'")
('error:', 'partner.c:488:41: error: expected expression')
('error:', "partner.c:488:33: error: use of undeclared identifier '_OWORD'")
('error:', 'partner.c:489:12: error: expected expression')
('error:', "partner.c:489:4: error: use of undeclared identifier '_OWORD'")
***************** Next Function ******************
('func_count:', 7)
("func_name '", 'reset_piece_square', "'")
('err_func:', '/data/0202_patch/ida/speccpu/clang/O2/sjeng-clang-O2-compilation-errors/reset_piece_square')
('err_funcfile:', '/data/0202_patch/ida/speccpu/clang/O2/sjeng-clang-O2-compilation-errors/reset_piece_square')
('error:', 'utils.c:1310:12: error: expected expression')
('error:', "utils.c:1310:4: error: use of undeclared identifier '_OWORD'")
('error:', 'utils.c:1311:12: error: expected expression')
('error:', "utils.c:1311:4: error: use of undeclared identifier '_OWORD'")
('error:', 'utils.c:1312:12: error: expected expression')
('error:', "utils.c:1312:4: error: use of undeclared identifier '_OWORD'")
('error:', 'utils.c:1313:12: error: expected expression')
('error:', "utils.c:1313:4: error: use of undeclared identifier '_OWORD'")
('error:', 'utils.c:1314:12: error: expected expression')
('error:', "utils.c:1314:4: error: use of undeclared identifier '_OWORD'")
('error:', 'utils.c:1315:12: error: expected expression')
('error:', "utils.c:1315:4: error: use of undeclared identifier '_OWORD'")
('error:', 'utils.c:1316:12: error: expected expression')
('error:', "utils.c:1316:4: error: use of undeclared identifier '_OWORD'")
('error:', 'utils.c:1317:12: error: expected expression')
('error:', "utils.c:1317:4: error: use of undeclared identifier '_OWORD'")
('error:', 'utils.c:1318:12: error: expected expression')
('error:', "utils.c:1318:4: error: use of undeclared identifier '_OWORD'")
('error:', 'utils.c:1319:12: error: expected expression')
('error:', 'fatal error: too many errors emitted, stopping now [-ferror-limit=]')
***************** Next Function ******************
('func_count:', 8)
("func_name '", 'add_capture', "'")
('err_func:', '/data/0202_patch/ida/speccpu/clang/O2/sjeng-clang-O2-compilation-errors/add_capture')
('err_funcfile:', '/data/0202_patch/ida/speccpu/clang/O2/sjeng-clang-O2-compilation-errors/add_capture')
***************** Next Function ******************
('func_count:', 9)
("func_name '", 'calc_attackers', "'")
('err_func:', '/data/0202_patch/ida/speccpu/clang/O2/sjeng-clang-O2-compilation-errors/calc_attackers')
('err_funcfile:', '/data/0202_patch/ida/speccpu/clang/O2/sjeng-clang-O2-compilation-errors/calc_attackers')
('error:', 'attacks.c:561:28: error: subscripted value is not an array, pointer, or vector')
('error:', 'attacks.c:629:29: error: subscripted value is not an array, pointer, or vector')
***************** Next Function ******************
('func_count:', 10)
("func_name '", 'losers_pn_eval', "'")
('err_func:', '/data/0202_patch/ida/speccpu/clang/O2/sjeng-clang-O2-compilation-errors/losers_pn_eval')
('err_funcfile:', '/data/0202_patch/ida/speccpu/clang/O2/sjeng-clang-O2-compilation-errors/losers_pn_eval')
('error:', 'clang: error: linker command failed with exit code 1 (use -v to see invocation)')
***************** Next Function ******************
('func_count:', 11)
("func_name '", 'QStoreTT', "'")
('err_func:', '/data/0202_patch/ida/speccpu/clang/O2/sjeng-clang-O2-compilation-errors/QStoreTT')
('err_funcfile:', '/data/0202_patch/ida/speccpu/clang/O2/sjeng-clang-O2-compilation-errors/QStoreTT')
***************** Next Function ******************
('func_count:', 12)
("func_name '", 'check_phase', "'")
('err_func:', '/data/0202_patch/ida/speccpu/clang/O2/sjeng-clang-O2-compilation-errors/check_phase')
('err_funcfile:', '/data/0202_patch/ida/speccpu/clang/O2/sjeng-clang-O2-compilation-errors/check_phase')
('error:', 'clang: error: linker command failed with exit code 1 (use -v to see invocation)')
***************** Next Function ******************
('func_count:', 13)
("func_name '", 'reset_ecache', "'")
('err_func:', '/data/0202_patch/ida/speccpu/clang/O2/sjeng-clang-O2-compilation-errors/reset_ecache')
('err_funcfile:', '/data/0202_patch/ida/speccpu/clang/O2/sjeng-clang-O2-compilation-errors/reset_ecache')
***************** Next Function ******************
('func_count:', 14)
("func_name '", 'f_in_check', "'")
('err_func:', '/data/0202_patch/ida/speccpu/clang/O2/sjeng-clang-O2-compilation-errors/f_in_check')
('err_funcfile:', '/data/0202_patch/ida/speccpu/clang/O2/sjeng-clang-O2-compilation-errors/f_in_check')
('error:', "moves.c:1325:51: error: use of undeclared identifier 'xmm'")
('error:', "moves.c:1327:47: error: use of undeclared identifier 'xmm'")
('error:', 'moves.c:1369:23: error: subscripted value is not an array, pointer, or vector')
('error:', 'moves.c:1412:23: error: subscripted value is not an array, pointer, or vector')
('error:', 'moves.c:1541:24: error: subscripted value is not an array, pointer, or vector')
('error:', "moves.c:1642:51: error: use of undeclared identifier 'xmm'")
('error:', "moves.c:1644:48: error: use of undeclared identifier 'xmm'")
('error:', 'moves.c:1686:23: error: subscripted value is not an array, pointer, or vector')
('error:', 'moves.c:1729:23: error: subscripted value is not an array, pointer, or vector')
('error:', 'moves.c:1858:24: error: subscripted value is not an array, pointer, or vector')
***************** Next Function ******************
('func_count:', 15)
("func_name '", 'interrupt', "'")
('err_func:', '/data/0202_patch/ida/speccpu/clang/O2/sjeng-clang-O2-compilation-errors/interrupt')
('err_funcfile:', '/data/0202_patch/ida/speccpu/clang/O2/sjeng-clang-O2-compilation-errors/interrupt')
***************** Next Function ******************
('func_count:', 16)
("func_name '", 'seedMT', "'")
('err_func:', '/data/0202_patch/ida/speccpu/clang/O2/sjeng-clang-O2-compilation-errors/seedMT')
('err_funcfile:', '/data/0202_patch/ida/speccpu/clang/O2/sjeng-clang-O2-compilation-errors/seedMT')
***************** Next Function ******************
('func_count:', 17)
("func_name '", 'see', "'")
('err_func:', '/data/0202_patch/ida/speccpu/clang/O2/sjeng-clang-O2-compilation-errors/see')
('err_funcfile:', '/data/0202_patch/ida/speccpu/clang/O2/sjeng-clang-O2-compilation-errors/see')
('error:', 'see.c:736:33: error: subscripted value is not an array, pointer, or vector')
('error:', 'see.c:738:32: error: subscripted value is not an array, pointer, or vector')
***************** Next Function ******************
('func_count:', 18)
("func_name '", 'proofnumbercheck', "'")
('err_func:', '/data/0202_patch/ida/speccpu/clang/O2/sjeng-clang-O2-compilation-errors/proofnumbercheck')
('err_funcfile:', '/data/0202_patch/ida/speccpu/clang/O2/sjeng-clang-O2-compilation-errors/proofnumbercheck')
('error:', "proof.c:1949:10: error: conflicting types for 'proofnumbercheck'")
('error:', 'proof.c:1969:17: error: expected expression')
('error:', "proof.c:1969:9: error: use of undeclared identifier '_OWORD'")
('error:', 'proof.c:2089:17: error: expected expression')
('error:', "proof.c:2089:9: error: use of undeclared identifier '_OWORD'")
('error:', 'proof.c:2091:12: error: expected expression')
('error:', "proof.c:2091:4: error: use of undeclared identifier '_OWORD'")
***************** Next Function ******************
('func_count:', 19)
("func_name '", 'suicide_eval', "'")
('err_func:', '/data/0202_patch/ida/speccpu/clang/O2/sjeng-clang-O2-compilation-errors/suicide_eval')
('err_funcfile:', '/data/0202_patch/ida/speccpu/clang/O2/sjeng-clang-O2-compilation-errors/suicide_eval')
***************** Next Function ******************
('func_count:', 20)
("func_name '", 'check_piece_square', "'")
('err_func:', '/data/0202_patch/ida/speccpu/clang/O2/sjeng-clang-O2-compilation-errors/check_piece_square')
('err_funcfile:', '/data/0202_patch/ida/speccpu/clang/O2/sjeng-clang-O2-compilation-errors/check_piece_square')
('error:', 'clang: error: linker command failed with exit code 1 (use -v to see invocation)')
***************** Next Function ******************
('func_count:', 21)
("func_name '", 'addHolding', "'")
('err_func:', '/data/0202_patch/ida/speccpu/clang/O2/sjeng-clang-O2-compilation-errors/addHolding')
('err_funcfile:', '/data/0202_patch/ida/speccpu/clang/O2/sjeng-clang-O2-compilation-errors/addHolding')
***************** Next Function ******************
('func_count:', 22)
("func_name '", 'extended_in_check', "'")
('err_func:', '/data/0202_patch/ida/speccpu/clang/O2/sjeng-clang-O2-compilation-errors/extended_in_check')
('err_funcfile:', '/data/0202_patch/ida/speccpu/clang/O2/sjeng-clang-O2-compilation-errors/extended_in_check')
('error:', 'moves.c:1702:23: error: subscripted value is not an array, pointer, or vector')
('error:', 'moves.c:1742:24: error: subscripted value is not an array, pointer, or vector')
***************** Next Function ******************
('func_count:', 23)
("func_name '", 'try_drop', "'")
('err_func:', '/data/0202_patch/ida/speccpu/clang/O2/sjeng-clang-O2-compilation-errors/try_drop')
('err_funcfile:', '/data/0202_patch/ida/speccpu/clang/O2/sjeng-clang-O2-compilation-errors/try_drop')
***************** Next Function ******************
('func_count:', 24)
("func_name '", 'init_book', "'")
('err_func:', '/data/0202_patch/ida/speccpu/clang/O2/sjeng-clang-O2-compilation-errors/init_book')
('err_funcfile:', '/data/0202_patch/ida/speccpu/clang/O2/sjeng-clang-O2-compilation-errors/init_book')
***************** Next Function ******************
('func_count:', 25)
("func_name '", 'perft', "'")
('err_func:', '/data/0202_patch/ida/speccpu/clang/O2/sjeng-clang-O2-compilation-errors/perft')
('err_funcfile:', '/data/0202_patch/ida/speccpu/clang/O2/sjeng-clang-O2-compilation-errors/perft')
***************** Next Function ******************
('func_count:', 26)
("func_name '", 'text_to_piece', "'")
('err_func:', '/data/0202_patch/ida/speccpu/clang/O2/sjeng-clang-O2-compilation-errors/text_to_piece')
('err_funcfile:', '/data/0202_patch/ida/speccpu/clang/O2/sjeng-clang-O2-compilation-errors/text_to_piece')
***************** Next Function ******************
('func_count:', 27)
("func_name '", 'start_up', "'")
('err_func:', '/data/0202_patch/ida/speccpu/clang/O2/sjeng-clang-O2-compilation-errors/start_up')
('err_funcfile:', '/data/0202_patch/ida/speccpu/clang/O2/sjeng-clang-O2-compilation-errors/start_up')
***************** Next Function ******************
('func_count:', 28)
("func_name '", 'GreetPartner', "'")
('err_func:', '/data/0202_patch/ida/speccpu/clang/O2/sjeng-clang-O2-compilation-errors/GreetPartner')
('err_funcfile:', '/data/0202_patch/ida/speccpu/clang/O2/sjeng-clang-O2-compilation-errors/GreetPartner')
***************** Next Function ******************
('func_count:', 29)
("func_name '", 'DropaddHolding', "'")
('err_func:', '/data/0202_patch/ida/speccpu/clang/O2/sjeng-clang-O2-compilation-errors/DropaddHolding')
('err_funcfile:', '/data/0202_patch/ida/speccpu/clang/O2/sjeng-clang-O2-compilation-errors/DropaddHolding')
***************** Next Function ******************
('func_count:', 30)
("func_name '", 'SwitchPromoted', "'")
('err_func:', '/data/0202_patch/ida/speccpu/clang/O2/sjeng-clang-O2-compilation-errors/SwitchPromoted')
('err_funcfile:', '/data/0202_patch/ida/speccpu/clang/O2/sjeng-clang-O2-compilation-errors/SwitchPromoted')
('error:', 'crazy.c:671:24: error: subscripted value is not an array, pointer, or vector')
***************** Next Function ******************
('func_count:', 31)
("func_name '", 'pn_eval', "'")
('err_func:', '/data/0202_patch/ida/speccpu/clang/O2/sjeng-clang-O2-compilation-errors/pn_eval')
('err_funcfile:', '/data/0202_patch/ida/speccpu/clang/O2/sjeng-clang-O2-compilation-errors/pn_eval')
('error:', 'clang: error: linker command failed with exit code 1 (use -v to see invocation)')
***************** Next Function ******************
('func_count:', 32)
("func_name '", 'proofnumberscan', "'")
('err_func:', '/data/0202_patch/ida/speccpu/clang/O2/sjeng-clang-O2-compilation-errors/proofnumberscan')
('err_funcfile:', '/data/0202_patch/ida/speccpu/clang/O2/sjeng-clang-O2-compilation-errors/proofnumberscan')
('error:', 'proof.c:1673:18: error: expected expression')
('error:', "proof.c:1673:10: error: use of undeclared identifier '_OWORD'")
('error:', 'proof.c:1675:12: error: expected expression')
('error:', "proof.c:1675:4: error: use of undeclared identifier '_OWORD'")
('error:', 'proof.c:1757:18: error: expected expression')
('error:', "proof.c:1757:10: error: use of undeclared identifier '_OWORD'")
('error:', "proof.c:1784:14: error: passing 'char [8]' to parameter of incompatible type 'move_s'")
('error:', "proof.c:1820:14: error: passing 'char [8]' to parameter of incompatible type 'move_s'")
***************** Next Function ******************
('func_count:', 33)
("func_name '", 'Xfree', "'")
('err_func:', '/data/0202_patch/ida/speccpu/clang/O2/sjeng-clang-O2-compilation-errors/Xfree')
('err_funcfile:', '/data/0202_patch/ida/speccpu/clang/O2/sjeng-clang-O2-compilation-errors/Xfree')
***************** Next Function ******************
('func_count:', 34)
("func_name '", 'push_knighT', "'")
('err_func:', '/data/0202_patch/ida/speccpu/clang/O2/sjeng-clang-O2-compilation-errors/push_knighT')
('err_funcfile:', '/data/0202_patch/ida/speccpu/clang/O2/sjeng-clang-O2-compilation-errors/push_knighT')
***************** Next Function ******************
('func_count:', 35)
("func_name '", 'post_stat_thinking', "'")
('err_func:', '/data/0202_patch/ida/speccpu/clang/O2/sjeng-clang-O2-compilation-errors/post_stat_thinking')
('err_funcfile:', '/data/0202_patch/ida/speccpu/clang/O2/sjeng-clang-O2-compilation-errors/post_stat_thinking')
***************** Next Function ******************
('func_count:', 36)
("func_name '", 'display_board', "'")
('err_func:', '/data/0202_patch/ida/speccpu/clang/O2/sjeng-clang-O2-compilation-errors/display_board')
('err_funcfile:', '/data/0202_patch/ida/speccpu/clang/O2/sjeng-clang-O2-compilation-errors/display_board')
('error:', "utils.c:810:46: error: use of undeclared identifier 'off_41E860'")
('error:', "utils.c:812:46: error: use of undeclared identifier 'off_41E860'")
('error:', "utils.c:814:46: error: use of undeclared identifier 'off_41E860'")
('error:', "utils.c:816:46: error: use of undeclared identifier 'off_41E860'")
('error:', "utils.c:818:46: error: use of undeclared identifier 'off_41E860'")
('error:', "utils.c:820:46: error: use of undeclared identifier 'off_41E860'")
('error:', "utils.c:822:46: error: use of undeclared identifier 'off_41E860'")
('error:', "utils.c:824:46: error: use of undeclared identifier 'off_41E860'")
('error:', "utils.c:826:46: error: use of undeclared identifier 'off_41E860'")
('error:', "utils.c:828:46: error: use of undeclared identifier 'off_41E860'")
('error:', "utils.c:830:46: error: use of undeclared identifier 'off_41E860'")
('error:', "utils.c:832:46: error: use of undeclared identifier 'off_41E860'")
('error:', "utils.c:848:46: error: use of undeclared identifier 'off_41E860'")
('error:', "utils.c:850:46: error: use of undeclared identifier 'off_41E860'")
('error:', "utils.c:852:46: error: use of undeclared identifier 'off_41E860'")
('error:', "utils.c:854:46: error: use of undeclared identifier 'off_41E860'")
('error:', "utils.c:856:46: error: use of undeclared identifier 'off_41E860'")
('error:', "utils.c:858:46: error: use of undeclared identifier 'off_41E860'")
('error:', "utils.c:860:46: error: use of undeclared identifier 'off_41E860'")
('error:', 'fatal error: too many errors emitted, stopping now [-ferror-limit=]')
***************** Next Function ******************
('func_count:', 37)
("func_name '", 'post_fail_thinking', "'")
('err_func:', '/data/0202_patch/ida/speccpu/clang/O2/sjeng-clang-O2-compilation-errors/post_fail_thinking')
('err_funcfile:', '/data/0202_patch/ida/speccpu/clang/O2/sjeng-clang-O2-compilation-errors/post_fail_thinking')
('error:', "utils.c:1104:14: error: passing 'char [280]' to parameter of incompatible type 'move_s'")
***************** Next Function ******************
('func_count:', 38)
("func_name '", 'proofnumbersearch', "'")
('err_func:', '/data/0202_patch/ida/speccpu/clang/O2/sjeng-clang-O2-compilation-errors/proofnumbersearch')
('err_funcfile:', '/data/0202_patch/ida/speccpu/clang/O2/sjeng-clang-O2-compilation-errors/proofnumbersearch')
('error:', "proof.c:1883:16: error: passing 'char [8248]' to parameter of incompatible type 'move_s'")
***************** Next Function ******************
('func_count:', 39)
("func_name '", 'toggle_bool', "'")
('err_func:', '/data/0202_patch/ida/speccpu/clang/O2/sjeng-clang-O2-compilation-errors/toggle_bool')
('err_funcfile:', '/data/0202_patch/ida/speccpu/clang/O2/sjeng-clang-O2-compilation-errors/toggle_bool')
***************** Next Function ******************
('func_count:', 40)
("func_name '", 'PutPiece', "'")
('err_func:', '/data/0202_patch/ida/speccpu/clang/O2/sjeng-clang-O2-compilation-errors/PutPiece')
('err_funcfile:', '/data/0202_patch/ida/speccpu/clang/O2/sjeng-clang-O2-compilation-errors/PutPiece')
***************** Next Function ******************
('func_count:', 41)
("func_name '", 'tree_debug', "'")
('err_func:', '/data/0202_patch/ida/speccpu/clang/O2/sjeng-clang-O2-compilation-errors/tree_debug')
('err_funcfile:', '/data/0202_patch/ida/speccpu/clang/O2/sjeng-clang-O2-compilation-errors/tree_debug')
***************** Next Function ******************
('func_count:', 42)
("func_name '", 'initialize_hash', "'")
('err_func:', '/data/0202_patch/ida/speccpu/clang/O2/sjeng-clang-O2-compilation-errors/initialize_hash')
('err_funcfile:', '/data/0202_patch/ida/speccpu/clang/O2/sjeng-clang-O2-compilation-errors/initialize_hash')
***************** Next Function ******************
('func_count:', 43)
("func_name '", 'free_ecache', "'")
('err_func:', '/data/0202_patch/ida/speccpu/clang/O2/sjeng-clang-O2-compilation-errors/free_ecache')
('err_funcfile:', '/data/0202_patch/ida/speccpu/clang/O2/sjeng-clang-O2-compilation-errors/free_ecache')
***************** Next Function ******************
('func_count:', 44)
("func_name '", 'init_game', "'")
('err_func:', '/data/0202_patch/ida/speccpu/clang/O2/sjeng-clang-O2-compilation-errors/init_game')
('err_funcfile:', '/data/0202_patch/ida/speccpu/clang/O2/sjeng-clang-O2-compilation-errors/init_game')
('error:', "utils.c:843:17: error: use of undeclared identifier 'unk_41E8D0'")
('error:', 'utils.c:855:12: error: expected expression')
('error:', "utils.c:855:4: error: use of undeclared identifier '_OWORD'")
('error:', 'utils.c:856:12: error: expected expression')
('error:', "utils.c:856:4: error: use of undeclared identifier '_OWORD'")
('error:', 'utils.c:857:12: error: expected expression')
('error:', "utils.c:857:4: error: use of undeclared identifier '_OWORD'")
('error:', 'utils.c:858:12: error: expected expression')
('error:', "utils.c:858:4: error: use of undeclared identifier '_OWORD'")
('error:', 'utils.c:859:12: error: expected expression')
('error:', "utils.c:859:4: error: use of undeclared identifier '_OWORD'")
('error:', 'utils.c:860:12: error: expected expression')
('error:', "utils.c:860:4: error: use of undeclared identifier '_OWORD'")
('error:', 'utils.c:861:12: error: expected expression')
('error:', "utils.c:861:4: error: use of undeclared identifier '_OWORD'")
('error:', 'utils.c:862:12: error: expected expression')
('error:', "utils.c:862:4: error: use of undeclared identifier '_OWORD'")
('error:', 'utils.c:863:12: error: expected expression')
('error:', "utils.c:863:4: error: use of undeclared identifier '_OWORD'")
('error:', 'fatal error: too many errors emitted, stopping now [-ferror-limit=]')
***************** Next Function ******************
('func_count:', 45)
("func_name '", 'tree', "'")
('err_func:', '/data/0202_patch/ida/speccpu/clang/O2/sjeng-clang-O2-compilation-errors/tree')
('err_funcfile:', '/data/0202_patch/ida/speccpu/clang/O2/sjeng-clang-O2-compilation-errors/tree')
***************** Next Function ******************
('func_count:', 46)
("func_name '", 'ProcessHoldings', "'")
('err_func:', '/data/0202_patch/ida/speccpu/clang/O2/sjeng-clang-O2-compilation-errors/ProcessHoldings')
('err_funcfile:', '/data/0202_patch/ida/speccpu/clang/O2/sjeng-clang-O2-compilation-errors/ProcessHoldings')
('error:', 'crazy.c:515:12: error: expected expression')
('error:', "crazy.c:515:4: error: use of undeclared identifier '_OWORD'")
('error:', 'crazy.c:516:12: error: expected expression')
('error:', "crazy.c:516:4: error: use of undeclared identifier '_OWORD'")
('error:', 'crazy.c:517:12: error: expected expression')
('error:', "crazy.c:517:4: error: use of undeclared identifier '_OWORD'")
('error:', 'crazy.c:518:12: error: expected expression')
('error:', "crazy.c:518:4: error: use of undeclared identifier '_OWORD'")
('error:', 'crazy.c:519:12: error: expected expression')
('error:', "crazy.c:519:4: error: use of undeclared identifier '_OWORD'")
('error:', 'crazy.c:520:12: error: expected expression')
('error:', "crazy.c:520:4: error: use of undeclared identifier '_OWORD'")
('error:', 'crazy.c:521:12: error: expected expression')
('error:', "crazy.c:521:4: error: use of undeclared identifier '_OWORD'")
('error:', 'crazy.c:522:12: error: expected expression')
('error:', "crazy.c:522:4: error: use of undeclared identifier '_OWORD'")
***************** Next Function ******************
('func_count:', 47)
("func_name '", 'Pawn', "'")
('err_func:', '/data/0202_patch/ida/speccpu/clang/O2/sjeng-clang-O2-compilation-errors/Pawn')
('err_funcfile:', '/data/0202_patch/ida/speccpu/clang/O2/sjeng-clang-O2-compilation-errors/Pawn')
***************** Next Function ******************
('func_count:', 48)
("func_name '", 'eval', "'")
('err_func:', '/data/0202_patch/ida/speccpu/clang/O2/sjeng-clang-O2-compilation-errors/eval')
('err_funcfile:', '/data/0202_patch/ida/speccpu/clang/O2/sjeng-clang-O2-compilation-errors/eval')
('error:', 'eval.c:1282:22: error: subscripted value is not an array, pointer, or vector')
('error:', 'eval.c:1356:22: error: subscripted value is not an array, pointer, or vector')
***************** Next Function ******************
('func_count:', 49)
("func_name '", 'ProbeTT', "'")
('err_func:', '/data/0202_patch/ida/speccpu/clang/O2/sjeng-clang-O2-compilation-errors/ProbeTT')
('err_funcfile:', '/data/0202_patch/ida/speccpu/clang/O2/sjeng-clang-O2-compilation-errors/ProbeTT')
***************** Next Function ******************
('func_count:', 50)
("func_name '", 'search', "'")
('err_func:', '/data/0202_patch/ida/speccpu/clang/O2/sjeng-clang-O2-compilation-errors/search')
('err_funcfile:', '/data/0202_patch/ida/speccpu/clang/O2/sjeng-clang-O2-compilation-errors/search')
('error:', "search.c:1193:24: error: use of undeclared identifier 'search_rc_index'")
('error:', "search.c:1193:53: error: use of undeclared identifier 'search_rc_index'")
('error:', 'search.c:1617:12: error: expected expression')
('error:', "search.c:1617:4: error: use of undeclared identifier '_OWORD'")
('error:', 'search.c:1617:62: error: expected expression')
('error:', "search.c:1617:54: error: use of undeclared identifier '_OWORD'")
('error:', 'search.c:1765:12: error: expected expression')
('error:', "search.c:1765:4: error: use of undeclared identifier '_OWORD'")
('error:', 'search.c:1765:60: error: expected expression')
('error:', "search.c:1765:52: error: use of undeclared identifier '_OWORD'")
('error:', 'search.c:1775:12: error: expected expression')
('error:', "search.c:1775:4: error: use of undeclared identifier '_OWORD'")
('error:', 'search.c:1775:54: error: expected expression')
('error:', "search.c:1775:46: error: use of undeclared identifier '_OWORD'")
('error:', 'search.c:1785:12: error: expected expression')
('error:', "search.c:1785:4: error: use of undeclared identifier '_OWORD'")
('error:', 'search.c:1785:36: error: expected expression')
('error:', "search.c:1785:28: error: use of undeclared identifier '_OWORD'")
('error:', 'search.c:1786:12: error: expected expression')
('error:', 'fatal error: too many errors emitted, stopping now [-ferror-limit=]')
***************** Next Function ******************
('func_count:', 51)
("func_name '", 'push_pawn_simple', "'")
('err_func:', '/data/0202_patch/ida/speccpu/clang/O2/sjeng-clang-O2-compilation-errors/push_pawn_simple')
('err_funcfile:', '/data/0202_patch/ida/speccpu/clang/O2/sjeng-clang-O2-compilation-errors/push_pawn_simple')
***************** Next Function ******************
('func_count:', 52)
("func_name '", 'gen', "'")
('err_func:', '/data/0202_patch/ida/speccpu/clang/O2/sjeng-clang-O2-compilation-errors/gen')
('err_funcfile:', '/data/0202_patch/ida/speccpu/clang/O2/sjeng-clang-O2-compilation-errors/gen')
('error:', 'moves.c:1100:22: error: subscripted value is not an array, pointer, or vector')
('error:', 'moves.c:1115:22: error: subscripted value is not an array, pointer, or vector')
('error:', 'moves.c:1299:22: error: subscripted value is not an array, pointer, or vector')
('error:', 'moves.c:1314:22: error: subscripted value is not an array, pointer, or vector')
***************** Next Function ******************
('func_count:', 53)
("func_name '", 'HandlePartner', "'")
('err_func:', '/data/0202_patch/ida/speccpu/clang/O2/sjeng-clang-O2-compilation-errors/HandlePartner')
('err_funcfile:', '/data/0202_patch/ida/speccpu/clang/O2/sjeng-clang-O2-compilation-errors/HandlePartner')
('error:', 'partner.c:522:12: error: expected expression')
('error:', "partner.c:522:4: error: use of undeclared identifier '_OWORD'")
('error:', 'partner.c:523:12: error: expected expression')
('error:', "partner.c:523:4: error: use of undeclared identifier '_OWORD'")
('error:', 'partner.c:524:12: error: expected expression')
('error:', "partner.c:524:4: error: use of undeclared identifier '_OWORD'")
('error:', 'partner.c:525:12: error: expected expression')
('error:', "partner.c:525:4: error: use of undeclared identifier '_OWORD'")
('error:', 'partner.c:526:12: error: expected expression')
('error:', "partner.c:526:4: error: use of undeclared identifier '_OWORD'")
('error:', 'partner.c:527:12: error: expected expression')
('error:', "partner.c:527:4: error: use of undeclared identifier '_OWORD'")
('error:', 'partner.c:528:12: error: expected expression')
('error:', "partner.c:528:4: error: use of undeclared identifier '_OWORD'")
('error:', 'partner.c:529:12: error: expected expression')
('error:', "partner.c:529:4: error: use of undeclared identifier '_OWORD'")
('error:', 'partner.c:530:12: error: expected expression')
('error:', "partner.c:530:4: error: use of undeclared identifier '_OWORD'")
('error:', 'partner.c:531:12: error: expected expression')
('error:', 'fatal error: too many errors emitted, stopping now [-ferror-limit=]')
***************** Next Function ******************
('func_count:', 54)
("func_name '", 'suicide_mid_eval', "'")
('err_func:', '/data/0202_patch/ida/speccpu/clang/O2/sjeng-clang-O2-compilation-errors/suicide_mid_eval')
('err_funcfile:', '/data/0202_patch/ida/speccpu/clang/O2/sjeng-clang-O2-compilation-errors/suicide_mid_eval')
('error:', "seval.c:906:11: error: use of undeclared identifier 'xmm'")
('error:', "seval.c:907:11: error: use of undeclared identifier 'xmm'")
('error:', "seval.c:908:11: error: use of undeclared identifier 'xmm'")
('error:', "seval.c:909:11: error: use of undeclared identifier 'xmm'")
('error:', 'seval.c:1212:21: error: subscripted value is not an array, pointer, or vector')
('error:', 'seval.c:1227:21: error: subscripted value is not an array, pointer, or vector')
('error:', 'seval.c:1253:24: error: subscripted value is not an array, pointer, or vector')
('error:', 'seval.c:1297:24: error: subscripted value is not an array, pointer, or vector')
('error:', 'seval.c:1342:24: error: subscripted value is not an array, pointer, or vector')
('error:', 'seval.c:1432:24: error: subscripted value is not an array, pointer, or vector')
***************** Next Function ******************
('func_count:', 55)
("func_name '", 'Knight', "'")
('err_func:', '/data/0202_patch/ida/speccpu/clang/O2/sjeng-clang-O2-compilation-errors/Knight')
('err_funcfile:', '/data/0202_patch/ida/speccpu/clang/O2/sjeng-clang-O2-compilation-errors/Knight')
***************** Next Function ******************
('func_count:', 56)
("func_name '", 'DropremoveHolding', "'")
('err_func:', '/data/0202_patch/ida/speccpu/clang/O2/sjeng-clang-O2-compilation-errors/DropremoveHolding')
('err_funcfile:', '/data/0202_patch/ida/speccpu/clang/O2/sjeng-clang-O2-compilation-errors/DropremoveHolding')
***************** Next Function ******************
('func_count:', 57)
("func_name '", 'add_move', "'")
('err_func:', '/data/0202_patch/ida/speccpu/clang/O2/sjeng-clang-O2-compilation-errors/add_move')
('err_funcfile:', '/data/0202_patch/ida/speccpu/clang/O2/sjeng-clang-O2-compilation-errors/add_move')
***************** Next Function ******************
('func_count:', 58)
("func_name '", 'checkECache', "'")
('err_func:', '/data/0202_patch/ida/speccpu/clang/O2/sjeng-clang-O2-compilation-errors/checkECache')
('err_funcfile:', '/data/0202_patch/ida/speccpu/clang/O2/sjeng-clang-O2-compilation-errors/checkECache')
***************** Next Function ******************
('func_count:', 59)
("func_name '", 'QProbeTT', "'")
('err_func:', '/data/0202_patch/ida/speccpu/clang/O2/sjeng-clang-O2-compilation-errors/QProbeTT')
('err_funcfile:', '/data/0202_patch/ida/speccpu/clang/O2/sjeng-clang-O2-compilation-errors/QProbeTT')
***************** Next Function ******************
('func_count:', 60)
("func_name '", 'comp_to_coord', "'")
('err_func:', '/data/0202_patch/ida/speccpu/clang/O2/sjeng-clang-O2-compilation-errors/comp_to_coord')
('err_funcfile:', '/data/0202_patch/ida/speccpu/clang/O2/sjeng-clang-O2-compilation-errors/comp_to_coord')
('error:', "utils.c:738:7: error: conflicting types for 'comp_to_coord'")
('error:', 'utils.c:790:57: error: subscripted value is not an array, pointer, or vector')
***************** Next Function ******************
('func_count:', 61)
("func_name '", 'initialize_zobrist', "'")
('err_func:', '/data/0202_patch/ida/speccpu/clang/O2/sjeng-clang-O2-compilation-errors/initialize_zobrist')
('err_funcfile:', '/data/0202_patch/ida/speccpu/clang/O2/sjeng-clang-O2-compilation-errors/initialize_zobrist')
***************** Next Function ******************
('func_count:', 62)
("func_name '", 'verify_coord', "'")
('err_func:', '/data/0202_patch/ida/speccpu/clang/O2/sjeng-clang-O2-compilation-errors/verify_coord')
('err_funcfile:', '/data/0202_patch/ida/speccpu/clang/O2/sjeng-clang-O2-compilation-errors/verify_coord')
('error:', "utils.c:1474:16: error: passing 'char [6]' to parameter of incompatible type 'move_s'")
***************** Next Function ******************
('func_count:', 63)
("func_name '", 'findlowest', "'")
('err_func:', '/data/0202_patch/ida/speccpu/clang/O2/sjeng-clang-O2-compilation-errors/findlowest')
('err_funcfile:', '/data/0202_patch/ida/speccpu/clang/O2/sjeng-clang-O2-compilation-errors/findlowest')
***************** Next Function ******************
('func_count:', 64)
("func_name '", 'in_check', "'")
('err_func:', '/data/0202_patch/ida/speccpu/clang/O2/sjeng-clang-O2-compilation-errors/in_check')
('err_funcfile:', '/data/0202_patch/ida/speccpu/clang/O2/sjeng-clang-O2-compilation-errors/in_check')
***************** Next Function ******************
('func_count:', 65)
("func_name '", 'LearnStoreTT', "'")
('err_func:', '/data/0202_patch/ida/speccpu/clang/O2/sjeng-clang-O2-compilation-errors/LearnStoreTT')
('err_funcfile:', '/data/0202_patch/ida/speccpu/clang/O2/sjeng-clang-O2-compilation-errors/LearnStoreTT')
***************** Next Function ******************
('func_count:', 66)
("func_name '", 'initialize_eval', "'")
('err_func:', '/data/0202_patch/ida/speccpu/clang/O2/sjeng-clang-O2-compilation-errors/initialize_eval')
('err_funcfile:', '/data/0202_patch/ida/speccpu/clang/O2/sjeng-clang-O2-compilation-errors/initialize_eval')
***************** Next Function ******************
('func_count:', 67)
("func_name '", 'run_epd_testsuite', "'")
('err_func:', '/data/0202_patch/ida/speccpu/clang/O2/sjeng-clang-O2-compilation-errors/run_epd_testsuite')
('err_funcfile:', '/data/0202_patch/ida/speccpu/clang/O2/sjeng-clang-O2-compilation-errors/run_epd_testsuite')
('error:', 'epd.c:706:8: error: too many arguments to function call, expected 0, have 1')
('error:', "epd.c:741:14: error: passing 'char *' to parameter of incompatible type 'move_s'")
***************** Next Function ******************
('func_count:', 68)
("func_name '", 'CheckBadFlow', "'")
('err_func:', '/data/0202_patch/ida/speccpu/clang/O2/sjeng-clang-O2-compilation-errors/CheckBadFlow')
('err_funcfile:', '/data/0202_patch/ida/speccpu/clang/O2/sjeng-clang-O2-compilation-errors/CheckBadFlow')
('error:', "partner.c:1011:1: error: use of undeclared identifier 'CheckBadFlow_pawnmated'")
('error:', "partner.c:1012:1: error: use of undeclared identifier 'CheckBadFlow_knightmated'")
('error:', "partner.c:1013:1: error: use of undeclared identifier 'CheckBadFlow_bishopmated'")
('error:', "partner.c:1014:1: error: use of undeclared identifier 'CheckBadFlow_rookmated'")
('error:', "partner.c:1015:1: error: use of undeclared identifier 'CheckBadFlow_queenmated'")
('error:', "partner.c:1283:13: error: use of undeclared identifier 'CheckBadFlow_pawnmated'")
('error:', "partner.c:1293:15: error: use of undeclared identifier 'CheckBadFlow_pawnmated'")
('error:', "partner.c:1302:13: error: use of undeclared identifier 'CheckBadFlow_knightmated'")
('error:', "partner.c:1308:20: error: use of undeclared identifier 'CheckBadFlow_knightmated'")
('error:', "partner.c:1316:13: error: use of undeclared identifier 'CheckBadFlow_bishopmated'")
('error:', "partner.c:1325:15: error: use of undeclared identifier 'CheckBadFlow_bishopmated'")
('error:', "partner.c:1334:13: error: use of undeclared identifier 'CheckBadFlow_rookmated'")
('error:', "partner.c:1340:20: error: use of undeclared identifier 'CheckBadFlow_rookmated'")
('error:', "partner.c:1348:13: error: use of undeclared identifier 'CheckBadFlow_queenmated'")
('error:', "partner.c:1354:20: error: use of undeclared identifier 'CheckBadFlow_queenmated'")
('error:', "partner.c:1422:7: error: use of undeclared identifier 'CheckBadFlow_pawnmated'")
('error:', "partner.c:1425:7: error: use of undeclared identifier 'CheckBadFlow_bishopmated'")
('error:', "partner.c:1428:1: error: use of undeclared identifier 'CheckBadFlow_pawnmated'")
('error:', "partner.c:1429:1: error: use of undeclared identifier 'CheckBadFlow_bishopmated'")
('error:', 'fatal error: too many errors emitted, stopping now [-ferror-limit=]')
***************** Next Function ******************
('func_count:', 69)
("func_name '", 'comp_to_san', "'")
('err_func:', '/data/0202_patch/ida/speccpu/clang/O2/sjeng-clang-O2-compilation-errors/comp_to_san')
('err_funcfile:', '/data/0202_patch/ida/speccpu/clang/O2/sjeng-clang-O2-compilation-errors/comp_to_san')
('error:', "utils.c:578:7: error: conflicting types for 'comp_to_san'")
('error:', 'utils.c:615:37: error: subscripted value is not an array, pointer, or vector')
('error:', 'utils.c:658:37: error: subscripted value is not an array, pointer, or vector')
('error:', "utils.c:667:22: error: use of undeclared identifier 'unk_41ED69'")
('error:', "utils.c:679:22: error: use of undeclared identifier 'unk_41ED7B'")
('error:', 'utils.c:691:37: error: subscripted value is not an array, pointer, or vector')
('error:', 'utils.c:714:37: error: subscripted value is not an array, pointer, or vector')
('error:', 'utils.c:724:66: error: subscripted value is not an array, pointer, or vector')
***************** Next Function ******************
('func_count:', 70)
("func_name '", 'Bishop', "'")
('err_func:', '/data/0202_patch/ida/speccpu/clang/O2/sjeng-clang-O2-compilation-errors/Bishop')
('err_funcfile:', '/data/0202_patch/ida/speccpu/clang/O2/sjeng-clang-O2-compilation-errors/Bishop')
***************** Next Function ******************
('func_count:', 71)
("func_name '", 'allocate_time', "'")
('err_func:', '/data/0202_patch/ida/speccpu/clang/O2/sjeng-clang-O2-compilation-errors/allocate_time')
('err_funcfile:', '/data/0202_patch/ida/speccpu/clang/O2/sjeng-clang-O2-compilation-errors/allocate_time')
('error:', 'utils.c:546:28: error: subscripted value is not an array, pointer, or vector')
('error:', "utils.c:552:3: error: member reference base type '__m128d' (vector of 2 'double' values) is not a structure or union")
('error:', "utils.c:553:20: error: member reference base type '__m128d' (vector of 2 'double' values) is not a structure or union")
('error:', "utils.c:557:3: error: member reference base type '__m128d' (vector of 2 'double' values) is not a structure or union")
('error:', "utils.c:558:3: error: member reference base type '__m128d' (vector of 2 'double' values) is not a structure or union")
('error:', "utils.c:559:3: error: member reference base type '__m128d' (vector of 2 'double' values) is not a structure or union")
('error:', "utils.c:559:40: error: member reference base type '__m128d' (vector of 2 'double' values) is not a structure or union")
('error:', "utils.c:560:35: error: member reference base type '__m128d' (vector of 2 'double' values) is not a structure or union")
('error:', "utils.c:560:120: error: member reference base type '__m128d' (vector of 2 'double' values) is not a structure or union")
***************** Next Function ******************
('func_count:', 72)
("func_name '", 'check_legal', "'")
('err_func:', '/data/0202_patch/ida/speccpu/clang/O2/sjeng-clang-O2-compilation-errors/check_legal')
('err_funcfile:', '/data/0202_patch/ida/speccpu/clang/O2/sjeng-clang-O2-compilation-errors/check_legal')
('error:', 'moves.c:741:24: error: subscripted value is not an array, pointer, or vector')
('error:', 'moves.c:903:24: error: subscripted value is not an array, pointer, or vector')
***************** Next Function ******************
('func_count:', 73)
("func_name '", 'printHolding', "'")
('err_func:', '/data/0202_patch/ida/speccpu/clang/O2/sjeng-clang-O2-compilation-errors/printHolding')
('err_funcfile:', '/data/0202_patch/ida/speccpu/clang/O2/sjeng-clang-O2-compilation-errors/printHolding')
***************** Next Function ******************
('func_count:', 74)
("func_name '", 'post_fh_thinking', "'")
('err_func:', '/data/0202_patch/ida/speccpu/clang/O2/sjeng-clang-O2-compilation-errors/post_fh_thinking')
('err_funcfile:', '/data/0202_patch/ida/speccpu/clang/O2/sjeng-clang-O2-compilation-errors/post_fh_thinking')
('error:', "utils.c:1134:14: error: passing 'char [280]' to parameter of incompatible type 'move_s'")
***************** Next Function ******************
('func_count:', 75)
("func_name '", 'Rook', "'")
('err_func:', '/data/0202_patch/ida/speccpu/clang/O2/sjeng-clang-O2-compilation-errors/Rook')
('err_funcfile:', '/data/0202_patch/ida/speccpu/clang/O2/sjeng-clang-O2-compilation-errors/Rook')
('error:', 'neval.c:773:23: error: subscripted value is not an array, pointer, or vector')
('error:', "neval.c:831:7: error: use of undeclared identifier 'Rook_square_d1'")
***************** Next Function ******************
('func_count:', 76)
("func_name '", 'select_most_proving', "'")
('err_func:', '/data/0202_patch/ida/speccpu/clang/O2/sjeng-clang-O2-compilation-errors/select_most_proving')
('err_funcfile:', '/data/0202_patch/ida/speccpu/clang/O2/sjeng-clang-O2-compilation-errors/select_most_proving')
***************** Next Function ******************
('func_count:', 77)
("func_name '", 'push_pawn', "'")
('err_func:', '/data/0202_patch/ida/speccpu/clang/O2/sjeng-clang-O2-compilation-errors/push_pawn')
('err_funcfile:', '/data/0202_patch/ida/speccpu/clang/O2/sjeng-clang-O2-compilation-errors/push_pawn')
***************** Next Function ******************
('func_count:', 78)
("func_name '", 'make', "'")
('err_func:', '/data/0202_patch/ida/speccpu/clang/O2/sjeng-clang-O2-compilation-errors/make')
('err_funcfile:', '/data/0202_patch/ida/speccpu/clang/O2/sjeng-clang-O2-compilation-errors/make')
***************** Next Function ******************
('func_count:', 79)
("func_name '", 'print_move', "'")
('err_func:', '/data/0202_patch/ida/speccpu/clang/O2/sjeng-clang-O2-compilation-errors/print_move')
('err_funcfile:', '/data/0202_patch/ida/speccpu/clang/O2/sjeng-clang-O2-compilation-errors/print_move')
('error:', "utils.c:1186:14: error: passing 'char [280]' to parameter of incompatible type 'move_s'")
***************** Next Function ******************
('func_count:', 80)
("func_name '", 'post_thinking', "'")
('err_func:', '/data/0202_patch/ida/speccpu/clang/O2/sjeng-clang-O2-compilation-errors/post_thinking')
('err_funcfile:', '/data/0202_patch/ida/speccpu/clang/O2/sjeng-clang-O2-compilation-errors/post_thinking')
('error:', "utils.c:1085:14: error: passing 'char [296]' to parameter of incompatible type 'move_s'")
('error:', 'utils.c:1108:12: error: expected expression')
('error:', "utils.c:1108:4: error: use of undeclared identifier '_OWORD'")
***************** Next Function ******************
('func_count:', 81)
("func_name '", 'alloc_ecache', "'")
('err_func:', '/data/0202_patch/ida/speccpu/clang/O2/sjeng-clang-O2-compilation-errors/alloc_ecache')
('err_funcfile:', '/data/0202_patch/ida/speccpu/clang/O2/sjeng-clang-O2-compilation-errors/alloc_ecache')
***************** Next Function ******************
('func_count:', 82)
("func_name '", 'HandlePtell', "'")
('err_func:', '/data/0202_patch/ida/speccpu/clang/O2/sjeng-clang-O2-compilation-errors/HandlePtell')
('err_funcfile:', '/data/0202_patch/ida/speccpu/clang/O2/sjeng-clang-O2-compilation-errors/HandlePtell')
('error:', "partner.c:556:20: error: use of undeclared identifier 'off_41CE28'")
('error:', "partner.c:570:21: error: use of undeclared identifier 'off_41CE28'")
('error:', "partner.c:587:22: error: use of undeclared identifier 'unk_41D267'")
('error:', "partner.c:593:22: error: use of undeclared identifier 'unk_41D28F'")
('error:', 'partner.c:603:12: error: expected expression')
('error:', "partner.c:603:4: error: use of undeclared identifier '_OWORD'")
('error:', 'partner.c:604:12: error: expected expression')
('error:', "partner.c:604:4: error: use of undeclared identifier '_OWORD'")
('error:', 'partner.c:604:41: error: expected expression')
('error:', "partner.c:604:33: error: use of undeclared identifier '_OWORD'")
('error:', 'partner.c:605:12: error: expected expression')
('error:', "partner.c:605:4: error: use of undeclared identifier '_OWORD'")
('error:', 'partner.c:605:41: error: expected expression')
('error:', "partner.c:605:33: error: use of undeclared identifier '_OWORD'")
***************** Next Function ******************
('func_count:', 83)
("func_name '", 'run_autotest', "'")
('err_func:', '/data/0202_patch/ida/speccpu/clang/O2/sjeng-clang-O2-compilation-errors/run_autotest')
('err_funcfile:', '/data/0202_patch/ida/speccpu/clang/O2/sjeng-clang-O2-compilation-errors/run_autotest')
('error:', 'epd.c:795:8: error: too many arguments to function call, expected 0, have 1')
***************** Next Function ******************
('func_count:', 84)
("func_name '", 'think', "'")
('err_func:', '/data/0202_patch/ida/speccpu/clang/O2/sjeng-clang-O2-compilation-errors/think')
('err_funcfile:', '/data/0202_patch/ida/speccpu/clang/O2/sjeng-clang-O2-compilation-errors/think')
('error:', "search.c:1906:10: error: conflicting types for 'think'")
('error:', 'search.c:2006:13: error: subscripted value is not an array, pointer, or vector')
('error:', "search.c:2070:10: error: use of undeclared identifier 'off_41D898'")
('error:', 'search.c:2141:12: error: expected expression')
('error:', "search.c:2141:4: error: use of undeclared identifier '_OWORD'")
('error:', 'search.c:2141:61: error: expected expression')
('error:', "search.c:2141:53: error: use of undeclared identifier '_OWORD'")
('error:', 'search.c:2142:12: error: expected expression')
('error:', "search.c:2142:4: error: use of undeclared identifier '_OWORD'")
('error:', 'search.c:2142:61: error: expected expression')
('error:', "search.c:2142:53: error: use of undeclared identifier '_OWORD'")
('error:', 'search.c:2144:12: error: expected expression')
('error:', "search.c:2144:4: error: use of undeclared identifier '_OWORD'")
('error:', 'search.c:2144:58: error: expected expression')
('error:', "search.c:2144:50: error: use of undeclared identifier '_OWORD'")
('error:', 'search.c:2168:30: error: too many arguments to function call, expected 3, have 4')
('error:', 'search.c:2183:39: error: too many arguments to function call, expected 3, have 4')
('error:', 'search.c:2191:39: error: too many arguments to function call, expected 3, have 4')
('error:', 'search.c:2220:13: error: subscripted value is not an array, pointer, or vector')
('error:', 'fatal error: too many errors emitted, stopping now [-ferror-limit=]')
***************** Next Function ******************
('func_count:', 85)
("func_name '", 'stringize_pv', "'")
('err_func:', '/data/0202_patch/ida/speccpu/clang/O2/sjeng-clang-O2-compilation-errors/stringize_pv')
('err_funcfile:', '/data/0202_patch/ida/speccpu/clang/O2/sjeng-clang-O2-compilation-errors/stringize_pv')
('error:', 'utils.c:999:14: error: expected expression')
('error:', "utils.c:999:6: error: use of undeclared identifier '_OWORD'")
('error:', 'utils.c:1000:14: error: expected expression')
('error:', "utils.c:1000:6: error: use of undeclared identifier '_OWORD'")
('error:', 'utils.c:1001:14: error: expected expression')
('error:', "utils.c:1001:6: error: use of undeclared identifier '_OWORD'")
('error:', 'utils.c:1002:14: error: expected expression')
('error:', "utils.c:1002:6: error: use of undeclared identifier '_OWORD'")
('error:', 'utils.c:1003:14: error: expected expression')
('error:', "utils.c:1003:6: error: use of undeclared identifier '_OWORD'")
('error:', 'utils.c:1004:14: error: expected expression')
('error:', "utils.c:1004:6: error: use of undeclared identifier '_OWORD'")
('error:', 'utils.c:1005:14: error: expected expression')
('error:', "utils.c:1005:6: error: use of undeclared identifier '_OWORD'")
('error:', 'utils.c:1006:14: error: expected expression')
('error:', "utils.c:1006:6: error: use of undeclared identifier '_OWORD'")
('error:', 'utils.c:1007:14: error: expected expression')
('error:', "utils.c:1007:6: error: use of undeclared identifier '_OWORD'")
('error:', 'utils.c:1008:14: error: expected expression')
('error:', 'fatal error: too many errors emitted, stopping now [-ferror-limit=]')
***************** Next Function ******************
('func_count:', 86)
("func_name '", 'rtime', "'")
('err_func:', '/data/0202_patch/ida/speccpu/clang/O2/sjeng-clang-O2-compilation-errors/rtime')
('err_funcfile:', '/data/0202_patch/ida/speccpu/clang/O2/sjeng-clang-O2-compilation-errors/rtime')
***************** Next Function ******************
('func_count:', 87)
("func_name '", 'post_fl_thinking', "'")
('err_func:', '/data/0202_patch/ida/speccpu/clang/O2/sjeng-clang-O2-compilation-errors/post_fl_thinking')
('err_funcfile:', '/data/0202_patch/ida/speccpu/clang/O2/sjeng-clang-O2-compilation-errors/post_fl_thinking')
('error:', "utils.c:1163:14: error: passing 'char [280]' to parameter of incompatible type 'move_s'")
***************** Next Function ******************
('func_count:', 88)
("func_name '", 'losers_eval', "'")
('err_func:', '/data/0202_patch/ida/speccpu/clang/O2/sjeng-clang-O2-compilation-errors/losers_eval')
('err_funcfile:', '/data/0202_patch/ida/speccpu/clang/O2/sjeng-clang-O2-compilation-errors/losers_eval')
('error:', "leval.c:750:11: error: use of undeclared identifier 'xmm'")
('error:', "leval.c:751:11: error: use of undeclared identifier 'xmm'")
('error:', "leval.c:752:11: error: use of undeclared identifier 'xmm'")
('error:', "leval.c:753:11: error: use of undeclared identifier 'xmm'")
('error:', 'leval.c:1000:21: error: subscripted value is not an array, pointer, or vector')
('error:', 'leval.c:1011:21: error: subscripted value is not an array, pointer, or vector')
('error:', 'leval.c:1030:24: error: subscripted value is not an array, pointer, or vector')
('error:', 'leval.c:1073:24: error: subscripted value is not an array, pointer, or vector')
('error:', 'leval.c:1173:25: error: subscripted value is not an array, pointer, or vector')
('error:', 'leval.c:1279:24: error: subscripted value is not an array, pointer, or vector')
***************** Next Function ******************
('func_count:', 89)
("func_name '", 'pn2_eval', "'")
('err_func:', '/data/0202_patch/ida/speccpu/clang/O2/sjeng-clang-O2-compilation-errors/pn2_eval')
('err_funcfile:', '/data/0202_patch/ida/speccpu/clang/O2/sjeng-clang-O2-compilation-errors/pn2_eval')
***************** Next Function ******************
('func_count:', 90)
("func_name '", 'ErrorIt', "'")
('err_func:', '/data/0202_patch/ida/speccpu/clang/O2/sjeng-clang-O2-compilation-errors/ErrorIt')
('err_funcfile:', '/data/0202_patch/ida/speccpu/clang/O2/sjeng-clang-O2-compilation-errors/ErrorIt')
***************** Next Function ******************
('func_count:', 91)
("func_name '", 'search_root', "'")
('err_func:', '/data/0202_patch/ida/speccpu/clang/O2/sjeng-clang-O2-compilation-errors/search_root')
('err_funcfile:', '/data/0202_patch/ida/speccpu/clang/O2/sjeng-clang-O2-compilation-errors/search_root')
('error:', "search.c:1561:10: error: conflicting types for 'search_root'")
('error:', 'search.c:1678:17: error: expected expression')
('error:', "search.c:1678:9: error: use of undeclared identifier '_OWORD'")
('error:', 'search.c:1842:12: error: expected expression')
('error:', "search.c:1842:4: error: use of undeclared identifier '_OWORD'")
('error:', 'search.c:1842:62: error: expected expression')
('error:', "search.c:1842:54: error: use of undeclared identifier '_OWORD'")
('error:', "search.c:1853:14: error: passing 'char [20]' to parameter of incompatible type 'move_s'")
('error:', 'search.c:1894:12: error: expected expression')
('error:', "search.c:1894:4: error: use of undeclared identifier '_OWORD'")
('error:', 'search.c:1894:60: error: expected expression')
('error:', "search.c:1894:52: error: use of undeclared identifier '_OWORD'")
('error:', 'search.c:1903:12: error: expected expression')
('error:', "search.c:1903:4: error: use of undeclared identifier '_OWORD'")
('error:', 'search.c:1903:54: error: expected expression')
('error:', "search.c:1903:46: error: use of undeclared identifier '_OWORD'")
('error:', 'search.c:1913:12: error: expected expression')
('error:', "search.c:1913:4: error: use of undeclared identifier '_OWORD'")
('error:', 'search.c:1913:36: error: expected expression')
('error:', 'fatal error: too many errors emitted, stopping now [-ferror-limit=]')
***************** Next Function ******************
('func_count:', 92)
("func_name '", 'rdelay', "'")
('err_func:', '/data/0202_patch/ida/speccpu/clang/O2/sjeng-clang-O2-compilation-errors/rdelay')
('err_funcfile:', '/data/0202_patch/ida/speccpu/clang/O2/sjeng-clang-O2-compilation-errors/rdelay')
***************** Next Function ******************
('func_count:', 93)
("func_name '", 'reset_board', "'")
('err_func:', '/data/0202_patch/ida/speccpu/clang/O2/sjeng-clang-O2-compilation-errors/reset_board')
('err_funcfile:', '/data/0202_patch/ida/speccpu/clang/O2/sjeng-clang-O2-compilation-errors/reset_board')
('error:', "utils.c:1582:17: error: use of undeclared identifier 'unk_41EB10'")
('error:', 'utils.c:1586:12: error: expected expression')
('error:', "utils.c:1586:4: error: use of undeclared identifier '_OWORD'")
('error:', 'utils.c:1587:12: error: expected expression')
('error:', "utils.c:1587:4: error: use of undeclared identifier '_OWORD'")
('error:', 'utils.c:1588:12: error: expected expression')
('error:', "utils.c:1588:4: error: use of undeclared identifier '_OWORD'")
('error:', 'utils.c:1589:12: error: expected expression')
('error:', "utils.c:1589:4: error: use of undeclared identifier '_OWORD'")
('error:', 'utils.c:1590:12: error: expected expression')
('error:', "utils.c:1590:4: error: use of undeclared identifier '_OWORD'")
('error:', 'utils.c:1591:12: error: expected expression')
('error:', "utils.c:1591:4: error: use of undeclared identifier '_OWORD'")
('error:', 'utils.c:1592:12: error: expected expression')
('error:', "utils.c:1592:4: error: use of undeclared identifier '_OWORD'")
('error:', 'utils.c:1593:12: error: expected expression')
('error:', "utils.c:1593:4: error: use of undeclared identifier '_OWORD'")
('error:', 'utils.c:1601:12: error: expected expression')
('error:', "utils.c:1601:4: error: use of undeclared identifier '_OWORD'")
('error:', 'fatal error: too many errors emitted, stopping now [-ferror-limit=]')
***************** Next Function ******************
('func_count:', 94)
("func_name '", 'free_hash', "'")
('err_func:', '/data/0202_patch/ida/speccpu/clang/O2/sjeng-clang-O2-compilation-errors/free_hash')
('err_funcfile:', '/data/0202_patch/ida/speccpu/clang/O2/sjeng-clang-O2-compilation-errors/free_hash')
***************** Next Function ******************
('func_count:', 95)
("func_name '", 'set_proof_and_disproof_numbers', "'")
('err_func:', '/data/0202_patch/ida/speccpu/clang/O2/sjeng-clang-O2-compilation-errors/set_proof_and_disproof_numbers')
('err_funcfile:', '/data/0202_patch/ida/speccpu/clang/O2/sjeng-clang-O2-compilation-errors/set_proof_and_disproof_numbers')
***************** Next Function ******************
('func_count:', 96)
("func_name '", 'Xmalloc', "'")
('err_func:', '/data/0202_patch/ida/speccpu/clang/O2/sjeng-clang-O2-compilation-errors/Xmalloc')
('err_funcfile:', '/data/0202_patch/ida/speccpu/clang/O2/sjeng-clang-O2-compilation-errors/Xmalloc')
***************** Next Function ******************
('func_count:', 97)
("func_name '", 'clear_dp_tt', "'")
('err_func:', '/data/0202_patch/ida/speccpu/clang/O2/sjeng-clang-O2-compilation-errors/clear_dp_tt')
('err_funcfile:', '/data/0202_patch/ida/speccpu/clang/O2/sjeng-clang-O2-compilation-errors/clear_dp_tt')
***************** Next Function ******************
('func_count:', 98)
("func_name '", 'order_moves', "'")
('err_func:', '/data/0202_patch/ida/speccpu/clang/O2/sjeng-clang-O2-compilation-errors/order_moves')
('err_funcfile:', '/data/0202_patch/ida/speccpu/clang/O2/sjeng-clang-O2-compilation-errors/order_moves')
***************** Next Function ******************
('func_count:', 99)
("func_name '", 'remove_one', "'")
('err_func:', '/data/0202_patch/ida/speccpu/clang/O2/sjeng-clang-O2-compilation-errors/remove_one')
('err_funcfile:', '/data/0202_patch/ida/speccpu/clang/O2/sjeng-clang-O2-compilation-errors/remove_one')
***************** Next Function ******************
('func_count:', 100)
("func_name '", 'StoreTT', "'")
('err_func:', '/data/0202_patch/ida/speccpu/clang/O2/sjeng-clang-O2-compilation-errors/StoreTT')
('err_funcfile:', '/data/0202_patch/ida/speccpu/clang/O2/sjeng-clang-O2-compilation-errors/StoreTT')
***************** Next Function ******************
('func_count:', 101)
("func_name '", 'storeECache', "'")
('err_func:', '/data/0202_patch/ida/speccpu/clang/O2/sjeng-clang-O2-compilation-errors/storeECache')
('err_funcfile:', '/data/0202_patch/ida/speccpu/clang/O2/sjeng-clang-O2-compilation-errors/storeECache')
***************** Next Function ******************
('func_count:', 102)
("func_name '", 'push_slidE', "'")
('err_func:', '/data/0202_patch/ida/speccpu/clang/O2/sjeng-clang-O2-compilation-errors/push_slidE')
('err_funcfile:', '/data/0202_patch/ida/speccpu/clang/O2/sjeng-clang-O2-compilation-errors/push_slidE')
***************** Next Function ******************
('func_count:', 103)
("func_name '", 'push_king', "'")
('err_func:', '/data/0202_patch/ida/speccpu/clang/O2/sjeng-clang-O2-compilation-errors/push_king')
('err_funcfile:', '/data/0202_patch/ida/speccpu/clang/O2/sjeng-clang-O2-compilation-errors/push_king')
***************** Next Function ******************
('func_count:', 104)
("func_name '", 'BegForPartner', "'")
('err_func:', '/data/0202_patch/ida/speccpu/clang/O2/sjeng-clang-O2-compilation-errors/BegForPartner')
('err_funcfile:', '/data/0202_patch/ida/speccpu/clang/O2/sjeng-clang-O2-compilation-errors/BegForPartner')
***************** Next Function ******************
('func_count:', 105)
("func_name '", 'reloadMT', "'")
('err_func:', '/data/0202_patch/ida/speccpu/clang/O2/sjeng-clang-O2-compilation-errors/reloadMT')
('err_funcfile:', '/data/0202_patch/ida/speccpu/clang/O2/sjeng-clang-O2-compilation-errors/reloadMT')
***************** Next Function ******************
('func_count:', 106)
("func_name '", 'setup_epd_line', "'")
('err_func:', '/data/0202_patch/ida/speccpu/clang/O2/sjeng-clang-O2-compilation-errors/setup_epd_line')
('err_funcfile:', '/data/0202_patch/ida/speccpu/clang/O2/sjeng-clang-O2-compilation-errors/setup_epd_line')
('error:', "epd.c:638:7: error: use of undeclared identifier 'setup_epd_line_rankoffsets'")
***************** Next Function ******************
('func_count:', 107)
("func_name '", 'King', "'")
('err_func:', '/data/0202_patch/ida/speccpu/clang/O2/sjeng-clang-O2-compilation-errors/King')
('err_funcfile:', '/data/0202_patch/ida/speccpu/clang/O2/sjeng-clang-O2-compilation-errors/King')
('error:', 'neval.c:709:26: error: subscripted value is not an array, pointer, or vector')
('error:', 'neval.c:709:77: error: subscripted value is not an array, pointer, or vector')
***************** Next Function ******************
('func_count:', 108)
("func_name '", 'randomMT', "'")
('err_func:', '/data/0202_patch/ida/speccpu/clang/O2/sjeng-clang-O2-compilation-errors/randomMT')
('err_funcfile:', '/data/0202_patch/ida/speccpu/clang/O2/sjeng-clang-O2-compilation-errors/randomMT')
***************** Next Function ******************
('func_count:', 109)
("func_name '", 'qsearch', "'")
('err_func:', '/data/0202_patch/ida/speccpu/clang/O2/sjeng-clang-O2-compilation-errors/qsearch')
('err_funcfile:', '/data/0202_patch/ida/speccpu/clang/O2/sjeng-clang-O2-compilation-errors/qsearch')
('error:', 'search.c:1048:12: error: expected expression')
('error:', "search.c:1048:4: error: use of undeclared identifier '_OWORD'")
('error:', 'search.c:1048:60: error: expected expression')
('error:', "search.c:1048:52: error: use of undeclared identifier '_OWORD'")
('error:', 'search.c:1059:12: error: expected expression')
('error:', "search.c:1059:4: error: use of undeclared identifier '_OWORD'")
('error:', 'search.c:1059:54: error: expected expression')
('error:', "search.c:1059:46: error: use of undeclared identifier '_OWORD'")
('error:', 'search.c:1070:12: error: expected expression')
('error:', "search.c:1070:4: error: use of undeclared identifier '_OWORD'")
('error:', 'search.c:1070:36: error: expected expression')
('error:', "search.c:1070:28: error: use of undeclared identifier '_OWORD'")
('error:', 'search.c:1071:12: error: expected expression')
('error:', "search.c:1071:4: error: use of undeclared identifier '_OWORD'")
('error:', 'search.c:1071:41: error: expected expression')
('error:', "search.c:1071:33: error: use of undeclared identifier '_OWORD'")
***************** Next Function ******************
('func_count:', 110)
("func_name '", 'unmake', "'")
('err_func:', '/data/0202_patch/ida/speccpu/clang/O2/sjeng-clang-O2-compilation-errors/unmake')
('err_funcfile:', '/data/0202_patch/ida/speccpu/clang/O2/sjeng-clang-O2-compilation-errors/unmake')
***************** Next Function ******************
('func_count:', 111)
("func_name '", 'push_king_castle', "'")
('err_func:', '/data/0202_patch/ida/speccpu/clang/O2/sjeng-clang-O2-compilation-errors/push_king_castle')
('err_funcfile:', '/data/0202_patch/ida/speccpu/clang/O2/sjeng-clang-O2-compilation-errors/push_king_castle')
***************** Next Function ******************
('func_count:', 112)
("func_name '", 'read_rcfile', "'")
('err_func:', '/data/0202_patch/ida/speccpu/clang/O2/sjeng-clang-O2-compilation-errors/read_rcfile')
('err_funcfile:', '/data/0202_patch/ida/speccpu/clang/O2/sjeng-clang-O2-compilation-errors/read_rcfile')
***************** Next Function ******************
('func_count:', 113)
("func_name '", 'perft_debug', "'")
('err_func:', '/data/0202_patch/ida/speccpu/clang/O2/sjeng-clang-O2-compilation-errors/perft_debug')
('err_funcfile:', '/data/0202_patch/ida/speccpu/clang/O2/sjeng-clang-O2-compilation-errors/perft_debug')
***************** Next Function ******************
('func_count:', 114)
("func_name '", 'check_solution', "'")
('err_func:', '/data/0202_patch/ida/speccpu/clang/O2/sjeng-clang-O2-compilation-errors/check_solution')
('err_funcfile:', '/data/0202_patch/ida/speccpu/clang/O2/sjeng-clang-O2-compilation-errors/check_solution')
('error:', "epd.c:644:14: error: passing 'char [264]' to parameter of incompatible type 'move_s'")
***************** Next Function ******************
('func_count:', 115)
("func_name '", 'suicide_pn_eval', "'")
('err_func:', '/data/0202_patch/ida/speccpu/clang/O2/sjeng-clang-O2-compilation-errors/suicide_pn_eval')
('err_funcfile:', '/data/0202_patch/ida/speccpu/clang/O2/sjeng-clang-O2-compilation-errors/suicide_pn_eval')
('error:', 'clang: error: linker command failed with exit code 1 (use -v to see invocation)')
***************** Next Function ******************
('func_count:', 116)
("func_name '", 'main', "'")
('err_func:', '/data/0202_patch/ida/speccpu/clang/O2/sjeng-clang-O2-compilation-errors/main')
('err_funcfile:', '/data/0202_patch/ida/speccpu/clang/O2/sjeng-clang-O2-compilation-errors/main')
('error:', 'sjeng.c:610:12: error: expected expression')
('error:', "sjeng.c:610:4: error: use of undeclared identifier '_OWORD'")
('error:', 'sjeng.c:611:12: error: expected expression')
('error:', "sjeng.c:611:4: error: use of undeclared identifier '_OWORD'")
('error:', 'sjeng.c:611:39: error: expected expression')
('error:', "sjeng.c:611:31: error: use of undeclared identifier '_OWORD'")
('error:', 'sjeng.c:612:12: error: expected expression')
('error:', "sjeng.c:612:4: error: use of undeclared identifier '_OWORD'")
('error:', 'sjeng.c:612:39: error: expected expression')
('error:', "sjeng.c:612:31: error: use of undeclared identifier '_OWORD'")
('error:', 'sjeng.c:679:8: error: too many arguments to function call, expected 0, have 1')
('error:', "sjeng.c:719:16: error: passing 'char [256]' to parameter of incompatible type 'move_s'")
('error:', 'sjeng.c:724:52: error: expected expression')
('error:', "sjeng.c:724:44: error: use of undeclared identifier '_OWORD'")
('error:', "sjeng.c:727:23: error: operand of type 'move_x' where arithmetic or pointer type is required")
('error:', 'sjeng.c:832:8: error: too many arguments to function call, expected 0, have 1')
('error:', 'sjeng.c:867:52: error: expected expression')
('error:', "sjeng.c:867:44: error: use of undeclared identifier '_OWORD'")
('error:', "sjeng.c:872:23: error: operand of type 'move_x' where arithmetic or pointer type is required")
('error:', 'fatal error: too many errors emitted, stopping now [-ferror-limit=]')
***************** Next Function ******************
('func_count:', 117)
("func_name '", 'Queen', "'")
('err_func:', '/data/0202_patch/ida/speccpu/clang/O2/sjeng-clang-O2-compilation-errors/Queen')
('err_funcfile:', '/data/0202_patch/ida/speccpu/clang/O2/sjeng-clang-O2-compilation-errors/Queen')
('error:', 'neval.c:750:23: error: subscripted value is not an array, pointer, or vector')
***************** Next Function ******************
('func_count:', 118)
("func_name '", 'std_eval', "'")
('err_func:', '/data/0202_patch/ida/speccpu/clang/O2/sjeng-clang-O2-compilation-errors/std_eval')
('err_funcfile:', '/data/0202_patch/ida/speccpu/clang/O2/sjeng-clang-O2-compilation-errors/std_eval')
('error:', "neval.c:1025:11: error: use of undeclared identifier 'xmm'")
('error:', "neval.c:1026:11: error: use of undeclared identifier 'xmm'")
('error:', "neval.c:1027:11: error: use of undeclared identifier 'xmm'")
('error:', "neval.c:1028:11: error: use of undeclared identifier 'xmm'")
***************** Next Function ******************
('func_count:', 119)
("func_name '", 'update_ancestors', "'")
('err_func:', '/data/0202_patch/ida/speccpu/clang/O2/sjeng-clang-O2-compilation-errors/update_ancestors')
('err_funcfile:', '/data/0202_patch/ida/speccpu/clang/O2/sjeng-clang-O2-compilation-errors/update_ancestors')
('error:', 'proof.c:1354:7: error: expected expression')
('error:', "proof.c:1362:14: error: expected identifier or '('")
('error:', 'proof.c:1364:10: error: expected expression')
('error:', "proof.c:1364:10: error: expected ')'")
***************** Next Function ******************
('func_count:', 120)
("func_name '", 'choose_book_move', "'")
('err_func:', '/data/0202_patch/ida/speccpu/clang/O2/sjeng-clang-O2-compilation-errors/choose_book_move')
('err_funcfile:', '/data/0202_patch/ida/speccpu/clang/O2/sjeng-clang-O2-compilation-errors/choose_book_move')
***************** Next Function ******************
('func_count:', 121)
("func_name '", 'removeHolding', "'")
('err_func:', '/data/0202_patch/ida/speccpu/clang/O2/sjeng-clang-O2-compilation-errors/removeHolding')
('err_funcfile:', '/data/0202_patch/ida/speccpu/clang/O2/sjeng-clang-O2-compilation-errors/removeHolding')
***************** Next Function ******************
('func_count:', 122)
("func_name '", 'develop_node', "'")
('err_func:', '/data/0202_patch/ida/speccpu/clang/O2/sjeng-clang-O2-compilation-errors/develop_node')
('err_funcfile:', '/data/0202_patch/ida/speccpu/clang/O2/sjeng-clang-O2-compilation-errors/develop_node')
('error:', 'proof.c:1235:14: error: expected expression')
('error:', "proof.c:1235:6: error: use of undeclared identifier '_OWORD'")
('error:', 'proof.c:1235:36: error: expected expression')
('error:', "proof.c:1235:28: error: use of undeclared identifier '_OWORD'")
***************** Next Function ******************
('func_count:', 123)
("func_name '", 'std_pn_eval', "'")
('err_func:', '/data/0202_patch/ida/speccpu/clang/O2/sjeng-clang-O2-compilation-errors/std_pn_eval')
('err_funcfile:', '/data/0202_patch/ida/speccpu/clang/O2/sjeng-clang-O2-compilation-errors/std_pn_eval')
***************** Next Function ******************
('func_count:', 124)
("func_name '", 'is_move', "'")
('err_func:', '/data/0202_patch/ida/speccpu/clang/O2/sjeng-clang-O2-compilation-errors/is_move')
('err_funcfile:', '/data/0202_patch/ida/speccpu/clang/O2/sjeng-clang-O2-compilation-errors/is_move')
***************** Next Function ******************
('func_count:', 125)
("func_name '", 'SwitchColor', "'")
('err_func:', '/data/0202_patch/ida/speccpu/clang/O2/sjeng-clang-O2-compilation-errors/SwitchColor')
('err_funcfile:', '/data/0202_patch/ida/speccpu/clang/O2/sjeng-clang-O2-compilation-errors/SwitchColor')
('error:', 'crazy.c:662:24: error: subscripted value is not an array, pointer, or vector')
***************** Next Function ******************
('func_count:', 126)
("func_name '", 'hash_extract_pv', "'")
('err_func:', '/data/0202_patch/ida/speccpu/clang/O2/sjeng-clang-O2-compilation-errors/hash_extract_pv')
('err_funcfile:', '/data/0202_patch/ida/speccpu/clang/O2/sjeng-clang-O2-compilation-errors/hash_extract_pv')
('error:', 'utils.c:973:12: error: expected expression')
('error:', "utils.c:973:4: error: use of undeclared identifier '_OWORD'")
('error:', 'utils.c:973:37: error: expected expression')
('error:', "utils.c:973:29: error: use of undeclared identifier '_OWORD'")
***************** Next Function ******************
('func_count:', 127)
("func_name '", 'alloc_hash', "'")
('err_func:', '/data/0202_patch/ida/speccpu/clang/O2/sjeng-clang-O2-compilation-errors/alloc_hash')
('err_funcfile:', '/data/0202_patch/ida/speccpu/clang/O2/sjeng-clang-O2-compilation-errors/alloc_hash')
***************** Next Function ******************
('func_count:', 128)
("func_name '", 'setup_attackers', "'")
('err_func:', '/data/0202_patch/ida/speccpu/clang/O2/sjeng-clang-O2-compilation-errors/setup_attackers')
('err_funcfile:', '/data/0202_patch/ida/speccpu/clang/O2/sjeng-clang-O2-compilation-errors/setup_attackers')
('error:', 'see.c:643:24: error: subscripted value is not an array, pointer, or vector')
('error:', "see.c:672:7: error: use of undeclared identifier 'setup_attackers_bishop_o'")
******************** ================== ******************** ==================
Total # fns with errors: 128. Total errors: 399
******************** ================== error type: occurrences ******************** ==================
conflicting types for a function: 5
expected ;, (': 1
expected expression: 119
expected identifier or '(': 1
member reference type is not a structure or union: 8
passing sth to parameter of incompatible type: 13
subscripted value is not an array, pointer, or vector: 48
too many arguments to function call: 7
typecasting pointer: 2
undeclared identifier with prefix 'off_': 22
undeclared identifier with prefix 'unk_': 6
use of undeclared identifier: 151
******************** ================== error distribution ******************** ==================
******************** ================== error type: func count ******************** ==================
conflicting types for a function: 5
expected ;, (': 1
expected expression: 20
expected identifier or '(': 1
member reference type is not a structure or union: 1
passing sth to parameter of incompatible type: 12
subscripted value is not an array, pointer, or vector: 19
too many arguments to function call: 4
typecasting pointer: 1
undeclared identifier with prefix 'off_': 3
undeclared identifier with prefix 'unk_': 4
use of undeclared identifier: 26
******************** ================== unknown errors ******************** ==================
