maliha print
***************** Next Function ******************
('func_count:', 1)
("func_name '", 'bitmap_operation', "'")
('err_func:', '/data/maliha/decompilation/data/error_with_patch/ida/speccpu/clang/O1/bk_gcc-clang-O1-compilation-errors/bitmap_operation')
('err_funcfile:', '/data/maliha/decompilation/data/error_with_patch/ida/speccpu/clang/O1/bk_gcc-clang-O1-compilation-errors/bitmap_operation')
('error:', "bitmap.c:975:63: error: must use 'enum' tag to refer to type 'bitmap_bits'")
('error:', 'bitmap.c:1008:12: error: expected expression')
('error:', "bitmap.c:1008:4: error: use of undeclared identifier '_OWORD'")
***************** Next Function ******************
('func_count:', 2)
("func_name '", 'add_AT_unsigned', "'")
('err_func:', '/data/maliha/decompilation/data/error_with_patch/ida/speccpu/clang/O1/bk_gcc-clang-O1-compilation-errors/add_AT_unsigned')
('err_funcfile:', '/data/maliha/decompilation/data/error_with_patch/ida/speccpu/clang/O1/bk_gcc-clang-O1-compilation-errors/add_AT_unsigned')
('error:', "dwarf2out.c:4882:40: error: must use 'enum' tag to refer to type 'dwarf_attribute'")
('error:', "dwarf2out.c:4882:7: error: conflicting types for 'add_AT_unsigned'")
***************** Next Function ******************
('func_count:', 3)
("func_name '", '_cpp_unaligned_alloc', "'")
('err_func:', '/data/maliha/decompilation/data/error_with_patch/ida/speccpu/clang/O1/bk_gcc-clang-O1-compilation-errors/_cpp_unaligned_alloc')
('err_funcfile:', '/data/maliha/decompilation/data/error_with_patch/ida/speccpu/clang/O1/bk_gcc-clang-O1-compilation-errors/_cpp_unaligned_alloc')
('error:', "cpplex.c:2537:40: error: unknown type name 'cpp_reader_0'; did you mean 'cpp_reader'?")
('error:', "cpplex.c:2539:1: error: unknown type name '_cpp_buff_0'; did you mean '_cpp_buff'?")
***************** Next Function ******************
('func_count:', 4)
("func_name '", 'approx_reg_cost', "'")
('err_func:', '/data/maliha/decompilation/data/error_with_patch/ida/speccpu/clang/O1/bk_gcc-clang-O1-compilation-errors/approx_reg_cost')
('err_funcfile:', '/data/maliha/decompilation/data/error_with_patch/ida/speccpu/clang/O1/bk_gcc-clang-O1-compilation-errors/approx_reg_cost')
('error:', 'clang: error: linker command failed with exit code 1 (use -v to see invocation)')
***************** Next Function ******************
('func_count:', 5)
("func_name '", 'assemble_string', "'")
('err_func:', '/data/maliha/decompilation/data/error_with_patch/ida/speccpu/clang/O1/bk_gcc-clang-O1-compilation-errors/assemble_string')
('err_funcfile:', '/data/maliha/decompilation/data/error_with_patch/ida/speccpu/clang/O1/bk_gcc-clang-O1-compilation-errors/assemble_string')
***************** Next Function ******************
('func_count:', 6)
("func_name '", 'add_AT_loc', "'")
('err_func:', '/data/maliha/decompilation/data/error_with_patch/ida/speccpu/clang/O1/bk_gcc-clang-O1-compilation-errors/add_AT_loc')
('err_funcfile:', '/data/maliha/decompilation/data/error_with_patch/ida/speccpu/clang/O1/bk_gcc-clang-O1-compilation-errors/add_AT_loc')
('error:', "dwarf2out.c:5094:35: error: must use 'enum' tag to refer to type 'dwarf_attribute'")
***************** Next Function ******************
('func_count:', 7)
("func_name '", 'aligned_operand', "'")
('err_func:', '/data/maliha/decompilation/data/error_with_patch/ida/speccpu/clang/O1/bk_gcc-clang-O1-compilation-errors/aligned_operand')
('err_funcfile:', '/data/maliha/decompilation/data/error_with_patch/ida/speccpu/clang/O1/bk_gcc-clang-O1-compilation-errors/aligned_operand')
('error:', "i386.c:3971:31: error: must use 'enum' tag to refer to type 'machine_mode'")
***************** Next Function ******************
('func_count:', 8)
("func_name '", 'all_cases_count', "'")
('err_func:', '/data/maliha/decompilation/data/error_with_patch/ida/speccpu/clang/O1/bk_gcc-clang-O1-compilation-errors/all_cases_count')
('err_funcfile:', '/data/maliha/decompilation/data/error_with_patch/ida/speccpu/clang/O1/bk_gcc-clang-O1-compilation-errors/all_cases_count')
('error:', "stmt.c:5386:1: error: must use 'union' tag to refer to type 'tree_node'")
('error:', "stmt.c:5394:1: error: must use 'union' tag to refer to type 'tree_node'")
('error:', "stmt.c:5398:1: error: must use 'union' tag to refer to type 'tree_node'")
('error:', "stmt.c:5399:1: error: must use 'union' tag to refer to type 'tree_node'")
('error:', "stmt.c:5400:1: error: must use 'union' tag to refer to type 'tree_node'")
***************** Next Function ******************
('func_count:', 9)
("func_name '", 'base_type_die', "'")
('err_func:', '/data/maliha/decompilation/data/error_with_patch/ida/speccpu/clang/O1/bk_gcc-clang-O1-compilation-errors/base_type_die')
('err_funcfile:', '/data/maliha/decompilation/data/error_with_patch/ida/speccpu/clang/O1/bk_gcc-clang-O1-compilation-errors/base_type_die')
***************** Next Function ******************
('func_count:', 10)
("func_name '", 'add_dependence_list', "'")
('err_func:', '/data/maliha/decompilation/data/error_with_patch/ida/speccpu/clang/O1/bk_gcc-clang-O1-compilation-errors/add_dependence_list')
('err_funcfile:', '/data/maliha/decompilation/data/error_with_patch/ida/speccpu/clang/O1/bk_gcc-clang-O1-compilation-errors/add_dependence_list')
('error:', "sched-deps.c:823:48: error: must use 'enum' tag to refer to type 'reg_note'")
('error:', "sched-deps.c:833:12: error: operand of type 'struct rtx_def' where arithmetic or pointer type is required")
***************** Next Function ******************
('func_count:', 11)
("func_name '", 'asm_operand_ok', "'")
('err_func:', '/data/maliha/decompilation/data/error_with_patch/ida/speccpu/clang/O1/bk_gcc-clang-O1-compilation-errors/asm_operand_ok')
('err_funcfile:', '/data/maliha/decompilation/data/error_with_patch/ida/speccpu/clang/O1/bk_gcc-clang-O1-compilation-errors/asm_operand_ok')
('error:', "recog.c:2162:11: error: use of undeclared identifier 'sch_istable'; did you mean '_sch_istable'?")
('error:', "recog.c:2199:24: error: operand of type 'rtunion' (aka 'union rtunion_def') where arithmetic or pointer type is required")
***************** Next Function ******************
('func_count:', 12)
("func_name '", 'add_branch_dependences', "'")
('err_func:', '/data/maliha/decompilation/data/error_with_patch/ida/speccpu/clang/O1/bk_gcc-clang-O1-compilation-errors/add_branch_dependences')
('err_funcfile:', '/data/maliha/decompilation/data/error_with_patch/ida/speccpu/clang/O1/bk_gcc-clang-O1-compilation-errors/add_branch_dependences')
('error:', "sched-rgn.c:2808:14: error: operand of type 'struct rtx_def' where arithmetic or pointer type is required")
***************** Next Function ******************
('func_count:', 13)
("func_name '", 'apply_delayed_renames', "'")
('err_func:', '/data/maliha/decompilation/data/error_with_patch/ida/speccpu/clang/O1/bk_gcc-clang-O1-compilation-errors/apply_delayed_renames')
('err_funcfile:', '/data/maliha/decompilation/data/error_with_patch/ida/speccpu/clang/O1/bk_gcc-clang-O1-compilation-errors/apply_delayed_renames')
('error:', "ssa.c:1255:30: error: use of undeclared identifier 'machine_mode'")
***************** Next Function ******************
('func_count:', 14)
("func_name '", 'add_pending_init', "'")
('err_func:', '/data/maliha/decompilation/data/error_with_patch/ida/speccpu/clang/O1/bk_gcc-clang-O1-compilation-errors/add_pending_init')
('err_funcfile:', '/data/maliha/decompilation/data/error_with_patch/ida/speccpu/clang/O1/bk_gcc-clang-O1-compilation-errors/add_pending_init')
('error:', "c-typeck.c:6297:1: error: must use 'union' tag to refer to type 'tree_node'")
('error:', "c-typeck.c:6300:1: error: must use 'union' tag to refer to type 'tree_node'")
('error:', 'c-typeck.c:6389:12: error: expected expression')
('error:', "c-typeck.c:6389:4: error: use of undeclared identifier '_OWORD'")
***************** Next Function ******************
('func_count:', 15)
("func_name '", 'alloc_code_hoist_mem', "'")
('err_func:', '/data/maliha/decompilation/data/error_with_patch/ida/speccpu/clang/O1/bk_gcc-clang-O1-compilation-errors/alloc_code_hoist_mem')
('err_funcfile:', '/data/maliha/decompilation/data/error_with_patch/ida/speccpu/clang/O1/bk_gcc-clang-O1-compilation-errors/alloc_code_hoist_mem')
***************** Next Function ******************
('func_count:', 16)
("func_name '", 'adjust_address_1', "'")
('err_func:', '/data/maliha/decompilation/data/error_with_patch/ida/speccpu/clang/O1/bk_gcc-clang-O1-compilation-errors/adjust_address_1')
('err_funcfile:', '/data/maliha/decompilation/data/error_with_patch/ida/speccpu/clang/O1/bk_gcc-clang-O1-compilation-errors/adjust_address_1')
('error:', "emit-rtl.c:2439:36: error: must use 'enum' tag to refer to type 'machine_mode'")
('error:', "emit-rtl.c:2444:4: error: expected ';' after expression")
('error:', "emit-rtl.c:2444:5: error: use of undeclared identifier 'v12'")
('error:', "emit-rtl.c:2445:4: error: expected ';' after expression")
('error:', "emit-rtl.c:2445:5: error: use of undeclared identifier 'v13'")
('error:', "emit-rtl.c:2446:1: error: must use 'enum' tag to refer to type 'machine_mode'")
('error:', "emit-rtl.c:2447:4: error: expected ';' after expression")
('error:', "emit-rtl.c:2447:5: error: use of undeclared identifier 'v15'")
('error:', "emit-rtl.c:2448:4: error: expected ';' after expression")
('error:', "emit-rtl.c:2448:5: error: use of undeclared identifier 'v16'")
('error:', "emit-rtl.c:2454:4: error: expected ';' after expression")
('error:', "emit-rtl.c:2454:5: error: use of undeclared identifier 'v22'")
('error:', "emit-rtl.c:2455:1: error: must use 'enum' tag to refer to type 'machine_mode'")
('error:', "emit-rtl.c:2464:1: error: must use 'union' tag to refer to type 'tree_node'")
('error:', "emit-rtl.c:2469:17: error: operand of type 'struct rtx_def' where arithmetic or pointer type is required")
('error:', "emit-rtl.c:2478:1: error: use of undeclared identifier 'v12'")
('error:', "emit-rtl.c:2479:1: error: use of undeclared identifier 'v13'")
('error:', "emit-rtl.c:2479:7: error: use of undeclared identifier 'v12'")
('error:', "emit-rtl.c:2485:15: error: use of undeclared identifier 'v12'")
('error:', 'fatal error: too many errors emitted, stopping now [-ferror-limit=]')
***************** Next Function ******************
('func_count:', 17)
("func_name '", 'block_label', "'")
('err_func:', '/data/maliha/decompilation/data/error_with_patch/ida/speccpu/clang/O1/bk_gcc-clang-O1-compilation-errors/block_label')
('err_funcfile:', '/data/maliha/decompilation/data/error_with_patch/ida/speccpu/clang/O1/bk_gcc-clang-O1-compilation-errors/block_label')
***************** Next Function ******************
('func_count:', 18)
("func_name '", 'bitmap_equal_p', "'")
('err_func:', '/data/maliha/decompilation/data/error_with_patch/ida/speccpu/clang/O1/bk_gcc-clang-O1-compilation-errors/bitmap_equal_p')
('err_funcfile:', '/data/maliha/decompilation/data/error_with_patch/ida/speccpu/clang/O1/bk_gcc-clang-O1-compilation-errors/bitmap_equal_p')
('error:', 'bitmap.c:1137:12: error: expected expression')
('error:', "bitmap.c:1137:4: error: use of undeclared identifier '_OWORD'")
***************** Next Function ******************
('func_count:', 19)
("func_name '", 'add_AT_addr', "'")
('err_func:', '/data/maliha/decompilation/data/error_with_patch/ida/speccpu/clang/O1/bk_gcc-clang-O1-compilation-errors/add_AT_addr')
('err_funcfile:', '/data/maliha/decompilation/data/error_with_patch/ida/speccpu/clang/O1/bk_gcc-clang-O1-compilation-errors/add_AT_addr')
('error:', "dwarf2out.c:5147:36: error: must use 'enum' tag to refer to type 'dwarf_attribute'")
***************** Next Function ******************
('func_count:', 20)
("func_name '", '_cpp_temp_token', "'")
('err_func:', '/data/maliha/decompilation/data/error_with_patch/ida/speccpu/clang/O1/bk_gcc-clang-O1-compilation-errors/_cpp_temp_token')
('err_funcfile:', '/data/maliha/decompilation/data/error_with_patch/ida/speccpu/clang/O1/bk_gcc-clang-O1-compilation-errors/_cpp_temp_token')
('error:', "cpplex.c:1245:1: error: unknown type name 'cpp_token_0'; did you mean 'cpp_token'?")
('error:', "cpplex.c:1245:31: error: unknown type name 'cpp_reader_0'; did you mean 'cpp_reader'?")
('error:', "cpplex.c:1247:1: error: unknown type name 'cpp_token_0'; did you mean 'cpp_token'?")
('error:', "cpplex.c:1248:1: error: unknown type name 'tokenrun_0'; did you mean 'tokenrun'?")
('error:', "cpplex.c:1249:1: error: unknown type name 'tokenrun_0'; did you mean 'tokenrun'?")
('error:', "cpplex.c:1250:1: error: unknown type name 'cpp_token_0'; did you mean 'cpp_token'?")
('error:', "cpplex.c:1256:18: error: expected identifier or '('")
***************** Next Function ******************
('func_count:', 21)
("func_name '", 'assemble_external', "'")
('err_func:', '/data/maliha/decompilation/data/error_with_patch/ida/speccpu/clang/O1/bk_gcc-clang-O1-compilation-errors/assemble_external')
('err_funcfile:', '/data/maliha/decompilation/data/error_with_patch/ida/speccpu/clang/O1/bk_gcc-clang-O1-compilation-errors/assemble_external')
***************** Next Function ******************
('func_count:', 22)
("func_name '", 'add_AT_lbl_id', "'")
('err_func:', '/data/maliha/decompilation/data/error_with_patch/ida/speccpu/clang/O1/bk_gcc-clang-O1-compilation-errors/add_AT_lbl_id')
('err_funcfile:', '/data/maliha/decompilation/data/error_with_patch/ida/speccpu/clang/O1/bk_gcc-clang-O1-compilation-errors/add_AT_lbl_id')
('error:', "dwarf2out.c:5174:38: error: must use 'enum' tag to refer to type 'dwarf_attribute'")
***************** Next Function ******************
('func_count:', 23)
("func_name '", '_cpp_do_file_change', "'")
('err_func:', '/data/maliha/decompilation/data/error_with_patch/ida/speccpu/clang/O1/bk_gcc-clang-O1-compilation-errors/_cpp_do_file_change')
('err_funcfile:', '/data/maliha/decompilation/data/error_with_patch/ida/speccpu/clang/O1/bk_gcc-clang-O1-compilation-errors/_cpp_do_file_change')
('error:', "cpplib.c:1324:1: error: unknown type name 'cpp_reader_0'; did you mean 'cpp_reader'?")
('error:', "cpplib.c:1325:1: error: must use 'enum' tag to refer to type 'lc_reason'")
('error:', "cpplib.c:1331:23: error: unknown type name 'cpp_reader_0'; did you mean 'cpp_reader'?")
***************** Next Function ******************
('func_count:', 24)
("func_name '", 'alloc_cprop_mem', "'")
('err_func:', '/data/maliha/decompilation/data/error_with_patch/ida/speccpu/clang/O1/bk_gcc-clang-O1-compilation-errors/alloc_cprop_mem')
('err_funcfile:', '/data/maliha/decompilation/data/error_with_patch/ida/speccpu/clang/O1/bk_gcc-clang-O1-compilation-errors/alloc_cprop_mem')
***************** Next Function ******************
('func_count:', 25)
("func_name '", 'add_AT_long_long', "'")
('err_func:', '/data/maliha/decompilation/data/error_with_patch/ida/speccpu/clang/O1/bk_gcc-clang-O1-compilation-errors/add_AT_long_long')
('err_funcfile:', '/data/maliha/decompilation/data/error_with_patch/ida/speccpu/clang/O1/bk_gcc-clang-O1-compilation-errors/add_AT_long_long')
('error:', "dwarf2out.c:4911:1: error: must use 'enum' tag to refer to type 'dwarf_attribute'")
('error:', "dwarf2out.c:4909:7: error: conflicting types for 'add_AT_long_long'")
***************** Next Function ******************
('func_count:', 26)
("func_name '", 'base_alias_check', "'")
('err_func:', '/data/maliha/decompilation/data/error_with_patch/ida/speccpu/clang/O1/bk_gcc-clang-O1-compilation-errors/base_alias_check')
('err_funcfile:', '/data/maliha/decompilation/data/error_with_patch/ida/speccpu/clang/O1/bk_gcc-clang-O1-compilation-errors/base_alias_check')
('error:', "alias.c:1828:38: error: must use 'enum' tag to refer to type 'machine_mode'")
('error:', "alias.c:1828:59: error: must use 'enum' tag to refer to type 'machine_mode'")
('error:', "alias.c:1891:17: error: operand of type 'struct rtx_def' where arithmetic or pointer type is required")
('error:', "alias.c:1897:17: error: operand of type 'struct rtx_def' where arithmetic or pointer type is required")
***************** Next Function ******************
('func_count:', 27)
("func_name '", 'add_prototyped_attribute', "'")
('err_func:', '/data/maliha/decompilation/data/error_with_patch/ida/speccpu/clang/O1/bk_gcc-clang-O1-compilation-errors/add_prototyped_attribute')
('err_funcfile:', '/data/maliha/decompilation/data/error_with_patch/ida/speccpu/clang/O1/bk_gcc-clang-O1-compilation-errors/add_prototyped_attribute')
***************** Next Function ******************
('func_count:', 28)
("func_name '", 'add_const_value_attribute', "'")
('err_func:', '/data/maliha/decompilation/data/error_with_patch/ida/speccpu/clang/O1/bk_gcc-clang-O1-compilation-errors/add_const_value_attribute')
('err_funcfile:', '/data/maliha/decompilation/data/error_with_patch/ida/speccpu/clang/O1/bk_gcc-clang-O1-compilation-errors/add_const_value_attribute')
('error:', "dwarf2out.c:9129:23: error: operand of type 'rtunion' (aka 'union rtunion_def') where arithmetic or pointer type is required")
('error:', "dwarf2out.c:9137:6: error: use of undeclared identifier 'mode_class_0'; did you mean 'mode_class'?")
('error:', "dwarf2out.c:9143:20: error: operand of type 'struct rtx_def' where arithmetic or pointer type is required")
('error:', "dwarf2out.c:9146:14: error: passing 'long long *' to parameter of incompatible type 'realvaluetype'")
('error:', "dwarf2out.c:9148:14: error: passing 'long long *' to parameter of incompatible type 'realvaluetype'")
('error:', "dwarf2out.c:9152:21: error: operand of type 'struct rtx_def' where arithmetic or pointer type is required")
('error:', "dwarf2out.c:9154:13: error: passing 'long long *' to parameter of incompatible type 'realvaluetype'")
('error:', "dwarf2out.c:9160:21: error: operand of type 'struct rtx_def' where arithmetic or pointer type is required")
***************** Next Function ******************
('func_count:', 29)
("func_name '", 'biv_elimination_giv_has_0_offset', "'")
('err_func:', '/data/maliha/decompilation/data/error_with_patch/ida/speccpu/clang/O1/bk_gcc-clang-O1-compilation-errors/biv_elimination_giv_has_0_offset')
('err_funcfile:', '/data/maliha/decompilation/data/error_with_patch/ida/speccpu/clang/O1/bk_gcc-clang-O1-compilation-errors/biv_elimination_giv_has_0_offset')
('error:', "loop.c:9036:40: error: unknown type name 'induction_1'")
('error:', "loop.c:9036:58: error: unknown type name 'induction_1'")
***************** Next Function ******************
('func_count:', 30)
("func_name '", 'assemble_integer', "'")
('err_func:', '/data/maliha/decompilation/data/error_with_patch/ida/speccpu/clang/O1/bk_gcc-clang-O1-compilation-errors/assemble_integer')
('err_funcfile:', '/data/maliha/decompilation/data/error_with_patch/ida/speccpu/clang/O1/bk_gcc-clang-O1-compilation-errors/assemble_integer')
('error:', "varasm.c:2439:1: error: must use 'enum' tag to refer to type 'machine_mode'")
('error:', "varasm.c:2440:1: error: must use 'enum' tag to refer to type 'machine_mode'")
***************** Next Function ******************
('func_count:', 31)
("func_name '", 'alloc_aux_for_edge', "'")
('err_func:', '/data/maliha/decompilation/data/error_with_patch/ida/speccpu/clang/O1/bk_gcc-clang-O1-compilation-errors/alloc_aux_for_edge')
('err_funcfile:', '/data/maliha/decompilation/data/error_with_patch/ida/speccpu/clang/O1/bk_gcc-clang-O1-compilation-errors/alloc_aux_for_edge')
***************** Next Function ******************
('func_count:', 32)
("func_name '", 'apply_pragma_weak', "'")
('err_func:', '/data/maliha/decompilation/data/error_with_patch/ida/speccpu/clang/O1/bk_gcc-clang-O1-compilation-errors/apply_pragma_weak')
('err_funcfile:', '/data/maliha/decompilation/data/error_with_patch/ida/speccpu/clang/O1/bk_gcc-clang-O1-compilation-errors/apply_pragma_weak')
('error:', "c-pragma.c:748:1: error: must use 'union' tag to refer to type 'tree_node'")
('error:', "c-pragma.c:749:1: error: must use 'union' tag to refer to type 'tree_node'")
('error:', "c-pragma.c:750:1: error: must use 'union' tag to refer to type 'tree_node'")
('error:', "c-pragma.c:751:1: error: must use 'union' tag to refer to type 'tree_node'")
***************** Next Function ******************
('func_count:', 33)
("func_name '", 'attribute_list_equal', "'")
('err_func:', '/data/maliha/decompilation/data/error_with_patch/ida/speccpu/clang/O1/bk_gcc-clang-O1-compilation-errors/attribute_list_equal')
('err_funcfile:', '/data/maliha/decompilation/data/error_with_patch/ida/speccpu/clang/O1/bk_gcc-clang-O1-compilation-errors/attribute_list_equal')
***************** Next Function ******************
('func_count:', 34)
("func_name '", 'bitmap_element_zerop', "'")
('err_func:', '/data/maliha/decompilation/data/error_with_patch/ida/speccpu/clang/O1/bk_gcc-clang-O1-compilation-errors/bitmap_element_zerop')
('err_funcfile:', '/data/maliha/decompilation/data/error_with_patch/ida/speccpu/clang/O1/bk_gcc-clang-O1-compilation-errors/bitmap_element_zerop')
('error:', 'bitmap.c:621:19: error: expected expression')
('error:', "bitmap.c:621:11: error: use of undeclared identifier '_OWORD'")
***************** Next Function ******************
('func_count:', 35)
("func_name '", '_cpp_push_next_buffer', "'")
('err_func:', '/data/maliha/decompilation/data/error_with_patch/ida/speccpu/clang/O1/bk_gcc-clang-O1-compilation-errors/_cpp_push_next_buffer')
('err_funcfile:', '/data/maliha/decompilation/data/error_with_patch/ida/speccpu/clang/O1/bk_gcc-clang-O1-compilation-errors/_cpp_push_next_buffer')
('error:', "cppinit.c:1510:29: error: unknown type name 'cpp_reader_0'; did you mean 'cpp_reader'?")
***************** Next Function ******************
('func_count:', 36)
("func_name '", 'add_byte_size_attribute', "'")
('err_func:', '/data/maliha/decompilation/data/error_with_patch/ida/speccpu/clang/O1/bk_gcc-clang-O1-compilation-errors/add_byte_size_attribute')
('err_funcfile:', '/data/maliha/decompilation/data/error_with_patch/ida/speccpu/clang/O1/bk_gcc-clang-O1-compilation-errors/add_byte_size_attribute')
('error:', "dwarf2out.c:9760:12: error: use of undeclared identifier 'v3'")
('error:', "dwarf2out.c:9774:1: error: use of undeclared identifier 'v3'")
('error:', "dwarf2out.c:9775:32: error: use of undeclared identifier 'v3'")
***************** Next Function ******************
('func_count:', 37)
("func_name '", 'address_cost', "'")
('err_func:', '/data/maliha/decompilation/data/error_with_patch/ida/speccpu/clang/O1/bk_gcc-clang-O1-compilation-errors/address_cost')
('err_funcfile:', '/data/maliha/decompilation/data/error_with_patch/ida/speccpu/clang/O1/bk_gcc-clang-O1-compilation-errors/address_cost')
('error:', "cse.c:1373:27: error: must use 'enum' tag to refer to type 'machine_mode'")
***************** Next Function ******************
('func_count:', 38)
("func_name '", '_cpp_handle_directive', "'")
('err_func:', '/data/maliha/decompilation/data/error_with_patch/ida/speccpu/clang/O1/bk_gcc-clang-O1-compilation-errors/_cpp_handle_directive')
('err_funcfile:', '/data/maliha/decompilation/data/error_with_patch/ida/speccpu/clang/O1/bk_gcc-clang-O1-compilation-errors/_cpp_handle_directive')
('error:', "cpplib.c:772:28: error: unknown type name 'cpp_reader_0'; did you mean 'cpp_reader'?")
('error:', "cpplib.c:774:7: error: unknown type name 'cpp_token_0'; did you mean 'cpp_token'?")
('error:', "cpplib.c:776:7: error: unknown type name 'directive_0'; did you mean 'directive'?")
('error:', "cpplib.c:830:17: error: unknown type name 'cpp_reader_0'; did you mean 'cpp_reader'?")
***************** Next Function ******************
('func_count:', 39)
("func_name '", 'add_reachable_handler', "'")
('err_func:', '/data/maliha/decompilation/data/error_with_patch/ida/speccpu/clang/O1/bk_gcc-clang-O1-compilation-errors/add_reachable_handler')
('err_funcfile:', '/data/maliha/decompilation/data/error_with_patch/ida/speccpu/clang/O1/bk_gcc-clang-O1-compilation-errors/add_reachable_handler')
***************** Next Function ******************
('func_count:', 40)
("func_name '", 'AT_flag', "'")
('err_func:', '/data/maliha/decompilation/data/error_with_patch/ida/speccpu/clang/O1/bk_gcc-clang-O1-compilation-errors/AT_flag')
('err_funcfile:', '/data/maliha/decompilation/data/error_with_patch/ida/speccpu/clang/O1/bk_gcc-clang-O1-compilation-errors/AT_flag')
***************** Next Function ******************
('func_count:', 41)
("func_name '", '_cpp_pop_buffer', "'")
('err_func:', '/data/maliha/decompilation/data/error_with_patch/ida/speccpu/clang/O1/bk_gcc-clang-O1-compilation-errors/_cpp_pop_buffer')
('err_funcfile:', '/data/maliha/decompilation/data/error_with_patch/ida/speccpu/clang/O1/bk_gcc-clang-O1-compilation-errors/_cpp_pop_buffer')
('error:', "cpplib.c:2326:23: error: unknown type name 'cpp_reader_0'; did you mean 'cpp_reader'?")
('error:', "cpplib.c:2328:1: error: unknown type name 'cpp_buffer_0'; did you mean 'cpp_buffer'?")
***************** Next Function ******************
('func_count:', 42)
("func_name '", 'add_ehspec_entry', "'")
('err_func:', '/data/maliha/decompilation/data/error_with_patch/ida/speccpu/clang/O1/bk_gcc-clang-O1-compilation-errors/add_ehspec_entry')
('err_funcfile:', '/data/maliha/decompilation/data/error_with_patch/ida/speccpu/clang/O1/bk_gcc-clang-O1-compilation-errors/add_ehspec_entry')
***************** Next Function ******************
('func_count:', 43)
("func_name '", 'add_bound_info', "'")
('err_func:', '/data/maliha/decompilation/data/error_with_patch/ida/speccpu/clang/O1/bk_gcc-clang-O1-compilation-errors/add_bound_info')
('err_funcfile:', '/data/maliha/decompilation/data/error_with_patch/ida/speccpu/clang/O1/bk_gcc-clang-O1-compilation-errors/add_bound_info')
('error:', "dwarf2out.c:9547:48: error: must use 'enum' tag to refer to type 'dwarf_attribute'")
('error:', "dwarf2out.c:9638:22: error: use of undeclared identifier 'machine_mode'")
***************** Next Function ******************
('func_count:', 44)
("func_name '", 'actual_hazard', "'")
('err_func:', '/data/maliha/decompilation/data/error_with_patch/ida/speccpu/clang/O1/bk_gcc-clang-O1-compilation-errors/actual_hazard')
('err_funcfile:', '/data/maliha/decompilation/data/error_with_patch/ida/speccpu/clang/O1/bk_gcc-clang-O1-compilation-errors/actual_hazard')
***************** Next Function ******************
('func_count:', 45)
("func_name '", 'add_tlist', "'")
('err_func:', '/data/maliha/decompilation/data/error_with_patch/ida/speccpu/clang/O1/bk_gcc-clang-O1-compilation-errors/add_tlist')
('err_funcfile:', '/data/maliha/decompilation/data/error_with_patch/ida/speccpu/clang/O1/bk_gcc-clang-O1-compilation-errors/add_tlist')
***************** Next Function ******************
('func_count:', 46)
("func_name '", 'add_label_notes', "'")
('err_func:', '/data/maliha/decompilation/data/error_with_patch/ida/speccpu/clang/O1/bk_gcc-clang-O1-compilation-errors/add_label_notes')
('err_funcfile:', '/data/maliha/decompilation/data/error_with_patch/ida/speccpu/clang/O1/bk_gcc-clang-O1-compilation-errors/add_label_notes')
('error:', "loop.c:2211:23: error: operand of type 'rtunion' (aka 'union rtunion_def') where arithmetic or pointer type is required")
('error:', 'loop.c:2233:28: error: expected expression')
('error:', 'loop.c:2239:30: error: expected expression')
***************** Next Function ******************
('func_count:', 47)
("func_name '", 'add_AT_int', "'")
('err_func:', '/data/maliha/decompilation/data/error_with_patch/ida/speccpu/clang/O1/bk_gcc-clang-O1-compilation-errors/add_AT_int')
('err_funcfile:', '/data/maliha/decompilation/data/error_with_patch/ida/speccpu/clang/O1/bk_gcc-clang-O1-compilation-errors/add_AT_int')
('error:', "dwarf2out.c:4855:35: error: must use 'enum' tag to refer to type 'dwarf_attribute'")
('error:', "dwarf2out.c:4855:7: error: conflicting types for 'add_AT_int'")
***************** Next Function ******************
('func_count:', 48)
("func_name '", 'bitmap_element_allocate', "'")
('err_func:', '/data/maliha/decompilation/data/error_with_patch/ida/speccpu/clang/O1/bk_gcc-clang-O1-compilation-errors/bitmap_element_allocate')
('err_funcfile:', '/data/maliha/decompilation/data/error_with_patch/ida/speccpu/clang/O1/bk_gcc-clang-O1-compilation-errors/bitmap_element_allocate')
('error:', 'bitmap.c:583:12: error: expected expression')
('error:', "bitmap.c:583:4: error: use of undeclared identifier '_OWORD'")
***************** Next Function ******************
('func_count:', 49)
("func_name '", 'asm_noperands', "'")
('err_func:', '/data/maliha/decompilation/data/error_with_patch/ida/speccpu/clang/O1/bk_gcc-clang-O1-compilation-errors/asm_noperands')
('err_funcfile:', '/data/maliha/decompilation/data/error_with_patch/ida/speccpu/clang/O1/bk_gcc-clang-O1-compilation-errors/asm_noperands')
('error:', "recog.c:1960:17: error: operand of type 'struct rtx_def' where arithmetic or pointer type is required")
('error:', "recog.c:1966:14: error: operand of type 'struct rtx_def' where arithmetic or pointer type is required")
***************** Next Function ******************
('func_count:', 50)
("func_name '", 'add_AT_location_description', "'")
('err_func:', '/data/maliha/decompilation/data/error_with_patch/ida/speccpu/clang/O1/bk_gcc-clang-O1-compilation-errors/add_AT_location_description')
('err_funcfile:', '/data/maliha/decompilation/data/error_with_patch/ida/speccpu/clang/O1/bk_gcc-clang-O1-compilation-errors/add_AT_location_description')
('error:', "dwarf2out.c:8996:52: error: must use 'enum' tag to refer to type 'dwarf_attribute'")
***************** Next Function ******************
('func_count:', 51)
("func_name '", 'alloc_rd_mem', "'")
('err_func:', '/data/maliha/decompilation/data/error_with_patch/ida/speccpu/clang/O1/bk_gcc-clang-O1-compilation-errors/alloc_rd_mem')
('err_funcfile:', '/data/maliha/decompilation/data/error_with_patch/ida/speccpu/clang/O1/bk_gcc-clang-O1-compilation-errors/alloc_rd_mem')
***************** Next Function ******************
('func_count:', 52)
("func_name '", 'add_dependence_list_and_free', "'")
('err_func:', '/data/maliha/decompilation/data/error_with_patch/ida/speccpu/clang/O1/bk_gcc-clang-O1-compilation-errors/add_dependence_list_and_free')
('err_funcfile:', '/data/maliha/decompilation/data/error_with_patch/ida/speccpu/clang/O1/bk_gcc-clang-O1-compilation-errors/add_dependence_list_and_free')
('error:', "sched-deps.c:834:59: error: must use 'enum' tag to refer to type 'reg_note'")
('error:', "sched-deps.c:845:26: error: operand of type 'struct rtx_def' where arithmetic or pointer type is required")
***************** Next Function ******************
('func_count:', 53)
("func_name '", 'add_insn_mem_dependence', "'")
('err_func:', '/data/maliha/decompilation/data/error_with_patch/ida/speccpu/clang/O1/bk_gcc-clang-O1-compilation-errors/add_insn_mem_dependence')
('err_funcfile:', '/data/maliha/decompilation/data/error_with_patch/ida/speccpu/clang/O1/bk_gcc-clang-O1-compilation-errors/add_insn_mem_dependence')
('error:', "sched-deps.c:962:32: error: unknown type name 'deps_0'")
***************** Next Function ******************
('func_count:', 54)
("func_name '", 'blocks_nreverse', "'")
('err_func:', '/data/maliha/decompilation/data/error_with_patch/ida/speccpu/clang/O1/bk_gcc-clang-O1-compilation-errors/blocks_nreverse')
('err_funcfile:', '/data/maliha/decompilation/data/error_with_patch/ida/speccpu/clang/O1/bk_gcc-clang-O1-compilation-errors/blocks_nreverse')
('error:', "function.c:6553:1: error: must use 'union' tag to refer to type 'tree_node'")
***************** Next Function ******************
('func_count:', 55)
("func_name '", 'based_loc_descr', "'")
('err_func:', '/data/maliha/decompilation/data/error_with_patch/ida/speccpu/clang/O1/bk_gcc-clang-O1-compilation-errors/based_loc_descr')
('err_funcfile:', '/data/maliha/decompilation/data/error_with_patch/ida/speccpu/clang/O1/bk_gcc-clang-O1-compilation-errors/based_loc_descr')
('error:', "dwarf2out.c:8149:19: error: conflicting types for 'based_loc_descr'")
('error:', "dwarf2out.c:8168:25: error: use of undeclared identifier 'dwarf_location_atom'")
('error:', "dwarf2out.c:8174:25: error: use of undeclared identifier 'dwarf_location_atom'")
***************** Next Function ******************
('func_count:', 56)
("func_name '", 'bitmap_element_free', "'")
('err_func:', '/data/maliha/decompilation/data/error_with_patch/ida/speccpu/clang/O1/bk_gcc-clang-O1-compilation-errors/bitmap_element_free')
('err_funcfile:', '/data/maliha/decompilation/data/error_with_patch/ida/speccpu/clang/O1/bk_gcc-clang-O1-compilation-errors/bitmap_element_free')
***************** Next Function ******************
('func_count:', 57)
("func_name '", 'array_size_for_constructor', "'")
('err_func:', '/data/maliha/decompilation/data/error_with_patch/ida/speccpu/clang/O1/bk_gcc-clang-O1-compilation-errors/array_size_for_constructor')
('err_funcfile:', '/data/maliha/decompilation/data/error_with_patch/ida/speccpu/clang/O1/bk_gcc-clang-O1-compilation-errors/array_size_for_constructor')
('error:', "varasm.c:5116:1: error: must use 'union' tag to refer to type 'tree_node'")
('error:', "varasm.c:5118:1: error: must use 'union' tag to refer to type 'tree_node'")
('error:', "varasm.c:5119:1: error: must use 'union' tag to refer to type 'tree_node'")
('error:', "varasm.c:5120:1: error: must use 'union' tag to refer to type 'tree_node'")
('error:', "varasm.c:5121:1: error: must use 'union' tag to refer to type 'tree_node'")
('error:', "varasm.c:5122:1: error: must use 'union' tag to refer to type 'tree_node'")
('error:', "varasm.c:5123:1: error: must use 'union' tag to refer to type 'tree_node'")
('error:', 'varasm.c:5135:19: error: expected expression')
('error:', "varasm.c:5135:8: error: use of undeclared identifier 'tree_node'")
***************** Next Function ******************
('func_count:', 58)
("func_name '", 'add_scope_stmt', "'")
('err_func:', '/data/maliha/decompilation/data/error_with_patch/ida/speccpu/clang/O1/bk_gcc-clang-O1-compilation-errors/add_scope_stmt')
('err_funcfile:', '/data/maliha/decompilation/data/error_with_patch/ida/speccpu/clang/O1/bk_gcc-clang-O1-compilation-errors/add_scope_stmt')
('error:', "c-semantics.c:590:1: error: must use 'union' tag to refer to type 'tree_node'")
***************** Next Function ******************
('func_count:', 59)
("func_name '", 'alloc_aux_for_blocks', "'")
('err_func:', '/data/maliha/decompilation/data/error_with_patch/ida/speccpu/clang/O1/bk_gcc-clang-O1-compilation-errors/alloc_aux_for_blocks')
('err_funcfile:', '/data/maliha/decompilation/data/error_with_patch/ida/speccpu/clang/O1/bk_gcc-clang-O1-compilation-errors/alloc_aux_for_blocks')
('error:', "cfg.c:1089:6: error: use of undeclared identifier 'alloc_aux_for_blocks_initialized'")
('error:', "cfg.c:1097:1: error: use of undeclared identifier 'alloc_aux_for_blocks_initialized'")
***************** Next Function ******************
('func_count:', 60)
("func_name '", '_fatal_insn', "'")
('err_func:', '/data/maliha/decompilation/data/error_with_patch/ida/speccpu/clang/O1/bk_gcc-clang-O1-compilation-errors/_fatal_insn')
('err_funcfile:', '/data/maliha/decompilation/data/error_with_patch/ida/speccpu/clang/O1/bk_gcc-clang-O1-compilation-errors/_fatal_insn')
('error:', 'rtl-error.c:576:49: error: too many arguments provided to function-like macro invocation')
('error:', "rtl-error.c:576:8: error: variable has incomplete type 'void'")
('error:', "rtl-error.c:576:18: error: expected ';' after top level declarator")
('error:', "rtl-error.c:592:1: error: expected identifier or '('")
***************** Next Function ******************
('func_count:', 61)
("func_name '", 'assemble_zeros', "'")
('err_func:', '/data/maliha/decompilation/data/error_with_patch/ida/speccpu/clang/O1/bk_gcc-clang-O1-compilation-errors/assemble_zeros')
('err_funcfile:', '/data/maliha/decompilation/data/error_with_patch/ida/speccpu/clang/O1/bk_gcc-clang-O1-compilation-errors/assemble_zeros')
('error:', "varasm.c:1759:40: error: use of undeclared identifier 'off_6E2E28'")
***************** Next Function ******************
('func_count:', 62)
("func_name '", 'assemble_name', "'")
('err_func:', '/data/maliha/decompilation/data/error_with_patch/ida/speccpu/clang/O1/bk_gcc-clang-O1-compilation-errors/assemble_name')
('err_funcfile:', '/data/maliha/decompilation/data/error_with_patch/ida/speccpu/clang/O1/bk_gcc-clang-O1-compilation-errors/assemble_name')
***************** Next Function ******************
('func_count:', 63)
("func_name '", 'assign_stack_temp_for_type', "'")
('err_func:', '/data/maliha/decompilation/data/error_with_patch/ida/speccpu/clang/O1/bk_gcc-clang-O1-compilation-errors/assign_stack_temp_for_type')
('err_funcfile:', '/data/maliha/decompilation/data/error_with_patch/ida/speccpu/clang/O1/bk_gcc-clang-O1-compilation-errors/assign_stack_temp_for_type')
('error:', "function.c:1123:34: error: must use 'enum' tag to refer to type 'machine_mode'")
('error:', "function.c:1151:1: error: must use 'union' tag to refer to type 'tree_node'")
***************** Next Function ******************
('func_count:', 64)
("func_name '", 'assemble_real', "'")
('err_func:', '/data/maliha/decompilation/data/error_with_patch/ida/speccpu/clang/O1/bk_gcc-clang-O1-compilation-errors/assemble_real')
('err_funcfile:', '/data/maliha/decompilation/data/error_with_patch/ida/speccpu/clang/O1/bk_gcc-clang-O1-compilation-errors/assemble_real')
('error:', "varasm.c:2480:22: error: must use 'enum' tag to refer to type 'machine_mode'")
('error:', "varasm.c:2480:7: error: conflicting types for 'assemble_real'")
('error:', "varasm.c:2504:13: error: passing 'long long *' to parameter of incompatible type 'realvaluetype'")
('error:', "varasm.c:2511:14: error: passing 'long long *' to parameter of incompatible type 'realvaluetype'")
('error:', "varasm.c:2513:14: error: passing 'long long *' to parameter of incompatible type 'realvaluetype'")
('error:', "varasm.c:2522:14: error: passing 'long long *' to parameter of incompatible type 'realvaluetype'")
('error:', "varasm.c:2524:14: error: passing 'long long *' to parameter of incompatible type 'realvaluetype'")
***************** Next Function ******************
('func_count:', 65)
("func_name '", 'any_uncondjump_p', "'")
('err_func:', '/data/maliha/decompilation/data/error_with_patch/ida/speccpu/clang/O1/bk_gcc-clang-O1-compilation-errors/any_uncondjump_p')
('err_funcfile:', '/data/maliha/decompilation/data/error_with_patch/ida/speccpu/clang/O1/bk_gcc-clang-O1-compilation-errors/any_uncondjump_p')
***************** Next Function ******************
('func_count:', 66)
("func_name '", 'assign_stack_local_1', "'")
('err_func:', '/data/maliha/decompilation/data/error_with_patch/ida/speccpu/clang/O1/bk_gcc-clang-O1-compilation-errors/assign_stack_local_1')
('err_funcfile:', '/data/maliha/decompilation/data/error_with_patch/ida/speccpu/clang/O1/bk_gcc-clang-O1-compilation-errors/assign_stack_local_1')
('error:', "function.c:1002:28: error: must use 'enum' tag to refer to type 'machine_mode'")
('error:', "function.c:1006:1: error: must use 'union' tag to refer to type 'tree_node'")
('error:', 'function.c:1051:15: error: expected expression')
***************** Next Function ******************
('func_count:', 67)
("func_name '", 'add_name_and_src_coords_attributes', "'")
('err_func:', '/data/maliha/decompilation/data/error_with_patch/ida/speccpu/clang/O1/bk_gcc-clang-O1-compilation-errors/add_name_and_src_coords_attributes')
('err_funcfile:', '/data/maliha/decompilation/data/error_with_patch/ida/speccpu/clang/O1/bk_gcc-clang-O1-compilation-errors/add_name_and_src_coords_attributes')
('error:', "dwarf2out.c:9972:1: error: must use 'union' tag to refer to type 'tree_node'")
***************** Next Function ******************
('func_count:', 68)
("func_name '", 'balance_case_nodes', "'")
('err_func:', '/data/maliha/decompilation/data/error_with_patch/ida/speccpu/clang/O1/bk_gcc-clang-O1-compilation-errors/balance_case_nodes')
('err_funcfile:', '/data/maliha/decompilation/data/error_with_patch/ida/speccpu/clang/O1/bk_gcc-clang-O1-compilation-errors/balance_case_nodes')
***************** Next Function ******************
('func_count:', 69)
("func_name '", 'break_out_memory_refs', "'")
('err_func:', '/data/maliha/decompilation/data/error_with_patch/ida/speccpu/clang/O1/bk_gcc-clang-O1-compilation-errors/break_out_memory_refs')
('err_funcfile:', '/data/maliha/decompilation/data/error_with_patch/ida/speccpu/clang/O1/bk_gcc-clang-O1-compilation-errors/break_out_memory_refs')
('error:', "explow.c:820:55: error: operand of type 'struct rtx_def' where arithmetic or pointer type is required")
('error:', "explow.c:823:3: error: use of undeclared identifier 'rtx_code'; did you mean 'rtx_cost'?")
('error:', "explow.c:823:12: error: invalid operands to binary expression ('int (rtx, enum rtx_code)' (aka 'int (struct rtx_def *, enum rtx_code)') and 'uint16 *' (aka 'unsigned short *'))")
('error:', "explow.c:824:3: error: use of undeclared identifier 'machine_mode'")
('error:', "explow.c:831:21: error: use of undeclared identifier 'machine_mode'")
***************** Next Function ******************
('func_count:', 70)
("func_name '", 'address_operand', "'")
('err_func:', '/data/maliha/decompilation/data/error_with_patch/ida/speccpu/clang/O1/bk_gcc-clang-O1-compilation-errors/address_operand')
('err_funcfile:', '/data/maliha/decompilation/data/error_with_patch/ida/speccpu/clang/O1/bk_gcc-clang-O1-compilation-errors/address_operand')
('error:', "recog.c:1482:31: error: must use 'enum' tag to refer to type 'machine_mode'")
***************** Next Function ******************
('func_count:', 71)
("func_name '", 'attribute_hash_list', "'")
('err_func:', '/data/maliha/decompilation/data/error_with_patch/ida/speccpu/clang/O1/bk_gcc-clang-O1-compilation-errors/attribute_hash_list')
('err_funcfile:', '/data/maliha/decompilation/data/error_with_patch/ida/speccpu/clang/O1/bk_gcc-clang-O1-compilation-errors/attribute_hash_list')
***************** Next Function ******************
('func_count:', 72)
("func_name '", 'binary_fp_operator', "'")
('err_func:', '/data/maliha/decompilation/data/error_with_patch/ida/speccpu/clang/O1/bk_gcc-clang-O1-compilation-errors/binary_fp_operator')
('err_funcfile:', '/data/maliha/decompilation/data/error_with_patch/ida/speccpu/clang/O1/bk_gcc-clang-O1-compilation-errors/binary_fp_operator')
('error:', "i386.c:3863:34: error: must use 'enum' tag to refer to type 'machine_mode'")
('error:', "i386.c:3873:17: error: must use 'enum' tag to refer to type 'mode_class'")
('error:', "i386.c:3873:41: error: use of undeclared identifier 'mode_class_0'")
***************** Next Function ******************
('func_count:', 73)
("func_name '", 'added_clobbers_hard_reg_p', "'")
('err_func:', '/data/maliha/decompilation/data/error_with_patch/ida/speccpu/clang/O1/bk_gcc-clang-O1-compilation-errors/added_clobbers_hard_reg_p')
('err_funcfile:', '/data/maliha/decompilation/data/error_with_patch/ida/speccpu/clang/O1/bk_gcc-clang-O1-compilation-errors/added_clobbers_hard_reg_p')
***************** Next Function ******************
('func_count:', 74)
("func_name '", 'add_name_attribute', "'")
('err_func:', '/data/maliha/decompilation/data/error_with_patch/ida/speccpu/clang/O1/bk_gcc-clang-O1-compilation-errors/add_name_attribute')
('err_funcfile:', '/data/maliha/decompilation/data/error_with_patch/ida/speccpu/clang/O1/bk_gcc-clang-O1-compilation-errors/add_name_attribute')
***************** Next Function ******************
('func_count:', 75)
("func_name '", 'add_ttypes_entry', "'")
('err_func:', '/data/maliha/decompilation/data/error_with_patch/ida/speccpu/clang/O1/bk_gcc-clang-O1-compilation-errors/add_ttypes_entry')
('err_funcfile:', '/data/maliha/decompilation/data/error_with_patch/ida/speccpu/clang/O1/bk_gcc-clang-O1-compilation-errors/add_ttypes_entry')
***************** Next Function ******************
('func_count:', 76)
("func_name '", 'add_mem_for_addr', "'")
('err_func:', '/data/maliha/decompilation/data/error_with_patch/ida/speccpu/clang/O1/bk_gcc-clang-O1-compilation-errors/add_mem_for_addr')
('err_funcfile:', '/data/maliha/decompilation/data/error_with_patch/ida/speccpu/clang/O1/bk_gcc-clang-O1-compilation-errors/add_mem_for_addr')
***************** Next Function ******************
('func_count:', 77)
("func_name '", 'arith_or_logical_operator', "'")
('err_func:', '/data/maliha/decompilation/data/error_with_patch/ida/speccpu/clang/O1/bk_gcc-clang-O1-compilation-errors/arith_or_logical_operator')
('err_funcfile:', '/data/maliha/decompilation/data/error_with_patch/ida/speccpu/clang/O1/bk_gcc-clang-O1-compilation-errors/arith_or_logical_operator')
('error:', "i386.c:3900:41: error: must use 'enum' tag to refer to type 'machine_mode'")
***************** Next Function ******************
('func_count:', 78)
("func_name '", 'bitmap_print', "'")
('err_func:', '/data/maliha/decompilation/data/error_with_patch/ida/speccpu/clang/O1/bk_gcc-clang-O1-compilation-errors/bitmap_print')
('err_funcfile:', '/data/maliha/decompilation/data/error_with_patch/ida/speccpu/clang/O1/bk_gcc-clang-O1-compilation-errors/bitmap_print')
('error:', 'clang: error: linker command failed with exit code 1 (use -v to see invocation)')
***************** Next Function ******************
('func_count:', 79)
("func_name '", 'add_AT_float', "'")
('err_func:', '/data/maliha/decompilation/data/error_with_patch/ida/speccpu/clang/O1/bk_gcc-clang-O1-compilation-errors/add_AT_float')
('err_funcfile:', '/data/maliha/decompilation/data/error_with_patch/ida/speccpu/clang/O1/bk_gcc-clang-O1-compilation-errors/add_AT_float')
('error:', "dwarf2out.c:4928:37: error: must use 'enum' tag to refer to type 'dwarf_attribute'")
('error:', "dwarf2out.c:4928:7: error: conflicting types for 'add_AT_float'")
***************** Next Function ******************
('func_count:', 80)
("func_name '", '_cpp_simplify_pathname', "'")
('err_func:', '/data/maliha/decompilation/data/error_with_patch/ida/speccpu/clang/O1/bk_gcc-clang-O1-compilation-errors/_cpp_simplify_pathname')
('err_funcfile:', '/data/maliha/decompilation/data/error_with_patch/ida/speccpu/clang/O1/bk_gcc-clang-O1-compilation-errors/_cpp_simplify_pathname')
('error:', 'clang: error: linker command failed with exit code 1 (use -v to see invocation)')
***************** Next Function ******************
('func_count:', 81)
("func_name '", 'bitmap_element_link', "'")
('err_func:', '/data/maliha/decompilation/data/error_with_patch/ida/speccpu/clang/O1/bk_gcc-clang-O1-compilation-errors/bitmap_element_link')
('err_funcfile:', '/data/maliha/decompilation/data/error_with_patch/ida/speccpu/clang/O1/bk_gcc-clang-O1-compilation-errors/bitmap_element_link')
('error:', 'bitmap.c:687:12: error: expected expression')
('error:', "bitmap.c:687:4: error: use of undeclared identifier '_OWORD'")
***************** Next Function ******************
('func_count:', 82)
("func_name '", 'anon_aggr_type_p', "'")
('err_func:', '/data/maliha/decompilation/data/error_with_patch/ida/speccpu/clang/O1/bk_gcc-clang-O1-compilation-errors/anon_aggr_type_p')
('err_funcfile:', '/data/maliha/decompilation/data/error_with_patch/ida/speccpu/clang/O1/bk_gcc-clang-O1-compilation-errors/anon_aggr_type_p')
***************** Next Function ******************
('func_count:', 83)
("func_name '", '_cpp_do__Pragma', "'")
('err_func:', '/data/maliha/decompilation/data/error_with_patch/ida/speccpu/clang/O1/bk_gcc-clang-O1-compilation-errors/_cpp_do__Pragma')
('err_funcfile:', '/data/maliha/decompilation/data/error_with_patch/ida/speccpu/clang/O1/bk_gcc-clang-O1-compilation-errors/_cpp_do__Pragma')
('error:', "cpplib.c:1700:23: error: unknown type name 'cpp_reader_0'; did you mean 'cpp_reader'?")
('error:', "cpplib.c:1702:7: error: unknown type name 'cpp_token_0'; did you mean 'cpp_token'?")
('error:', "cpplib.c:1709:37: error: unknown type name 'cpp_string_0'; did you mean 'cpp_string'?")
***************** Next Function ******************
('func_count:', 84)
("func_name '", 'adjust_automodify_address_1', "'")
('err_func:', '/data/maliha/decompilation/data/error_with_patch/ida/speccpu/clang/O1/bk_gcc-clang-O1-compilation-errors/adjust_automodify_address_1')
('err_funcfile:', '/data/maliha/decompilation/data/error_with_patch/ida/speccpu/clang/O1/bk_gcc-clang-O1-compilation-errors/adjust_automodify_address_1')
('error:', "emit-rtl.c:2505:47: error: must use 'enum' tag to refer to type 'machine_mode'")
***************** Next Function ******************
('func_count:', 85)
("func_name '", '_cpp_init_tokenrun', "'")
('err_func:', '/data/maliha/decompilation/data/error_with_patch/ida/speccpu/clang/O1/bk_gcc-clang-O1-compilation-errors/_cpp_init_tokenrun')
('err_funcfile:', '/data/maliha/decompilation/data/error_with_patch/ida/speccpu/clang/O1/bk_gcc-clang-O1-compilation-errors/_cpp_init_tokenrun')
('error:', "cpplex.c:1216:26: error: unknown type name 'tokenrun_0'; did you mean 'tokenrun'?")
('error:', "cpplex.c:1218:1: error: unknown type name 'cpp_token_0'; did you mean 'cpp_token'?")
('error:', 'cpplex.c:1220:21: error: expected expression')
('error:', "cpplex.c:1220:8: error: use of undeclared identifier 'cpp_token_0'")
***************** Next Function ******************
('func_count:', 86)
("func_name '", 'block_ultimate_origin', "'")
('err_func:', '/data/maliha/decompilation/data/error_with_patch/ida/speccpu/clang/O1/bk_gcc-clang-O1-compilation-errors/block_ultimate_origin')
('err_funcfile:', '/data/maliha/decompilation/data/error_with_patch/ida/speccpu/clang/O1/bk_gcc-clang-O1-compilation-errors/block_ultimate_origin')
***************** Next Function ******************
('func_count:', 87)
("func_name '", '_cpp_begin_message', "'")
('err_func:', '/data/maliha/decompilation/data/error_with_patch/ida/speccpu/clang/O1/bk_gcc-clang-O1-compilation-errors/_cpp_begin_message')
('err_funcfile:', '/data/maliha/decompilation/data/error_with_patch/ida/speccpu/clang/O1/bk_gcc-clang-O1-compilation-errors/_cpp_begin_message')
('error:', "cpperror.c:545:25: error: unknown type name 'cpp_reader_0'; did you mean 'cpp_reader'?")
('error:', "cpperror.c:545:46: error: must use 'enum' tag to refer to type 'error_type'")
***************** Next Function ******************
('func_count:', 88)
("func_name '", 'add_child_die', "'")
('err_func:', '/data/maliha/decompilation/data/error_with_patch/ida/speccpu/clang/O1/bk_gcc-clang-O1-compilation-errors/add_child_die')
('err_funcfile:', '/data/maliha/decompilation/data/error_with_patch/ida/speccpu/clang/O1/bk_gcc-clang-O1-compilation-errors/add_child_die')
***************** Next Function ******************
('func_count:', 89)
("func_name '", 'bit_position', "'")
('err_func:', '/data/maliha/decompilation/data/error_with_patch/ida/speccpu/clang/O1/bk_gcc-clang-O1-compilation-errors/bit_position')
('err_funcfile:', '/data/maliha/decompilation/data/error_with_patch/ida/speccpu/clang/O1/bk_gcc-clang-O1-compilation-errors/bit_position')
***************** Next Function ******************
('func_count:', 90)
("func_name '", '_cpp_lex_token', "'")
('err_func:', '/data/maliha/decompilation/data/error_with_patch/ida/speccpu/clang/O1/bk_gcc-clang-O1-compilation-errors/_cpp_lex_token')
('err_funcfile:', '/data/maliha/decompilation/data/error_with_patch/ida/speccpu/clang/O1/bk_gcc-clang-O1-compilation-errors/_cpp_lex_token')
('error:', "cpplex.c:1267:7: error: unknown type name 'cpp_token_0'; did you mean 'cpp_token'?")
('error:', "cpplex.c:1267:36: error: unknown type name 'cpp_reader_0'; did you mean 'cpp_reader'?")
('error:', "cpplex.c:1269:1: error: unknown type name 'tokenrun_0'; did you mean 'tokenrun'?")
('error:', "cpplex.c:1270:1: error: unknown type name 'tokenrun_0'; did you mean 'tokenrun'?")
('error:', "cpplex.c:1272:1: error: unknown type name 'cpp_token_0'; did you mean 'cpp_token'?")
('error:', "cpplex.c:1274:23: error: unknown type name 'cpp_reader_0'; did you mean 'cpp_reader'?")
('error:', "cpplex.c:1274:45: error: unknown type name 'cpp_token_0'; did you mean 'cpp_token'?")
('error:', "cpplex.c:1283:18: error: expected identifier or '('")
***************** Next Function ******************
('func_count:', 91)
("func_name '", 'adjust_offset_for_component_ref', "'")
('err_func:', '/data/maliha/decompilation/data/error_with_patch/ida/speccpu/clang/O1/bk_gcc-clang-O1-compilation-errors/adjust_offset_for_component_ref')
('err_funcfile:', '/data/maliha/decompilation/data/error_with_patch/ida/speccpu/clang/O1/bk_gcc-clang-O1-compilation-errors/adjust_offset_for_component_ref')
('error:', "alias.c:2350:23: error: operand of type 'rtunion' (aka 'union rtunion_def') where arithmetic or pointer type is required")
***************** Next Function ******************
('func_count:', 92)
("func_name '", '_cpp_lex_direct', "'")
('err_func:', '/data/maliha/decompilation/data/error_with_patch/ida/speccpu/clang/O1/bk_gcc-clang-O1-compilation-errors/_cpp_lex_direct')
('err_funcfile:', '/data/maliha/decompilation/data/error_with_patch/ida/speccpu/clang/O1/bk_gcc-clang-O1-compilation-errors/_cpp_lex_direct')
('error:', "cpplex.c:1339:1: error: unknown type name 'cpp_token_0'; did you mean 'cpp_token'?")
('error:', "cpplex.c:1339:31: error: unknown type name 'cpp_reader_0'; did you mean 'cpp_reader'?")
('error:', "cpplex.c:1341:1: error: unknown type name 'cpp_token_0'; did you mean 'cpp_token'?")
('error:', "cpplex.c:1342:1: error: unknown type name 'cpp_buffer_0'; did you mean 'cpp_buffer'?")
('error:', "cpplex.c:1365:1: error: unknown type name 'cpp_hashnode_0'; did you mean 'cpp_hashnode'?")
('error:', "cpplex.c:1580:13: error: use of undeclared identifier 'sch_istable'; did you mean '_sch_istable'?")
('error:', 'cpplex.c:1583:40: error: expected expression')
('error:', "cpplex.c:1583:26: error: use of undeclared identifier 'cpp_string_0'")
('error:', 'cpplex.c:1645:40: error: expected expression')
('error:', "cpplex.c:1645:26: error: use of undeclared identifier 'cpp_string_0'")
***************** Next Function ******************
('func_count:', 93)
("func_name '", '_fatal_insn_not_found', "'")
('err_func:', '/data/maliha/decompilation/data/error_with_patch/ida/speccpu/clang/O1/bk_gcc-clang-O1-compilation-errors/_fatal_insn_not_found')
('err_funcfile:', '/data/maliha/decompilation/data/error_with_patch/ida/speccpu/clang/O1/bk_gcc-clang-O1-compilation-errors/_fatal_insn_not_found')
('error:', 'rtl-error.c:594:40: error: too many arguments provided to function-like macro invocation')
('error:', "rtl-error.c:594:8: error: variable has incomplete type 'void'")
('error:', "rtl-error.c:594:28: error: expected ';' after top level declarator")
('error:', 'rtl-error.c:597:43: error: too many arguments provided to function-like macro invocation')
('error:', 'rtl-error.c:598:61: error: too many arguments provided to function-like macro invocation')
***************** Next Function ******************
('func_count:', 94)
("func_name '", 'add_AT_die_ref', "'")
('err_func:', '/data/maliha/decompilation/data/error_with_patch/ida/speccpu/clang/O1/bk_gcc-clang-O1-compilation-errors/add_AT_die_ref')
('err_funcfile:', '/data/maliha/decompilation/data/error_with_patch/ida/speccpu/clang/O1/bk_gcc-clang-O1-compilation-errors/add_AT_die_ref')
('error:', "dwarf2out.c:5028:39: error: must use 'enum' tag to refer to type 'dwarf_attribute'")
***************** Next Function ******************
('func_count:', 95)
("func_name '", 'alloc_aux_for_edges', "'")
('err_func:', '/data/maliha/decompilation/data/error_with_patch/ida/speccpu/clang/O1/bk_gcc-clang-O1-compilation-errors/alloc_aux_for_edges')
('err_funcfile:', '/data/maliha/decompilation/data/error_with_patch/ida/speccpu/clang/O1/bk_gcc-clang-O1-compilation-errors/alloc_aux_for_edges')
('error:', "cfg.c:1169:6: error: use of undeclared identifier 'alloc_aux_for_edges_initialized'")
('error:', "cfg.c:1177:1: error: use of undeclared identifier 'alloc_aux_for_edges_initialized'")
***************** Next Function ******************
('func_count:', 96)
("func_name '", 'adjust_trampoline_addr', "'")
('err_func:', '/data/maliha/decompilation/data/error_with_patch/ida/speccpu/clang/O1/bk_gcc-clang-O1-compilation-errors/adjust_trampoline_addr')
('err_funcfile:', '/data/maliha/decompilation/data/error_with_patch/ida/speccpu/clang/O1/bk_gcc-clang-O1-compilation-errors/adjust_trampoline_addr')
***************** Next Function ******************
('func_count:', 97)
("func_name '", 'bitmap_set_bit', "'")
('err_func:', '/data/maliha/decompilation/data/error_with_patch/ida/speccpu/clang/O1/bk_gcc-clang-O1-compilation-errors/bitmap_set_bit')
('err_funcfile:', '/data/maliha/decompilation/data/error_with_patch/ida/speccpu/clang/O1/bk_gcc-clang-O1-compilation-errors/bitmap_set_bit')
***************** Next Function ******************
('func_count:', 98)
("func_name '", 'asprintf', "'")
('err_func:', '/data/maliha/decompilation/data/error_with_patch/ida/speccpu/clang/O1/bk_gcc-clang-O1-compilation-errors/asprintf')
('err_funcfile:', '/data/maliha/decompilation/data/error_with_patch/ida/speccpu/clang/O1/bk_gcc-clang-O1-compilation-errors/asprintf')
('error:', "asprintf.c:510:10: error: expected ';' after top level declarator")
('error:', "asprintf.c:510:11: error: expected identifier or '('")
***************** Next Function ******************
('func_count:', 99)
("func_name '", 'binary_op_error', "'")
('err_func:', '/data/maliha/decompilation/data/error_with_patch/ida/speccpu/clang/O1/bk_gcc-clang-O1-compilation-errors/binary_op_error')
('err_funcfile:', '/data/maliha/decompilation/data/error_with_patch/ida/speccpu/clang/O1/bk_gcc-clang-O1-compilation-errors/binary_op_error')
('error:', "c-common.c:2041:24: error: must use 'enum' tag to refer to type 'tree_code'")
('error:', "c-common.c:2065:6: error: use of undeclared identifier 'off_63B09B'")
***************** Next Function ******************
('func_count:', 100)
("func_name '", 'asm_fprintf', "'")
('err_func:', '/data/maliha/decompilation/data/error_with_patch/ida/speccpu/clang/O1/bk_gcc-clang-O1-compilation-errors/asm_fprintf')
('err_funcfile:', '/data/maliha/decompilation/data/error_with_patch/ida/speccpu/clang/O1/bk_gcc-clang-O1-compilation-errors/asm_fprintf')
('error:', "final.c:4017:30: error: use of undeclared identifier 'sch_istable'; did you mean '_sch_istable'?")
('error:', "final.c:4029:11: error: use of undeclared identifier 'sch_istable'; did you mean '_sch_istable'?")
***************** Next Function ******************
('func_count:', 101)
("func_name '", 'blockage_range', "'")
('err_func:', '/data/maliha/decompilation/data/error_with_patch/ida/speccpu/clang/O1/bk_gcc-clang-O1-compilation-errors/blockage_range')
('err_funcfile:', '/data/maliha/decompilation/data/error_with_patch/ida/speccpu/clang/O1/bk_gcc-clang-O1-compilation-errors/blockage_range')
***************** Next Function ******************
('func_count:', 102)
("func_name '", 'alias_sets_conflict_p', "'")
('err_func:', '/data/maliha/decompilation/data/error_with_patch/ida/speccpu/clang/O1/bk_gcc-clang-O1-compilation-errors/alias_sets_conflict_p')
('err_funcfile:', '/data/maliha/decompilation/data/error_with_patch/ida/speccpu/clang/O1/bk_gcc-clang-O1-compilation-errors/alias_sets_conflict_p')
('error:', "alias.c:714:1: error: unknown type name 'alias_set_entry_0'; did you mean 'alias_set_entry'?")
('error:', "alias.c:715:1: error: use of undeclared identifier 'alias_set_entry_0'; did you mean 'alias_set_entry'?")
('error:', "alias.c:715:1: error: must use 'struct' tag to refer to type 'alias_set_entry'")
('error:', "alias.c:724:25: error: expected identifier or '('")
('error:', "alias.c:727:4: error: assigning to 'struct alias_set_entry' from incompatible type 'alias_set_entry' (aka 'struct alias_set_entry *'); dereference with *")
('error:', "alias.c:728:6: error: invalid argument type 'struct alias_set_entry' to unary expression")
('error:', "alias.c:728:16: error: member reference type 'struct alias_set_entry' is not a pointer; did you mean to use '.'?")
('error:', "alias.c:728:58: error: member reference type 'struct alias_set_entry' is not a pointer; did you mean to use '.'?")
***************** Next Function ******************
('func_count:', 103)
("func_name '", 'bitmap_initialize', "'")
('err_func:', '/data/maliha/decompilation/data/error_with_patch/ida/speccpu/clang/O1/bk_gcc-clang-O1-compilation-errors/bitmap_initialize')
('err_funcfile:', '/data/maliha/decompilation/data/error_with_patch/ida/speccpu/clang/O1/bk_gcc-clang-O1-compilation-errors/bitmap_initialize')
('error:', 'bitmap.c:1191:12: error: expected expression')
('error:', "bitmap.c:1191:4: error: use of undeclared identifier '_OWORD'")
***************** Next Function ******************
('func_count:', 104)
("func_name '", 'add_case_node', "'")
('err_func:', '/data/maliha/decompilation/data/error_with_patch/ida/speccpu/clang/O1/bk_gcc-clang-O1-compilation-errors/add_case_node')
('err_funcfile:', '/data/maliha/decompilation/data/error_with_patch/ida/speccpu/clang/O1/bk_gcc-clang-O1-compilation-errors/add_case_node')
('error:', "stmt.c:5137:1: error: must use 'union' tag to refer to type 'tree_node'")
('error:', "stmt.c:5142:1: error: must use 'union' tag to refer to type 'tree_node'")
('error:', "stmt.c:5203:6: error: assigning to 'struct rtx_def' from incompatible type 'long long'")
('error:', "stmt.c:5209:13: error: operand of type 'struct rtx_def' where arithmetic or pointer type is required")
('error:', "stmt.c:5223:24: error: operand of type 'rtunion' (aka 'union rtunion_def') where arithmetic or pointer type is required")
('error:', "stmt.c:5240:15: error: operand of type 'struct rtx_def' where arithmetic or pointer type is required")
('error:', "stmt.c:5264:15: error: operand of type 'struct rtx_def' where arithmetic or pointer type is required")
('error:', "stmt.c:5287:20: error: operand of type 'struct rtx_def' where arithmetic or pointer type is required")
('error:', "stmt.c:5310:15: error: operand of type 'struct rtx_def' where arithmetic or pointer type is required")
('error:', "stmt.c:5328:15: error: operand of type 'struct rtx_def' where arithmetic or pointer type is required")
***************** Next Function ******************
('func_count:', 105)
("func_name '", 'bitmap_clear', "'")
('err_func:', '/data/maliha/decompilation/data/error_with_patch/ida/speccpu/clang/O1/bk_gcc-clang-O1-compilation-errors/bitmap_clear')
('err_funcfile:', '/data/maliha/decompilation/data/error_with_patch/ida/speccpu/clang/O1/bk_gcc-clang-O1-compilation-errors/bitmap_clear')
('error:', 'bitmap.c:712:12: error: expected expression')
('error:', "bitmap.c:712:4: error: use of undeclared identifier '_OWORD'")
***************** Next Function ******************
('func_count:', 106)
("func_name '", 'adjust_column', "'")
('err_func:', '/data/maliha/decompilation/data/error_with_patch/ida/speccpu/clang/O1/bk_gcc-clang-O1-compilation-errors/adjust_column')
('err_funcfile:', '/data/maliha/decompilation/data/error_with_patch/ida/speccpu/clang/O1/bk_gcc-clang-O1-compilation-errors/adjust_column')
('error:', "cpplex.c:798:22: error: unknown type name 'cpp_reader_0'; did you mean 'cpp_reader'?")
***************** Next Function ******************
('func_count:', 107)
("func_name '", 'biv_total_increment', "'")
('err_func:', '/data/maliha/decompilation/data/error_with_patch/ida/speccpu/clang/O1/bk_gcc-clang-O1-compilation-errors/biv_total_increment')
('err_funcfile:', '/data/maliha/decompilation/data/error_with_patch/ida/speccpu/clang/O1/bk_gcc-clang-O1-compilation-errors/biv_total_increment')
('error:', "unroll.c:2924:1: error: use of undeclared identifier 'induction_1'")
('error:', "unroll.c:2924:14: error: use of undeclared identifier 'biv'; did you mean 'div'?")
('error:', "unroll.c:2929:1: error: use of undeclared identifier 'biv'")
('error:', "unroll.c:2930:7: error: use of undeclared identifier 'biv'; did you mean 'div'?")
('error:', "unroll.c:2934:19: error: use of undeclared identifier 'biv'")
('error:', "unroll.c:2938:6: error: use of undeclared identifier 'biv'")
('error:', "unroll.c:2940:48: error: use of undeclared identifier 'biv'")
('error:', "unroll.c:2940:62: error: use of undeclared identifier 'biv'")
('error:', "unroll.c:2941:1: error: use of undeclared identifier 'biv'")
('error:', "unroll.c:2941:7: error: use of undeclared identifier 'biv'")
('error:', "unroll.c:2943:6: error: use of undeclared identifier 'biv'; did you mean 'div'?")
***************** Next Function ******************
('func_count:', 108)
("func_name '", '_cpp_pop_context', "'")
('err_func:', '/data/maliha/decompilation/data/error_with_patch/ida/speccpu/clang/O1/bk_gcc-clang-O1-compilation-errors/_cpp_pop_context')
('err_funcfile:', '/data/maliha/decompilation/data/error_with_patch/ida/speccpu/clang/O1/bk_gcc-clang-O1-compilation-errors/_cpp_pop_context')
('error:', "cppmacro.c:1444:24: error: unknown type name 'cpp_reader_0'; did you mean 'cpp_reader'?")
('error:', "cppmacro.c:1447:1: error: unknown type name 'cpp_hashnode_0'; did you mean 'cpp_hashnode'?")
('error:', "cppmacro.c:1448:1: error: unknown type name '_cpp_buff_0'; did you mean '_cpp_buff'?")
***************** Next Function ******************
('func_count:', 109)
("func_name '", 'actual_hazard_this_instance', "'")
('err_func:', '/data/maliha/decompilation/data/error_with_patch/ida/speccpu/clang/O1/bk_gcc-clang-O1-compilation-errors/actual_hazard_this_instance')
('err_funcfile:', '/data/maliha/decompilation/data/error_with_patch/ida/speccpu/clang/O1/bk_gcc-clang-O1-compilation-errors/actual_hazard_this_instance')
('error:', "haifa-sched.c:485:1: error: 'inline' can only appear on functions")
***************** Next Function ******************
('func_count:', 110)
("func_name '", 'avoid_constant_pool_reference', "'")
('err_func:', '/data/maliha/decompilation/data/error_with_patch/ida/speccpu/clang/O1/bk_gcc-clang-O1-compilation-errors/avoid_constant_pool_reference')
('err_funcfile:', '/data/maliha/decompilation/data/error_with_patch/ida/speccpu/clang/O1/bk_gcc-clang-O1-compilation-errors/avoid_constant_pool_reference')
('error:', "simplify-rtx.c:627:1: error: must use 'enum' tag to refer to type 'machine_mode'")
('error:', "simplify-rtx.c:628:1: error: must use 'enum' tag to refer to type 'machine_mode'")
('error:', "simplify-rtx.c:637:23: error: expected identifier or '('")
***************** Next Function ******************
('func_count:', 111)
("func_name '", 'bit_from_pos', "'")
('err_func:', '/data/maliha/decompilation/data/error_with_patch/ida/speccpu/clang/O1/bk_gcc-clang-O1-compilation-errors/bit_from_pos')
('err_funcfile:', '/data/maliha/decompilation/data/error_with_patch/ida/speccpu/clang/O1/bk_gcc-clang-O1-compilation-errors/bit_from_pos')
('error:', "stor-layout.c:982:1: error: must use 'union' tag to refer to type 'tree_node'")
('error:', "stor-layout.c:983:1: error: must use 'union' tag to refer to type 'tree_node'")
***************** Next Function ******************
('func_count:', 112)
("func_name '", 'add_action_record', "'")
('err_func:', '/data/maliha/decompilation/data/error_with_patch/ida/speccpu/clang/O1/bk_gcc-clang-O1-compilation-errors/add_action_record')
('err_funcfile:', '/data/maliha/decompilation/data/error_with_patch/ida/speccpu/clang/O1/bk_gcc-clang-O1-compilation-errors/add_action_record')
***************** Next Function ******************
('func_count:', 113)
("func_name '", 'add_double', "'")
('err_func:', '/data/maliha/decompilation/data/error_with_patch/ida/speccpu/clang/O1/bk_gcc-clang-O1-compilation-errors/add_double')
('err_funcfile:', '/data/maliha/decompilation/data/error_with_patch/ida/speccpu/clang/O1/bk_gcc-clang-O1-compilation-errors/add_double')
('error:', 'fold-const.c:738:43: error: expected expression')
('error:', "fold-const.c:738:35: error: use of undeclared identifier '_OWORD'")
('error:', 'fold-const.c:739:69: error: expected expression')
('error:', "fold-const.c:739:61: error: use of undeclared identifier '_OWORD'")
***************** Next Function ******************
('func_count:', 114)
("func_name '", 'AT_class', "'")
('err_func:', '/data/maliha/decompilation/data/error_with_patch/ida/speccpu/clang/O1/bk_gcc-clang-O1-compilation-errors/AT_class')
('err_funcfile:', '/data/maliha/decompilation/data/error_with_patch/ida/speccpu/clang/O1/bk_gcc-clang-O1-compilation-errors/AT_class')
***************** Next Function ******************
('func_count:', 115)
("func_name '", 'add_data_member_location_attribute', "'")
('err_func:', '/data/maliha/decompilation/data/error_with_patch/ida/speccpu/clang/O1/bk_gcc-clang-O1-compilation-errors/add_data_member_location_attribute')
('err_funcfile:', '/data/maliha/decompilation/data/error_with_patch/ida/speccpu/clang/O1/bk_gcc-clang-O1-compilation-errors/add_data_member_location_attribute')
***************** Next Function ******************
('func_count:', 116)
("func_name '", 'assign_stack_local', "'")
('err_func:', '/data/maliha/decompilation/data/error_with_patch/ida/speccpu/clang/O1/bk_gcc-clang-O1-compilation-errors/assign_stack_local')
('err_funcfile:', '/data/maliha/decompilation/data/error_with_patch/ida/speccpu/clang/O1/bk_gcc-clang-O1-compilation-errors/assign_stack_local')
('error:', "function.c:1097:26: error: must use 'enum' tag to refer to type 'machine_mode'")
***************** Next Function ******************
('func_count:', 117)
("func_name '", '_cpp_extend_buff', "'")
('err_func:', '/data/maliha/decompilation/data/error_with_patch/ida/speccpu/clang/O1/bk_gcc-clang-O1-compilation-errors/_cpp_extend_buff')
('err_funcfile:', '/data/maliha/decompilation/data/error_with_patch/ida/speccpu/clang/O1/bk_gcc-clang-O1-compilation-errors/_cpp_extend_buff')
('error:', "cpplex.c:2507:24: error: unknown type name 'cpp_reader_0'; did you mean 'cpp_reader'?")
('error:', "cpplex.c:2507:45: error: unknown type name '_cpp_buff_0'; did you mean '_cpp_buff'?")
('error:', "cpplex.c:2509:1: error: unknown type name '_cpp_buff_0'; did you mean '_cpp_buff'?")
('error:', "cpplex.c:2510:1: error: unknown type name '_cpp_buff_0'; did you mean '_cpp_buff'?")
***************** Next Function ******************
('func_count:', 118)
("func_name '", 'assign_386_stack_local', "'")
('err_func:', '/data/maliha/decompilation/data/error_with_patch/ida/speccpu/clang/O1/bk_gcc-clang-O1-compilation-errors/assign_386_stack_local')
('err_funcfile:', '/data/maliha/decompilation/data/error_with_patch/ida/speccpu/clang/O1/bk_gcc-clang-O1-compilation-errors/assign_386_stack_local')
('error:', "i386.c:10307:30: error: must use 'enum' tag to refer to type 'machine_mode'")
***************** Next Function ******************
('func_count:', 119)
("func_name '", 'addr_side_effect_eval', "'")
('err_func:', '/data/maliha/decompilation/data/error_with_patch/ida/speccpu/clang/O1/bk_gcc-clang-O1-compilation-errors/addr_side_effect_eval')
('err_funcfile:', '/data/maliha/decompilation/data/error_with_patch/ida/speccpu/clang/O1/bk_gcc-clang-O1-compilation-errors/addr_side_effect_eval')
('error:', "alias.c:1938:1: error: must use 'enum' tag to refer to type 'machine_mode'")
***************** Next Function ******************
('func_count:', 120)
("func_name '", 'all_blocks', "'")
('err_func:', '/data/maliha/decompilation/data/error_with_patch/ida/speccpu/clang/O1/bk_gcc-clang-O1-compilation-errors/all_blocks')
('err_funcfile:', '/data/maliha/decompilation/data/error_with_patch/ida/speccpu/clang/O1/bk_gcc-clang-O1-compilation-errors/all_blocks')
***************** Next Function ******************
('func_count:', 121)
("func_name '", '_cpp_never_reread', "'")
('err_func:', '/data/maliha/decompilation/data/error_with_patch/ida/speccpu/clang/O1/bk_gcc-clang-O1-compilation-errors/_cpp_never_reread')
('err_funcfile:', '/data/maliha/decompilation/data/error_with_patch/ida/speccpu/clang/O1/bk_gcc-clang-O1-compilation-errors/_cpp_never_reread')
('error:', "cppfiles.c:646:24: error: unknown type name 'cpp_hashnode_0'; did you mean 'cpp_hashnode'?")
***************** Next Function ******************
('func_count:', 122)
("func_name '", 'add_AT_string', "'")
('err_func:', '/data/maliha/decompilation/data/error_with_patch/ida/speccpu/clang/O1/bk_gcc-clang-O1-compilation-errors/add_AT_string')
('err_funcfile:', '/data/maliha/decompilation/data/error_with_patch/ida/speccpu/clang/O1/bk_gcc-clang-O1-compilation-errors/add_AT_string')
('error:', "dwarf2out.c:4947:38: error: must use 'enum' tag to refer to type 'dwarf_attribute'")
***************** Next Function ******************
('func_count:', 123)
("func_name '", 'bss_section', "'")
('err_func:', '/data/maliha/decompilation/data/error_with_patch/ida/speccpu/clang/O1/bk_gcc-clang-O1-compilation-errors/bss_section')
('err_funcfile:', '/data/maliha/decompilation/data/error_with_patch/ida/speccpu/clang/O1/bk_gcc-clang-O1-compilation-errors/bss_section')
('error:', "varasm.c:945:6: error: use of undeclared identifier 'in_section_0'; did you mean 'in_section'?")
('error:', "varasm.c:948:1: error: use of undeclared identifier 'in_section_0'; did you mean 'in_section'?")
***************** Next Function ******************
('func_count:', 124)
("func_name '", 'bitmap_clear_bit', "'")
('err_func:', '/data/maliha/decompilation/data/error_with_patch/ida/speccpu/clang/O1/bk_gcc-clang-O1-compilation-errors/bitmap_clear_bit')
('err_funcfile:', '/data/maliha/decompilation/data/error_with_patch/ida/speccpu/clang/O1/bk_gcc-clang-O1-compilation-errors/bitmap_clear_bit')
('error:', 'clang: error: linker command failed with exit code 1 (use -v to see invocation)')
***************** Next Function ******************
('func_count:', 125)
("func_name '", 'add_AT_flag', "'")
('err_func:', '/data/maliha/decompilation/data/error_with_patch/ida/speccpu/clang/O1/bk_gcc-clang-O1-compilation-errors/add_AT_flag')
('err_funcfile:', '/data/maliha/decompilation/data/error_with_patch/ida/speccpu/clang/O1/bk_gcc-clang-O1-compilation-errors/add_AT_flag')
('error:', "dwarf2out.c:4828:36: error: must use 'enum' tag to refer to type 'dwarf_attribute'")
***************** Next Function ******************
('func_count:', 126)
("func_name '", 'assign_stack_temp', "'")
('err_func:', '/data/maliha/decompilation/data/error_with_patch/ida/speccpu/clang/O1/bk_gcc-clang-O1-compilation-errors/assign_stack_temp')
('err_funcfile:', '/data/maliha/decompilation/data/error_with_patch/ida/speccpu/clang/O1/bk_gcc-clang-O1-compilation-errors/assign_stack_temp')
('error:', "function.c:1303:25: error: must use 'enum' tag to refer to type 'machine_mode'")
***************** Next Function ******************
('func_count:', 127)
("func_name '", 'add_bit_offset_attribute', "'")
('err_func:', '/data/maliha/decompilation/data/error_with_patch/ida/speccpu/clang/O1/bk_gcc-clang-O1-compilation-errors/add_bit_offset_attribute')
('err_funcfile:', '/data/maliha/decompilation/data/error_with_patch/ida/speccpu/clang/O1/bk_gcc-clang-O1-compilation-errors/add_bit_offset_attribute')
('error:', "dwarf2out.c:9812:1: error: must use 'union' tag to refer to type 'tree_node'")
('error:', "dwarf2out.c:9814:1: error: must use 'union' tag to refer to type 'tree_node'")
***************** Next Function ******************
('func_count:', 128)
("func_name '", 'all_ones_mask_p', "'")
('err_func:', '/data/maliha/decompilation/data/error_with_patch/ida/speccpu/clang/O1/bk_gcc-clang-O1-compilation-errors/all_ones_mask_p')
('err_funcfile:', '/data/maliha/decompilation/data/error_with_patch/ida/speccpu/clang/O1/bk_gcc-clang-O1-compilation-errors/all_ones_mask_p')
('error:', "fold-const.c:3739:1: error: must use 'union' tag to refer to type 'tree_node'")
('error:', "fold-const.c:3740:1: error: must use 'union' tag to refer to type 'tree_node'")
('error:', "fold-const.c:3741:1: error: must use 'union' tag to refer to type 'tree_node'")
('error:', "fold-const.c:3742:1: error: must use 'union' tag to refer to type 'tree_node'")
***************** Next Function ******************
('func_count:', 129)
("func_name '", 'add_arange', "'")
('err_func:', '/data/maliha/decompilation/data/error_with_patch/ida/speccpu/clang/O1/bk_gcc-clang-O1-compilation-errors/add_arange')
('err_funcfile:', '/data/maliha/decompilation/data/error_with_patch/ida/speccpu/clang/O1/bk_gcc-clang-O1-compilation-errors/add_arange')
***************** Next Function ******************
('func_count:', 130)
("func_name '", 'AT_unsigned', "'")
('err_func:', '/data/maliha/decompilation/data/error_with_patch/ida/speccpu/clang/O1/bk_gcc-clang-O1-compilation-errors/AT_unsigned')
('err_funcfile:', '/data/maliha/decompilation/data/error_with_patch/ida/speccpu/clang/O1/bk_gcc-clang-O1-compilation-errors/AT_unsigned')
('error:', "dwarf2out.c:4897:19: error: conflicting types for 'AT_unsigned'")
***************** Next Function ******************
('func_count:', 131)
("func_name '", 'align_fuzz', "'")
('err_func:', '/data/maliha/decompilation/data/error_with_patch/ida/speccpu/clang/O1/bk_gcc-clang-O1-compilation-errors/align_fuzz')
('err_funcfile:', '/data/maliha/decompilation/data/error_with_patch/ida/speccpu/clang/O1/bk_gcc-clang-O1-compilation-errors/align_fuzz')
***************** Next Function ******************
('func_count:', 132)
("func_name '", 'add_bit_size_attribute', "'")
('err_func:', '/data/maliha/decompilation/data/error_with_patch/ida/speccpu/clang/O1/bk_gcc-clang-O1-compilation-errors/add_bit_size_attribute')
('err_funcfile:', '/data/maliha/decompilation/data/error_with_patch/ida/speccpu/clang/O1/bk_gcc-clang-O1-compilation-errors/add_bit_size_attribute')
***************** Next Function ******************
('func_count:', 133)
("func_name '", 'adjust_stack', "'")
('err_func:', '/data/maliha/decompilation/data/error_with_patch/ida/speccpu/clang/O1/bk_gcc-clang-O1-compilation-errors/adjust_stack')
('err_funcfile:', '/data/maliha/decompilation/data/error_with_patch/ida/speccpu/clang/O1/bk_gcc-clang-O1-compilation-errors/adjust_stack')
('error:', "explow.c:1326:3: error: use of undeclared identifier 'machine_mode'")
***************** Next Function ******************
('func_count:', 134)
("func_name '", 'add_clobbers', "'")
('err_func:', '/data/maliha/decompilation/data/error_with_patch/ida/speccpu/clang/O1/bk_gcc-clang-O1-compilation-errors/add_clobbers')
('err_funcfile:', '/data/maliha/decompilation/data/error_with_patch/ida/speccpu/clang/O1/bk_gcc-clang-O1-compilation-errors/add_clobbers')
('error:', "insn-emit.c:20115:1: error: must use 'enum' tag to refer to type 'machine_mode'")
('error:', "insn-emit.c:20117:1: error: must use 'enum' tag to refer to type 'machine_mode'")
('error:', "insn-emit.c:20118:1: error: must use 'enum' tag to refer to type 'machine_mode'")
('error:', "insn-emit.c:20121:1: error: must use 'enum' tag to refer to type 'machine_mode'")
***************** Next Function ******************
('func_count:', 135)
("func_name '", 'allocate_dynamic_stack_space', "'")
('err_func:', '/data/maliha/decompilation/data/error_with_patch/ida/speccpu/clang/O1/bk_gcc-clang-O1-compilation-errors/allocate_dynamic_stack_space')
('err_funcfile:', '/data/maliha/decompilation/data/error_with_patch/ida/speccpu/clang/O1/bk_gcc-clang-O1-compilation-errors/allocate_dynamic_stack_space')
('error:', "explow.c:1648:1: error: must use 'enum' tag to refer to type 'machine_mode'")
('error:', "explow.c:1651:1: error: must use 'enum' tag to refer to type 'machine_mode'")
('error:', "explow.c:1655:1: error: must use 'enum' tag to refer to type 'machine_mode'")
('error:', "explow.c:1658:1: error: must use 'enum' tag to refer to type 'machine_mode'")
('error:', "explow.c:1671:25: error: use of undeclared identifier 'machine_mode'")
('error:', "explow.c:1692:21: error: use of undeclared identifier 'machine_mode'")
('error:', "explow.c:1697:18: error: invalid suffix 'xmode' on integer constant")
('error:', "explow.c:1698:17: error: invalid suffix 'xmode' on integer constant")
('error:', "explow.c:1699:32: error: use of undeclared identifier 'insn_data_0'; did you mean 'insn_data'?")
('error:', "explow.c:1700:13: error: use of undeclared identifier 'insn_data_0'; did you mean 'insn_data'?")
('error:', "explow.c:1714:3: error: use of undeclared identifier 'machine_mode'")
('error:', "explow.c:1726:3: error: use of undeclared identifier 'machine_mode'")
***************** Next Function ******************
('func_count:', 136)
("func_name '", 'any_condjump_p', "'")
('err_func:', '/data/maliha/decompilation/data/error_with_patch/ida/speccpu/clang/O1/bk_gcc-clang-O1-compilation-errors/any_condjump_p')
('err_funcfile:', '/data/maliha/decompilation/data/error_with_patch/ida/speccpu/clang/O1/bk_gcc-clang-O1-compilation-errors/any_condjump_p')
('error:', "jump.c:1665:16: error: operand of type 'struct rtx_def' where arithmetic or pointer type is required")
***************** Next Function ******************
('func_count:', 137)
("func_name '", 'add_abstract_origin_attribute', "'")
('err_func:', '/data/maliha/decompilation/data/error_with_patch/ida/speccpu/clang/O1/bk_gcc-clang-O1-compilation-errors/add_abstract_origin_attribute')
('err_funcfile:', '/data/maliha/decompilation/data/error_with_patch/ida/speccpu/clang/O1/bk_gcc-clang-O1-compilation-errors/add_abstract_origin_attribute')
('error:', "dwarf2out.c:9894:1: error: must use 'union' tag to refer to type 'tree_node'")
('error:', "dwarf2out.c:9895:1: error: must use 'union' tag to refer to type 'tree_node'")
***************** Next Function ******************
('func_count:', 138)
("func_name '", 'bitmap_find_bit', "'")
('err_func:', '/data/maliha/decompilation/data/error_with_patch/ida/speccpu/clang/O1/bk_gcc-clang-O1-compilation-errors/bitmap_find_bit')
('err_funcfile:', '/data/maliha/decompilation/data/error_with_patch/ida/speccpu/clang/O1/bk_gcc-clang-O1-compilation-errors/bitmap_find_bit')
***************** Next Function ******************
('func_count:', 139)
("func_name '", '_cpp_pop_file_buffer', "'")
('err_func:', '/data/maliha/decompilation/data/error_with_patch/ida/speccpu/clang/O1/bk_gcc-clang-O1-compilation-errors/_cpp_pop_file_buffer')
('err_funcfile:', '/data/maliha/decompilation/data/error_with_patch/ida/speccpu/clang/O1/bk_gcc-clang-O1-compilation-errors/_cpp_pop_file_buffer')
('error:', "cppfiles.c:1229:28: error: unknown type name 'cpp_reader_0'; did you mean 'cpp_reader'?")
('error:', "cppfiles.c:1231:7: error: unknown type name 'cpp_hashnode_0'; did you mean 'cpp_hashnode'?")
('error:', "cppfiles.c:1240:24: error: unknown type name 'cpp_hashnode_0'; did you mean 'cpp_hashnode'?")
***************** Next Function ******************
('func_count:', 140)
("func_name '", 'apply_distributive_law', "'")
('err_func:', '/data/maliha/decompilation/data/error_with_patch/ida/speccpu/clang/O1/bk_gcc-clang-O1-compilation-errors/apply_distributive_law')
('err_funcfile:', '/data/maliha/decompilation/data/error_with_patch/ida/speccpu/clang/O1/bk_gcc-clang-O1-compilation-errors/apply_distributive_law')
('error:', "combine.c:8165:4: error: expected ';' after expression")
('error:', "combine.c:8165:5: error: use of undeclared identifier 'v9'")
('error:', "combine.c:8166:4: error: expected ';' after expression")
('error:', "combine.c:8166:5: error: use of undeclared identifier 'v10'; did you mean 'v1'?")
('error:', "combine.c:8173:4: error: expected ';' after expression")
('error:', "combine.c:8173:5: error: use of undeclared identifier 'v17'")
('error:', "combine.c:8174:6: error: use of undeclared identifier 'fld'")
('error:', "combine.c:8177:6: error: use of undeclared identifier 'v21'")
('error:', "combine.c:8180:1: error: must use 'enum' tag to refer to type 'machine_mode'")
('error:', "combine.c:8182:1: error: must use 'enum' tag to refer to type 'rtx_code'")
('error:', "combine.c:8186:15: error: must use 'enum' tag to refer to type 'mode_class'")
('error:', "combine.c:8186:39: error: use of undeclared identifier 'mode_class_0'")
('error:', "combine.c:8197:26: error: operand of type 'struct rtx_def' where arithmetic or pointer type is required")
('error:', "combine.c:8200:1: error: use of undeclared identifier 'v9'")
('error:', "combine.c:8201:1: error: use of undeclared identifier 'v10'")
('error:', "combine.c:8202:18: error: use of undeclared identifier 'v9'")
('error:', "combine.c:8203:33: error: use of undeclared identifier 'v10'")
('error:', "combine.c:8208:22: error: use of undeclared identifier 'v9'")
('error:', "combine.c:8208:54: error: use of undeclared identifier 'v10'")
('error:', 'fatal error: too many errors emitted, stopping now [-ferror-limit=]')
***************** Next Function ******************
('func_count:', 141)
("func_name '", 'anti_adjust_stack', "'")
('err_func:', '/data/maliha/decompilation/data/error_with_patch/ida/speccpu/clang/O1/bk_gcc-clang-O1-compilation-errors/anti_adjust_stack')
('err_funcfile:', '/data/maliha/decompilation/data/error_with_patch/ida/speccpu/clang/O1/bk_gcc-clang-O1-compilation-errors/anti_adjust_stack')
('error:', "explow.c:1357:3: error: use of undeclared identifier 'machine_mode'")
***************** Next Function ******************
('func_count:', 142)
("func_name '", '_cpp_backup_tokens', "'")
('err_func:', '/data/maliha/decompilation/data/error_with_patch/ida/speccpu/clang/O1/bk_gcc-clang-O1-compilation-errors/_cpp_backup_tokens')
('err_funcfile:', '/data/maliha/decompilation/data/error_with_patch/ida/speccpu/clang/O1/bk_gcc-clang-O1-compilation-errors/_cpp_backup_tokens')
('error:', "cppmacro.c:1566:26: error: unknown type name 'cpp_reader_0'; did you mean 'cpp_reader'?")
('error:', "cppmacro.c:1569:1: error: unknown type name 'tokenrun_0'; did you mean 'tokenrun'?")
('error:', "cppmacro.c:1570:1: error: unknown type name 'cpp_token_0'; did you mean 'cpp_token'?")
('error:', "cppmacro.c:1571:1: error: unknown type name 'tokenrun_0'; did you mean 'tokenrun'?")
('error:', "cppmacro.c:1581:32: error: unknown type name 'cpp_token_0'; did you mean 'cpp_token'?")
***************** Next Function ******************
('func_count:', 143)
("func_name '", 'bitmap_release_memory', "'")
('err_func:', '/data/maliha/decompilation/data/error_with_patch/ida/speccpu/clang/O1/bk_gcc-clang-O1-compilation-errors/bitmap_release_memory')
('err_funcfile:', '/data/maliha/decompilation/data/error_with_patch/ida/speccpu/clang/O1/bk_gcc-clang-O1-compilation-errors/bitmap_release_memory')
***************** Next Function ******************
('func_count:', 144)
("func_name '", 'bitmap_copy', "'")
('err_func:', '/data/maliha/decompilation/data/error_with_patch/ida/speccpu/clang/O1/bk_gcc-clang-O1-compilation-errors/bitmap_copy')
('err_funcfile:', '/data/maliha/decompilation/data/error_with_patch/ida/speccpu/clang/O1/bk_gcc-clang-O1-compilation-errors/bitmap_copy')
('error:', 'bitmap.c:728:12: error: expected expression')
('error:', "bitmap.c:728:4: error: use of undeclared identifier '_OWORD'")
('error:', 'bitmap.c:740:12: error: expected expression')
('error:', "bitmap.c:740:4: error: use of undeclared identifier '_OWORD'")
***************** Next Function ******************
('func_count:', 145)
("func_name '", 'assemble_align', "'")
('err_func:', '/data/maliha/decompilation/data/error_with_patch/ida/speccpu/clang/O1/bk_gcc-clang-O1-compilation-errors/assemble_align')
('err_funcfile:', '/data/maliha/decompilation/data/error_with_patch/ida/speccpu/clang/O1/bk_gcc-clang-O1-compilation-errors/assemble_align')
***************** Next Function ******************
('func_count:', 146)
("func_name '", 'add_ranges', "'")
('err_func:', '/data/maliha/decompilation/data/error_with_patch/ida/speccpu/clang/O1/bk_gcc-clang-O1-compilation-errors/add_ranges')
('err_funcfile:', '/data/maliha/decompilation/data/error_with_patch/ida/speccpu/clang/O1/bk_gcc-clang-O1-compilation-errors/add_ranges')
***************** Next Function ******************
('func_count:', 147)
("func_name '", 'add_insn', "'")
('err_func:', '/data/maliha/decompilation/data/error_with_patch/ida/speccpu/clang/O1/bk_gcc-clang-O1-compilation-errors/add_insn')
('err_funcfile:', '/data/maliha/decompilation/data/error_with_patch/ida/speccpu/clang/O1/bk_gcc-clang-O1-compilation-errors/add_insn')
***************** Next Function ******************
('func_count:', 148)
("func_name '", 'add_pubname', "'")
('err_func:', '/data/maliha/decompilation/data/error_with_patch/ida/speccpu/clang/O1/bk_gcc-clang-O1-compilation-errors/add_pubname')
('err_funcfile:', '/data/maliha/decompilation/data/error_with_patch/ida/speccpu/clang/O1/bk_gcc-clang-O1-compilation-errors/add_pubname')
***************** Next Function ******************
('func_count:', 149)
("func_name '", 'add_location_or_const_value_attribute', "'")
('err_func:', '/data/maliha/decompilation/data/error_with_patch/ida/speccpu/clang/O1/bk_gcc-clang-O1-compilation-errors/add_location_or_const_value_attribute')
('err_funcfile:', '/data/maliha/decompilation/data/error_with_patch/ida/speccpu/clang/O1/bk_gcc-clang-O1-compilation-errors/add_location_or_const_value_attribute')
('error:', 'clang: error: linker command failed with exit code 1 (use -v to see invocation)')
***************** Next Function ******************
('func_count:', 150)
("func_name '", 'add_AT_range_list', "'")
('err_func:', '/data/maliha/decompilation/data/error_with_patch/ida/speccpu/clang/O1/bk_gcc-clang-O1-compilation-errors/add_AT_range_list')
('err_funcfile:', '/data/maliha/decompilation/data/error_with_patch/ida/speccpu/clang/O1/bk_gcc-clang-O1-compilation-errors/add_AT_range_list')
('error:', "dwarf2out.c:5225:42: error: must use 'enum' tag to refer to type 'dwarf_attribute'")
('error:', "dwarf2out.c:5225:7: error: conflicting types for 'add_AT_range_list'")
***************** Next Function ******************
('func_count:', 151)
("func_name '", 'any_pending_cleanups', "'")
('err_func:', '/data/maliha/decompilation/data/error_with_patch/ida/speccpu/clang/O1/bk_gcc-clang-O1-compilation-errors/any_pending_cleanups')
('err_funcfile:', '/data/maliha/decompilation/data/error_with_patch/ida/speccpu/clang/O1/bk_gcc-clang-O1-compilation-errors/any_pending_cleanups')
***************** Next Function ******************
('func_count:', 152)
("func_name '", 'apply_change_group', "'")
('err_func:', '/data/maliha/decompilation/data/error_with_patch/ida/speccpu/clang/O1/bk_gcc-clang-O1-compilation-errors/apply_change_group')
('err_funcfile:', '/data/maliha/decompilation/data/error_with_patch/ida/speccpu/clang/O1/bk_gcc-clang-O1-compilation-errors/apply_change_group')
('error:', "recog.c:804:27: error: use of undeclared identifier 'machine_mode'")
('error:', 'recog.c:804:42: error: expected expression')
('error:', "recog.c:809:26: error: operand of type 'struct rtx_def' where arithmetic or pointer type is required")
('error:', "recog.c:813:40: error: operand of type 'rtunion' (aka 'union rtunion_def') where arithmetic or pointer type is required")
***************** Next Function ******************
('func_count:', 153)
("func_name '", 'alloc_aux_for_block', "'")
('err_func:', '/data/maliha/decompilation/data/error_with_patch/ida/speccpu/clang/O1/bk_gcc-clang-O1-compilation-errors/alloc_aux_for_block')
('err_funcfile:', '/data/maliha/decompilation/data/error_with_patch/ida/speccpu/clang/O1/bk_gcc-clang-O1-compilation-errors/alloc_aux_for_block')
('error:', "cfg.c:603:1: error: 'inline' can only appear on functions")
***************** Next Function ******************
('func_count:', 154)
("func_name '", 'add_noreturn_fake_exit_edges', "'")
('err_func:', '/data/maliha/decompilation/data/error_with_patch/ida/speccpu/clang/O1/bk_gcc-clang-O1-compilation-errors/add_noreturn_fake_exit_edges')
('err_funcfile:', '/data/maliha/decompilation/data/error_with_patch/ida/speccpu/clang/O1/bk_gcc-clang-O1-compilation-errors/add_noreturn_fake_exit_edges')
***************** Next Function ******************
('func_count:', 155)
("func_name '", 'addr_affects_sp_p', "'")
('err_func:', '/data/maliha/decompilation/data/error_with_patch/ida/speccpu/clang/O1/bk_gcc-clang-O1-compilation-errors/addr_affects_sp_p')
('err_funcfile:', '/data/maliha/decompilation/data/error_with_patch/ida/speccpu/clang/O1/bk_gcc-clang-O1-compilation-errors/addr_affects_sp_p')
('error:', "cse.c:6847:23: error: operand of type 'rtunion' (aka 'union rtunion_def') where arithmetic or pointer type is required")
('error:', "cse.c:6850:50: error: expected ')'")
('error:', 'cse.c:6850:73: error: expected expression')
('error:', 'cse.c:6851:2: error: expected expression')
***************** Next Function ******************
('func_count:', 156)
("func_name '", 'alter_reg', "'")
('err_func:', '/data/maliha/decompilation/data/error_with_patch/ida/speccpu/clang/O1/bk_gcc-clang-O1-compilation-errors/alter_reg')
('err_funcfile:', '/data/maliha/decompilation/data/error_with_patch/ida/speccpu/clang/O1/bk_gcc-clang-O1-compilation-errors/alter_reg')
('error:', "reload1.c:2449:29: error: use of undeclared identifier 'machine_mode'")
('error:', "reload1.c:2460:29: error: use of undeclared identifier 'machine_mode'")
('error:', "reload1.c:2464:19: error: operand of type 'struct rtx_def' where arithmetic or pointer type is required")
('error:', "reload1.c:2489:32: error: use of undeclared identifier 'machine_mode'")
***************** Next Function ******************
('func_count:', 157)
("func_name '", 'asm_insn_count', "'")
('err_func:', '/data/maliha/decompilation/data/error_with_patch/ida/speccpu/clang/O1/bk_gcc-clang-O1-compilation-errors/asm_insn_count')
('err_funcfile:', '/data/maliha/decompilation/data/error_with_patch/ida/speccpu/clang/O1/bk_gcc-clang-O1-compilation-errors/asm_insn_count')
***************** Next Function ******************
('func_count:', 158)
("func_name '", 'alloc_block', "'")
('err_func:', '/data/maliha/decompilation/data/error_with_patch/ida/speccpu/clang/O1/bk_gcc-clang-O1-compilation-errors/alloc_block')
('err_funcfile:', '/data/maliha/decompilation/data/error_with_patch/ida/speccpu/clang/O1/bk_gcc-clang-O1-compilation-errors/alloc_block')
('error:', 'cfg.c:690:12: error: expected expression')
('error:', "cfg.c:690:4: error: use of undeclared identifier '_OWORD'")
('error:', 'cfg.c:691:12: error: expected expression')
('error:', "cfg.c:691:4: error: use of undeclared identifier '_OWORD'")
('error:', 'cfg.c:692:12: error: expected expression')
('error:', "cfg.c:692:4: error: use of undeclared identifier '_OWORD'")
('error:', 'cfg.c:693:12: error: expected expression')
('error:', "cfg.c:693:4: error: use of undeclared identifier '_OWORD'")
('error:', 'cfg.c:694:12: error: expected expression')
('error:', "cfg.c:694:4: error: use of undeclared identifier '_OWORD'")
('error:', 'cfg.c:695:12: error: expected expression')
('error:', "cfg.c:695:4: error: use of undeclared identifier '_OWORD'")
('error:', 'cfg.c:696:12: error: expected expression')
('error:', "cfg.c:696:4: error: use of undeclared identifier '_OWORD'")
***************** Next Function ******************
('func_count:', 159)
("func_name '", 'AT_ref', "'")
('err_func:', '/data/maliha/decompilation/data/error_with_patch/ida/speccpu/clang/O1/bk_gcc-clang-O1-compilation-errors/AT_ref')
('err_funcfile:', '/data/maliha/decompilation/data/error_with_patch/ida/speccpu/clang/O1/bk_gcc-clang-O1-compilation-errors/AT_ref')
***************** Next Function ******************
('func_count:', 160)
("func_name '", 'add_type_attribute', "'")
('err_func:', '/data/maliha/decompilation/data/error_with_patch/ida/speccpu/clang/O1/bk_gcc-clang-O1-compilation-errors/add_type_attribute')
('err_funcfile:', '/data/maliha/decompilation/data/error_with_patch/ida/speccpu/clang/O1/bk_gcc-clang-O1-compilation-errors/add_type_attribute')
***************** Next Function ******************
('func_count:', 161)
("func_name '", 'alloc_avail_expr_mem', "'")
('err_func:', '/data/maliha/decompilation/data/error_with_patch/ida/speccpu/clang/O1/bk_gcc-clang-O1-compilation-errors/alloc_avail_expr_mem')
('err_funcfile:', '/data/maliha/decompilation/data/error_with_patch/ida/speccpu/clang/O1/bk_gcc-clang-O1-compilation-errors/alloc_avail_expr_mem')
***************** Next Function ******************
('func_count:', 162)
("func_name '", 'assemble_vtable_entry', "'")
('err_func:', '/data/maliha/decompilation/data/error_with_patch/ida/speccpu/clang/O1/bk_gcc-clang-O1-compilation-errors/assemble_vtable_entry')
('err_funcfile:', '/data/maliha/decompilation/data/error_with_patch/ida/speccpu/clang/O1/bk_gcc-clang-O1-compilation-errors/assemble_vtable_entry')
***************** Next Function ******************
('func_count:', 163)
("func_name '", 'bitmap_bit_p', "'")
('err_func:', '/data/maliha/decompilation/data/error_with_patch/ida/speccpu/clang/O1/bk_gcc-clang-O1-compilation-errors/bitmap_bit_p')
('err_funcfile:', '/data/maliha/decompilation/data/error_with_patch/ida/speccpu/clang/O1/bk_gcc-clang-O1-compilation-errors/bitmap_bit_p')
***************** Next Function ******************
('func_count:', 164)
("func_name '", 'block_has_only_trap', "'")
('err_func:', '/data/maliha/decompilation/data/error_with_patch/ida/speccpu/clang/O1/bk_gcc-clang-O1-compilation-errors/block_has_only_trap')
('err_funcfile:', '/data/maliha/decompilation/data/error_with_patch/ida/speccpu/clang/O1/bk_gcc-clang-O1-compilation-errors/block_has_only_trap')
('error:', "ifcvt.c:2713:16: error: operand of type 'struct rtx_def' where arithmetic or pointer type is required")
***************** Next Function ******************
('func_count:', 165)
("func_name '", 'aggregate_value_p', "'")
('err_func:', '/data/maliha/decompilation/data/error_with_patch/ida/speccpu/clang/O1/bk_gcc-clang-O1-compilation-errors/aggregate_value_p')
('err_funcfile:', '/data/maliha/decompilation/data/error_with_patch/ida/speccpu/clang/O1/bk_gcc-clang-O1-compilation-errors/aggregate_value_p')
('error:', "function.c:4755:26: error: use of undeclared identifier 'mode_class_0'; did you mean 'mode_class'?")
***************** Next Function ******************
('func_count:', 166)
("func_name '", 'alloc_expr_hash_table', "'")
('err_func:', '/data/maliha/decompilation/data/error_with_patch/ida/speccpu/clang/O1/bk_gcc-clang-O1-compilation-errors/alloc_expr_hash_table')
('err_funcfile:', '/data/maliha/decompilation/data/error_with_patch/ida/speccpu/clang/O1/bk_gcc-clang-O1-compilation-errors/alloc_expr_hash_table')
***************** Next Function ******************
('func_count:', 167)
("func_name '", 'add_pure_or_virtual_attribute', "'")
('err_func:', '/data/maliha/decompilation/data/error_with_patch/ida/speccpu/clang/O1/bk_gcc-clang-O1-compilation-errors/add_pure_or_virtual_attribute')
('err_funcfile:', '/data/maliha/decompilation/data/error_with_patch/ida/speccpu/clang/O1/bk_gcc-clang-O1-compilation-errors/add_pure_or_virtual_attribute')
('error:', "dwarf2out.c:9944:21: error: use of undeclared identifier 'debug_info_level_0'")
***************** Next Function ******************
('func_count:', 168)
("func_name '", 'adjust_priority', "'")
('err_func:', '/data/maliha/decompilation/data/error_with_patch/ida/speccpu/clang/O1/bk_gcc-clang-O1-compilation-errors/adjust_priority')
('err_funcfile:', '/data/maliha/decompilation/data/error_with_patch/ida/speccpu/clang/O1/bk_gcc-clang-O1-compilation-errors/adjust_priority')
***************** Next Function ******************
('func_count:', 169)
("func_name '", 'affix_data_type', "'")
('err_func:', '/data/maliha/decompilation/data/error_with_patch/ida/speccpu/clang/O1/bk_gcc-clang-O1-compilation-errors/affix_data_type')
('err_funcfile:', '/data/maliha/decompilation/data/error_with_patch/ida/speccpu/clang/O1/bk_gcc-clang-O1-compilation-errors/affix_data_type')
***************** Next Function ******************
('func_count:', 170)
("func_name '", 'anti_dependence', "'")
('err_func:', '/data/maliha/decompilation/data/error_with_patch/ida/speccpu/clang/O1/bk_gcc-clang-O1-compilation-errors/anti_dependence')
('err_funcfile:', '/data/maliha/decompilation/data/error_with_patch/ida/speccpu/clang/O1/bk_gcc-clang-O1-compilation-errors/anti_dependence')
***************** Next Function ******************
('func_count:', 171)
("func_name '", 'alloc_pre_mem', "'")
('err_func:', '/data/maliha/decompilation/data/error_with_patch/ida/speccpu/clang/O1/bk_gcc-clang-O1-compilation-errors/alloc_pre_mem')
('err_funcfile:', '/data/maliha/decompilation/data/error_with_patch/ida/speccpu/clang/O1/bk_gcc-clang-O1-compilation-errors/alloc_pre_mem')
***************** Next Function ******************
('func_count:', 172)
("func_name '", 'asm_output_aligned_bss', "'")
('err_func:', '/data/maliha/decompilation/data/error_with_patch/ida/speccpu/clang/O1/bk_gcc-clang-O1-compilation-errors/asm_output_aligned_bss')
('err_funcfile:', '/data/maliha/decompilation/data/error_with_patch/ida/speccpu/clang/O1/bk_gcc-clang-O1-compilation-errors/asm_output_aligned_bss')
('error:', "varasm.c:1033:32: error: use of undeclared identifier 'off_6E2E28'")
***************** Next Function ******************
('func_count:', 173)
("func_name '", 'apply_args_size', "'")
('err_func:', '/data/maliha/decompilation/data/error_with_patch/ida/speccpu/clang/O1/bk_gcc-clang-O1-compilation-errors/apply_args_size')
('err_funcfile:', '/data/maliha/decompilation/data/error_with_patch/ida/speccpu/clang/O1/bk_gcc-clang-O1-compilation-errors/apply_args_size')
('error:', "builtins.c:1352:1: error: must use 'enum' tag to refer to type 'machine_mode'")
('error:', "builtins.c:1354:1: error: must use 'enum' tag to refer to type 'machine_mode'")
('error:', "builtins.c:1358:1: error: must use 'enum' tag to refer to type 'machine_mode'")
('error:', "builtins.c:1359:1: error: must use 'enum' tag to refer to type 'machine_mode'")
('error:', "builtins.c:1360:1: error: must use 'enum' tag to refer to type 'machine_mode'")
('error:', "builtins.c:1364:6: error: use of undeclared identifier 'apply_args_size_size'; did you mean 'apply_args_size'?")
('error:', "builtins.c:1367:1: error: use of undeclared identifier 'apply_args_size_size'")
('error:', "builtins.c:1369:1: error: use of undeclared identifier 'apply_args_size_size'")
('error:', "builtins.c:1386:25: error: use of undeclared identifier 'mode_class_0'; did you mean 'mode_class'?")
('error:', "builtins.c:1449:6: error: use of undeclared identifier 'apply_args_size_size'; did you mean 'apply_args_size'?")
('error:', "builtins.c:1449:27: error: invalid operands to binary expression ('int (void)' and 'int')")
('error:', "builtins.c:1450:1: error: use of undeclared identifier 'apply_args_size_size'")
('error:', "builtins.c:1450:30: error: use of undeclared identifier 'apply_args_size_size'; did you mean 'apply_args_size'?")
('error:', "builtins.c:1450:65: error: use of undeclared identifier 'apply_args_size_size'; did you mean 'apply_args_size'?")
('error:', "builtins.c:1450:91: error: invalid operands to binary expression ('int (*)(void)' and 'int')")
('error:', "builtins.c:1451:7: error: use of undeclared identifier 'apply_args_size_size'; did you mean 'apply_args_size'?")
('error:', "builtins.c:1452:28: error: use of undeclared identifier 'apply_args_size_size'; did you mean 'apply_args_size'?")
('error:', "builtins.c:1453:1: error: use of undeclared identifier 'apply_args_size_size'")
('error:', "builtins.c:1465:8: error: use of undeclared identifier 'apply_args_size_size'; did you mean 'apply_args_size'?")
***************** Next Function ******************
('func_count:', 174)
("func_name '", 'add_dependence', "'")
('err_func:', '/data/maliha/decompilation/data/error_with_patch/ida/speccpu/clang/O1/bk_gcc-clang-O1-compilation-errors/add_dependence')
('err_funcfile:', '/data/maliha/decompilation/data/error_with_patch/ida/speccpu/clang/O1/bk_gcc-clang-O1-compilation-errors/add_dependence')
('error:', "sched-deps.c:642:43: error: must use 'enum' tag to refer to type 'reg_note'")
('error:', "sched-deps.c:658:1: error: must use 'enum' tag to refer to type 'reg_note'")
('error:', "sched-deps.c:748:31: error: operand of type 'struct rtx_def' where arithmetic or pointer type is required")
***************** Next Function ******************
('func_count:', 175)
("func_name '", 'alternative_allows_memconst', "'")
('err_func:', '/data/maliha/decompilation/data/error_with_patch/ida/speccpu/clang/O1/bk_gcc-clang-O1-compilation-errors/alternative_allows_memconst')
('err_funcfile:', '/data/maliha/decompilation/data/error_with_patch/ida/speccpu/clang/O1/bk_gcc-clang-O1-compilation-errors/alternative_allows_memconst')
('error:', 'clang: error: linker command failed with exit code 1 (use -v to see invocation)')
***************** Next Function ******************
('func_count:', 176)
("func_name '", 'apply_result_size', "'")
('err_func:', '/data/maliha/decompilation/data/error_with_patch/ida/speccpu/clang/O1/bk_gcc-clang-O1-compilation-errors/apply_result_size')
('err_funcfile:', '/data/maliha/decompilation/data/error_with_patch/ida/speccpu/clang/O1/bk_gcc-clang-O1-compilation-errors/apply_result_size')
('error:', "builtins.c:1431:1: error: must use 'enum' tag to refer to type 'machine_mode'")
('error:', "builtins.c:1432:1: error: must use 'enum' tag to refer to type 'machine_mode'")
('error:', "builtins.c:1433:1: error: must use 'enum' tag to refer to type 'machine_mode'")
('error:', "builtins.c:1434:1: error: must use 'enum' tag to refer to type 'machine_mode'")
('error:', "builtins.c:1435:1: error: must use 'enum' tag to refer to type 'machine_mode'")
('error:', "builtins.c:1438:6: error: use of undeclared identifier 'apply_result_size_size'; did you mean 'apply_result_size'?")
('error:', "builtins.c:1440:1: error: use of undeclared identifier 'apply_result_size_size'")
('error:', "builtins.c:1498:6: error: use of undeclared identifier 'apply_result_size_size'; did you mean 'apply_result_size'?")
('error:', "builtins.c:1498:29: error: invalid operands to binary expression ('int (void)' and 'int')")
('error:', "builtins.c:1499:1: error: use of undeclared identifier 'apply_result_size_size'")
('error:', "builtins.c:1499:31: error: use of undeclared identifier 'apply_result_size_size'; did you mean 'apply_result_size'?")
('error:', "builtins.c:1499:67: error: use of undeclared identifier 'apply_result_size_size'; did you mean 'apply_result_size'?")
('error:', "builtins.c:1499:95: error: invalid operands to binary expression ('int (*)(void)' and 'int')")
('error:', "builtins.c:1500:1: error: use of undeclared identifier 'apply_result_size_size'; did you mean 'apply_result_size'?")
('error:', "builtins.c:1500:24: error: invalid operands to binary expression ('int (void)' and 'const unsigned char')")
('error:', "builtins.c:1504:1: error: use of undeclared identifier 'apply_result_size_size'")
('error:', "builtins.c:1506:8: error: use of undeclared identifier 'apply_result_size_size'; did you mean 'apply_result_size'?")
***************** Next Function ******************
('func_count:', 177)
("func_name '", 'back_edge_of_syntactic_loop_p', "'")
('err_func:', '/data/maliha/decompilation/data/error_with_patch/ida/speccpu/clang/O1/bk_gcc-clang-O1-compilation-errors/back_edge_of_syntactic_loop_p')
('err_funcfile:', '/data/maliha/decompilation/data/error_with_patch/ida/speccpu/clang/O1/bk_gcc-clang-O1-compilation-errors/back_edge_of_syntactic_loop_p')
***************** Next Function ******************
('func_count:', 178)
("func_name '", '_cpp_get_buff', "'")
('err_func:', '/data/maliha/decompilation/data/error_with_patch/ida/speccpu/clang/O1/bk_gcc-clang-O1-compilation-errors/_cpp_get_buff')
('err_funcfile:', '/data/maliha/decompilation/data/error_with_patch/ida/speccpu/clang/O1/bk_gcc-clang-O1-compilation-errors/_cpp_get_buff')
('error:', "cpplex.c:2457:1: error: unknown type name '_cpp_buff_0'; did you mean '_cpp_buff'?")
('error:', "cpplex.c:2457:29: error: unknown type name 'cpp_reader_0'; did you mean 'cpp_reader'?")
('error:', "cpplex.c:2459:1: error: unknown type name '_cpp_buff_0'; did you mean '_cpp_buff'?")
('error:', "cpplex.c:2460:1: error: unknown type name '_cpp_buff_0'; did you mean '_cpp_buff'?")
('error:', "cpplex.c:2461:1: error: unknown type name '_cpp_buff_0'; did you mean '_cpp_buff'?")
('error:', 'cpplex.c:2477:32: error: expected expression')
('error:', "cpplex.c:2477:18: error: use of undeclared identifier '_cpp_buff_0'")
***************** Next Function ******************
('func_count:', 179)
("func_name '", 'attribute_list_contained', "'")
('err_func:', '/data/maliha/decompilation/data/error_with_patch/ida/speccpu/clang/O1/bk_gcc-clang-O1-compilation-errors/attribute_list_contained')
('err_funcfile:', '/data/maliha/decompilation/data/error_with_patch/ida/speccpu/clang/O1/bk_gcc-clang-O1-compilation-errors/attribute_list_contained')
('error:', "tree.c:3793:60: error: subscript of pointer to incomplete type 'struct rtx_def'")
('error:', "tree.c:3799:60: error: subscript of pointer to incomplete type 'struct rtx_def'")
***************** Next Function ******************
('func_count:', 180)
("func_name '", 'allocate_reg_info', "'")
('err_func:', '/data/maliha/decompilation/data/error_with_patch/ida/speccpu/clang/O1/bk_gcc-clang-O1-compilation-errors/allocate_reg_info')
('err_funcfile:', '/data/maliha/decompilation/data/error_with_patch/ida/speccpu/clang/O1/bk_gcc-clang-O1-compilation-errors/allocate_reg_info')
('error:', "regclass.c:2683:7: error: use of undeclared identifier 'reg_pref_0'; did you mean 'reg_pref'?")
('error:', "regclass.c:2730:12: error: assigning to 'struct reg_pref' from incompatible type 'int'")
('error:', "regclass.c:2738:6: error: use of undeclared identifier 'reg_pref_0'; did you mean 'reg_pref'?")
('error:', "regclass.c:2739:1: error: use of undeclared identifier 'reg_pref_0'; did you mean 'reg_pref'?")
***************** Next Function ******************
('func_count:', 181)
("func_name '", 'add_equal_note', "'")
('err_func:', '/data/maliha/decompilation/data/error_with_patch/ida/speccpu/clang/O1/bk_gcc-clang-O1-compilation-errors/add_equal_note')
('err_funcfile:', '/data/maliha/decompilation/data/error_with_patch/ida/speccpu/clang/O1/bk_gcc-clang-O1-compilation-errors/add_equal_note')
('error:', "optabs.c:595:43: error: must use 'enum' tag to refer to type 'rtx_code'")
('error:', "optabs.c:608:1: error: must use 'enum' tag to refer to type 'machine_mode'")
('error:', "optabs.c:651:29: error: operand of type 'rtunion' (aka 'union rtunion_def') where arithmetic or pointer type is required")
('error:', "optabs.c:660:24: error: use of undeclared identifier 'invalid_operation'")
***************** Next Function ******************
('func_count:', 182)
("func_name '", 'alloc_set_hash_table', "'")
('err_func:', '/data/maliha/decompilation/data/error_with_patch/ida/speccpu/clang/O1/bk_gcc-clang-O1-compilation-errors/alloc_set_hash_table')
('err_funcfile:', '/data/maliha/decompilation/data/error_with_patch/ida/speccpu/clang/O1/bk_gcc-clang-O1-compilation-errors/alloc_set_hash_table')
***************** Next Function ******************
('func_count:', 183)
("func_name '", 'add_dwarf_attr', "'")
('err_func:', '/data/maliha/decompilation/data/error_with_patch/ida/speccpu/clang/O1/bk_gcc-clang-O1-compilation-errors/add_dwarf_attr')
('err_funcfile:', '/data/maliha/decompilation/data/error_with_patch/ida/speccpu/clang/O1/bk_gcc-clang-O1-compilation-errors/add_dwarf_attr')
***************** Next Function ******************
('func_count:', 184)
("func_name '", 'active_insn_p', "'")
('err_func:', '/data/maliha/decompilation/data/error_with_patch/ida/speccpu/clang/O1/bk_gcc-clang-O1-compilation-errors/active_insn_p')
('err_funcfile:', '/data/maliha/decompilation/data/error_with_patch/ida/speccpu/clang/O1/bk_gcc-clang-O1-compilation-errors/active_insn_p')
***************** Next Function ******************
('func_count:', 185)
("func_name '", 'alloc_INSN_LIST', "'")
('err_func:', '/data/maliha/decompilation/data/error_with_patch/ida/speccpu/clang/O1/bk_gcc-clang-O1-compilation-errors/alloc_INSN_LIST')
('err_funcfile:', '/data/maliha/decompilation/data/error_with_patch/ida/speccpu/clang/O1/bk_gcc-clang-O1-compilation-errors/alloc_INSN_LIST')
('error:', "lists.c:537:26: error: operand of type 'struct rtx_def' where arithmetic or pointer type is required")
***************** Next Function ******************
('func_count:', 186)
("func_name '", 'aliases_everything_p', "'")
('err_func:', '/data/maliha/decompilation/data/error_with_patch/ida/speccpu/clang/O1/bk_gcc-clang-O1-compilation-errors/aliases_everything_p')
('err_funcfile:', '/data/maliha/decompilation/data/error_with_patch/ida/speccpu/clang/O1/bk_gcc-clang-O1-compilation-errors/aliases_everything_p')
***************** Next Function ******************
('func_count:', 187)
("func_name '", 'add_insn_before', "'")
('err_func:', '/data/maliha/decompilation/data/error_with_patch/ida/speccpu/clang/O1/bk_gcc-clang-O1-compilation-errors/add_insn_before')
('err_funcfile:', '/data/maliha/decompilation/data/error_with_patch/ida/speccpu/clang/O1/bk_gcc-clang-O1-compilation-errors/add_insn_before')
('error:', "emit-rtl.c:3894:16: error: operand of type 'struct rtx_def' where arithmetic or pointer type is required")
('error:', "emit-rtl.c:3918:24: error: expected identifier or '('")
('error:', "emit-rtl.c:3924:24: error: expected identifier or '('")
('error:', "emit-rtl.c:3948:16: error: operand of type 'struct rtx_def' where arithmetic or pointer type is required")
***************** Next Function ******************
('func_count:', 188)
("func_name '", 'alloc_qty', "'")
('err_func:', '/data/maliha/decompilation/data/error_with_patch/ida/speccpu/clang/O1/bk_gcc-clang-O1-compilation-errors/alloc_qty')
('err_funcfile:', '/data/maliha/decompilation/data/error_with_patch/ida/speccpu/clang/O1/bk_gcc-clang-O1-compilation-errors/alloc_qty')
('error:', "local-alloc.c:773:29: error: must use 'enum' tag to refer to type 'machine_mode'")
('error:', "local-alloc.c:779:1: error: must use 'enum' tag to refer to type 'reg_class'")
('error:', "local-alloc.c:783:6: error: use of undeclared identifier 'next_qty_0'; did you mean 'next_qty'?")
('error:', "local-alloc.c:788:6: error: use of undeclared identifier 'qty_0'")
('error:', "local-alloc.c:790:1: error: use of undeclared identifier 'qty_0'")
('error:', "local-alloc.c:795:1: error: use of undeclared identifier 'qty_0'")
('error:', "local-alloc.c:797:6: error: use of undeclared identifier 'qty_0'")
('error:', "local-alloc.c:798:1: error: use of undeclared identifier 'qty_0'")
***************** Next Function ******************
('func_count:', 189)
("func_name '", 'alter_subreg', "'")
('err_func:', '/data/maliha/decompilation/data/error_with_patch/ida/speccpu/clang/O1/bk_gcc-clang-O1-compilation-errors/alter_subreg')
('err_funcfile:', '/data/maliha/decompilation/data/error_with_patch/ida/speccpu/clang/O1/bk_gcc-clang-O1-compilation-errors/alter_subreg')
('error:', "final.c:3198:1: error: must use 'enum' tag to refer to type 'machine_mode'")
('error:', "final.c:3204:23: error: operand of type 'rtunion' (aka 'union rtunion_def') where arithmetic or pointer type is required")
('error:', "final.c:3212:37: error: use of undeclared identifier 'machine_mode'")
('error:', 'final.c:3212:52: error: expected expression')
***************** Next Function ******************
('func_count:', 190)
("func_name '", 'assign_temp', "'")
('err_func:', '/data/maliha/decompilation/data/error_with_patch/ida/speccpu/clang/O1/bk_gcc-clang-O1-compilation-errors/assign_temp')
('err_funcfile:', '/data/maliha/decompilation/data/error_with_patch/ida/speccpu/clang/O1/bk_gcc-clang-O1-compilation-errors/assign_temp')
('error:', "function.c:1324:1: error: must use 'union' tag to refer to type 'tree_node'")
('error:', "function.c:1326:1: error: must use 'enum' tag to refer to type 'machine_mode'")
('error:', "function.c:1330:1: error: must use 'union' tag to refer to type 'tree_node'")
***************** Next Function ******************
('func_count:', 191)
("func_name '", 'alloc_EXPR_LIST', "'")
('err_func:', '/data/maliha/decompilation/data/error_with_patch/ida/speccpu/clang/O1/bk_gcc-clang-O1-compilation-errors/alloc_EXPR_LIST')
('err_funcfile:', '/data/maliha/decompilation/data/error_with_patch/ida/speccpu/clang/O1/bk_gcc-clang-O1-compilation-errors/alloc_EXPR_LIST')
('error:', "lists.c:559:37: error: use of undeclared identifier 'machine_mode'")
('error:', "lists.c:560:26: error: operand of type 'struct rtx_def' where arithmetic or pointer type is required")
***************** Next Function ******************
('func_count:', 192)
("func_name '", 'back_branch_in_range_p', "'")
('err_func:', '/data/maliha/decompilation/data/error_with_patch/ida/speccpu/clang/O1/bk_gcc-clang-O1-compilation-errors/back_branch_in_range_p')
('err_funcfile:', '/data/maliha/decompilation/data/error_with_patch/ida/speccpu/clang/O1/bk_gcc-clang-O1-compilation-errors/back_branch_in_range_p')
('error:', "unroll.c:2837:22: error: expected ';' after expression")
('error:', "unroll.c:2843:29: error: operand of type 'rtunion' (aka 'union rtunion_def') where arithmetic or pointer type is required")
***************** Next Function ******************
('func_count:', 193)
("func_name '", 'add_to_mem_set_list', "'")
('err_func:', '/data/maliha/decompilation/data/error_with_patch/ida/speccpu/clang/O1/bk_gcc-clang-O1-compilation-errors/add_to_mem_set_list')
('err_funcfile:', '/data/maliha/decompilation/data/error_with_patch/ida/speccpu/clang/O1/bk_gcc-clang-O1-compilation-errors/add_to_mem_set_list')
('error:', "flow.c:2804:23: error: operand of type 'rtunion' (aka 'union rtunion_def') where arithmetic or pointer type is required")
('error:', "flow.c:2807:22: error: operand of type 'struct rtx_def' where arithmetic or pointer type is required")
***************** Next Function ******************
('func_count:', 194)
("func_name '", 'add_src_coords_attributes', "'")
('err_func:', '/data/maliha/decompilation/data/error_with_patch/ida/speccpu/clang/O1/bk_gcc-clang-O1-compilation-errors/add_src_coords_attributes')
('err_funcfile:', '/data/maliha/decompilation/data/error_with_patch/ida/speccpu/clang/O1/bk_gcc-clang-O1-compilation-errors/add_src_coords_attributes')
***************** Next Function ******************
('func_count:', 195)
("func_name '", 'app_disable', "'")
('err_func:', '/data/maliha/decompilation/data/error_with_patch/ida/speccpu/clang/O1/bk_gcc-clang-O1-compilation-errors/app_disable')
('err_funcfile:', '/data/maliha/decompilation/data/error_with_patch/ida/speccpu/clang/O1/bk_gcc-clang-O1-compilation-errors/app_disable')
***************** Next Function ******************
('func_count:', 196)
("func_name '", '_cpp_append_extend_buff', "'")
('err_func:', '/data/maliha/decompilation/data/error_with_patch/ida/speccpu/clang/O1/bk_gcc-clang-O1-compilation-errors/_cpp_append_extend_buff')
('err_funcfile:', '/data/maliha/decompilation/data/error_with_patch/ida/speccpu/clang/O1/bk_gcc-clang-O1-compilation-errors/_cpp_append_extend_buff')
('error:', "cpplex.c:2488:1: error: unknown type name '_cpp_buff_0'; did you mean '_cpp_buff'?")
('error:', "cpplex.c:2488:39: error: unknown type name 'cpp_reader_0'; did you mean 'cpp_reader'?")
('error:', "cpplex.c:2488:60: error: unknown type name '_cpp_buff_0'; did you mean '_cpp_buff'?")
('error:', "cpplex.c:2490:1: error: unknown type name '_cpp_buff_0'; did you mean '_cpp_buff'?")
***************** Next Function ******************
('func_count:', 197)
("func_name '", 'allocate_reload_reg', "'")
('err_func:', '/data/maliha/decompilation/data/error_with_patch/ida/speccpu/clang/O1/bk_gcc-clang-O1-compilation-errors/allocate_reload_reg')
('err_funcfile:', '/data/maliha/decompilation/data/error_with_patch/ida/speccpu/clang/O1/bk_gcc-clang-O1-compilation-errors/allocate_reload_reg')
('error:', "reload1.c:5611:1: error: must use 'enum' tag to refer to type 'machine_mode'")
('error:', 'reload1.c:5617:23: error: expected expression')
('error:', "reload1.c:5617:9: error: use of undeclared identifier 'machine_mode'")
('error:', 'reload1.c:5635:81: error: expected expression')
('error:', "reload1.c:5635:68: error: use of undeclared identifier 'reload_type'; did you mean 'reload_order'?")
('error:', "reload1.c:5642:3: error: use of undeclared identifier 'reload_type'; did you mean 'reload_order'?")
('error:', "reload1.c:5642:15: error: invalid operands to binary expression ('short [180]' and 'uint32 *' (aka 'unsigned int *'))")
('error:', "reload1.c:5659:26: error: use of undeclared identifier 'mode_class_0'; did you mean 'mode_class'?")
('error:', 'reload1.c:5692:71: error: expected expression')
('error:', "reload1.c:5692:58: error: use of undeclared identifier 'reload_type'; did you mean 'reload_order'?")
***************** Next Function ******************
('func_count:', 198)
("func_name '", 'add_stmt', "'")
('err_func:', '/data/maliha/decompilation/data/error_with_patch/ida/speccpu/clang/O1/bk_gcc-clang-O1-compilation-errors/add_stmt')
('err_funcfile:', '/data/maliha/decompilation/data/error_with_patch/ida/speccpu/clang/O1/bk_gcc-clang-O1-compilation-errors/add_stmt')
('error:', "c-semantics.c:539:1: error: must use 'union' tag to refer to type 'tree_node'")
***************** Next Function ******************
('func_count:', 199)
("func_name '", 'add_insn_after', "'")
('err_func:', '/data/maliha/decompilation/data/error_with_patch/ida/speccpu/clang/O1/bk_gcc-clang-O1-compilation-errors/add_insn_after')
('err_funcfile:', '/data/maliha/decompilation/data/error_with_patch/ida/speccpu/clang/O1/bk_gcc-clang-O1-compilation-errors/add_insn_after')
('error:', "emit-rtl.c:3830:23: error: operand of type 'rtunion' (aka 'union rtunion_def') where arithmetic or pointer type is required")
('error:', "emit-rtl.c:3854:24: error: expected identifier or '('")
('error:', "emit-rtl.c:3860:24: error: expected identifier or '('")
('error:', "emit-rtl.c:3883:16: error: operand of type 'struct rtx_def' where arithmetic or pointer type is required")
***************** Next Function ******************
('func_count:', 200)
("func_name '", 'add_fde_cfi', "'")
('err_func:', '/data/maliha/decompilation/data/error_with_patch/ida/speccpu/clang/O1/bk_gcc-clang-O1-compilation-errors/add_fde_cfi')
('err_funcfile:', '/data/maliha/decompilation/data/error_with_patch/ida/speccpu/clang/O1/bk_gcc-clang-O1-compilation-errors/add_fde_cfi')
('error:', "dwarf2out.c:1035:6: error: use of undeclared identifier 'dwarf2out_cfi_label_label'; did you mean 'dwarf2out_cfi_label'?")
***************** Next Function ******************
('func_count:', 201)
("func_name '", 'add_subscript_info', "'")
('err_func:', '/data/maliha/decompilation/data/error_with_patch/ida/speccpu/clang/O1/bk_gcc-clang-O1-compilation-errors/add_subscript_info')
('err_funcfile:', '/data/maliha/decompilation/data/error_with_patch/ida/speccpu/clang/O1/bk_gcc-clang-O1-compilation-errors/add_subscript_info')
('error:', "dwarf2out.c:9688:1: error: must use 'union' tag to refer to type 'tree_node'")
('error:', "dwarf2out.c:9689:1: error: must use 'union' tag to refer to type 'tree_node'")
('error:', "dwarf2out.c:9701:23: error: operand of type 'rtunion' (aka 'union rtunion_def') where arithmetic or pointer type is required")
('error:', 'dwarf2out.c:9703:19: error: expected expression')
('error:', "dwarf2out.c:9703:8: error: use of undeclared identifier 'tree_node'")
('error:', "dwarf2out.c:9705:13: error: invalid operands to binary expression ('struct rtx_def' and 'int')")
******************** ================== ******************** ==================
Total # fns with errors: 201. Total errors: 466
******************** ================== error type: occurrences ******************** ==================
assigning to type A from incompatible type B: 3
conflicting types for a function: 8
expected 'some symbol': 13
expected expression: 35
expected identifier or '(': 10
inline can only appear on functions: 2
invalid argument type: 1
invalid operands to binary expression: 8
invalid suffix on integer constant: 2
member reference type is not a pointer: 2
must use '(struct|union|enum)' tag to refer to type: 114
passing sth to parameter of incompatible type: 8
subscript of pointer to incomplete type: 2
too many arguments provided to function-like macro invocation: 4
typecasting pointer: 43
unknown type name: 65
use of undeclared identifier: 136
variable has incomplete type: 2
******************** ================== error distribution ******************** ==================
******************** ================== error type: func count ******************** ==================
assigning to type A from incompatible type B: 3
conflicting types for a function: 8
expected 'some symbol': 7
expected expression: 22
expected identifier or '(': 8
inline can only appear on functions: 2
invalid argument type: 1
invalid operands to binary expression: 5
invalid suffix on integer constant: 1
member reference type is not a pointer: 1
must use '(struct|union|enum)' tag to refer to type: 62
passing sth to parameter of incompatible type: 2
subscript of pointer to incomplete type: 1
too many arguments provided to function-like macro invocation: 2
typecasting pointer: 28
unknown type name: 22
use of undeclared identifier: 51
variable has incomplete type: 2
******************** ================== unknown errors ******************** ==================
