maliha print
***************** Next Function ******************
('func_count:', 1)
("func_name '", 'test_sum', "'")
('err_func:', '/data/maliha/decompilation/data/error_without_patch/ida/speccpu/clang/O1/libquantum-clang-O1-compilation-errors/test_sum')
('err_funcfile:', '/data/maliha/decompilation/data/error_without_patch/ida/speccpu/clang/O1/libquantum-clang-O1-compilation-errors/test_sum')
('error:', "/home/yanlin/my-projects/decompilation/source_code/recompiled/IDA/speccpu/clang/O1/libquantum-clang-O1/test_sum/src/oaddn.c:45:3: error: unknown type name '__int64'; did you mean '__int64_t'?")
('error:', "/home/yanlin/my-projects/decompilation/source_code/recompiled/IDA/speccpu/clang/O1/libquantum-clang-O1/test_sum/src/oaddn.c:46:19: error: expected ';' at end of declaration")
('error:', "/home/yanlin/my-projects/decompilation/source_code/recompiled/IDA/speccpu/clang/O1/libquantum-clang-O1/test_sum/src/oaddn.c:65:3: error: use of undeclared identifier 'v6'")
('error:', "/home/yanlin/my-projects/decompilation/source_code/recompiled/IDA/speccpu/clang/O1/libquantum-clang-O1/test_sum/src/oaddn.c:68:27: error: use of undeclared identifier 'v6'")
('error:', "/home/yanlin/my-projects/decompilation/source_code/recompiled/IDA/speccpu/clang/O1/libquantum-clang-O1/test_sum/src/oaddn.c:70:24: error: use of undeclared identifier 'v6'")
***************** Next Function ******************
('func_count:', 2)
("func_name '", 'madd_inv', "'")
('err_func:', '/data/maliha/decompilation/data/error_without_patch/ida/speccpu/clang/O1/libquantum-clang-O1-compilation-errors/madd_inv')
('err_funcfile:', '/data/maliha/decompilation/data/error_without_patch/ida/speccpu/clang/O1/libquantum-clang-O1-compilation-errors/madd_inv')
('error:', 'clang: error: linker command failed with exit code 1 (use -v to see invocation)')
***************** Next Function ******************
('func_count:', 3)
("func_name '", 'quantum_qec_counter', "'")
('err_func:', '/data/maliha/decompilation/data/error_without_patch/ida/speccpu/clang/O1/libquantum-clang-O1-compilation-errors/quantum_qec_counter')
('err_funcfile:', '/data/maliha/decompilation/data/error_without_patch/ida/speccpu/clang/O1/libquantum-clang-O1-compilation-errors/quantum_qec_counter')
('error:', "/home/yanlin/my-projects/decompilation/source_code/recompiled/IDA/speccpu/clang/O1/libquantum-clang-O1/quantum_qec_counter/src/qec.c:155:12: error: use of undeclared identifier 'quantum_qec_counter_counter'; did you mean 'quantum_qec_counter'?")
('error:', "/home/yanlin/my-projects/decompilation/source_code/recompiled/IDA/speccpu/clang/O1/libquantum-clang-O1/quantum_qec_counter/src/qec.c:157:5: error: use of undeclared identifier 'quantum_qec_counter_counter'")
('error:', "/home/yanlin/my-projects/decompilation/source_code/recompiled/IDA/speccpu/clang/O1/libquantum-clang-O1/quantum_qec_counter/src/qec.c:167:5: error: use of undeclared identifier 'quantum_qec_counter_freq'")
('error:', "/home/yanlin/my-projects/decompilation/source_code/recompiled/IDA/speccpu/clang/O1/libquantum-clang-O1/quantum_qec_counter/src/qec.c:168:9: error: use of undeclared identifier 'quantum_qec_counter_counter'; did you mean 'quantum_qec_counter'?")
('error:', "/home/yanlin/my-projects/decompilation/source_code/recompiled/IDA/speccpu/clang/O1/libquantum-clang-O1/quantum_qec_counter/src/qec.c:168:40: error: use of undeclared identifier 'quantum_qec_counter_freq'; did you mean 'quantum_qec_counter'?")
('error:', "/home/yanlin/my-projects/decompilation/source_code/recompiled/IDA/speccpu/clang/O1/libquantum-clang-O1/quantum_qec_counter/src/qec.c:170:5: error: use of undeclared identifier 'quantum_qec_counter_counter'")
('error:', "/home/yanlin/my-projects/decompilation/source_code/recompiled/IDA/speccpu/clang/O1/libquantum-clang-O1/quantum_qec_counter/src/qec.c:174:10: error: use of undeclared identifier 'quantum_qec_counter_counter'; did you mean 'quantum_qec_counter'?")
***************** Next Function ******************
('func_count:', 4)
("func_name '", 'quantum_decohere', "'")
('err_func:', '/data/maliha/decompilation/data/error_without_patch/ida/speccpu/clang/O1/libquantum-clang-O1-compilation-errors/quantum_decohere')
('err_funcfile:', '/data/maliha/decompilation/data/error_without_patch/ida/speccpu/clang/O1/libquantum-clang-O1-compilation-errors/quantum_decohere')
('error:', "/home/yanlin/my-projects/decompilation/source_code/recompiled/IDA/speccpu/clang/O1/libquantum-clang-O1/quantum_decohere/src/decoherence.c:78:3: error: unknown type name '__int64'; did you mean '__int64_t'?")
('error:', "/home/yanlin/my-projects/decompilation/source_code/recompiled/IDA/speccpu/clang/O1/libquantum-clang-O1/quantum_decohere/src/decoherence.c:88:3: error: unknown type name '__int64'; did you mean '__int64_t'?")
('error:', "/home/yanlin/my-projects/decompilation/source_code/recompiled/IDA/speccpu/clang/O1/libquantum-clang-O1/quantum_decohere/src/decoherence.c:89:19: error: expected ';' at end of declaration")
('error:', "/home/yanlin/my-projects/decompilation/source_code/recompiled/IDA/speccpu/clang/O1/libquantum-clang-O1/quantum_decohere/src/decoherence.c:90:10: error: expected ';' after expression")
('error:', "/home/yanlin/my-projects/decompilation/source_code/recompiled/IDA/speccpu/clang/O1/libquantum-clang-O1/quantum_decohere/src/decoherence.c:90:11: error: use of undeclared identifier 'v17'")
('error:', "/home/yanlin/my-projects/decompilation/source_code/recompiled/IDA/speccpu/clang/O1/libquantum-clang-O1/quantum_decohere/src/decoherence.c:91:3: error: use of undeclared identifier '__m128'")
('error:', "/home/yanlin/my-projects/decompilation/source_code/recompiled/IDA/speccpu/clang/O1/libquantum-clang-O1/quantum_decohere/src/decoherence.c:92:12: error: redefinition of '__int64'")
('error:', "/home/yanlin/my-projects/decompilation/source_code/recompiled/IDA/speccpu/clang/O1/libquantum-clang-O1/quantum_decohere/src/decoherence.c:92:19: error: expected ';' at end of declaration")
('error:', "/home/yanlin/my-projects/decompilation/source_code/recompiled/IDA/speccpu/clang/O1/libquantum-clang-O1/quantum_decohere/src/decoherence.c:153:11: error: use of undeclared identifier 'v18'")
('error:', "/home/yanlin/my-projects/decompilation/source_code/recompiled/IDA/speccpu/clang/O1/libquantum-clang-O1/quantum_decohere/src/decoherence.c:157:11: error: use of undeclared identifier 'v17'")
('error:', "/home/yanlin/my-projects/decompilation/source_code/recompiled/IDA/speccpu/clang/O1/libquantum-clang-O1/quantum_decohere/src/decoherence.c:158:23: error: use of undeclared identifier 'v17'")
('error:', "/home/yanlin/my-projects/decompilation/source_code/recompiled/IDA/speccpu/clang/O1/libquantum-clang-O1/quantum_decohere/src/decoherence.c:159:13: error: use of undeclared identifier 'v17'")
('error:', "/home/yanlin/my-projects/decompilation/source_code/recompiled/IDA/speccpu/clang/O1/libquantum-clang-O1/quantum_decohere/src/decoherence.c:160:11: error: use of undeclared identifier 'v18'")
('error:', "/home/yanlin/my-projects/decompilation/source_code/recompiled/IDA/speccpu/clang/O1/libquantum-clang-O1/quantum_decohere/src/decoherence.c:161:18: error: use of undeclared identifier 'i'")
('error:', "/home/yanlin/my-projects/decompilation/source_code/recompiled/IDA/speccpu/clang/O1/libquantum-clang-O1/quantum_decohere/src/decoherence.c:161:27: error: use of undeclared identifier 'i'")
('error:', "/home/yanlin/my-projects/decompilation/source_code/recompiled/IDA/speccpu/clang/O1/libquantum-clang-O1/quantum_decohere/src/decoherence.c:161:32: error: use of undeclared identifier 'v17'")
('error:', "/home/yanlin/my-projects/decompilation/source_code/recompiled/IDA/speccpu/clang/O1/libquantum-clang-O1/quantum_decohere/src/decoherence.c:161:39: error: use of undeclared identifier 'i'")
('error:', "/home/yanlin/my-projects/decompilation/source_code/recompiled/IDA/speccpu/clang/O1/libquantum-clang-O1/quantum_decohere/src/decoherence.c:163:33: error: use of undeclared identifier 'i'")
('error:', "/home/yanlin/my-projects/decompilation/source_code/recompiled/IDA/speccpu/clang/O1/libquantum-clang-O1/quantum_decohere/src/decoherence.c:164:13: error: use of undeclared identifier 'state'")
('error:', 'fatal error: too many errors emitted, stopping now [-ferror-limit=]')
***************** Next Function ******************
('func_count:', 5)
("func_name '", 'quantum_set_decoherence', "'")
('err_func:', '/data/maliha/decompilation/data/error_without_patch/ida/speccpu/clang/O1/libquantum-clang-O1-compilation-errors/quantum_set_decoherence')
('err_funcfile:', '/data/maliha/decompilation/data/error_without_patch/ida/speccpu/clang/O1/libquantum-clang-O1-compilation-errors/quantum_set_decoherence')
('error:', 'clang: error: linker command failed with exit code 1 (use -v to see invocation)')
***************** Next Function ******************
('func_count:', 6)
("func_name '", 'quantum_hadamard', "'")
('err_func:', '/data/maliha/decompilation/data/error_without_patch/ida/speccpu/clang/O1/libquantum-clang-O1-compilation-errors/quantum_hadamard')
('err_funcfile:', '/data/maliha/decompilation/data/error_without_patch/ida/speccpu/clang/O1/libquantum-clang-O1-compilation-errors/quantum_hadamard')
('error:', '/home/yanlin/my-projects/decompilation/source_code/recompiled/IDA/speccpu/clang/O1/libquantum-clang-O1/quantum_hadamard/src/gates.c:664:16: error: expected expression')
('error:', "/home/yanlin/my-projects/decompilation/source_code/recompiled/IDA/speccpu/clang/O1/libquantum-clang-O1/quantum_hadamard/src/gates.c:664:8: error: use of undeclared identifier '_OWORD'")
('error:', "/home/yanlin/my-projects/decompilation/source_code/recompiled/IDA/speccpu/clang/O1/libquantum-clang-O1/quantum_hadamard/src/gates.c:664:25: error: member reference base type '_Complex float' is not a structure or union")
('error:', "/home/yanlin/my-projects/decompilation/source_code/recompiled/IDA/speccpu/clang/O1/libquantum-clang-O1/quantum_hadamard/src/gates.c:664:33: error: use of undeclared identifier 'xmmword_4077C0'")
('error:', '/home/yanlin/my-projects/decompilation/source_code/recompiled/IDA/speccpu/clang/O1/libquantum-clang-O1/quantum_hadamard/src/gates.c:665:16: error: expected expression')
('error:', "/home/yanlin/my-projects/decompilation/source_code/recompiled/IDA/speccpu/clang/O1/libquantum-clang-O1/quantum_hadamard/src/gates.c:665:8: error: use of undeclared identifier '_QWORD'")
('error:', '/home/yanlin/my-projects/decompilation/source_code/recompiled/IDA/speccpu/clang/O1/libquantum-clang-O1/quantum_hadamard/src/gates.c:665:39: error: expected expression')
('error:', "/home/yanlin/my-projects/decompilation/source_code/recompiled/IDA/speccpu/clang/O1/libquantum-clang-O1/quantum_hadamard/src/gates.c:665:31: error: use of undeclared identifier '_QWORD'")
***************** Next Function ******************
('func_count:', 7)
("func_name '", 'quantum_bmeasure', "'")
('err_func:', '/data/maliha/decompilation/data/error_without_patch/ida/speccpu/clang/O1/libquantum-clang-O1-compilation-errors/quantum_bmeasure')
('err_funcfile:', '/data/maliha/decompilation/data/error_without_patch/ida/speccpu/clang/O1/libquantum-clang-O1-compilation-errors/quantum_bmeasure')
('error:', 'clang: error: linker command failed with exit code 1 (use -v to see invocation)')
***************** Next Function ******************
('func_count:', 8)
("func_name '", 'muxfa', "'")
('err_func:', '/data/maliha/decompilation/data/error_without_patch/ida/speccpu/clang/O1/libquantum-clang-O1-compilation-errors/muxfa')
('err_funcfile:', '/data/maliha/decompilation/data/error_without_patch/ida/speccpu/clang/O1/libquantum-clang-O1-compilation-errors/muxfa')
('error:', 'clang: error: linker command failed with exit code 1 (use -v to see invocation)')
***************** Next Function ******************
('func_count:', 9)
("func_name '", 'quantum_qec_get_status', "'")
('err_func:', '/data/maliha/decompilation/data/error_without_patch/ida/speccpu/clang/O1/libquantum-clang-O1-compilation-errors/quantum_qec_get_status')
('err_funcfile:', '/data/maliha/decompilation/data/error_without_patch/ida/speccpu/clang/O1/libquantum-clang-O1-compilation-errors/quantum_qec_get_status')
('error:', 'clang: error: linker command failed with exit code 1 (use -v to see invocation)')
***************** Next Function ******************
('func_count:', 10)
("func_name '", 'muxha_inv', "'")
('err_func:', '/data/maliha/decompilation/data/error_without_patch/ida/speccpu/clang/O1/libquantum-clang-O1-compilation-errors/muxha_inv')
('err_funcfile:', '/data/maliha/decompilation/data/error_without_patch/ida/speccpu/clang/O1/libquantum-clang-O1-compilation-errors/muxha_inv')
('error:', 'clang: error: linker command failed with exit code 1 (use -v to see invocation)')
***************** Next Function ******************
('func_count:', 11)
("func_name '", 'quantum_toffoli', "'")
('err_func:', '/data/maliha/decompilation/data/error_without_patch/ida/speccpu/clang/O1/libquantum-clang-O1-compilation-errors/quantum_toffoli')
('err_funcfile:', '/data/maliha/decompilation/data/error_without_patch/ida/speccpu/clang/O1/libquantum-clang-O1-compilation-errors/quantum_toffoli')
('error:', "/home/yanlin/my-projects/decompilation/source_code/recompiled/IDA/speccpu/clang/O1/libquantum-clang-O1/quantum_toffoli/src/gates.c:76:3: error: unknown type name '__int64'; did you mean '__int64_t'?")
('error:', "/home/yanlin/my-projects/decompilation/source_code/recompiled/IDA/speccpu/clang/O1/libquantum-clang-O1/quantum_toffoli/src/gates.c:80:3: error: unknown type name '__int64'; did you mean '__int64_t'?")
('error:', "/home/yanlin/my-projects/decompilation/source_code/recompiled/IDA/speccpu/clang/O1/libquantum-clang-O1/quantum_toffoli/src/gates.c:82:3: error: unknown type name '__int64'; did you mean '__int64_t'?")
('error:', "/home/yanlin/my-projects/decompilation/source_code/recompiled/IDA/speccpu/clang/O1/libquantum-clang-O1/quantum_toffoli/src/gates.c:83:19: error: expected ';' at end of declaration")
('error:', "/home/yanlin/my-projects/decompilation/source_code/recompiled/IDA/speccpu/clang/O1/libquantum-clang-O1/quantum_toffoli/src/gates.c:104:7: error: use of undeclared identifier 'v13'")
('error:', "/home/yanlin/my-projects/decompilation/source_code/recompiled/IDA/speccpu/clang/O1/libquantum-clang-O1/quantum_toffoli/src/gates.c:107:55: error: use of undeclared identifier 'v13'")
('error:', "/home/yanlin/my-projects/decompilation/source_code/recompiled/IDA/speccpu/clang/O1/libquantum-clang-O1/quantum_toffoli/src/gates.c:108:16: error: use of undeclared identifier 'v13'")
('error:', "/home/yanlin/my-projects/decompilation/source_code/recompiled/IDA/speccpu/clang/O1/libquantum-clang-O1/quantum_toffoli/src/gates.c:109:9: error: use of undeclared identifier 'v13'")
('error:', "/home/yanlin/my-projects/decompilation/source_code/recompiled/IDA/speccpu/clang/O1/libquantum-clang-O1/quantum_toffoli/src/gates.c:111:23: error: use of undeclared identifier 'v13'")
***************** Next Function ******************
('func_count:', 12)
("func_name '", 'quantum_swaptheleads', "'")
('err_func:', '/data/maliha/decompilation/data/error_without_patch/ida/speccpu/clang/O1/libquantum-clang-O1-compilation-errors/quantum_swaptheleads')
('err_funcfile:', '/data/maliha/decompilation/data/error_without_patch/ida/speccpu/clang/O1/libquantum-clang-O1-compilation-errors/quantum_swaptheleads')
('error:', "/home/yanlin/my-projects/decompilation/source_code/recompiled/IDA/speccpu/clang/O1/libquantum-clang-O1/quantum_swaptheleads/src/gates.c:231:3: error: unknown type name '__int64'; did you mean '__int64_t'?")
('error:', "/home/yanlin/my-projects/decompilation/source_code/recompiled/IDA/speccpu/clang/O1/libquantum-clang-O1/quantum_swaptheleads/src/gates.c:233:3: error: unknown type name '__int64'; did you mean '__int64_t'?")
('error:', "/home/yanlin/my-projects/decompilation/source_code/recompiled/IDA/speccpu/clang/O1/libquantum-clang-O1/quantum_swaptheleads/src/gates.c:234:3: error: unknown type name '__int64'; did you mean '__int64_t'?")
('error:', "/home/yanlin/my-projects/decompilation/source_code/recompiled/IDA/speccpu/clang/O1/libquantum-clang-O1/quantum_swaptheleads/src/gates.c:237:19: error: expected ';' at end of declaration")
('error:', "/home/yanlin/my-projects/decompilation/source_code/recompiled/IDA/speccpu/clang/O1/libquantum-clang-O1/quantum_swaptheleads/src/gates.c:239:10: error: expected ';' after expression")
('error:', "/home/yanlin/my-projects/decompilation/source_code/recompiled/IDA/speccpu/clang/O1/libquantum-clang-O1/quantum_swaptheleads/src/gates.c:239:11: error: use of undeclared identifier 'v12'")
('error:', "/home/yanlin/my-projects/decompilation/source_code/recompiled/IDA/speccpu/clang/O1/libquantum-clang-O1/quantum_swaptheleads/src/gates.c:265:7: error: use of undeclared identifier 'state'")
('error:', "/home/yanlin/my-projects/decompilation/source_code/recompiled/IDA/speccpu/clang/O1/libquantum-clang-O1/quantum_swaptheleads/src/gates.c:272:9: error: use of undeclared identifier 'v12'")
('error:', "/home/yanlin/my-projects/decompilation/source_code/recompiled/IDA/speccpu/clang/O1/libquantum-clang-O1/quantum_swaptheleads/src/gates.c:275:39: error: expected ')'")
('error:', "/home/yanlin/my-projects/decompilation/source_code/recompiled/IDA/speccpu/clang/O1/libquantum-clang-O1/quantum_swaptheleads/src/gates.c:275:65: error: expected ')'")
('error:', "/home/yanlin/my-projects/decompilation/source_code/recompiled/IDA/speccpu/clang/O1/libquantum-clang-O1/quantum_swaptheleads/src/gates.c:275:72: error: use of undeclared identifier 'v12'")
('error:', "/home/yanlin/my-projects/decompilation/source_code/recompiled/IDA/speccpu/clang/O1/libquantum-clang-O1/quantum_swaptheleads/src/gates.c:275:82: error: use of undeclared identifier 'state'")
('error:', "/home/yanlin/my-projects/decompilation/source_code/recompiled/IDA/speccpu/clang/O1/libquantum-clang-O1/quantum_swaptheleads/src/gates.c:276:27: error: use of undeclared identifier 'v12'")
('error:', "/home/yanlin/my-projects/decompilation/source_code/recompiled/IDA/speccpu/clang/O1/libquantum-clang-O1/quantum_swaptheleads/src/gates.c:279:61: error: use of undeclared identifier 'state'")
***************** Next Function ******************
('func_count:', 13)
("func_name '", 'quantum_sigma_z', "'")
('err_func:', '/data/maliha/decompilation/data/error_without_patch/ida/speccpu/clang/O1/libquantum-clang-O1-compilation-errors/quantum_sigma_z')
('err_funcfile:', '/data/maliha/decompilation/data/error_without_patch/ida/speccpu/clang/O1/libquantum-clang-O1-compilation-errors/quantum_sigma_z')
('error:', "/home/yanlin/my-projects/decompilation/source_code/recompiled/IDA/speccpu/clang/O1/libquantum-clang-O1/quantum_sigma_z/src/gates.c:210:3: error: unknown type name '__int64'; did you mean '__int64_t'?")
('error:', "/home/yanlin/my-projects/decompilation/source_code/recompiled/IDA/speccpu/clang/O1/libquantum-clang-O1/quantum_sigma_z/src/gates.c:211:3: error: unknown type name '__int64'; did you mean '__int64_t'?")
('error:', "/home/yanlin/my-projects/decompilation/source_code/recompiled/IDA/speccpu/clang/O1/libquantum-clang-O1/quantum_sigma_z/src/gates.c:226:44: error: member reference base type '_Complex float' is not a structure or union")
('error:', "/home/yanlin/my-projects/decompilation/source_code/recompiled/IDA/speccpu/clang/O1/libquantum-clang-O1/quantum_sigma_z/src/gates.c:226:77: error: member reference base type '_Complex float' is not a structure or union")
('error:', "/home/yanlin/my-projects/decompilation/source_code/recompiled/IDA/speccpu/clang/O1/libquantum-clang-O1/quantum_sigma_z/src/gates.c:227:29: error: member reference base type '_Complex float' is not a structure or union")
('error:', "/home/yanlin/my-projects/decompilation/source_code/recompiled/IDA/speccpu/clang/O1/libquantum-clang-O1/quantum_sigma_z/src/gates.c:227:64: error: member reference base type '_Complex float' is not a structure or union")
('error:', "/home/yanlin/my-projects/decompilation/source_code/recompiled/IDA/speccpu/clang/O1/libquantum-clang-O1/quantum_sigma_z/src/gates.c:227:100: error: member reference base type '_Complex float' is not a structure or union")
('error:', "/home/yanlin/my-projects/decompilation/source_code/recompiled/IDA/speccpu/clang/O1/libquantum-clang-O1/quantum_sigma_z/src/gates.c:228:29: error: member reference base type '_Complex float' is not a structure or union")
***************** Next Function ******************
('func_count:', 14)
("func_name '", 'quantum_cnot', "'")
('err_func:', '/data/maliha/decompilation/data/error_without_patch/ida/speccpu/clang/O1/libquantum-clang-O1-compilation-errors/quantum_cnot')
('err_funcfile:', '/data/maliha/decompilation/data/error_without_patch/ida/speccpu/clang/O1/libquantum-clang-O1-compilation-errors/quantum_cnot')
('error:', "/home/yanlin/my-projects/decompilation/source_code/recompiled/IDA/speccpu/clang/O1/libquantum-clang-O1/quantum_cnot/src/gates.c:49:3: error: unknown type name '__int64'; did you mean '__int64_t'?")
('error:', "/home/yanlin/my-projects/decompilation/source_code/recompiled/IDA/speccpu/clang/O1/libquantum-clang-O1/quantum_cnot/src/gates.c:52:3: error: unknown type name '__int64'; did you mean '__int64_t'?")
('error:', "/home/yanlin/my-projects/decompilation/source_code/recompiled/IDA/speccpu/clang/O1/libquantum-clang-O1/quantum_cnot/src/gates.c:53:3: error: unknown type name '__int64'; did you mean '__int64_t'?")
('error:', "/home/yanlin/my-projects/decompilation/source_code/recompiled/IDA/speccpu/clang/O1/libquantum-clang-O1/quantum_cnot/src/gates.c:54:19: error: expected ';' at end of declaration")
('error:', "/home/yanlin/my-projects/decompilation/source_code/recompiled/IDA/speccpu/clang/O1/libquantum-clang-O1/quantum_cnot/src/gates.c:55:12: error: redefinition of '__int64'")
('error:', "/home/yanlin/my-projects/decompilation/source_code/recompiled/IDA/speccpu/clang/O1/libquantum-clang-O1/quantum_cnot/src/gates.c:55:19: error: expected ';' at end of declaration")
('error:', "/home/yanlin/my-projects/decompilation/source_code/recompiled/IDA/speccpu/clang/O1/libquantum-clang-O1/quantum_cnot/src/gates.c:75:7: error: use of undeclared identifier 'v10'")
('error:', "/home/yanlin/my-projects/decompilation/source_code/recompiled/IDA/speccpu/clang/O1/libquantum-clang-O1/quantum_cnot/src/gates.c:78:9: error: use of undeclared identifier 'state'")
('error:', "/home/yanlin/my-projects/decompilation/source_code/recompiled/IDA/speccpu/clang/O1/libquantum-clang-O1/quantum_cnot/src/gates.c:78:22: error: use of undeclared identifier 'v10'")
('error:', "/home/yanlin/my-projects/decompilation/source_code/recompiled/IDA/speccpu/clang/O1/libquantum-clang-O1/quantum_cnot/src/gates.c:79:32: error: use of undeclared identifier 'state'")
('error:', "/home/yanlin/my-projects/decompilation/source_code/recompiled/IDA/speccpu/clang/O1/libquantum-clang-O1/quantum_cnot/src/gates.c:80:16: error: use of undeclared identifier 'v10'")
('error:', "/home/yanlin/my-projects/decompilation/source_code/recompiled/IDA/speccpu/clang/O1/libquantum-clang-O1/quantum_cnot/src/gates.c:80:41: error: use of undeclared identifier 'state'")
('error:', "/home/yanlin/my-projects/decompilation/source_code/recompiled/IDA/speccpu/clang/O1/libquantum-clang-O1/quantum_cnot/src/gates.c:81:9: error: use of undeclared identifier 'v10'")
('error:', "/home/yanlin/my-projects/decompilation/source_code/recompiled/IDA/speccpu/clang/O1/libquantum-clang-O1/quantum_cnot/src/gates.c:83:22: error: use of undeclared identifier 'v10'")
***************** Next Function ******************
('func_count:', 15)
("func_name '", 'quantum_sigma_x', "'")
('err_func:', '/data/maliha/decompilation/data/error_without_patch/ida/speccpu/clang/O1/libquantum-clang-O1-compilation-errors/quantum_sigma_x')
('err_funcfile:', '/data/maliha/decompilation/data/error_without_patch/ida/speccpu/clang/O1/libquantum-clang-O1-compilation-errors/quantum_sigma_x')
('error:', "/home/yanlin/my-projects/decompilation/source_code/recompiled/IDA/speccpu/clang/O1/libquantum-clang-O1/quantum_sigma_x/src/gates.c:157:3: error: unknown type name '__int64'; did you mean '__int64_t'?")
('error:', "/home/yanlin/my-projects/decompilation/source_code/recompiled/IDA/speccpu/clang/O1/libquantum-clang-O1/quantum_sigma_x/src/gates.c:160:3: error: unknown type name '__int64'; did you mean '__int64_t'?")
('error:', "/home/yanlin/my-projects/decompilation/source_code/recompiled/IDA/speccpu/clang/O1/libquantum-clang-O1/quantum_sigma_x/src/gates.c:161:3: error: unknown type name '__int64'; did you mean '__int64_t'?")
('error:', "/home/yanlin/my-projects/decompilation/source_code/recompiled/IDA/speccpu/clang/O1/libquantum-clang-O1/quantum_sigma_x/src/gates.c:162:19: error: expected ';' at end of declaration")
('error:', "/home/yanlin/my-projects/decompilation/source_code/recompiled/IDA/speccpu/clang/O1/libquantum-clang-O1/quantum_sigma_x/src/gates.c:181:7: error: use of undeclared identifier 'v8'")
('error:', "/home/yanlin/my-projects/decompilation/source_code/recompiled/IDA/speccpu/clang/O1/libquantum-clang-O1/quantum_sigma_x/src/gates.c:184:14: error: use of undeclared identifier 'v8'")
('error:', "/home/yanlin/my-projects/decompilation/source_code/recompiled/IDA/speccpu/clang/O1/libquantum-clang-O1/quantum_sigma_x/src/gates.c:185:9: error: use of undeclared identifier 'v8'")
('error:', "/home/yanlin/my-projects/decompilation/source_code/recompiled/IDA/speccpu/clang/O1/libquantum-clang-O1/quantum_sigma_x/src/gates.c:187:22: error: use of undeclared identifier 'v8'")
***************** Next Function ******************
('func_count:', 16)
("func_name '", 'madd', "'")
('err_func:', '/data/maliha/decompilation/data/error_without_patch/ida/speccpu/clang/O1/libquantum-clang-O1-compilation-errors/madd')
('err_funcfile:', '/data/maliha/decompilation/data/error_without_patch/ida/speccpu/clang/O1/libquantum-clang-O1-compilation-errors/madd')
('error:', 'clang: error: linker command failed with exit code 1 (use -v to see invocation)')
***************** Next Function ******************
('func_count:', 17)
("func_name '", 'muxha', "'")
('err_func:', '/data/maliha/decompilation/data/error_without_patch/ida/speccpu/clang/O1/libquantum-clang-O1-compilation-errors/muxha')
('err_funcfile:', '/data/maliha/decompilation/data/error_without_patch/ida/speccpu/clang/O1/libquantum-clang-O1-compilation-errors/muxha')
('error:', 'clang: error: linker command failed with exit code 1 (use -v to see invocation)')
***************** Next Function ******************
('func_count:', 18)
("func_name '", 'quantum_get_decoherence', "'")
('err_func:', '/data/maliha/decompilation/data/error_without_patch/ida/speccpu/clang/O1/libquantum-clang-O1-compilation-errors/quantum_get_decoherence')
('err_funcfile:', '/data/maliha/decompilation/data/error_without_patch/ida/speccpu/clang/O1/libquantum-clang-O1-compilation-errors/quantum_get_decoherence')
('error:', 'clang: error: linker command failed with exit code 1 (use -v to see invocation)')
***************** Next Function ******************
('func_count:', 19)
("func_name '", 'quantum_qec_set_status', "'")
('err_func:', '/data/maliha/decompilation/data/error_without_patch/ida/speccpu/clang/O1/libquantum-clang-O1-compilation-errors/quantum_qec_set_status')
('err_funcfile:', '/data/maliha/decompilation/data/error_without_patch/ida/speccpu/clang/O1/libquantum-clang-O1-compilation-errors/quantum_qec_set_status')
('error:', 'clang: error: linker command failed with exit code 1 (use -v to see invocation)')
***************** Next Function ******************
('func_count:', 20)
("func_name '", 'quantum_objcode_put', "'")
('err_func:', '/data/maliha/decompilation/data/error_without_patch/ida/speccpu/clang/O1/libquantum-clang-O1-compilation-errors/quantum_objcode_put')
('err_funcfile:', '/data/maliha/decompilation/data/error_without_patch/ida/speccpu/clang/O1/libquantum-clang-O1-compilation-errors/quantum_objcode_put')
('error:', "/home/yanlin/my-projects/decompilation/source_code/recompiled/IDA/speccpu/clang/O1/libquantum-clang-O1/quantum_objcode_put/src/objcode.c:164:42: error: expected ')'")
('error:', "/home/yanlin/my-projects/decompilation/source_code/recompiled/IDA/speccpu/clang/O1/libquantum-clang-O1/quantum_objcode_put/src/objcode.c:164:5: error: conflicting types for 'quantum_objcode_put'")
('error:', "/home/yanlin/my-projects/decompilation/source_code/recompiled/IDA/speccpu/clang/O1/libquantum-clang-O1/quantum_objcode_put/src/objcode.c:168:10: error: expected ';' after expression")
('error:', "/home/yanlin/my-projects/decompilation/source_code/recompiled/IDA/speccpu/clang/O1/libquantum-clang-O1/quantum_objcode_put/src/objcode.c:168:3: error: use of undeclared identifier '__int64'; did you mean '__int8'?")
('error:', "/home/yanlin/my-projects/decompilation/source_code/recompiled/IDA/speccpu/clang/O1/libquantum-clang-O1/quantum_objcode_put/src/objcode.c:168:11: error: use of undeclared identifier 'v3'")
('error:', "/home/yanlin/my-projects/decompilation/source_code/recompiled/IDA/speccpu/clang/O1/libquantum-clang-O1/quantum_objcode_put/src/objcode.c:169:10: error: expected ';' after expression")
('error:', "/home/yanlin/my-projects/decompilation/source_code/recompiled/IDA/speccpu/clang/O1/libquantum-clang-O1/quantum_objcode_put/src/objcode.c:169:3: error: use of undeclared identifier '__int64'; did you mean '__int8'?")
('error:', "/home/yanlin/my-projects/decompilation/source_code/recompiled/IDA/speccpu/clang/O1/libquantum-clang-O1/quantum_objcode_put/src/objcode.c:169:11: error: use of undeclared identifier 'i'")
('error:', "/home/yanlin/my-projects/decompilation/source_code/recompiled/IDA/speccpu/clang/O1/libquantum-clang-O1/quantum_objcode_put/src/objcode.c:170:12: error: redefinition of '__int8'")
('error:', "/home/yanlin/my-projects/decompilation/source_code/recompiled/IDA/speccpu/clang/O1/libquantum-clang-O1/quantum_objcode_put/src/objcode.c:170:18: error: expected ';' at end of declaration")
('error:', "/home/yanlin/my-projects/decompilation/source_code/recompiled/IDA/speccpu/clang/O1/libquantum-clang-O1/quantum_objcode_put/src/objcode.c:171:12: error: redefinition of '__int8'")
('error:', "/home/yanlin/my-projects/decompilation/source_code/recompiled/IDA/speccpu/clang/O1/libquantum-clang-O1/quantum_objcode_put/src/objcode.c:171:18: error: expected ';' at end of declaration")
('error:', "/home/yanlin/my-projects/decompilation/source_code/recompiled/IDA/speccpu/clang/O1/libquantum-clang-O1/quantum_objcode_put/src/objcode.c:172:12: error: redefinition of '__int8'")
('error:', "/home/yanlin/my-projects/decompilation/source_code/recompiled/IDA/speccpu/clang/O1/libquantum-clang-O1/quantum_objcode_put/src/objcode.c:172:18: error: expected ';' at end of declaration")
('error:', "/home/yanlin/my-projects/decompilation/source_code/recompiled/IDA/speccpu/clang/O1/libquantum-clang-O1/quantum_objcode_put/src/objcode.c:173:12: error: redefinition of '__int8'")
('error:', "/home/yanlin/my-projects/decompilation/source_code/recompiled/IDA/speccpu/clang/O1/libquantum-clang-O1/quantum_objcode_put/src/objcode.c:173:18: error: expected ';' at end of declaration")
('error:', "/home/yanlin/my-projects/decompilation/source_code/recompiled/IDA/speccpu/clang/O1/libquantum-clang-O1/quantum_objcode_put/src/objcode.c:174:19: error: expected ';' at end of declaration")
('error:', "/home/yanlin/my-projects/decompilation/source_code/recompiled/IDA/speccpu/clang/O1/libquantum-clang-O1/quantum_objcode_put/src/objcode.c:175:10: error: expected ';' after expression")
('error:', "/home/yanlin/my-projects/decompilation/source_code/recompiled/IDA/speccpu/clang/O1/libquantum-clang-O1/quantum_objcode_put/src/objcode.c:175:11: error: use of undeclared identifier 'v11'")
('error:', 'fatal error: too many errors emitted, stopping now [-ferror-limit=]')
***************** Next Function ******************
('func_count:', 21)
("func_name '", 'muxfa_inv', "'")
('err_func:', '/data/maliha/decompilation/data/error_without_patch/ida/speccpu/clang/O1/libquantum-clang-O1-compilation-errors/muxfa_inv')
('err_funcfile:', '/data/maliha/decompilation/data/error_without_patch/ida/speccpu/clang/O1/libquantum-clang-O1-compilation-errors/muxfa_inv')
('error:', 'clang: error: linker command failed with exit code 1 (use -v to see invocation)')
******************** ================== ******************** ==================
Total # fns with errors: 21. Total errors: 124
******************** ================== error type: occurrences ******************** ==================
conflicting types for a function: 1
expected 'some symbol': 21
expected expression: 3
member reference type is not a structure or union: 7
redefinition of __int64: 2
redefinition of __int8: 4
unknown type name: 17
use of undeclared identifier: 56
******************** ================== error distribution ******************** ==================
******************** ================== error type: func count ******************** ==================
conflicting types for a function: 1
expected 'some symbol': 7
expected expression: 1
member reference type is not a structure or union: 2
redefinition of __int64: 2
redefinition of __int8: 1
unknown type name: 7
use of undeclared identifier: 9
******************** ================== unknown errors ******************** ==================
