maliha print
***************** Next Function ******************
('func_count:', 1)
("func_name '", 'is_draw', "'")
('err_func:', '/data/0202_patch/ida/speccpu/gcc/O1/sjeng-gcc-O1-compilation-errors/is_draw')
('err_funcfile:', '/data/0202_patch/ida/speccpu/gcc/O1/sjeng-gcc-O1-compilation-errors/is_draw')
***************** Next Function ******************
('func_count:', 2)
("func_name '", 'rdifftime', "'")
('err_func:', '/data/0202_patch/ida/speccpu/gcc/O1/sjeng-gcc-O1-compilation-errors/rdifftime')
('err_funcfile:', '/data/0202_patch/ida/speccpu/gcc/O1/sjeng-gcc-O1-compilation-errors/rdifftime')
***************** Next Function ******************
('func_count:', 3)
("func_name '", 'clear_tt', "'")
('err_func:', '/data/0202_patch/ida/speccpu/gcc/O1/sjeng-gcc-O1-compilation-errors/clear_tt')
('err_funcfile:', '/data/0202_patch/ida/speccpu/gcc/O1/sjeng-gcc-O1-compilation-errors/clear_tt')
***************** Next Function ******************
('func_count:', 4)
("func_name '", 'rinput', "'")
('err_func:', '/data/0202_patch/ida/speccpu/gcc/O1/sjeng-gcc-O1-compilation-errors/rinput')
('err_funcfile:', '/data/0202_patch/ida/speccpu/gcc/O1/sjeng-gcc-O1-compilation-errors/rinput')
***************** Next Function ******************
('func_count:', 5)
("func_name '", 'l_pawn_mobility', "'")
('err_func:', '/data/0202_patch/ida/speccpu/gcc/O1/sjeng-gcc-O1-compilation-errors/l_pawn_mobility')
('err_funcfile:', '/data/0202_patch/ida/speccpu/gcc/O1/sjeng-gcc-O1-compilation-errors/l_pawn_mobility')
***************** Next Function ******************
('func_count:', 6)
("func_name '", 'ResetHandValue', "'")
('err_func:', '/data/0202_patch/ida/speccpu/gcc/O1/sjeng-gcc-O1-compilation-errors/ResetHandValue')
('err_funcfile:', '/data/0202_patch/ida/speccpu/gcc/O1/sjeng-gcc-O1-compilation-errors/ResetHandValue')
***************** Next Function ******************
('func_count:', 7)
("func_name '", 'reset_piece_square', "'")
('err_func:', '/data/0202_patch/ida/speccpu/gcc/O1/sjeng-gcc-O1-compilation-errors/reset_piece_square')
('err_funcfile:', '/data/0202_patch/ida/speccpu/gcc/O1/sjeng-gcc-O1-compilation-errors/reset_piece_square')
***************** Next Function ******************
('func_count:', 8)
("func_name '", 'add_capture', "'")
('err_func:', '/data/0202_patch/ida/speccpu/gcc/O1/sjeng-gcc-O1-compilation-errors/add_capture')
('err_funcfile:', '/data/0202_patch/ida/speccpu/gcc/O1/sjeng-gcc-O1-compilation-errors/add_capture')
***************** Next Function ******************
('func_count:', 9)
("func_name '", 'calc_attackers', "'")
('err_func:', '/data/0202_patch/ida/speccpu/gcc/O1/sjeng-gcc-O1-compilation-errors/calc_attackers')
('err_funcfile:', '/data/0202_patch/ida/speccpu/gcc/O1/sjeng-gcc-O1-compilation-errors/calc_attackers')
('error:', "attacks.c:509:17: error: use of undeclared identifier 'rook_o_8'")
('error:', "attacks.c:537:13: error: use of undeclared identifier 'jpt_40190F'")
('error:', "attacks.c:545:7: error: use of undeclared identifier 'bishop_o_7'")
('error:', "attacks.c:553:7: error: use of undeclared identifier 'knight_o_6'")
('error:', "attacks.c:560:16: error: use of undeclared identifier 'bishop_o_7'")
('error:', "attacks.c:591:16: error: use of undeclared identifier 'rook_o_8'")
('error:', "attacks.c:619:12: error: use of undeclared identifier 'jpt_40190F'")
('error:', "attacks.c:627:7: error: use of undeclared identifier 'bishop_o_7'")
('error:', "attacks.c:663:7: error: use of undeclared identifier 'knight_o_6'")
('error:', "attacks.c:670:16: error: use of undeclared identifier 'bishop_o_7'")
***************** Next Function ******************
('func_count:', 10)
("func_name '", 'losers_pn_eval', "'")
('err_func:', '/data/0202_patch/ida/speccpu/gcc/O1/sjeng-gcc-O1-compilation-errors/losers_pn_eval')
('err_funcfile:', '/data/0202_patch/ida/speccpu/gcc/O1/sjeng-gcc-O1-compilation-errors/losers_pn_eval')
***************** Next Function ******************
('func_count:', 11)
("func_name '", 'QStoreTT', "'")
('err_func:', '/data/0202_patch/ida/speccpu/gcc/O1/sjeng-gcc-O1-compilation-errors/QStoreTT')
('err_funcfile:', '/data/0202_patch/ida/speccpu/gcc/O1/sjeng-gcc-O1-compilation-errors/QStoreTT')
***************** Next Function ******************
('func_count:', 12)
("func_name '", 'check_phase', "'")
('err_func:', '/data/0202_patch/ida/speccpu/gcc/O1/sjeng-gcc-O1-compilation-errors/check_phase')
('err_funcfile:', '/data/0202_patch/ida/speccpu/gcc/O1/sjeng-gcc-O1-compilation-errors/check_phase')
***************** Next Function ******************
('func_count:', 13)
("func_name '", 'reset_ecache', "'")
('err_func:', '/data/0202_patch/ida/speccpu/gcc/O1/sjeng-gcc-O1-compilation-errors/reset_ecache')
('err_funcfile:', '/data/0202_patch/ida/speccpu/gcc/O1/sjeng-gcc-O1-compilation-errors/reset_ecache')
***************** Next Function ******************
('func_count:', 14)
("func_name '", 'f_in_check', "'")
('err_func:', '/data/0202_patch/ida/speccpu/gcc/O1/sjeng-gcc-O1-compilation-errors/f_in_check')
('err_funcfile:', '/data/0202_patch/ida/speccpu/gcc/O1/sjeng-gcc-O1-compilation-errors/f_in_check')
('error:', "moves.c:1382:22: error: use of undeclared identifier 'knight_o_3'")
('error:', "moves.c:1844:22: error: use of undeclared identifier 'knight_o_3'")
***************** Next Function ******************
('func_count:', 15)
("func_name '", 'interrupt', "'")
('err_func:', '/data/0202_patch/ida/speccpu/gcc/O1/sjeng-gcc-O1-compilation-errors/interrupt')
('err_funcfile:', '/data/0202_patch/ida/speccpu/gcc/O1/sjeng-gcc-O1-compilation-errors/interrupt')
***************** Next Function ******************
('func_count:', 16)
("func_name '", 'seedMT', "'")
('err_func:', '/data/0202_patch/ida/speccpu/gcc/O1/sjeng-gcc-O1-compilation-errors/seedMT')
('err_funcfile:', '/data/0202_patch/ida/speccpu/gcc/O1/sjeng-gcc-O1-compilation-errors/seedMT')
***************** Next Function ******************
('func_count:', 17)
("func_name '", 'see', "'")
('err_func:', '/data/0202_patch/ida/speccpu/gcc/O1/sjeng-gcc-O1-compilation-errors/see')
('err_funcfile:', '/data/0202_patch/ida/speccpu/gcc/O1/sjeng-gcc-O1-compilation-errors/see')
***************** Next Function ******************
('func_count:', 18)
("func_name '", 'proofnumbercheck', "'")
('err_func:', '/data/0202_patch/ida/speccpu/gcc/O1/sjeng-gcc-O1-compilation-errors/proofnumbercheck')
('err_funcfile:', '/data/0202_patch/ida/speccpu/gcc/O1/sjeng-gcc-O1-compilation-errors/proofnumbercheck')
('error:', "proof.c:1949:10: error: conflicting types for 'proofnumbercheck'")
***************** Next Function ******************
('func_count:', 19)
("func_name '", 'suicide_eval', "'")
('err_func:', '/data/0202_patch/ida/speccpu/gcc/O1/sjeng-gcc-O1-compilation-errors/suicide_eval')
('err_funcfile:', '/data/0202_patch/ida/speccpu/gcc/O1/sjeng-gcc-O1-compilation-errors/suicide_eval')
***************** Next Function ******************
('func_count:', 20)
("func_name '", 'l_bishop_mobility', "'")
('err_func:', '/data/0202_patch/ida/speccpu/gcc/O1/sjeng-gcc-O1-compilation-errors/l_bishop_mobility')
('err_funcfile:', '/data/0202_patch/ida/speccpu/gcc/O1/sjeng-gcc-O1-compilation-errors/l_bishop_mobility')
***************** Next Function ******************
('func_count:', 21)
("func_name '", 's_bishop_mobility', "'")
('err_func:', '/data/0202_patch/ida/speccpu/gcc/O1/sjeng-gcc-O1-compilation-errors/s_bishop_mobility')
('err_funcfile:', '/data/0202_patch/ida/speccpu/gcc/O1/sjeng-gcc-O1-compilation-errors/s_bishop_mobility')
***************** Next Function ******************
('func_count:', 22)
("func_name '", 'addHolding', "'")
('err_func:', '/data/0202_patch/ida/speccpu/gcc/O1/sjeng-gcc-O1-compilation-errors/addHolding')
('err_funcfile:', '/data/0202_patch/ida/speccpu/gcc/O1/sjeng-gcc-O1-compilation-errors/addHolding')
***************** Next Function ******************
('func_count:', 23)
("func_name '", 'extended_in_check', "'")
('err_func:', '/data/0202_patch/ida/speccpu/gcc/O1/sjeng-gcc-O1-compilation-errors/extended_in_check')
('err_funcfile:', '/data/0202_patch/ida/speccpu/gcc/O1/sjeng-gcc-O1-compilation-errors/extended_in_check')
('error:', "moves.c:1713:6: error: use of undeclared identifier 'knight_o_2'")
('error:', "moves.c:1720:9: error: use of undeclared identifier 'knight_o_3'")
('error:', "moves.c:1759:6: error: use of undeclared identifier 'knight_o_2'")
('error:', "moves.c:1766:9: error: use of undeclared identifier 'knight_o_3'")
***************** Next Function ******************
('func_count:', 24)
("func_name '", 'try_drop', "'")
('err_func:', '/data/0202_patch/ida/speccpu/gcc/O1/sjeng-gcc-O1-compilation-errors/try_drop')
('err_funcfile:', '/data/0202_patch/ida/speccpu/gcc/O1/sjeng-gcc-O1-compilation-errors/try_drop')
***************** Next Function ******************
('func_count:', 25)
("func_name '", 'perft', "'")
('err_func:', '/data/0202_patch/ida/speccpu/gcc/O1/sjeng-gcc-O1-compilation-errors/perft')
('err_funcfile:', '/data/0202_patch/ida/speccpu/gcc/O1/sjeng-gcc-O1-compilation-errors/perft')
***************** Next Function ******************
('func_count:', 26)
("func_name '", 'start_up', "'")
('err_func:', '/data/0202_patch/ida/speccpu/gcc/O1/sjeng-gcc-O1-compilation-errors/start_up')
('err_funcfile:', '/data/0202_patch/ida/speccpu/gcc/O1/sjeng-gcc-O1-compilation-errors/start_up')
***************** Next Function ******************
('func_count:', 27)
("func_name '", 'GreetPartner', "'")
('err_func:', '/data/0202_patch/ida/speccpu/gcc/O1/sjeng-gcc-O1-compilation-errors/GreetPartner')
('err_funcfile:', '/data/0202_patch/ida/speccpu/gcc/O1/sjeng-gcc-O1-compilation-errors/GreetPartner')
***************** Next Function ******************
('func_count:', 28)
("func_name '", 'DropaddHolding', "'")
('err_func:', '/data/0202_patch/ida/speccpu/gcc/O1/sjeng-gcc-O1-compilation-errors/DropaddHolding')
('err_funcfile:', '/data/0202_patch/ida/speccpu/gcc/O1/sjeng-gcc-O1-compilation-errors/DropaddHolding')
***************** Next Function ******************
('func_count:', 29)
("func_name '", 'SwitchPromoted', "'")
('err_func:', '/data/0202_patch/ida/speccpu/gcc/O1/sjeng-gcc-O1-compilation-errors/SwitchPromoted')
('err_funcfile:', '/data/0202_patch/ida/speccpu/gcc/O1/sjeng-gcc-O1-compilation-errors/SwitchPromoted')
***************** Next Function ******************
('func_count:', 30)
("func_name '", 'pn_eval', "'")
('err_func:', '/data/0202_patch/ida/speccpu/gcc/O1/sjeng-gcc-O1-compilation-errors/pn_eval')
('err_funcfile:', '/data/0202_patch/ida/speccpu/gcc/O1/sjeng-gcc-O1-compilation-errors/pn_eval')
***************** Next Function ******************
('func_count:', 31)
("func_name '", 'l_rook_mobility', "'")
('err_func:', '/data/0202_patch/ida/speccpu/gcc/O1/sjeng-gcc-O1-compilation-errors/l_rook_mobility')
('err_funcfile:', '/data/0202_patch/ida/speccpu/gcc/O1/sjeng-gcc-O1-compilation-errors/l_rook_mobility')
***************** Next Function ******************
('func_count:', 32)
("func_name '", 'proofnumberscan', "'")
('err_func:', '/data/0202_patch/ida/speccpu/gcc/O1/sjeng-gcc-O1-compilation-errors/proofnumberscan')
('err_funcfile:', '/data/0202_patch/ida/speccpu/gcc/O1/sjeng-gcc-O1-compilation-errors/proofnumberscan')
('error:', "proof.c:1577:38: error: member reference base type 'const __m128i' (vector of 2 'long long' values) is not a structure or union")
('error:', "proof.c:1637:38: error: member reference base type 'const __m128i' (vector of 2 'long long' values) is not a structure or union")
('error:', "proof.c:1653:14: error: passing 'char [8]' to parameter of incompatible type 'move_s'")
('error:', "proof.c:1659:5: error: assigning to '__m128i' (vector of 2 'long long' values) from incompatible type 'long long'")
('error:', "proof.c:1660:15: error: member reference base type '__m128i' (vector of 2 'long long' values) is not a structure or union")
('error:', "proof.c:1660:39: error: member reference base type 'const __m128i' (vector of 2 'long long' values) is not a structure or union")
('error:', "proof.c:1661:20: error: member reference base type '__m128i' (vector of 2 'long long' values) is not a structure or union")
('error:', "proof.c:1664:38: error: member reference base type 'const __m128i' (vector of 2 'long long' values) is not a structure or union")
('error:', "proof.c:1668:10: error: member reference base type 'const __m128i' (vector of 2 'long long' values) is not a structure or union")
('error:', "proof.c:1669:11: error: member reference base type 'const __m128i' (vector of 2 'long long' values) is not a structure or union")
('error:', "proof.c:1676:38: error: member reference base type 'const __m128i' (vector of 2 'long long' values) is not a structure or union")
('error:', "proof.c:1685:14: error: passing 'char [8]' to parameter of incompatible type 'move_s'")
***************** Next Function ******************
('func_count:', 33)
("func_name '", 'push_knighT', "'")
('err_func:', '/data/0202_patch/ida/speccpu/gcc/O1/sjeng-gcc-O1-compilation-errors/push_knighT')
('err_funcfile:', '/data/0202_patch/ida/speccpu/gcc/O1/sjeng-gcc-O1-compilation-errors/push_knighT')
***************** Next Function ******************
('func_count:', 34)
("func_name '", 'display_board', "'")
('err_func:', '/data/0202_patch/ida/speccpu/gcc/O1/sjeng-gcc-O1-compilation-errors/display_board')
('err_funcfile:', '/data/0202_patch/ida/speccpu/gcc/O1/sjeng-gcc-O1-compilation-errors/display_board')
('error:', 'utils.c:839:10: error: expected expression')
('error:', 'utils.c:860:10: error: expected expression')
***************** Next Function ******************
('func_count:', 35)
("func_name '", 'post_fail_thinking', "'")
('err_func:', '/data/0202_patch/ida/speccpu/gcc/O1/sjeng-gcc-O1-compilation-errors/post_fail_thinking')
('err_funcfile:', '/data/0202_patch/ida/speccpu/gcc/O1/sjeng-gcc-O1-compilation-errors/post_fail_thinking')
('error:', "utils.c:1099:14: error: passing 'char [256]' to parameter of incompatible type 'move_s'")
***************** Next Function ******************
('func_count:', 36)
("func_name '", 'proofnumbersearch', "'")
('err_func:', '/data/0202_patch/ida/speccpu/gcc/O1/sjeng-gcc-O1-compilation-errors/proofnumbersearch')
('err_funcfile:', '/data/0202_patch/ida/speccpu/gcc/O1/sjeng-gcc-O1-compilation-errors/proofnumbersearch')
('error:', "proof.c:1872:16: error: passing 'char [8192]' to parameter of incompatible type 'move_s'")
('error:', "proof.c:1925:10: error: member reference base type 'const __m128i' (vector of 2 'long long' values) is not a structure or union")
('error:', "proof.c:1928:18: error: member reference base type 'const __m128i' (vector of 2 'long long' values) is not a structure or union")
('error:', "proof.c:1932:38: error: member reference base type 'const __m128i' (vector of 2 'long long' values) is not a structure or union")
('error:', "proof.c:1940:38: error: member reference base type 'const __m128i' (vector of 2 'long long' values) is not a structure or union")
***************** Next Function ******************
('func_count:', 37)
("func_name '", 'toggle_bool', "'")
('err_func:', '/data/0202_patch/ida/speccpu/gcc/O1/sjeng-gcc-O1-compilation-errors/toggle_bool')
('err_funcfile:', '/data/0202_patch/ida/speccpu/gcc/O1/sjeng-gcc-O1-compilation-errors/toggle_bool')
***************** Next Function ******************
('func_count:', 38)
("func_name '", 'PutPiece', "'")
('err_func:', '/data/0202_patch/ida/speccpu/gcc/O1/sjeng-gcc-O1-compilation-errors/PutPiece')
('err_funcfile:', '/data/0202_patch/ida/speccpu/gcc/O1/sjeng-gcc-O1-compilation-errors/PutPiece')
***************** Next Function ******************
('func_count:', 39)
("func_name '", 'initialize_hash', "'")
('err_func:', '/data/0202_patch/ida/speccpu/gcc/O1/sjeng-gcc-O1-compilation-errors/initialize_hash')
('err_funcfile:', '/data/0202_patch/ida/speccpu/gcc/O1/sjeng-gcc-O1-compilation-errors/initialize_hash')
***************** Next Function ******************
('func_count:', 40)
("func_name '", 'free_ecache', "'")
('err_func:', '/data/0202_patch/ida/speccpu/gcc/O1/sjeng-gcc-O1-compilation-errors/free_ecache')
('err_funcfile:', '/data/0202_patch/ida/speccpu/gcc/O1/sjeng-gcc-O1-compilation-errors/free_ecache')
***************** Next Function ******************
('func_count:', 41)
("func_name '", 'init_game', "'")
('err_func:', '/data/0202_patch/ida/speccpu/gcc/O1/sjeng-gcc-O1-compilation-errors/init_game')
('err_funcfile:', '/data/0202_patch/ida/speccpu/gcc/O1/sjeng-gcc-O1-compilation-errors/init_game')
('error:', "utils.c:836:23: error: use of undeclared identifier 'unk_41D940'")
***************** Next Function ******************
('func_count:', 42)
("func_name '", 'ProcessHoldings', "'")
('err_func:', '/data/0202_patch/ida/speccpu/gcc/O1/sjeng-gcc-O1-compilation-errors/ProcessHoldings')
('err_funcfile:', '/data/0202_patch/ida/speccpu/gcc/O1/sjeng-gcc-O1-compilation-errors/ProcessHoldings')
***************** Next Function ******************
('func_count:', 43)
("func_name '", 'eval', "'")
('err_func:', '/data/0202_patch/ida/speccpu/gcc/O1/sjeng-gcc-O1-compilation-errors/eval')
('err_funcfile:', '/data/0202_patch/ida/speccpu/gcc/O1/sjeng-gcc-O1-compilation-errors/eval')
***************** Next Function ******************
('func_count:', 44)
("func_name '", 'ProbeTT', "'")
('err_func:', '/data/0202_patch/ida/speccpu/gcc/O1/sjeng-gcc-O1-compilation-errors/ProbeTT')
('err_funcfile:', '/data/0202_patch/ida/speccpu/gcc/O1/sjeng-gcc-O1-compilation-errors/ProbeTT')
***************** Next Function ******************
('func_count:', 45)
("func_name '", 'search', "'")
('err_func:', '/data/0202_patch/ida/speccpu/gcc/O1/sjeng-gcc-O1-compilation-errors/search')
('err_funcfile:', '/data/0202_patch/ida/speccpu/gcc/O1/sjeng-gcc-O1-compilation-errors/search')
('error:', "search.c:1155:24: error: use of undeclared identifier 'rc_index_0'")
('error:', "search.c:1155:48: error: use of undeclared identifier 'rc_index_0'")
('error:', "search.c:1712:7: error: member reference base type '__m128i' (vector of 2 'long long' values) is not a structure or union")
('error:', "search.c:1712:41: error: member reference base type '__m128i' (vector of 2 'long long' values) is not a structure or union")
***************** Next Function ******************
('func_count:', 46)
("func_name '", 'is_attacked', "'")
('err_func:', '/data/0202_patch/ida/speccpu/gcc/O1/sjeng-gcc-O1-compilation-errors/is_attacked')
('err_funcfile:', '/data/0202_patch/ida/speccpu/gcc/O1/sjeng-gcc-O1-compilation-errors/is_attacked')
('error:', "attacks.c:660:6: error: use of undeclared identifier 'bishop_o_5'")
('error:', "attacks.c:671:6: error: use of undeclared identifier 'knight_o_4'")
('error:', "attacks.c:678:9: error: use of undeclared identifier 'bishop_o_5'")
('error:', "attacks.c:679:6: error: use of undeclared identifier 'rook_o_3'")
('error:', "attacks.c:707:6: error: use of undeclared identifier 'knight_o_4'")
('error:', "attacks.c:736:7: error: use of undeclared identifier 'bishop_o_5'")
('error:', "attacks.c:767:7: error: use of undeclared identifier 'knight_o_4'")
('error:', "attacks.c:774:16: error: use of undeclared identifier 'bishop_o_5'")
('error:', "attacks.c:775:7: error: use of undeclared identifier 'rook_o_3'")
('error:', "attacks.c:786:15: error: use of undeclared identifier 'knight_o_4'")
***************** Next Function ******************
('func_count:', 47)
("func_name '", 'push_pawn_simple', "'")
('err_func:', '/data/0202_patch/ida/speccpu/gcc/O1/sjeng-gcc-O1-compilation-errors/push_pawn_simple')
('err_funcfile:', '/data/0202_patch/ida/speccpu/gcc/O1/sjeng-gcc-O1-compilation-errors/push_pawn_simple')
***************** Next Function ******************
('func_count:', 48)
("func_name '", 's_pawn_mobility', "'")
('err_func:', '/data/0202_patch/ida/speccpu/gcc/O1/sjeng-gcc-O1-compilation-errors/s_pawn_mobility')
('err_funcfile:', '/data/0202_patch/ida/speccpu/gcc/O1/sjeng-gcc-O1-compilation-errors/s_pawn_mobility')
***************** Next Function ******************
('func_count:', 49)
("func_name '", 'gen', "'")
('err_func:', '/data/0202_patch/ida/speccpu/gcc/O1/sjeng-gcc-O1-compilation-errors/gen')
('err_funcfile:', '/data/0202_patch/ida/speccpu/gcc/O1/sjeng-gcc-O1-compilation-errors/gen')
***************** Next Function ******************
('func_count:', 50)
("func_name '", 'HandlePartner', "'")
('err_func:', '/data/0202_patch/ida/speccpu/gcc/O1/sjeng-gcc-O1-compilation-errors/HandlePartner')
('err_funcfile:', '/data/0202_patch/ida/speccpu/gcc/O1/sjeng-gcc-O1-compilation-errors/HandlePartner')
***************** Next Function ******************
('func_count:', 51)
("func_name '", 'suicide_mid_eval', "'")
('err_func:', '/data/0202_patch/ida/speccpu/gcc/O1/sjeng-gcc-O1-compilation-errors/suicide_mid_eval')
('err_funcfile:', '/data/0202_patch/ida/speccpu/gcc/O1/sjeng-gcc-O1-compilation-errors/suicide_mid_eval')
***************** Next Function ******************
('func_count:', 52)
("func_name '", 'Knight', "'")
('err_func:', '/data/0202_patch/ida/speccpu/gcc/O1/sjeng-gcc-O1-compilation-errors/Knight')
('err_funcfile:', '/data/0202_patch/ida/speccpu/gcc/O1/sjeng-gcc-O1-compilation-errors/Knight')
***************** Next Function ******************
('func_count:', 53)
("func_name '", 'DropremoveHolding', "'")
('err_func:', '/data/0202_patch/ida/speccpu/gcc/O1/sjeng-gcc-O1-compilation-errors/DropremoveHolding')
('err_funcfile:', '/data/0202_patch/ida/speccpu/gcc/O1/sjeng-gcc-O1-compilation-errors/DropremoveHolding')
***************** Next Function ******************
('func_count:', 54)
("func_name '", 'add_move', "'")
('err_func:', '/data/0202_patch/ida/speccpu/gcc/O1/sjeng-gcc-O1-compilation-errors/add_move')
('err_funcfile:', '/data/0202_patch/ida/speccpu/gcc/O1/sjeng-gcc-O1-compilation-errors/add_move')
***************** Next Function ******************
('func_count:', 55)
("func_name '", 'checkECache', "'")
('err_func:', '/data/0202_patch/ida/speccpu/gcc/O1/sjeng-gcc-O1-compilation-errors/checkECache')
('err_funcfile:', '/data/0202_patch/ida/speccpu/gcc/O1/sjeng-gcc-O1-compilation-errors/checkECache')
***************** Next Function ******************
('func_count:', 56)
("func_name '", 'QProbeTT', "'")
('err_func:', '/data/0202_patch/ida/speccpu/gcc/O1/sjeng-gcc-O1-compilation-errors/QProbeTT')
('err_funcfile:', '/data/0202_patch/ida/speccpu/gcc/O1/sjeng-gcc-O1-compilation-errors/QProbeTT')
***************** Next Function ******************
('func_count:', 57)
("func_name '", 'comp_to_coord', "'")
('err_func:', '/data/0202_patch/ida/speccpu/gcc/O1/sjeng-gcc-O1-compilation-errors/comp_to_coord')
('err_funcfile:', '/data/0202_patch/ida/speccpu/gcc/O1/sjeng-gcc-O1-compilation-errors/comp_to_coord')
('error:', "utils.c:738:7: error: conflicting types for 'comp_to_coord'")
***************** Next Function ******************
('func_count:', 58)
("func_name '", 'initialize_zobrist', "'")
('err_func:', '/data/0202_patch/ida/speccpu/gcc/O1/sjeng-gcc-O1-compilation-errors/initialize_zobrist')
('err_funcfile:', '/data/0202_patch/ida/speccpu/gcc/O1/sjeng-gcc-O1-compilation-errors/initialize_zobrist')
***************** Next Function ******************
('func_count:', 59)
("func_name '", 'verify_coord', "'")
('err_func:', '/data/0202_patch/ida/speccpu/gcc/O1/sjeng-gcc-O1-compilation-errors/verify_coord')
('err_funcfile:', '/data/0202_patch/ida/speccpu/gcc/O1/sjeng-gcc-O1-compilation-errors/verify_coord')
('error:', "utils.c:1482:16: error: passing 'char [6]' to parameter of incompatible type 'move_s'")
('error:', "utils.c:1489:35: error: member reference base type 'const __m128i' (vector of 2 'long long' values) is not a structure or union")
***************** Next Function ******************
('func_count:', 60)
("func_name '", 'findlowest', "'")
('err_func:', '/data/0202_patch/ida/speccpu/gcc/O1/sjeng-gcc-O1-compilation-errors/findlowest')
('err_funcfile:', '/data/0202_patch/ida/speccpu/gcc/O1/sjeng-gcc-O1-compilation-errors/findlowest')
***************** Next Function ******************
('func_count:', 61)
("func_name '", 'in_check', "'")
('err_func:', '/data/0202_patch/ida/speccpu/gcc/O1/sjeng-gcc-O1-compilation-errors/in_check')
('err_funcfile:', '/data/0202_patch/ida/speccpu/gcc/O1/sjeng-gcc-O1-compilation-errors/in_check')
***************** Next Function ******************
('func_count:', 62)
("func_name '", 'LearnStoreTT', "'")
('err_func:', '/data/0202_patch/ida/speccpu/gcc/O1/sjeng-gcc-O1-compilation-errors/LearnStoreTT')
('err_funcfile:', '/data/0202_patch/ida/speccpu/gcc/O1/sjeng-gcc-O1-compilation-errors/LearnStoreTT')
***************** Next Function ******************
('func_count:', 63)
("func_name '", 'initialize_eval', "'")
('err_func:', '/data/0202_patch/ida/speccpu/gcc/O1/sjeng-gcc-O1-compilation-errors/initialize_eval')
('err_funcfile:', '/data/0202_patch/ida/speccpu/gcc/O1/sjeng-gcc-O1-compilation-errors/initialize_eval')
***************** Next Function ******************
('func_count:', 64)
("func_name '", 'l_knight_mobility', "'")
('err_func:', '/data/0202_patch/ida/speccpu/gcc/O1/sjeng-gcc-O1-compilation-errors/l_knight_mobility')
('err_funcfile:', '/data/0202_patch/ida/speccpu/gcc/O1/sjeng-gcc-O1-compilation-errors/l_knight_mobility')
('error:', "leval.c:530:21: error: use of undeclared identifier 'knight_o_1_0'")
***************** Next Function ******************
('func_count:', 65)
("func_name '", 'run_epd_testsuite', "'")
('err_func:', '/data/0202_patch/ida/speccpu/gcc/O1/sjeng-gcc-O1-compilation-errors/run_epd_testsuite')
('err_funcfile:', '/data/0202_patch/ida/speccpu/gcc/O1/sjeng-gcc-O1-compilation-errors/run_epd_testsuite')
('error:', 'epd.c:704:8: error: too many arguments to function call, expected 0, have 1')
***************** Next Function ******************
('func_count:', 66)
("func_name '", 'CheckBadFlow', "'")
('err_func:', '/data/0202_patch/ida/speccpu/gcc/O1/sjeng-gcc-O1-compilation-errors/CheckBadFlow')
('err_funcfile:', '/data/0202_patch/ida/speccpu/gcc/O1/sjeng-gcc-O1-compilation-errors/CheckBadFlow')
('error:', "partner.c:991:1: error: use of undeclared identifier 'pawnmated_4'")
('error:', "partner.c:992:1: error: use of undeclared identifier 'knightmated_3'; did you mean 'knightmates'?")
('error:', "partner.c:993:1: error: use of undeclared identifier 'bishopmated_2'")
('error:', "partner.c:994:1: error: use of undeclared identifier 'rookmated_1'")
('error:', "partner.c:995:1: error: use of undeclared identifier 'queenmated_0'")
('error:', "partner.c:1288:6: error: use of undeclared identifier 'pawnmated_4'")
('error:', "partner.c:1302:14: error: use of undeclared identifier 'pawnmated_4'")
('error:', "partner.c:1310:6: error: use of undeclared identifier 'knightmated_3'; did you mean 'knightmates'?")
('error:', "partner.c:1316:23: error: use of undeclared identifier 'knightmated_3'; did you mean 'knightmates'?")
('error:', "partner.c:1324:6: error: use of undeclared identifier 'bishopmated_2'")
('error:', "partner.c:1330:23: error: use of undeclared identifier 'bishopmated_2'")
('error:', "partner.c:1338:6: error: use of undeclared identifier 'rookmated_1'")
('error:', "partner.c:1344:21: error: use of undeclared identifier 'rookmated_1'")
('error:', "partner.c:1351:6: error: use of undeclared identifier 'queenmated_0'")
('error:', "partner.c:1357:20: error: use of undeclared identifier 'queenmated_0'")
('error:', "partner.c:1381:6: error: use of undeclared identifier 'pawnmated_4'")
('error:', "partner.c:1382:1: error: use of undeclared identifier 'pawnmated_4'")
('error:', "partner.c:1384:15: error: use of undeclared identifier 'bishopmated_2'")
('error:', "partner.c:1385:1: error: use of undeclared identifier 'bishopmated_2'")
('error:', 'fatal error: too many errors emitted, stopping now [-ferror-limit=]')
***************** Next Function ******************
('func_count:', 67)
("func_name '", 'comp_to_san', "'")
('err_func:', '/data/0202_patch/ida/speccpu/gcc/O1/sjeng-gcc-O1-compilation-errors/comp_to_san')
('err_funcfile:', '/data/0202_patch/ida/speccpu/gcc/O1/sjeng-gcc-O1-compilation-errors/comp_to_san')
('error:', "utils.c:578:7: error: conflicting types for 'comp_to_san'")
***************** Next Function ******************
('func_count:', 68)
("func_name '", 'allocate_time', "'")
('err_func:', '/data/0202_patch/ida/speccpu/gcc/O1/sjeng-gcc-O1-compilation-errors/allocate_time')
('err_funcfile:', '/data/0202_patch/ida/speccpu/gcc/O1/sjeng-gcc-O1-compilation-errors/allocate_time')
***************** Next Function ******************
('func_count:', 69)
("func_name '", 'check_legal', "'")
('err_func:', '/data/0202_patch/ida/speccpu/gcc/O1/sjeng-gcc-O1-compilation-errors/check_legal')
('err_funcfile:', '/data/0202_patch/ida/speccpu/gcc/O1/sjeng-gcc-O1-compilation-errors/check_legal')
***************** Next Function ******************
('func_count:', 70)
("func_name '", 'post_fh_thinking', "'")
('err_func:', '/data/0202_patch/ida/speccpu/gcc/O1/sjeng-gcc-O1-compilation-errors/post_fh_thinking')
('err_funcfile:', '/data/0202_patch/ida/speccpu/gcc/O1/sjeng-gcc-O1-compilation-errors/post_fh_thinking')
('error:', "utils.c:1129:14: error: passing 'char [256]' to parameter of incompatible type 'move_s'")
***************** Next Function ******************
('func_count:', 71)
("func_name '", 'select_most_proving', "'")
('err_func:', '/data/0202_patch/ida/speccpu/gcc/O1/sjeng-gcc-O1-compilation-errors/select_most_proving')
('err_funcfile:', '/data/0202_patch/ida/speccpu/gcc/O1/sjeng-gcc-O1-compilation-errors/select_most_proving')
***************** Next Function ******************
('func_count:', 72)
("func_name '", 'push_pawn', "'")
('err_func:', '/data/0202_patch/ida/speccpu/gcc/O1/sjeng-gcc-O1-compilation-errors/push_pawn')
('err_funcfile:', '/data/0202_patch/ida/speccpu/gcc/O1/sjeng-gcc-O1-compilation-errors/push_pawn')
***************** Next Function ******************
('func_count:', 73)
("func_name '", 'make', "'")
('err_func:', '/data/0202_patch/ida/speccpu/gcc/O1/sjeng-gcc-O1-compilation-errors/make')
('err_funcfile:', '/data/0202_patch/ida/speccpu/gcc/O1/sjeng-gcc-O1-compilation-errors/make')
***************** Next Function ******************
('func_count:', 74)
("func_name '", 'post_thinking', "'")
('err_func:', '/data/0202_patch/ida/speccpu/gcc/O1/sjeng-gcc-O1-compilation-errors/post_thinking')
('err_funcfile:', '/data/0202_patch/ida/speccpu/gcc/O1/sjeng-gcc-O1-compilation-errors/post_thinking')
('error:', "utils.c:1066:14: error: passing 'char [256]' to parameter of incompatible type 'move_s'")
***************** Next Function ******************
('func_count:', 75)
("func_name '", 'alloc_ecache', "'")
('err_func:', '/data/0202_patch/ida/speccpu/gcc/O1/sjeng-gcc-O1-compilation-errors/alloc_ecache')
('err_funcfile:', '/data/0202_patch/ida/speccpu/gcc/O1/sjeng-gcc-O1-compilation-errors/alloc_ecache')
***************** Next Function ******************
('func_count:', 76)
("func_name '", 'HandlePtell', "'")
('err_func:', '/data/0202_patch/ida/speccpu/gcc/O1/sjeng-gcc-O1-compilation-errors/HandlePtell')
('err_funcfile:', '/data/0202_patch/ida/speccpu/gcc/O1/sjeng-gcc-O1-compilation-errors/HandlePtell')
('error:', "partner.c:558:20: error: use of undeclared identifier 'off_41C0B0'")
('error:', "partner.c:567:23: error: use of undeclared identifier 'off_41C0B0'")
('error:', "partner.c:636:1: error: use of undeclared identifier 'MEMORY'")
('error:', "partner.c:830:1: error: use of undeclared identifier 'MEMORY'")
***************** Next Function ******************
('func_count:', 77)
("func_name '", 'run_autotest', "'")
('err_func:', '/data/0202_patch/ida/speccpu/gcc/O1/sjeng-gcc-O1-compilation-errors/run_autotest')
('err_funcfile:', '/data/0202_patch/ida/speccpu/gcc/O1/sjeng-gcc-O1-compilation-errors/run_autotest')
('error:', 'epd.c:788:8: error: too many arguments to function call, expected 0, have 1')
***************** Next Function ******************
('func_count:', 78)
("func_name '", 'l_king_mobility', "'")
('err_func:', '/data/0202_patch/ida/speccpu/gcc/O1/sjeng-gcc-O1-compilation-errors/l_king_mobility')
('err_funcfile:', '/data/0202_patch/ida/speccpu/gcc/O1/sjeng-gcc-O1-compilation-errors/l_king_mobility')
('error:', "leval.c:559:6: error: use of undeclared identifier 'king_o_0'")
('error:', "leval.c:567:15: error: use of undeclared identifier 'knight_o_1_0'")
***************** Next Function ******************
('func_count:', 79)
("func_name '", 'think', "'")
('err_func:', '/data/0202_patch/ida/speccpu/gcc/O1/sjeng-gcc-O1-compilation-errors/think')
('err_funcfile:', '/data/0202_patch/ida/speccpu/gcc/O1/sjeng-gcc-O1-compilation-errors/think')
('error:', "search.c:1906:10: error: conflicting types for 'think'")
('error:', 'search.c:2005:13: error: subscripted value is not an array, pointer, or vector')
('error:', "search.c:2165:7: error: member reference base type '__m128i' (vector of 2 'long long' values) is not a structure or union")
('error:', 'search.c:2234:40: error: too many arguments to function call, expected 3, have 4')
('error:', 'search.c:2256:39: error: too many arguments to function call, expected 3, have 4')
('error:', 'search.c:2270:39: error: too many arguments to function call, expected 3, have 4')
('error:', 'search.c:2304:13: error: subscripted value is not an array, pointer, or vector')
('error:', "search.c:2396:30: error: too many arguments to function call, expected single argument 'compmove', have 2 arguments")
('error:', "search.c:2437:14: error: passing 'char [8]' to parameter of incompatible type 'move_s'")
('error:', 'search.c:2504:18: error: subscripted value is not an array, pointer, or vector')
('error:', "search.c:2518:1: error: use of undeclared identifier 'MEMORY'")
***************** Next Function ******************
('func_count:', 80)
("func_name '", 'stringize_pv', "'")
('err_func:', '/data/0202_patch/ida/speccpu/gcc/O1/sjeng-gcc-O1-compilation-errors/stringize_pv')
('err_funcfile:', '/data/0202_patch/ida/speccpu/gcc/O1/sjeng-gcc-O1-compilation-errors/stringize_pv')
('error:', "utils.c:1014:14: error: passing 'char [256]' to parameter of incompatible type 'move_s'")
***************** Next Function ******************
('func_count:', 81)
("func_name '", 'rtime', "'")
('err_func:', '/data/0202_patch/ida/speccpu/gcc/O1/sjeng-gcc-O1-compilation-errors/rtime')
('err_funcfile:', '/data/0202_patch/ida/speccpu/gcc/O1/sjeng-gcc-O1-compilation-errors/rtime')
***************** Next Function ******************
('func_count:', 82)
("func_name '", 'post_fl_thinking', "'")
('err_func:', '/data/0202_patch/ida/speccpu/gcc/O1/sjeng-gcc-O1-compilation-errors/post_fl_thinking')
('err_funcfile:', '/data/0202_patch/ida/speccpu/gcc/O1/sjeng-gcc-O1-compilation-errors/post_fl_thinking')
('error:', "utils.c:1158:14: error: passing 'char [256]' to parameter of incompatible type 'move_s'")
***************** Next Function ******************
('func_count:', 83)
("func_name '", 'losers_eval', "'")
('err_func:', '/data/0202_patch/ida/speccpu/gcc/O1/sjeng-gcc-O1-compilation-errors/losers_eval')
('err_funcfile:', '/data/0202_patch/ida/speccpu/gcc/O1/sjeng-gcc-O1-compilation-errors/losers_eval')
***************** Next Function ******************
('func_count:', 84)
("func_name '", 'search_root', "'")
('err_func:', '/data/0202_patch/ida/speccpu/gcc/O1/sjeng-gcc-O1-compilation-errors/search_root')
('err_funcfile:', '/data/0202_patch/ida/speccpu/gcc/O1/sjeng-gcc-O1-compilation-errors/search_root')
('error:', "search.c:1561:10: error: conflicting types for 'search_root'")
('error:', "search.c:1759:14: error: passing 'char [20]' to parameter of incompatible type 'move_s'")
('error:', 'search.c:1805:16: error: read-only variable is not assignable')
('error:', "search.c:1806:19: error: member reference base type 'const __m128i' (vector of 2 'long long' values) is not a structure or union")
('error:', "search.c:1806:41: error: member reference base type 'const __m128i' (vector of 2 'long long' values) is not a structure or union")
('error:', 'search.c:1886:16: error: read-only variable is not assignable')
('error:', "search.c:1887:19: error: member reference base type 'const __m128i' (vector of 2 'long long' values) is not a structure or union")
('error:', "search.c:1887:41: error: member reference base type 'const __m128i' (vector of 2 'long long' values) is not a structure or union")
('error:', "search.c:2036:7: error: member reference base type '__m128i' (vector of 2 'long long' values) is not a structure or union")
('error:', "search.c:2036:48: error: member reference base type '__m128i' (vector of 2 'long long' values) is not a structure or union")
***************** Next Function ******************
('func_count:', 85)
("func_name '", 'reset_board', "'")
('err_func:', '/data/0202_patch/ida/speccpu/gcc/O1/sjeng-gcc-O1-compilation-errors/reset_board')
('err_funcfile:', '/data/0202_patch/ida/speccpu/gcc/O1/sjeng-gcc-O1-compilation-errors/reset_board')
('error:', "utils.c:1578:23: error: use of undeclared identifier 'unk_41DD00'")
***************** Next Function ******************
('func_count:', 86)
("func_name '", 'free_hash', "'")
('err_func:', '/data/0202_patch/ida/speccpu/gcc/O1/sjeng-gcc-O1-compilation-errors/free_hash')
('err_funcfile:', '/data/0202_patch/ida/speccpu/gcc/O1/sjeng-gcc-O1-compilation-errors/free_hash')
***************** Next Function ******************
('func_count:', 87)
("func_name '", 'set_proof_and_disproof_numbers', "'")
('err_func:', '/data/0202_patch/ida/speccpu/gcc/O1/sjeng-gcc-O1-compilation-errors/set_proof_and_disproof_numbers')
('err_funcfile:', '/data/0202_patch/ida/speccpu/gcc/O1/sjeng-gcc-O1-compilation-errors/set_proof_and_disproof_numbers')
***************** Next Function ******************
('func_count:', 88)
("func_name '", 's_knight_mobility', "'")
('err_func:', '/data/0202_patch/ida/speccpu/gcc/O1/sjeng-gcc-O1-compilation-errors/s_knight_mobility')
('err_funcfile:', '/data/0202_patch/ida/speccpu/gcc/O1/sjeng-gcc-O1-compilation-errors/s_knight_mobility')
***************** Next Function ******************
('func_count:', 89)
("func_name '", 'Xmalloc', "'")
('err_func:', '/data/0202_patch/ida/speccpu/gcc/O1/sjeng-gcc-O1-compilation-errors/Xmalloc')
('err_funcfile:', '/data/0202_patch/ida/speccpu/gcc/O1/sjeng-gcc-O1-compilation-errors/Xmalloc')
***************** Next Function ******************
('func_count:', 90)
("func_name '", 'order_moves', "'")
('err_func:', '/data/0202_patch/ida/speccpu/gcc/O1/sjeng-gcc-O1-compilation-errors/order_moves')
('err_funcfile:', '/data/0202_patch/ida/speccpu/gcc/O1/sjeng-gcc-O1-compilation-errors/order_moves')
***************** Next Function ******************
('func_count:', 91)
("func_name '", 's_rook_mobility', "'")
('err_func:', '/data/0202_patch/ida/speccpu/gcc/O1/sjeng-gcc-O1-compilation-errors/s_rook_mobility')
('err_funcfile:', '/data/0202_patch/ida/speccpu/gcc/O1/sjeng-gcc-O1-compilation-errors/s_rook_mobility')
***************** Next Function ******************
('func_count:', 92)
("func_name '", 'remove_one', "'")
('err_func:', '/data/0202_patch/ida/speccpu/gcc/O1/sjeng-gcc-O1-compilation-errors/remove_one')
('err_funcfile:', '/data/0202_patch/ida/speccpu/gcc/O1/sjeng-gcc-O1-compilation-errors/remove_one')
***************** Next Function ******************
('func_count:', 93)
("func_name '", 'StoreTT', "'")
('err_func:', '/data/0202_patch/ida/speccpu/gcc/O1/sjeng-gcc-O1-compilation-errors/StoreTT')
('err_funcfile:', '/data/0202_patch/ida/speccpu/gcc/O1/sjeng-gcc-O1-compilation-errors/StoreTT')
***************** Next Function ******************
('func_count:', 94)
("func_name '", 'storeECache', "'")
('err_func:', '/data/0202_patch/ida/speccpu/gcc/O1/sjeng-gcc-O1-compilation-errors/storeECache')
('err_funcfile:', '/data/0202_patch/ida/speccpu/gcc/O1/sjeng-gcc-O1-compilation-errors/storeECache')
***************** Next Function ******************
('func_count:', 95)
("func_name '", 'push_slidE', "'")
('err_func:', '/data/0202_patch/ida/speccpu/gcc/O1/sjeng-gcc-O1-compilation-errors/push_slidE')
('err_funcfile:', '/data/0202_patch/ida/speccpu/gcc/O1/sjeng-gcc-O1-compilation-errors/push_slidE')
***************** Next Function ******************
('func_count:', 96)
("func_name '", 'nk_attacked', "'")
('err_func:', '/data/0202_patch/ida/speccpu/gcc/O1/sjeng-gcc-O1-compilation-errors/nk_attacked')
('err_funcfile:', '/data/0202_patch/ida/speccpu/gcc/O1/sjeng-gcc-O1-compilation-errors/nk_attacked')
('error:', "attacks.c:761:6: error: use of undeclared identifier 'bishop_o_2'")
('error:', "attacks.c:789:6: error: use of undeclared identifier 'knight_o_1'")
('error:', "attacks.c:796:9: error: use of undeclared identifier 'bishop_o_2'")
('error:', "attacks.c:797:6: error: use of undeclared identifier 'rook_o_0'")
('error:', "attacks.c:823:7: error: use of undeclared identifier 'unk_417470'")
('error:', "attacks.c:829:7: error: use of undeclared identifier 'bishop_o_2'")
('error:', "attacks.c:857:7: error: use of undeclared identifier 'knight_o_1'")
('error:', "attacks.c:864:16: error: use of undeclared identifier 'bishop_o_2'")
('error:', "attacks.c:865:7: error: use of undeclared identifier 'rook_o_0'")
('error:', "attacks.c:891:30: error: use of undeclared identifier 'unk_417470'")
***************** Next Function ******************
('func_count:', 97)
("func_name '", 'push_king', "'")
('err_func:', '/data/0202_patch/ida/speccpu/gcc/O1/sjeng-gcc-O1-compilation-errors/push_king')
('err_funcfile:', '/data/0202_patch/ida/speccpu/gcc/O1/sjeng-gcc-O1-compilation-errors/push_king')
***************** Next Function ******************
('func_count:', 98)
("func_name '", 'BegForPartner', "'")
('err_func:', '/data/0202_patch/ida/speccpu/gcc/O1/sjeng-gcc-O1-compilation-errors/BegForPartner')
('err_funcfile:', '/data/0202_patch/ida/speccpu/gcc/O1/sjeng-gcc-O1-compilation-errors/BegForPartner')
***************** Next Function ******************
('func_count:', 99)
("func_name '", 'reloadMT', "'")
('err_func:', '/data/0202_patch/ida/speccpu/gcc/O1/sjeng-gcc-O1-compilation-errors/reloadMT')
('err_funcfile:', '/data/0202_patch/ida/speccpu/gcc/O1/sjeng-gcc-O1-compilation-errors/reloadMT')
***************** Next Function ******************
('func_count:', 100)
("func_name '", 'setup_epd_line', "'")
('err_func:', '/data/0202_patch/ida/speccpu/gcc/O1/sjeng-gcc-O1-compilation-errors/setup_epd_line')
('err_funcfile:', '/data/0202_patch/ida/speccpu/gcc/O1/sjeng-gcc-O1-compilation-errors/setup_epd_line')
('error:', "epd.c:630:14: error: use of undeclared identifier 'rankoffsets_0'")
***************** Next Function ******************
('func_count:', 101)
("func_name '", 'randomMT', "'")
('err_func:', '/data/0202_patch/ida/speccpu/gcc/O1/sjeng-gcc-O1-compilation-errors/randomMT')
('err_funcfile:', '/data/0202_patch/ida/speccpu/gcc/O1/sjeng-gcc-O1-compilation-errors/randomMT')
***************** Next Function ******************
('func_count:', 102)
("func_name '", 'qsearch', "'")
('err_func:', '/data/0202_patch/ida/speccpu/gcc/O1/sjeng-gcc-O1-compilation-errors/qsearch')
('err_funcfile:', '/data/0202_patch/ida/speccpu/gcc/O1/sjeng-gcc-O1-compilation-errors/qsearch')
('error:', "search.c:943:7: error: member reference base type '__m128i' (vector of 2 'long long' values) is not a structure or union")
('error:', "search.c:943:48: error: member reference base type '__m128i' (vector of 2 'long long' values) is not a structure or union")
***************** Next Function ******************
('func_count:', 103)
("func_name '", 'unmake', "'")
('err_func:', '/data/0202_patch/ida/speccpu/gcc/O1/sjeng-gcc-O1-compilation-errors/unmake')
('err_funcfile:', '/data/0202_patch/ida/speccpu/gcc/O1/sjeng-gcc-O1-compilation-errors/unmake')
***************** Next Function ******************
('func_count:', 104)
("func_name '", 'push_king_castle', "'")
('err_func:', '/data/0202_patch/ida/speccpu/gcc/O1/sjeng-gcc-O1-compilation-errors/push_king_castle')
('err_funcfile:', '/data/0202_patch/ida/speccpu/gcc/O1/sjeng-gcc-O1-compilation-errors/push_king_castle')
***************** Next Function ******************
('func_count:', 105)
("func_name '", 'read_rcfile', "'")
('err_func:', '/data/0202_patch/ida/speccpu/gcc/O1/sjeng-gcc-O1-compilation-errors/read_rcfile')
('err_funcfile:', '/data/0202_patch/ida/speccpu/gcc/O1/sjeng-gcc-O1-compilation-errors/read_rcfile')
***************** Next Function ******************
('func_count:', 106)
("func_name '", 'perft_debug', "'")
('err_func:', '/data/0202_patch/ida/speccpu/gcc/O1/sjeng-gcc-O1-compilation-errors/perft_debug')
('err_funcfile:', '/data/0202_patch/ida/speccpu/gcc/O1/sjeng-gcc-O1-compilation-errors/perft_debug')
***************** Next Function ******************
('func_count:', 107)
("func_name '", 'check_solution', "'")
('err_func:', '/data/0202_patch/ida/speccpu/gcc/O1/sjeng-gcc-O1-compilation-errors/check_solution')
('err_funcfile:', '/data/0202_patch/ida/speccpu/gcc/O1/sjeng-gcc-O1-compilation-errors/check_solution')
('error:', "epd.c:643:14: error: passing 'char [256]' to parameter of incompatible type 'move_s'")
***************** Next Function ******************
('func_count:', 108)
("func_name '", 'suicide_pn_eval', "'")
('err_func:', '/data/0202_patch/ida/speccpu/gcc/O1/sjeng-gcc-O1-compilation-errors/suicide_pn_eval')
('err_funcfile:', '/data/0202_patch/ida/speccpu/gcc/O1/sjeng-gcc-O1-compilation-errors/suicide_pn_eval')
***************** Next Function ******************
('func_count:', 109)
("func_name '", 'main', "'")
('err_func:', '/data/0202_patch/ida/speccpu/gcc/O1/sjeng-gcc-O1-compilation-errors/main')
('err_funcfile:', '/data/0202_patch/ida/speccpu/gcc/O1/sjeng-gcc-O1-compilation-errors/main')
('error:', 'sjeng.c:689:8: error: too many arguments to function call, expected 0, have 1')
('error:', "sjeng.c:743:16: error: passing 'char [256]' to parameter of incompatible type 'move_s'")
('error:', "sjeng.c:751:22: error: used type 'move_x' where arithmetic or pointer type is required")
('error:', 'sjeng.c:906:8: error: too many arguments to function call, expected 0, have 1')
('error:', "sjeng.c:963:43: error: use of undeclared identifier 'off_41CD07'")
('error:', 'sjeng.c:1170:8: error: too many arguments to function call, expected 0, have 1')
('error:', "sjeng.c:1181:13: error: used type 'move_x' where arithmetic or pointer type is required")
('error:', "sjeng.c:1194:13: error: used type 'move_x' where arithmetic or pointer type is required")
('error:', "sjeng.c:1197:13: error: used type 'move_x' where arithmetic or pointer type is required")
('error:', "sjeng.c:1381:23: error: used type 'move_x' where arithmetic or pointer type is required")
***************** Next Function ******************
('func_count:', 110)
("func_name '", 'Queen', "'")
('err_func:', '/data/0202_patch/ida/speccpu/gcc/O1/sjeng-gcc-O1-compilation-errors/Queen')
('err_funcfile:', '/data/0202_patch/ida/speccpu/gcc/O1/sjeng-gcc-O1-compilation-errors/Queen')
***************** Next Function ******************
('func_count:', 111)
("func_name '", 'std_eval', "'")
('err_func:', '/data/0202_patch/ida/speccpu/gcc/O1/sjeng-gcc-O1-compilation-errors/std_eval')
('err_funcfile:', '/data/0202_patch/ida/speccpu/gcc/O1/sjeng-gcc-O1-compilation-errors/std_eval')
***************** Next Function ******************
('func_count:', 112)
("func_name '", 'update_ancestors', "'")
('err_func:', '/data/0202_patch/ida/speccpu/gcc/O1/sjeng-gcc-O1-compilation-errors/update_ancestors')
('err_funcfile:', '/data/0202_patch/ida/speccpu/gcc/O1/sjeng-gcc-O1-compilation-errors/update_ancestors')
('error:', 'proof.c:1355:7: error: expected expression')
***************** Next Function ******************
('func_count:', 113)
("func_name '", 'removeHolding', "'")
('err_func:', '/data/0202_patch/ida/speccpu/gcc/O1/sjeng-gcc-O1-compilation-errors/removeHolding')
('err_funcfile:', '/data/0202_patch/ida/speccpu/gcc/O1/sjeng-gcc-O1-compilation-errors/removeHolding')
***************** Next Function ******************
('func_count:', 114)
("func_name '", 'develop_node', "'")
('err_func:', '/data/0202_patch/ida/speccpu/gcc/O1/sjeng-gcc-O1-compilation-errors/develop_node')
('err_funcfile:', '/data/0202_patch/ida/speccpu/gcc/O1/sjeng-gcc-O1-compilation-errors/develop_node')
('error:', "proof.c:1237:3: error: member reference base type '__m128i' (vector of 2 'long long' values) is not a structure or union")
('error:', "proof.c:1238:3: error: member reference base type '__m128i' (vector of 2 'long long' values) is not a structure or union")
('error:', "proof.c:1239:3: error: member reference base type '__m128i' (vector of 2 'long long' values) is not a structure or union")
('error:', "proof.c:1240:3: error: member reference base type '__m128i' (vector of 2 'long long' values) is not a structure or union")
('error:', "proof.c:1241:6: error: member reference base type '__m128i' (vector of 2 'long long' values) is not a structure or union")
('error:', "proof.c:1242:3: error: member reference base type '__m128i' (vector of 2 'long long' values) is not a structure or union")
('error:', "proof.c:1243:3: error: member reference base type '__m128i' (vector of 2 'long long' values) is not a structure or union")
('error:', "proof.c:1245:6: error: member reference base type '__m128i' (vector of 2 'long long' values) is not a structure or union")
('error:', "proof.c:1245:27: error: member reference base type 'const __m128i' (vector of 2 'long long' values) is not a structure or union")
***************** Next Function ******************
('func_count:', 115)
("func_name '", 's_king_mobility', "'")
('err_func:', '/data/0202_patch/ida/speccpu/gcc/O1/sjeng-gcc-O1-compilation-errors/s_king_mobility')
('err_funcfile:', '/data/0202_patch/ida/speccpu/gcc/O1/sjeng-gcc-O1-compilation-errors/s_king_mobility')
***************** Next Function ******************
('func_count:', 116)
("func_name '", 'std_pn_eval', "'")
('err_func:', '/data/0202_patch/ida/speccpu/gcc/O1/sjeng-gcc-O1-compilation-errors/std_pn_eval')
('err_funcfile:', '/data/0202_patch/ida/speccpu/gcc/O1/sjeng-gcc-O1-compilation-errors/std_pn_eval')
***************** Next Function ******************
('func_count:', 117)
("func_name '", 'is_move', "'")
('err_func:', '/data/0202_patch/ida/speccpu/gcc/O1/sjeng-gcc-O1-compilation-errors/is_move')
('err_funcfile:', '/data/0202_patch/ida/speccpu/gcc/O1/sjeng-gcc-O1-compilation-errors/is_move')
***************** Next Function ******************
('func_count:', 118)
("func_name '", 'SwitchColor', "'")
('err_func:', '/data/0202_patch/ida/speccpu/gcc/O1/sjeng-gcc-O1-compilation-errors/SwitchColor')
('err_funcfile:', '/data/0202_patch/ida/speccpu/gcc/O1/sjeng-gcc-O1-compilation-errors/SwitchColor')
***************** Next Function ******************
('func_count:', 119)
("func_name '", 'hash_extract_pv', "'")
('err_func:', '/data/0202_patch/ida/speccpu/gcc/O1/sjeng-gcc-O1-compilation-errors/hash_extract_pv')
('err_funcfile:', '/data/0202_patch/ida/speccpu/gcc/O1/sjeng-gcc-O1-compilation-errors/hash_extract_pv')
***************** Next Function ******************
('func_count:', 120)
("func_name '", 'alloc_hash', "'")
('err_func:', '/data/0202_patch/ida/speccpu/gcc/O1/sjeng-gcc-O1-compilation-errors/alloc_hash')
('err_funcfile:', '/data/0202_patch/ida/speccpu/gcc/O1/sjeng-gcc-O1-compilation-errors/alloc_hash')
***************** Next Function ******************
('func_count:', 121)
("func_name '", 'setup_attackers', "'")
('err_func:', '/data/0202_patch/ida/speccpu/gcc/O1/sjeng-gcc-O1-compilation-errors/setup_attackers')
('err_funcfile:', '/data/0202_patch/ida/speccpu/gcc/O1/sjeng-gcc-O1-compilation-errors/setup_attackers')
('error:', "see.c:512:21: error: use of undeclared identifier 'rook_o_2'")
('error:', "see.c:576:7: error: use of undeclared identifier 'bishop_o_1'")
('error:', "see.c:657:7: error: use of undeclared identifier 'knight_o_0'")
('error:', "see.c:676:16: error: use of undeclared identifier 'bishop_o_1'")
******************** ================== ******************** ==================
Total # fns with errors: 121. Total errors: 149
******************** ================== error type: occurrences ******************** ==================
assigning to type A from incompatible type B: 1
conflicting types for a function: 5
expected expression: 3
member reference type '__128i' is not a structure or union: 34
passing sth to parameter of incompatible type: 13
read-only variable is not assignable: 2
subscripted value is not an array, pointer, or vector: 3
too many arguments to function call: 9
typecasting pointer: 5
undeclared identifier with prefix 'off_': 3
undeclared identifier with prefix 'unk_': 4
undeclared identifier with suffix '_3': 3
use of undeclared identifier: 63
******************** ================== error distribution ******************** ==================
******************** ================== error type: func count ******************** ==================
assigning to type A from incompatible type B: 1
conflicting types for a function: 5
expected expression: 2
member reference type '__128i' is not a structure or union: 8
passing sth to parameter of incompatible type: 12
read-only variable is not assignable: 1
subscripted value is not an array, pointer, or vector: 1
too many arguments to function call: 4
typecasting pointer: 1
undeclared identifier with prefix 'off_': 2
undeclared identifier with prefix 'unk_': 3
undeclared identifier with suffix '_3': 1
use of undeclared identifier: 13
******************** ================== unknown errors ******************** ==================
