maliha print
***************** Next Function ******************
('func_count:', 1)
("func_name '", 'quantum_state_collapse', "'")
('err_func:', '/data/0202_patch/ida/speccpu/gcc/O1/libquantum-gcc-O1-compilation-errors/quantum_state_collapse')
('err_funcfile:', '/data/0202_patch/ida/speccpu/gcc/O1/libquantum-gcc-O1-compilation-errors/quantum_state_collapse')
('error:', "qureg.c:797:15: error: conflicting types for 'quantum_state_collapse'")
('error:', "qureg.c:851:40: error: member reference base type '_Complex float' is not a structure or union")
('error:', "qureg.c:851:63: error: member reference base type '_Complex float' is not a structure or union")
('error:', "qureg.c:852:28: error: member reference base type '_Complex float' is not a structure or union")
('error:', "qureg.c:852:51: error: member reference base type '_Complex float' is not a structure or union")
('error:', "qureg.c:900:21: error: member reference base type '_Complex float' is not a structure or union")
('error:', "qureg.c:901:21: error: member reference base type '_Complex float' is not a structure or union")
('error:', "qureg.c:907:15: error: member reference base type '_Complex float' is not a structure or union")
('error:', "qureg.c:908:15: error: member reference base type '_Complex float' is not a structure or union")
***************** Next Function ******************
('func_count:', 2)
("func_name '", 'quantum_get_decoherence', "'")
('err_func:', '/data/0202_patch/ida/speccpu/gcc/O1/libquantum-gcc-O1-compilation-errors/quantum_get_decoherence')
('err_funcfile:', '/data/0202_patch/ida/speccpu/gcc/O1/libquantum-gcc-O1-compilation-errors/quantum_get_decoherence')
***************** Next Function ******************
('func_count:', 3)
("func_name '", 'quantum_phase_scale', "'")
('err_func:', '/data/0202_patch/ida/speccpu/gcc/O1/libquantum-gcc-O1-compilation-errors/quantum_phase_scale')
('err_funcfile:', '/data/0202_patch/ida/speccpu/gcc/O1/libquantum-gcc-O1-compilation-errors/quantum_phase_scale')
('error:', "gates.c:1224:24: error: too many arguments to function call, expected single argument 'phi', have 2 arguments")
('error:', "gates.c:1231:21: error: member reference base type '_Complex float' is not a structure or union")
('error:', "gates.c:1232:43: error: member reference base type '_Complex float' is not a structure or union")
('error:', "gates.c:1233:14: error: member reference base type '_Complex float' is not a structure or union")
('error:', "gates.c:1233:62: error: member reference base type '_Complex float' is not a structure or union")
('error:', "gates.c:1234:14: error: member reference base type '_Complex float' is not a structure or union")
***************** Next Function ******************
('func_count:', 4)
("func_name '", 'quantum_new_qureg', "'")
('err_func:', '/data/0202_patch/ida/speccpu/gcc/O1/libquantum-gcc-O1-compilation-errors/quantum_new_qureg')
('err_funcfile:', '/data/0202_patch/ida/speccpu/gcc/O1/libquantum-gcc-O1-compilation-errors/quantum_new_qureg')
('error:', "qureg.c:570:15: error: conflicting types for 'quantum_new_qureg'")
***************** Next Function ******************
('func_count:', 5)
("func_name '", 'quantum_exp_mod_n', "'")
('err_func:', '/data/0202_patch/ida/speccpu/gcc/O1/libquantum-gcc-O1-compilation-errors/quantum_exp_mod_n')
('err_funcfile:', '/data/0202_patch/ida/speccpu/gcc/O1/libquantum-gcc-O1-compilation-errors/quantum_exp_mod_n')
***************** Next Function ******************
('func_count:', 6)
("func_name '", 'quantum_char2double', "'")
('err_func:', '/data/0202_patch/ida/speccpu/gcc/O1/libquantum-gcc-O1-compilation-errors/quantum_char2double')
('err_funcfile:', '/data/0202_patch/ida/speccpu/gcc/O1/libquantum-gcc-O1-compilation-errors/quantum_char2double')
***************** Next Function ******************
('func_count:', 7)
("func_name '", 'madd_inv', "'")
('err_func:', '/data/0202_patch/ida/speccpu/gcc/O1/libquantum-gcc-O1-compilation-errors/madd_inv')
('err_funcfile:', '/data/0202_patch/ida/speccpu/gcc/O1/libquantum-gcc-O1-compilation-errors/madd_inv')
***************** Next Function ******************
('func_count:', 8)
("func_name '", 'quantum_qec_get_status', "'")
('err_func:', '/data/0202_patch/ida/speccpu/gcc/O1/libquantum-gcc-O1-compilation-errors/quantum_qec_get_status')
('err_funcfile:', '/data/0202_patch/ida/speccpu/gcc/O1/libquantum-gcc-O1-compilation-errors/quantum_qec_get_status')
***************** Next Function ******************
('func_count:', 9)
("func_name '", 'quantum_r_y', "'")
('err_func:', '/data/0202_patch/ida/speccpu/gcc/O1/libquantum-gcc-O1-compilation-errors/quantum_r_y')
('err_funcfile:', '/data/0202_patch/ida/speccpu/gcc/O1/libquantum-gcc-O1-compilation-errors/quantum_r_y')
('error:', "gates.c:1173:1: error: use of undeclared identifier 'complex_float'")
('error:', "gates.c:1173:16: error: use of undeclared identifier 't'")
('error:', "gates.c:1185:1: error: use of undeclared identifier 't'")
('error:', "gates.c:1186:4: error: member reference base type '_Complex float' is not a structure or union")
('error:', "gates.c:1187:1: error: use of undeclared identifier 't'")
('error:', "gates.c:1189:12: error: use of undeclared identifier 'complex_float'")
('error:', "gates.c:1191:12: error: use of undeclared identifier 'complex_float'")
('error:', "gates.c:1192:14: error: use of undeclared identifier 'complex_float'")
***************** Next Function ******************
('func_count:', 10)
("func_name '", 'quantum_ipow', "'")
('err_func:', '/data/0202_patch/ida/speccpu/gcc/O1/libquantum-gcc-O1-compilation-errors/quantum_ipow')
('err_funcfile:', '/data/0202_patch/ida/speccpu/gcc/O1/libquantum-gcc-O1-compilation-errors/quantum_ipow')
***************** Next Function ******************
('func_count:', 11)
("func_name '", 'test_sum', "'")
('err_func:', '/data/0202_patch/ida/speccpu/gcc/O1/libquantum-gcc-O1-compilation-errors/test_sum')
('err_funcfile:', '/data/0202_patch/ida/speccpu/gcc/O1/libquantum-gcc-O1-compilation-errors/test_sum')
('error:', 'clang: error: linker command failed with exit code 1 (use -v to see invocation)')
***************** Next Function ******************
('func_count:', 12)
("func_name '", 'quantum_objcode_exit', "'")
('err_func:', '/data/0202_patch/ida/speccpu/gcc/O1/libquantum-gcc-O1-compilation-errors/quantum_objcode_exit')
('err_funcfile:', '/data/0202_patch/ida/speccpu/gcc/O1/libquantum-gcc-O1-compilation-errors/quantum_objcode_exit')
***************** Next Function ******************
('func_count:', 13)
("func_name '", 'spec_rand', "'")
('err_func:', '/data/0202_patch/ida/speccpu/gcc/O1/libquantum-gcc-O1-compilation-errors/spec_rand')
('err_funcfile:', '/data/0202_patch/ida/speccpu/gcc/O1/libquantum-gcc-O1-compilation-errors/spec_rand')
***************** Next Function ******************
('func_count:', 14)
("func_name '", 'addn', "'")
('err_func:', '/data/0202_patch/ida/speccpu/gcc/O1/libquantum-gcc-O1-compilation-errors/addn')
('err_funcfile:', '/data/0202_patch/ida/speccpu/gcc/O1/libquantum-gcc-O1-compilation-errors/addn')
***************** Next Function ******************
('func_count:', 15)
("func_name '", 'quantum_cond_phase_kick', "'")
('err_func:', '/data/0202_patch/ida/speccpu/gcc/O1/libquantum-gcc-O1-compilation-errors/quantum_cond_phase_kick')
('err_funcfile:', '/data/0202_patch/ida/speccpu/gcc/O1/libquantum-gcc-O1-compilation-errors/quantum_cond_phase_kick')
('error:', "gates.c:1313:27: error: too many arguments to function call, expected single argument 'phi', have 2 arguments")
('error:', "gates.c:1322:21: error: member reference base type '_Complex float' is not a structure or union")
('error:', "gates.c:1323:44: error: member reference base type '_Complex float' is not a structure or union")
('error:', "gates.c:1324:14: error: member reference base type '_Complex float' is not a structure or union")
('error:', "gates.c:1324:62: error: member reference base type '_Complex float' is not a structure or union")
('error:', "gates.c:1325:14: error: member reference base type '_Complex float' is not a structure or union")
***************** Next Function ******************
('func_count:', 16)
("func_name '", 'quantum_new_matrix', "'")
('err_func:', '/data/0202_patch/ida/speccpu/gcc/O1/libquantum-gcc-O1-compilation-errors/quantum_new_matrix')
('err_funcfile:', '/data/0202_patch/ida/speccpu/gcc/O1/libquantum-gcc-O1-compilation-errors/quantum_new_matrix')
('error:', "matrix.c:512:1: error: use of undeclared identifier 'complex_float'")
('error:', "matrix.c:512:16: error: use of undeclared identifier 'v2'")
('error:', "matrix.c:513:1: error: use of undeclared identifier 'complex_float'")
('error:', "matrix.c:513:16: error: use of undeclared identifier 'v3'")
('error:', "matrix.c:516:1: error: use of undeclared identifier 'v2'")
('error:', 'matrix.c:516:23: error: expected expression')
('error:', "matrix.c:516:8: error: use of undeclared identifier 'complex_float'")
('error:', "matrix.c:517:7: error: use of undeclared identifier 'v2'")
('error:', "matrix.c:522:1: error: use of undeclared identifier 'v3'")
('error:', "matrix.c:522:6: error: use of undeclared identifier 'v2'")
('error:', "matrix.c:525:8: error: use of undeclared identifier 'v3'")
***************** Next Function ******************
('func_count:', 17)
("func_name '", 'quantum_objcode_run', "'")
('err_func:', '/data/0202_patch/ida/speccpu/gcc/O1/libquantum-gcc-O1-compilation-errors/quantum_objcode_run')
('err_funcfile:', '/data/0202_patch/ida/speccpu/gcc/O1/libquantum-gcc-O1-compilation-errors/quantum_objcode_run')
('error:', 'objcode.c:824:31: error: too many arguments to function call, expected 2, have 3')
('error:', "objcode.c:897:32: error: member reference base type '__m128i' (vector of 2 'long long' values) is not a structure or union")
('error:', "objcode.c:901:37: error: member reference base type '__m128i' (vector of 2 'long long' values) is not a structure or union")
('error:', "objcode.c:904:32: error: member reference base type '__m128i' (vector of 2 'long long' values) is not a structure or union")
('error:', "objcode.c:907:39: error: member reference base type '__m128i' (vector of 2 'long long' values) is not a structure or union")
('error:', "objcode.c:911:45: error: member reference base type '__m128i' (vector of 2 'long long' values) is not a structure or union")
***************** Next Function ******************
('func_count:', 18)
("func_name '", 'quantum_gate1', "'")
('err_func:', '/data/0202_patch/ida/speccpu/gcc/O1/libquantum-gcc-O1-compilation-errors/quantum_gate1')
('err_funcfile:', '/data/0202_patch/ida/speccpu/gcc/O1/libquantum-gcc-O1-compilation-errors/quantum_gate1')
('error:', "gates.c:762:1: error: use of undeclared identifier 'complex_float'")
('error:', "gates.c:762:16: error: use of undeclared identifier 't'")
('error:', "gates.c:853:1: error: use of undeclared identifier 't'")
('error:', "gates.c:912:6: error: use of undeclared identifier 't'")
('error:', "gates.c:912:26: error: use of undeclared identifier 't'")
('error:', "gates.c:916:6: error: use of undeclared identifier 't'")
('error:', "gates.c:916:26: error: use of undeclared identifier 't'")
('error:', "gates.c:929:6: error: use of undeclared identifier 't'")
('error:', "gates.c:929:26: error: use of undeclared identifier 't'")
('error:', "gates.c:952:15: error: member reference base type '_Complex float' is not a structure or union")
('error:', "gates.c:953:15: error: member reference base type '_Complex float' is not a structure or union")
('error:', "gates.c:994:22: error: member reference base type '_Complex float' is not a structure or union")
('error:', "gates.c:995:35: error: member reference base type '_Complex float' is not a structure or union")
('error:', "gates.c:1008:22: error: member reference base type '_Complex float' is not a structure or union")
('error:', "gates.c:1009:35: error: member reference base type '_Complex float' is not a structure or union")
('error:', "gates.c:1025:7: error: use of undeclared identifier 't'")
('error:', "gates.c:1026:8: error: use of undeclared identifier 't'")
('error:', "gates.c:1027:7: error: use of undeclared identifier 't'")
('error:', "gates.c:1028:7: error: use of undeclared identifier 't'")
('error:', "gates.c:1029:15: error: member reference base type '_Complex float' is not a structure or union")
('error:', "gates.c:1031:15: error: member reference base type '_Complex float' is not a structure or union")
('error:', "gates.c:1035:7: error: use of undeclared identifier 't'")
('error:', "gates.c:1036:21: error: use of undeclared identifier 't'")
('error:', "gates.c:1037:7: error: use of undeclared identifier 't'")
('error:', "gates.c:1038:7: error: use of undeclared identifier 't'")
('error:', "gates.c:1040:15: error: member reference base type '_Complex float' is not a structure or union")
('error:', "gates.c:1041:27: error: use of undeclared identifier 't'")
('error:', "gates.c:1042:15: error: member reference base type '_Complex float' is not a structure or union")
('error:', "gates.c:1048:6: error: use of undeclared identifier 't'")
('error:', "gates.c:1048:26: error: use of undeclared identifier 't'")
('error:', "gates.c:1053:7: error: use of undeclared identifier 't'")
('error:', "gates.c:1054:63: error: use of undeclared identifier 't'")
('error:', "gates.c:1055:7: error: use of undeclared identifier 't'")
('error:', "gates.c:1056:7: error: use of undeclared identifier 't'")
('error:', "gates.c:1057:15: error: member reference base type '_Complex float' is not a structure or union")
('error:', "gates.c:1058:30: error: use of undeclared identifier 't'")
('error:', "gates.c:1059:15: error: member reference base type '_Complex float' is not a structure or union")
('error:', "gates.c:1062:7: error: use of undeclared identifier 't'")
('error:', "gates.c:1063:7: error: use of undeclared identifier 't'")
('error:', "gates.c:1064:7: error: use of undeclared identifier 't'")
('error:', "gates.c:1065:7: error: use of undeclared identifier 't'")
('error:', "gates.c:1067:15: error: member reference base type '_Complex float' is not a structure or union")
('error:', "gates.c:1069:15: error: member reference base type '_Complex float' is not a structure or union")
('error:', "gates.c:1075:6: error: use of undeclared identifier 't'")
('error:', "gates.c:1075:26: error: use of undeclared identifier 't'")
('error:', "gates.c:1081:7: error: use of undeclared identifier 't'")
('error:', "gates.c:1082:7: error: use of undeclared identifier 't'")
('error:', "gates.c:1086:7: error: use of undeclared identifier 't'")
('error:', "gates.c:1087:7: error: use of undeclared identifier 't'")
('error:', "gates.c:1090:15: error: member reference base type '_Complex float' is not a structure or union")
('error:', "gates.c:1091:15: error: member reference base type '_Complex float' is not a structure or union")
('error:', "gates.c:1108:46: error: member reference base type '_Complex float' is not a structure or union")
('error:', "gates.c:1108:68: error: member reference base type '_Complex float' is not a structure or union")
('error:', "gates.c:1109:27: error: member reference base type '_Complex float' is not a structure or union")
('error:', "gates.c:1109:49: error: member reference base type '_Complex float' is not a structure or union")
('error:', "gates.c:1120:21: error: member reference base type '_Complex float' is not a structure or union")
('error:', "gates.c:1121:15: error: member reference base type '_Complex float' is not a structure or union")
('error:', "gates.c:1121:37: error: member reference base type '_Complex float' is not a structure or union")
('error:', "gates.c:1122:15: error: member reference base type '_Complex float' is not a structure or union")
***************** Next Function ******************
('func_count:', 19)
("func_name '", 'quantum_qureg2matrix', "'")
('err_func:', '/data/0202_patch/ida/speccpu/gcc/O1/libquantum-gcc-O1-compilation-errors/quantum_qureg2matrix')
('err_funcfile:', '/data/0202_patch/ida/speccpu/gcc/O1/libquantum-gcc-O1-compilation-errors/quantum_qureg2matrix')
('error:', "qureg.c:625:10: error: conflicting types for 'quantum_qureg2matrix'")
('error:', "qureg.c:629:1: error: use of undeclared identifier 'complex_float'")
('error:', "qureg.c:629:16: error: use of undeclared identifier 't'")
('error:', "qureg.c:636:1: error: use of undeclared identifier 't'")
('error:', "qureg.c:642:23: error: member reference base type '_Complex float' is not a structure or union")
('error:', "qureg.c:644:1: error: use of undeclared identifier 't'")
('error:', "qureg.c:644:32: error: member reference base type '_Complex float' is not a structure or union")
('error:', "qureg.c:645:1: error: use of undeclared identifier 't'")
***************** Next Function ******************
('func_count:', 20)
("func_name '", 'quantum_hadamard', "'")
('err_func:', '/data/0202_patch/ida/speccpu/gcc/O1/libquantum-gcc-O1-compilation-errors/quantum_hadamard')
('err_funcfile:', '/data/0202_patch/ida/speccpu/gcc/O1/libquantum-gcc-O1-compilation-errors/quantum_hadamard')
('error:', "gates.c:1126:5: error: member reference base type '_Complex float' is not a structure or union")
('error:', "gates.c:1127:5: error: member reference base type '_Complex float' is not a structure or union")
('error:', "gates.c:1129:7: error: member reference base type '_Complex float' is not a structure or union")
('error:', "gates.c:1132:7: error: member reference base type '_Complex float' is not a structure or union")
('error:', "gates.c:1133:8: error: member reference base type '_Complex float' is not a structure or union")
('error:', "gates.c:1134:8: error: member reference base type '_Complex float' is not a structure or union")
('error:', "gates.c:1135:8: error: member reference base type '_Complex float' is not a structure or union")
***************** Next Function ******************
('func_count:', 21)
("func_name '", 'quantum_qec_decode', "'")
('err_func:', '/data/0202_patch/ida/speccpu/gcc/O1/libquantum-gcc-O1-compilation-errors/quantum_qec_decode')
('err_funcfile:', '/data/0202_patch/ida/speccpu/gcc/O1/libquantum-gcc-O1-compilation-errors/quantum_qec_decode')
('error:', "qec.c:581:31: error: too many arguments to function call, expected single argument 'lambda', have 2 arguments")
('error:', 'qec.c:584:1: error: expected expression')
('error:', 'qec.c:585:1: error: expected expression')
('error:', "qec.c:594:34: error: too many arguments to function call, expected single argument 'lambda', have 2 arguments")
***************** Next Function ******************
('func_count:', 22)
("func_name '", 'muln', "'")
('err_func:', '/data/0202_patch/ida/speccpu/gcc/O1/libquantum-gcc-O1-compilation-errors/muln')
('err_funcfile:', '/data/0202_patch/ida/speccpu/gcc/O1/libquantum-gcc-O1-compilation-errors/muln')
***************** Next Function ******************
('func_count:', 23)
("func_name '", 'quantum_destroy_hash', "'")
('err_func:', '/data/0202_patch/ida/speccpu/gcc/O1/libquantum-gcc-O1-compilation-errors/quantum_destroy_hash')
('err_funcfile:', '/data/0202_patch/ida/speccpu/gcc/O1/libquantum-gcc-O1-compilation-errors/quantum_destroy_hash')
***************** Next Function ******************
('func_count:', 24)
("func_name '", 'quantum_r_z', "'")
('err_func:', '/data/0202_patch/ida/speccpu/gcc/O1/libquantum-gcc-O1-compilation-errors/quantum_r_z')
('err_funcfile:', '/data/0202_patch/ida/speccpu/gcc/O1/libquantum-gcc-O1-compilation-errors/quantum_r_z')
('error:', "gates.c:1192:1: error: use of undeclared identifier 'SFtype'")
('error:', "gates.c:1203:34: error: too many arguments to function call, expected single argument 'phi', have 2 arguments")
('error:', "gates.c:1212:1: error: use of undeclared identifier 'real'")
('error:', "gates.c:1212:21: error: member reference base type '_Complex float' is not a structure or union")
('error:', "gates.c:1213:21: error: member reference base type '_Complex float' is not a structure or union")
('error:', "gates.c:1214:50: error: member reference base type '_Complex float' is not a structure or union")
('error:', "gates.c:1215:57: error: member reference base type '_Complex float' is not a structure or union")
('error:', "gates.c:1219:29: error: member reference base type '_Complex float' is not a structure or union")
('error:', "gates.c:1219:49: error: member reference base type '_Complex float' is not a structure or union")
('error:', 'gates.c:1219:67: error: expected expression')
('error:', "gates.c:1219:59: error: use of undeclared identifier 'SFtype'")
('error:', 'gates.c:1219:90: error: expected expression')
('error:', "gates.c:1219:82: error: use of undeclared identifier 'SFtype'")
('error:', "gates.c:1219:105: error: use of undeclared identifier 'real'; did you mean 'creal'?")
('error:', "gates.c:1223:14: error: member reference base type '_Complex float' is not a structure or union")
('error:', "gates.c:1224:14: error: member reference base type '_Complex float' is not a structure or union")
***************** Next Function ******************
('func_count:', 25)
("func_name '", 'quantum_print_expn', "'")
('err_func:', '/data/0202_patch/ida/speccpu/gcc/O1/libquantum-gcc-O1-compilation-errors/quantum_print_expn')
('err_funcfile:', '/data/0202_patch/ida/speccpu/gcc/O1/libquantum-gcc-O1-compilation-errors/quantum_print_expn')
***************** Next Function ******************
('func_count:', 26)
("func_name '", 'quantum_int2char', "'")
('err_func:', '/data/0202_patch/ida/speccpu/gcc/O1/libquantum-gcc-O1-compilation-errors/quantum_int2char')
('err_funcfile:', '/data/0202_patch/ida/speccpu/gcc/O1/libquantum-gcc-O1-compilation-errors/quantum_int2char')
***************** Next Function ******************
('func_count:', 27)
("func_name '", 'quantum_cond_phase_inv', "'")
('err_func:', '/data/0202_patch/ida/speccpu/gcc/O1/libquantum-gcc-O1-compilation-errors/quantum_cond_phase_inv')
('err_funcfile:', '/data/0202_patch/ida/speccpu/gcc/O1/libquantum-gcc-O1-compilation-errors/quantum_cond_phase_inv')
('error:', "gates.c:1306:23: error: too many arguments to function call, expected single argument 'phi', have 2 arguments")
('error:', "gates.c:1317:22: error: member reference base type '_Complex float' is not a structure or union")
('error:', "gates.c:1318:54: error: member reference base type '_Complex float' is not a structure or union")
('error:', "gates.c:1319:15: error: member reference base type '_Complex float' is not a structure or union")
('error:', "gates.c:1319:63: error: member reference base type '_Complex float' is not a structure or union")
('error:', "gates.c:1320:15: error: member reference base type '_Complex float' is not a structure or union")
***************** Next Function ******************
('func_count:', 28)
("func_name '", 'quantum_conj', "'")
('err_func:', '/data/0202_patch/ida/speccpu/gcc/O1/libquantum-gcc-O1-compilation-errors/quantum_conj')
('err_funcfile:', '/data/0202_patch/ida/speccpu/gcc/O1/libquantum-gcc-O1-compilation-errors/quantum_conj')
('error:', "complex.c:497:24: error: unknown type name 'complex_float'")
('error:', "complex.c:501:3: error: member reference base type '__m128i' (vector of 2 'long long' values) is not a structure or union")
('error:', "complex.c:502:14: error: member reference base type '__m128i' (vector of 2 'long long' values) is not a structure or union")
('error:', "complex.c:503:15: error: member reference base type '__m128i' (vector of 2 'long long' values) is not a structure or union")
***************** Next Function ******************
('func_count:', 29)
("func_name '", 'quantum_sigma_x_ft', "'")
('err_func:', '/data/0202_patch/ida/speccpu/gcc/O1/libquantum-gcc-O1-compilation-errors/quantum_sigma_x_ft')
('err_funcfile:', '/data/0202_patch/ida/speccpu/gcc/O1/libquantum-gcc-O1-compilation-errors/quantum_sigma_x_ft')
('error:', "qec.c:649:31: error: too many arguments to function call, expected single argument 'lambda', have 2 arguments")
('error:', "qec.c:652:34: error: too many arguments to function call, expected single argument 'lambda', have 2 arguments")
***************** Next Function ******************
('func_count:', 30)
("func_name '", 'quantum_memman', "'")
('err_func:', '/data/0202_patch/ida/speccpu/gcc/O1/libquantum-gcc-O1-compilation-errors/quantum_memman')
('err_funcfile:', '/data/0202_patch/ida/speccpu/gcc/O1/libquantum-gcc-O1-compilation-errors/quantum_memman')
('error:', "matrix.c:495:19: error: conflicting types for 'quantum_memman'")
('error:', "matrix.c:499:10: error: use of undeclared identifier 'mem_1'")
('error:', "matrix.c:500:1: error: use of undeclared identifier 'mem_1'")
('error:', "matrix.c:501:25: error: use of undeclared identifier 'max_0'")
('error:', "matrix.c:502:1: error: use of undeclared identifier 'max_0'")
***************** Next Function ******************
('func_count:', 31)
("func_name '", 'quantum_addscratch', "'")
('err_func:', '/data/0202_patch/ida/speccpu/gcc/O1/libquantum-gcc-O1-compilation-errors/quantum_addscratch')
('err_funcfile:', '/data/0202_patch/ida/speccpu/gcc/O1/libquantum-gcc-O1-compilation-errors/quantum_addscratch')
***************** Next Function ******************
('func_count:', 32)
("func_name '", 'quantum_walsh', "'")
('err_func:', '/data/0202_patch/ida/speccpu/gcc/O1/libquantum-gcc-O1-compilation-errors/quantum_walsh')
('err_funcfile:', '/data/0202_patch/ida/speccpu/gcc/O1/libquantum-gcc-O1-compilation-errors/quantum_walsh')
***************** Next Function ******************
('func_count:', 33)
("func_name '", 'muln_inv', "'")
('err_func:', '/data/0202_patch/ida/speccpu/gcc/O1/libquantum-gcc-O1-compilation-errors/muln_inv')
('err_funcfile:', '/data/0202_patch/ida/speccpu/gcc/O1/libquantum-gcc-O1-compilation-errors/muln_inv')
***************** Next Function ******************
('func_count:', 34)
("func_name '", 'quantum_char2mu', "'")
('err_func:', '/data/0202_patch/ida/speccpu/gcc/O1/libquantum-gcc-O1-compilation-errors/quantum_char2mu')
('err_funcfile:', '/data/0202_patch/ida/speccpu/gcc/O1/libquantum-gcc-O1-compilation-errors/quantum_char2mu')
***************** Next Function ******************
('func_count:', 35)
("func_name '", 'quantum_objcode_file', "'")
('err_func:', '/data/0202_patch/ida/speccpu/gcc/O1/libquantum-gcc-O1-compilation-errors/quantum_objcode_file')
('err_funcfile:', '/data/0202_patch/ida/speccpu/gcc/O1/libquantum-gcc-O1-compilation-errors/quantum_objcode_file')
***************** Next Function ******************
('func_count:', 36)
("func_name '", 'quantum_mu2char', "'")
('err_func:', '/data/0202_patch/ida/speccpu/gcc/O1/libquantum-gcc-O1-compilation-errors/quantum_mu2char')
('err_funcfile:', '/data/0202_patch/ida/speccpu/gcc/O1/libquantum-gcc-O1-compilation-errors/quantum_mu2char')
***************** Next Function ******************
('func_count:', 37)
("func_name '", 'quantum_measure', "'")
('err_func:', '/data/0202_patch/ida/speccpu/gcc/O1/libquantum-gcc-O1-compilation-errors/quantum_measure')
('err_funcfile:', '/data/0202_patch/ida/speccpu/gcc/O1/libquantum-gcc-O1-compilation-errors/quantum_measure')
('error:', "measure.c:546:38: error: member reference base type '_Complex float' is not a structure or union")
('error:', "measure.c:546:61: error: member reference base type '_Complex float' is not a structure or union")
('error:', "measure.c:547:28: error: member reference base type '_Complex float' is not a structure or union")
('error:', "measure.c:547:51: error: member reference base type '_Complex float' is not a structure or union")
***************** Next Function ******************
('func_count:', 38)
("func_name '", 'quantum_bmeasure_bitpreserve', "'")
('err_func:', '/data/0202_patch/ida/speccpu/gcc/O1/libquantum-gcc-O1-compilation-errors/quantum_bmeasure_bitpreserve')
('err_funcfile:', '/data/0202_patch/ida/speccpu/gcc/O1/libquantum-gcc-O1-compilation-errors/quantum_bmeasure_bitpreserve')
('error:', "measure.c:645:41: error: member reference base type '_Complex float' is not a structure or union")
('error:', "measure.c:645:64: error: member reference base type '_Complex float' is not a structure or union")
('error:', "measure.c:646:28: error: member reference base type '_Complex float' is not a structure or union")
('error:', "measure.c:646:51: error: member reference base type '_Complex float' is not a structure or union")
('error:', "measure.c:671:38: error: member reference base type '_Complex float' is not a structure or union")
('error:', "measure.c:671:59: error: member reference base type '_Complex float' is not a structure or union")
('error:', "measure.c:671:91: error: member reference base type '_Complex float' is not a structure or union")
('error:', "measure.c:671:112: error: member reference base type '_Complex float' is not a structure or union")
('error:', "measure.c:677:14: error: member reference base type '_Complex float' is not a structure or union")
('error:', "measure.c:678:14: error: member reference base type '_Complex float' is not a structure or union")
('error:', "measure.c:683:38: error: member reference base type '_Complex float' is not a structure or union")
('error:', "measure.c:683:59: error: member reference base type '_Complex float' is not a structure or union")
('error:', "measure.c:683:91: error: member reference base type '_Complex float' is not a structure or union")
('error:', "measure.c:683:112: error: member reference base type '_Complex float' is not a structure or union")
('error:', "measure.c:689:14: error: member reference base type '_Complex float' is not a structure or union")
('error:', "measure.c:690:14: error: member reference base type '_Complex float' is not a structure or union")
('error:', "measure.c:712:20: error: member reference base type '_Complex float' is not a structure or union")
('error:', "measure.c:712:50: error: member reference base type '_Complex float' is not a structure or union")
('error:', "measure.c:716:22: error: member reference base type '_Complex float' is not a structure or union")
('error:', "measure.c:717:22: error: member reference base type '_Complex float' is not a structure or union")
('error:', "measure.c:723:15: error: member reference base type '_Complex float' is not a structure or union")
('error:', "measure.c:724:15: error: member reference base type '_Complex float' is not a structure or union")
***************** Next Function ******************
('func_count:', 39)
("func_name '", 'quantum_unbounded_toffoli', "'")
('err_func:', '/data/0202_patch/ida/speccpu/gcc/O1/libquantum-gcc-O1-compilation-errors/quantum_unbounded_toffoli')
('err_funcfile:', '/data/0202_patch/ida/speccpu/gcc/O1/libquantum-gcc-O1-compilation-errors/quantum_unbounded_toffoli')
('error:', 'clang: error: linker command failed with exit code 1 (use -v to see invocation)')
***************** Next Function ******************
('func_count:', 40)
("func_name '", 'spec_srand', "'")
('err_func:', '/data/0202_patch/ida/speccpu/gcc/O1/libquantum-gcc-O1-compilation-errors/spec_srand')
('err_funcfile:', '/data/0202_patch/ida/speccpu/gcc/O1/libquantum-gcc-O1-compilation-errors/spec_srand')
***************** Next Function ******************
('func_count:', 41)
("func_name '", 'quantum_cond_phase', "'")
('err_func:', '/data/0202_patch/ida/speccpu/gcc/O1/libquantum-gcc-O1-compilation-errors/quantum_cond_phase')
('err_funcfile:', '/data/0202_patch/ida/speccpu/gcc/O1/libquantum-gcc-O1-compilation-errors/quantum_cond_phase')
('error:', "gates.c:1283:23: error: too many arguments to function call, expected single argument 'phi', have 2 arguments")
('error:', "gates.c:1292:21: error: member reference base type '_Complex float' is not a structure or union")
('error:', "gates.c:1293:53: error: member reference base type '_Complex float' is not a structure or union")
('error:', "gates.c:1294:14: error: member reference base type '_Complex float' is not a structure or union")
('error:', "gates.c:1294:61: error: member reference base type '_Complex float' is not a structure or union")
('error:', "gates.c:1295:14: error: member reference base type '_Complex float' is not a structure or union")
***************** Next Function ******************
('func_count:', 42)
("func_name '", 'quantum_qft_inv', "'")
('err_func:', '/data/0202_patch/ida/speccpu/gcc/O1/libquantum-gcc-O1-compilation-errors/quantum_qft_inv')
('err_funcfile:', '/data/0202_patch/ida/speccpu/gcc/O1/libquantum-gcc-O1-compilation-errors/quantum_qft_inv')
***************** Next Function ******************
('func_count:', 43)
("func_name '", 'quantum_toffoli', "'")
('err_func:', '/data/0202_patch/ida/speccpu/gcc/O1/libquantum-gcc-O1-compilation-errors/quantum_toffoli')
('err_funcfile:', '/data/0202_patch/ida/speccpu/gcc/O1/libquantum-gcc-O1-compilation-errors/quantum_toffoli')
***************** Next Function ******************
('func_count:', 44)
("func_name '", 'quantum_inverse_mod', "'")
('err_func:', '/data/0202_patch/ida/speccpu/gcc/O1/libquantum-gcc-O1-compilation-errors/quantum_inverse_mod')
('err_funcfile:', '/data/0202_patch/ida/speccpu/gcc/O1/libquantum-gcc-O1-compilation-errors/quantum_inverse_mod')
***************** Next Function ******************
('func_count:', 45)
("func_name '", 'quantum_get_version', "'")
('err_func:', '/data/0202_patch/ida/speccpu/gcc/O1/libquantum-gcc-O1-compilation-errors/quantum_get_version')
('err_funcfile:', '/data/0202_patch/ida/speccpu/gcc/O1/libquantum-gcc-O1-compilation-errors/quantum_get_version')
***************** Next Function ******************
('func_count:', 46)
("func_name '", 'quantum_print_matrix', "'")
('err_func:', '/data/0202_patch/ida/speccpu/gcc/O1/libquantum-gcc-O1-compilation-errors/quantum_print_matrix')
('err_funcfile:', '/data/0202_patch/ida/speccpu/gcc/O1/libquantum-gcc-O1-compilation-errors/quantum_print_matrix')
('error:', "matrix.c:558:1: error: use of undeclared identifier 'complex_float'")
('error:', "matrix.c:558:16: error: use of undeclared identifier 'v5'")
('error:', "matrix.c:572:1: error: use of undeclared identifier 'v5'")
('error:', "matrix.c:575:23: error: use of undeclared identifier 'v5'")
('error:', "matrix.c:575:33: error: use of undeclared identifier 'v5'")
('error:', "matrix.c:576:3: error: use of undeclared identifier 'v5'")
('error:', "matrix.c:578:9: error: use of undeclared identifier 'v5'")
***************** Next Function ******************
('func_count:', 47)
("func_name '", 'addn_inv', "'")
('err_func:', '/data/0202_patch/ida/speccpu/gcc/O1/libquantum-gcc-O1-compilation-errors/addn_inv')
('err_funcfile:', '/data/0202_patch/ida/speccpu/gcc/O1/libquantum-gcc-O1-compilation-errors/addn_inv')
***************** Next Function ******************
('func_count:', 48)
("func_name '", 'quantum_objcode_put', "'")
('err_func:', '/data/0202_patch/ida/speccpu/gcc/O1/libquantum-gcc-O1-compilation-errors/quantum_objcode_put')
('err_funcfile:', '/data/0202_patch/ida/speccpu/gcc/O1/libquantum-gcc-O1-compilation-errors/quantum_objcode_put')
***************** Next Function ******************
('func_count:', 49)
("func_name '", 'quantum_objcode_start', "'")
('err_func:', '/data/0202_patch/ida/speccpu/gcc/O1/libquantum-gcc-O1-compilation-errors/quantum_objcode_start')
('err_funcfile:', '/data/0202_patch/ida/speccpu/gcc/O1/libquantum-gcc-O1-compilation-errors/quantum_objcode_start')
***************** Next Function ******************
('func_count:', 50)
("func_name '", 'quantum_frand', "'")
('err_func:', '/data/0202_patch/ida/speccpu/gcc/O1/libquantum-gcc-O1-compilation-errors/quantum_frand')
('err_funcfile:', '/data/0202_patch/ida/speccpu/gcc/O1/libquantum-gcc-O1-compilation-errors/quantum_frand')
***************** Next Function ******************
('func_count:', 51)
("func_name '", 'quantum_swaptheleads', "'")
('err_func:', '/data/0202_patch/ida/speccpu/gcc/O1/libquantum-gcc-O1-compilation-errors/quantum_swaptheleads')
('err_funcfile:', '/data/0202_patch/ida/speccpu/gcc/O1/libquantum-gcc-O1-compilation-errors/quantum_swaptheleads')
***************** Next Function ******************
('func_count:', 52)
("func_name '", 'quantum_sigma_y', "'")
('err_func:', '/data/0202_patch/ida/speccpu/gcc/O1/libquantum-gcc-O1-compilation-errors/quantum_sigma_y')
('err_funcfile:', '/data/0202_patch/ida/speccpu/gcc/O1/libquantum-gcc-O1-compilation-errors/quantum_sigma_y')
('error:', "gates.c:665:29: error: member reference base type '_Complex float' is not a structure or union")
('error:', "gates.c:665:57: error: member reference base type '_Complex float' is not a structure or union")
('error:', "gates.c:666:29: error: member reference base type '_Complex float' is not a structure or union")
('error:', "gates.c:666:57: error: member reference base type '_Complex float' is not a structure or union")
('error:', "gates.c:670:29: error: member reference base type '_Complex float' is not a structure or union")
('error:', "gates.c:670:58: error: member reference base type '_Complex float' is not a structure or union")
('error:', "gates.c:671:29: error: member reference base type '_Complex float' is not a structure or union")
('error:', "gates.c:671:58: error: member reference base type '_Complex float' is not a structure or union")
('error:', "gates.c:673:14: error: member reference base type '_Complex float' is not a structure or union")
('error:', "gates.c:674:14: error: member reference base type '_Complex float' is not a structure or union")
***************** Next Function ******************
('func_count:', 53)
("func_name '", 'quantum_kronecker', "'")
('err_func:', '/data/0202_patch/ida/speccpu/gcc/O1/libquantum-gcc-O1-compilation-errors/quantum_kronecker')
('err_funcfile:', '/data/0202_patch/ida/speccpu/gcc/O1/libquantum-gcc-O1-compilation-errors/quantum_kronecker')
('error:', "qureg.c:747:15: error: conflicting types for 'quantum_kronecker'")
('error:', "qureg.c:804:21: error: member reference base type '_Complex float' is not a structure or union")
('error:', "qureg.c:805:32: error: member reference base type '_Complex float' is not a structure or union")
('error:', "qureg.c:805:73: error: member reference base type '_Complex float' is not a structure or union")
('error:', "qureg.c:805:94: error: member reference base type '_Complex float' is not a structure or union")
('error:', "qureg.c:806:14: error: member reference base type '_Complex float' is not a structure or union")
('error:', "qureg.c:806:47: error: member reference base type '_Complex float' is not a structure or union")
('error:', "qureg.c:806:68: error: member reference base type '_Complex float' is not a structure or union")
('error:', "qureg.c:806:102: error: member reference base type '_Complex float' is not a structure or union")
('error:', "qureg.c:807:14: error: member reference base type '_Complex float' is not a structure or union")
***************** Next Function ******************
('func_count:', 54)
("func_name '", 'quantum_double2char', "'")
('err_func:', '/data/0202_patch/ida/speccpu/gcc/O1/libquantum-gcc-O1-compilation-errors/quantum_double2char')
('err_funcfile:', '/data/0202_patch/ida/speccpu/gcc/O1/libquantum-gcc-O1-compilation-errors/quantum_double2char')
('error:', 'objcode.c:689:49: error: too few arguments to function call, expected 3, have 2')
('error:', 'objcode.c:698:51: error: too few arguments to function call, expected 3, have 2')
***************** Next Function ******************
('func_count:', 55)
("func_name '", 'quantum_set_decoherence', "'")
('err_func:', '/data/0202_patch/ida/speccpu/gcc/O1/libquantum-gcc-O1-compilation-errors/quantum_set_decoherence')
('err_funcfile:', '/data/0202_patch/ida/speccpu/gcc/O1/libquantum-gcc-O1-compilation-errors/quantum_set_decoherence')
***************** Next Function ******************
('func_count:', 56)
("func_name '", 'quantum_delete_matrix', "'")
('err_func:', '/data/0202_patch/ida/speccpu/gcc/O1/libquantum-gcc-O1-compilation-errors/quantum_delete_matrix')
('err_funcfile:', '/data/0202_patch/ida/speccpu/gcc/O1/libquantum-gcc-O1-compilation-errors/quantum_delete_matrix')
***************** Next Function ******************
('func_count:', 57)
("func_name '", 'quantum_decohere', "'")
('err_func:', '/data/0202_patch/ida/speccpu/gcc/O1/libquantum-gcc-O1-compilation-errors/quantum_decohere')
('err_funcfile:', '/data/0202_patch/ida/speccpu/gcc/O1/libquantum-gcc-O1-compilation-errors/quantum_decohere')
('error:', "decoherence.c:557:1: error: use of undeclared identifier 'complex_float'")
('error:', "decoherence.c:618:1: error: use of undeclared identifier 'c'")
('error:', "decoherence.c:620:32: error: member reference base type '_Complex float' is not a structure or union")
('error:', "decoherence.c:621:31: error: member reference base type '_Complex float' is not a structure or union")
('error:', "decoherence.c:621:39: error: use of undeclared identifier 'c'")
('error:', "decoherence.c:621:76: error: use of undeclared identifier 'c'")
('error:', "decoherence.c:622:15: error: member reference base type '_Complex float' is not a structure or union")
('error:', "decoherence.c:622:47: error: member reference base type '_Complex float' is not a structure or union")
('error:', "decoherence.c:622:55: error: use of undeclared identifier 'c'")
('error:', "decoherence.c:622:92: error: use of undeclared identifier 'c'")
('error:', "decoherence.c:623:15: error: member reference base type '_Complex float' is not a structure or union")
***************** Next Function ******************
('func_count:', 58)
("func_name '", 'quantum_qec_set_status', "'")
('err_func:', '/data/0202_patch/ida/speccpu/gcc/O1/libquantum-gcc-O1-compilation-errors/quantum_qec_set_status')
('err_funcfile:', '/data/0202_patch/ida/speccpu/gcc/O1/libquantum-gcc-O1-compilation-errors/quantum_qec_set_status')
***************** Next Function ******************
('func_count:', 59)
("func_name '", 'emul', "'")
('err_func:', '/data/0202_patch/ida/speccpu/gcc/O1/libquantum-gcc-O1-compilation-errors/emul')
('err_funcfile:', '/data/0202_patch/ida/speccpu/gcc/O1/libquantum-gcc-O1-compilation-errors/emul')
('error:', 'clang: error: linker command failed with exit code 1 (use -v to see invocation)')
***************** Next Function ******************
('func_count:', 60)
("func_name '", 'quantum_cexp', "'")
('err_func:', '/data/0202_patch/ida/speccpu/gcc/O1/libquantum-gcc-O1-compilation-errors/quantum_cexp')
('err_funcfile:', '/data/0202_patch/ida/speccpu/gcc/O1/libquantum-gcc-O1-compilation-errors/quantum_cexp')
('error:', "complex.c:517:10: error: conflicting types for 'quantum_cexp'")
('error:', "complex.c:524:33: error: member reference base type '__m128i' (vector of 2 'long long' values) is not a structure or union")
('error:', "complex.c:525:49: error: member reference base type '__m128i' (vector of 2 'long long' values) is not a structure or union")
('error:', "complex.c:527:3: error: member reference base type '__m128i' (vector of 2 'long long' values) is not a structure or union")
***************** Next Function ******************
('func_count:', 61)
("func_name '", 'add_mod_n', "'")
('err_func:', '/data/0202_patch/ida/speccpu/gcc/O1/libquantum-gcc-O1-compilation-errors/add_mod_n')
('err_funcfile:', '/data/0202_patch/ida/speccpu/gcc/O1/libquantum-gcc-O1-compilation-errors/add_mod_n')
***************** Next Function ******************
('func_count:', 62)
("func_name '", 'muxfa_inv', "'")
('err_func:', '/data/0202_patch/ida/speccpu/gcc/O1/libquantum-gcc-O1-compilation-errors/muxfa_inv')
('err_funcfile:', '/data/0202_patch/ida/speccpu/gcc/O1/libquantum-gcc-O1-compilation-errors/muxfa_inv')
***************** Next Function ******************
('func_count:', 63)
("func_name '", 'quantum_prob', "'")
('err_func:', '/data/0202_patch/ida/speccpu/gcc/O1/libquantum-gcc-O1-compilation-errors/quantum_prob')
('err_funcfile:', '/data/0202_patch/ida/speccpu/gcc/O1/libquantum-gcc-O1-compilation-errors/quantum_prob')
('error:', "complex.c:510:22: error: unknown type name 'complex_float'")
***************** Next Function ******************
('func_count:', 64)
("func_name '", 'quantum_matrix2qureg', "'")
('err_func:', '/data/0202_patch/ida/speccpu/gcc/O1/libquantum-gcc-O1-compilation-errors/quantum_matrix2qureg')
('err_funcfile:', '/data/0202_patch/ida/speccpu/gcc/O1/libquantum-gcc-O1-compilation-errors/quantum_matrix2qureg')
('error:', "qureg.c:507:15: error: conflicting types for 'quantum_matrix2qureg'")
('error:', "qureg.c:511:1: error: use of undeclared identifier 'complex_float'")
('error:', "qureg.c:511:16: error: use of undeclared identifier 't'")
('error:', "qureg.c:516:1: error: use of undeclared identifier 'complex_float'")
('error:', "qureg.c:516:16: error: use of undeclared identifier 'v11'")
('error:', "qureg.c:532:1: error: use of undeclared identifier 't'")
('error:', "qureg.c:533:17: error: use of undeclared identifier 't'")
('error:', "qureg.c:537:6: error: use of undeclared identifier 't'")
('error:', "qureg.c:537:24: error: use of undeclared identifier 't'")
('error:', "qureg.c:539:3: error: use of undeclared identifier 't'")
('error:', 'qureg.c:541:31: error: expected expression')
('error:', "qureg.c:541:16: error: use of undeclared identifier 'complex_float'")
('error:', "qureg.c:541:9: error: use of undeclared identifier 't'")
('error:', "qureg.c:541:32: error: expected ')'")
('error:', "qureg.c:561:1: error: use of undeclared identifier 'v11'")
('error:', "qureg.c:566:6: error: use of undeclared identifier 'v11'")
('error:', "qureg.c:566:30: error: use of undeclared identifier 'v11'")
('error:', "qureg.c:570:8: error: use of undeclared identifier 'v11'")
('error:', "qureg.c:571:15: error: member reference base type '_Complex float' is not a structure or union")
('error:', "qureg.c:571:23: error: use of undeclared identifier 'v11'")
('error:', "qureg.c:572:15: error: member reference base type '_Complex float' is not a structure or union")
***************** Next Function ******************
('func_count:', 65)
("func_name '", 'quantum_sigma_x', "'")
('err_func:', '/data/0202_patch/ida/speccpu/gcc/O1/libquantum-gcc-O1-compilation-errors/quantum_sigma_x')
('err_funcfile:', '/data/0202_patch/ida/speccpu/gcc/O1/libquantum-gcc-O1-compilation-errors/quantum_sigma_x')
***************** Next Function ******************
('func_count:', 66)
("func_name '", 'quantum_gate_counter', "'")
('err_func:', '/data/0202_patch/ida/speccpu/gcc/O1/libquantum-gcc-O1-compilation-errors/quantum_gate_counter')
('err_funcfile:', '/data/0202_patch/ida/speccpu/gcc/O1/libquantum-gcc-O1-compilation-errors/quantum_gate_counter')
('error:', "gates.c:1334:1: error: use of undeclared identifier 'counter_0'")
('error:', "gates.c:1338:1: error: use of undeclared identifier 'counter_0'")
('error:', "gates.c:1340:8: error: use of undeclared identifier 'counter_0'")
***************** Next Function ******************
('func_count:', 67)
("func_name '", 'quantum_delete_qureg_hashpreserve', "'")
('err_func:', '/data/0202_patch/ida/speccpu/gcc/O1/libquantum-gcc-O1-compilation-errors/quantum_delete_qureg_hashpreserve')
('err_funcfile:', '/data/0202_patch/ida/speccpu/gcc/O1/libquantum-gcc-O1-compilation-errors/quantum_delete_qureg_hashpreserve')
***************** Next Function ******************
('func_count:', 68)
("func_name '", 'quantum_char2int', "'")
('err_func:', '/data/0202_patch/ida/speccpu/gcc/O1/libquantum-gcc-O1-compilation-errors/quantum_char2int')
('err_funcfile:', '/data/0202_patch/ida/speccpu/gcc/O1/libquantum-gcc-O1-compilation-errors/quantum_char2int')
***************** Next Function ******************
('func_count:', 69)
("func_name '", 'quantum_gcd', "'")
('err_func:', '/data/0202_patch/ida/speccpu/gcc/O1/libquantum-gcc-O1-compilation-errors/quantum_gcd')
('err_funcfile:', '/data/0202_patch/ida/speccpu/gcc/O1/libquantum-gcc-O1-compilation-errors/quantum_gcd')
***************** Next Function ******************
('func_count:', 70)
("func_name '", 'quantum_cnot_ft', "'")
('err_func:', '/data/0202_patch/ida/speccpu/gcc/O1/libquantum-gcc-O1-compilation-errors/quantum_cnot_ft')
('err_funcfile:', '/data/0202_patch/ida/speccpu/gcc/O1/libquantum-gcc-O1-compilation-errors/quantum_cnot_ft')
('error:', "qec.c:675:31: error: too many arguments to function call, expected single argument 'lambda', have 2 arguments")
('error:', "qec.c:678:34: error: too many arguments to function call, expected single argument 'lambda', have 2 arguments")
***************** Next Function ******************
('func_count:', 71)
("func_name '", 'quantum_r_x', "'")
('err_func:', '/data/0202_patch/ida/speccpu/gcc/O1/libquantum-gcc-O1-compilation-errors/quantum_r_x')
('err_funcfile:', '/data/0202_patch/ida/speccpu/gcc/O1/libquantum-gcc-O1-compilation-errors/quantum_r_x')
('error:', "gates.c:1152:1: error: use of undeclared identifier 'complex_float'")
('error:', "gates.c:1152:16: error: use of undeclared identifier 't'")
('error:', "gates.c:1154:1: error: use of undeclared identifier 'complex_float'")
('error:', "gates.c:1154:16: error: use of undeclared identifier 'v9'")
('error:', "gates.c:1166:1: error: use of undeclared identifier 't'")
('error:', "gates.c:1167:4: error: member reference base type '_Complex float' is not a structure or union")
('error:', "gates.c:1168:1: error: use of undeclared identifier 't'")
('error:', "gates.c:1172:1: error: use of undeclared identifier 'v9'")
('error:', "gates.c:1173:7: error: member reference base type '_Complex float' is not a structure or union")
('error:', "gates.c:1174:1: error: use of undeclared identifier 'v9'")
('error:', "gates.c:1176:7: error: member reference base type '_Complex float' is not a structure or union")
('error:', "gates.c:1177:9: error: member reference base type '_Complex float' is not a structure or union")
('error:', "gates.c:1178:14: error: use of undeclared identifier 'complex_float'")
***************** Next Function ******************
('func_count:', 72)
("func_name '", 'quantum_delete_qureg', "'")
('err_func:', '/data/0202_patch/ida/speccpu/gcc/O1/libquantum-gcc-O1-compilation-errors/quantum_delete_qureg')
('err_funcfile:', '/data/0202_patch/ida/speccpu/gcc/O1/libquantum-gcc-O1-compilation-errors/quantum_delete_qureg')
***************** Next Function ******************
('func_count:', 73)
("func_name '", 'mul_mod_n', "'")
('err_func:', '/data/0202_patch/ida/speccpu/gcc/O1/libquantum-gcc-O1-compilation-errors/mul_mod_n')
('err_funcfile:', '/data/0202_patch/ida/speccpu/gcc/O1/libquantum-gcc-O1-compilation-errors/mul_mod_n')
***************** Next Function ******************
('func_count:', 74)
("func_name '", 'quantum_getwidth', "'")
('err_func:', '/data/0202_patch/ida/speccpu/gcc/O1/libquantum-gcc-O1-compilation-errors/quantum_getwidth')
('err_funcfile:', '/data/0202_patch/ida/speccpu/gcc/O1/libquantum-gcc-O1-compilation-errors/quantum_getwidth')
***************** Next Function ******************
('func_count:', 75)
("func_name '", 'quantum_gate2', "'")
('err_func:', '/data/0202_patch/ida/speccpu/gcc/O1/libquantum-gcc-O1-compilation-errors/quantum_gate2')
('err_funcfile:', '/data/0202_patch/ida/speccpu/gcc/O1/libquantum-gcc-O1-compilation-errors/quantum_gate2')
('error:', "gates.c:947:1: error: use of undeclared identifier 'complex_float'")
('error:', "gates.c:947:16: error: use of undeclared identifier 't'")
('error:', "gates.c:1035:1: error: use of undeclared identifier 't'")
('error:', "gates.c:1093:6: error: use of undeclared identifier 't'")
('error:', "gates.c:1093:26: error: use of undeclared identifier 't'")
('error:', "gates.c:1097:6: error: use of undeclared identifier 't'")
('error:', "gates.c:1097:26: error: use of undeclared identifier 't'")
('error:', "gates.c:1110:6: error: use of undeclared identifier 't'")
('error:', "gates.c:1110:26: error: use of undeclared identifier 't'")
('error:', "gates.c:1133:15: error: member reference base type '_Complex float' is not a structure or union")
('error:', "gates.c:1134:15: error: member reference base type '_Complex float' is not a structure or union")
('error:', "gates.c:1175:22: error: member reference base type '_Complex float' is not a structure or union")
('error:', "gates.c:1176:35: error: member reference base type '_Complex float' is not a structure or union")
('error:', "gates.c:1189:22: error: member reference base type '_Complex float' is not a structure or union")
('error:', "gates.c:1190:35: error: member reference base type '_Complex float' is not a structure or union")
('error:', "gates.c:1206:7: error: use of undeclared identifier 't'")
('error:', "gates.c:1207:8: error: use of undeclared identifier 't'")
('error:', "gates.c:1208:7: error: use of undeclared identifier 't'")
('error:', "gates.c:1209:7: error: use of undeclared identifier 't'")
('error:', "gates.c:1210:15: error: member reference base type '_Complex float' is not a structure or union")
('error:', "gates.c:1212:15: error: member reference base type '_Complex float' is not a structure or union")
('error:', "gates.c:1216:7: error: use of undeclared identifier 't'")
('error:', "gates.c:1217:21: error: use of undeclared identifier 't'")
('error:', "gates.c:1218:7: error: use of undeclared identifier 't'")
('error:', "gates.c:1219:7: error: use of undeclared identifier 't'")
('error:', "gates.c:1221:15: error: member reference base type '_Complex float' is not a structure or union")
('error:', "gates.c:1222:27: error: use of undeclared identifier 't'")
('error:', "gates.c:1223:15: error: member reference base type '_Complex float' is not a structure or union")
('error:', "gates.c:1229:6: error: use of undeclared identifier 't'")
('error:', "gates.c:1229:26: error: use of undeclared identifier 't'")
('error:', "gates.c:1234:7: error: use of undeclared identifier 't'")
('error:', "gates.c:1235:63: error: use of undeclared identifier 't'")
('error:', "gates.c:1236:7: error: use of undeclared identifier 't'")
('error:', "gates.c:1237:7: error: use of undeclared identifier 't'")
('error:', "gates.c:1238:15: error: member reference base type '_Complex float' is not a structure or union")
('error:', "gates.c:1239:30: error: use of undeclared identifier 't'")
('error:', "gates.c:1240:15: error: member reference base type '_Complex float' is not a structure or union")
('error:', "gates.c:1243:7: error: use of undeclared identifier 't'")
('error:', "gates.c:1244:7: error: use of undeclared identifier 't'")
('error:', "gates.c:1245:7: error: use of undeclared identifier 't'")
('error:', "gates.c:1246:7: error: use of undeclared identifier 't'")
('error:', "gates.c:1248:15: error: member reference base type '_Complex float' is not a structure or union")
('error:', "gates.c:1250:15: error: member reference base type '_Complex float' is not a structure or union")
('error:', "gates.c:1256:6: error: use of undeclared identifier 't'")
('error:', "gates.c:1256:26: error: use of undeclared identifier 't'")
('error:', "gates.c:1262:7: error: use of undeclared identifier 't'")
('error:', "gates.c:1263:7: error: use of undeclared identifier 't'")
('error:', "gates.c:1267:7: error: use of undeclared identifier 't'")
('error:', "gates.c:1268:7: error: use of undeclared identifier 't'")
('error:', "gates.c:1271:15: error: member reference base type '_Complex float' is not a structure or union")
('error:', "gates.c:1272:15: error: member reference base type '_Complex float' is not a structure or union")
('error:', "gates.c:1289:46: error: member reference base type '_Complex float' is not a structure or union")
('error:', "gates.c:1289:68: error: member reference base type '_Complex float' is not a structure or union")
('error:', "gates.c:1290:27: error: member reference base type '_Complex float' is not a structure or union")
('error:', "gates.c:1290:49: error: member reference base type '_Complex float' is not a structure or union")
('error:', "gates.c:1301:21: error: member reference base type '_Complex float' is not a structure or union")
('error:', "gates.c:1302:15: error: member reference base type '_Complex float' is not a structure or union")
('error:', "gates.c:1302:37: error: member reference base type '_Complex float' is not a structure or union")
('error:', "gates.c:1303:15: error: member reference base type '_Complex float' is not a structure or union")
***************** Next Function ******************
('func_count:', 76)
("func_name '", 'quantum_print_hash', "'")
('err_func:', '/data/0202_patch/ida/speccpu/gcc/O1/libquantum-gcc-O1-compilation-errors/quantum_print_hash')
('err_funcfile:', '/data/0202_patch/ida/speccpu/gcc/O1/libquantum-gcc-O1-compilation-errors/quantum_print_hash')
***************** Next Function ******************
('func_count:', 77)
("func_name '", 'quantum_toffoli_ft', "'")
('err_func:', '/data/0202_patch/ida/speccpu/gcc/O1/libquantum-gcc-O1-compilation-errors/quantum_toffoli_ft')
('err_funcfile:', '/data/0202_patch/ida/speccpu/gcc/O1/libquantum-gcc-O1-compilation-errors/quantum_toffoli_ft')
***************** Next Function ******************
('func_count:', 78)
("func_name '", 'quantum_sigma_z', "'")
('err_func:', '/data/0202_patch/ida/speccpu/gcc/O1/libquantum-gcc-O1-compilation-errors/quantum_sigma_z')
('err_funcfile:', '/data/0202_patch/ida/speccpu/gcc/O1/libquantum-gcc-O1-compilation-errors/quantum_sigma_z')
('error:', "gates.c:687:20: error: member reference base type '_Complex float' is not a structure or union")
('error:', "gates.c:688:14: error: member reference base type '_Complex float' is not a structure or union")
('error:', "gates.c:688:36: error: member reference base type '_Complex float' is not a structure or union")
('error:', "gates.c:689:14: error: member reference base type '_Complex float' is not a structure or union")
***************** Next Function ******************
('func_count:', 79)
("func_name '", 'quantum_swaptheleads_omuln_controlled', "'")
('err_func:', '/data/0202_patch/ida/speccpu/gcc/O1/libquantum-gcc-O1-compilation-errors/quantum_swaptheleads_omuln_controlled')
('err_funcfile:', '/data/0202_patch/ida/speccpu/gcc/O1/libquantum-gcc-O1-compilation-errors/quantum_swaptheleads_omuln_controlled')
***************** Next Function ******************
('func_count:', 80)
("func_name '", 'quantum_qft', "'")
('err_func:', '/data/0202_patch/ida/speccpu/gcc/O1/libquantum-gcc-O1-compilation-errors/quantum_qft')
('err_funcfile:', '/data/0202_patch/ida/speccpu/gcc/O1/libquantum-gcc-O1-compilation-errors/quantum_qft')
***************** Next Function ******************
('func_count:', 81)
("func_name '", 'quantum_dot_product', "'")
('err_func:', '/data/0202_patch/ida/speccpu/gcc/O1/libquantum-gcc-O1-compilation-errors/quantum_dot_product')
('err_funcfile:', '/data/0202_patch/ida/speccpu/gcc/O1/libquantum-gcc-O1-compilation-errors/quantum_dot_product')
('error:', "qureg.c:866:1: error: unknown type name 'complex_float'")
('error:', "qureg.c:891:1: error: use of undeclared identifier 'complex_float'")
('error:', "qureg.c:955:1: error: use of undeclared identifier 'amplitude'")
('error:', "qureg.c:956:21: error: use of undeclared identifier 'amplitude'")
('error:', "qureg.c:958:22: error: member reference base type '_Complex float' is not a structure or union")
('error:', "qureg.c:959:41: error: member reference base type '_Complex float' is not a structure or union")
('error:', "qureg.c:960:77: error: member reference base type '_Complex float' is not a structure or union")
('error:', "qureg.c:975:10: error: use of undeclared identifier 'complex_float'")
***************** Next Function ******************
('func_count:', 82)
("func_name '", 'quantum_phase_kick', "'")
('err_func:', '/data/0202_patch/ida/speccpu/gcc/O1/libquantum-gcc-O1-compilation-errors/quantum_phase_kick')
('err_funcfile:', '/data/0202_patch/ida/speccpu/gcc/O1/libquantum-gcc-O1-compilation-errors/quantum_phase_kick')
('error:', "gates.c:1246:24: error: too many arguments to function call, expected single argument 'phi', have 2 arguments")
('error:', "gates.c:1255:21: error: member reference base type '_Complex float' is not a structure or union")
('error:', "gates.c:1256:43: error: member reference base type '_Complex float' is not a structure or union")
('error:', "gates.c:1257:14: error: member reference base type '_Complex float' is not a structure or union")
('error:', "gates.c:1257:62: error: member reference base type '_Complex float' is not a structure or union")
('error:', "gates.c:1258:14: error: member reference base type '_Complex float' is not a structure or union")
***************** Next Function ******************
('func_count:', 83)
("func_name '", 'quantum_frac_approx', "'")
('err_func:', '/data/0202_patch/ida/speccpu/gcc/O1/libquantum-gcc-O1-compilation-errors/quantum_frac_approx')
('err_funcfile:', '/data/0202_patch/ida/speccpu/gcc/O1/libquantum-gcc-O1-compilation-errors/quantum_frac_approx')
***************** Next Function ******************
('func_count:', 84)
("func_name '", 'quantum_bmeasure', "'")
('err_func:', '/data/0202_patch/ida/speccpu/gcc/O1/libquantum-gcc-O1-compilation-errors/quantum_bmeasure')
('err_funcfile:', '/data/0202_patch/ida/speccpu/gcc/O1/libquantum-gcc-O1-compilation-errors/quantum_bmeasure')
('error:', "measure.c:586:41: error: member reference base type '_Complex float' is not a structure or union")
('error:', "measure.c:586:64: error: member reference base type '_Complex float' is not a structure or union")
('error:', "measure.c:587:28: error: member reference base type '_Complex float' is not a structure or union")
('error:', "measure.c:587:51: error: member reference base type '_Complex float' is not a structure or union")
('error:', 'measure.c:594:40: error: too many arguments to function call, expected 3, have 4')
***************** Next Function ******************
('func_count:', 85)
("func_name '", 'quantum_qec_counter', "'")
('err_func:', '/data/0202_patch/ida/speccpu/gcc/O1/libquantum-gcc-O1-compilation-errors/quantum_qec_counter')
('err_funcfile:', '/data/0202_patch/ida/speccpu/gcc/O1/libquantum-gcc-O1-compilation-errors/quantum_qec_counter')
('error:', "qec.c:619:1: error: use of undeclared identifier 'counter_1'")
('error:', "qec.c:623:1: error: use of undeclared identifier 'counter_1'")
('error:', "qec.c:626:1: error: use of undeclared identifier 'freq_0'")
('error:', "qec.c:627:6: error: use of undeclared identifier 'counter_1'")
('error:', "qec.c:627:19: error: use of undeclared identifier 'freq_0'")
('error:', "qec.c:629:1: error: use of undeclared identifier 'counter_1'")
('error:', "qec.c:633:8: error: use of undeclared identifier 'counter_1'")
***************** Next Function ******************
('func_count:', 86)
("func_name '", 'muxha', "'")
('err_func:', '/data/0202_patch/ida/speccpu/gcc/O1/libquantum-gcc-O1-compilation-errors/muxha')
('err_funcfile:', '/data/0202_patch/ida/speccpu/gcc/O1/libquantum-gcc-O1-compilation-errors/muxha')
***************** Next Function ******************
('func_count:', 87)
("func_name '", 'quantum_objcode_stop', "'")
('err_func:', '/data/0202_patch/ida/speccpu/gcc/O1/libquantum-gcc-O1-compilation-errors/quantum_objcode_stop')
('err_funcfile:', '/data/0202_patch/ida/speccpu/gcc/O1/libquantum-gcc-O1-compilation-errors/quantum_objcode_stop')
***************** Next Function ******************
('func_count:', 88)
("func_name '", 'main', "'")
('err_func:', '/data/0202_patch/ida/speccpu/gcc/O1/libquantum-gcc-O1-compilation-errors/main')
('err_funcfile:', '/data/0202_patch/ida/speccpu/gcc/O1/libquantum-gcc-O1-compilation-errors/main')
('error:', 'shor.c:567:31: error: too many arguments to function call, expected 2, have 3')
***************** Next Function ******************
('func_count:', 89)
("func_name '", 'quantum_qec_encode', "'")
('err_func:', '/data/0202_patch/ida/speccpu/gcc/O1/libquantum-gcc-O1-compilation-errors/quantum_qec_encode')
('err_funcfile:', '/data/0202_patch/ida/speccpu/gcc/O1/libquantum-gcc-O1-compilation-errors/quantum_qec_encode')
('error:', "qec.c:538:31: error: too many arguments to function call, expected single argument 'lambda', have 2 arguments")
('error:', "qec.c:546:34: error: too many arguments to function call, expected single argument 'lambda', have 2 arguments")
('error:', 'qec.c:564:1: error: expected expression')
('error:', 'qec.c:565:1: error: expected expression')
***************** Next Function ******************
('func_count:', 90)
("func_name '", 'muxha_inv', "'")
('err_func:', '/data/0202_patch/ida/speccpu/gcc/O1/libquantum-gcc-O1-compilation-errors/muxha_inv')
('err_funcfile:', '/data/0202_patch/ida/speccpu/gcc/O1/libquantum-gcc-O1-compilation-errors/muxha_inv')
***************** Next Function ******************
('func_count:', 91)
("func_name '", 'quantum_objcode_write', "'")
('err_func:', '/data/0202_patch/ida/speccpu/gcc/O1/libquantum-gcc-O1-compilation-errors/quantum_objcode_write')
('err_funcfile:', '/data/0202_patch/ida/speccpu/gcc/O1/libquantum-gcc-O1-compilation-errors/quantum_objcode_write')
***************** Next Function ******************
('func_count:', 92)
("func_name '", 'quantum_cnot', "'")
('err_func:', '/data/0202_patch/ida/speccpu/gcc/O1/libquantum-gcc-O1-compilation-errors/quantum_cnot')
('err_funcfile:', '/data/0202_patch/ida/speccpu/gcc/O1/libquantum-gcc-O1-compilation-errors/quantum_cnot')
***************** Next Function ******************
('func_count:', 93)
("func_name '", 'madd', "'")
('err_func:', '/data/0202_patch/ida/speccpu/gcc/O1/libquantum-gcc-O1-compilation-errors/madd')
('err_funcfile:', '/data/0202_patch/ida/speccpu/gcc/O1/libquantum-gcc-O1-compilation-errors/madd')
***************** Next Function ******************
('func_count:', 94)
("func_name '", 'muxfa', "'")
('err_func:', '/data/0202_patch/ida/speccpu/gcc/O1/libquantum-gcc-O1-compilation-errors/muxfa')
('err_funcfile:', '/data/0202_patch/ida/speccpu/gcc/O1/libquantum-gcc-O1-compilation-errors/muxfa')
***************** Next Function ******************
('func_count:', 95)
("func_name '", 'quantum_print_qureg', "'")
('err_func:', '/data/0202_patch/ida/speccpu/gcc/O1/libquantum-gcc-O1-compilation-errors/quantum_print_qureg')
('err_funcfile:', '/data/0202_patch/ida/speccpu/gcc/O1/libquantum-gcc-O1-compilation-errors/quantum_print_qureg')
('error:', "qureg.c:684:16: error: member reference base type '_Complex float' is not a structure or union")
('error:', "qureg.c:685:16: error: member reference base type '_Complex float' is not a structure or union")
('error:', "qureg.c:687:36: error: member reference base type '_Complex float' is not a structure or union")
('error:', "qureg.c:687:59: error: member reference base type '_Complex float' is not a structure or union")
('error:', "qureg.c:688:28: error: member reference base type '_Complex float' is not a structure or union")
('error:', "qureg.c:688:51: error: member reference base type '_Complex float' is not a structure or union")
******************** ================== ******************** ==================
Total # fns with errors: 95. Total errors: 377
******************** ================== error type: occurrences ******************** ==================
conflicting types for a function: 7
expected ;, (': 1
expected expression: 8
member reference type '__128i' is not a structure or union: 11
member reference type is not a structure or union: 172
too few arguments to function call: 2
too many arguments to function call: 17
unknown type name: 3
use of undeclared identifier: 153
******************** ================== error distribution ******************** ==================
******************** ================== error type: func count ******************** ==================
conflicting types for a function: 7
expected ;, (': 1
expected expression: 5
member reference type '__128i' is not a structure or union: 3
member reference type is not a structure or union: 23
too few arguments to function call: 1
too many arguments to function call: 13
unknown type name: 3
use of undeclared identifier: 14
******************** ================== unknown errors ******************** ==================
