maliha print
***************** Next Function ******************
('func_count:', 1)
("func_name '", 'test_sum', "'")
('err_func:', '/data/maliha/decompilation/data/error_without_patch/ida/speccpu/clang/O2/libquantum-clang-O2-compilation-errors/test_sum')
('err_funcfile:', '/data/maliha/decompilation/data/error_without_patch/ida/speccpu/clang/O2/libquantum-clang-O2-compilation-errors/test_sum')
('error:', "/home/yanlin/my-projects/decompilation/source_code/recompiled/IDA/speccpu/clang/O2/libquantum-clang-O2/test_sum/src/oaddn.c:45:3: error: unknown type name '__int64'; did you mean '__int64_t'?")
('error:', "/home/yanlin/my-projects/decompilation/source_code/recompiled/IDA/speccpu/clang/O2/libquantum-clang-O2/test_sum/src/oaddn.c:46:19: error: expected ';' at end of declaration")
('error:', "/home/yanlin/my-projects/decompilation/source_code/recompiled/IDA/speccpu/clang/O2/libquantum-clang-O2/test_sum/src/oaddn.c:64:3: error: use of undeclared identifier 'v6'")
('error:', "/home/yanlin/my-projects/decompilation/source_code/recompiled/IDA/speccpu/clang/O2/libquantum-clang-O2/test_sum/src/oaddn.c:67:27: error: use of undeclared identifier 'v6'")
('error:', "/home/yanlin/my-projects/decompilation/source_code/recompiled/IDA/speccpu/clang/O2/libquantum-clang-O2/test_sum/src/oaddn.c:69:24: error: use of undeclared identifier 'v6'")
('error:', "/home/yanlin/my-projects/decompilation/source_code/recompiled/IDA/speccpu/clang/O2/libquantum-clang-O2/test_sum/src/oaddn.c:142:30: error: use of undeclared identifier 'v6'")
('error:', "/home/yanlin/my-projects/decompilation/source_code/recompiled/IDA/speccpu/clang/O2/libquantum-clang-O2/test_sum/src/oaddn.c:146:29: error: use of undeclared identifier 'v6'")
('error:', "/home/yanlin/my-projects/decompilation/source_code/recompiled/IDA/speccpu/clang/O2/libquantum-clang-O2/test_sum/src/oaddn.c:150:29: error: use of undeclared identifier 'v6'")
***************** Next Function ******************
('func_count:', 2)
("func_name '", 'quantum_toffoli_ft', "'")
('err_func:', '/data/maliha/decompilation/data/error_without_patch/ida/speccpu/clang/O2/libquantum-clang-O2-compilation-errors/quantum_toffoli_ft')
('err_funcfile:', '/data/maliha/decompilation/data/error_without_patch/ida/speccpu/clang/O2/libquantum-clang-O2-compilation-errors/quantum_toffoli_ft')
('error:', "/home/yanlin/my-projects/decompilation/source_code/recompiled/IDA/speccpu/clang/O2/libquantum-clang-O2/quantum_toffoli_ft/src/qec.c:234:3: error: unknown type name '__int64'; did you mean '__int64_t'?")
('error:', "/home/yanlin/my-projects/decompilation/source_code/recompiled/IDA/speccpu/clang/O2/libquantum-clang-O2/quantum_toffoli_ft/src/qec.c:235:3: error: unknown type name '__int64'; did you mean '__int64_t'?")
('error:', "/home/yanlin/my-projects/decompilation/source_code/recompiled/IDA/speccpu/clang/O2/libquantum-clang-O2/quantum_toffoli_ft/src/qec.c:236:3: error: unknown type name '__int64'; did you mean '__int64_t'?")
('error:', "/home/yanlin/my-projects/decompilation/source_code/recompiled/IDA/speccpu/clang/O2/libquantum-clang-O2/quantum_toffoli_ft/src/qec.c:237:3: error: unknown type name '__int64'; did you mean '__int64_t'?")
('error:', "/home/yanlin/my-projects/decompilation/source_code/recompiled/IDA/speccpu/clang/O2/libquantum-clang-O2/quantum_toffoli_ft/src/qec.c:238:3: error: unknown type name '__int64'; did you mean '__int64_t'?")
('error:', "/home/yanlin/my-projects/decompilation/source_code/recompiled/IDA/speccpu/clang/O2/libquantum-clang-O2/quantum_toffoli_ft/src/qec.c:239:3: error: unknown type name '__int64'; did you mean '__int64_t'?")
('error:', "/home/yanlin/my-projects/decompilation/source_code/recompiled/IDA/speccpu/clang/O2/libquantum-clang-O2/quantum_toffoli_ft/src/qec.c:240:3: error: unknown type name '__int64'; did you mean '__int64_t'?")
('error:', "/home/yanlin/my-projects/decompilation/source_code/recompiled/IDA/speccpu/clang/O2/libquantum-clang-O2/quantum_toffoli_ft/src/qec.c:242:3: error: unknown type name '__int64'; did you mean '__int64_t'?")
('error:', "/home/yanlin/my-projects/decompilation/source_code/recompiled/IDA/speccpu/clang/O2/libquantum-clang-O2/quantum_toffoli_ft/src/qec.c:243:19: error: expected ';' at end of declaration")
('error:', "/home/yanlin/my-projects/decompilation/source_code/recompiled/IDA/speccpu/clang/O2/libquantum-clang-O2/quantum_toffoli_ft/src/qec.c:244:12: error: redefinition of '__int64'")
('error:', "/home/yanlin/my-projects/decompilation/source_code/recompiled/IDA/speccpu/clang/O2/libquantum-clang-O2/quantum_toffoli_ft/src/qec.c:244:19: error: expected ';' at end of declaration")
('error:', "/home/yanlin/my-projects/decompilation/source_code/recompiled/IDA/speccpu/clang/O2/libquantum-clang-O2/quantum_toffoli_ft/src/qec.c:245:10: error: expected ';' after expression")
('error:', "/home/yanlin/my-projects/decompilation/source_code/recompiled/IDA/speccpu/clang/O2/libquantum-clang-O2/quantum_toffoli_ft/src/qec.c:245:11: error: use of undeclared identifier 'v18'")
('error:', "/home/yanlin/my-projects/decompilation/source_code/recompiled/IDA/speccpu/clang/O2/libquantum-clang-O2/quantum_toffoli_ft/src/qec.c:251:30: error: expected ')'")
('error:', "/home/yanlin/my-projects/decompilation/source_code/recompiled/IDA/speccpu/clang/O2/libquantum-clang-O2/quantum_toffoli_ft/src/qec.c:251:56: error: expected ')'")
('error:', "/home/yanlin/my-projects/decompilation/source_code/recompiled/IDA/speccpu/clang/O2/libquantum-clang-O2/quantum_toffoli_ft/src/qec.c:252:34: error: expected ')'")
('error:', "/home/yanlin/my-projects/decompilation/source_code/recompiled/IDA/speccpu/clang/O2/libquantum-clang-O2/quantum_toffoli_ft/src/qec.c:254:31: error: expected ')'")
('error:', "/home/yanlin/my-projects/decompilation/source_code/recompiled/IDA/speccpu/clang/O2/libquantum-clang-O2/quantum_toffoli_ft/src/qec.c:254:60: error: expected ')'")
('error:', "/home/yanlin/my-projects/decompilation/source_code/recompiled/IDA/speccpu/clang/O2/libquantum-clang-O2/quantum_toffoli_ft/src/qec.c:255:46: error: expected ')'")
('error:', 'fatal error: too many errors emitted, stopping now [-ferror-limit=]')
***************** Next Function ******************
('func_count:', 3)
("func_name '", 'madd_inv', "'")
('err_func:', '/data/maliha/decompilation/data/error_without_patch/ida/speccpu/clang/O2/libquantum-clang-O2-compilation-errors/madd_inv')
('err_funcfile:', '/data/maliha/decompilation/data/error_without_patch/ida/speccpu/clang/O2/libquantum-clang-O2-compilation-errors/madd_inv')
('error:', 'clang: error: linker command failed with exit code 1 (use -v to see invocation)')
***************** Next Function ******************
('func_count:', 4)
("func_name '", 'quantum_qec_encode', "'")
('err_func:', '/data/maliha/decompilation/data/error_without_patch/ida/speccpu/clang/O2/libquantum-clang-O2-compilation-errors/quantum_qec_encode')
('err_funcfile:', '/data/maliha/decompilation/data/error_without_patch/ida/speccpu/clang/O2/libquantum-clang-O2-compilation-errors/quantum_qec_encode')
('error:', '/home/yanlin/my-projects/decompilation/source_code/recompiled/IDA/speccpu/clang/O2/libquantum-clang-O2/quantum_qec_encode/src/qec.c:109:3: error: expected expression')
('error:', '/home/yanlin/my-projects/decompilation/source_code/recompiled/IDA/speccpu/clang/O2/libquantum-clang-O2/quantum_qec_encode/src/qec.c:110:3: error: expected expression')
('error:', '/home/yanlin/my-projects/decompilation/source_code/recompiled/IDA/speccpu/clang/O2/libquantum-clang-O2/quantum_qec_encode/src/qec.c:182:42: error: too few arguments to function call, expected 5, have 3')
***************** Next Function ******************
('func_count:', 5)
("func_name '", 'addn', "'")
('err_func:', '/data/maliha/decompilation/data/error_without_patch/ida/speccpu/clang/O2/libquantum-clang-O2-compilation-errors/addn')
('err_funcfile:', '/data/maliha/decompilation/data/error_without_patch/ida/speccpu/clang/O2/libquantum-clang-O2-compilation-errors/addn')
('error:', 'clang: error: linker command failed with exit code 1 (use -v to see invocation)')
***************** Next Function ******************
('func_count:', 6)
("func_name '", 'quantum_decohere', "'")
('err_func:', '/data/maliha/decompilation/data/error_without_patch/ida/speccpu/clang/O2/libquantum-clang-O2-compilation-errors/quantum_decohere')
('err_funcfile:', '/data/maliha/decompilation/data/error_without_patch/ida/speccpu/clang/O2/libquantum-clang-O2-compilation-errors/quantum_decohere')
('error:', "/home/yanlin/my-projects/decompilation/source_code/recompiled/IDA/speccpu/clang/O2/libquantum-clang-O2/quantum_decohere/src/decoherence.c:74:3: error: use of undeclared identifier '__m128'")
('error:', "/home/yanlin/my-projects/decompilation/source_code/recompiled/IDA/speccpu/clang/O2/libquantum-clang-O2/quantum_decohere/src/decoherence.c:79:3: error: unknown type name '__int64'; did you mean '__int64_t'?")
('error:', "/home/yanlin/my-projects/decompilation/source_code/recompiled/IDA/speccpu/clang/O2/libquantum-clang-O2/quantum_decohere/src/decoherence.c:80:3: error: unknown type name '__int64'; did you mean '__int64_t'?")
('error:', "/home/yanlin/my-projects/decompilation/source_code/recompiled/IDA/speccpu/clang/O2/libquantum-clang-O2/quantum_decohere/src/decoherence.c:82:3: error: use of undeclared identifier '__m128d'")
('error:', "/home/yanlin/my-projects/decompilation/source_code/recompiled/IDA/speccpu/clang/O2/libquantum-clang-O2/quantum_decohere/src/decoherence.c:83:3: error: use of undeclared identifier '__m128'")
('error:', "/home/yanlin/my-projects/decompilation/source_code/recompiled/IDA/speccpu/clang/O2/libquantum-clang-O2/quantum_decohere/src/decoherence.c:89:3: error: unknown type name '__int64'; did you mean '__int64_t'?")
('error:', "/home/yanlin/my-projects/decompilation/source_code/recompiled/IDA/speccpu/clang/O2/libquantum-clang-O2/quantum_decohere/src/decoherence.c:90:19: error: expected ';' at end of declaration")
('error:', "/home/yanlin/my-projects/decompilation/source_code/recompiled/IDA/speccpu/clang/O2/libquantum-clang-O2/quantum_decohere/src/decoherence.c:92:3: error: use of undeclared identifier '__m128'")
('error:', "/home/yanlin/my-projects/decompilation/source_code/recompiled/IDA/speccpu/clang/O2/libquantum-clang-O2/quantum_decohere/src/decoherence.c:93:12: error: redefinition of '__int64'")
('error:', "/home/yanlin/my-projects/decompilation/source_code/recompiled/IDA/speccpu/clang/O2/libquantum-clang-O2/quantum_decohere/src/decoherence.c:93:19: error: expected ';' at end of declaration")
('error:', "/home/yanlin/my-projects/decompilation/source_code/recompiled/IDA/speccpu/clang/O2/libquantum-clang-O2/quantum_decohere/src/decoherence.c:97:10: error: expected ';' after expression")
('error:', "/home/yanlin/my-projects/decompilation/source_code/recompiled/IDA/speccpu/clang/O2/libquantum-clang-O2/quantum_decohere/src/decoherence.c:97:11: error: use of undeclared identifier 'v24'")
('error:', "/home/yanlin/my-projects/decompilation/source_code/recompiled/IDA/speccpu/clang/O2/libquantum-clang-O2/quantum_decohere/src/decoherence.c:100:3: error: use of undeclared identifier '__m128d'")
('error:', '/home/yanlin/my-projects/decompilation/source_code/recompiled/IDA/speccpu/clang/O2/libquantum-clang-O2/quantum_decohere/src/decoherence.c:115:18: error: expression is not assignable')
('error:', "/home/yanlin/my-projects/decompilation/source_code/recompiled/IDA/speccpu/clang/O2/libquantum-clang-O2/quantum_decohere/src/decoherence.c:123:23: error: use of undeclared identifier 'v1'")
('error:', "/home/yanlin/my-projects/decompilation/source_code/recompiled/IDA/speccpu/clang/O2/libquantum-clang-O2/quantum_decohere/src/decoherence.c:124:19: error: use of undeclared identifier '__m128d'")
('error:', "/home/yanlin/my-projects/decompilation/source_code/recompiled/IDA/speccpu/clang/O2/libquantum-clang-O2/quantum_decohere/src/decoherence.c:124:11: error: use of undeclared identifier 'v27'")
('error:', "/home/yanlin/my-projects/decompilation/source_code/recompiled/IDA/speccpu/clang/O2/libquantum-clang-O2/quantum_decohere/src/decoherence.c:125:23: error: use of undeclared identifier 'v1'")
('error:', "/home/yanlin/my-projects/decompilation/source_code/recompiled/IDA/speccpu/clang/O2/libquantum-clang-O2/quantum_decohere/src/decoherence.c:126:11: error: use of undeclared identifier 'v9'")
('error:', 'fatal error: too many errors emitted, stopping now [-ferror-limit=]')
***************** Next Function ******************
('func_count:', 7)
("func_name '", 'quantum_set_decoherence', "'")
('err_func:', '/data/maliha/decompilation/data/error_without_patch/ida/speccpu/clang/O2/libquantum-clang-O2-compilation-errors/quantum_set_decoherence')
('err_funcfile:', '/data/maliha/decompilation/data/error_without_patch/ida/speccpu/clang/O2/libquantum-clang-O2-compilation-errors/quantum_set_decoherence')
('error:', 'clang: error: linker command failed with exit code 1 (use -v to see invocation)')
***************** Next Function ******************
('func_count:', 8)
("func_name '", 'quantum_hadamard', "'")
('err_func:', '/data/maliha/decompilation/data/error_without_patch/ida/speccpu/clang/O2/libquantum-clang-O2-compilation-errors/quantum_hadamard')
('err_funcfile:', '/data/maliha/decompilation/data/error_without_patch/ida/speccpu/clang/O2/libquantum-clang-O2-compilation-errors/quantum_hadamard')
('error:', '/home/yanlin/my-projects/decompilation/source_code/recompiled/IDA/speccpu/clang/O2/libquantum-clang-O2/quantum_hadamard/src/gates.c:664:16: error: expected expression')
('error:', "/home/yanlin/my-projects/decompilation/source_code/recompiled/IDA/speccpu/clang/O2/libquantum-clang-O2/quantum_hadamard/src/gates.c:664:8: error: use of undeclared identifier '_OWORD'")
('error:', "/home/yanlin/my-projects/decompilation/source_code/recompiled/IDA/speccpu/clang/O2/libquantum-clang-O2/quantum_hadamard/src/gates.c:664:25: error: member reference base type '_Complex float' is not a structure or union")
('error:', "/home/yanlin/my-projects/decompilation/source_code/recompiled/IDA/speccpu/clang/O2/libquantum-clang-O2/quantum_hadamard/src/gates.c:664:33: error: use of undeclared identifier 'xmmword_4086E0'")
('error:', '/home/yanlin/my-projects/decompilation/source_code/recompiled/IDA/speccpu/clang/O2/libquantum-clang-O2/quantum_hadamard/src/gates.c:665:16: error: expected expression')
('error:', "/home/yanlin/my-projects/decompilation/source_code/recompiled/IDA/speccpu/clang/O2/libquantum-clang-O2/quantum_hadamard/src/gates.c:665:8: error: use of undeclared identifier '_QWORD'")
('error:', '/home/yanlin/my-projects/decompilation/source_code/recompiled/IDA/speccpu/clang/O2/libquantum-clang-O2/quantum_hadamard/src/gates.c:665:39: error: expected expression')
('error:', "/home/yanlin/my-projects/decompilation/source_code/recompiled/IDA/speccpu/clang/O2/libquantum-clang-O2/quantum_hadamard/src/gates.c:665:31: error: use of undeclared identifier '_QWORD'")
***************** Next Function ******************
('func_count:', 9)
("func_name '", 'quantum_bmeasure', "'")
('err_func:', '/data/maliha/decompilation/data/error_without_patch/ida/speccpu/clang/O2/libquantum-clang-O2-compilation-errors/quantum_bmeasure')
('err_funcfile:', '/data/maliha/decompilation/data/error_without_patch/ida/speccpu/clang/O2/libquantum-clang-O2-compilation-errors/quantum_bmeasure')
('error:', 'clang: error: linker command failed with exit code 1 (use -v to see invocation)')
***************** Next Function ******************
('func_count:', 10)
("func_name '", 'muxfa', "'")
('err_func:', '/data/maliha/decompilation/data/error_without_patch/ida/speccpu/clang/O2/libquantum-clang-O2-compilation-errors/muxfa')
('err_funcfile:', '/data/maliha/decompilation/data/error_without_patch/ida/speccpu/clang/O2/libquantum-clang-O2-compilation-errors/muxfa')
('error:', 'clang: error: linker command failed with exit code 1 (use -v to see invocation)')
***************** Next Function ******************
('func_count:', 11)
("func_name '", 'quantum_qec_get_status', "'")
('err_func:', '/data/maliha/decompilation/data/error_without_patch/ida/speccpu/clang/O2/libquantum-clang-O2-compilation-errors/quantum_qec_get_status')
('err_funcfile:', '/data/maliha/decompilation/data/error_without_patch/ida/speccpu/clang/O2/libquantum-clang-O2-compilation-errors/quantum_qec_get_status')
('error:', 'clang: error: linker command failed with exit code 1 (use -v to see invocation)')
***************** Next Function ******************
('func_count:', 12)
("func_name '", 'muxha_inv', "'")
('err_func:', '/data/maliha/decompilation/data/error_without_patch/ida/speccpu/clang/O2/libquantum-clang-O2-compilation-errors/muxha_inv')
('err_funcfile:', '/data/maliha/decompilation/data/error_without_patch/ida/speccpu/clang/O2/libquantum-clang-O2-compilation-errors/muxha_inv')
('error:', 'clang: error: linker command failed with exit code 1 (use -v to see invocation)')
***************** Next Function ******************
('func_count:', 13)
("func_name '", 'quantum_qec_decode', "'")
('err_func:', '/data/maliha/decompilation/data/error_without_patch/ida/speccpu/clang/O2/libquantum-clang-O2-compilation-errors/quantum_qec_decode')
('err_funcfile:', '/data/maliha/decompilation/data/error_without_patch/ida/speccpu/clang/O2/libquantum-clang-O2-compilation-errors/quantum_qec_decode')
('error:', '/home/yanlin/my-projects/decompilation/source_code/recompiled/IDA/speccpu/clang/O2/libquantum-clang-O2/quantum_qec_decode/src/qec.c:124:3: error: expected expression')
('error:', '/home/yanlin/my-projects/decompilation/source_code/recompiled/IDA/speccpu/clang/O2/libquantum-clang-O2/quantum_qec_decode/src/qec.c:125:3: error: expected expression')
('error:', '/home/yanlin/my-projects/decompilation/source_code/recompiled/IDA/speccpu/clang/O2/libquantum-clang-O2/quantum_qec_decode/src/qec.c:190:42: error: too few arguments to function call, expected 5, have 3')
***************** Next Function ******************
('func_count:', 14)
("func_name '", 'quantum_toffoli', "'")
('err_func:', '/data/maliha/decompilation/data/error_without_patch/ida/speccpu/clang/O2/libquantum-clang-O2-compilation-errors/quantum_toffoli')
('err_funcfile:', '/data/maliha/decompilation/data/error_without_patch/ida/speccpu/clang/O2/libquantum-clang-O2-compilation-errors/quantum_toffoli')
('error:', "/home/yanlin/my-projects/decompilation/source_code/recompiled/IDA/speccpu/clang/O2/libquantum-clang-O2/quantum_toffoli/src/gates.c:76:3: error: unknown type name '__int64'; did you mean '__int64_t'?")
('error:', "/home/yanlin/my-projects/decompilation/source_code/recompiled/IDA/speccpu/clang/O2/libquantum-clang-O2/quantum_toffoli/src/gates.c:78:3: error: unknown type name '__int64'; did you mean '__int64_t'?")
('error:', "/home/yanlin/my-projects/decompilation/source_code/recompiled/IDA/speccpu/clang/O2/libquantum-clang-O2/quantum_toffoli/src/gates.c:80:3: error: unknown type name '__int64'; did you mean '__int64_t'?")
('error:', "/home/yanlin/my-projects/decompilation/source_code/recompiled/IDA/speccpu/clang/O2/libquantum-clang-O2/quantum_toffoli/src/gates.c:81:3: error: unknown type name '__int64'; did you mean '__int64_t'?")
('error:', "/home/yanlin/my-projects/decompilation/source_code/recompiled/IDA/speccpu/clang/O2/libquantum-clang-O2/quantum_toffoli/src/gates.c:82:3: error: unknown type name '__int64'; did you mean '__int64_t'?")
('error:', "/home/yanlin/my-projects/decompilation/source_code/recompiled/IDA/speccpu/clang/O2/libquantum-clang-O2/quantum_toffoli/src/gates.c:83:19: error: expected ';' at end of declaration")
('error:', "/home/yanlin/my-projects/decompilation/source_code/recompiled/IDA/speccpu/clang/O2/libquantum-clang-O2/quantum_toffoli/src/gates.c:106:9: error: use of undeclared identifier 'p_state'")
('error:', "/home/yanlin/my-projects/decompilation/source_code/recompiled/IDA/speccpu/clang/O2/libquantum-clang-O2/quantum_toffoli/src/gates.c:110:28: error: use of undeclared identifier 'p_state'; did you mean 'setstate'?")
('error:', "/home/yanlin/my-projects/decompilation/source_code/recompiled/IDA/speccpu/clang/O2/libquantum-clang-O2/quantum_toffoli/src/gates.c:110:23: error: invalid operands to binary expression ('__int64_t' (aka 'long') and 'char *(*)(char *)')")
('error:', "/home/yanlin/my-projects/decompilation/source_code/recompiled/IDA/speccpu/clang/O2/libquantum-clang-O2/quantum_toffoli/src/gates.c:111:16: error: use of undeclared identifier 'p_state'; did you mean 'setstate'?")
('error:', "/home/yanlin/my-projects/decompilation/source_code/recompiled/IDA/speccpu/clang/O2/libquantum-clang-O2/quantum_toffoli/src/gates.c:111:29: error: invalid operands to binary expression ('char *(char *)' and '__int64_t' (aka 'long'))")
('error:', "/home/yanlin/my-projects/decompilation/source_code/recompiled/IDA/speccpu/clang/O2/libquantum-clang-O2/quantum_toffoli/src/gates.c:112:26: error: use of undeclared identifier 'p_state'; did you mean 'setstate'?")
('error:', "/home/yanlin/my-projects/decompilation/source_code/recompiled/IDA/speccpu/clang/O2/libquantum-clang-O2/quantum_toffoli/src/gates.c:112:23: error: invalid operands to binary expression ('__int64_t' (aka 'long') and 'char *(*)(char *)')")
('error:', "/home/yanlin/my-projects/decompilation/source_code/recompiled/IDA/speccpu/clang/O2/libquantum-clang-O2/quantum_toffoli/src/gates.c:113:14: error: use of undeclared identifier 'p_state'; did you mean 'setstate'?")
('error:', "/home/yanlin/my-projects/decompilation/source_code/recompiled/IDA/speccpu/clang/O2/libquantum-clang-O2/quantum_toffoli/src/gates.c:113:22: error: invalid operands to binary expression ('char *(char *)' and '__int64_t' (aka 'long'))")
('error:', "/home/yanlin/my-projects/decompilation/source_code/recompiled/IDA/speccpu/clang/O2/libquantum-clang-O2/quantum_toffoli/src/gates.c:115:11: error: use of undeclared identifier 'p_state'")
***************** Next Function ******************
('func_count:', 15)
("func_name '", 'quantum_swaptheleads', "'")
('err_func:', '/data/maliha/decompilation/data/error_without_patch/ida/speccpu/clang/O2/libquantum-clang-O2-compilation-errors/quantum_swaptheleads')
('err_funcfile:', '/data/maliha/decompilation/data/error_without_patch/ida/speccpu/clang/O2/libquantum-clang-O2-compilation-errors/quantum_swaptheleads')
('error:', "/home/yanlin/my-projects/decompilation/source_code/recompiled/IDA/speccpu/clang/O2/libquantum-clang-O2/quantum_swaptheleads/src/gates.c:232:3: error: unknown type name '__int64'; did you mean '__int64_t'?")
('error:', "/home/yanlin/my-projects/decompilation/source_code/recompiled/IDA/speccpu/clang/O2/libquantum-clang-O2/quantum_swaptheleads/src/gates.c:233:3: error: unknown type name '__int64'; did you mean '__int64_t'?")
('error:', "/home/yanlin/my-projects/decompilation/source_code/recompiled/IDA/speccpu/clang/O2/libquantum-clang-O2/quantum_swaptheleads/src/gates.c:236:19: error: expected ';' at end of declaration")
('error:', "/home/yanlin/my-projects/decompilation/source_code/recompiled/IDA/speccpu/clang/O2/libquantum-clang-O2/quantum_swaptheleads/src/gates.c:237:12: error: redefinition of '__int64'")
('error:', "/home/yanlin/my-projects/decompilation/source_code/recompiled/IDA/speccpu/clang/O2/libquantum-clang-O2/quantum_swaptheleads/src/gates.c:237:19: error: expected ';' at end of declaration")
('error:', "/home/yanlin/my-projects/decompilation/source_code/recompiled/IDA/speccpu/clang/O2/libquantum-clang-O2/quantum_swaptheleads/src/gates.c:238:10: error: expected ';' after expression")
('error:', "/home/yanlin/my-projects/decompilation/source_code/recompiled/IDA/speccpu/clang/O2/libquantum-clang-O2/quantum_swaptheleads/src/gates.c:238:11: error: use of undeclared identifier 'v10'")
('error:', "/home/yanlin/my-projects/decompilation/source_code/recompiled/IDA/speccpu/clang/O2/libquantum-clang-O2/quantum_swaptheleads/src/gates.c:239:3: error: use of undeclared identifier '__m128d'")
('error:', "/home/yanlin/my-projects/decompilation/source_code/recompiled/IDA/speccpu/clang/O2/libquantum-clang-O2/quantum_swaptheleads/src/gates.c:240:3: error: use of undeclared identifier '__m128i'")
('error:', "/home/yanlin/my-projects/decompilation/source_code/recompiled/IDA/speccpu/clang/O2/libquantum-clang-O2/quantum_swaptheleads/src/gates.c:241:10: error: expected ';' after expression")
('error:', "/home/yanlin/my-projects/decompilation/source_code/recompiled/IDA/speccpu/clang/O2/libquantum-clang-O2/quantum_swaptheleads/src/gates.c:241:11: error: use of undeclared identifier 'v13'")
('error:', "/home/yanlin/my-projects/decompilation/source_code/recompiled/IDA/speccpu/clang/O2/libquantum-clang-O2/quantum_swaptheleads/src/gates.c:242:3: error: use of undeclared identifier '__m128i'")
('error:', "/home/yanlin/my-projects/decompilation/source_code/recompiled/IDA/speccpu/clang/O2/libquantum-clang-O2/quantum_swaptheleads/src/gates.c:243:3: error: use of undeclared identifier '__m128i'")
('error:', "/home/yanlin/my-projects/decompilation/source_code/recompiled/IDA/speccpu/clang/O2/libquantum-clang-O2/quantum_swaptheleads/src/gates.c:244:3: error: use of undeclared identifier '__m128i'")
('error:', "/home/yanlin/my-projects/decompilation/source_code/recompiled/IDA/speccpu/clang/O2/libquantum-clang-O2/quantum_swaptheleads/src/gates.c:245:3: error: use of undeclared identifier '__m128i'")
('error:', "/home/yanlin/my-projects/decompilation/source_code/recompiled/IDA/speccpu/clang/O2/libquantum-clang-O2/quantum_swaptheleads/src/gates.c:246:3: error: use of undeclared identifier '__m128i'")
('error:', "/home/yanlin/my-projects/decompilation/source_code/recompiled/IDA/speccpu/clang/O2/libquantum-clang-O2/quantum_swaptheleads/src/gates.c:247:3: error: use of undeclared identifier '__m128i'")
('error:', "/home/yanlin/my-projects/decompilation/source_code/recompiled/IDA/speccpu/clang/O2/libquantum-clang-O2/quantum_swaptheleads/src/gates.c:248:3: error: use of undeclared identifier '__m128i'")
('error:', "/home/yanlin/my-projects/decompilation/source_code/recompiled/IDA/speccpu/clang/O2/libquantum-clang-O2/quantum_swaptheleads/src/gates.c:249:3: error: use of undeclared identifier '__m128d'")
('error:', 'fatal error: too many errors emitted, stopping now [-ferror-limit=]')
***************** Next Function ******************
('func_count:', 16)
("func_name '", 'quantum_sigma_z', "'")
('err_func:', '/data/maliha/decompilation/data/error_without_patch/ida/speccpu/clang/O2/libquantum-clang-O2-compilation-errors/quantum_sigma_z')
('err_funcfile:', '/data/maliha/decompilation/data/error_without_patch/ida/speccpu/clang/O2/libquantum-clang-O2-compilation-errors/quantum_sigma_z')
('error:', "/home/yanlin/my-projects/decompilation/source_code/recompiled/IDA/speccpu/clang/O2/libquantum-clang-O2/quantum_sigma_z/src/gates.c:211:3: error: unknown type name '__int64'; did you mean '__int64_t'?")
('error:', "/home/yanlin/my-projects/decompilation/source_code/recompiled/IDA/speccpu/clang/O2/libquantum-clang-O2/quantum_sigma_z/src/gates.c:212:3: error: unknown type name '__int64'; did you mean '__int64_t'?")
('error:', "/home/yanlin/my-projects/decompilation/source_code/recompiled/IDA/speccpu/clang/O2/libquantum-clang-O2/quantum_sigma_z/src/gates.c:227:44: error: member reference base type '_Complex float' is not a structure or union")
('error:', "/home/yanlin/my-projects/decompilation/source_code/recompiled/IDA/speccpu/clang/O2/libquantum-clang-O2/quantum_sigma_z/src/gates.c:227:77: error: member reference base type '_Complex float' is not a structure or union")
('error:', "/home/yanlin/my-projects/decompilation/source_code/recompiled/IDA/speccpu/clang/O2/libquantum-clang-O2/quantum_sigma_z/src/gates.c:228:29: error: member reference base type '_Complex float' is not a structure or union")
('error:', "/home/yanlin/my-projects/decompilation/source_code/recompiled/IDA/speccpu/clang/O2/libquantum-clang-O2/quantum_sigma_z/src/gates.c:228:64: error: member reference base type '_Complex float' is not a structure or union")
('error:', "/home/yanlin/my-projects/decompilation/source_code/recompiled/IDA/speccpu/clang/O2/libquantum-clang-O2/quantum_sigma_z/src/gates.c:228:100: error: member reference base type '_Complex float' is not a structure or union")
('error:', "/home/yanlin/my-projects/decompilation/source_code/recompiled/IDA/speccpu/clang/O2/libquantum-clang-O2/quantum_sigma_z/src/gates.c:229:29: error: member reference base type '_Complex float' is not a structure or union")
***************** Next Function ******************
('func_count:', 17)
("func_name '", 'quantum_cnot', "'")
('err_func:', '/data/maliha/decompilation/data/error_without_patch/ida/speccpu/clang/O2/libquantum-clang-O2-compilation-errors/quantum_cnot')
('err_funcfile:', '/data/maliha/decompilation/data/error_without_patch/ida/speccpu/clang/O2/libquantum-clang-O2-compilation-errors/quantum_cnot')
('error:', "/home/yanlin/my-projects/decompilation/source_code/recompiled/IDA/speccpu/clang/O2/libquantum-clang-O2/quantum_cnot/src/gates.c:50:3: error: unknown type name '__int64'; did you mean '__int64_t'?")
('error:', "/home/yanlin/my-projects/decompilation/source_code/recompiled/IDA/speccpu/clang/O2/libquantum-clang-O2/quantum_cnot/src/gates.c:51:3: error: unknown type name '__int64'; did you mean '__int64_t'?")
('error:', "/home/yanlin/my-projects/decompilation/source_code/recompiled/IDA/speccpu/clang/O2/libquantum-clang-O2/quantum_cnot/src/gates.c:52:3: error: unknown type name '__int64'; did you mean '__int64_t'?")
('error:', "/home/yanlin/my-projects/decompilation/source_code/recompiled/IDA/speccpu/clang/O2/libquantum-clang-O2/quantum_cnot/src/gates.c:53:3: error: unknown type name '__int64'; did you mean '__int64_t'?")
('error:', "/home/yanlin/my-projects/decompilation/source_code/recompiled/IDA/speccpu/clang/O2/libquantum-clang-O2/quantum_cnot/src/gates.c:54:19: error: expected ';' at end of declaration")
('error:', "/home/yanlin/my-projects/decompilation/source_code/recompiled/IDA/speccpu/clang/O2/libquantum-clang-O2/quantum_cnot/src/gates.c:55:12: error: redefinition of '__int64'")
('error:', "/home/yanlin/my-projects/decompilation/source_code/recompiled/IDA/speccpu/clang/O2/libquantum-clang-O2/quantum_cnot/src/gates.c:55:19: error: expected ';' at end of declaration")
('error:', "/home/yanlin/my-projects/decompilation/source_code/recompiled/IDA/speccpu/clang/O2/libquantum-clang-O2/quantum_cnot/src/gates.c:56:10: error: expected ';' after expression")
('error:', "/home/yanlin/my-projects/decompilation/source_code/recompiled/IDA/speccpu/clang/O2/libquantum-clang-O2/quantum_cnot/src/gates.c:56:11: error: use of undeclared identifier 'v12'")
('error:', "/home/yanlin/my-projects/decompilation/source_code/recompiled/IDA/speccpu/clang/O2/libquantum-clang-O2/quantum_cnot/src/gates.c:78:9: error: use of undeclared identifier 'p_state'")
('error:', "/home/yanlin/my-projects/decompilation/source_code/recompiled/IDA/speccpu/clang/O2/libquantum-clang-O2/quantum_cnot/src/gates.c:82:11: error: use of undeclared identifier 'v12'")
('error:', "/home/yanlin/my-projects/decompilation/source_code/recompiled/IDA/speccpu/clang/O2/libquantum-clang-O2/quantum_cnot/src/gates.c:82:20: error: use of undeclared identifier 'p_state'; did you mean 'setstate'?")
('error:', "/home/yanlin/my-projects/decompilation/source_code/recompiled/IDA/speccpu/clang/O2/libquantum-clang-O2/quantum_cnot/src/gates.c:83:24: error: use of undeclared identifier 'v12'")
('error:', "/home/yanlin/my-projects/decompilation/source_code/recompiled/IDA/speccpu/clang/O2/libquantum-clang-O2/quantum_cnot/src/gates.c:84:16: error: use of undeclared identifier 'p_state'; did you mean 'setstate'?")
('error:', "/home/yanlin/my-projects/decompilation/source_code/recompiled/IDA/speccpu/clang/O2/libquantum-clang-O2/quantum_cnot/src/gates.c:84:36: error: use of undeclared identifier 'v12'")
('error:', "/home/yanlin/my-projects/decompilation/source_code/recompiled/IDA/speccpu/clang/O2/libquantum-clang-O2/quantum_cnot/src/gates.c:85:25: error: use of undeclared identifier 'p_state'; did you mean 'setstate'?")
('error:', "/home/yanlin/my-projects/decompilation/source_code/recompiled/IDA/speccpu/clang/O2/libquantum-clang-O2/quantum_cnot/src/gates.c:85:22: error: invalid operands to binary expression ('__int64_t' (aka 'long') and 'char *(*)(char *)')")
('error:', "/home/yanlin/my-projects/decompilation/source_code/recompiled/IDA/speccpu/clang/O2/libquantum-clang-O2/quantum_cnot/src/gates.c:86:14: error: use of undeclared identifier 'p_state'; did you mean 'setstate'?")
('error:', "/home/yanlin/my-projects/decompilation/source_code/recompiled/IDA/speccpu/clang/O2/libquantum-clang-O2/quantum_cnot/src/gates.c:86:22: error: invalid operands to binary expression ('char *(char *)' and '__int64_t' (aka 'long'))")
('error:', 'fatal error: too many errors emitted, stopping now [-ferror-limit=]')
***************** Next Function ******************
('func_count:', 18)
("func_name '", 'quantum_sigma_x', "'")
('err_func:', '/data/maliha/decompilation/data/error_without_patch/ida/speccpu/clang/O2/libquantum-clang-O2-compilation-errors/quantum_sigma_x')
('err_funcfile:', '/data/maliha/decompilation/data/error_without_patch/ida/speccpu/clang/O2/libquantum-clang-O2-compilation-errors/quantum_sigma_x')
('error:', "/home/yanlin/my-projects/decompilation/source_code/recompiled/IDA/speccpu/clang/O2/libquantum-clang-O2/quantum_sigma_x/src/gates.c:157:3: error: unknown type name '__int64'; did you mean '__int64_t'?")
('error:', "/home/yanlin/my-projects/decompilation/source_code/recompiled/IDA/speccpu/clang/O2/libquantum-clang-O2/quantum_sigma_x/src/gates.c:158:3: error: unknown type name '__int64'; did you mean '__int64_t'?")
('error:', "/home/yanlin/my-projects/decompilation/source_code/recompiled/IDA/speccpu/clang/O2/libquantum-clang-O2/quantum_sigma_x/src/gates.c:159:3: error: unknown type name '__int64'; did you mean '__int64_t'?")
('error:', "/home/yanlin/my-projects/decompilation/source_code/recompiled/IDA/speccpu/clang/O2/libquantum-clang-O2/quantum_sigma_x/src/gates.c:161:3: error: unknown type name '__int64'; did you mean '__int64_t'?")
('error:', "/home/yanlin/my-projects/decompilation/source_code/recompiled/IDA/speccpu/clang/O2/libquantum-clang-O2/quantum_sigma_x/src/gates.c:162:3: error: unknown type name '__int64'; did you mean '__int64_t'?")
('error:', "/home/yanlin/my-projects/decompilation/source_code/recompiled/IDA/speccpu/clang/O2/libquantum-clang-O2/quantum_sigma_x/src/gates.c:163:3: error: unknown type name '__int64'; did you mean '__int64_t'?")
('error:', "/home/yanlin/my-projects/decompilation/source_code/recompiled/IDA/speccpu/clang/O2/libquantum-clang-O2/quantum_sigma_x/src/gates.c:164:19: error: expected ';' at end of declaration")
('error:', "/home/yanlin/my-projects/decompilation/source_code/recompiled/IDA/speccpu/clang/O2/libquantum-clang-O2/quantum_sigma_x/src/gates.c:165:12: error: redefinition of '__int64'")
('error:', "/home/yanlin/my-projects/decompilation/source_code/recompiled/IDA/speccpu/clang/O2/libquantum-clang-O2/quantum_sigma_x/src/gates.c:165:19: error: expected ';' at end of declaration")
('error:', "/home/yanlin/my-projects/decompilation/source_code/recompiled/IDA/speccpu/clang/O2/libquantum-clang-O2/quantum_sigma_x/src/gates.c:182:24: error: expected ')'")
('error:', "/home/yanlin/my-projects/decompilation/source_code/recompiled/IDA/speccpu/clang/O2/libquantum-clang-O2/quantum_sigma_x/src/gates.c:185:9: error: use of undeclared identifier 'p_state'")
('error:', "/home/yanlin/my-projects/decompilation/source_code/recompiled/IDA/speccpu/clang/O2/libquantum-clang-O2/quantum_sigma_x/src/gates.c:189:14: error: use of undeclared identifier 'p_state'; did you mean 'setstate'?")
('error:', "/home/yanlin/my-projects/decompilation/source_code/recompiled/IDA/speccpu/clang/O2/libquantum-clang-O2/quantum_sigma_x/src/gates.c:189:27: error: invalid operands to binary expression ('char *(char *)' and '__int64_t' (aka 'long'))")
('error:', "/home/yanlin/my-projects/decompilation/source_code/recompiled/IDA/speccpu/clang/O2/libquantum-clang-O2/quantum_sigma_x/src/gates.c:190:14: error: use of undeclared identifier 'p_state'; did you mean 'setstate'?")
('error:', "/home/yanlin/my-projects/decompilation/source_code/recompiled/IDA/speccpu/clang/O2/libquantum-clang-O2/quantum_sigma_x/src/gates.c:190:27: error: invalid operands to binary expression ('char *(char *)' and '__int64_t' (aka 'long'))")
('error:', "/home/yanlin/my-projects/decompilation/source_code/recompiled/IDA/speccpu/clang/O2/libquantum-clang-O2/quantum_sigma_x/src/gates.c:191:14: error: use of undeclared identifier 'p_state'; did you mean 'setstate'?")
('error:', "/home/yanlin/my-projects/decompilation/source_code/recompiled/IDA/speccpu/clang/O2/libquantum-clang-O2/quantum_sigma_x/src/gates.c:191:27: error: invalid operands to binary expression ('char *(char *)' and '__int64_t' (aka 'long'))")
('error:', "/home/yanlin/my-projects/decompilation/source_code/recompiled/IDA/speccpu/clang/O2/libquantum-clang-O2/quantum_sigma_x/src/gates.c:192:12: error: use of undeclared identifier 'p_state'; did you mean 'setstate'?")
('error:', "/home/yanlin/my-projects/decompilation/source_code/recompiled/IDA/speccpu/clang/O2/libquantum-clang-O2/quantum_sigma_x/src/gates.c:192:20: error: invalid operands to binary expression ('char *(char *)' and '__int64_t' (aka 'long'))")
('error:', 'fatal error: too many errors emitted, stopping now [-ferror-limit=]')
***************** Next Function ******************
('func_count:', 19)
("func_name '", 'muxha', "'")
('err_func:', '/data/maliha/decompilation/data/error_without_patch/ida/speccpu/clang/O2/libquantum-clang-O2-compilation-errors/muxha')
('err_funcfile:', '/data/maliha/decompilation/data/error_without_patch/ida/speccpu/clang/O2/libquantum-clang-O2-compilation-errors/muxha')
('error:', 'clang: error: linker command failed with exit code 1 (use -v to see invocation)')
***************** Next Function ******************
('func_count:', 20)
("func_name '", 'quantum_get_decoherence', "'")
('err_func:', '/data/maliha/decompilation/data/error_without_patch/ida/speccpu/clang/O2/libquantum-clang-O2-compilation-errors/quantum_get_decoherence')
('err_funcfile:', '/data/maliha/decompilation/data/error_without_patch/ida/speccpu/clang/O2/libquantum-clang-O2-compilation-errors/quantum_get_decoherence')
('error:', 'clang: error: linker command failed with exit code 1 (use -v to see invocation)')
***************** Next Function ******************
('func_count:', 21)
("func_name '", 'quantum_objcode_put', "'")
('err_func:', '/data/maliha/decompilation/data/error_without_patch/ida/speccpu/clang/O2/libquantum-clang-O2-compilation-errors/quantum_objcode_put')
('err_funcfile:', '/data/maliha/decompilation/data/error_without_patch/ida/speccpu/clang/O2/libquantum-clang-O2-compilation-errors/quantum_objcode_put')
('error:', "/home/yanlin/my-projects/decompilation/source_code/recompiled/IDA/speccpu/clang/O2/libquantum-clang-O2/quantum_objcode_put/src/objcode.c:164:42: error: expected ')'")
('error:', "/home/yanlin/my-projects/decompilation/source_code/recompiled/IDA/speccpu/clang/O2/libquantum-clang-O2/quantum_objcode_put/src/objcode.c:164:5: error: conflicting types for 'quantum_objcode_put'")
('error:', "/home/yanlin/my-projects/decompilation/source_code/recompiled/IDA/speccpu/clang/O2/libquantum-clang-O2/quantum_objcode_put/src/objcode.c:167:10: error: expected ';' after expression")
('error:', "/home/yanlin/my-projects/decompilation/source_code/recompiled/IDA/speccpu/clang/O2/libquantum-clang-O2/quantum_objcode_put/src/objcode.c:167:3: error: use of undeclared identifier '__int64'; did you mean '__int8'?")
('error:', "/home/yanlin/my-projects/decompilation/source_code/recompiled/IDA/speccpu/clang/O2/libquantum-clang-O2/quantum_objcode_put/src/objcode.c:167:11: error: use of undeclared identifier 'v2'")
('error:', "/home/yanlin/my-projects/decompilation/source_code/recompiled/IDA/speccpu/clang/O2/libquantum-clang-O2/quantum_objcode_put/src/objcode.c:173:10: error: expected ';' after expression")
('error:', "/home/yanlin/my-projects/decompilation/source_code/recompiled/IDA/speccpu/clang/O2/libquantum-clang-O2/quantum_objcode_put/src/objcode.c:173:3: error: use of undeclared identifier '__int16'; did you mean '__int8'?")
('error:', "/home/yanlin/my-projects/decompilation/source_code/recompiled/IDA/speccpu/clang/O2/libquantum-clang-O2/quantum_objcode_put/src/objcode.c:173:11: error: use of undeclared identifier 'v9'")
('error:', "/home/yanlin/my-projects/decompilation/source_code/recompiled/IDA/speccpu/clang/O2/libquantum-clang-O2/quantum_objcode_put/src/objcode.c:178:10: error: expected ';' after expression")
('error:', "/home/yanlin/my-projects/decompilation/source_code/recompiled/IDA/speccpu/clang/O2/libquantum-clang-O2/quantum_objcode_put/src/objcode.c:178:3: error: use of undeclared identifier '__int16'; did you mean '__int8'?")
('error:', "/home/yanlin/my-projects/decompilation/source_code/recompiled/IDA/speccpu/clang/O2/libquantum-clang-O2/quantum_objcode_put/src/objcode.c:178:11: error: use of undeclared identifier 'v14'")
('error:', "/home/yanlin/my-projects/decompilation/source_code/recompiled/IDA/speccpu/clang/O2/libquantum-clang-O2/quantum_objcode_put/src/objcode.c:183:10: error: expected ';' after expression")
('error:', "/home/yanlin/my-projects/decompilation/source_code/recompiled/IDA/speccpu/clang/O2/libquantum-clang-O2/quantum_objcode_put/src/objcode.c:183:3: error: use of undeclared identifier '__int16'; did you mean '__int8'?")
('error:', "/home/yanlin/my-projects/decompilation/source_code/recompiled/IDA/speccpu/clang/O2/libquantum-clang-O2/quantum_objcode_put/src/objcode.c:183:11: error: use of undeclared identifier 'v19'")
('error:', "/home/yanlin/my-projects/decompilation/source_code/recompiled/IDA/speccpu/clang/O2/libquantum-clang-O2/quantum_objcode_put/src/objcode.c:188:10: error: expected ';' after expression")
('error:', "/home/yanlin/my-projects/decompilation/source_code/recompiled/IDA/speccpu/clang/O2/libquantum-clang-O2/quantum_objcode_put/src/objcode.c:188:3: error: use of undeclared identifier '__int16'; did you mean '__int8'?")
('error:', "/home/yanlin/my-projects/decompilation/source_code/recompiled/IDA/speccpu/clang/O2/libquantum-clang-O2/quantum_objcode_put/src/objcode.c:188:11: error: use of undeclared identifier 'v24'")
('error:', "/home/yanlin/my-projects/decompilation/source_code/recompiled/IDA/speccpu/clang/O2/libquantum-clang-O2/quantum_objcode_put/src/objcode.c:193:10: error: expected ';' after expression")
('error:', "/home/yanlin/my-projects/decompilation/source_code/recompiled/IDA/speccpu/clang/O2/libquantum-clang-O2/quantum_objcode_put/src/objcode.c:193:3: error: use of undeclared identifier '__int16'; did you mean '__int8'?")
('error:', 'fatal error: too many errors emitted, stopping now [-ferror-limit=]')
***************** Next Function ******************
('func_count:', 22)
("func_name '", 'muxfa_inv', "'")
('err_func:', '/data/maliha/decompilation/data/error_without_patch/ida/speccpu/clang/O2/libquantum-clang-O2-compilation-errors/muxfa_inv')
('err_funcfile:', '/data/maliha/decompilation/data/error_without_patch/ida/speccpu/clang/O2/libquantum-clang-O2-compilation-errors/muxfa_inv')
('error:', 'clang: error: linker command failed with exit code 1 (use -v to see invocation)')
******************** ================== ******************** ==================
Total # fns with errors: 22. Total errors: 176
******************** ================== error type: occurrences ******************** ==================
conflicting types for a function: 1
expected 'some symbol': 31
expected expression: 7
expression is not assignable: 1
invalid operands to binary expression: 10
member reference type is not a structure or union: 7
redefinition of __int64: 5
too many|few arguments to function call: 2
unknown type name: 31
use of undeclared identifier: 65
******************** ================== error distribution ******************** ==================
******************** ================== error type: func count ******************** ==================
conflicting types for a function: 1
expected 'some symbol': 8
expected expression: 3
expression is not assignable: 1
invalid operands to binary expression: 3
member reference type is not a structure or union: 2
redefinition of __int64: 5
too many|few arguments to function call: 2
unknown type name: 8
use of undeclared identifier: 9
******************** ================== unknown errors ******************** ==================
