maliha print
***************** Next Function ******************
('func_count:', 1)
("func_name '", 'bitmap_operation', "'")
('err_func:', '/data/maliha/decompilation/data/error_with_patch/ida/speccpu/clang/O0/before15_gcc-clang-O0-compilation-errors/bitmap_operation')
('err_funcfile:', '/data/maliha/decompilation/data/error_with_patch/ida/speccpu/clang/O0/before15_gcc-clang-O0-compilation-errors/bitmap_operation')
('error:', "bitmap.c:975:63: error: must use 'enum' tag to refer to type 'bitmap_bits'")
***************** Next Function ******************
('func_count:', 2)
("func_name '", 'add_AT_unsigned', "'")
('err_func:', '/data/maliha/decompilation/data/error_with_patch/ida/speccpu/clang/O0/before15_gcc-clang-O0-compilation-errors/add_AT_unsigned')
('err_funcfile:', '/data/maliha/decompilation/data/error_with_patch/ida/speccpu/clang/O0/before15_gcc-clang-O0-compilation-errors/add_AT_unsigned')
('error:', "dwarf2out.c:4882:40: error: must use 'enum' tag to refer to type 'dwarf_attribute'")
('error:', "dwarf2out.c:4882:7: error: conflicting types for 'add_AT_unsigned'")
***************** Next Function ******************
('func_count:', 3)
("func_name '", 'athlon_load_unit_ready_cost', "'")
('err_func:', '/data/maliha/decompilation/data/error_with_patch/ida/speccpu/clang/O0/before15_gcc-clang-O0-compilation-errors/athlon_load_unit_ready_cost')
('err_funcfile:', '/data/maliha/decompilation/data/error_with_patch/ida/speccpu/clang/O0/before15_gcc-clang-O0-compilation-errors/athlon_load_unit_ready_cost')
('error:', 'insn-attrtab.c:2598:29: error: too many arguments provided to function-like macro invocation')
('error:', "insn-attrtab.c:2598:1: error: use of undeclared identifier 'fatal_insn_not_found'; did you mean '_fatal_insn_not_found'?")
***************** Next Function ******************
('func_count:', 4)
("func_name '", '_cpp_unaligned_alloc', "'")
('err_func:', '/data/maliha/decompilation/data/error_with_patch/ida/speccpu/clang/O0/before15_gcc-clang-O0-compilation-errors/_cpp_unaligned_alloc')
('err_funcfile:', '/data/maliha/decompilation/data/error_with_patch/ida/speccpu/clang/O0/before15_gcc-clang-O0-compilation-errors/_cpp_unaligned_alloc')
('error:', "cpplex.c:2537:40: error: unknown type name 'cpp_reader_0'; did you mean 'cpp_reader'?")
('error:', "cpplex.c:2540:1: error: unknown type name '_cpp_buff_0'; did you mean '_cpp_buff'?")
***************** Next Function ******************
('func_count:', 5)
("func_name '", 'approx_reg_cost', "'")
('err_func:', '/data/maliha/decompilation/data/error_with_patch/ida/speccpu/clang/O0/before15_gcc-clang-O0-compilation-errors/approx_reg_cost')
('err_funcfile:', '/data/maliha/decompilation/data/error_with_patch/ida/speccpu/clang/O0/before15_gcc-clang-O0-compilation-errors/approx_reg_cost')
('error:', "cse.c:1200:20: error: expected identifier or '('")
('error:', "cse.c:1200:20: error: expected ')'")
('error:', "cse.c:1201:16: error: expected identifier or '('")
('error:', "cse.c:1201:16: error: expected ')'")
('error:', "cse.c:1217:12: error: invalid suffix 'xnum_' on integer constant")
('error:', "cse.c:1221:12: error: invalid suffix 'xnum_' on integer constant")
('error:', "cse.c:1225:20: error: invalid suffix 'xnum_' on integer constant")
('error:', "cse.c:1227:12: error: invalid suffix 'x' on integer constant")
('error:', "cse.c:1227:38: error: invalid suffix 'xnum_' on integer constant")
('error:', "cse.c:1228:17: error: invalid suffix 'x' on integer constant")
('error:', "cse.c:1232:40: error: invalid suffix 'x' on integer constant")
('error:', "cse.c:1234:12: error: invalid suffix 'x' on integer constant")
('error:', "cse.c:1235:29: error: invalid suffix 'xnum_' on integer constant")
('error:', "cse.c:1250:18: error: invalid suffix 'x' on integer constant")
('error:', "cse.c:1257:14: error: invalid suffix 'xnum_' on integer constant")
('error:', "cse.c:1259:12: error: invalid suffix 'xnum_' on integer constant")
***************** Next Function ******************
('func_count:', 6)
("func_name '", 'assemble_string', "'")
('err_func:', '/data/maliha/decompilation/data/error_with_patch/ida/speccpu/clang/O0/before15_gcc-clang-O0-compilation-errors/assemble_string')
('err_funcfile:', '/data/maliha/decompilation/data/error_with_patch/ida/speccpu/clang/O0/before15_gcc-clang-O0-compilation-errors/assemble_string')
('error:', "varasm.c:1816:12: error: use of undeclared identifier 'byte_8A1D50'")
('error:', "varasm.c:1817:6: error: use of undeclared identifier 'byte_8A1D50'")
('error:', "varasm.c:1819:6: error: use of undeclared identifier 'byte_8A1D50'")
('error:', "varasm.c:1848:10: error: use of undeclared identifier 'byte_8A1D50'")
('error:', "varasm.c:1849:6: error: use of undeclared identifier 'byte_8A1D50'")
('error:', "varasm.c:1851:6: error: use of undeclared identifier 'byte_8A1D50'")
***************** Next Function ******************
('func_count:', 7)
("func_name '", 'assemble_global', "'")
('err_func:', '/data/maliha/decompilation/data/error_with_patch/ida/speccpu/clang/O0/before15_gcc-clang-O0-compilation-errors/assemble_global')
('err_funcfile:', '/data/maliha/decompilation/data/error_with_patch/ida/speccpu/clang/O0/before15_gcc-clang-O0-compilation-errors/assemble_global')
***************** Next Function ******************
('func_count:', 8)
("func_name '", 'add_AT_loc', "'")
('err_func:', '/data/maliha/decompilation/data/error_with_patch/ida/speccpu/clang/O0/before15_gcc-clang-O0-compilation-errors/add_AT_loc')
('err_funcfile:', '/data/maliha/decompilation/data/error_with_patch/ida/speccpu/clang/O0/before15_gcc-clang-O0-compilation-errors/add_AT_loc')
('error:', "dwarf2out.c:5094:35: error: must use 'enum' tag to refer to type 'dwarf_attribute'")
***************** Next Function ******************
('func_count:', 9)
("func_name '", 'asctoe64', "'")
('err_func:', '/data/maliha/decompilation/data/error_with_patch/ida/speccpu/clang/O0/before15_gcc-clang-O0-compilation-errors/asctoe64')
('err_funcfile:', '/data/maliha/decompilation/data/error_with_patch/ida/speccpu/clang/O0/before15_gcc-clang-O0-compilation-errors/asctoe64')
('error:', 'clang: error: linker command failed with exit code 1 (use -v to see invocation)')
***************** Next Function ******************
('func_count:', 10)
("func_name '", 'aligned_operand', "'")
('err_func:', '/data/maliha/decompilation/data/error_with_patch/ida/speccpu/clang/O0/before15_gcc-clang-O0-compilation-errors/aligned_operand')
('err_funcfile:', '/data/maliha/decompilation/data/error_with_patch/ida/speccpu/clang/O0/before15_gcc-clang-O0-compilation-errors/aligned_operand')
('error:', "i386.c:3971:31: error: must use 'enum' tag to refer to type 'machine_mode'")
('error:', "i386.c:3974:1: error: must use 'enum' tag to refer to type 'machine_mode'")
***************** Next Function ******************
('func_count:', 11)
("func_name '", 'all_cases_count', "'")
('err_func:', '/data/maliha/decompilation/data/error_with_patch/ida/speccpu/clang/O0/before15_gcc-clang-O0-compilation-errors/all_cases_count')
('err_funcfile:', '/data/maliha/decompilation/data/error_with_patch/ida/speccpu/clang/O0/before15_gcc-clang-O0-compilation-errors/all_cases_count')
('error:', "stmt.c:5384:1: error: must use 'union' tag to refer to type 'tree_node'")
('error:', "stmt.c:5386:1: error: must use 'union' tag to refer to type 'tree_node'")
('error:', "stmt.c:5392:1: error: must use 'union' tag to refer to type 'tree_node'")
***************** Next Function ******************
('func_count:', 12)
("func_name '", 'base_type_die', "'")
('err_func:', '/data/maliha/decompilation/data/error_with_patch/ida/speccpu/clang/O0/before15_gcc-clang-O0-compilation-errors/base_type_die')
('err_funcfile:', '/data/maliha/decompilation/data/error_with_patch/ida/speccpu/clang/O0/before15_gcc-clang-O0-compilation-errors/base_type_die')
('error:', "dwarf2out.c:7779:1: error: must use 'enum' tag to refer to type 'dwarf_type'")
***************** Next Function ******************
('func_count:', 13)
("func_name '", 'assemble_start_function', "'")
('err_func:', '/data/maliha/decompilation/data/error_with_patch/ida/speccpu/clang/O0/before15_gcc-clang-O0-compilation-errors/assemble_start_function')
('err_funcfile:', '/data/maliha/decompilation/data/error_with_patch/ida/speccpu/clang/O0/before15_gcc-clang-O0-compilation-errors/assemble_start_function')
***************** Next Function ******************
('func_count:', 14)
("func_name '", 'add_decl_stmt', "'")
('err_func:', '/data/maliha/decompilation/data/error_with_patch/ida/speccpu/clang/O0/before15_gcc-clang-O0-compilation-errors/add_decl_stmt')
('err_funcfile:', '/data/maliha/decompilation/data/error_with_patch/ida/speccpu/clang/O0/before15_gcc-clang-O0-compilation-errors/add_decl_stmt')
('error:', "c-semantics.c:568:1: error: must use 'union' tag to refer to type 'tree_node'")
***************** Next Function ******************
('func_count:', 15)
("func_name '", 'asctoe', "'")
('err_func:', '/data/maliha/decompilation/data/error_with_patch/ida/speccpu/clang/O0/before15_gcc-clang-O0-compilation-errors/asctoe')
('err_funcfile:', '/data/maliha/decompilation/data/error_with_patch/ida/speccpu/clang/O0/before15_gcc-clang-O0-compilation-errors/asctoe')
***************** Next Function ******************
('func_count:', 16)
("func_name '", 'begin_stmt_tree', "'")
('err_func:', '/data/maliha/decompilation/data/error_with_patch/ida/speccpu/clang/O0/before15_gcc-clang-O0-compilation-errors/begin_stmt_tree')
('err_funcfile:', '/data/maliha/decompilation/data/error_with_patch/ida/speccpu/clang/O0/before15_gcc-clang-O0-compilation-errors/begin_stmt_tree')
('error:', "c-semantics.c:519:1: error: must use 'union' tag to refer to type 'tree_node'")
***************** Next Function ******************
('func_count:', 17)
("func_name '", 'add_dependence_list', "'")
('err_func:', '/data/maliha/decompilation/data/error_with_patch/ida/speccpu/clang/O0/before15_gcc-clang-O0-compilation-errors/add_dependence_list')
('err_funcfile:', '/data/maliha/decompilation/data/error_with_patch/ida/speccpu/clang/O0/before15_gcc-clang-O0-compilation-errors/add_dependence_list')
('error:', "sched-deps.c:823:48: error: must use 'enum' tag to refer to type 'reg_note'")
('error:', "sched-deps.c:828:14: error: operand of type 'struct rtx_def' where arithmetic or pointer type is required")
***************** Next Function ******************
('func_count:', 18)
("func_name '", 'asm_operand_ok', "'")
('err_func:', '/data/maliha/decompilation/data/error_with_patch/ida/speccpu/clang/O0/before15_gcc-clang-O0-compilation-errors/asm_operand_ok')
('err_funcfile:', '/data/maliha/decompilation/data/error_with_patch/ida/speccpu/clang/O0/before15_gcc-clang-O0-compilation-errors/asm_operand_ok')
('error:', "recog.c:2175:11: error: use of undeclared identifier 'sch_istable'; did you mean '_sch_istable'?")
***************** Next Function ******************
('func_count:', 19)
("func_name '", 'add_branch_dependences', "'")
('err_func:', '/data/maliha/decompilation/data/error_with_patch/ida/speccpu/clang/O0/before15_gcc-clang-O0-compilation-errors/add_branch_dependences')
('err_funcfile:', '/data/maliha/decompilation/data/error_with_patch/ida/speccpu/clang/O0/before15_gcc-clang-O0-compilation-errors/add_branch_dependences')
('error:', "sched-rgn.c:2812:14: error: operand of type 'struct rtx_def' where arithmetic or pointer type is required")
***************** Next Function ******************
('func_count:', 20)
("func_name '", 'apply_delayed_renames', "'")
('err_func:', '/data/maliha/decompilation/data/error_with_patch/ida/speccpu/clang/O0/before15_gcc-clang-O0-compilation-errors/apply_delayed_renames')
('err_funcfile:', '/data/maliha/decompilation/data/error_with_patch/ida/speccpu/clang/O0/before15_gcc-clang-O0-compilation-errors/apply_delayed_renames')
('error:', "ssa.c:1244:29: error: use of undeclared identifier 'machine_mode'")
('error:', 'ssa.c:1244:44: error: expected expression')
***************** Next Function ******************
('func_count:', 21)
("func_name '", '_cpp_fake_include', "'")
('err_func:', '/data/maliha/decompilation/data/error_with_patch/ida/speccpu/clang/O0/before15_gcc-clang-O0-compilation-errors/_cpp_fake_include')
('err_funcfile:', '/data/maliha/decompilation/data/error_with_patch/ida/speccpu/clang/O0/before15_gcc-clang-O0-compilation-errors/_cpp_fake_include')
('error:', "cppfiles.c:681:7: error: variable has incomplete type 'void'")
('error:', "cppfiles.c:681:30: error: expected ';' after top level declarator")
('error:', "cppfiles.c:681:31: error: expected identifier or '('")
***************** Next Function ******************
('func_count:', 22)
("func_name '", 'athlon_fp_add_unit_ready_cost', "'")
('err_func:', '/data/maliha/decompilation/data/error_with_patch/ida/speccpu/clang/O0/before15_gcc-clang-O0-compilation-errors/athlon_fp_add_unit_ready_cost')
('err_funcfile:', '/data/maliha/decompilation/data/error_with_patch/ida/speccpu/clang/O0/before15_gcc-clang-O0-compilation-errors/athlon_fp_add_unit_ready_cost')
('error:', 'insn-attrtab.c:2649:29: error: too many arguments provided to function-like macro invocation')
('error:', "insn-attrtab.c:2649:1: error: use of undeclared identifier 'fatal_insn_not_found'; did you mean '_fatal_insn_not_found'?")
***************** Next Function ******************
('func_count:', 23)
("func_name '", 'add_pending_init', "'")
('err_func:', '/data/maliha/decompilation/data/error_with_patch/ida/speccpu/clang/O0/before15_gcc-clang-O0-compilation-errors/add_pending_init')
('err_funcfile:', '/data/maliha/decompilation/data/error_with_patch/ida/speccpu/clang/O0/before15_gcc-clang-O0-compilation-errors/add_pending_init')
('error:', "c-typeck.c:6294:1: error: must use 'union' tag to refer to type 'tree_node'")
('error:', "c-typeck.c:6301:1: error: must use 'union' tag to refer to type 'tree_node'")
***************** Next Function ******************
('func_count:', 24)
("func_name '", 'alloc_code_hoist_mem', "'")
('err_func:', '/data/maliha/decompilation/data/error_with_patch/ida/speccpu/clang/O0/before15_gcc-clang-O0-compilation-errors/alloc_code_hoist_mem')
('err_funcfile:', '/data/maliha/decompilation/data/error_with_patch/ida/speccpu/clang/O0/before15_gcc-clang-O0-compilation-errors/alloc_code_hoist_mem')
***************** Next Function ******************
('func_count:', 25)
("func_name '", 'adjust_address_1', "'")
('err_func:', '/data/maliha/decompilation/data/error_with_patch/ida/speccpu/clang/O0/before15_gcc-clang-O0-compilation-errors/adjust_address_1')
('err_funcfile:', '/data/maliha/decompilation/data/error_with_patch/ida/speccpu/clang/O0/before15_gcc-clang-O0-compilation-errors/adjust_address_1')
('error:', "emit-rtl.c:2439:36: error: must use 'enum' tag to refer to type 'machine_mode'")
('error:', "emit-rtl.c:2444:1: error: must use 'union' tag to refer to type 'tree_node'")
('error:', "emit-rtl.c:2450:1: error: must use 'enum' tag to refer to type 'machine_mode'")
('error:', "emit-rtl.c:2460:1: error: statement requires expression of scalar type ('struct rtx_def' invalid)")
('error:', "emit-rtl.c:2466:1: error: statement requires expression of scalar type ('struct rtx_def' invalid)")
('error:', "emit-rtl.c:2477:57: error: use of undeclared identifier 'machine_mode'")
('error:', 'emit-rtl.c:2477:72: error: expected expression')
('error:', "emit-rtl.c:2509:1: error: statement requires expression of scalar type ('struct rtx_def' invalid)")
('error:', "emit-rtl.c:2519:1: error: statement requires expression of scalar type ('struct rtx_def' invalid)")
('error:', "emit-rtl.c:2533:1: error: statement requires expression of scalar type ('struct rtx_def' invalid)")
('error:', "emit-rtl.c:2537:1: error: statement requires expression of scalar type ('struct rtx_def' invalid)")
('error:', 'emit-rtl.c:2538:2: error: expected expression')
('error:', 'emit-rtl.c:2540:2: error: expected expression')
('error:', "emit-rtl.c:2547:3: error: use of undeclared identifier 'machine_mode'")
('error:', 'emit-rtl.c:2547:18: error: expected expression')
***************** Next Function ******************
('func_count:', 26)
("func_name '", 'add_c_tree_codes', "'")
('err_func:', '/data/maliha/decompilation/data/error_with_patch/ida/speccpu/clang/O0/before15_gcc-clang-O0-compilation-errors/add_c_tree_codes')
('err_funcfile:', '/data/maliha/decompilation/data/error_with_patch/ida/speccpu/clang/O0/before15_gcc-clang-O0-compilation-errors/add_c_tree_codes')
('error:', 'clang: error: linker command failed with exit code 1 (use -v to see invocation)')
***************** Next Function ******************
('func_count:', 27)
("func_name '", 'block_label', "'")
('err_func:', '/data/maliha/decompilation/data/error_with_patch/ida/speccpu/clang/O0/before15_gcc-clang-O0-compilation-errors/block_label')
('err_funcfile:', '/data/maliha/decompilation/data/error_with_patch/ida/speccpu/clang/O0/before15_gcc-clang-O0-compilation-errors/block_label')
***************** Next Function ******************
('func_count:', 28)
("func_name '", 'bitmap_equal_p', "'")
('err_func:', '/data/maliha/decompilation/data/error_with_patch/ida/speccpu/clang/O0/before15_gcc-clang-O0-compilation-errors/bitmap_equal_p')
('err_funcfile:', '/data/maliha/decompilation/data/error_with_patch/ida/speccpu/clang/O0/before15_gcc-clang-O0-compilation-errors/bitmap_equal_p')
***************** Next Function ******************
('func_count:', 29)
("func_name '", 'add_AT_addr', "'")
('err_func:', '/data/maliha/decompilation/data/error_with_patch/ida/speccpu/clang/O0/before15_gcc-clang-O0-compilation-errors/add_AT_addr')
('err_funcfile:', '/data/maliha/decompilation/data/error_with_patch/ida/speccpu/clang/O0/before15_gcc-clang-O0-compilation-errors/add_AT_addr')
('error:', "dwarf2out.c:5147:36: error: must use 'enum' tag to refer to type 'dwarf_attribute'")
***************** Next Function ******************
('func_count:', 30)
("func_name '", 'assemble_integer_with_op', "'")
('err_func:', '/data/maliha/decompilation/data/error_with_patch/ida/speccpu/clang/O0/before15_gcc-clang-O0-compilation-errors/assemble_integer_with_op')
('err_funcfile:', '/data/maliha/decompilation/data/error_with_patch/ida/speccpu/clang/O0/before15_gcc-clang-O0-compilation-errors/assemble_integer_with_op')
***************** Next Function ******************
('func_count:', 31)
("func_name '", 'asm_emit_uninitialised', "'")
('err_func:', '/data/maliha/decompilation/data/error_with_patch/ida/speccpu/clang/O0/before15_gcc-clang-O0-compilation-errors/asm_emit_uninitialised')
('err_funcfile:', '/data/maliha/decompilation/data/error_with_patch/ida/speccpu/clang/O0/before15_gcc-clang-O0-compilation-errors/asm_emit_uninitialised')
('error:', 'varasm.c:1839:24: error: expected expression')
('error:', "varasm.c:1841:1: error: use of undeclared identifier 'destination'")
('error:', "varasm.c:1841:15: error: use of undeclared identifier 'asm_dest_local'")
('error:', "varasm.c:1843:1: error: use of undeclared identifier 'destination'")
('error:', "varasm.c:1844:6: error: use of undeclared identifier 'destination'")
('error:', "varasm.c:1844:21: error: use of undeclared identifier 'asm_dest_bss'")
('error:', "varasm.c:1847:6: error: use of undeclared identifier 'destination'")
('error:', "varasm.c:1849:6: error: use of undeclared identifier 'destination'")
('error:', "varasm.c:1849:21: error: use of undeclared identifier 'asm_dest_bss'")
('error:', "varasm.c:1855:6: error: use of undeclared identifier 'destination'")
('error:', "varasm.c:1855:21: error: use of undeclared identifier 'asm_dest_local'")
***************** Next Function ******************
('func_count:', 32)
("func_name '", '_cpp_temp_token', "'")
('err_func:', '/data/maliha/decompilation/data/error_with_patch/ida/speccpu/clang/O0/before15_gcc-clang-O0-compilation-errors/_cpp_temp_token')
('err_funcfile:', '/data/maliha/decompilation/data/error_with_patch/ida/speccpu/clang/O0/before15_gcc-clang-O0-compilation-errors/_cpp_temp_token')
('error:', "cpplex.c:1245:1: error: unknown type name 'cpp_token_0'; did you mean 'cpp_token'?")
('error:', "cpplex.c:1245:31: error: unknown type name 'cpp_reader_0'; did you mean 'cpp_reader'?")
('error:', "cpplex.c:1247:1: error: unknown type name 'cpp_token_0'; did you mean 'cpp_token'?")
('error:', "cpplex.c:1248:1: error: unknown type name 'cpp_token_0'; did you mean 'cpp_token'?")
***************** Next Function ******************
('func_count:', 33)
("func_name '", 'assemble_external', "'")
('err_func:', '/data/maliha/decompilation/data/error_with_patch/ida/speccpu/clang/O0/before15_gcc-clang-O0-compilation-errors/assemble_external')
('err_funcfile:', '/data/maliha/decompilation/data/error_with_patch/ida/speccpu/clang/O0/before15_gcc-clang-O0-compilation-errors/assemble_external')
***************** Next Function ******************
('func_count:', 34)
("func_name '", 'add_AT_lbl_id', "'")
('err_func:', '/data/maliha/decompilation/data/error_with_patch/ida/speccpu/clang/O0/before15_gcc-clang-O0-compilation-errors/add_AT_lbl_id')
('err_funcfile:', '/data/maliha/decompilation/data/error_with_patch/ida/speccpu/clang/O0/before15_gcc-clang-O0-compilation-errors/add_AT_lbl_id')
('error:', "dwarf2out.c:5174:38: error: must use 'enum' tag to refer to type 'dwarf_attribute'")
***************** Next Function ******************
('func_count:', 35)
("func_name '", 'begin_protect_partials', "'")
('err_func:', '/data/maliha/decompilation/data/error_with_patch/ida/speccpu/clang/O0/before15_gcc-clang-O0-compilation-errors/begin_protect_partials')
('err_funcfile:', '/data/maliha/decompilation/data/error_with_patch/ida/speccpu/clang/O0/before15_gcc-clang-O0-compilation-errors/begin_protect_partials')
***************** Next Function ******************
('func_count:', 36)
("func_name '", '_cpp_do_file_change', "'")
('err_func:', '/data/maliha/decompilation/data/error_with_patch/ida/speccpu/clang/O0/before15_gcc-clang-O0-compilation-errors/_cpp_do_file_change')
('err_funcfile:', '/data/maliha/decompilation/data/error_with_patch/ida/speccpu/clang/O0/before15_gcc-clang-O0-compilation-errors/_cpp_do_file_change')
('error:', "cpplib.c:1324:1: error: unknown type name 'cpp_reader_0'; did you mean 'cpp_reader'?")
('error:', "cpplib.c:1325:1: error: must use 'enum' tag to refer to type 'lc_reason'")
***************** Next Function ******************
('func_count:', 37)
("func_name '", 'alloc_cprop_mem', "'")
('err_func:', '/data/maliha/decompilation/data/error_with_patch/ida/speccpu/clang/O0/before15_gcc-clang-O0-compilation-errors/alloc_cprop_mem')
('err_funcfile:', '/data/maliha/decompilation/data/error_with_patch/ida/speccpu/clang/O0/before15_gcc-clang-O0-compilation-errors/alloc_cprop_mem')
***************** Next Function ******************
('func_count:', 38)
("func_name '", 'associate_trees', "'")
('err_func:', '/data/maliha/decompilation/data/error_with_patch/ida/speccpu/clang/O0/before15_gcc-clang-O0-compilation-errors/associate_trees')
('err_funcfile:', '/data/maliha/decompilation/data/error_with_patch/ida/speccpu/clang/O0/before15_gcc-clang-O0-compilation-errors/associate_trees')
('error:', "fold-const.c:1949:42: error: must use 'enum' tag to refer to type 'tree_code'")
('error:', "fold-const.c:1955:1: error: must use 'union' tag to refer to type 'tree_node'")
***************** Next Function ******************
('func_count:', 39)
("func_name '", 'add_AT_long_long', "'")
('err_func:', '/data/maliha/decompilation/data/error_with_patch/ida/speccpu/clang/O0/before15_gcc-clang-O0-compilation-errors/add_AT_long_long')
('err_funcfile:', '/data/maliha/decompilation/data/error_with_patch/ida/speccpu/clang/O0/before15_gcc-clang-O0-compilation-errors/add_AT_long_long')
('error:', "dwarf2out.c:4911:1: error: must use 'enum' tag to refer to type 'dwarf_attribute'")
('error:', "dwarf2out.c:4909:7: error: conflicting types for 'add_AT_long_long'")
***************** Next Function ******************
('func_count:', 40)
("func_name '", 'base_alias_check', "'")
('err_func:', '/data/maliha/decompilation/data/error_with_patch/ida/speccpu/clang/O0/before15_gcc-clang-O0-compilation-errors/base_alias_check')
('err_funcfile:', '/data/maliha/decompilation/data/error_with_patch/ida/speccpu/clang/O0/before15_gcc-clang-O0-compilation-errors/base_alias_check')
('error:', "alias.c:1828:38: error: must use 'enum' tag to refer to type 'machine_mode'")
('error:', "alias.c:1828:59: error: must use 'enum' tag to refer to type 'machine_mode'")
***************** Next Function ******************
('func_count:', 41)
("func_name '", 'add_prototyped_attribute', "'")
('err_func:', '/data/maliha/decompilation/data/error_with_patch/ida/speccpu/clang/O0/before15_gcc-clang-O0-compilation-errors/add_prototyped_attribute')
('err_funcfile:', '/data/maliha/decompilation/data/error_with_patch/ida/speccpu/clang/O0/before15_gcc-clang-O0-compilation-errors/add_prototyped_attribute')
***************** Next Function ******************
('func_count:', 42)
("func_name '", 'add_const_value_attribute', "'")
('err_func:', '/data/maliha/decompilation/data/error_with_patch/ida/speccpu/clang/O0/before15_gcc-clang-O0-compilation-errors/add_const_value_attribute')
('err_funcfile:', '/data/maliha/decompilation/data/error_with_patch/ida/speccpu/clang/O0/before15_gcc-clang-O0-compilation-errors/add_const_value_attribute')
('error:', "dwarf2out.c:9124:1: error: must use 'enum' tag to refer to type 'machine_mode'")
('error:', "dwarf2out.c:9138:6: error: use of undeclared identifier 'mode_class_0'; did you mean 'mode_class'?")
('error:', "dwarf2out.c:9145:20: error: operand of type 'struct rtx_def' where arithmetic or pointer type is required")
('error:', "dwarf2out.c:9151:21: error: operand of type 'struct rtx_def' where arithmetic or pointer type is required")
('error:', "dwarf2out.c:9164:21: error: operand of type 'struct rtx_def' where arithmetic or pointer type is required")
('error:', "dwarf2out.c:9175:21: error: operand of type 'struct rtx_def' where arithmetic or pointer type is required")
***************** Next Function ******************
('func_count:', 43)
("func_name '", 'biv_elimination_giv_has_0_offset', "'")
('err_func:', '/data/maliha/decompilation/data/error_with_patch/ida/speccpu/clang/O0/before15_gcc-clang-O0-compilation-errors/biv_elimination_giv_has_0_offset')
('err_funcfile:', '/data/maliha/decompilation/data/error_with_patch/ida/speccpu/clang/O0/before15_gcc-clang-O0-compilation-errors/biv_elimination_giv_has_0_offset')
('error:', "loop.c:9036:40: error: unknown type name 'induction_1'")
('error:', "loop.c:9036:58: error: unknown type name 'induction_1'")
***************** Next Function ******************
('func_count:', 44)
("func_name '", 'assemble_integer', "'")
('err_func:', '/data/maliha/decompilation/data/error_with_patch/ida/speccpu/clang/O0/before15_gcc-clang-O0-compilation-errors/assemble_integer')
('err_funcfile:', '/data/maliha/decompilation/data/error_with_patch/ida/speccpu/clang/O0/before15_gcc-clang-O0-compilation-errors/assemble_integer')
('error:', "varasm.c:2440:1: error: must use 'enum' tag to refer to type 'machine_mode'")
('error:', "varasm.c:2441:1: error: must use 'enum' tag to refer to type 'machine_mode'")
***************** Next Function ******************
('func_count:', 45)
("func_name '", 'alloc_aux_for_edge', "'")
('err_func:', '/data/maliha/decompilation/data/error_with_patch/ida/speccpu/clang/O0/before15_gcc-clang-O0-compilation-errors/alloc_aux_for_edge')
('err_funcfile:', '/data/maliha/decompilation/data/error_with_patch/ida/speccpu/clang/O0/before15_gcc-clang-O0-compilation-errors/alloc_aux_for_edge')
***************** Next Function ******************
('func_count:', 46)
("func_name '", 'apply_pragma_weak', "'")
('err_func:', '/data/maliha/decompilation/data/error_with_patch/ida/speccpu/clang/O0/before15_gcc-clang-O0-compilation-errors/apply_pragma_weak')
('err_funcfile:', '/data/maliha/decompilation/data/error_with_patch/ida/speccpu/clang/O0/before15_gcc-clang-O0-compilation-errors/apply_pragma_weak')
('error:', "c-pragma.c:748:1: error: must use 'union' tag to refer to type 'tree_node'")
('error:', "c-pragma.c:749:1: error: must use 'union' tag to refer to type 'tree_node'")
('error:', "c-pragma.c:750:1: error: must use 'union' tag to refer to type 'tree_node'")
('error:', "c-pragma.c:751:1: error: must use 'union' tag to refer to type 'tree_node'")
***************** Next Function ******************
('func_count:', 47)
("func_name '", 'attribute_list_equal', "'")
('err_func:', '/data/maliha/decompilation/data/error_with_patch/ida/speccpu/clang/O0/before15_gcc-clang-O0-compilation-errors/attribute_list_equal')
('err_funcfile:', '/data/maliha/decompilation/data/error_with_patch/ida/speccpu/clang/O0/before15_gcc-clang-O0-compilation-errors/attribute_list_equal')
***************** Next Function ******************
('func_count:', 48)
("func_name '", 'bitmap_element_zerop', "'")
('err_func:', '/data/maliha/decompilation/data/error_with_patch/ida/speccpu/clang/O0/before15_gcc-clang-O0-compilation-errors/bitmap_element_zerop')
('err_funcfile:', '/data/maliha/decompilation/data/error_with_patch/ida/speccpu/clang/O0/before15_gcc-clang-O0-compilation-errors/bitmap_element_zerop')
('error:', 'bitmap.c:621:19: error: expected expression')
('error:', "bitmap.c:621:11: error: use of undeclared identifier '_OWORD'")
***************** Next Function ******************
('func_count:', 49)
("func_name '", 'allocate_initial_values', "'")
('err_func:', '/data/maliha/decompilation/data/error_with_patch/ida/speccpu/clang/O0/before15_gcc-clang-O0-compilation-errors/allocate_initial_values')
('err_funcfile:', '/data/maliha/decompilation/data/error_with_patch/ida/speccpu/clang/O0/before15_gcc-clang-O0-compilation-errors/allocate_initial_values')
***************** Next Function ******************
('func_count:', 50)
("func_name '", '_cpp_push_next_buffer', "'")
('err_func:', '/data/maliha/decompilation/data/error_with_patch/ida/speccpu/clang/O0/before15_gcc-clang-O0-compilation-errors/_cpp_push_next_buffer')
('err_funcfile:', '/data/maliha/decompilation/data/error_with_patch/ida/speccpu/clang/O0/before15_gcc-clang-O0-compilation-errors/_cpp_push_next_buffer')
('error:', "cppinit.c:1510:29: error: unknown type name 'cpp_reader_0'; did you mean 'cpp_reader'?")
***************** Next Function ******************
('func_count:', 51)
("func_name '", 'assemble_end_function', "'")
('err_func:', '/data/maliha/decompilation/data/error_with_patch/ida/speccpu/clang/O0/before15_gcc-clang-O0-compilation-errors/assemble_end_function')
('err_funcfile:', '/data/maliha/decompilation/data/error_with_patch/ida/speccpu/clang/O0/before15_gcc-clang-O0-compilation-errors/assemble_end_function')
('error:', "varasm.c:1728:43: error: use of undeclared identifier 'off_8A2198'")
('error:', "varasm.c:1728:72: error: use of undeclared identifier 'assemble_end_function_labelno'")
('error:', "varasm.c:1729:52: error: use of undeclared identifier 'off_8A2198'")
('error:', "varasm.c:1729:79: error: use of undeclared identifier 'assemble_end_function_labelno'")
***************** Next Function ******************
('func_count:', 52)
("func_name '", 'add_byte_size_attribute', "'")
('err_func:', '/data/maliha/decompilation/data/error_with_patch/ida/speccpu/clang/O0/before15_gcc-clang-O0-compilation-errors/add_byte_size_attribute')
('err_funcfile:', '/data/maliha/decompilation/data/error_with_patch/ida/speccpu/clang/O0/before15_gcc-clang-O0-compilation-errors/add_byte_size_attribute')
('error:', "dwarf2out.c:9759:12: error: use of undeclared identifier 'v2'")
('error:', "dwarf2out.c:9774:1: error: use of undeclared identifier 'v2'")
('error:', "dwarf2out.c:9775:34: error: use of undeclared identifier 'v2'")
***************** Next Function ******************
('func_count:', 53)
("func_name '", 'alloc_page', "'")
('err_func:', '/data/maliha/decompilation/data/error_with_patch/ida/speccpu/clang/O0/before15_gcc-clang-O0-compilation-errors/alloc_page')
('err_funcfile:', '/data/maliha/decompilation/data/error_with_patch/ida/speccpu/clang/O0/before15_gcc-clang-O0-compilation-errors/alloc_page')
('error:', "ggc-page.c:1038:1: error: unknown type name 'page_group_0'; did you mean 'page_group'?")
('error:', "ggc-page.c:1043:1: error: unknown type name 'page_entry_0'; did you mean 'page_entry'?")
('error:', "ggc-page.c:1044:1: error: unknown type name 'page_entry_0'; did you mean 'page_entry'?")
('error:', 'ggc-page.c:1100:25: error: expected expression')
('error:', "ggc-page.c:1100:11: error: use of undeclared identifier 'page_group_0'")
('error:', 'ggc-page.c:1104:25: error: expected expression')
('error:', "ggc-page.c:1104:11: error: use of undeclared identifier 'page_group_0'")
***************** Next Function ******************
('func_count:', 54)
("func_name '", 'address_cost', "'")
('err_func:', '/data/maliha/decompilation/data/error_with_patch/ida/speccpu/clang/O0/before15_gcc-clang-O0-compilation-errors/address_cost')
('err_funcfile:', '/data/maliha/decompilation/data/error_with_patch/ida/speccpu/clang/O0/before15_gcc-clang-O0-compilation-errors/address_cost')
('error:', "cse.c:1373:27: error: must use 'enum' tag to refer to type 'machine_mode'")
***************** Next Function ******************
('func_count:', 55)
("func_name '", '_cpp_handle_directive', "'")
('err_func:', '/data/maliha/decompilation/data/error_with_patch/ida/speccpu/clang/O0/before15_gcc-clang-O0-compilation-errors/_cpp_handle_directive')
('err_funcfile:', '/data/maliha/decompilation/data/error_with_patch/ida/speccpu/clang/O0/before15_gcc-clang-O0-compilation-errors/_cpp_handle_directive')
('error:', "cpplib.c:772:28: error: unknown type name 'cpp_reader_0'; did you mean 'cpp_reader'?")
('error:', "cpplib.c:776:7: error: unknown type name 'cpp_token_0'; did you mean 'cpp_token'?")
('error:', "cpplib.c:777:7: error: unknown type name 'directive_0'; did you mean 'directive'?")
***************** Next Function ******************
('func_count:', 56)
("func_name '", 'add_reachable_handler', "'")
('err_func:', '/data/maliha/decompilation/data/error_with_patch/ida/speccpu/clang/O0/before15_gcc-clang-O0-compilation-errors/add_reachable_handler')
('err_funcfile:', '/data/maliha/decompilation/data/error_with_patch/ida/speccpu/clang/O0/before15_gcc-clang-O0-compilation-errors/add_reachable_handler')
***************** Next Function ******************
('func_count:', 57)
("func_name '", 'AT_flag', "'")
('err_func:', '/data/maliha/decompilation/data/error_with_patch/ida/speccpu/clang/O0/before15_gcc-clang-O0-compilation-errors/AT_flag')
('err_funcfile:', '/data/maliha/decompilation/data/error_with_patch/ida/speccpu/clang/O0/before15_gcc-clang-O0-compilation-errors/AT_flag')
***************** Next Function ******************
('func_count:', 58)
("func_name '", '_cpp_pop_buffer', "'")
('err_func:', '/data/maliha/decompilation/data/error_with_patch/ida/speccpu/clang/O0/before15_gcc-clang-O0-compilation-errors/_cpp_pop_buffer')
('err_funcfile:', '/data/maliha/decompilation/data/error_with_patch/ida/speccpu/clang/O0/before15_gcc-clang-O0-compilation-errors/_cpp_pop_buffer')
('error:', "cpplib.c:2326:23: error: unknown type name 'cpp_reader_0'; did you mean 'cpp_reader'?")
('error:', "cpplib.c:2330:1: error: unknown type name 'cpp_buffer_0'; did you mean 'cpp_buffer'?")
***************** Next Function ******************
('func_count:', 59)
("func_name '", 'add_ehspec_entry', "'")
('err_func:', '/data/maliha/decompilation/data/error_with_patch/ida/speccpu/clang/O0/before15_gcc-clang-O0-compilation-errors/add_ehspec_entry')
('err_funcfile:', '/data/maliha/decompilation/data/error_with_patch/ida/speccpu/clang/O0/before15_gcc-clang-O0-compilation-errors/add_ehspec_entry')
***************** Next Function ******************
('func_count:', 60)
("func_name '", 'add_bound_info', "'")
('err_func:', '/data/maliha/decompilation/data/error_with_patch/ida/speccpu/clang/O0/before15_gcc-clang-O0-compilation-errors/add_bound_info')
('err_funcfile:', '/data/maliha/decompilation/data/error_with_patch/ida/speccpu/clang/O0/before15_gcc-clang-O0-compilation-errors/add_bound_info')
('error:', "dwarf2out.c:9547:48: error: must use 'enum' tag to refer to type 'dwarf_attribute'")
('error:', "dwarf2out.c:9598:22: error: use of undeclared identifier 'machine_mode'")
('error:', 'dwarf2out.c:9598:37: error: expected expression')
***************** Next Function ******************
('func_count:', 61)
("func_name '", 'action_record_eq', "'")
('err_func:', '/data/maliha/decompilation/data/error_with_patch/ida/speccpu/clang/O0/before15_gcc-clang-O0-compilation-errors/action_record_eq')
('err_funcfile:', '/data/maliha/decompilation/data/error_with_patch/ida/speccpu/clang/O0/before15_gcc-clang-O0-compilation-errors/action_record_eq')
***************** Next Function ******************
('func_count:', 62)
("func_name '", 'assemble_static_space', "'")
('err_func:', '/data/maliha/decompilation/data/error_with_patch/ida/speccpu/clang/O0/before15_gcc-clang-O0-compilation-errors/assemble_static_space')
('err_funcfile:', '/data/maliha/decompilation/data/error_with_patch/ida/speccpu/clang/O0/before15_gcc-clang-O0-compilation-errors/assemble_static_space')
('error:', "varasm.c:2278:1: error: must use 'enum' tag to refer to type 'machine_mode'")
***************** Next Function ******************
('func_count:', 63)
("func_name '", 'actual_hazard', "'")
('err_func:', '/data/maliha/decompilation/data/error_with_patch/ida/speccpu/clang/O0/before15_gcc-clang-O0-compilation-errors/actual_hazard')
('err_funcfile:', '/data/maliha/decompilation/data/error_with_patch/ida/speccpu/clang/O0/before15_gcc-clang-O0-compilation-errors/actual_hazard')
***************** Next Function ******************
('func_count:', 64)
("func_name '", 'assemble_alias', "'")
('err_func:', '/data/maliha/decompilation/data/error_with_patch/ida/speccpu/clang/O0/before15_gcc-clang-O0-compilation-errors/assemble_alias')
('err_funcfile:', '/data/maliha/decompilation/data/error_with_patch/ida/speccpu/clang/O0/before15_gcc-clang-O0-compilation-errors/assemble_alias')
***************** Next Function ******************
('func_count:', 65)
("func_name '", 'add_tlist', "'")
('err_func:', '/data/maliha/decompilation/data/error_with_patch/ida/speccpu/clang/O0/before15_gcc-clang-O0-compilation-errors/add_tlist')
('err_funcfile:', '/data/maliha/decompilation/data/error_with_patch/ida/speccpu/clang/O0/before15_gcc-clang-O0-compilation-errors/add_tlist')
***************** Next Function ******************
('func_count:', 66)
("func_name '", 'add_label_notes', "'")
('err_func:', '/data/maliha/decompilation/data/error_with_patch/ida/speccpu/clang/O0/before15_gcc-clang-O0-compilation-errors/add_label_notes')
('err_funcfile:', '/data/maliha/decompilation/data/error_with_patch/ida/speccpu/clang/O0/before15_gcc-clang-O0-compilation-errors/add_label_notes')
('error:', "loop.c:2197:1: error: must use 'enum' tag to refer to type 'rtx_code'")
***************** Next Function ******************
('func_count:', 67)
("func_name '", 'athlon_muldiv_unit_conflict_cost', "'")
('err_func:', '/data/maliha/decompilation/data/error_with_patch/ida/speccpu/clang/O0/before15_gcc-clang-O0-compilation-errors/athlon_muldiv_unit_conflict_cost')
('err_funcfile:', '/data/maliha/decompilation/data/error_with_patch/ida/speccpu/clang/O0/before15_gcc-clang-O0-compilation-errors/athlon_muldiv_unit_conflict_cost')
('error:', 'insn-attrtab.c:22628:39: error: too many arguments provided to function-like macro invocation')
('error:', "insn-attrtab.c:22628:1: error: use of undeclared identifier 'fatal_insn_not_found'; did you mean '_fatal_insn_not_found'?")
***************** Next Function ******************
('func_count:', 68)
("func_name '", 'add_AT_int', "'")
('err_func:', '/data/maliha/decompilation/data/error_with_patch/ida/speccpu/clang/O0/before15_gcc-clang-O0-compilation-errors/add_AT_int')
('err_funcfile:', '/data/maliha/decompilation/data/error_with_patch/ida/speccpu/clang/O0/before15_gcc-clang-O0-compilation-errors/add_AT_int')
('error:', "dwarf2out.c:4855:35: error: must use 'enum' tag to refer to type 'dwarf_attribute'")
('error:', "dwarf2out.c:4855:7: error: conflicting types for 'add_AT_int'")
***************** Next Function ******************
('func_count:', 69)
("func_name '", 'add_ehl_entry', "'")
('err_func:', '/data/maliha/decompilation/data/error_with_patch/ida/speccpu/clang/O0/before15_gcc-clang-O0-compilation-errors/add_ehl_entry')
('err_funcfile:', '/data/maliha/decompilation/data/error_with_patch/ida/speccpu/clang/O0/before15_gcc-clang-O0-compilation-errors/add_ehl_entry')
***************** Next Function ******************
('func_count:', 70)
("func_name '", 'athlon_directdec_unit_ready_cost', "'")
('err_func:', '/data/maliha/decompilation/data/error_with_patch/ida/speccpu/clang/O0/before15_gcc-clang-O0-compilation-errors/athlon_directdec_unit_ready_cost')
('err_funcfile:', '/data/maliha/decompilation/data/error_with_patch/ida/speccpu/clang/O0/before15_gcc-clang-O0-compilation-errors/athlon_directdec_unit_ready_cost')
('error:', 'insn-attrtab.c:3923:29: error: too many arguments provided to function-like macro invocation')
('error:', "insn-attrtab.c:3923:1: error: use of undeclared identifier 'fatal_insn_not_found'; did you mean '_fatal_insn_not_found'?")
***************** Next Function ******************
('func_count:', 71)
("func_name '", 'bitmap_element_allocate', "'")
('err_func:', '/data/maliha/decompilation/data/error_with_patch/ida/speccpu/clang/O0/before15_gcc-clang-O0-compilation-errors/bitmap_element_allocate')
('err_funcfile:', '/data/maliha/decompilation/data/error_with_patch/ida/speccpu/clang/O0/before15_gcc-clang-O0-compilation-errors/bitmap_element_allocate')
***************** Next Function ******************
('func_count:', 72)
("func_name '", 'asm_noperands', "'")
('err_func:', '/data/maliha/decompilation/data/error_with_patch/ida/speccpu/clang/O0/before15_gcc-clang-O0-compilation-errors/asm_noperands')
('err_funcfile:', '/data/maliha/decompilation/data/error_with_patch/ida/speccpu/clang/O0/before15_gcc-clang-O0-compilation-errors/asm_noperands')
***************** Next Function ******************
('func_count:', 73)
("func_name '", 'assemble_constant_align', "'")
('err_func:', '/data/maliha/decompilation/data/error_with_patch/ida/speccpu/clang/O0/before15_gcc-clang-O0-compilation-errors/assemble_constant_align')
('err_funcfile:', '/data/maliha/decompilation/data/error_with_patch/ida/speccpu/clang/O0/before15_gcc-clang-O0-compilation-errors/assemble_constant_align')
***************** Next Function ******************
('func_count:', 74)
("func_name '", 'add_AT_location_description', "'")
('err_func:', '/data/maliha/decompilation/data/error_with_patch/ida/speccpu/clang/O0/before15_gcc-clang-O0-compilation-errors/add_AT_location_description')
('err_funcfile:', '/data/maliha/decompilation/data/error_with_patch/ida/speccpu/clang/O0/before15_gcc-clang-O0-compilation-errors/add_AT_location_description')
('error:', "dwarf2out.c:8996:52: error: must use 'enum' tag to refer to type 'dwarf_attribute'")
***************** Next Function ******************
('func_count:', 75)
("func_name '", 'alloc_rd_mem', "'")
('err_func:', '/data/maliha/decompilation/data/error_with_patch/ida/speccpu/clang/O0/before15_gcc-clang-O0-compilation-errors/alloc_rd_mem')
('err_funcfile:', '/data/maliha/decompilation/data/error_with_patch/ida/speccpu/clang/O0/before15_gcc-clang-O0-compilation-errors/alloc_rd_mem')
***************** Next Function ******************
('func_count:', 76)
("func_name '", 'add_dependence_list_and_free', "'")
('err_func:', '/data/maliha/decompilation/data/error_with_patch/ida/speccpu/clang/O0/before15_gcc-clang-O0-compilation-errors/add_dependence_list_and_free')
('err_funcfile:', '/data/maliha/decompilation/data/error_with_patch/ida/speccpu/clang/O0/before15_gcc-clang-O0-compilation-errors/add_dependence_list_and_free')
('error:', "sched-deps.c:834:59: error: must use 'enum' tag to refer to type 'reg_note'")
('error:', "sched-deps.c:843:14: error: operand of type 'struct rtx_def' where arithmetic or pointer type is required")
***************** Next Function ******************
('func_count:', 77)
("func_name '", 'add_insn_mem_dependence', "'")
('err_func:', '/data/maliha/decompilation/data/error_with_patch/ida/speccpu/clang/O0/before15_gcc-clang-O0-compilation-errors/add_insn_mem_dependence')
('err_funcfile:', '/data/maliha/decompilation/data/error_with_patch/ida/speccpu/clang/O0/before15_gcc-clang-O0-compilation-errors/add_insn_mem_dependence')
('error:', "sched-deps.c:962:32: error: unknown type name 'deps_0'")
***************** Next Function ******************
('func_count:', 78)
("func_name '", 'blocks_nreverse', "'")
('err_func:', '/data/maliha/decompilation/data/error_with_patch/ida/speccpu/clang/O0/before15_gcc-clang-O0-compilation-errors/blocks_nreverse')
('err_funcfile:', '/data/maliha/decompilation/data/error_with_patch/ida/speccpu/clang/O0/before15_gcc-clang-O0-compilation-errors/blocks_nreverse')
('error:', "function.c:6553:1: error: must use 'union' tag to refer to type 'tree_node'")
('error:', "function.c:6554:1: error: must use 'union' tag to refer to type 'tree_node'")
***************** Next Function ******************
('func_count:', 79)
("func_name '", 'based_loc_descr', "'")
('err_func:', '/data/maliha/decompilation/data/error_with_patch/ida/speccpu/clang/O0/before15_gcc-clang-O0-compilation-errors/based_loc_descr')
('err_funcfile:', '/data/maliha/decompilation/data/error_with_patch/ida/speccpu/clang/O0/before15_gcc-clang-O0-compilation-errors/based_loc_descr')
('error:', "dwarf2out.c:8149:19: error: conflicting types for 'based_loc_descr'")
('error:', "dwarf2out.c:8173:25: error: use of undeclared identifier 'dwarf_location_atom'")
***************** Next Function ******************
('func_count:', 80)
("func_name '", 'bitmap_element_free', "'")
('err_func:', '/data/maliha/decompilation/data/error_with_patch/ida/speccpu/clang/O0/before15_gcc-clang-O0-compilation-errors/bitmap_element_free')
('err_funcfile:', '/data/maliha/decompilation/data/error_with_patch/ida/speccpu/clang/O0/before15_gcc-clang-O0-compilation-errors/bitmap_element_free')
***************** Next Function ******************
('func_count:', 81)
("func_name '", 'arc_eq', "'")
('err_func:', '/data/maliha/decompilation/data/error_with_patch/ida/speccpu/clang/O0/before15_gcc-clang-O0-compilation-errors/arc_eq')
('err_funcfile:', '/data/maliha/decompilation/data/error_with_patch/ida/speccpu/clang/O0/before15_gcc-clang-O0-compilation-errors/arc_eq')
***************** Next Function ******************
('func_count:', 82)
("func_name '", 'allocno_compare', "'")
('err_func:', '/data/maliha/decompilation/data/error_with_patch/ida/speccpu/clang/O0/before15_gcc-clang-O0-compilation-errors/allocno_compare')
('err_funcfile:', '/data/maliha/decompilation/data/error_with_patch/ida/speccpu/clang/O0/before15_gcc-clang-O0-compilation-errors/allocno_compare')
('error:', "global.c:1079:75: error: use of undeclared identifier 'allocno_0'; did you mean 'allocno'?")
('error:', "global.c:1079:27: error: use of undeclared identifier 'allocno_0'; did you mean 'allocno'?")
('error:', "global.c:1080:12: error: use of undeclared identifier 'allocno_0'")
('error:', "global.c:1082:12: error: use of undeclared identifier 'allocno_0'")
('error:', "global.c:1083:75: error: use of undeclared identifier 'allocno_0'; did you mean 'allocno'?")
('error:', "global.c:1083:27: error: use of undeclared identifier 'allocno_0'; did you mean 'allocno'?")
('error:', "global.c:1084:12: error: use of undeclared identifier 'allocno_0'")
('error:', "global.c:1086:12: error: use of undeclared identifier 'allocno_0'")
***************** Next Function ******************
('func_count:', 83)
("func_name '", 'AT_lbl', "'")
('err_func:', '/data/maliha/decompilation/data/error_with_patch/ida/speccpu/clang/O0/before15_gcc-clang-O0-compilation-errors/AT_lbl')
('err_funcfile:', '/data/maliha/decompilation/data/error_with_patch/ida/speccpu/clang/O0/before15_gcc-clang-O0-compilation-errors/AT_lbl')
***************** Next Function ******************
('func_count:', 84)
("func_name '", 'array_size_for_constructor', "'")
('err_func:', '/data/maliha/decompilation/data/error_with_patch/ida/speccpu/clang/O0/before15_gcc-clang-O0-compilation-errors/array_size_for_constructor')
('err_funcfile:', '/data/maliha/decompilation/data/error_with_patch/ida/speccpu/clang/O0/before15_gcc-clang-O0-compilation-errors/array_size_for_constructor')
('error:', "varasm.c:5115:1: error: must use 'union' tag to refer to type 'tree_node'")
('error:', "varasm.c:5116:1: error: must use 'union' tag to refer to type 'tree_node'")
('error:', "varasm.c:5117:1: error: must use 'union' tag to refer to type 'tree_node'")
('error:', "varasm.c:5118:1: error: must use 'union' tag to refer to type 'tree_node'")
('error:', "varasm.c:5119:1: error: must use 'union' tag to refer to type 'tree_node'")
('error:', "varasm.c:5122:1: error: must use 'union' tag to refer to type 'tree_node'")
('error:', "varasm.c:5123:1: error: must use 'union' tag to refer to type 'tree_node'")
***************** Next Function ******************
('func_count:', 85)
("func_name '", 'approx_sqrt', "'")
('err_func:', '/data/maliha/decompilation/data/error_with_patch/ida/speccpu/clang/O0/before15_gcc-clang-O0-compilation-errors/approx_sqrt')
('err_funcfile:', '/data/maliha/decompilation/data/error_with_patch/ida/speccpu/clang/O0/before15_gcc-clang-O0-compilation-errors/approx_sqrt')
***************** Next Function ******************
('func_count:', 86)
("func_name '", 'add_scope_stmt', "'")
('err_func:', '/data/maliha/decompilation/data/error_with_patch/ida/speccpu/clang/O0/before15_gcc-clang-O0-compilation-errors/add_scope_stmt')
('err_funcfile:', '/data/maliha/decompilation/data/error_with_patch/ida/speccpu/clang/O0/before15_gcc-clang-O0-compilation-errors/add_scope_stmt')
***************** Next Function ******************
('func_count:', 87)
("func_name '", 'alloc_aux_for_blocks', "'")
('err_func:', '/data/maliha/decompilation/data/error_with_patch/ida/speccpu/clang/O0/before15_gcc-clang-O0-compilation-errors/alloc_aux_for_blocks')
('err_funcfile:', '/data/maliha/decompilation/data/error_with_patch/ida/speccpu/clang/O0/before15_gcc-clang-O0-compilation-errors/alloc_aux_for_blocks')
('error:', "cfg.c:1088:6: error: use of undeclared identifier 'alloc_aux_for_blocks_initialized'")
('error:', "cfg.c:1096:1: error: use of undeclared identifier 'alloc_aux_for_blocks_initialized'")
***************** Next Function ******************
('func_count:', 88)
("func_name '", '_cpp_init_includes', "'")
('err_func:', '/data/maliha/decompilation/data/error_with_patch/ida/speccpu/clang/O0/before15_gcc-clang-O0-compilation-errors/_cpp_init_includes')
('err_funcfile:', '/data/maliha/decompilation/data/error_with_patch/ida/speccpu/clang/O0/before15_gcc-clang-O0-compilation-errors/_cpp_init_includes')
('error:', "cppfiles.c:611:26: error: unknown type name 'cpp_reader_0'; did you mean 'cpp_reader'?")
***************** Next Function ******************
('func_count:', 89)
("func_name '", '_fatal_insn', "'")
('err_func:', '/data/maliha/decompilation/data/error_with_patch/ida/speccpu/clang/O0/before15_gcc-clang-O0-compilation-errors/_fatal_insn')
('err_funcfile:', '/data/maliha/decompilation/data/error_with_patch/ida/speccpu/clang/O0/before15_gcc-clang-O0-compilation-errors/_fatal_insn')
('error:', 'rtl-error.c:576:49: error: too many arguments provided to function-like macro invocation')
('error:', "rtl-error.c:576:8: error: variable has incomplete type 'void'")
('error:', "rtl-error.c:576:18: error: expected ';' after top level declarator")
('error:', "rtl-error.c:592:1: error: expected identifier or '('")
***************** Next Function ******************
('func_count:', 90)
("func_name '", 'assemble_zeros', "'")
('err_func:', '/data/maliha/decompilation/data/error_with_patch/ida/speccpu/clang/O0/before15_gcc-clang-O0-compilation-errors/assemble_zeros')
('err_funcfile:', '/data/maliha/decompilation/data/error_with_patch/ida/speccpu/clang/O0/before15_gcc-clang-O0-compilation-errors/assemble_zeros')
('error:', "varasm.c:1751:40: error: use of undeclared identifier 'off_8A2198'")
***************** Next Function ******************
('func_count:', 91)
("func_name '", 'branch_prob', "'")
('err_func:', '/data/maliha/decompilation/data/error_with_patch/ida/speccpu/clang/O0/before15_gcc-clang-O0-compilation-errors/branch_prob')
('err_funcfile:', '/data/maliha/decompilation/data/error_with_patch/ida/speccpu/clang/O0/before15_gcc-clang-O0-compilation-errors/branch_prob')
('error:', "profile.c:1007:1: error: use of undeclared identifier 'edge_info_0'")
('error:', "profile.c:1007:14: error: use of undeclared identifier 'i_1'")
('error:', "profile.c:1012:1: error: use of undeclared identifier 'edge_info_0'")
('error:', "profile.c:1012:14: error: use of undeclared identifier 'inf'; did you mean 'if'?")
('error:', 'profile.c:1012:14: error: expected expression')
('error:', "profile.c:1121:1: error: use of undeclared identifier 'branch_prob_ignore_next_note'")
('error:', "profile.c:1125:6: error: use of undeclared identifier 'branch_prob_ignore_next_note'")
('error:', "profile.c:1127:1: error: use of undeclared identifier 'branch_prob_ignore_next_note'")
('error:', "profile.c:1151:1: error: use of undeclared identifier 'inf'")
('error:', 'profile.c:1151:22: error: expected expression')
('error:', "profile.c:1151:9: error: use of undeclared identifier 'edge_info_0'")
('error:', "profile.c:1152:48: error: use of undeclared identifier 'inf'; did you mean 'int'?")
('error:', 'profile.c:1152:48: error: expected expression')
('error:', "profile.c:1152:78: error: use of undeclared identifier 'inf'; did you mean 'int'?")
('error:', 'profile.c:1152:78: error: expected expression')
('error:', "profile.c:1154:12: error: use of undeclared identifier 'inf'; did you mean 'int'?")
('error:', 'profile.c:1154:12: error: expected expression')
('error:', 'profile.c:1194:22: error: expected expression')
('error:', "profile.c:1194:9: error: use of undeclared identifier 'edge_info_0'")
('error:', 'fatal error: too many errors emitted, stopping now [-ferror-limit=]')
***************** Next Function ******************
('func_count:', 92)
("func_name '", 'assemble_name', "'")
('err_func:', '/data/maliha/decompilation/data/error_with_patch/ida/speccpu/clang/O0/before15_gcc-clang-O0-compilation-errors/assemble_name')
('err_funcfile:', '/data/maliha/decompilation/data/error_with_patch/ida/speccpu/clang/O0/before15_gcc-clang-O0-compilation-errors/assemble_name')
***************** Next Function ******************
('func_count:', 93)
("func_name '", 'assign_stack_temp_for_type', "'")
('err_func:', '/data/maliha/decompilation/data/error_with_patch/ida/speccpu/clang/O0/before15_gcc-clang-O0-compilation-errors/assign_stack_temp_for_type')
('err_funcfile:', '/data/maliha/decompilation/data/error_with_patch/ida/speccpu/clang/O0/before15_gcc-clang-O0-compilation-errors/assign_stack_temp_for_type')
('error:', "function.c:1123:34: error: must use 'enum' tag to refer to type 'machine_mode'")
***************** Next Function ******************
('func_count:', 94)
("func_name '", 'assemble_real', "'")
('err_func:', '/data/maliha/decompilation/data/error_with_patch/ida/speccpu/clang/O0/before15_gcc-clang-O0-compilation-errors/assemble_real')
('err_funcfile:', '/data/maliha/decompilation/data/error_with_patch/ida/speccpu/clang/O0/before15_gcc-clang-O0-compilation-errors/assemble_real')
('error:', "varasm.c:2480:39: error: must use 'enum' tag to refer to type 'machine_mode'")
('error:', "varasm.c:2500:1: error: must use 'enum' tag to refer to type 'machine_mode'")
***************** Next Function ******************
('func_count:', 95)
("func_name '", 'any_uncondjump_p', "'")
('err_func:', '/data/maliha/decompilation/data/error_with_patch/ida/speccpu/clang/O0/before15_gcc-clang-O0-compilation-errors/any_uncondjump_p')
('err_funcfile:', '/data/maliha/decompilation/data/error_with_patch/ida/speccpu/clang/O0/before15_gcc-clang-O0-compilation-errors/any_uncondjump_p')
***************** Next Function ******************
('func_count:', 96)
("func_name '", 'assign_stack_local_1', "'")
('err_func:', '/data/maliha/decompilation/data/error_with_patch/ida/speccpu/clang/O0/before15_gcc-clang-O0-compilation-errors/assign_stack_local_1')
('err_funcfile:', '/data/maliha/decompilation/data/error_with_patch/ida/speccpu/clang/O0/before15_gcc-clang-O0-compilation-errors/assign_stack_local_1')
('error:', "function.c:1002:28: error: must use 'enum' tag to refer to type 'machine_mode'")
('error:', "function.c:1006:1: error: must use 'union' tag to refer to type 'tree_node'")
('error:', 'function.c:1050:7: error: expected expression')
***************** Next Function ******************
('func_count:', 97)
("func_name '", 'add_name_and_src_coords_attributes', "'")
('err_func:', '/data/maliha/decompilation/data/error_with_patch/ida/speccpu/clang/O0/before15_gcc-clang-O0-compilation-errors/add_name_and_src_coords_attributes')
('err_funcfile:', '/data/maliha/decompilation/data/error_with_patch/ida/speccpu/clang/O0/before15_gcc-clang-O0-compilation-errors/add_name_and_src_coords_attributes')
***************** Next Function ******************
('func_count:', 98)
("func_name '", 'add_stored_regs', "'")
('err_func:', '/data/maliha/decompilation/data/error_with_patch/ida/speccpu/clang/O0/before15_gcc-clang-O0-compilation-errors/add_stored_regs')
('err_funcfile:', '/data/maliha/decompilation/data/error_with_patch/ida/speccpu/clang/O0/before15_gcc-clang-O0-compilation-errors/add_stored_regs')
('error:', "caller-save.c:989:1: error: must use 'enum' tag to refer to type 'machine_mode'")
('error:', "caller-save.c:1003:3: error: use of undeclared identifier 'machine_mode'")
('error:', 'caller-save.c:1003:18: error: expected expression')
('error:', "caller-save.c:1005:3: error: use of undeclared identifier 'machine_mode'")
('error:', 'caller-save.c:1005:18: error: expected expression')
('error:', "caller-save.c:1049:6: error: use of undeclared identifier 'mode_class_0'; did you mean 'mode_class'?")
('error:', "caller-save.c:1050:7: error: use of undeclared identifier 'mode_class_0'; did you mean 'mode_class'?")
***************** Next Function ******************
('func_count:', 99)
("func_name '", 'alloc_node', "'")
('err_func:', '/data/maliha/decompilation/data/error_with_patch/ida/speccpu/clang/O0/before15_gcc-clang-O0-compilation-errors/alloc_node')
('err_funcfile:', '/data/maliha/decompilation/data/error_with_patch/ida/speccpu/clang/O0/before15_gcc-clang-O0-compilation-errors/alloc_node')
('error:', "cpphash.c:498:1: error: unknown type name 'cpp_hashnode_0'; did you mean 'cpp_hashnode'?")
('error:', "cpphash.c:498:18: error: conflicting types for 'alloc_node'")
('error:', "cpphash.c:500:1: error: unknown type name 'cpp_hashnode_0'; did you mean 'cpp_hashnode'?")
('error:', "cpphash.c:503:13: error: incomplete definition of type 'struct hash_table'")
('error:', "cpphash.c:504:11: error: incomplete definition of type 'struct hash_table'")
('error:', "cpphash.c:504:47: error: incomplete definition of type 'struct hash_table'")
('error:', 'cpphash.c:507:27: error: expected expression')
('error:', "cpphash.c:507:11: error: use of undeclared identifier 'cpp_hashnode_0'")
('error:', 'cpphash.c:508:24: error: expected expression')
('error:', "cpphash.c:508:8: error: use of undeclared identifier 'cpp_hashnode_0'")
('error:', "cpphash.c:514:27: error: use of undeclared identifier 'cpp_hashnode_0'")
***************** Next Function ******************
('func_count:', 100)
("func_name '", '_cpp_cleanup_includes', "'")
('err_func:', '/data/maliha/decompilation/data/error_with_patch/ida/speccpu/clang/O0/before15_gcc-clang-O0-compilation-errors/_cpp_cleanup_includes')
('err_funcfile:', '/data/maliha/decompilation/data/error_with_patch/ida/speccpu/clang/O0/before15_gcc-clang-O0-compilation-errors/_cpp_cleanup_includes')
('error:', "cppfiles.c:622:29: error: unknown type name 'cpp_reader_0'; did you mean 'cpp_reader'?")
***************** Next Function ******************
('func_count:', 101)
("func_name '", 'AT_ref_external', "'")
('err_func:', '/data/maliha/decompilation/data/error_with_patch/ida/speccpu/clang/O0/before15_gcc-clang-O0-compilation-errors/AT_ref_external')
('err_funcfile:', '/data/maliha/decompilation/data/error_with_patch/ida/speccpu/clang/O0/before15_gcc-clang-O0-compilation-errors/AT_ref_external')
***************** Next Function ******************
('func_count:', 102)
("func_name '", 'AT_string', "'")
('err_func:', '/data/maliha/decompilation/data/error_with_patch/ida/speccpu/clang/O0/before15_gcc-clang-O0-compilation-errors/AT_string')
('err_funcfile:', '/data/maliha/decompilation/data/error_with_patch/ida/speccpu/clang/O0/before15_gcc-clang-O0-compilation-errors/AT_string')
***************** Next Function ******************
('func_count:', 103)
("func_name '", 'balance_case_nodes', "'")
('err_func:', '/data/maliha/decompilation/data/error_with_patch/ida/speccpu/clang/O0/before15_gcc-clang-O0-compilation-errors/balance_case_nodes')
('err_funcfile:', '/data/maliha/decompilation/data/error_with_patch/ida/speccpu/clang/O0/before15_gcc-clang-O0-compilation-errors/balance_case_nodes')
***************** Next Function ******************
('func_count:', 104)
("func_name '", 'break_out_memory_refs', "'")
('err_func:', '/data/maliha/decompilation/data/error_with_patch/ida/speccpu/clang/O0/before15_gcc-clang-O0-compilation-errors/break_out_memory_refs')
('err_funcfile:', '/data/maliha/decompilation/data/error_with_patch/ida/speccpu/clang/O0/before15_gcc-clang-O0-compilation-errors/break_out_memory_refs')
('error:', "explow.c:787:1: error: must use 'enum' tag to refer to type 'machine_mode'")
('error:', "explow.c:809:21: error: use of undeclared identifier 'machine_mode'")
('error:', 'explow.c:809:36: error: expected expression')
('error:', "explow.c:817:57: error: operand of type 'struct rtx_def' where arithmetic or pointer type is required")
('error:', "explow.c:822:26: error: use of undeclared identifier 'rtx_code'; did you mean 'rtx_cost'?")
('error:', 'explow.c:822:37: error: expected expression')
***************** Next Function ******************
('func_count:', 105)
("func_name '", 'address_operand', "'")
('err_func:', '/data/maliha/decompilation/data/error_with_patch/ida/speccpu/clang/O0/before15_gcc-clang-O0-compilation-errors/address_operand')
('err_funcfile:', '/data/maliha/decompilation/data/error_with_patch/ida/speccpu/clang/O0/before15_gcc-clang-O0-compilation-errors/address_operand')
('error:', "recog.c:1482:36: error: must use 'enum' tag to refer to type 'machine_mode'")
***************** Next Function ******************
('func_count:', 106)
("func_name '", 'bitmap_first_set_bit', "'")
('err_func:', '/data/maliha/decompilation/data/error_with_patch/ida/speccpu/clang/O0/before15_gcc-clang-O0-compilation-errors/bitmap_first_set_bit')
('err_funcfile:', '/data/maliha/decompilation/data/error_with_patch/ida/speccpu/clang/O0/before15_gcc-clang-O0-compilation-errors/bitmap_first_set_bit')
('error:', "bitmap.c:872:16: error: expected identifier or '('")
('error:', "bitmap.c:872:16: error: expected ')'")
('error:', "bitmap.c:880:12: error: invalid suffix 'xnum' on integer constant")
('error:', "bitmap.c:884:12: error: invalid suffix 'xnum' on integer constant")
('error:', "bitmap.c:910:31: error: invalid suffix 'xnum' on integer constant")
***************** Next Function ******************
('func_count:', 107)
("func_name '", 'attribute_hash_list', "'")
('err_func:', '/data/maliha/decompilation/data/error_with_patch/ida/speccpu/clang/O0/before15_gcc-clang-O0-compilation-errors/attribute_hash_list')
('err_funcfile:', '/data/maliha/decompilation/data/error_with_patch/ida/speccpu/clang/O0/before15_gcc-clang-O0-compilation-errors/attribute_hash_list')
***************** Next Function ******************
('func_count:', 108)
("func_name '", 'binary_fp_operator', "'")
('err_func:', '/data/maliha/decompilation/data/error_with_patch/ida/speccpu/clang/O0/before15_gcc-clang-O0-compilation-errors/binary_fp_operator')
('err_funcfile:', '/data/maliha/decompilation/data/error_with_patch/ida/speccpu/clang/O0/before15_gcc-clang-O0-compilation-errors/binary_fp_operator')
('error:', "i386.c:3863:34: error: must use 'enum' tag to refer to type 'machine_mode'")
('error:', "i386.c:3869:8: error: use of undeclared identifier 'mode_class_0'; did you mean 'mode_class'?")
***************** Next Function ******************
('func_count:', 109)
("func_name '", 'added_clobbers_hard_reg_p', "'")
('err_func:', '/data/maliha/decompilation/data/error_with_patch/ida/speccpu/clang/O0/before15_gcc-clang-O0-compilation-errors/added_clobbers_hard_reg_p')
('err_funcfile:', '/data/maliha/decompilation/data/error_with_patch/ida/speccpu/clang/O0/before15_gcc-clang-O0-compilation-errors/added_clobbers_hard_reg_p')
***************** Next Function ******************
('func_count:', 110)
("func_name '", 'add_name_attribute', "'")
('err_func:', '/data/maliha/decompilation/data/error_with_patch/ida/speccpu/clang/O0/before15_gcc-clang-O0-compilation-errors/add_name_attribute')
('err_funcfile:', '/data/maliha/decompilation/data/error_with_patch/ida/speccpu/clang/O0/before15_gcc-clang-O0-compilation-errors/add_name_attribute')
***************** Next Function ******************
('func_count:', 111)
("func_name '", 'add_ttypes_entry', "'")
('err_func:', '/data/maliha/decompilation/data/error_with_patch/ida/speccpu/clang/O0/before15_gcc-clang-O0-compilation-errors/add_ttypes_entry')
('err_funcfile:', '/data/maliha/decompilation/data/error_with_patch/ida/speccpu/clang/O0/before15_gcc-clang-O0-compilation-errors/add_ttypes_entry')
***************** Next Function ******************
('func_count:', 112)
("func_name '", 'add_mem_for_addr', "'")
('err_func:', '/data/maliha/decompilation/data/error_with_patch/ida/speccpu/clang/O0/before15_gcc-clang-O0-compilation-errors/add_mem_for_addr')
('err_funcfile:', '/data/maliha/decompilation/data/error_with_patch/ida/speccpu/clang/O0/before15_gcc-clang-O0-compilation-errors/add_mem_for_addr')
***************** Next Function ******************
('func_count:', 113)
("func_name '", 'arith_or_logical_operator', "'")
('err_func:', '/data/maliha/decompilation/data/error_with_patch/ida/speccpu/clang/O0/before15_gcc-clang-O0-compilation-errors/arith_or_logical_operator')
('err_funcfile:', '/data/maliha/decompilation/data/error_with_patch/ida/speccpu/clang/O0/before15_gcc-clang-O0-compilation-errors/arith_or_logical_operator')
('error:', "i386.c:3900:41: error: must use 'enum' tag to refer to type 'machine_mode'")
***************** Next Function ******************
('func_count:', 114)
("func_name '", 'bitmap_print', "'")
('err_func:', '/data/maliha/decompilation/data/error_with_patch/ida/speccpu/clang/O0/before15_gcc-clang-O0-compilation-errors/bitmap_print')
('err_funcfile:', '/data/maliha/decompilation/data/error_with_patch/ida/speccpu/clang/O0/before15_gcc-clang-O0-compilation-errors/bitmap_print')
('error:', "bitmap.c:1256:20: error: expected identifier or '('")
('error:', "bitmap.c:1256:20: error: expected ')'")
('error:', "bitmap.c:1257:16: error: expected identifier or '('")
('error:', "bitmap.c:1257:16: error: expected ')'")
('error:', "bitmap.c:1262:10: error: use of undeclared identifier 'arg0'")
('error:', "bitmap.c:1266:12: error: invalid suffix 'xnum_' on integer constant")
('error:', "bitmap.c:1270:12: error: invalid suffix 'xnum_' on integer constant")
('error:', "bitmap.c:1274:20: error: invalid suffix 'xnum_' on integer constant")
('error:', "bitmap.c:1276:12: error: invalid suffix 'x' on integer constant")
('error:', "bitmap.c:1276:38: error: invalid suffix 'xnum_' on integer constant")
('error:', "bitmap.c:1277:17: error: invalid suffix 'x' on integer constant")
('error:', "bitmap.c:1281:40: error: invalid suffix 'x' on integer constant")
('error:', "bitmap.c:1283:12: error: invalid suffix 'x' on integer constant")
('error:', "bitmap.c:1284:55: error: invalid suffix 'xnum_' on integer constant")
('error:', "bitmap.c:1286:18: error: invalid suffix 'x' on integer constant")
('error:', "bitmap.c:1293:14: error: invalid suffix 'xnum_' on integer constant")
('error:', "bitmap.c:1295:12: error: invalid suffix 'xnum_' on integer constant")
***************** Next Function ******************
('func_count:', 115)
("func_name '", 'add_AT_float', "'")
('err_func:', '/data/maliha/decompilation/data/error_with_patch/ida/speccpu/clang/O0/before15_gcc-clang-O0-compilation-errors/add_AT_float')
('err_funcfile:', '/data/maliha/decompilation/data/error_with_patch/ida/speccpu/clang/O0/before15_gcc-clang-O0-compilation-errors/add_AT_float')
('error:', "dwarf2out.c:4928:37: error: must use 'enum' tag to refer to type 'dwarf_attribute'")
('error:', "dwarf2out.c:4928:7: error: conflicting types for 'add_AT_float'")
***************** Next Function ******************
('func_count:', 116)
("func_name '", '_cpp_compare_file_date', "'")
('err_func:', '/data/maliha/decompilation/data/error_with_patch/ida/speccpu/clang/O0/before15_gcc-clang-O0-compilation-errors/_cpp_compare_file_date')
('err_funcfile:', '/data/maliha/decompilation/data/error_with_patch/ida/speccpu/clang/O0/before15_gcc-clang-O0-compilation-errors/_cpp_compare_file_date')
('error:', "cppfiles.c:1188:29: error: unknown type name 'cpp_reader_0'; did you mean 'cpp_reader'?")
('error:', "cppfiles.c:1188:56: error: unknown type name 'cpp_token_0'; did you mean 'cpp_token'?")
***************** Next Function ******************
('func_count:', 117)
("func_name '", 'auto_inc_p', "'")
('err_func:', '/data/maliha/decompilation/data/error_with_patch/ida/speccpu/clang/O0/before15_gcc-clang-O0-compilation-errors/auto_inc_p')
('err_funcfile:', '/data/maliha/decompilation/data/error_with_patch/ida/speccpu/clang/O0/before15_gcc-clang-O0-compilation-errors/auto_inc_p')
***************** Next Function ******************
('func_count:', 118)
("func_name '", 'assemble_asm', "'")
('err_func:', '/data/maliha/decompilation/data/error_with_patch/ida/speccpu/clang/O0/before15_gcc-clang-O0-compilation-errors/assemble_asm')
('err_funcfile:', '/data/maliha/decompilation/data/error_with_patch/ida/speccpu/clang/O0/before15_gcc-clang-O0-compilation-errors/assemble_asm')
***************** Next Function ******************
('func_count:', 119)
("func_name '", '_cpp_simplify_pathname', "'")
('err_func:', '/data/maliha/decompilation/data/error_with_patch/ida/speccpu/clang/O0/before15_gcc-clang-O0-compilation-errors/_cpp_simplify_pathname')
('err_funcfile:', '/data/maliha/decompilation/data/error_with_patch/ida/speccpu/clang/O0/before15_gcc-clang-O0-compilation-errors/_cpp_simplify_pathname')
('error:', 'clang: error: linker command failed with exit code 1 (use -v to see invocation)')
***************** Next Function ******************
('func_count:', 120)
("func_name '", 'add_loop', "'")
('err_func:', '/data/maliha/decompilation/data/error_with_patch/ida/speccpu/clang/O0/before15_gcc-clang-O0-compilation-errors/add_loop')
('err_funcfile:', '/data/maliha/decompilation/data/error_with_patch/ida/speccpu/clang/O0/before15_gcc-clang-O0-compilation-errors/add_loop')
('error:', "dependence.c:876:1: error: unknown type name 'loop_1'; did you mean 'loop'?")
('error:', "dependence.c:881:1: error: unknown type name 'loop_1'; did you mean 'loop'?")
('error:', 'dependence.c:890:22: error: expected expression')
('error:', "dependence.c:890:14: error: use of undeclared identifier 'loop_1'")
***************** Next Function ******************
('func_count:', 121)
("func_name '", 'append_include_chain', "'")
('err_func:', '/data/maliha/decompilation/data/error_with_patch/ida/speccpu/clang/O0/before15_gcc-clang-O0-compilation-errors/append_include_chain')
('err_funcfile:', '/data/maliha/decompilation/data/error_with_patch/ida/speccpu/clang/O0/before15_gcc-clang-O0-compilation-errors/append_include_chain')
('error:', "cppinit.c:669:29: error: unknown type name 'cpp_reader_0'; did you mean 'cpp_reader'?")
('error:', "cppinit.c:679:1: error: unknown type name 'cpp_reader_0'; did you mean 'cpp_reader'?")
***************** Next Function ******************
('func_count:', 122)
("func_name '", 'bitmap_element_link', "'")
('err_func:', '/data/maliha/decompilation/data/error_with_patch/ida/speccpu/clang/O0/before15_gcc-clang-O0-compilation-errors/bitmap_element_link')
('err_funcfile:', '/data/maliha/decompilation/data/error_with_patch/ida/speccpu/clang/O0/before15_gcc-clang-O0-compilation-errors/bitmap_element_link')
***************** Next Function ******************
('func_count:', 123)
("func_name '", 'bitmap_last_set_bit', "'")
('err_func:', '/data/maliha/decompilation/data/error_with_patch/ida/speccpu/clang/O0/before15_gcc-clang-O0-compilation-errors/bitmap_last_set_bit')
('err_funcfile:', '/data/maliha/decompilation/data/error_with_patch/ida/speccpu/clang/O0/before15_gcc-clang-O0-compilation-errors/bitmap_last_set_bit')
('error:', "bitmap.c:925:16: error: expected identifier or '('")
('error:', "bitmap.c:925:16: error: expected ')'")
('error:', "bitmap.c:934:12: error: invalid suffix 'xnum' on integer constant")
('error:', "bitmap.c:938:12: error: invalid suffix 'xnum' on integer constant")
('error:', "bitmap.c:969:31: error: invalid suffix 'xnum' on integer constant")
***************** Next Function ******************
('func_count:', 124)
("func_name '", 'bitmap_union_of_diff', "'")
('err_func:', '/data/maliha/decompilation/data/error_with_patch/ida/speccpu/clang/O0/before15_gcc-clang-O0-compilation-errors/bitmap_union_of_diff')
('err_funcfile:', '/data/maliha/decompilation/data/error_with_patch/ida/speccpu/clang/O0/before15_gcc-clang-O0-compilation-errors/bitmap_union_of_diff')
***************** Next Function ******************
('func_count:', 125)
("func_name '", 'anon_aggr_type_p', "'")
('err_func:', '/data/maliha/decompilation/data/error_with_patch/ida/speccpu/clang/O0/before15_gcc-clang-O0-compilation-errors/anon_aggr_type_p')
('err_funcfile:', '/data/maliha/decompilation/data/error_with_patch/ida/speccpu/clang/O0/before15_gcc-clang-O0-compilation-errors/anon_aggr_type_p')
***************** Next Function ******************
('func_count:', 126)
("func_name '", 'asctoe24', "'")
('err_func:', '/data/maliha/decompilation/data/error_with_patch/ida/speccpu/clang/O0/before15_gcc-clang-O0-compilation-errors/asctoe24')
('err_funcfile:', '/data/maliha/decompilation/data/error_with_patch/ida/speccpu/clang/O0/before15_gcc-clang-O0-compilation-errors/asctoe24')
***************** Next Function ******************
('func_count:', 127)
("func_name '", '_cpp_do__Pragma', "'")
('err_func:', '/data/maliha/decompilation/data/error_with_patch/ida/speccpu/clang/O0/before15_gcc-clang-O0-compilation-errors/_cpp_do__Pragma')
('err_funcfile:', '/data/maliha/decompilation/data/error_with_patch/ida/speccpu/clang/O0/before15_gcc-clang-O0-compilation-errors/_cpp_do__Pragma')
('error:', "cpplib.c:1700:23: error: unknown type name 'cpp_reader_0'; did you mean 'cpp_reader'?")
('error:', "cpplib.c:1703:7: error: unknown type name 'cpp_token_0'; did you mean 'cpp_token'?")
('error:', "cpplib.c:1709:37: error: unknown type name 'cpp_string_0'; did you mean 'cpp_string'?")
***************** Next Function ******************
('func_count:', 128)
("func_name '", '_cpp_init_directives', "'")
('err_func:', '/data/maliha/decompilation/data/error_with_patch/ida/speccpu/clang/O0/before15_gcc-clang-O0-compilation-errors/_cpp_init_directives')
('err_funcfile:', '/data/maliha/decompilation/data/error_with_patch/ida/speccpu/clang/O0/before15_gcc-clang-O0-compilation-errors/_cpp_init_directives')
('error:', "cpplib.c:2354:28: error: unknown type name 'cpp_reader_0'; did you mean 'cpp_reader'?")
***************** Next Function ******************
('func_count:', 129)
("func_name '", 'adjust_automodify_address_1', "'")
('err_func:', '/data/maliha/decompilation/data/error_with_patch/ida/speccpu/clang/O0/before15_gcc-clang-O0-compilation-errors/adjust_automodify_address_1')
('err_funcfile:', '/data/maliha/decompilation/data/error_with_patch/ida/speccpu/clang/O0/before15_gcc-clang-O0-compilation-errors/adjust_automodify_address_1')
('error:', "emit-rtl.c:2505:47: error: must use 'enum' tag to refer to type 'machine_mode'")
***************** Next Function ******************
('func_count:', 130)
("func_name '", '_cpp_init_tokenrun', "'")
('err_func:', '/data/maliha/decompilation/data/error_with_patch/ida/speccpu/clang/O0/before15_gcc-clang-O0-compilation-errors/_cpp_init_tokenrun')
('err_funcfile:', '/data/maliha/decompilation/data/error_with_patch/ida/speccpu/clang/O0/before15_gcc-clang-O0-compilation-errors/_cpp_init_tokenrun')
('error:', "cpplex.c:1216:26: error: unknown type name 'tokenrun_0'; did you mean 'tokenrun'?")
('error:', 'cpplex.c:1218:28: error: expected expression')
('error:', "cpplex.c:1218:15: error: use of undeclared identifier 'cpp_token_0'")
***************** Next Function ******************
('func_count:', 131)
("func_name '", 'athlon_fp_muladd_unit_ready_cost', "'")
('err_func:', '/data/maliha/decompilation/data/error_with_patch/ida/speccpu/clang/O0/before15_gcc-clang-O0-compilation-errors/athlon_fp_muladd_unit_ready_cost')
('err_funcfile:', '/data/maliha/decompilation/data/error_with_patch/ida/speccpu/clang/O0/before15_gcc-clang-O0-compilation-errors/athlon_fp_muladd_unit_ready_cost')
('error:', 'insn-attrtab.c:2632:29: error: too many arguments provided to function-like macro invocation')
('error:', "insn-attrtab.c:2632:1: error: use of undeclared identifier 'fatal_insn_not_found'; did you mean '_fatal_insn_not_found'?")
***************** Next Function ******************
('func_count:', 132)
("func_name '", 'block_ultimate_origin', "'")
('err_func:', '/data/maliha/decompilation/data/error_with_patch/ida/speccpu/clang/O0/before15_gcc-clang-O0-compilation-errors/block_ultimate_origin')
('err_funcfile:', '/data/maliha/decompilation/data/error_with_patch/ida/speccpu/clang/O0/before15_gcc-clang-O0-compilation-errors/block_ultimate_origin')
('error:', "dwarf2out.c:4754:1: error: must use 'union' tag to refer to type 'tree_node'")
('error:', "dwarf2out.c:4756:1: error: must use 'union' tag to refer to type 'tree_node'")
('error:', "dwarf2out.c:4757:1: error: must use 'union' tag to refer to type 'tree_node'")
***************** Next Function ******************
('func_count:', 133)
("func_name '", 'AT_loc_list', "'")
('err_func:', '/data/maliha/decompilation/data/error_with_patch/ida/speccpu/clang/O0/before15_gcc-clang-O0-compilation-errors/AT_loc_list')
('err_funcfile:', '/data/maliha/decompilation/data/error_with_patch/ida/speccpu/clang/O0/before15_gcc-clang-O0-compilation-errors/AT_loc_list')
***************** Next Function ******************
('func_count:', 134)
("func_name '", '_cpp_begin_message', "'")
('err_func:', '/data/maliha/decompilation/data/error_with_patch/ida/speccpu/clang/O0/before15_gcc-clang-O0-compilation-errors/_cpp_begin_message')
('err_funcfile:', '/data/maliha/decompilation/data/error_with_patch/ida/speccpu/clang/O0/before15_gcc-clang-O0-compilation-errors/_cpp_begin_message')
('error:', "cpperror.c:545:25: error: unknown type name 'cpp_reader_0'; did you mean 'cpp_reader'?")
('error:', "cpperror.c:545:46: error: must use 'enum' tag to refer to type 'error_type'")
***************** Next Function ******************
('func_count:', 135)
("func_name '", 'add_child_die', "'")
('err_func:', '/data/maliha/decompilation/data/error_with_patch/ida/speccpu/clang/O0/before15_gcc-clang-O0-compilation-errors/add_child_die')
('err_funcfile:', '/data/maliha/decompilation/data/error_with_patch/ida/speccpu/clang/O0/before15_gcc-clang-O0-compilation-errors/add_child_die')
***************** Next Function ******************
('func_count:', 136)
("func_name '", 'bit_position', "'")
('err_func:', '/data/maliha/decompilation/data/error_with_patch/ida/speccpu/clang/O0/before15_gcc-clang-O0-compilation-errors/bit_position')
('err_funcfile:', '/data/maliha/decompilation/data/error_with_patch/ida/speccpu/clang/O0/before15_gcc-clang-O0-compilation-errors/bit_position')
***************** Next Function ******************
('func_count:', 137)
("func_name '", '_cpp_init_internal_pragmas', "'")
('err_func:', '/data/maliha/decompilation/data/error_with_patch/ida/speccpu/clang/O0/before15_gcc-clang-O0-compilation-errors/_cpp_init_internal_pragmas')
('err_funcfile:', '/data/maliha/decompilation/data/error_with_patch/ida/speccpu/clang/O0/before15_gcc-clang-O0-compilation-errors/_cpp_init_internal_pragmas')
('error:', "cpplib.c:1479:34: error: unknown type name 'cpp_reader_0'; did you mean 'cpp_reader'?")
***************** Next Function ******************
('func_count:', 138)
("func_name '", 'athlon_vectordec_unit_blockage_range', "'")
('err_func:', '/data/maliha/decompilation/data/error_with_patch/ida/speccpu/clang/O0/before15_gcc-clang-O0-compilation-errors/athlon_vectordec_unit_blockage_range')
('err_funcfile:', '/data/maliha/decompilation/data/error_with_patch/ida/speccpu/clang/O0/before15_gcc-clang-O0-compilation-errors/athlon_vectordec_unit_blockage_range')
('error:', 'insn-attrtab.c:3961:29: error: too many arguments provided to function-like macro invocation')
('error:', "insn-attrtab.c:3961:1: error: use of undeclared identifier 'fatal_insn_not_found'; did you mean '_fatal_insn_not_found'?")
('error:', "insn-attrtab.c:4168:22: error: use of undeclared identifier 'recog_data_0'; did you mean 'recog_data'?")
('error:', "insn-attrtab.c:4175:43: error: use of undeclared identifier 'recog_data_0'; did you mean 'recog_data'?")
('error:', "insn-attrtab.c:4200:49: error: use of undeclared identifier 'recog_data_0'; did you mean 'recog_data'?")
***************** Next Function ******************
('func_count:', 139)
("func_name '", '_cpp_lex_token', "'")
('err_func:', '/data/maliha/decompilation/data/error_with_patch/ida/speccpu/clang/O0/before15_gcc-clang-O0-compilation-errors/_cpp_lex_token')
('err_funcfile:', '/data/maliha/decompilation/data/error_with_patch/ida/speccpu/clang/O0/before15_gcc-clang-O0-compilation-errors/_cpp_lex_token')
('error:', "cpplex.c:1267:7: error: unknown type name 'cpp_token_0'; did you mean 'cpp_token'?")
('error:', "cpplex.c:1267:36: error: unknown type name 'cpp_reader_0'; did you mean 'cpp_reader'?")
('error:', "cpplex.c:1269:1: error: unknown type name 'cpp_token_0'; did you mean 'cpp_token'?")
('error:', "cpplex.c:1270:1: error: unknown type name 'cpp_token_0'; did you mean 'cpp_token'?")
***************** Next Function ******************
('func_count:', 140)
("func_name '", 'adjust_offset_for_component_ref', "'")
('err_func:', '/data/maliha/decompilation/data/error_with_patch/ida/speccpu/clang/O0/before15_gcc-clang-O0-compilation-errors/adjust_offset_for_component_ref')
('err_funcfile:', '/data/maliha/decompilation/data/error_with_patch/ida/speccpu/clang/O0/before15_gcc-clang-O0-compilation-errors/adjust_offset_for_component_ref')
('error:', "alias.c:2349:28: error: operand of type 'rtunion' (aka 'union rtunion_def') where arithmetic or pointer type is required")
***************** Next Function ******************
('func_count:', 141)
("func_name '", '_cpp_lex_direct', "'")
('err_func:', '/data/maliha/decompilation/data/error_with_patch/ida/speccpu/clang/O0/before15_gcc-clang-O0-compilation-errors/_cpp_lex_direct')
('err_funcfile:', '/data/maliha/decompilation/data/error_with_patch/ida/speccpu/clang/O0/before15_gcc-clang-O0-compilation-errors/_cpp_lex_direct')
('error:', "cpplex.c:1339:1: error: unknown type name 'cpp_token_0'; did you mean 'cpp_token'?")
('error:', "cpplex.c:1339:31: error: unknown type name 'cpp_reader_0'; did you mean 'cpp_reader'?")
('error:', "cpplex.c:1341:1: error: unknown type name 'cpp_token_0'; did you mean 'cpp_token'?")
('error:', "cpplex.c:1349:1: error: unknown type name 'cpp_token_0'; did you mean 'cpp_token'?")
('error:', "cpplex.c:1351:1: error: unknown type name 'cpp_buffer_0'; did you mean 'cpp_buffer'?")
('error:', "cpplex.c:1582:13: error: use of undeclared identifier 'sch_istable'; did you mean '_sch_istable'?")
('error:', 'cpplex.c:1585:40: error: expected expression')
('error:', "cpplex.c:1585:26: error: use of undeclared identifier 'cpp_string_0'")
('error:', 'cpplex.c:1645:40: error: expected expression')
('error:', "cpplex.c:1645:26: error: use of undeclared identifier 'cpp_string_0'")
***************** Next Function ******************
('func_count:', 142)
("func_name '", '_fatal_insn_not_found', "'")
('err_func:', '/data/maliha/decompilation/data/error_with_patch/ida/speccpu/clang/O0/before15_gcc-clang-O0-compilation-errors/_fatal_insn_not_found')
('err_funcfile:', '/data/maliha/decompilation/data/error_with_patch/ida/speccpu/clang/O0/before15_gcc-clang-O0-compilation-errors/_fatal_insn_not_found')
('error:', 'rtl-error.c:594:40: error: too many arguments provided to function-like macro invocation')
('error:', "rtl-error.c:594:8: error: variable has incomplete type 'void'")
('error:', "rtl-error.c:594:28: error: expected ';' after top level declarator")
('error:', 'rtl-error.c:597:43: error: too many arguments provided to function-like macro invocation')
('error:', 'rtl-error.c:598:61: error: too many arguments provided to function-like macro invocation')
***************** Next Function ******************
('func_count:', 143)
("func_name '", 'add_AT_die_ref', "'")
('err_func:', '/data/maliha/decompilation/data/error_with_patch/ida/speccpu/clang/O0/before15_gcc-clang-O0-compilation-errors/add_AT_die_ref')
('err_funcfile:', '/data/maliha/decompilation/data/error_with_patch/ida/speccpu/clang/O0/before15_gcc-clang-O0-compilation-errors/add_AT_die_ref')
('error:', "dwarf2out.c:5028:39: error: must use 'enum' tag to refer to type 'dwarf_attribute'")
***************** Next Function ******************
('func_count:', 144)
("func_name '", 'alloc_aux_for_edges', "'")
('err_func:', '/data/maliha/decompilation/data/error_with_patch/ida/speccpu/clang/O0/before15_gcc-clang-O0-compilation-errors/alloc_aux_for_edges')
('err_funcfile:', '/data/maliha/decompilation/data/error_with_patch/ida/speccpu/clang/O0/before15_gcc-clang-O0-compilation-errors/alloc_aux_for_edges')
('error:', "cfg.c:1169:6: error: use of undeclared identifier 'alloc_aux_for_edges_initialized'")
('error:', "cfg.c:1177:1: error: use of undeclared identifier 'alloc_aux_for_edges_initialized'")
***************** Next Function ******************
('func_count:', 145)
("func_name '", 'adjust_trampoline_addr', "'")
('err_func:', '/data/maliha/decompilation/data/error_with_patch/ida/speccpu/clang/O0/before15_gcc-clang-O0-compilation-errors/adjust_trampoline_addr')
('err_funcfile:', '/data/maliha/decompilation/data/error_with_patch/ida/speccpu/clang/O0/before15_gcc-clang-O0-compilation-errors/adjust_trampoline_addr')
***************** Next Function ******************
('func_count:', 146)
("func_name '", 'assign_filter_values', "'")
('err_func:', '/data/maliha/decompilation/data/error_with_patch/ida/speccpu/clang/O0/before15_gcc-clang-O0-compilation-errors/assign_filter_values')
('err_funcfile:', '/data/maliha/decompilation/data/error_with_patch/ida/speccpu/clang/O0/before15_gcc-clang-O0-compilation-errors/assign_filter_values')
('error:', "except.c:2331:1: error: must use 'union' tag to refer to type 'tree_node'")
('error:', "except.c:2332:1: error: must use 'union' tag to refer to type 'tree_node'")
***************** Next Function ******************
('func_count:', 147)
("func_name '", '_cpp_define_builtin', "'")
('err_func:', '/data/maliha/decompilation/data/error_with_patch/ida/speccpu/clang/O0/before15_gcc-clang-O0-compilation-errors/_cpp_define_builtin')
('err_funcfile:', '/data/maliha/decompilation/data/error_with_patch/ida/speccpu/clang/O0/before15_gcc-clang-O0-compilation-errors/_cpp_define_builtin')
('error:', "cpplib.c:2193:27: error: unknown type name 'cpp_reader_0'; did you mean 'cpp_reader'?")
***************** Next Function ******************
('func_count:', 148)
("func_name '", 'bitmap_set_bit', "'")
('err_func:', '/data/maliha/decompilation/data/error_with_patch/ida/speccpu/clang/O0/before15_gcc-clang-O0-compilation-errors/bitmap_set_bit')
('err_funcfile:', '/data/maliha/decompilation/data/error_with_patch/ida/speccpu/clang/O0/before15_gcc-clang-O0-compilation-errors/bitmap_set_bit')
('error:', "bitmap.c:825:16: error: expected identifier or '('")
('error:', "bitmap.c:825:16: error: expected ')'")
('error:', "bitmap.c:830:12: error: invalid suffix 'xnum' on integer constant")
('error:', "bitmap.c:834:22: error: invalid suffix 'xnum' on integer constant")
('error:', "bitmap.c:840:23: error: invalid suffix 'xnum' on integer constant")
***************** Next Function ******************
('func_count:', 149)
("func_name '", 'asprintf', "'")
('err_func:', '/data/maliha/decompilation/data/error_with_patch/ida/speccpu/clang/O0/before15_gcc-clang-O0-compilation-errors/asprintf')
('err_funcfile:', '/data/maliha/decompilation/data/error_with_patch/ida/speccpu/clang/O0/before15_gcc-clang-O0-compilation-errors/asprintf')
('error:', "asprintf.c:519:8: error: use of undeclared identifier 'QGenericArgument'")
('error:', 'asprintf.c:519:24: error: expected expression')
***************** Next Function ******************
('func_count:', 150)
("func_name '", 'binary_op_error', "'")
('err_func:', '/data/maliha/decompilation/data/error_with_patch/ida/speccpu/clang/O0/before15_gcc-clang-O0-compilation-errors/binary_op_error')
('err_funcfile:', '/data/maliha/decompilation/data/error_with_patch/ida/speccpu/clang/O0/before15_gcc-clang-O0-compilation-errors/binary_op_error')
('error:', "c-common.c:2041:24: error: must use 'enum' tag to refer to type 'tree_code'")
***************** Next Function ******************
('func_count:', 151)
("func_name '", 'attr_checksum', "'")
('err_func:', '/data/maliha/decompilation/data/error_with_patch/ida/speccpu/clang/O0/before15_gcc-clang-O0-compilation-errors/attr_checksum')
('err_funcfile:', '/data/maliha/decompilation/data/error_with_patch/ida/speccpu/clang/O0/before15_gcc-clang-O0-compilation-errors/attr_checksum')
***************** Next Function ******************
('func_count:', 152)
("func_name '", 'asm_fprintf', "'")
('err_func:', '/data/maliha/decompilation/data/error_with_patch/ida/speccpu/clang/O0/before15_gcc-clang-O0-compilation-errors/asm_fprintf')
('err_funcfile:', '/data/maliha/decompilation/data/error_with_patch/ida/speccpu/clang/O0/before15_gcc-clang-O0-compilation-errors/asm_fprintf')
('error:', "final.c:4027:8: error: use of undeclared identifier 'sch_istable'; did you mean '_sch_istable'?")
***************** Next Function ******************
('func_count:', 153)
("func_name '", 'blockage_range', "'")
('err_func:', '/data/maliha/decompilation/data/error_with_patch/ida/speccpu/clang/O0/before15_gcc-clang-O0-compilation-errors/blockage_range')
('err_funcfile:', '/data/maliha/decompilation/data/error_with_patch/ida/speccpu/clang/O0/before15_gcc-clang-O0-compilation-errors/blockage_range')
***************** Next Function ******************
('func_count:', 154)
("func_name '", 'alias_sets_conflict_p', "'")
('err_func:', '/data/maliha/decompilation/data/error_with_patch/ida/speccpu/clang/O0/before15_gcc-clang-O0-compilation-errors/alias_sets_conflict_p')
('err_funcfile:', '/data/maliha/decompilation/data/error_with_patch/ida/speccpu/clang/O0/before15_gcc-clang-O0-compilation-errors/alias_sets_conflict_p')
('error:', "alias.c:713:1: error: unknown type name 'alias_set_entry_0'; did you mean 'alias_set_entry'?")
('error:', "alias.c:714:1: error: unknown type name 'alias_set_entry_0'; did you mean 'alias_set_entry'?")
***************** Next Function ******************
('func_count:', 155)
("func_name '", 'bitmap_initialize', "'")
('err_func:', '/data/maliha/decompilation/data/error_with_patch/ida/speccpu/clang/O0/before15_gcc-clang-O0-compilation-errors/bitmap_initialize')
('err_funcfile:', '/data/maliha/decompilation/data/error_with_patch/ida/speccpu/clang/O0/before15_gcc-clang-O0-compilation-errors/bitmap_initialize')
***************** Next Function ******************
('func_count:', 156)
("func_name '", '_cpp_destroy_hashtable', "'")
('err_func:', '/data/maliha/decompilation/data/error_with_patch/ida/speccpu/clang/O0/before15_gcc-clang-O0-compilation-errors/_cpp_destroy_hashtable')
('err_funcfile:', '/data/maliha/decompilation/data/error_with_patch/ida/speccpu/clang/O0/before15_gcc-clang-O0-compilation-errors/_cpp_destroy_hashtable')
('error:', "cpphash.c:544:30: error: unknown type name 'cpp_reader_0'; did you mean 'cpp_reader'?")
***************** Next Function ******************
('func_count:', 157)
("func_name '", 'add_case_node', "'")
('err_func:', '/data/maliha/decompilation/data/error_with_patch/ida/speccpu/clang/O0/before15_gcc-clang-O0-compilation-errors/add_case_node')
('err_funcfile:', '/data/maliha/decompilation/data/error_with_patch/ida/speccpu/clang/O0/before15_gcc-clang-O0-compilation-errors/add_case_node')
('error:', "stmt.c:5157:1: error: must use 'union' tag to refer to type 'tree_node'")
***************** Next Function ******************
('func_count:', 158)
("func_name '", 'bitmap_clear', "'")
('err_func:', '/data/maliha/decompilation/data/error_with_patch/ida/speccpu/clang/O0/before15_gcc-clang-O0-compilation-errors/bitmap_clear')
('err_funcfile:', '/data/maliha/decompilation/data/error_with_patch/ida/speccpu/clang/O0/before15_gcc-clang-O0-compilation-errors/bitmap_clear')
***************** Next Function ******************
('func_count:', 159)
("func_name '", '_cpp_parse_expr', "'")
('err_func:', '/data/maliha/decompilation/data/error_with_patch/ida/speccpu/clang/O0/before15_gcc-clang-O0-compilation-errors/_cpp_parse_expr')
('err_funcfile:', '/data/maliha/decompilation/data/error_with_patch/ida/speccpu/clang/O0/before15_gcc-clang-O0-compilation-errors/_cpp_parse_expr')
('error:', "cppexp.c:1019:22: error: unknown type name 'cpp_reader_0'; did you mean 'cpp_reader'?")
('error:', "cppexp.c:1025:1: error: unknown type name 'cpp_reader_0'; did you mean 'cpp_reader'?")
('error:', "cppexp.c:1026:1: error: unknown type name 'cpp_reader_0'; did you mean 'cpp_reader'?")
('error:', "cppexp.c:1036:1: error: unknown type name 'cpp_reader_0'; did you mean 'cpp_reader'?")
('error:', "cppexp.c:1037:1: error: unknown type name 'cpp_reader_0'; did you mean 'cpp_reader'?")
('error:', "cppexp.c:1057:1: error: unknown type name 'cpp_reader_0'; did you mean 'cpp_reader'?")
('error:', "cppexp.c:1074:12: error: expected identifier or '('")
***************** Next Function ******************
('func_count:', 160)
("func_name '", 'adjust_column', "'")
('err_func:', '/data/maliha/decompilation/data/error_with_patch/ida/speccpu/clang/O0/before15_gcc-clang-O0-compilation-errors/adjust_column')
('err_funcfile:', '/data/maliha/decompilation/data/error_with_patch/ida/speccpu/clang/O0/before15_gcc-clang-O0-compilation-errors/adjust_column')
('error:', "cpplex.c:798:22: error: unknown type name 'cpp_reader_0'; did you mean 'cpp_reader'?")
('error:', "cpplex.c:800:1: error: unknown type name 'cpp_buffer_0'; did you mean 'cpp_buffer'?")
***************** Next Function ******************
('func_count:', 161)
("func_name '", 'AT_int', "'")
('err_func:', '/data/maliha/decompilation/data/error_with_patch/ida/speccpu/clang/O0/before15_gcc-clang-O0-compilation-errors/AT_int')
('err_funcfile:', '/data/maliha/decompilation/data/error_with_patch/ida/speccpu/clang/O0/before15_gcc-clang-O0-compilation-errors/AT_int')
('error:', "dwarf2out.c:4870:10: error: conflicting types for 'AT_int'")
***************** Next Function ******************
('func_count:', 162)
("func_name '", 'biv_total_increment', "'")
('err_func:', '/data/maliha/decompilation/data/error_with_patch/ida/speccpu/clang/O0/before15_gcc-clang-O0-compilation-errors/biv_total_increment')
('err_funcfile:', '/data/maliha/decompilation/data/error_with_patch/ida/speccpu/clang/O0/before15_gcc-clang-O0-compilation-errors/biv_total_increment')
('error:', "unroll.c:2924:1: error: use of undeclared identifier 'induction_1'")
('error:', "unroll.c:2924:14: error: use of undeclared identifier 'v'")
('error:', "unroll.c:2927:7: error: use of undeclared identifier 'v'")
('error:', "unroll.c:2927:22: error: use of undeclared identifier 'v'")
('error:', "unroll.c:2927:25: error: use of undeclared identifier 'v'")
('error:', "unroll.c:2927:29: error: use of undeclared identifier 'v'")
('error:', "unroll.c:2929:23: error: use of undeclared identifier 'v'")
('error:', "unroll.c:2930:4: error: use of undeclared identifier 'v'")
('error:', "unroll.c:2931:21: error: use of undeclared identifier 'v'")
('error:', "unroll.c:2935:56: error: use of undeclared identifier 'v'")
('error:', "unroll.c:2935:68: error: use of undeclared identifier 'v'")
***************** Next Function ******************
('func_count:', 163)
("func_name '", '_cpp_pop_context', "'")
('err_func:', '/data/maliha/decompilation/data/error_with_patch/ida/speccpu/clang/O0/before15_gcc-clang-O0-compilation-errors/_cpp_pop_context')
('err_funcfile:', '/data/maliha/decompilation/data/error_with_patch/ida/speccpu/clang/O0/before15_gcc-clang-O0-compilation-errors/_cpp_pop_context')
('error:', "cppmacro.c:1444:24: error: unknown type name 'cpp_reader_0'; did you mean 'cpp_reader'?")
***************** Next Function ******************
('func_count:', 164)
("func_name '", 'append_random_chars', "'")
('err_func:', '/data/maliha/decompilation/data/error_with_patch/ida/speccpu/clang/O0/before15_gcc-clang-O0-compilation-errors/append_random_chars')
('err_funcfile:', '/data/maliha/decompilation/data/error_with_patch/ida/speccpu/clang/O0/before15_gcc-clang-O0-compilation-errors/append_random_chars')
('error:', "tree.c:5009:7: error: use of undeclared identifier 'append_random_chars_value'; did you mean 'append_random_chars'?")
('error:', "tree.c:5012:1: error: use of undeclared identifier 'append_random_chars_value'")
('error:', "tree.c:5014:1: error: use of undeclared identifier 'append_random_chars_value'")
('error:', "tree.c:5018:5: error: use of undeclared identifier 'append_random_chars_value'; did you mean 'append_random_chars'?")
('error:', "tree.c:5019:42: error: use of undeclared identifier 'append_random_chars_value'; did you mean 'append_random_chars'?")
('error:', "tree.c:5019:68: error: invalid operands to binary expression ('void (char *)' and 'int')")
('error:', "tree.c:5019:14: error: use of undeclared identifier 'append_random_chars_letters'; did you mean 'append_random_chars'?")
('error:', "tree.c:5021:16: error: use of undeclared identifier 'append_random_chars_letters'")
('error:', "tree.c:5023:16: error: use of undeclared identifier 'append_random_chars_letters'")
('error:', "tree.c:5025:16: error: use of undeclared identifier 'append_random_chars_letters'")
('error:', "tree.c:5027:16: error: use of undeclared identifier 'append_random_chars_letters'")
('error:', "tree.c:5029:16: error: use of undeclared identifier 'append_random_chars_letters'")
***************** Next Function ******************
('func_count:', 165)
("func_name '", 'actual_hazard_this_instance', "'")
('err_func:', '/data/maliha/decompilation/data/error_with_patch/ida/speccpu/clang/O0/before15_gcc-clang-O0-compilation-errors/actual_hazard_this_instance')
('err_funcfile:', '/data/maliha/decompilation/data/error_with_patch/ida/speccpu/clang/O0/before15_gcc-clang-O0-compilation-errors/actual_hazard_this_instance')
('error:', "haifa-sched.c:485:1: error: 'inline' can only appear on functions")
***************** Next Function ******************
('func_count:', 166)
("func_name '", 'add_params', "'")
('err_func:', '/data/maliha/decompilation/data/error_with_patch/ida/speccpu/clang/O0/before15_gcc-clang-O0-compilation-errors/add_params')
('err_funcfile:', '/data/maliha/decompilation/data/error_with_patch/ida/speccpu/clang/O0/before15_gcc-clang-O0-compilation-errors/add_params')
('error:', "params.c:503:25: error: unknown type name 'param_info_0'; did you mean 'param_info'?")
('error:', 'params.c:505:35: error: expected expression')
('error:', "params.c:505:21: error: use of undeclared identifier 'param_info_0'")
***************** Next Function ******************
('func_count:', 167)
("func_name '", 'avoid_constant_pool_reference', "'")
('err_func:', '/data/maliha/decompilation/data/error_with_patch/ida/speccpu/clang/O0/before15_gcc-clang-O0-compilation-errors/avoid_constant_pool_reference')
('err_funcfile:', '/data/maliha/decompilation/data/error_with_patch/ida/speccpu/clang/O0/before15_gcc-clang-O0-compilation-errors/avoid_constant_pool_reference')
('error:', "simplify-rtx.c:624:1: error: must use 'enum' tag to refer to type 'machine_mode'")
('error:', "simplify-rtx.c:638:25: error: use of undeclared identifier 'machine_mode'")
('error:', 'simplify-rtx.c:638:40: error: expected expression')
***************** Next Function ******************
('func_count:', 168)
("func_name '", 'bit_from_pos', "'")
('err_func:', '/data/maliha/decompilation/data/error_with_patch/ida/speccpu/clang/O0/before15_gcc-clang-O0-compilation-errors/bit_from_pos')
('err_funcfile:', '/data/maliha/decompilation/data/error_with_patch/ida/speccpu/clang/O0/before15_gcc-clang-O0-compilation-errors/bit_from_pos')
('error:', "stor-layout.c:982:1: error: must use 'union' tag to refer to type 'tree_node'")
('error:', "stor-layout.c:983:1: error: must use 'union' tag to refer to type 'tree_node'")
***************** Next Function ******************
('func_count:', 169)
("func_name '", 'add_action_record', "'")
('err_func:', '/data/maliha/decompilation/data/error_with_patch/ida/speccpu/clang/O0/before15_gcc-clang-O0-compilation-errors/add_action_record')
('err_funcfile:', '/data/maliha/decompilation/data/error_with_patch/ida/speccpu/clang/O0/before15_gcc-clang-O0-compilation-errors/add_action_record')
***************** Next Function ******************
('func_count:', 170)
("func_name '", '_cpp_test_assertion', "'")
('err_func:', '/data/maliha/decompilation/data/error_with_patch/ida/speccpu/clang/O0/before15_gcc-clang-O0-compilation-errors/_cpp_test_assertion')
('err_funcfile:', '/data/maliha/decompilation/data/error_with_patch/ida/speccpu/clang/O0/before15_gcc-clang-O0-compilation-errors/_cpp_test_assertion')
('error:', "cpplib.c:2073:26: error: unknown type name 'cpp_reader_0'; did you mean 'cpp_reader'?")
('error:', "cpplib.c:2077:1: error: unknown type name 'cpp_hashnode_0'; did you mean 'cpp_hashnode'?")
('error:', "cpplib.c:2080:1: error: unknown type name 'cpp_reader_0'; did you mean 'cpp_reader'?")
('error:', 'cpplib.c:2091:7: error: expected expression')
***************** Next Function ******************
('func_count:', 171)
("func_name '", 'assign_symbol_names', "'")
('err_func:', '/data/maliha/decompilation/data/error_with_patch/ida/speccpu/clang/O0/before15_gcc-clang-O0-compilation-errors/assign_symbol_names')
('err_funcfile:', '/data/maliha/decompilation/data/error_with_patch/ida/speccpu/clang/O0/before15_gcc-clang-O0-compilation-errors/assign_symbol_names')
***************** Next Function ******************
('func_count:', 172)
("func_name '", 'athlon_ieu_unit_ready_cost', "'")
('err_func:', '/data/maliha/decompilation/data/error_with_patch/ida/speccpu/clang/O0/before15_gcc-clang-O0-compilation-errors/athlon_ieu_unit_ready_cost')
('err_funcfile:', '/data/maliha/decompilation/data/error_with_patch/ida/speccpu/clang/O0/before15_gcc-clang-O0-compilation-errors/athlon_ieu_unit_ready_cost')
('error:', 'insn-attrtab.c:3170:29: error: too many arguments provided to function-like macro invocation')
('error:', "insn-attrtab.c:3170:1: error: use of undeclared identifier 'fatal_insn_not_found'; did you mean '_fatal_insn_not_found'?")
('error:', "insn-attrtab.c:3472:23: error: use of undeclared identifier 'recog_data_0'; did you mean 'recog_data'?")
('error:', "insn-attrtab.c:3480:34: error: use of undeclared identifier 'recog_data_0'; did you mean 'recog_data'?")
('error:', "insn-attrtab.c:3495:22: error: use of undeclared identifier 'recog_data_0'; did you mean 'recog_data'?")
('error:', "insn-attrtab.c:3547:25: error: use of undeclared identifier 'recog_data_0'; did you mean 'recog_data'?")
('error:', "insn-attrtab.c:3549:20: error: use of undeclared identifier 'recog_data_0'; did you mean 'recog_data'?")
('error:', "insn-attrtab.c:3575:23: error: use of undeclared identifier 'recog_data_0'; did you mean 'recog_data'?")
('error:', "insn-attrtab.c:3582:34: error: use of undeclared identifier 'recog_data_0'; did you mean 'recog_data'?")
('error:', "insn-attrtab.c:3616:54: error: use of undeclared identifier 'recog_data_0'; did you mean 'recog_data'?")
('error:', "insn-attrtab.c:3632:22: error: use of undeclared identifier 'recog_data_0'; did you mean 'recog_data'?")
('error:', "insn-attrtab.c:3633:21: error: use of undeclared identifier 'recog_data_0'; did you mean 'recog_data'?")
('error:', "insn-attrtab.c:3645:54: error: use of undeclared identifier 'recog_data_0'; did you mean 'recog_data'?")
('error:', "insn-attrtab.c:3659:49: error: use of undeclared identifier 'recog_data_0'; did you mean 'recog_data'?")
('error:', "insn-attrtab.c:3676:22: error: use of undeclared identifier 'recog_data_0'; did you mean 'recog_data'?")
('error:', "insn-attrtab.c:3677:21: error: use of undeclared identifier 'recog_data_0'; did you mean 'recog_data'?")
('error:', "insn-attrtab.c:3688:48: error: use of undeclared identifier 'recog_data_0'; did you mean 'recog_data'?")
('error:', "insn-attrtab.c:3690:47: error: use of undeclared identifier 'recog_data_0'; did you mean 'recog_data'?")
('error:', "insn-attrtab.c:3706:22: error: use of undeclared identifier 'recog_data_0'; did you mean 'recog_data'?")
('error:', 'fatal error: too many errors emitted, stopping now [-ferror-limit=]')
***************** Next Function ******************
('func_count:', 173)
("func_name '", 'C_alloca', "'")
('err_func:', '/data/maliha/decompilation/data/error_with_patch/ida/speccpu/clang/O0/before15_gcc-clang-O0-compilation-errors/C_alloca')
('err_funcfile:', '/data/maliha/decompilation/data/error_with_patch/ida/speccpu/clang/O0/before15_gcc-clang-O0-compilation-errors/C_alloca')
***************** Next Function ******************
('func_count:', 174)
("func_name '", 'add_double', "'")
('err_func:', '/data/maliha/decompilation/data/error_with_patch/ida/speccpu/clang/O0/before15_gcc-clang-O0-compilation-errors/add_double')
('err_funcfile:', '/data/maliha/decompilation/data/error_with_patch/ida/speccpu/clang/O0/before15_gcc-clang-O0-compilation-errors/add_double')
***************** Next Function ******************
('func_count:', 175)
("func_name '", 'AT_class', "'")
('err_func:', '/data/maliha/decompilation/data/error_with_patch/ida/speccpu/clang/O0/before15_gcc-clang-O0-compilation-errors/AT_class')
('err_funcfile:', '/data/maliha/decompilation/data/error_with_patch/ida/speccpu/clang/O0/before15_gcc-clang-O0-compilation-errors/AT_class')
***************** Next Function ******************
('func_count:', 176)
("func_name '", 'add_data_member_location_attribute', "'")
('err_func:', '/data/maliha/decompilation/data/error_with_patch/ida/speccpu/clang/O0/before15_gcc-clang-O0-compilation-errors/add_data_member_location_attribute')
('err_funcfile:', '/data/maliha/decompilation/data/error_with_patch/ida/speccpu/clang/O0/before15_gcc-clang-O0-compilation-errors/add_data_member_location_attribute')
***************** Next Function ******************
('func_count:', 177)
("func_name '", 'athlon_fp_store_unit_ready_cost', "'")
('err_func:', '/data/maliha/decompilation/data/error_with_patch/ida/speccpu/clang/O0/before15_gcc-clang-O0-compilation-errors/athlon_fp_store_unit_ready_cost')
('err_funcfile:', '/data/maliha/decompilation/data/error_with_patch/ida/speccpu/clang/O0/before15_gcc-clang-O0-compilation-errors/athlon_fp_store_unit_ready_cost')
('error:', 'insn-attrtab.c:2615:29: error: too many arguments provided to function-like macro invocation')
('error:', "insn-attrtab.c:2615:1: error: use of undeclared identifier 'fatal_insn_not_found'; did you mean '_fatal_insn_not_found'?")
***************** Next Function ******************
('func_count:', 178)
("func_name '", 'athlon_ieu_unit_blockage_range', "'")
('err_func:', '/data/maliha/decompilation/data/error_with_patch/ida/speccpu/clang/O0/before15_gcc-clang-O0-compilation-errors/athlon_ieu_unit_blockage_range')
('err_funcfile:', '/data/maliha/decompilation/data/error_with_patch/ida/speccpu/clang/O0/before15_gcc-clang-O0-compilation-errors/athlon_ieu_unit_blockage_range')
('error:', 'insn-attrtab.c:3906:29: error: too many arguments provided to function-like macro invocation')
('error:', "insn-attrtab.c:3906:1: error: use of undeclared identifier 'fatal_insn_not_found'; did you mean '_fatal_insn_not_found'?")
***************** Next Function ******************
('func_count:', 179)
("func_name '", 'assign_stack_local', "'")
('err_func:', '/data/maliha/decompilation/data/error_with_patch/ida/speccpu/clang/O0/before15_gcc-clang-O0-compilation-errors/assign_stack_local')
('err_funcfile:', '/data/maliha/decompilation/data/error_with_patch/ida/speccpu/clang/O0/before15_gcc-clang-O0-compilation-errors/assign_stack_local')
('error:', "function.c:1097:26: error: must use 'enum' tag to refer to type 'machine_mode'")
***************** Next Function ******************
('func_count:', 180)
("func_name '", '_cpp_extend_buff', "'")
('err_func:', '/data/maliha/decompilation/data/error_with_patch/ida/speccpu/clang/O0/before15_gcc-clang-O0-compilation-errors/_cpp_extend_buff')
('err_funcfile:', '/data/maliha/decompilation/data/error_with_patch/ida/speccpu/clang/O0/before15_gcc-clang-O0-compilation-errors/_cpp_extend_buff')
('error:', "cpplex.c:2507:24: error: unknown type name 'cpp_reader_0'; did you mean 'cpp_reader'?")
('error:', "cpplex.c:2507:45: error: unknown type name '_cpp_buff_0'; did you mean '_cpp_buff'?")
('error:', "cpplex.c:2509:1: error: unknown type name '_cpp_buff_0'; did you mean '_cpp_buff'?")
('error:', "cpplex.c:2510:1: error: unknown type name '_cpp_buff_0'; did you mean '_cpp_buff'?")
***************** Next Function ******************
('func_count:', 181)
("func_name '", 'assign_386_stack_local', "'")
('err_func:', '/data/maliha/decompilation/data/error_with_patch/ida/speccpu/clang/O0/before15_gcc-clang-O0-compilation-errors/assign_386_stack_local')
('err_funcfile:', '/data/maliha/decompilation/data/error_with_patch/ida/speccpu/clang/O0/before15_gcc-clang-O0-compilation-errors/assign_386_stack_local')
('error:', "i386.c:10307:30: error: must use 'enum' tag to refer to type 'machine_mode'")
***************** Next Function ******************
('func_count:', 182)
("func_name '", 'addr_side_effect_eval', "'")
('err_func:', '/data/maliha/decompilation/data/error_with_patch/ida/speccpu/clang/O0/before15_gcc-clang-O0-compilation-errors/addr_side_effect_eval')
('err_funcfile:', '/data/maliha/decompilation/data/error_with_patch/ida/speccpu/clang/O0/before15_gcc-clang-O0-compilation-errors/addr_side_effect_eval')
('error:', "alias.c:1938:1: error: must use 'enum' tag to refer to type 'machine_mode'")
***************** Next Function ******************
('func_count:', 183)
("func_name '", 'all_blocks', "'")
('err_func:', '/data/maliha/decompilation/data/error_with_patch/ida/speccpu/clang/O0/before15_gcc-clang-O0-compilation-errors/all_blocks')
('err_funcfile:', '/data/maliha/decompilation/data/error_with_patch/ida/speccpu/clang/O0/before15_gcc-clang-O0-compilation-errors/all_blocks')
***************** Next Function ******************
('func_count:', 184)
("func_name '", '_cpp_never_reread', "'")
('err_func:', '/data/maliha/decompilation/data/error_with_patch/ida/speccpu/clang/O0/before15_gcc-clang-O0-compilation-errors/_cpp_never_reread')
('err_funcfile:', '/data/maliha/decompilation/data/error_with_patch/ida/speccpu/clang/O0/before15_gcc-clang-O0-compilation-errors/_cpp_never_reread')
('error:', "cppfiles.c:646:24: error: unknown type name 'cpp_hashnode_0'; did you mean 'cpp_hashnode'?")
***************** Next Function ******************
('func_count:', 185)
("func_name '", '_cpp_aligned_alloc', "'")
('err_func:', '/data/maliha/decompilation/data/error_with_patch/ida/speccpu/clang/O0/before15_gcc-clang-O0-compilation-errors/_cpp_aligned_alloc')
('err_funcfile:', '/data/maliha/decompilation/data/error_with_patch/ida/speccpu/clang/O0/before15_gcc-clang-O0-compilation-errors/_cpp_aligned_alloc')
('error:', "cpplex.c:2567:38: error: unknown type name 'cpp_reader_0'; did you mean 'cpp_reader'?")
('error:', "cpplex.c:2570:1: error: unknown type name '_cpp_buff_0'; did you mean '_cpp_buff'?")
***************** Next Function ******************
('func_count:', 186)
("func_name '", 'add_AT_string', "'")
('err_func:', '/data/maliha/decompilation/data/error_with_patch/ida/speccpu/clang/O0/before15_gcc-clang-O0-compilation-errors/add_AT_string')
('err_funcfile:', '/data/maliha/decompilation/data/error_with_patch/ida/speccpu/clang/O0/before15_gcc-clang-O0-compilation-errors/add_AT_string')
('error:', "dwarf2out.c:4947:38: error: must use 'enum' tag to refer to type 'dwarf_attribute'")
***************** Next Function ******************
('func_count:', 187)
("func_name '", 'add_partial_entry', "'")
('err_func:', '/data/maliha/decompilation/data/error_with_patch/ida/speccpu/clang/O0/before15_gcc-clang-O0-compilation-errors/add_partial_entry')
('err_funcfile:', '/data/maliha/decompilation/data/error_with_patch/ida/speccpu/clang/O0/before15_gcc-clang-O0-compilation-errors/add_partial_entry')
***************** Next Function ******************
('func_count:', 188)
("func_name '", 'add_type_for_runtime', "'")
('err_func:', '/data/maliha/decompilation/data/error_with_patch/ida/speccpu/clang/O0/before15_gcc-clang-O0-compilation-errors/add_type_for_runtime')
('err_funcfile:', '/data/maliha/decompilation/data/error_with_patch/ida/speccpu/clang/O0/before15_gcc-clang-O0-compilation-errors/add_type_for_runtime')
('error:', "except.c:2172:1: error: must use 'union' tag to refer to type 'tree_node'")
***************** Next Function ******************
('func_count:', 189)
("func_name '", 'bss_section', "'")
('err_func:', '/data/maliha/decompilation/data/error_with_patch/ida/speccpu/clang/O0/before15_gcc-clang-O0-compilation-errors/bss_section')
('err_funcfile:', '/data/maliha/decompilation/data/error_with_patch/ida/speccpu/clang/O0/before15_gcc-clang-O0-compilation-errors/bss_section')
('error:', "varasm.c:945:6: error: use of undeclared identifier 'in_section_0'; did you mean 'in_section'?")
('error:', "varasm.c:948:1: error: use of undeclared identifier 'in_section_0'; did you mean 'in_section'?")
***************** Next Function ******************
('func_count:', 190)
("func_name '", 'add_loc_descr', "'")
('err_func:', '/data/maliha/decompilation/data/error_with_patch/ida/speccpu/clang/O0/before15_gcc-clang-O0-compilation-errors/add_loc_descr')
('err_funcfile:', '/data/maliha/decompilation/data/error_with_patch/ida/speccpu/clang/O0/before15_gcc-clang-O0-compilation-errors/add_loc_descr')
***************** Next Function ******************
('func_count:', 191)
("func_name '", 'bitmap_clear_bit', "'")
('err_func:', '/data/maliha/decompilation/data/error_with_patch/ida/speccpu/clang/O0/before15_gcc-clang-O0-compilation-errors/bitmap_clear_bit')
('err_funcfile:', '/data/maliha/decompilation/data/error_with_patch/ida/speccpu/clang/O0/before15_gcc-clang-O0-compilation-errors/bitmap_clear_bit')
***************** Next Function ******************
('func_count:', 192)
("func_name '", 'add_AT_flag', "'")
('err_func:', '/data/maliha/decompilation/data/error_with_patch/ida/speccpu/clang/O0/before15_gcc-clang-O0-compilation-errors/add_AT_flag')
('err_funcfile:', '/data/maliha/decompilation/data/error_with_patch/ida/speccpu/clang/O0/before15_gcc-clang-O0-compilation-errors/add_AT_flag')
('error:', "dwarf2out.c:4828:36: error: must use 'enum' tag to refer to type 'dwarf_attribute'")
***************** Next Function ******************
('func_count:', 193)
("func_name '", 'assign_stack_temp', "'")
('err_func:', '/data/maliha/decompilation/data/error_with_patch/ida/speccpu/clang/O0/before15_gcc-clang-O0-compilation-errors/assign_stack_temp')
('err_funcfile:', '/data/maliha/decompilation/data/error_with_patch/ida/speccpu/clang/O0/before15_gcc-clang-O0-compilation-errors/assign_stack_temp')
('error:', "function.c:1303:25: error: must use 'enum' tag to refer to type 'machine_mode'")
***************** Next Function ******************
('func_count:', 194)
("func_name '", 'add_bit_offset_attribute', "'")
('err_func:', '/data/maliha/decompilation/data/error_with_patch/ida/speccpu/clang/O0/before15_gcc-clang-O0-compilation-errors/add_bit_offset_attribute')
('err_funcfile:', '/data/maliha/decompilation/data/error_with_patch/ida/speccpu/clang/O0/before15_gcc-clang-O0-compilation-errors/add_bit_offset_attribute')
('error:', "dwarf2out.c:9811:1: error: must use 'union' tag to refer to type 'tree_node'")
('error:', "dwarf2out.c:9815:1: error: must use 'union' tag to refer to type 'tree_node'")
('error:', "dwarf2out.c:9827:34: error: use of undeclared identifier 'QCameraExposure'")
***************** Next Function ******************
('func_count:', 195)
("func_name '", 'basic_induction_var', "'")
('err_func:', '/data/maliha/decompilation/data/error_with_patch/ida/speccpu/clang/O0/before15_gcc-clang-O0-compilation-errors/basic_induction_var')
('err_funcfile:', '/data/maliha/decompilation/data/error_with_patch/ida/speccpu/clang/O0/before15_gcc-clang-O0-compilation-errors/basic_induction_var')
('error:', "loop.c:6572:1: error: must use 'enum' tag to refer to type 'machine_mode'")
('error:', "loop.c:6584:1: error: must use 'enum' tag to refer to type 'machine_mode'")
('error:', "loop.c:6594:1: error: must use 'enum' tag to refer to type 'rtx_code'")
('error:', "loop.c:6596:13: error: expected identifier or '('")
('error:', "loop.c:6615:3: error: use of undeclared identifier 'machine_mode'")
('error:', 'loop.c:6615:18: error: expected expression')
('error:', "loop.c:6642:13: error: expected identifier or '('")
('error:', "loop.c:6646:3: error: use of undeclared identifier 'machine_mode'")
('error:', 'loop.c:6646:18: error: expected expression')
('error:', "loop.c:6647:3: error: use of undeclared identifier 'machine_mode'")
('error:', 'loop.c:6647:18: error: expected expression')
('error:', "loop.c:6654:21: error: operand of type 'struct rtx_def' where arithmetic or pointer type is required")
('error:', "loop.c:6654:43: error: operand of type 'struct rtx_def' where arithmetic or pointer type is required")
('error:', "loop.c:6671:13: error: operand of type 'struct rtx_def' where arithmetic or pointer type is required")
('error:', "loop.c:6680:13: error: expected identifier or '('")
('error:', 'loop.c:6683:5: error: expected expression')
('error:', "loop.c:6693:3: error: use of undeclared identifier 'machine_mode'")
('error:', 'loop.c:6693:18: error: expected expression')
('error:', "loop.c:6711:14: error: operand of type 'struct rtx_def' where arithmetic or pointer type is required")
('error:', 'fatal error: too many errors emitted, stopping now [-ferror-limit=]')
***************** Next Function ******************
('func_count:', 196)
("func_name '", '_cpp_free_definition', "'")
('err_func:', '/data/maliha/decompilation/data/error_with_patch/ida/speccpu/clang/O0/before15_gcc-clang-O0-compilation-errors/_cpp_free_definition')
('err_funcfile:', '/data/maliha/decompilation/data/error_with_patch/ida/speccpu/clang/O0/before15_gcc-clang-O0-compilation-errors/_cpp_free_definition')
('error:', "cppmacro.c:1637:28: error: unknown type name 'cpp_hashnode_0'; did you mean 'cpp_hashnode'?")
***************** Next Function ******************
('func_count:', 197)
("func_name '", 'all_ones_mask_p', "'")
('err_func:', '/data/maliha/decompilation/data/error_with_patch/ida/speccpu/clang/O0/before15_gcc-clang-O0-compilation-errors/all_ones_mask_p')
('err_funcfile:', '/data/maliha/decompilation/data/error_with_patch/ida/speccpu/clang/O0/before15_gcc-clang-O0-compilation-errors/all_ones_mask_p')
('error:', "fold-const.c:3735:1: error: must use 'union' tag to refer to type 'tree_node'")
('error:', "fold-const.c:3736:1: error: must use 'union' tag to refer to type 'tree_node'")
('error:', "fold-const.c:3737:1: error: must use 'union' tag to refer to type 'tree_node'")
('error:', "fold-const.c:3738:1: error: must use 'union' tag to refer to type 'tree_node'")
***************** Next Function ******************
('func_count:', 198)
("func_name '", 'add_arange', "'")
('err_func:', '/data/maliha/decompilation/data/error_with_patch/ida/speccpu/clang/O0/before15_gcc-clang-O0-compilation-errors/add_arange')
('err_funcfile:', '/data/maliha/decompilation/data/error_with_patch/ida/speccpu/clang/O0/before15_gcc-clang-O0-compilation-errors/add_arange')
***************** Next Function ******************
('func_count:', 199)
("func_name '", 'AT_unsigned', "'")
('err_func:', '/data/maliha/decompilation/data/error_with_patch/ida/speccpu/clang/O0/before15_gcc-clang-O0-compilation-errors/AT_unsigned')
('err_funcfile:', '/data/maliha/decompilation/data/error_with_patch/ida/speccpu/clang/O0/before15_gcc-clang-O0-compilation-errors/AT_unsigned')
('error:', "dwarf2out.c:4897:19: error: conflicting types for 'AT_unsigned'")
***************** Next Function ******************
('func_count:', 200)
("func_name '", 'AT_string_form', "'")
('err_func:', '/data/maliha/decompilation/data/error_with_patch/ida/speccpu/clang/O0/before15_gcc-clang-O0-compilation-errors/AT_string_form')
('err_funcfile:', '/data/maliha/decompilation/data/error_with_patch/ida/speccpu/clang/O0/before15_gcc-clang-O0-compilation-errors/AT_string_form')
('error:', "dwarf2out.c:5004:48: error: use of undeclared identifier 'const_labelno'")
('error:', "dwarf2out.c:5005:3: error: use of undeclared identifier 'const_labelno'")
***************** Next Function ******************
('func_count:', 201)
("func_name '", 'athlon_muldiv_unit_blockage_range', "'")
('err_func:', '/data/maliha/decompilation/data/error_with_patch/ida/speccpu/clang/O0/before15_gcc-clang-O0-compilation-errors/athlon_muldiv_unit_blockage_range')
('err_funcfile:', '/data/maliha/decompilation/data/error_with_patch/ida/speccpu/clang/O0/before15_gcc-clang-O0-compilation-errors/athlon_muldiv_unit_blockage_range')
('error:', 'insn-attrtab.c:3149:29: error: too many arguments provided to function-like macro invocation')
('error:', "insn-attrtab.c:3149:1: error: use of undeclared identifier 'fatal_insn_not_found'; did you mean '_fatal_insn_not_found'?")
***************** Next Function ******************
('func_count:', 202)
("func_name '", 'align_fuzz', "'")
('err_func:', '/data/maliha/decompilation/data/error_with_patch/ida/speccpu/clang/O0/before15_gcc-clang-O0-compilation-errors/align_fuzz')
('err_funcfile:', '/data/maliha/decompilation/data/error_with_patch/ida/speccpu/clang/O0/before15_gcc-clang-O0-compilation-errors/align_fuzz')
***************** Next Function ******************
('func_count:', 203)
("func_name '", 'add_bit_size_attribute', "'")
('err_func:', '/data/maliha/decompilation/data/error_with_patch/ida/speccpu/clang/O0/before15_gcc-clang-O0-compilation-errors/add_bit_size_attribute')
('err_funcfile:', '/data/maliha/decompilation/data/error_with_patch/ida/speccpu/clang/O0/before15_gcc-clang-O0-compilation-errors/add_bit_size_attribute')
***************** Next Function ******************
('func_count:', 204)
("func_name '", 'approx_reg_cost_1', "'")
('err_func:', '/data/maliha/decompilation/data/error_with_patch/ida/speccpu/clang/O0/before15_gcc-clang-O0-compilation-errors/approx_reg_cost_1')
('err_funcfile:', '/data/maliha/decompilation/data/error_with_patch/ida/speccpu/clang/O0/before15_gcc-clang-O0-compilation-errors/approx_reg_cost_1')
***************** Next Function ******************
('func_count:', 205)
("func_name '", 'announce_function', "'")
('err_func:', '/data/maliha/decompilation/data/error_with_patch/ida/speccpu/clang/O0/before15_gcc-clang-O0-compilation-errors/announce_function')
('err_funcfile:', '/data/maliha/decompilation/data/error_with_patch/ida/speccpu/clang/O0/before15_gcc-clang-O0-compilation-errors/announce_function')
***************** Next Function ******************
('func_count:', 206)
("func_name '", 'adjust_stack', "'")
('err_func:', '/data/maliha/decompilation/data/error_with_patch/ida/speccpu/clang/O0/before15_gcc-clang-O0-compilation-errors/adjust_stack')
('err_funcfile:', '/data/maliha/decompilation/data/error_with_patch/ida/speccpu/clang/O0/before15_gcc-clang-O0-compilation-errors/adjust_stack')
('error:', "explow.c:1317:1: error: must use 'enum' tag to refer to type 'machine_mode'")
***************** Next Function ******************
('func_count:', 207)
("func_name '", 'array_type_nelts', "'")
('err_func:', '/data/maliha/decompilation/data/error_with_patch/ida/speccpu/clang/O0/before15_gcc-clang-O0-compilation-errors/array_type_nelts')
('err_funcfile:', '/data/maliha/decompilation/data/error_with_patch/ida/speccpu/clang/O0/before15_gcc-clang-O0-compilation-errors/array_type_nelts')
('error:', "tree.c:1951:1: error: must use 'union' tag to refer to type 'tree_node'")
('error:', "tree.c:1953:1: error: must use 'union' tag to refer to type 'tree_node'")
('error:', "tree.c:1959:17: error: subscript of pointer to incomplete type 'struct rtx_def'")
('error:', "tree.c:1960:24: error: subscript of pointer to incomplete type 'struct rtx_def'")
***************** Next Function ******************
('func_count:', 208)
("func_name '", 'botch', "'")
('err_func:', '/data/maliha/decompilation/data/error_with_patch/ida/speccpu/clang/O0/before15_gcc-clang-O0-compilation-errors/botch')
('err_funcfile:', '/data/maliha/decompilation/data/error_with_patch/ida/speccpu/clang/O0/before15_gcc-clang-O0-compilation-errors/botch')
***************** Next Function ******************
('func_count:', 209)
("func_name '", 'add_clobbers', "'")
('err_func:', '/data/maliha/decompilation/data/error_with_patch/ida/speccpu/clang/O0/before15_gcc-clang-O0-compilation-errors/add_clobbers')
('err_funcfile:', '/data/maliha/decompilation/data/error_with_patch/ida/speccpu/clang/O0/before15_gcc-clang-O0-compilation-errors/add_clobbers')
***************** Next Function ******************
('func_count:', 210)
("func_name '", 'allocate_dynamic_stack_space', "'")
('err_func:', '/data/maliha/decompilation/data/error_with_patch/ida/speccpu/clang/O0/before15_gcc-clang-O0-compilation-errors/allocate_dynamic_stack_space')
('err_funcfile:', '/data/maliha/decompilation/data/error_with_patch/ida/speccpu/clang/O0/before15_gcc-clang-O0-compilation-errors/allocate_dynamic_stack_space')
('error:', "explow.c:1640:1: error: must use 'enum' tag to refer to type 'machine_mode'")
('error:', "explow.c:1645:1: error: must use 'enum' tag to refer to type 'machine_mode'")
('error:', "explow.c:1647:1: error: must use 'enum' tag to refer to type 'machine_mode'")
('error:', "explow.c:1649:1: error: must use 'enum' tag to refer to type 'machine_mode'")
('error:', "explow.c:1655:1: error: must use 'enum' tag to refer to type 'machine_mode'")
('error:', "explow.c:1657:1: error: must use 'enum' tag to refer to type 'machine_mode'")
('error:', "explow.c:1658:1: error: must use 'enum' tag to refer to type 'machine_mode'")
('error:', "explow.c:1662:1: error: must use 'enum' tag to refer to type 'machine_mode'")
('error:', "explow.c:1721:19: error: invalid suffix 'xmode' on integer constant")
('error:', "explow.c:1722:17: error: invalid suffix 'xmode' on integer constant")
('error:', "explow.c:1723:33: error: use of undeclared identifier 'insn_data_0'; did you mean 'insn_data'?")
('error:', "explow.c:1724:8: error: use of undeclared identifier 'insn_data_0'; did you mean 'insn_data'?")
***************** Next Function ******************
('func_count:', 211)
("func_name '", 'any_condjump_p', "'")
('err_func:', '/data/maliha/decompilation/data/error_with_patch/ida/speccpu/clang/O0/before15_gcc-clang-O0-compilation-errors/any_condjump_p')
('err_funcfile:', '/data/maliha/decompilation/data/error_with_patch/ida/speccpu/clang/O0/before15_gcc-clang-O0-compilation-errors/any_condjump_p')
('error:', "jump.c:1658:1: error: must use 'enum' tag to refer to type 'rtx_code'")
('error:', "jump.c:1659:1: error: must use 'enum' tag to refer to type 'rtx_code'")
***************** Next Function ******************
('func_count:', 212)
("func_name '", 'action_record_hash', "'")
('err_func:', '/data/maliha/decompilation/data/error_with_patch/ida/speccpu/clang/O0/before15_gcc-clang-O0-compilation-errors/action_record_hash')
('err_funcfile:', '/data/maliha/decompilation/data/error_with_patch/ida/speccpu/clang/O0/before15_gcc-clang-O0-compilation-errors/action_record_hash')
***************** Next Function ******************
('func_count:', 213)
("func_name '", 'add_abstract_origin_attribute', "'")
('err_func:', '/data/maliha/decompilation/data/error_with_patch/ida/speccpu/clang/O0/before15_gcc-clang-O0-compilation-errors/add_abstract_origin_attribute')
('err_funcfile:', '/data/maliha/decompilation/data/error_with_patch/ida/speccpu/clang/O0/before15_gcc-clang-O0-compilation-errors/add_abstract_origin_attribute')
('error:', "dwarf2out.c:9893:1: error: must use 'union' tag to refer to type 'tree_node'")
('error:', "dwarf2out.c:9894:1: error: must use 'union' tag to refer to type 'tree_node'")
***************** Next Function ******************
('func_count:', 214)
("func_name '", 'bitmap_find_bit', "'")
('err_func:', '/data/maliha/decompilation/data/error_with_patch/ida/speccpu/clang/O0/before15_gcc-clang-O0-compilation-errors/bitmap_find_bit')
('err_funcfile:', '/data/maliha/decompilation/data/error_with_patch/ida/speccpu/clang/O0/before15_gcc-clang-O0-compilation-errors/bitmap_find_bit')
***************** Next Function ******************
('func_count:', 215)
("func_name '", 'add_sibling_attributes', "'")
('err_func:', '/data/maliha/decompilation/data/error_with_patch/ida/speccpu/clang/O0/before15_gcc-clang-O0-compilation-errors/add_sibling_attributes')
('err_funcfile:', '/data/maliha/decompilation/data/error_with_patch/ida/speccpu/clang/O0/before15_gcc-clang-O0-compilation-errors/add_sibling_attributes')
***************** Next Function ******************
('func_count:', 216)
("func_name '", 'assign_parms', "'")
('err_func:', '/data/maliha/decompilation/data/error_with_patch/ida/speccpu/clang/O0/before15_gcc-clang-O0-compilation-errors/assign_parms')
('err_funcfile:', '/data/maliha/decompilation/data/error_with_patch/ida/speccpu/clang/O0/before15_gcc-clang-O0-compilation-errors/assign_parms')
('error:', "function.c:4765:1: error: must use 'enum' tag to refer to type 'machine_mode'")
('error:', "function.c:4767:1: error: must use 'union' tag to refer to type 'tree_node'")
('error:', "function.c:4768:1: error: must use 'enum' tag to refer to type 'machine_mode'")
('error:', "function.c:4769:1: error: must use 'enum' tag to refer to type 'machine_mode'")
('error:', "function.c:4772:1: error: must use 'union' tag to refer to type 'tree_node'")
('error:', "function.c:4784:1: error: must use 'union' tag to refer to type 'tree_node'")
('error:', "function.c:4795:1: error: must use 'union' tag to refer to type 'tree_node'")
('error:', "function.c:4797:1: error: must use 'union' tag to refer to type 'tree_node'")
('error:', "function.c:4798:1: error: must use 'union' tag to refer to type 'tree_node'")
('error:', "function.c:4801:7: error: use of undeclared identifier 'v38'")
('error:', "function.c:4802:5: error: expected ';' after expression")
('error:', "function.c:4802:6: error: use of undeclared identifier 'v39'")
('error:', "function.c:4803:7: error: use of undeclared identifier 'v40'")
('error:', "function.c:4804:5: error: expected ';' after expression")
('error:', "function.c:4804:6: error: use of undeclared identifier 'v41'")
('error:', "function.c:4805:7: error: use of undeclared identifier 'regno_decl'")
('error:', "function.c:4806:5: error: expected ';' after expression")
('error:', "function.c:4806:6: error: use of undeclared identifier 'v43'")
('error:', "function.c:4816:1: error: must use 'union' tag to refer to type 'tree_node'")
('error:', 'fatal error: too many errors emitted, stopping now [-ferror-limit=]')
***************** Next Function ******************
('func_count:', 217)
("func_name '", '_cpp_pop_file_buffer', "'")
('err_func:', '/data/maliha/decompilation/data/error_with_patch/ida/speccpu/clang/O0/before15_gcc-clang-O0-compilation-errors/_cpp_pop_file_buffer')
('err_funcfile:', '/data/maliha/decompilation/data/error_with_patch/ida/speccpu/clang/O0/before15_gcc-clang-O0-compilation-errors/_cpp_pop_file_buffer')
('error:', "cppfiles.c:1229:28: error: unknown type name 'cpp_reader_0'; did you mean 'cpp_reader'?")
('error:', "cppfiles.c:1239:29: error: unknown type name 'cpp_hashnode_0'; did you mean 'cpp_hashnode'?")
***************** Next Function ******************
('func_count:', 218)
("func_name '", 'assemble_external_libcall', "'")
('err_func:', '/data/maliha/decompilation/data/error_with_patch/ida/speccpu/clang/O0/before15_gcc-clang-O0-compilation-errors/assemble_external_libcall')
('err_funcfile:', '/data/maliha/decompilation/data/error_with_patch/ida/speccpu/clang/O0/before15_gcc-clang-O0-compilation-errors/assemble_external_libcall')
***************** Next Function ******************
('func_count:', 219)
("func_name '", 'boolean_increment', "'")
('err_func:', '/data/maliha/decompilation/data/error_with_patch/ida/speccpu/clang/O0/before15_gcc-clang-O0-compilation-errors/boolean_increment')
('err_funcfile:', '/data/maliha/decompilation/data/error_with_patch/ida/speccpu/clang/O0/before15_gcc-clang-O0-compilation-errors/boolean_increment')
('error:', "c-common.c:4512:26: error: must use 'enum' tag to refer to type 'tree_code'")
('error:', "c-common.c:4517:1: error: must use 'union' tag to refer to type 'tree_node'")
('error:', "c-common.c:4518:1: error: must use 'union' tag to refer to type 'tree_node'")
***************** Next Function ******************
('func_count:', 220)
("func_name '", 'apply_distributive_law', "'")
('err_func:', '/data/maliha/decompilation/data/error_with_patch/ida/speccpu/clang/O0/before15_gcc-clang-O0-compilation-errors/apply_distributive_law')
('err_funcfile:', '/data/maliha/decompilation/data/error_with_patch/ida/speccpu/clang/O0/before15_gcc-clang-O0-compilation-errors/apply_distributive_law')
('error:', "combine.c:8160:1: error: must use 'enum' tag to refer to type 'machine_mode'")
('error:', "combine.c:8161:1: error: must use 'enum' tag to refer to type 'rtx_code'")
('error:', "combine.c:8171:1: error: must use 'enum' tag to refer to type 'rtx_code'")
('error:', "combine.c:8175:6: error: use of undeclared identifier 'mode_class_0'; did you mean 'mode_class'?")
('error:', "combine.c:8176:4: error: use of undeclared identifier 'mode_class_0'; did you mean 'mode_class'?")
('error:', "combine.c:8177:4: error: use of undeclared identifier 'mode_class_0'; did you mean 'mode_class'?")
('error:', "combine.c:8184:13: error: operand of type 'struct rtx_def' where arithmetic or pointer type is required")
('error:', "combine.c:8196:12: error: invalid operands to binary expression ('struct rtx_def' and 'struct rtx_def')")
('error:', "combine.c:8198:4: error: use of undeclared identifier 'mode_class_0'; did you mean 'mode_class'?")
('error:', "combine.c:8198:64: error: use of undeclared identifier 'mode_class_0'; did you mean 'mode_class'?")
('error:', "combine.c:8210:3: error: use of undeclared identifier 'machine_mode'")
('error:', 'combine.c:8210:18: error: expected expression')
('error:', "combine.c:8213:34: error: use of undeclared identifier 'machine_mode'")
('error:', 'combine.c:8213:49: error: expected expression')
('error:', "combine.c:8239:28: error: operand of type 'struct rtx_def' where arithmetic or pointer type is required")
('error:', "combine.c:8240:28: error: operand of type 'struct rtx_def' where arithmetic or pointer type is required")
('error:', "combine.c:8245:28: error: operand of type 'struct rtx_def' where arithmetic or pointer type is required")
('error:', "combine.c:8250:29: error: operand of type 'struct rtx_def' where arithmetic or pointer type is required")
('error:', "combine.c:8252:28: error: operand of type 'struct rtx_def' where arithmetic or pointer type is required")
('error:', 'fatal error: too many errors emitted, stopping now [-ferror-limit=]')
***************** Next Function ******************
('func_count:', 221)
("func_name '", 'assemble_vtable_inherit', "'")
('err_func:', '/data/maliha/decompilation/data/error_with_patch/ida/speccpu/clang/O0/before15_gcc-clang-O0-compilation-errors/assemble_vtable_inherit')
('err_funcfile:', '/data/maliha/decompilation/data/error_with_patch/ida/speccpu/clang/O0/before15_gcc-clang-O0-compilation-errors/assemble_vtable_inherit')
***************** Next Function ******************
('func_count:', 222)
("func_name '", 'anti_adjust_stack', "'")
('err_func:', '/data/maliha/decompilation/data/error_with_patch/ida/speccpu/clang/O0/before15_gcc-clang-O0-compilation-errors/anti_adjust_stack')
('err_funcfile:', '/data/maliha/decompilation/data/error_with_patch/ida/speccpu/clang/O0/before15_gcc-clang-O0-compilation-errors/anti_adjust_stack')
('error:', "explow.c:1348:1: error: must use 'enum' tag to refer to type 'machine_mode'")
***************** Next Function ******************
('func_count:', 223)
("func_name '", '_cpp_backup_tokens', "'")
('err_func:', '/data/maliha/decompilation/data/error_with_patch/ida/speccpu/clang/O0/before15_gcc-clang-O0-compilation-errors/_cpp_backup_tokens')
('err_funcfile:', '/data/maliha/decompilation/data/error_with_patch/ida/speccpu/clang/O0/before15_gcc-clang-O0-compilation-errors/_cpp_backup_tokens')
('error:', "cppmacro.c:1566:26: error: unknown type name 'cpp_reader_0'; did you mean 'cpp_reader'?")
('error:', "cppmacro.c:1582:32: error: unknown type name 'cpp_token_0'; did you mean 'cpp_token'?")
***************** Next Function ******************
('func_count:', 224)
("func_name '", 'athlon_vectordec_unit_ready_cost', "'")
('err_func:', '/data/maliha/decompilation/data/error_with_patch/ida/speccpu/clang/O0/before15_gcc-clang-O0-compilation-errors/athlon_vectordec_unit_ready_cost')
('err_funcfile:', '/data/maliha/decompilation/data/error_with_patch/ida/speccpu/clang/O0/before15_gcc-clang-O0-compilation-errors/athlon_vectordec_unit_ready_cost')
('error:', 'insn-attrtab.c:3940:29: error: too many arguments provided to function-like macro invocation')
('error:', "insn-attrtab.c:3940:1: error: use of undeclared identifier 'fatal_insn_not_found'; did you mean '_fatal_insn_not_found'?")
***************** Next Function ******************
('func_count:', 225)
("func_name '", 'bitmap_release_memory', "'")
('err_func:', '/data/maliha/decompilation/data/error_with_patch/ida/speccpu/clang/O0/before15_gcc-clang-O0-compilation-errors/bitmap_release_memory')
('err_funcfile:', '/data/maliha/decompilation/data/error_with_patch/ida/speccpu/clang/O0/before15_gcc-clang-O0-compilation-errors/bitmap_release_memory')
***************** Next Function ******************
('func_count:', 226)
("func_name '", 'bitmap_copy', "'")
('err_func:', '/data/maliha/decompilation/data/error_with_patch/ida/speccpu/clang/O0/before15_gcc-clang-O0-compilation-errors/bitmap_copy')
('err_funcfile:', '/data/maliha/decompilation/data/error_with_patch/ida/speccpu/clang/O0/before15_gcc-clang-O0-compilation-errors/bitmap_copy')
('error:', 'bitmap.c:725:12: error: expected expression')
('error:', "bitmap.c:725:4: error: use of undeclared identifier '_OWORD'")
***************** Next Function ******************
('func_count:', 227)
("func_name '", 'assemble_align', "'")
('err_func:', '/data/maliha/decompilation/data/error_with_patch/ida/speccpu/clang/O0/before15_gcc-clang-O0-compilation-errors/assemble_align')
('err_funcfile:', '/data/maliha/decompilation/data/error_with_patch/ida/speccpu/clang/O0/before15_gcc-clang-O0-compilation-errors/assemble_align')
***************** Next Function ******************
('func_count:', 228)
("func_name '", 'add_ranges', "'")
('err_func:', '/data/maliha/decompilation/data/error_with_patch/ida/speccpu/clang/O0/before15_gcc-clang-O0-compilation-errors/add_ranges')
('err_funcfile:', '/data/maliha/decompilation/data/error_with_patch/ida/speccpu/clang/O0/before15_gcc-clang-O0-compilation-errors/add_ranges')
***************** Next Function ******************
('func_count:', 229)
("func_name '", '_cpp_read_file', "'")
('err_func:', '/data/maliha/decompilation/data/error_with_patch/ida/speccpu/clang/O0/before15_gcc-clang-O0-compilation-errors/_cpp_read_file')
('err_funcfile:', '/data/maliha/decompilation/data/error_with_patch/ida/speccpu/clang/O0/before15_gcc-clang-O0-compilation-errors/_cpp_read_file')
('error:', "cppfiles.c:1211:22: error: unknown type name 'cpp_reader_0'; did you mean 'cpp_reader'?")
***************** Next Function ******************
('func_count:', 230)
("func_name '", 'add_insn', "'")
('err_func:', '/data/maliha/decompilation/data/error_with_patch/ida/speccpu/clang/O0/before15_gcc-clang-O0-compilation-errors/add_insn')
('err_funcfile:', '/data/maliha/decompilation/data/error_with_patch/ida/speccpu/clang/O0/before15_gcc-clang-O0-compilation-errors/add_insn')
***************** Next Function ******************
('func_count:', 231)
("func_name '", 'break_out_includes', "'")
('err_func:', '/data/maliha/decompilation/data/error_with_patch/ida/speccpu/clang/O0/before15_gcc-clang-O0-compilation-errors/break_out_includes')
('err_funcfile:', '/data/maliha/decompilation/data/error_with_patch/ida/speccpu/clang/O0/before15_gcc-clang-O0-compilation-errors/break_out_includes')
('error:', 'clang: error: linker command failed with exit code 1 (use -v to see invocation)')
***************** Next Function ******************
('func_count:', 232)
("func_name '", 'add_pubname', "'")
('err_func:', '/data/maliha/decompilation/data/error_with_patch/ida/speccpu/clang/O0/before15_gcc-clang-O0-compilation-errors/add_pubname')
('err_funcfile:', '/data/maliha/decompilation/data/error_with_patch/ida/speccpu/clang/O0/before15_gcc-clang-O0-compilation-errors/add_pubname')
***************** Next Function ******************
('func_count:', 233)
("func_name '", 'add_location_or_const_value_attribute', "'")
('err_func:', '/data/maliha/decompilation/data/error_with_patch/ida/speccpu/clang/O0/before15_gcc-clang-O0-compilation-errors/add_location_or_const_value_attribute')
('err_funcfile:', '/data/maliha/decompilation/data/error_with_patch/ida/speccpu/clang/O0/before15_gcc-clang-O0-compilation-errors/add_location_or_const_value_attribute')
***************** Next Function ******************
('func_count:', 234)
("func_name '", 'allocate_reg_life_data', "'")
('err_func:', '/data/maliha/decompilation/data/error_with_patch/ida/speccpu/clang/O0/before15_gcc-clang-O0-compilation-errors/allocate_reg_life_data')
('err_funcfile:', '/data/maliha/decompilation/data/error_with_patch/ida/speccpu/clang/O0/before15_gcc-clang-O0-compilation-errors/allocate_reg_life_data')
***************** Next Function ******************
('func_count:', 235)
("func_name '", '_cpp_release_buff', "'")
('err_func:', '/data/maliha/decompilation/data/error_with_patch/ida/speccpu/clang/O0/before15_gcc-clang-O0-compilation-errors/_cpp_release_buff')
('err_funcfile:', '/data/maliha/decompilation/data/error_with_patch/ida/speccpu/clang/O0/before15_gcc-clang-O0-compilation-errors/_cpp_release_buff')
('error:', "cpplex.c:2443:25: error: unknown type name 'cpp_reader_0'; did you mean 'cpp_reader'?")
('error:', "cpplex.c:2443:46: error: unknown type name '_cpp_buff_0'; did you mean '_cpp_buff'?")
('error:', "cpplex.c:2445:1: error: unknown type name '_cpp_buff_0'; did you mean '_cpp_buff'?")
***************** Next Function ******************
('func_count:', 236)
("func_name '", 'add_AT_range_list', "'")
('err_func:', '/data/maliha/decompilation/data/error_with_patch/ida/speccpu/clang/O0/before15_gcc-clang-O0-compilation-errors/add_AT_range_list')
('err_funcfile:', '/data/maliha/decompilation/data/error_with_patch/ida/speccpu/clang/O0/before15_gcc-clang-O0-compilation-errors/add_AT_range_list')
('error:', "dwarf2out.c:5225:42: error: must use 'enum' tag to refer to type 'dwarf_attribute'")
('error:', "dwarf2out.c:5225:7: error: conflicting types for 'add_AT_range_list'")
***************** Next Function ******************
('func_count:', 237)
("func_name '", 'any_pending_cleanups', "'")
('err_func:', '/data/maliha/decompilation/data/error_with_patch/ida/speccpu/clang/O0/before15_gcc-clang-O0-compilation-errors/any_pending_cleanups')
('err_funcfile:', '/data/maliha/decompilation/data/error_with_patch/ida/speccpu/clang/O0/before15_gcc-clang-O0-compilation-errors/any_pending_cleanups')
***************** Next Function ******************
('func_count:', 238)
("func_name '", 'apply_change_group', "'")
('err_func:', '/data/maliha/decompilation/data/error_with_patch/ida/speccpu/clang/O0/before15_gcc-clang-O0-compilation-errors/apply_change_group')
('err_funcfile:', '/data/maliha/decompilation/data/error_with_patch/ida/speccpu/clang/O0/before15_gcc-clang-O0-compilation-errors/apply_change_group')
('error:', "recog.c:795:27: error: use of undeclared identifier 'machine_mode'")
('error:', 'recog.c:795:42: error: expected expression')
('error:', "recog.c:803:13: error: operand of type 'struct rtx_def' where arithmetic or pointer type is required")
***************** Next Function ******************
('func_count:', 239)
("func_name '", 'alloc_aux_for_block', "'")
('err_func:', '/data/maliha/decompilation/data/error_with_patch/ida/speccpu/clang/O0/before15_gcc-clang-O0-compilation-errors/alloc_aux_for_block')
('err_funcfile:', '/data/maliha/decompilation/data/error_with_patch/ida/speccpu/clang/O0/before15_gcc-clang-O0-compilation-errors/alloc_aux_for_block')
('error:', "cfg.c:603:1: error: 'inline' can only appear on functions")
***************** Next Function ******************
('func_count:', 240)
("func_name '", 'add_AT_lbl_offset', "'")
('err_func:', '/data/maliha/decompilation/data/error_with_patch/ida/speccpu/clang/O0/before15_gcc-clang-O0-compilation-errors/add_AT_lbl_offset')
('err_funcfile:', '/data/maliha/decompilation/data/error_with_patch/ida/speccpu/clang/O0/before15_gcc-clang-O0-compilation-errors/add_AT_lbl_offset')
('error:', "dwarf2out.c:5191:42: error: must use 'enum' tag to refer to type 'dwarf_attribute'")
***************** Next Function ******************
('func_count:', 241)
("func_name '", 'add_noreturn_fake_exit_edges', "'")
('err_func:', '/data/maliha/decompilation/data/error_with_patch/ida/speccpu/clang/O0/before15_gcc-clang-O0-compilation-errors/add_noreturn_fake_exit_edges')
('err_funcfile:', '/data/maliha/decompilation/data/error_with_patch/ida/speccpu/clang/O0/before15_gcc-clang-O0-compilation-errors/add_noreturn_fake_exit_edges')
***************** Next Function ******************
('func_count:', 242)
("func_name '", 'athlon_ieu_unit_blockage', "'")
('err_func:', '/data/maliha/decompilation/data/error_with_patch/ida/speccpu/clang/O0/before15_gcc-clang-O0-compilation-errors/athlon_ieu_unit_blockage')
('err_funcfile:', '/data/maliha/decompilation/data/error_with_patch/ida/speccpu/clang/O0/before15_gcc-clang-O0-compilation-errors/athlon_ieu_unit_blockage')
('error:', 'insn-attrtab.c:22687:39: error: too many arguments provided to function-like macro invocation')
('error:', "insn-attrtab.c:22687:1: error: use of undeclared identifier 'fatal_insn_not_found'; did you mean '_fatal_insn_not_found'?")
('error:', "insn-attrtab.c:23010:22: error: use of undeclared identifier 'recog_data_0'; did you mean 'recog_data'?")
('error:', "insn-attrtab.c:23011:38: error: use of undeclared identifier 'recog_data_0'; did you mean 'recog_data'?")
('error:', "insn-attrtab.c:23026:22: error: use of undeclared identifier 'recog_data_0'; did you mean 'recog_data'?")
('error:', "insn-attrtab.c:23069:25: error: use of undeclared identifier 'recog_data_0'; did you mean 'recog_data'?")
('error:', "insn-attrtab.c:23070:20: error: use of undeclared identifier 'recog_data_0'; did you mean 'recog_data'?")
('error:', "insn-attrtab.c:23095:22: error: use of undeclared identifier 'recog_data_0'; did you mean 'recog_data'?")
('error:', "insn-attrtab.c:23096:38: error: use of undeclared identifier 'recog_data_0'; did you mean 'recog_data'?")
('error:', "insn-attrtab.c:23124:26: error: use of undeclared identifier 'recog_data_0'; did you mean 'recog_data'?")
('error:', "insn-attrtab.c:23138:26: error: use of undeclared identifier 'recog_data_0'; did you mean 'recog_data'?")
('error:', "insn-attrtab.c:23152:26: error: use of undeclared identifier 'recog_data_0'; did you mean 'recog_data'?")
('error:', "insn-attrtab.c:23164:50: error: use of undeclared identifier 'recog_data_0'; did you mean 'recog_data'?")
('error:', "insn-attrtab.c:23166:21: error: use of undeclared identifier 'recog_data_0'; did you mean 'recog_data'?")
('error:', "insn-attrtab.c:23177:50: error: use of undeclared identifier 'recog_data_0'; did you mean 'recog_data'?")
('error:', "insn-attrtab.c:23179:21: error: use of undeclared identifier 'recog_data_0'; did you mean 'recog_data'?")
('error:', "insn-attrtab.c:23237:21: error: use of undeclared identifier 'recog_data_0'; did you mean 'recog_data'?")
('error:', "insn-attrtab.c:23240:20: error: use of undeclared identifier 'recog_data_0'; did you mean 'recog_data'?")
('error:', "insn-attrtab.c:23251:75: error: use of undeclared identifier 'recog_data_0'; did you mean 'recog_data'?")
('error:', 'fatal error: too many errors emitted, stopping now [-ferror-limit=]')
***************** Next Function ******************
('func_count:', 243)
("func_name '", 'app_enable', "'")
('err_func:', '/data/maliha/decompilation/data/error_with_patch/ida/speccpu/clang/O0/before15_gcc-clang-O0-compilation-errors/app_enable')
('err_funcfile:', '/data/maliha/decompilation/data/error_with_patch/ida/speccpu/clang/O0/before15_gcc-clang-O0-compilation-errors/app_enable')
***************** Next Function ******************
('func_count:', 244)
("func_name '", '_cpp_equiv_tokens', "'")
('err_func:', '/data/maliha/decompilation/data/error_with_patch/ida/speccpu/clang/O0/before15_gcc-clang-O0-compilation-errors/_cpp_equiv_tokens')
('err_funcfile:', '/data/maliha/decompilation/data/error_with_patch/ida/speccpu/clang/O0/before15_gcc-clang-O0-compilation-errors/_cpp_equiv_tokens')
('error:', "cpplex.c:1945:30: error: unknown type name 'cpp_token_0'; did you mean 'cpp_token'?")
('error:', "cpplex.c:1945:52: error: unknown type name 'cpp_token_0'; did you mean 'cpp_token'?")
***************** Next Function ******************
('func_count:', 245)
("func_name '", 'addr_affects_sp_p', "'")
('err_func:', '/data/maliha/decompilation/data/error_with_patch/ida/speccpu/clang/O0/before15_gcc-clang-O0-compilation-errors/addr_affects_sp_p')
('err_funcfile:', '/data/maliha/decompilation/data/error_with_patch/ida/speccpu/clang/O0/before15_gcc-clang-O0-compilation-errors/addr_affects_sp_p')
('error:', 'cse.c:6849:2: error: expected expression')
('error:', 'cse.c:6851:2: error: expected expression')
***************** Next Function ******************
('func_count:', 246)
("func_name '", 'athlon_muldiv_unit_ready_cost', "'")
('err_func:', '/data/maliha/decompilation/data/error_with_patch/ida/speccpu/clang/O0/before15_gcc-clang-O0-compilation-errors/athlon_muldiv_unit_ready_cost')
('err_funcfile:', '/data/maliha/decompilation/data/error_with_patch/ida/speccpu/clang/O0/before15_gcc-clang-O0-compilation-errors/athlon_muldiv_unit_ready_cost')
('error:', 'insn-attrtab.c:3108:29: error: too many arguments provided to function-like macro invocation')
('error:', "insn-attrtab.c:3108:1: error: use of undeclared identifier 'fatal_insn_not_found'; did you mean '_fatal_insn_not_found'?")
***************** Next Function ******************
('func_count:', 247)
("func_name '", 'athlon_vectordec_unit_blockage', "'")
('err_func:', '/data/maliha/decompilation/data/error_with_patch/ida/speccpu/clang/O0/before15_gcc-clang-O0-compilation-errors/athlon_vectordec_unit_blockage')
('err_funcfile:', '/data/maliha/decompilation/data/error_with_patch/ida/speccpu/clang/O0/before15_gcc-clang-O0-compilation-errors/athlon_vectordec_unit_blockage')
('error:', 'insn-attrtab.c:24023:39: error: too many arguments provided to function-like macro invocation')
('error:', "insn-attrtab.c:24023:1: error: use of undeclared identifier 'fatal_insn_not_found'; did you mean '_fatal_insn_not_found'?")
('error:', "insn-attrtab.c:24230:27: error: use of undeclared identifier 'recog_data_0'; did you mean 'recog_data'?")
('error:', "insn-attrtab.c:24234:50: error: use of undeclared identifier 'recog_data_0'; did you mean 'recog_data'?")
('error:', "insn-attrtab.c:24250:54: error: use of undeclared identifier 'recog_data_0'; did you mean 'recog_data'?")
('error:', 'insn-attrtab.c:24334:39: error: too many arguments provided to function-like macro invocation')
('error:', "insn-attrtab.c:24334:1: error: use of undeclared identifier 'fatal_insn_not_found'; did you mean '_fatal_insn_not_found'?")
('error:', "insn-attrtab.c:24541:22: error: use of undeclared identifier 'recog_data_0'; did you mean 'recog_data'?")
('error:', "insn-attrtab.c:24545:43: error: use of undeclared identifier 'recog_data_0'; did you mean 'recog_data'?")
('error:', "insn-attrtab.c:24561:48: error: use of undeclared identifier 'recog_data_0'; did you mean 'recog_data'?")
***************** Next Function ******************
('func_count:', 248)
("func_name '", '_cpp_report_missing_guards', "'")
('err_func:', '/data/maliha/decompilation/data/error_with_patch/ida/speccpu/clang/O0/before15_gcc-clang-O0-compilation-errors/_cpp_report_missing_guards')
('err_funcfile:', '/data/maliha/decompilation/data/error_with_patch/ida/speccpu/clang/O0/before15_gcc-clang-O0-compilation-errors/_cpp_report_missing_guards')
('error:', "cppfiles.c:1080:34: error: unknown type name 'cpp_reader_0'; did you mean 'cpp_reader'?")
('error:', "cppfiles.c:1083:1: error: unknown type name 'cpp_reader_0'; did you mean 'cpp_reader'?")
***************** Next Function ******************
('func_count:', 249)
("func_name '", 'alter_reg', "'")
('err_func:', '/data/maliha/decompilation/data/error_with_patch/ida/speccpu/clang/O0/before15_gcc-clang-O0-compilation-errors/alter_reg')
('err_funcfile:', '/data/maliha/decompilation/data/error_with_patch/ida/speccpu/clang/O0/before15_gcc-clang-O0-compilation-errors/alter_reg')
('error:', "reload1.c:2411:1: error: must use 'enum' tag to refer to type 'machine_mode'")
('error:', "reload1.c:2421:1: error: must use 'enum' tag to refer to type 'machine_mode'")
('error:', "reload1.c:2455:3: error: use of undeclared identifier 'machine_mode'")
('error:', 'reload1.c:2455:18: error: expected expression')
('error:', "reload1.c:2466:3: error: use of undeclared identifier 'machine_mode'")
('error:', 'reload1.c:2466:18: error: expected expression')
('error:', "reload1.c:2487:1: error: statement requires expression of scalar type ('struct rtx_def' invalid)")
('error:', "reload1.c:2502:3: error: use of undeclared identifier 'machine_mode'")
('error:', 'reload1.c:2502:18: error: expected expression')
***************** Next Function ******************
('func_count:', 250)
("func_name '", 'asm_insn_count', "'")
('err_func:', '/data/maliha/decompilation/data/error_with_patch/ida/speccpu/clang/O0/before15_gcc-clang-O0-compilation-errors/asm_insn_count')
('err_funcfile:', '/data/maliha/decompilation/data/error_with_patch/ida/speccpu/clang/O0/before15_gcc-clang-O0-compilation-errors/asm_insn_count')
***************** Next Function ******************
('func_count:', 251)
("func_name '", 'arc_hash', "'")
('err_func:', '/data/maliha/decompilation/data/error_with_patch/ida/speccpu/clang/O0/before15_gcc-clang-O0-compilation-errors/arc_hash')
('err_funcfile:', '/data/maliha/decompilation/data/error_with_patch/ida/speccpu/clang/O0/before15_gcc-clang-O0-compilation-errors/arc_hash')
***************** Next Function ******************
('func_count:', 252)
("func_name '", 'alloc_block', "'")
('err_func:', '/data/maliha/decompilation/data/error_with_patch/ida/speccpu/clang/O0/before15_gcc-clang-O0-compilation-errors/alloc_block')
('err_funcfile:', '/data/maliha/decompilation/data/error_with_patch/ida/speccpu/clang/O0/before15_gcc-clang-O0-compilation-errors/alloc_block')
***************** Next Function ******************
('func_count:', 253)
("func_name '", 'AT_addr', "'")
('err_func:', '/data/maliha/decompilation/data/error_with_patch/ida/speccpu/clang/O0/before15_gcc-clang-O0-compilation-errors/AT_addr')
('err_funcfile:', '/data/maliha/decompilation/data/error_with_patch/ida/speccpu/clang/O0/before15_gcc-clang-O0-compilation-errors/AT_addr')
***************** Next Function ******************
('func_count:', 254)
("func_name '", 'AT_ref', "'")
('err_func:', '/data/maliha/decompilation/data/error_with_patch/ida/speccpu/clang/O0/before15_gcc-clang-O0-compilation-errors/AT_ref')
('err_funcfile:', '/data/maliha/decompilation/data/error_with_patch/ida/speccpu/clang/O0/before15_gcc-clang-O0-compilation-errors/AT_ref')
***************** Next Function ******************
('func_count:', 255)
("func_name '", '_cpp_execute_include', "'")
('err_func:', '/data/maliha/decompilation/data/error_with_patch/ida/speccpu/clang/O0/before15_gcc-clang-O0-compilation-errors/_cpp_execute_include')
('err_funcfile:', '/data/maliha/decompilation/data/error_with_patch/ida/speccpu/clang/O0/before15_gcc-clang-O0-compilation-errors/_cpp_execute_include')
('error:', "cppfiles.c:1162:28: error: unknown type name 'cpp_reader_0'; did you mean 'cpp_reader'?")
('error:', "cppfiles.c:1162:55: error: unknown type name 'cpp_token_0'; did you mean 'cpp_token'?")
('error:', "cppfiles.c:1162:76: error: must use 'enum' tag to refer to type 'include_type'")
***************** Next Function ******************
('func_count:', 256)
("func_name '", 'add_type_attribute', "'")
('err_func:', '/data/maliha/decompilation/data/error_with_patch/ida/speccpu/clang/O0/before15_gcc-clang-O0-compilation-errors/add_type_attribute')
('err_funcfile:', '/data/maliha/decompilation/data/error_with_patch/ida/speccpu/clang/O0/before15_gcc-clang-O0-compilation-errors/add_type_attribute')
('error:', "dwarf2out.c:10120:1: error: must use 'enum' tag to refer to type 'tree_code'")
***************** Next Function ******************
('func_count:', 257)
("func_name '", 'add_cfi', "'")
('err_func:', '/data/maliha/decompilation/data/error_with_patch/ida/speccpu/clang/O0/before15_gcc-clang-O0-compilation-errors/add_cfi')
('err_funcfile:', '/data/maliha/decompilation/data/error_with_patch/ida/speccpu/clang/O0/before15_gcc-clang-O0-compilation-errors/add_cfi')
***************** Next Function ******************
('func_count:', 258)
("func_name '", 'alloc_avail_expr_mem', "'")
('err_func:', '/data/maliha/decompilation/data/error_with_patch/ida/speccpu/clang/O0/before15_gcc-clang-O0-compilation-errors/alloc_avail_expr_mem')
('err_funcfile:', '/data/maliha/decompilation/data/error_with_patch/ida/speccpu/clang/O0/before15_gcc-clang-O0-compilation-errors/alloc_avail_expr_mem')
***************** Next Function ******************
('func_count:', 259)
("func_name '", 'assemble_vtable_entry', "'")
('err_func:', '/data/maliha/decompilation/data/error_with_patch/ida/speccpu/clang/O0/before15_gcc-clang-O0-compilation-errors/assemble_vtable_entry')
('err_funcfile:', '/data/maliha/decompilation/data/error_with_patch/ida/speccpu/clang/O0/before15_gcc-clang-O0-compilation-errors/assemble_vtable_entry')
***************** Next Function ******************
('func_count:', 260)
("func_name '", 'bitmap_bit_p', "'")
('err_func:', '/data/maliha/decompilation/data/error_with_patch/ida/speccpu/clang/O0/before15_gcc-clang-O0-compilation-errors/bitmap_bit_p')
('err_funcfile:', '/data/maliha/decompilation/data/error_with_patch/ida/speccpu/clang/O0/before15_gcc-clang-O0-compilation-errors/bitmap_bit_p')
***************** Next Function ******************
('func_count:', 261)
("func_name '", 'block_has_only_trap', "'")
('err_func:', '/data/maliha/decompilation/data/error_with_patch/ida/speccpu/clang/O0/before15_gcc-clang-O0-compilation-errors/block_has_only_trap')
('err_funcfile:', '/data/maliha/decompilation/data/error_with_patch/ida/speccpu/clang/O0/before15_gcc-clang-O0-compilation-errors/block_has_only_trap')
***************** Next Function ******************
('func_count:', 262)
("func_name '", 'aggregate_value_p', "'")
('err_func:', '/data/maliha/decompilation/data/error_with_patch/ida/speccpu/clang/O0/before15_gcc-clang-O0-compilation-errors/aggregate_value_p')
('err_funcfile:', '/data/maliha/decompilation/data/error_with_patch/ida/speccpu/clang/O0/before15_gcc-clang-O0-compilation-errors/aggregate_value_p')
('error:', "function.c:4799:6: error: use of undeclared identifier 'mode_class_0'; did you mean 'mode_class'?")
('error:', "function.c:4800:7: error: use of undeclared identifier 'mode_class_0'; did you mean 'mode_class'?")
***************** Next Function ******************
('func_count:', 263)
("func_name '", 'apply_args_register_offset', "'")
('err_func:', '/data/maliha/decompilation/data/error_with_patch/ida/speccpu/clang/O0/before15_gcc-clang-O0-compilation-errors/apply_args_register_offset')
('err_funcfile:', '/data/maliha/decompilation/data/error_with_patch/ida/speccpu/clang/O0/before15_gcc-clang-O0-compilation-errors/apply_args_register_offset')
***************** Next Function ******************
('func_count:', 264)
("func_name '", 'alloc_expr_hash_table', "'")
('err_func:', '/data/maliha/decompilation/data/error_with_patch/ida/speccpu/clang/O0/before15_gcc-clang-O0-compilation-errors/alloc_expr_hash_table')
('err_funcfile:', '/data/maliha/decompilation/data/error_with_patch/ida/speccpu/clang/O0/before15_gcc-clang-O0-compilation-errors/alloc_expr_hash_table')
***************** Next Function ******************
('func_count:', 265)
("func_name '", 'add_pure_or_virtual_attribute', "'")
('err_func:', '/data/maliha/decompilation/data/error_with_patch/ida/speccpu/clang/O0/before15_gcc-clang-O0-compilation-errors/add_pure_or_virtual_attribute')
('err_funcfile:', '/data/maliha/decompilation/data/error_with_patch/ida/speccpu/clang/O0/before15_gcc-clang-O0-compilation-errors/add_pure_or_virtual_attribute')
('error:', "dwarf2out.c:9944:21: error: use of undeclared identifier 'debug_info_level_0'")
***************** Next Function ******************
('func_count:', 266)
("func_name '", 'adjust_priority', "'")
('err_func:', '/data/maliha/decompilation/data/error_with_patch/ida/speccpu/clang/O0/before15_gcc-clang-O0-compilation-errors/adjust_priority')
('err_funcfile:', '/data/maliha/decompilation/data/error_with_patch/ida/speccpu/clang/O0/before15_gcc-clang-O0-compilation-errors/adjust_priority')
***************** Next Function ******************
('func_count:', 267)
("func_name '", 'affix_data_type', "'")
('err_func:', '/data/maliha/decompilation/data/error_with_patch/ida/speccpu/clang/O0/before15_gcc-clang-O0-compilation-errors/affix_data_type')
('err_funcfile:', '/data/maliha/decompilation/data/error_with_patch/ida/speccpu/clang/O0/before15_gcc-clang-O0-compilation-errors/affix_data_type')
***************** Next Function ******************
('func_count:', 268)
("func_name '", 'asctoe53', "'")
('err_func:', '/data/maliha/decompilation/data/error_with_patch/ida/speccpu/clang/O0/before15_gcc-clang-O0-compilation-errors/asctoe53')
('err_funcfile:', '/data/maliha/decompilation/data/error_with_patch/ida/speccpu/clang/O0/before15_gcc-clang-O0-compilation-errors/asctoe53')
***************** Next Function ******************
('func_count:', 269)
("func_name '", 'binfo_member', "'")
('err_func:', '/data/maliha/decompilation/data/error_with_patch/ida/speccpu/clang/O0/before15_gcc-clang-O0-compilation-errors/binfo_member')
('err_funcfile:', '/data/maliha/decompilation/data/error_with_patch/ida/speccpu/clang/O0/before15_gcc-clang-O0-compilation-errors/binfo_member')
***************** Next Function ******************
('func_count:', 270)
("func_name '", '_cpp_create_definition', "'")
('err_func:', '/data/maliha/decompilation/data/error_with_patch/ida/speccpu/clang/O0/before15_gcc-clang-O0-compilation-errors/_cpp_create_definition')
('err_funcfile:', '/data/maliha/decompilation/data/error_with_patch/ida/speccpu/clang/O0/before15_gcc-clang-O0-compilation-errors/_cpp_create_definition')
('error:', "cppmacro.c:1780:29: error: unknown type name 'cpp_reader_0'; did you mean 'cpp_reader'?")
('error:', "cppmacro.c:1780:50: error: unknown type name 'cpp_hashnode_0'; did you mean 'cpp_hashnode'?")
('error:', "cppmacro.c:1785:7: error: unknown type name 'cpp_token_0'; did you mean 'cpp_token'?")
('error:', "cppmacro.c:1786:1: error: unknown type name 'cpp_token_0'; did you mean 'cpp_token'?")
('error:', "cppmacro.c:1787:1: error: unknown type name 'cpp_token_0'; did you mean 'cpp_token'?")
('error:', 'cppmacro.c:1806:42: error: expected expression')
('error:', "cppmacro.c:1806:29: error: use of undeclared identifier 'cpp_macro_0'")
('error:', 'cppmacro.c:1816:54: error: expected expression')
('error:', "cppmacro.c:1816:41: error: use of undeclared identifier 'cpp_macro_0'")
('error:', 'cppmacro.c:1822:52: error: expected expression')
('error:', "cppmacro.c:1822:39: error: use of undeclared identifier 'cpp_macro_0'")
('error:', 'cppmacro.c:1850:52: error: expected expression')
('error:', "cppmacro.c:1850:39: error: use of undeclared identifier 'cpp_macro_0'")
('error:', 'cppmacro.c:1867:24: error: expected expression')
('error:', "cppmacro.c:1867:7: error: use of undeclared identifier 'cpp_hashnode_0'")
('error:', "cppmacro.c:1874:42: error: unknown type name 'cpp_macro_0'; did you mean 'cpp_macro'?")
('error:', 'cppmacro.c:1883:36: error: expected expression')
('error:', "cppmacro.c:1883:23: error: use of undeclared identifier 'cpp_macro_0'")
('error:', "cppmacro.c:1884:7: error: use of undeclared identifier 'QGenericArgument'")
***************** Next Function ******************
('func_count:', 271)
("func_name '", 'alloc_expansion_token', "'")
('err_func:', '/data/maliha/decompilation/data/error_with_patch/ida/speccpu/clang/O0/before15_gcc-clang-O0-compilation-errors/alloc_expansion_token')
('err_funcfile:', '/data/maliha/decompilation/data/error_with_patch/ida/speccpu/clang/O0/before15_gcc-clang-O0-compilation-errors/alloc_expansion_token')
('error:', "cppmacro.c:1743:1: error: unknown type name 'cpp_token_0'; did you mean 'cpp_token'?")
('error:', "cppmacro.c:1743:38: error: unknown type name 'cpp_reader_0'; did you mean 'cpp_reader'?")
('error:', "cppmacro.c:1743:59: error: unknown type name 'cpp_macro_0'; did you mean 'cpp_macro'?")
('error:', 'cppmacro.c:1753:23: error: expected expression')
('error:', "cppmacro.c:1753:10: error: use of undeclared identifier 'cpp_token_0'")
***************** Next Function ******************
('func_count:', 272)
("func_name '", 'athlon_fp_mul_unit_ready_cost', "'")
('err_func:', '/data/maliha/decompilation/data/error_with_patch/ida/speccpu/clang/O0/before15_gcc-clang-O0-compilation-errors/athlon_fp_mul_unit_ready_cost')
('err_funcfile:', '/data/maliha/decompilation/data/error_with_patch/ida/speccpu/clang/O0/before15_gcc-clang-O0-compilation-errors/athlon_fp_mul_unit_ready_cost')
('error:', 'insn-attrtab.c:2666:29: error: too many arguments provided to function-like macro invocation')
('error:', "insn-attrtab.c:2666:1: error: use of undeclared identifier 'fatal_insn_not_found'; did you mean '_fatal_insn_not_found'?")
***************** Next Function ******************
('func_count:', 273)
("func_name '", 'anti_dependence', "'")
('err_func:', '/data/maliha/decompilation/data/error_with_patch/ida/speccpu/clang/O0/before15_gcc-clang-O0-compilation-errors/anti_dependence')
('err_funcfile:', '/data/maliha/decompilation/data/error_with_patch/ida/speccpu/clang/O0/before15_gcc-clang-O0-compilation-errors/anti_dependence')
('error:', "alias.c:2700:14: error: invalid '+=' at end of declaration; did you mean '='?")
('error:', 'alias.c:2700:16: error: expected expression')
('error:', 'alias.c:2700:17: error: expected expression')
('error:', "alias.c:2700:37: error: expected ';' after top level declarator")
('error:', "alias.c:2713:1: error: expected identifier or '('")
***************** Next Function ******************
('func_count:', 274)
("func_name '", 'alloc_pre_mem', "'")
('err_func:', '/data/maliha/decompilation/data/error_with_patch/ida/speccpu/clang/O0/before15_gcc-clang-O0-compilation-errors/alloc_pre_mem')
('err_funcfile:', '/data/maliha/decompilation/data/error_with_patch/ida/speccpu/clang/O0/before15_gcc-clang-O0-compilation-errors/alloc_pre_mem')
***************** Next Function ******************
('func_count:', 275)
("func_name '", '_yylex', "'")
('err_func:', '/data/maliha/decompilation/data/error_with_patch/ida/speccpu/clang/O0/before15_gcc-clang-O0-compilation-errors/_yylex')
('err_funcfile:', '/data/maliha/decompilation/data/error_with_patch/ida/speccpu/clang/O0/before15_gcc-clang-O0-compilation-errors/_yylex')
('error:', "c-parse.c:5513:1: error: redefinition of 'yylex'")
***************** Next Function ******************
('func_count:', 276)
("func_name '", 'asm_output_aligned_bss', "'")
('err_func:', '/data/maliha/decompilation/data/error_with_patch/ida/speccpu/clang/O0/before15_gcc-clang-O0-compilation-errors/asm_output_aligned_bss')
('err_funcfile:', '/data/maliha/decompilation/data/error_with_patch/ida/speccpu/clang/O0/before15_gcc-clang-O0-compilation-errors/asm_output_aligned_bss')
('error:', "varasm.c:1032:32: error: use of undeclared identifier 'off_8A2198'")
***************** Next Function ******************
('func_count:', 277)
("func_name '", 'alloc_reg_set_mem', "'")
('err_func:', '/data/maliha/decompilation/data/error_with_patch/ida/speccpu/clang/O0/before15_gcc-clang-O0-compilation-errors/alloc_reg_set_mem')
('err_funcfile:', '/data/maliha/decompilation/data/error_with_patch/ida/speccpu/clang/O0/before15_gcc-clang-O0-compilation-errors/alloc_reg_set_mem')
('error:', 'gcse.c:1673:31: error: expected expression')
('error:', "gcse.c:1673:19: error: use of undeclared identifier 'reg_set_0'; did you mean 'reg_set_p'?")
***************** Next Function ******************
('func_count:', 278)
("func_name '", 'assemble_variable', "'")
('err_func:', '/data/maliha/decompilation/data/error_with_patch/ida/speccpu/clang/O0/before15_gcc-clang-O0-compilation-errors/assemble_variable')
('err_funcfile:', '/data/maliha/decompilation/data/error_with_patch/ida/speccpu/clang/O0/before15_gcc-clang-O0-compilation-errors/assemble_variable')
('error:', "varasm.c:1932:1: error: must use 'union' tag to refer to type 'tree_node'")
***************** Next Function ******************
('func_count:', 279)
("func_name '", 'athlon_muldiv_unit_blockage', "'")
('err_func:', '/data/maliha/decompilation/data/error_with_patch/ida/speccpu/clang/O0/before15_gcc-clang-O0-compilation-errors/athlon_muldiv_unit_blockage')
('err_funcfile:', '/data/maliha/decompilation/data/error_with_patch/ida/speccpu/clang/O0/before15_gcc-clang-O0-compilation-errors/athlon_muldiv_unit_blockage')
('error:', 'insn-attrtab.c:22572:39: error: too many arguments provided to function-like macro invocation')
('error:', "insn-attrtab.c:22572:1: error: use of undeclared identifier 'fatal_insn_not_found'; did you mean '_fatal_insn_not_found'?")
***************** Next Function ******************
('func_count:', 280)
("func_name '", 'apply_args_size', "'")
('err_func:', '/data/maliha/decompilation/data/error_with_patch/ida/speccpu/clang/O0/before15_gcc-clang-O0-compilation-errors/apply_args_size')
('err_funcfile:', '/data/maliha/decompilation/data/error_with_patch/ida/speccpu/clang/O0/before15_gcc-clang-O0-compilation-errors/apply_args_size')
('error:', "builtins.c:1361:1: error: must use 'enum' tag to refer to type 'machine_mode'")
('error:', "builtins.c:1362:1: error: must use 'enum' tag to refer to type 'machine_mode'")
('error:', "builtins.c:1363:1: error: must use 'enum' tag to refer to type 'machine_mode'")
('error:', "builtins.c:1364:1: error: must use 'enum' tag to refer to type 'machine_mode'")
('error:', "builtins.c:1365:1: error: must use 'enum' tag to refer to type 'machine_mode'")
('error:', "builtins.c:1369:6: error: use of undeclared identifier 'apply_args_size_size'; did you mean 'apply_args_size'?")
('error:', "builtins.c:1374:1: error: use of undeclared identifier 'apply_args_size_size'")
('error:', "builtins.c:1380:1: error: use of undeclared identifier 'apply_args_size_size'; did you mean 'apply_args_size'?")
('error:', "builtins.c:1380:22: error: invalid operands to binary expression ('int (void)' and 'const unsigned char')")
('error:', "builtins.c:1429:6: error: use of undeclared identifier 'mode_class_0'; did you mean 'mode_class'?")
('error:', "builtins.c:1430:7: error: use of undeclared identifier 'mode_class_0'; did you mean 'mode_class'?")
('error:', "builtins.c:1467:6: error: use of undeclared identifier 'apply_args_size_size'; did you mean 'apply_args_size'?")
('error:', "builtins.c:1467:27: error: invalid operands to binary expression ('int (void)' and 'int')")
('error:', "builtins.c:1468:1: error: use of undeclared identifier 'apply_args_size_size'")
('error:', "builtins.c:1468:44: error: use of undeclared identifier 'apply_args_size_size'; did you mean 'apply_args_size'?")
('error:', "builtins.c:1468:70: error: invalid operands to binary expression ('int (*)(void)' and 'int')")
('error:', "builtins.c:1469:32: error: use of undeclared identifier 'apply_args_size_size'; did you mean 'apply_args_size'?")
('error:', "builtins.c:1470:1: error: use of undeclared identifier 'apply_args_size_size'; did you mean 'apply_args_size'?")
('error:', "builtins.c:1470:22: error: invalid operands to binary expression ('int (void)' and 'const unsigned char')")
('error:', 'fatal error: too many errors emitted, stopping now [-ferror-limit=]')
***************** Next Function ******************
('func_count:', 281)
("func_name '", 'add_dependence', "'")
('err_func:', '/data/maliha/decompilation/data/error_with_patch/ida/speccpu/clang/O0/before15_gcc-clang-O0-compilation-errors/add_dependence')
('err_funcfile:', '/data/maliha/decompilation/data/error_with_patch/ida/speccpu/clang/O0/before15_gcc-clang-O0-compilation-errors/add_dependence')
('error:', "sched-deps.c:642:43: error: must use 'enum' tag to refer to type 'reg_note'")
('error:', "sched-deps.c:662:1: error: must use 'enum' tag to refer to type 'reg_note'")
('error:', "sched-deps.c:732:20: error: operand of type 'struct rtx_def' where arithmetic or pointer type is required")
('error:', "sched-deps.c:732:48: error: operand of type 'struct rtx_def' where arithmetic or pointer type is required")
***************** Next Function ******************
('func_count:', 282)
("func_name '", 'alternative_allows_memconst', "'")
('err_func:', '/data/maliha/decompilation/data/error_with_patch/ida/speccpu/clang/O0/before15_gcc-clang-O0-compilation-errors/alternative_allows_memconst')
('err_funcfile:', '/data/maliha/decompilation/data/error_with_patch/ida/speccpu/clang/O0/before15_gcc-clang-O0-compilation-errors/alternative_allows_memconst')
***************** Next Function ******************
('func_count:', 283)
("func_name '", 'apply_result_size', "'")
('err_func:', '/data/maliha/decompilation/data/error_with_patch/ida/speccpu/clang/O0/before15_gcc-clang-O0-compilation-errors/apply_result_size')
('err_funcfile:', '/data/maliha/decompilation/data/error_with_patch/ida/speccpu/clang/O0/before15_gcc-clang-O0-compilation-errors/apply_result_size')
('error:', "builtins.c:1430:1: error: must use 'enum' tag to refer to type 'machine_mode'")
('error:', "builtins.c:1431:1: error: must use 'enum' tag to refer to type 'machine_mode'")
('error:', "builtins.c:1432:1: error: must use 'enum' tag to refer to type 'machine_mode'")
('error:', "builtins.c:1433:1: error: must use 'enum' tag to refer to type 'machine_mode'")
('error:', "builtins.c:1434:1: error: must use 'enum' tag to refer to type 'machine_mode'")
('error:', "builtins.c:1438:6: error: use of undeclared identifier 'apply_result_size_size'; did you mean 'apply_result_size'?")
('error:', "builtins.c:1440:1: error: use of undeclared identifier 'apply_result_size_size'")
('error:', "builtins.c:1478:6: error: use of undeclared identifier 'apply_result_size_size'; did you mean 'apply_result_size'?")
('error:', "builtins.c:1478:29: error: invalid operands to binary expression ('int (void)' and 'int')")
('error:', "builtins.c:1479:1: error: use of undeclared identifier 'apply_result_size_size'")
('error:', "builtins.c:1479:46: error: use of undeclared identifier 'apply_result_size_size'; did you mean 'apply_result_size'?")
('error:', "builtins.c:1479:74: error: invalid operands to binary expression ('int (*)(void)' and 'int')")
('error:', "builtins.c:1480:1: error: use of undeclared identifier 'apply_result_size_size'; did you mean 'apply_result_size'?")
('error:', "builtins.c:1480:24: error: invalid operands to binary expression ('int (void)' and 'const unsigned char')")
('error:', "builtins.c:1488:1: error: use of undeclared identifier 'apply_result_size_size'")
('error:', "builtins.c:1490:8: error: use of undeclared identifier 'apply_result_size_size'; did you mean 'apply_result_size'?")
***************** Next Function ******************
('func_count:', 284)
("func_name '", 'back_edge_of_syntactic_loop_p', "'")
('err_func:', '/data/maliha/decompilation/data/error_with_patch/ida/speccpu/clang/O0/before15_gcc-clang-O0-compilation-errors/back_edge_of_syntactic_loop_p')
('err_funcfile:', '/data/maliha/decompilation/data/error_with_patch/ida/speccpu/clang/O0/before15_gcc-clang-O0-compilation-errors/back_edge_of_syntactic_loop_p')
***************** Next Function ******************
('func_count:', 285)
("func_name '", '_cpp_get_buff', "'")
('err_func:', '/data/maliha/decompilation/data/error_with_patch/ida/speccpu/clang/O0/before15_gcc-clang-O0-compilation-errors/_cpp_get_buff')
('err_funcfile:', '/data/maliha/decompilation/data/error_with_patch/ida/speccpu/clang/O0/before15_gcc-clang-O0-compilation-errors/_cpp_get_buff')
('error:', "cpplex.c:2457:1: error: unknown type name '_cpp_buff_0'; did you mean '_cpp_buff'?")
('error:', "cpplex.c:2457:29: error: unknown type name 'cpp_reader_0'; did you mean 'cpp_reader'?")
('error:', "cpplex.c:2460:1: error: unknown type name '_cpp_buff_0'; did you mean '_cpp_buff'?")
('error:', "cpplex.c:2461:1: error: unknown type name '_cpp_buff_0'; did you mean '_cpp_buff'?")
('error:', 'cpplex.c:2463:53: error: expected expression')
('error:', "cpplex.c:2463:39: error: use of undeclared identifier '_cpp_buff_0'")
***************** Next Function ******************
('func_count:', 286)
("func_name '", 'attribute_list_contained', "'")
('err_func:', '/data/maliha/decompilation/data/error_with_patch/ida/speccpu/clang/O0/before15_gcc-clang-O0-compilation-errors/attribute_list_contained')
('err_funcfile:', '/data/maliha/decompilation/data/error_with_patch/ida/speccpu/clang/O0/before15_gcc-clang-O0-compilation-errors/attribute_list_contained')
('error:', "tree.c:3798:65: error: subscript of pointer to incomplete type 'struct rtx_def'")
('error:', "tree.c:3800:59: error: subscript of pointer to incomplete type 'struct rtx_def'")
***************** Next Function ******************
('func_count:', 287)
("func_name '", 'allocate_bb_life_data', "'")
('err_func:', '/data/maliha/decompilation/data/error_with_patch/ida/speccpu/clang/O0/before15_gcc-clang-O0-compilation-errors/allocate_bb_life_data')
('err_funcfile:', '/data/maliha/decompilation/data/error_with_patch/ida/speccpu/clang/O0/before15_gcc-clang-O0-compilation-errors/allocate_bb_life_data')
***************** Next Function ******************
('func_count:', 288)
("func_name '", 'bitmap_ior_and_compl', "'")
('err_func:', '/data/maliha/decompilation/data/error_with_patch/ida/speccpu/clang/O0/before15_gcc-clang-O0-compilation-errors/bitmap_ior_and_compl')
('err_funcfile:', '/data/maliha/decompilation/data/error_with_patch/ida/speccpu/clang/O0/before15_gcc-clang-O0-compilation-errors/bitmap_ior_and_compl')
***************** Next Function ******************
('func_count:', 289)
("func_name '", 'asctoeg', "'")
('err_func:', '/data/maliha/decompilation/data/error_with_patch/ida/speccpu/clang/O0/before15_gcc-clang-O0-compilation-errors/asctoeg')
('err_funcfile:', '/data/maliha/decompilation/data/error_with_patch/ida/speccpu/clang/O0/before15_gcc-clang-O0-compilation-errors/asctoeg')
('error:', "real.c:5729:5: error: use of undeclared identifier 'hex_value'; did you mean '_hex_value'?")
('error:', "real.c:5738:6: error: use of undeclared identifier 'sch_istable'; did you mean '_sch_istable'?")
('error:', "real.c:5744:9: error: use of undeclared identifier 'sch_istable'; did you mean '_sch_istable'?")
('error:', "real.c:5874:8: error: use of undeclared identifier 'sch_istable'; did you mean '_sch_istable'?")
***************** Next Function ******************
('func_count:', 290)
("func_name '", 'allocate_reg_info', "'")
('err_func:', '/data/maliha/decompilation/data/error_with_patch/ida/speccpu/clang/O0/before15_gcc-clang-O0-compilation-errors/allocate_reg_info')
('err_funcfile:', '/data/maliha/decompilation/data/error_with_patch/ida/speccpu/clang/O0/before15_gcc-clang-O0-compilation-errors/allocate_reg_info')
('error:', "regclass.c:2677:7: error: use of undeclared identifier 'reg_pref_0'; did you mean 'reg_pref'?")
('error:', "regclass.c:2734:6: error: use of undeclared identifier 'reg_pref_0'; did you mean 'reg_pref'?")
('error:', "regclass.c:2735:1: error: use of undeclared identifier 'reg_pref_0'; did you mean 'reg_pref'?")
***************** Next Function ******************
('func_count:', 291)
("func_name '", 'add_equal_note', "'")
('err_func:', '/data/maliha/decompilation/data/error_with_patch/ida/speccpu/clang/O0/before15_gcc-clang-O0-compilation-errors/add_equal_note')
('err_funcfile:', '/data/maliha/decompilation/data/error_with_patch/ida/speccpu/clang/O0/before15_gcc-clang-O0-compilation-errors/add_equal_note')
('error:', "optabs.c:595:43: error: must use 'enum' tag to refer to type 'rtx_code'")
('error:', "optabs.c:600:1: error: must use 'enum' tag to refer to type 'machine_mode'")
('error:', "optabs.c:601:1: error: must use 'enum' tag to refer to type 'machine_mode'")
***************** Next Function ******************
('func_count:', 292)
("func_name '", 'alloc_set_hash_table', "'")
('err_func:', '/data/maliha/decompilation/data/error_with_patch/ida/speccpu/clang/O0/before15_gcc-clang-O0-compilation-errors/alloc_set_hash_table')
('err_funcfile:', '/data/maliha/decompilation/data/error_with_patch/ida/speccpu/clang/O0/before15_gcc-clang-O0-compilation-errors/alloc_set_hash_table')
***************** Next Function ******************
('func_count:', 293)
("func_name '", 'add_seginfo', "'")
('err_func:', '/data/maliha/decompilation/data/error_with_patch/ida/speccpu/clang/O0/before15_gcc-clang-O0-compilation-errors/add_seginfo')
('err_funcfile:', '/data/maliha/decompilation/data/error_with_patch/ida/speccpu/clang/O0/before15_gcc-clang-O0-compilation-errors/add_seginfo')
('error:', "lcm.c:1390:20: error: unknown type name 'bb_info_0'")
***************** Next Function ******************
('func_count:', 294)
("func_name '", 'AT_loc', "'")
('err_func:', '/data/maliha/decompilation/data/error_with_patch/ida/speccpu/clang/O0/before15_gcc-clang-O0-compilation-errors/AT_loc')
('err_funcfile:', '/data/maliha/decompilation/data/error_with_patch/ida/speccpu/clang/O0/before15_gcc-clang-O0-compilation-errors/AT_loc')
***************** Next Function ******************
('func_count:', 295)
("func_name '", 'add_dwarf_attr', "'")
('err_func:', '/data/maliha/decompilation/data/error_with_patch/ida/speccpu/clang/O0/before15_gcc-clang-O0-compilation-errors/add_dwarf_attr')
('err_funcfile:', '/data/maliha/decompilation/data/error_with_patch/ida/speccpu/clang/O0/before15_gcc-clang-O0-compilation-errors/add_dwarf_attr')
***************** Next Function ******************
('func_count:', 296)
("func_name '", 'active_insn_p', "'")
('err_func:', '/data/maliha/decompilation/data/error_with_patch/ida/speccpu/clang/O0/before15_gcc-clang-O0-compilation-errors/active_insn_p')
('err_funcfile:', '/data/maliha/decompilation/data/error_with_patch/ida/speccpu/clang/O0/before15_gcc-clang-O0-compilation-errors/active_insn_p')
***************** Next Function ******************
('func_count:', 297)
("func_name '", 'alloc_INSN_LIST', "'")
('err_func:', '/data/maliha/decompilation/data/error_with_patch/ida/speccpu/clang/O0/before15_gcc-clang-O0-compilation-errors/alloc_INSN_LIST')
('err_funcfile:', '/data/maliha/decompilation/data/error_with_patch/ida/speccpu/clang/O0/before15_gcc-clang-O0-compilation-errors/alloc_INSN_LIST')
('error:', "lists.c:537:26: error: operand of type 'struct rtx_def' where arithmetic or pointer type is required")
***************** Next Function ******************
('func_count:', 298)
("func_name '", 'aliases_everything_p', "'")
('err_func:', '/data/maliha/decompilation/data/error_with_patch/ida/speccpu/clang/O0/before15_gcc-clang-O0-compilation-errors/aliases_everything_p')
('err_funcfile:', '/data/maliha/decompilation/data/error_with_patch/ida/speccpu/clang/O0/before15_gcc-clang-O0-compilation-errors/aliases_everything_p')
***************** Next Function ******************
('func_count:', 299)
("func_name '", 'alloc_gcse_mem', "'")
('err_func:', '/data/maliha/decompilation/data/error_with_patch/ida/speccpu/clang/O0/before15_gcc-clang-O0-compilation-errors/alloc_gcse_mem')
('err_funcfile:', '/data/maliha/decompilation/data/error_with_patch/ida/speccpu/clang/O0/before15_gcc-clang-O0-compilation-errors/alloc_gcse_mem')
('error:', "gcse.c:1462:1: error: use of undeclared identifier 'max_uid_0'; did you mean 'max_uid'?")
('error:', "gcse.c:1463:11: error: use of undeclared identifier 'max_uid_0'; did you mean 'max_uid'?")
('error:', "gcse.c:1464:1: error: use of undeclared identifier 'uid_cuid_1'; did you mean 'uid_cuid'?")
('error:', "gcse.c:1465:9: error: use of undeclared identifier 'uid_cuid_1'; did you mean 'uid_cuid'?")
('error:', "gcse.c:1473:15: error: use of undeclared identifier 'uid_cuid_1'")
('error:', "gcse.c:1477:15: error: use of undeclared identifier 'uid_cuid_1'")
***************** Next Function ******************
('func_count:', 300)
("func_name '", 'assemble_label', "'")
('err_func:', '/data/maliha/decompilation/data/error_with_patch/ida/speccpu/clang/O0/before15_gcc-clang-O0-compilation-errors/assemble_label')
('err_funcfile:', '/data/maliha/decompilation/data/error_with_patch/ida/speccpu/clang/O0/before15_gcc-clang-O0-compilation-errors/assemble_label')
***************** Next Function ******************
('func_count:', 301)
("func_name '", 'add_insn_before', "'")
('err_func:', '/data/maliha/decompilation/data/error_with_patch/ida/speccpu/clang/O0/before15_gcc-clang-O0-compilation-errors/add_insn_before')
('err_funcfile:', '/data/maliha/decompilation/data/error_with_patch/ida/speccpu/clang/O0/before15_gcc-clang-O0-compilation-errors/add_insn_before')
('error:', "emit-rtl.c:3890:14: error: operand of type 'struct rtx_def' where arithmetic or pointer type is required")
***************** Next Function ******************
('func_count:', 302)
("func_name '", 'alloc_qty', "'")
('err_func:', '/data/maliha/decompilation/data/error_with_patch/ida/speccpu/clang/O0/before15_gcc-clang-O0-compilation-errors/alloc_qty')
('err_funcfile:', '/data/maliha/decompilation/data/error_with_patch/ida/speccpu/clang/O0/before15_gcc-clang-O0-compilation-errors/alloc_qty')
('error:', "local-alloc.c:773:29: error: must use 'enum' tag to refer to type 'machine_mode'")
('error:', "local-alloc.c:778:6: error: use of undeclared identifier 'next_qty_0'; did you mean 'next_qty'?")
('error:', "local-alloc.c:783:1: error: use of undeclared identifier 'qty_0'")
('error:', "local-alloc.c:784:1: error: use of undeclared identifier 'qty_0'")
('error:', "local-alloc.c:785:1: error: use of undeclared identifier 'qty_0'")
('error:', "local-alloc.c:786:1: error: use of undeclared identifier 'qty_0'")
('error:', "local-alloc.c:787:1: error: use of undeclared identifier 'qty_0'")
('error:', "local-alloc.c:788:1: error: use of undeclared identifier 'qty_0'")
('error:', "local-alloc.c:789:1: error: use of undeclared identifier 'qty_0'")
('error:', "local-alloc.c:790:1: error: use of undeclared identifier 'qty_0'")
('error:', "local-alloc.c:791:1: error: use of undeclared identifier 'qty_0'")
('error:', "local-alloc.c:792:1: error: use of undeclared identifier 'qty_0'")
***************** Next Function ******************
('func_count:', 303)
("func_name '", 'alter_subreg', "'")
('err_func:', '/data/maliha/decompilation/data/error_with_patch/ida/speccpu/clang/O0/before15_gcc-clang-O0-compilation-errors/alter_subreg')
('err_funcfile:', '/data/maliha/decompilation/data/error_with_patch/ida/speccpu/clang/O0/before15_gcc-clang-O0-compilation-errors/alter_subreg')
('error:', "final.c:3205:30: error: use of undeclared identifier 'machine_mode'")
('error:', 'final.c:3205:45: error: expected expression')
('error:', "final.c:3210:3: error: use of undeclared identifier 'machine_mode'")
('error:', 'final.c:3210:18: error: expected expression')
('error:', "final.c:3212:3: error: use of undeclared identifier 'machine_mode'")
('error:', 'final.c:3212:18: error: expected expression')
('error:', "final.c:3225:19: error: assigning to 'uint32' (aka 'unsigned int') from incompatible type 'struct rtx_def'")
***************** Next Function ******************
('func_count:', 304)
("func_name '", 'assign_temp', "'")
('err_func:', '/data/maliha/decompilation/data/error_with_patch/ida/speccpu/clang/O0/before15_gcc-clang-O0-compilation-errors/assign_temp')
('err_funcfile:', '/data/maliha/decompilation/data/error_with_patch/ida/speccpu/clang/O0/before15_gcc-clang-O0-compilation-errors/assign_temp')
('error:', "function.c:1327:1: error: must use 'enum' tag to refer to type 'machine_mode'")
***************** Next Function ******************
('func_count:', 305)
("func_name '", 'add_line_map', "'")
('err_func:', '/data/maliha/decompilation/data/error_with_patch/ida/speccpu/clang/O0/before15_gcc-clang-O0-compilation-errors/add_line_map')
('err_funcfile:', '/data/maliha/decompilation/data/error_with_patch/ida/speccpu/clang/O0/before15_gcc-clang-O0-compilation-errors/add_line_map')
('error:', "line-map.c:538:1: error: must use 'enum' tag to refer to type 'lc_reason'")
('error:', "line-map.c:551:1: error: must use 'enum' tag to refer to type 'lc_reason'")
***************** Next Function ******************
('func_count:', 306)
("func_name '", 'athlon_fp_unit_ready_cost', "'")
('err_func:', '/data/maliha/decompilation/data/error_with_patch/ida/speccpu/clang/O0/before15_gcc-clang-O0-compilation-errors/athlon_fp_unit_ready_cost')
('err_funcfile:', '/data/maliha/decompilation/data/error_with_patch/ida/speccpu/clang/O0/before15_gcc-clang-O0-compilation-errors/athlon_fp_unit_ready_cost')
('error:', 'insn-attrtab.c:2687:29: error: too many arguments provided to function-like macro invocation')
('error:', "insn-attrtab.c:2687:1: error: use of undeclared identifier 'fatal_insn_not_found'; did you mean '_fatal_insn_not_found'?")
('error:', "insn-attrtab.c:2981:21: error: use of undeclared identifier 'recog_data_0'; did you mean 'recog_data'?")
('error:', "insn-attrtab.c:2984:20: error: use of undeclared identifier 'recog_data_0'; did you mean 'recog_data'?")
('error:', "insn-attrtab.c:2999:19: error: use of undeclared identifier 'recog_data_0'; did you mean 'recog_data'?")
('error:', "insn-attrtab.c:3003:20: error: use of undeclared identifier 'recog_data_0'; did you mean 'recog_data'?")
('error:', "insn-attrtab.c:3016:21: error: use of undeclared identifier 'recog_data_0'; did you mean 'recog_data'?")
('error:', "insn-attrtab.c:3019:20: error: use of undeclared identifier 'recog_data_0'; did you mean 'recog_data'?")
('error:', "insn-attrtab.c:3032:21: error: use of undeclared identifier 'recog_data_0'; did you mean 'recog_data'?")
('error:', "insn-attrtab.c:3035:20: error: use of undeclared identifier 'recog_data_0'; did you mean 'recog_data'?")
('error:', "insn-attrtab.c:3056:26: error: use of undeclared identifier 'recog_data_0'; did you mean 'recog_data'?")
('error:', "insn-attrtab.c:3079:19: error: use of undeclared identifier 'recog_data_0'; did you mean 'recog_data'?")
('error:', "insn-attrtab.c:3105:26: error: use of undeclared identifier 'recog_data_0'; did you mean 'recog_data'?")
('error:', "insn-attrtab.c:3128:19: error: use of undeclared identifier 'recog_data_0'; did you mean 'recog_data'?")
('error:', "insn-attrtab.c:3156:26: error: use of undeclared identifier 'recog_data_0'; did you mean 'recog_data'?")
('error:', "insn-attrtab.c:3184:26: error: use of undeclared identifier 'recog_data_0'; did you mean 'recog_data'?")
***************** Next Function ******************
('func_count:', 307)
("func_name '", 'alloc_EXPR_LIST', "'")
('err_func:', '/data/maliha/decompilation/data/error_with_patch/ida/speccpu/clang/O0/before15_gcc-clang-O0-compilation-errors/alloc_EXPR_LIST')
('err_funcfile:', '/data/maliha/decompilation/data/error_with_patch/ida/speccpu/clang/O0/before15_gcc-clang-O0-compilation-errors/alloc_EXPR_LIST')
('error:', "lists.c:558:37: error: use of undeclared identifier 'machine_mode'")
('error:', "lists.c:560:26: error: operand of type 'struct rtx_def' where arithmetic or pointer type is required")
***************** Next Function ******************
('func_count:', 308)
("func_name '", 'back_branch_in_range_p', "'")
('err_func:', '/data/maliha/decompilation/data/error_with_patch/ida/speccpu/clang/O0/before15_gcc-clang-O0-compilation-errors/back_branch_in_range_p')
('err_funcfile:', '/data/maliha/decompilation/data/error_with_patch/ida/speccpu/clang/O0/before15_gcc-clang-O0-compilation-errors/back_branch_in_range_p')
('error:', "unroll.c:2836:18: error: operand of type 'struct rtx_def' where arithmetic or pointer type is required")
('error:', "unroll.c:2847:17: error: operand of type 'struct rtx_def' where arithmetic or pointer type is required")
***************** Next Function ******************
('func_count:', 309)
("func_name '", 'add_call_site', "'")
('err_func:', '/data/maliha/decompilation/data/error_with_patch/ida/speccpu/clang/O0/before15_gcc-clang-O0-compilation-errors/add_call_site')
('err_funcfile:', '/data/maliha/decompilation/data/error_with_patch/ida/speccpu/clang/O0/before15_gcc-clang-O0-compilation-errors/add_call_site')
***************** Next Function ******************
('func_count:', 310)
("func_name '", 'add_to_mem_set_list', "'")
('err_func:', '/data/maliha/decompilation/data/error_with_patch/ida/speccpu/clang/O0/before15_gcc-clang-O0-compilation-errors/add_to_mem_set_list')
('err_funcfile:', '/data/maliha/decompilation/data/error_with_patch/ida/speccpu/clang/O0/before15_gcc-clang-O0-compilation-errors/add_to_mem_set_list')
('error:', "flow.c:2799:43: error: operand of type 'struct rtx_def' where arithmetic or pointer type is required")
***************** Next Function ******************
('func_count:', 311)
("func_name '", 'athlon_ieu_unit_conflict_cost', "'")
('err_func:', '/data/maliha/decompilation/data/error_with_patch/ida/speccpu/clang/O0/before15_gcc-clang-O0-compilation-errors/athlon_ieu_unit_conflict_cost')
('err_funcfile:', '/data/maliha/decompilation/data/error_with_patch/ida/speccpu/clang/O0/before15_gcc-clang-O0-compilation-errors/athlon_ieu_unit_conflict_cost')
('error:', 'insn-attrtab.c:23355:39: error: too many arguments provided to function-like macro invocation')
('error:', "insn-attrtab.c:23355:1: error: use of undeclared identifier 'fatal_insn_not_found'; did you mean '_fatal_insn_not_found'?")
('error:', "insn-attrtab.c:23678:22: error: use of undeclared identifier 'recog_data_0'; did you mean 'recog_data'?")
('error:', "insn-attrtab.c:23679:38: error: use of undeclared identifier 'recog_data_0'; did you mean 'recog_data'?")
('error:', "insn-attrtab.c:23694:22: error: use of undeclared identifier 'recog_data_0'; did you mean 'recog_data'?")
('error:', "insn-attrtab.c:23737:25: error: use of undeclared identifier 'recog_data_0'; did you mean 'recog_data'?")
('error:', "insn-attrtab.c:23738:20: error: use of undeclared identifier 'recog_data_0'; did you mean 'recog_data'?")
('error:', "insn-attrtab.c:23763:22: error: use of undeclared identifier 'recog_data_0'; did you mean 'recog_data'?")
('error:', "insn-attrtab.c:23764:38: error: use of undeclared identifier 'recog_data_0'; did you mean 'recog_data'?")
('error:', "insn-attrtab.c:23792:26: error: use of undeclared identifier 'recog_data_0'; did you mean 'recog_data'?")
('error:', "insn-attrtab.c:23806:26: error: use of undeclared identifier 'recog_data_0'; did you mean 'recog_data'?")
('error:', "insn-attrtab.c:23820:26: error: use of undeclared identifier 'recog_data_0'; did you mean 'recog_data'?")
('error:', "insn-attrtab.c:23832:50: error: use of undeclared identifier 'recog_data_0'; did you mean 'recog_data'?")
('error:', "insn-attrtab.c:23834:21: error: use of undeclared identifier 'recog_data_0'; did you mean 'recog_data'?")
('error:', "insn-attrtab.c:23845:50: error: use of undeclared identifier 'recog_data_0'; did you mean 'recog_data'?")
('error:', "insn-attrtab.c:23847:21: error: use of undeclared identifier 'recog_data_0'; did you mean 'recog_data'?")
('error:', "insn-attrtab.c:23905:21: error: use of undeclared identifier 'recog_data_0'; did you mean 'recog_data'?")
('error:', "insn-attrtab.c:23908:20: error: use of undeclared identifier 'recog_data_0'; did you mean 'recog_data'?")
('error:', "insn-attrtab.c:23919:75: error: use of undeclared identifier 'recog_data_0'; did you mean 'recog_data'?")
('error:', 'fatal error: too many errors emitted, stopping now [-ferror-limit=]')
***************** Next Function ******************
('func_count:', 312)
("func_name '", 'add_src_coords_attributes', "'")
('err_func:', '/data/maliha/decompilation/data/error_with_patch/ida/speccpu/clang/O0/before15_gcc-clang-O0-compilation-errors/add_src_coords_attributes')
('err_funcfile:', '/data/maliha/decompilation/data/error_with_patch/ida/speccpu/clang/O0/before15_gcc-clang-O0-compilation-errors/add_src_coords_attributes')
***************** Next Function ******************
('func_count:', 313)
("func_name '", 'app_disable', "'")
('err_func:', '/data/maliha/decompilation/data/error_with_patch/ida/speccpu/clang/O0/before15_gcc-clang-O0-compilation-errors/app_disable')
('err_funcfile:', '/data/maliha/decompilation/data/error_with_patch/ida/speccpu/clang/O0/before15_gcc-clang-O0-compilation-errors/app_disable')
***************** Next Function ******************
('func_count:', 314)
("func_name '", 'block_alloc', "'")
('err_func:', '/data/maliha/decompilation/data/error_with_patch/ida/speccpu/clang/O0/before15_gcc-clang-O0-compilation-errors/block_alloc')
('err_funcfile:', '/data/maliha/decompilation/data/error_with_patch/ida/speccpu/clang/O0/before15_gcc-clang-O0-compilation-errors/block_alloc')
('error:', "local-alloc.c:1736:74: error: operand of type 'struct rtx_def' where arithmetic or pointer type is required")
('error:', "local-alloc.c:1756:1: error: use of undeclared identifier 'this_insn_0'; did you mean 'this_insn'?")
('error:', "local-alloc.c:1760:4: error: use of undeclared identifier 'recog_data_0'; did you mean 'recog_data'?")
('error:', "local-alloc.c:1761:5: error: use of undeclared identifier 'recog_data_0'; did you mean 'recog_data'?")
('error:', "local-alloc.c:1762:17: error: use of undeclared identifier 'recog_data_0'")
('error:', "local-alloc.c:1766:22: error: use of undeclared identifier 'recog_data_0'; did you mean 'recog_data'?")
('error:', "local-alloc.c:1768:30: error: use of undeclared identifier 'recog_data_0'; did you mean 'recog_data'?")
('error:', "local-alloc.c:1770:20: error: use of undeclared identifier 'recog_data_0'; did you mean 'recog_data'?")
('error:', "local-alloc.c:1773:6: error: use of undeclared identifier 'recog_data_0'; did you mean 'recog_data'?")
('error:', "local-alloc.c:1774:24: error: use of undeclared identifier 'recog_data_0'; did you mean 'recog_data'?")
('error:', "local-alloc.c:1778:33: error: use of undeclared identifier 'recog_data_0'; did you mean 'recog_data'?")
('error:', "local-alloc.c:1779:33: error: use of undeclared identifier 'recog_data_0'; did you mean 'recog_data'?")
('error:', "local-alloc.c:1780:25: error: use of undeclared identifier 'recog_data_0'; did you mean 'recog_data'?")
('error:', "local-alloc.c:1780:72: error: use of undeclared identifier 'recog_data_0'; did you mean 'recog_data'?")
('error:', "local-alloc.c:1782:6: error: use of undeclared identifier 'recog_data_0'; did you mean 'recog_data'?")
('error:', "local-alloc.c:1783:7: error: use of undeclared identifier 'recog_data_0'; did you mean 'recog_data'?")
('error:', "local-alloc.c:1804:12: error: use of undeclared identifier 'recog_data_0'; did you mean 'recog_data'?")
('error:', "local-alloc.c:1840:51: error: operand of type 'struct rtx_def' where arithmetic or pointer type is required")
('error:', "local-alloc.c:1893:57: error: operand of type 'struct rtx_def' where arithmetic or pointer type is required")
('error:', 'fatal error: too many errors emitted, stopping now [-ferror-limit=]')
***************** Next Function ******************
('func_count:', 315)
("func_name '", '_cpp_append_extend_buff', "'")
('err_func:', '/data/maliha/decompilation/data/error_with_patch/ida/speccpu/clang/O0/before15_gcc-clang-O0-compilation-errors/_cpp_append_extend_buff')
('err_funcfile:', '/data/maliha/decompilation/data/error_with_patch/ida/speccpu/clang/O0/before15_gcc-clang-O0-compilation-errors/_cpp_append_extend_buff')
('error:', "cpplex.c:2488:1: error: unknown type name '_cpp_buff_0'; did you mean '_cpp_buff'?")
('error:', "cpplex.c:2488:39: error: unknown type name 'cpp_reader_0'; did you mean 'cpp_reader'?")
('error:', "cpplex.c:2488:60: error: unknown type name '_cpp_buff_0'; did you mean '_cpp_buff'?")
('error:', "cpplex.c:2490:1: error: unknown type name '_cpp_buff_0'; did you mean '_cpp_buff'?")
***************** Next Function ******************
('func_count:', 316)
("func_name '", 'allocate_reload_reg', "'")
('err_func:', '/data/maliha/decompilation/data/error_with_patch/ida/speccpu/clang/O0/before15_gcc-clang-O0-compilation-errors/allocate_reload_reg')
('err_funcfile:', '/data/maliha/decompilation/data/error_with_patch/ida/speccpu/clang/O0/before15_gcc-clang-O0-compilation-errors/allocate_reload_reg')
('error:', "reload1.c:5665:6: error: use of undeclared identifier 'mode_class_0'; did you mean 'mode_class'?")
('error:', "reload1.c:5666:7: error: use of undeclared identifier 'mode_class_0'; did you mean 'mode_class'?")
***************** Next Function ******************
('func_count:', 317)
("func_name '", 'add_stmt', "'")
('err_func:', '/data/maliha/decompilation/data/error_with_patch/ida/speccpu/clang/O0/before15_gcc-clang-O0-compilation-errors/add_stmt')
('err_funcfile:', '/data/maliha/decompilation/data/error_with_patch/ida/speccpu/clang/O0/before15_gcc-clang-O0-compilation-errors/add_stmt')
('error:', "c-semantics.c:540:1: error: must use 'union' tag to refer to type 'tree_node'")
***************** Next Function ******************
('func_count:', 318)
("func_name '", 'add_insn_after', "'")
('err_func:', '/data/maliha/decompilation/data/error_with_patch/ida/speccpu/clang/O0/before15_gcc-clang-O0-compilation-errors/add_insn_after')
('err_funcfile:', '/data/maliha/decompilation/data/error_with_patch/ida/speccpu/clang/O0/before15_gcc-clang-O0-compilation-errors/add_insn_after')
***************** Next Function ******************
('func_count:', 319)
("func_name '", 'add_fde_cfi', "'")
('err_func:', '/data/maliha/decompilation/data/error_with_patch/ida/speccpu/clang/O0/before15_gcc-clang-O0-compilation-errors/add_fde_cfi')
('err_funcfile:', '/data/maliha/decompilation/data/error_with_patch/ida/speccpu/clang/O0/before15_gcc-clang-O0-compilation-errors/add_fde_cfi')
***************** Next Function ******************
('func_count:', 320)
("func_name '", '_cpp_init_hashtable', "'")
('err_func:', '/data/maliha/decompilation/data/error_with_patch/ida/speccpu/clang/O0/before15_gcc-clang-O0-compilation-errors/_cpp_init_hashtable')
('err_funcfile:', '/data/maliha/decompilation/data/error_with_patch/ida/speccpu/clang/O0/before15_gcc-clang-O0-compilation-errors/_cpp_init_hashtable')
('error:', "cpphash.c:512:27: error: unknown type name 'cpp_reader_0'; did you mean 'cpp_reader'?")
('error:', "cpphash.c:521:7: error: incomplete definition of type 'struct hash_table'")
('error:', "cpphash.c:524:7: error: incomplete definition of type 'struct hash_table'")
***************** Next Function ******************
('func_count:', 321)
("func_name '", 'add_subscript_info', "'")
('err_func:', '/data/maliha/decompilation/data/error_with_patch/ida/speccpu/clang/O0/before15_gcc-clang-O0-compilation-errors/add_subscript_info')
('err_funcfile:', '/data/maliha/decompilation/data/error_with_patch/ida/speccpu/clang/O0/before15_gcc-clang-O0-compilation-errors/add_subscript_info')
('error:', "dwarf2out.c:9685:1: error: must use 'union' tag to refer to type 'tree_node'")
('error:', "dwarf2out.c:9686:1: error: must use 'union' tag to refer to type 'tree_node'")
('error:', 'dwarf2out.c:9697:22: error: expected expression')
('error:', "dwarf2out.c:9697:11: error: use of undeclared identifier 'tree_node'")
***************** Next Function ******************
('func_count:', 322)
("func_name '", '_cpp_free_buff', "'")
('err_func:', '/data/maliha/decompilation/data/error_with_patch/ida/speccpu/clang/O0/before15_gcc-clang-O0-compilation-errors/_cpp_free_buff')
('err_funcfile:', '/data/maliha/decompilation/data/error_with_patch/ida/speccpu/clang/O0/before15_gcc-clang-O0-compilation-errors/_cpp_free_buff')
('error:', "cpplex.c:2523:22: error: unknown type name '_cpp_buff_0'; did you mean '_cpp_buff'?")
******************** ================== ******************** ==================
Total # fns with errors: 322. Total errors: 787
******************** ================== error type: occurrences ******************** ==================
assigning to type A from incompatible type B: 1
conflicting types for a function: 9
expected 'some symbol': 14
expected expression: 60
expected identifier or '(': 14
incomplete definition of type: 5
inline can only appear on functions: 2
invalid A at end of declaration; did you mean B?: 1
invalid operands to binary expression: 9
invalid suffix on integer constant: 35
must use '(struct|union|enum)' tag to refer to type: 149
redefinition of yylex: 1
statement requires expression of scalar type: 7
subscript of pointer to incomplete type: 4
too many arguments provided to function-like macro invocation: 23
typecasting pointer: 31
unknown type name: 104
use of undeclared identifier: 302
variable has incomplete type: 3
******************** ================== error distribution ******************** ==================
******************** ================== error type: func count ******************** ==================
assigning to type A from incompatible type B: 1
conflicting types for a function: 9
expected 'some symbol': 10
expected expression: 31
expected identifier or '(': 10
incomplete definition of type: 2
inline can only appear on functions: 2
invalid A at end of declaration; did you mean B?: 1
invalid operands to binary expression: 4
invalid suffix on integer constant: 6
must use '(struct|union|enum)' tag to refer to type: 81
redefinition of yylex: 1
statement requires expression of scalar type: 2
subscript of pointer to incomplete type: 2
too many arguments provided to function-like macro invocation: 20
typecasting pointer: 16
unknown type name: 48
use of undeclared identifier: 77
variable has incomplete type: 3
******************** ================== unknown errors ******************** ==================
