maliha print
***************** Next Function ******************
('func_count:', 1)
("func_name '", 'search_root', "'")
('err_func:', '/data/maliha/decompilation/data/error_without_patch/ida/speccpu/clang/O0/sjeng-clang-O0-compilation-errors/search_root')
('err_funcfile:', '/data/maliha/decompilation/data/error_without_patch/ida/speccpu/clang/O0/sjeng-clang-O0-compilation-errors/search_root')
('error:', "/home/yanlin/my-projects/decompilation/source_code/recompiled/IDA/speccpu/clang/O0/sjeng-clang-O0/search_root/src/search.c:1098:17: error: conflicting types for 'search_root'")
('error:', "/home/yanlin/my-projects/decompilation/source_code/recompiled/IDA/speccpu/clang/O0/sjeng-clang-O0/search_root/src/search.c:1101:3: error: unknown type name '__int64'; did you mean '__int64_t'?")
('error:', "/home/yanlin/my-projects/decompilation/source_code/recompiled/IDA/speccpu/clang/O0/sjeng-clang-O0/search_root/src/search.c:1103:3: error: unknown type name '__int64'; did you mean '__int64_t'?")
('error:', "/home/yanlin/my-projects/decompilation/source_code/recompiled/IDA/speccpu/clang/O0/sjeng-clang-O0/search_root/src/search.c:1107:3: error: unknown type name '__int64'; did you mean '__int64_t'?")
('error:', "/home/yanlin/my-projects/decompilation/source_code/recompiled/IDA/speccpu/clang/O0/sjeng-clang-O0/search_root/src/search.c:1117:3: error: unknown type name '__int64'; did you mean '__int64_t'?")
('error:', "/home/yanlin/my-projects/decompilation/source_code/recompiled/IDA/speccpu/clang/O0/sjeng-clang-O0/search_root/src/search.c:1119:3: error: unknown type name '__int64'; did you mean '__int64_t'?")
('error:', "/home/yanlin/my-projects/decompilation/source_code/recompiled/IDA/speccpu/clang/O0/sjeng-clang-O0/search_root/src/search.c:1129:3: error: unknown type name '__int64'; did you mean '__int64_t'?")
('error:', "/home/yanlin/my-projects/decompilation/source_code/recompiled/IDA/speccpu/clang/O0/sjeng-clang-O0/search_root/src/search.c:1130:3: error: unknown type name '__int64'; did you mean '__int64_t'?")
('error:', "/home/yanlin/my-projects/decompilation/source_code/recompiled/IDA/speccpu/clang/O0/sjeng-clang-O0/search_root/src/search.c:1131:3: error: unknown type name '__int64'; did you mean '__int64_t'?")
('error:', "/home/yanlin/my-projects/decompilation/source_code/recompiled/IDA/speccpu/clang/O0/sjeng-clang-O0/search_root/src/search.c:1132:3: error: unknown type name '__int64'; did you mean '__int64_t'?")
('error:', "/home/yanlin/my-projects/decompilation/source_code/recompiled/IDA/speccpu/clang/O0/sjeng-clang-O0/search_root/src/search.c:1133:3: error: unknown type name '__int64'; did you mean '__int64_t'?")
('error:', "/home/yanlin/my-projects/decompilation/source_code/recompiled/IDA/speccpu/clang/O0/sjeng-clang-O0/search_root/src/search.c:1134:3: error: unknown type name '__int64'; did you mean '__int64_t'?")
('error:', '/home/yanlin/my-projects/decompilation/source_code/recompiled/IDA/speccpu/clang/O0/sjeng-clang-O0/search_root/src/search.c:1227:20: error: expected expression')
('error:', "/home/yanlin/my-projects/decompilation/source_code/recompiled/IDA/speccpu/clang/O0/sjeng-clang-O0/search_root/src/search.c:1227:12: error: use of undeclared identifier '_QWORD'")
('error:', '/home/yanlin/my-projects/decompilation/source_code/recompiled/IDA/speccpu/clang/O0/sjeng-clang-O0/search_root/src/search.c:1227:44: error: expected expression')
('error:', "/home/yanlin/my-projects/decompilation/source_code/recompiled/IDA/speccpu/clang/O0/sjeng-clang-O0/search_root/src/search.c:1227:36: error: use of undeclared identifier '_QWORD'")
('error:', '/home/yanlin/my-projects/decompilation/source_code/recompiled/IDA/speccpu/clang/O0/sjeng-clang-O0/search_root/src/search.c:1228:20: error: expected expression')
('error:', "/home/yanlin/my-projects/decompilation/source_code/recompiled/IDA/speccpu/clang/O0/sjeng-clang-O0/search_root/src/search.c:1228:12: error: use of undeclared identifier '_QWORD'")
('error:', '/home/yanlin/my-projects/decompilation/source_code/recompiled/IDA/speccpu/clang/O0/sjeng-clang-O0/search_root/src/search.c:1228:48: error: expected expression')
('error:', 'fatal error: too many errors emitted, stopping now [-ferror-limit=]')
***************** Next Function ******************
('func_count:', 2)
("func_name '", 'eval', "'")
('err_func:', '/data/maliha/decompilation/data/error_without_patch/ida/speccpu/clang/O0/sjeng-clang-O0-compilation-errors/eval')
('err_funcfile:', '/data/maliha/decompilation/data/error_without_patch/ida/speccpu/clang/O0/sjeng-clang-O0-compilation-errors/eval')
***************** Next Function ******************
('func_count:', 3)
("func_name '", 'start_up', "'")
('err_func:', '/data/maliha/decompilation/data/error_without_patch/ida/speccpu/clang/O0/sjeng-clang-O0-compilation-errors/start_up')
('err_funcfile:', '/data/maliha/decompilation/data/error_without_patch/ida/speccpu/clang/O0/sjeng-clang-O0-compilation-errors/start_up')
***************** Next Function ******************
('func_count:', 4)
("func_name '", 'is_attacked', "'")
('err_func:', '/data/maliha/decompilation/data/error_without_patch/ida/speccpu/clang/O0/sjeng-clang-O0-compilation-errors/is_attacked')
('err_funcfile:', '/data/maliha/decompilation/data/error_without_patch/ida/speccpu/clang/O0/sjeng-clang-O0-compilation-errors/is_attacked')
('error:', "/home/yanlin/my-projects/decompilation/source_code/recompiled/IDA/speccpu/clang/O0/sjeng-clang-O0/is_attacked/src/attacks.c:185:14: error: use of undeclared identifier 'is_attacked_bishop_o'")
('error:', "/home/yanlin/my-projects/decompilation/source_code/recompiled/IDA/speccpu/clang/O0/sjeng-clang-O0/is_attacked/src/attacks.c:204:19: error: use of undeclared identifier 'is_attacked_knight_o'")
('error:', "/home/yanlin/my-projects/decompilation/source_code/recompiled/IDA/speccpu/clang/O0/sjeng-clang-O0/is_attacked/src/attacks.c:209:15: error: use of undeclared identifier 'is_attacked_rook_o'")
('error:', "/home/yanlin/my-projects/decompilation/source_code/recompiled/IDA/speccpu/clang/O0/sjeng-clang-O0/is_attacked/src/attacks.c:230:15: error: use of undeclared identifier 'is_attacked_bishop_o'")
('error:', "/home/yanlin/my-projects/decompilation/source_code/recompiled/IDA/speccpu/clang/O0/sjeng-clang-O0/is_attacked/src/attacks.c:249:19: error: use of undeclared identifier 'is_attacked_knight_o'")
('error:', "/home/yanlin/my-projects/decompilation/source_code/recompiled/IDA/speccpu/clang/O0/sjeng-clang-O0/is_attacked/src/attacks.c:254:15: error: use of undeclared identifier 'is_attacked_rook_o'")
('error:', "/home/yanlin/my-projects/decompilation/source_code/recompiled/IDA/speccpu/clang/O0/sjeng-clang-O0/is_attacked/src/attacks.c:264:18: error: use of undeclared identifier 'is_attacked_rook_o'")
***************** Next Function ******************
('func_count:', 5)
("func_name '", 'rinput', "'")
('err_func:', '/data/maliha/decompilation/data/error_without_patch/ida/speccpu/clang/O0/sjeng-clang-O0-compilation-errors/rinput')
('err_funcfile:', '/data/maliha/decompilation/data/error_without_patch/ida/speccpu/clang/O0/sjeng-clang-O0-compilation-errors/rinput')
('error:', "/home/yanlin/my-projects/decompilation/source_code/recompiled/IDA/speccpu/clang/O0/sjeng-clang-O0/rinput/src/utils.c:858:7: error: expected ';' after expression")
('error:', "/home/yanlin/my-projects/decompilation/source_code/recompiled/IDA/speccpu/clang/O0/sjeng-clang-O0/rinput/src/utils.c:858:3: error: use of undeclared identifier 'bool'; did you mean 'book'?")
('error:', "/home/yanlin/my-projects/decompilation/source_code/recompiled/IDA/speccpu/clang/O0/sjeng-clang-O0/rinput/src/utils.c:858:8: error: use of undeclared identifier 'v4'")
('error:', "/home/yanlin/my-projects/decompilation/source_code/recompiled/IDA/speccpu/clang/O0/sjeng-clang-O0/rinput/src/utils.c:866:5: error: use of undeclared identifier 'v4'")
('error:', "/home/yanlin/my-projects/decompilation/source_code/recompiled/IDA/speccpu/clang/O0/sjeng-clang-O0/rinput/src/utils.c:868:7: error: use of undeclared identifier 'v4'")
('error:', "/home/yanlin/my-projects/decompilation/source_code/recompiled/IDA/speccpu/clang/O0/sjeng-clang-O0/rinput/src/utils.c:869:12: error: use of undeclared identifier 'v4'")
***************** Next Function ******************
('func_count:', 6)
("func_name '", 's_king_mobility', "'")
('err_func:', '/data/maliha/decompilation/data/error_without_patch/ida/speccpu/clang/O0/sjeng-clang-O0-compilation-errors/s_king_mobility')
('err_funcfile:', '/data/maliha/decompilation/data/error_without_patch/ida/speccpu/clang/O0/sjeng-clang-O0-compilation-errors/s_king_mobility')
***************** Next Function ******************
('func_count:', 7)
("func_name '", 'proofnumberscan', "'")
('err_func:', '/data/maliha/decompilation/data/error_without_patch/ida/speccpu/clang/O0/sjeng-clang-O0-compilation-errors/proofnumberscan')
('err_funcfile:', '/data/maliha/decompilation/data/error_without_patch/ida/speccpu/clang/O0/sjeng-clang-O0-compilation-errors/proofnumberscan')
('error:', "/home/yanlin/my-projects/decompilation/source_code/recompiled/IDA/speccpu/clang/O0/sjeng-clang-O0/proofnumberscan/src/proof.c:958:3: error: unknown type name '__int64'; did you mean '__int64_t'?")
('error:', "/home/yanlin/my-projects/decompilation/source_code/recompiled/IDA/speccpu/clang/O0/sjeng-clang-O0/proofnumberscan/src/proof.c:959:7: error: expected ';' after expression")
('error:', "/home/yanlin/my-projects/decompilation/source_code/recompiled/IDA/speccpu/clang/O0/sjeng-clang-O0/proofnumberscan/src/proof.c:959:3: error: use of undeclared identifier 'bool'; did you mean 'book'?")
('error:', "/home/yanlin/my-projects/decompilation/source_code/recompiled/IDA/speccpu/clang/O0/sjeng-clang-O0/proofnumberscan/src/proof.c:959:8: error: use of undeclared identifier 'v2'")
('error:', "/home/yanlin/my-projects/decompilation/source_code/recompiled/IDA/speccpu/clang/O0/sjeng-clang-O0/proofnumberscan/src/proof.c:986:24: error: expected ')'")
('error:', "/home/yanlin/my-projects/decompilation/source_code/recompiled/IDA/speccpu/clang/O0/sjeng-clang-O0/proofnumberscan/src/proof.c:1028:9: error: use of undeclared identifier 'v2'")
('error:', "/home/yanlin/my-projects/decompilation/source_code/recompiled/IDA/speccpu/clang/O0/sjeng-clang-O0/proofnumberscan/src/proof.c:1031:11: error: use of undeclared identifier 'v2'")
('error:', "/home/yanlin/my-projects/decompilation/source_code/recompiled/IDA/speccpu/clang/O0/sjeng-clang-O0/proofnumberscan/src/proof.c:1034:13: error: use of undeclared identifier 'v2'")
('error:', "/home/yanlin/my-projects/decompilation/source_code/recompiled/IDA/speccpu/clang/O0/sjeng-clang-O0/proofnumberscan/src/proof.c:1035:55: error: expected ')'")
('error:', "/home/yanlin/my-projects/decompilation/source_code/recompiled/IDA/speccpu/clang/O0/sjeng-clang-O0/proofnumberscan/src/proof.c:1037:15: error: use of undeclared identifier 'v2'")
('error:', "/home/yanlin/my-projects/decompilation/source_code/recompiled/IDA/speccpu/clang/O0/sjeng-clang-O0/proofnumberscan/src/proof.c:1039:17: error: use of undeclared identifier 'v2'")
('error:', "/home/yanlin/my-projects/decompilation/source_code/recompiled/IDA/speccpu/clang/O0/sjeng-clang-O0/proofnumberscan/src/proof.c:1043:16: error: use of undeclared identifier 'v2'")
('error:', '/home/yanlin/my-projects/decompilation/source_code/recompiled/IDA/speccpu/clang/O0/sjeng-clang-O0/proofnumberscan/src/proof.c:1158:24: error: expression is not assignable')
***************** Next Function ******************
('func_count:', 8)
("func_name '", 'seedMT', "'")
('err_func:', '/data/maliha/decompilation/data/error_without_patch/ida/speccpu/clang/O0/sjeng-clang-O0-compilation-errors/seedMT')
('err_funcfile:', '/data/maliha/decompilation/data/error_without_patch/ida/speccpu/clang/O0/sjeng-clang-O0-compilation-errors/seedMT')
***************** Next Function ******************
('func_count:', 9)
("func_name '", 'pn_eval', "'")
('err_func:', '/data/maliha/decompilation/data/error_without_patch/ida/speccpu/clang/O0/sjeng-clang-O0-compilation-errors/pn_eval')
('err_funcfile:', '/data/maliha/decompilation/data/error_without_patch/ida/speccpu/clang/O0/sjeng-clang-O0-compilation-errors/pn_eval')
***************** Next Function ******************
('func_count:', 10)
("func_name '", 'main', "'")
('err_func:', '/data/maliha/decompilation/data/error_without_patch/ida/speccpu/clang/O0/sjeng-clang-O0-compilation-errors/main')
('err_funcfile:', '/data/maliha/decompilation/data/error_without_patch/ida/speccpu/clang/O0/sjeng-clang-O0-compilation-errors/main')
('error:', "/home/yanlin/my-projects/decompilation/source_code/recompiled/IDA/speccpu/clang/O0/sjeng-clang-O0/main/src/sjeng.c:74:23: error: expected ';' after top level declarator")
***************** Next Function ******************
('func_count:', 11)
("func_name '", 'push_king', "'")
('err_func:', '/data/maliha/decompilation/data/error_without_patch/ida/speccpu/clang/O0/sjeng-clang-O0-compilation-errors/push_king')
('err_funcfile:', '/data/maliha/decompilation/data/error_without_patch/ida/speccpu/clang/O0/sjeng-clang-O0-compilation-errors/push_king')
***************** Next Function ******************
('func_count:', 12)
("func_name '", 'print_move', "'")
('err_func:', '/data/maliha/decompilation/data/error_without_patch/ida/speccpu/clang/O0/sjeng-clang-O0-compilation-errors/print_move')
('err_funcfile:', '/data/maliha/decompilation/data/error_without_patch/ida/speccpu/clang/O0/sjeng-clang-O0-compilation-errors/print_move')
***************** Next Function ******************
('func_count:', 13)
("func_name '", 's_knight_mobility', "'")
('err_func:', '/data/maliha/decompilation/data/error_without_patch/ida/speccpu/clang/O0/sjeng-clang-O0-compilation-errors/s_knight_mobility')
('err_funcfile:', '/data/maliha/decompilation/data/error_without_patch/ida/speccpu/clang/O0/sjeng-clang-O0-compilation-errors/s_knight_mobility')
***************** Next Function ******************
('func_count:', 14)
("func_name '", 'unmake', "'")
('err_func:', '/data/maliha/decompilation/data/error_without_patch/ida/speccpu/clang/O0/sjeng-clang-O0-compilation-errors/unmake')
('err_funcfile:', '/data/maliha/decompilation/data/error_without_patch/ida/speccpu/clang/O0/sjeng-clang-O0-compilation-errors/unmake')
***************** Next Function ******************
('func_count:', 15)
("func_name '", 'nk_attacked', "'")
('err_func:', '/data/maliha/decompilation/data/error_without_patch/ida/speccpu/clang/O0/sjeng-clang-O0-compilation-errors/nk_attacked')
('err_funcfile:', '/data/maliha/decompilation/data/error_without_patch/ida/speccpu/clang/O0/sjeng-clang-O0-compilation-errors/nk_attacked')
('error:', "/home/yanlin/my-projects/decompilation/source_code/recompiled/IDA/speccpu/clang/O0/sjeng-clang-O0/nk_attacked/src/attacks.c:287:14: error: use of undeclared identifier 'nk_attacked_bishop_o'")
('error:', "/home/yanlin/my-projects/decompilation/source_code/recompiled/IDA/speccpu/clang/O0/sjeng-clang-O0/nk_attacked/src/attacks.c:304:19: error: use of undeclared identifier 'nk_attacked_knight_o'")
('error:', "/home/yanlin/my-projects/decompilation/source_code/recompiled/IDA/speccpu/clang/O0/sjeng-clang-O0/nk_attacked/src/attacks.c:309:15: error: use of undeclared identifier 'nk_attacked_rook_o'")
('error:', "/home/yanlin/my-projects/decompilation/source_code/recompiled/IDA/speccpu/clang/O0/sjeng-clang-O0/nk_attacked/src/attacks.c:326:15: error: use of undeclared identifier 'nk_attacked_bishop_o'")
('error:', "/home/yanlin/my-projects/decompilation/source_code/recompiled/IDA/speccpu/clang/O0/sjeng-clang-O0/nk_attacked/src/attacks.c:343:19: error: use of undeclared identifier 'nk_attacked_knight_o'")
('error:', "/home/yanlin/my-projects/decompilation/source_code/recompiled/IDA/speccpu/clang/O0/sjeng-clang-O0/nk_attacked/src/attacks.c:348:15: error: use of undeclared identifier 'nk_attacked_rook_o'")
('error:', "/home/yanlin/my-projects/decompilation/source_code/recompiled/IDA/speccpu/clang/O0/sjeng-clang-O0/nk_attacked/src/attacks.c:355:18: error: use of undeclared identifier 'nk_attacked_rook_o'")
***************** Next Function ******************
('func_count:', 16)
("func_name '", 'rdifftime', "'")
('err_func:', '/data/maliha/decompilation/data/error_without_patch/ida/speccpu/clang/O0/sjeng-clang-O0-compilation-errors/rdifftime')
('err_funcfile:', '/data/maliha/decompilation/data/error_without_patch/ida/speccpu/clang/O0/sjeng-clang-O0-compilation-errors/rdifftime')
***************** Next Function ******************
('func_count:', 17)
("func_name '", 'try_drop', "'")
('err_func:', '/data/maliha/decompilation/data/error_without_patch/ida/speccpu/clang/O0/sjeng-clang-O0-compilation-errors/try_drop')
('err_funcfile:', '/data/maliha/decompilation/data/error_without_patch/ida/speccpu/clang/O0/sjeng-clang-O0-compilation-errors/try_drop')
***************** Next Function ******************
('func_count:', 18)
("func_name '", 'HandlePtell', "'")
('err_func:', '/data/maliha/decompilation/data/error_without_patch/ida/speccpu/clang/O0/sjeng-clang-O0-compilation-errors/HandlePtell')
('err_funcfile:', '/data/maliha/decompilation/data/error_without_patch/ida/speccpu/clang/O0/sjeng-clang-O0-compilation-errors/HandlePtell')
('error:', "/home/yanlin/my-projects/decompilation/source_code/recompiled/IDA/speccpu/clang/O0/sjeng-clang-O0/HandlePtell/src/partner.c:83:34: error: use of undeclared identifier 'off_427F8C'")
('error:', "/home/yanlin/my-projects/decompilation/source_code/recompiled/IDA/speccpu/clang/O0/sjeng-clang-O0/HandlePtell/src/partner.c:145:11: error: use of undeclared identifier 'MEMORY'")
('error:', "/home/yanlin/my-projects/decompilation/source_code/recompiled/IDA/speccpu/clang/O0/sjeng-clang-O0/HandlePtell/src/partner.c:285:11: error: use of undeclared identifier 'MEMORY'")
***************** Next Function ******************
('func_count:', 19)
("func_name '", 'rtime', "'")
('err_func:', '/data/maliha/decompilation/data/error_without_patch/ida/speccpu/clang/O0/sjeng-clang-O0-compilation-errors/rtime')
('err_funcfile:', '/data/maliha/decompilation/data/error_without_patch/ida/speccpu/clang/O0/sjeng-clang-O0-compilation-errors/rtime')
***************** Next Function ******************
('func_count:', 20)
("func_name '", 'suicide_eval', "'")
('err_func:', '/data/maliha/decompilation/data/error_without_patch/ida/speccpu/clang/O0/sjeng-clang-O0-compilation-errors/suicide_eval')
('err_funcfile:', '/data/maliha/decompilation/data/error_without_patch/ida/speccpu/clang/O0/sjeng-clang-O0-compilation-errors/suicide_eval')
***************** Next Function ******************
('func_count:', 21)
("func_name '", 'findlowest', "'")
('err_func:', '/data/maliha/decompilation/data/error_without_patch/ida/speccpu/clang/O0/sjeng-clang-O0-compilation-errors/findlowest')
('err_funcfile:', '/data/maliha/decompilation/data/error_without_patch/ida/speccpu/clang/O0/sjeng-clang-O0-compilation-errors/findlowest')
('error:', "/home/yanlin/my-projects/decompilation/source_code/recompiled/IDA/speccpu/clang/O0/sjeng-clang-O0/findlowest/src/see.c:168:43: error: use of undeclared identifier '__int64'")
('error:', "/home/yanlin/my-projects/decompilation/source_code/recompiled/IDA/speccpu/clang/O0/sjeng-clang-O0/findlowest/src/see.c:168:51: error: expected ']'")
('error:', "/home/yanlin/my-projects/decompilation/source_code/recompiled/IDA/speccpu/clang/O0/sjeng-clang-O0/findlowest/src/see.c:171:41: error: use of undeclared identifier '__int64'")
('error:', "/home/yanlin/my-projects/decompilation/source_code/recompiled/IDA/speccpu/clang/O0/sjeng-clang-O0/findlowest/src/see.c:171:49: error: expected ']'")
('error:', "/home/yanlin/my-projects/decompilation/source_code/recompiled/IDA/speccpu/clang/O0/sjeng-clang-O0/findlowest/src/see.c:174:47: error: use of undeclared identifier '__int64'")
('error:', "/home/yanlin/my-projects/decompilation/source_code/recompiled/IDA/speccpu/clang/O0/sjeng-clang-O0/findlowest/src/see.c:174:55: error: expected ']'")
('error:', "/home/yanlin/my-projects/decompilation/source_code/recompiled/IDA/speccpu/clang/O0/sjeng-clang-O0/findlowest/src/see.c:177:26: error: use of undeclared identifier '__int64'")
('error:', "/home/yanlin/my-projects/decompilation/source_code/recompiled/IDA/speccpu/clang/O0/sjeng-clang-O0/findlowest/src/see.c:177:34: error: expected ']'")
('error:', "/home/yanlin/my-projects/decompilation/source_code/recompiled/IDA/speccpu/clang/O0/sjeng-clang-O0/findlowest/src/see.c:178:19: error: use of undeclared identifier '__int64'")
('error:', "/home/yanlin/my-projects/decompilation/source_code/recompiled/IDA/speccpu/clang/O0/sjeng-clang-O0/findlowest/src/see.c:178:27: error: expected ']'")
('error:', "/home/yanlin/my-projects/decompilation/source_code/recompiled/IDA/speccpu/clang/O0/sjeng-clang-O0/findlowest/src/see.c:178:58: error: use of undeclared identifier '__int64'")
('error:', "/home/yanlin/my-projects/decompilation/source_code/recompiled/IDA/speccpu/clang/O0/sjeng-clang-O0/findlowest/src/see.c:178:66: error: expected ']'")
('error:', "/home/yanlin/my-projects/decompilation/source_code/recompiled/IDA/speccpu/clang/O0/sjeng-clang-O0/findlowest/src/see.c:179:19: error: use of undeclared identifier '__int64'")
('error:', "/home/yanlin/my-projects/decompilation/source_code/recompiled/IDA/speccpu/clang/O0/sjeng-clang-O0/findlowest/src/see.c:179:27: error: expected ']'")
***************** Next Function ******************
('func_count:', 22)
("func_name '", 'check_legal', "'")
('err_func:', '/data/maliha/decompilation/data/error_without_patch/ida/speccpu/clang/O0/sjeng-clang-O0-compilation-errors/check_legal')
('err_funcfile:', '/data/maliha/decompilation/data/error_without_patch/ida/speccpu/clang/O0/sjeng-clang-O0-compilation-errors/check_legal')
***************** Next Function ******************
('func_count:', 23)
("func_name '", 'l_bishop_mobility', "'")
('err_func:', '/data/maliha/decompilation/data/error_without_patch/ida/speccpu/clang/O0/sjeng-clang-O0-compilation-errors/l_bishop_mobility')
('err_funcfile:', '/data/maliha/decompilation/data/error_without_patch/ida/speccpu/clang/O0/sjeng-clang-O0-compilation-errors/l_bishop_mobility')
***************** Next Function ******************
('func_count:', 24)
("func_name '", 'black_saccers', "'")
('err_func:', '/data/maliha/decompilation/data/error_without_patch/ida/speccpu/clang/O0/sjeng-clang-O0-compilation-errors/black_saccers')
('err_funcfile:', '/data/maliha/decompilation/data/error_without_patch/ida/speccpu/clang/O0/sjeng-clang-O0-compilation-errors/black_saccers')
***************** Next Function ******************
('func_count:', 25)
("func_name '", 'remove_one', "'")
('err_func:', '/data/maliha/decompilation/data/error_without_patch/ida/speccpu/clang/O0/sjeng-clang-O0-compilation-errors/remove_one')
('err_funcfile:', '/data/maliha/decompilation/data/error_without_patch/ida/speccpu/clang/O0/sjeng-clang-O0-compilation-errors/remove_one')
***************** Next Function ******************
('func_count:', 26)
("func_name '", 'extended_in_check', "'")
('err_func:', '/data/maliha/decompilation/data/error_without_patch/ida/speccpu/clang/O0/sjeng-clang-O0-compilation-errors/extended_in_check')
('err_funcfile:', '/data/maliha/decompilation/data/error_without_patch/ida/speccpu/clang/O0/sjeng-clang-O0-compilation-errors/extended_in_check')
('error:', "/home/yanlin/my-projects/decompilation/source_code/recompiled/IDA/speccpu/clang/O0/sjeng-clang-O0/extended_in_check/src/moves.c:1261:19: error: use of undeclared identifier 'extended_in_check_knight_o'")
('error:', "/home/yanlin/my-projects/decompilation/source_code/recompiled/IDA/speccpu/clang/O0/sjeng-clang-O0/extended_in_check/src/moves.c:1299:17: error: use of undeclared identifier 'extended_in_check_knight_o'")
***************** Next Function ******************
('func_count:', 27)
("func_name '", 'qsearch', "'")
('err_func:', '/data/maliha/decompilation/data/error_without_patch/ida/speccpu/clang/O0/sjeng-clang-O0-compilation-errors/qsearch')
('err_funcfile:', '/data/maliha/decompilation/data/error_without_patch/ida/speccpu/clang/O0/sjeng-clang-O0-compilation-errors/qsearch')
('error:', "/home/yanlin/my-projects/decompilation/source_code/recompiled/IDA/speccpu/clang/O0/sjeng-clang-O0/qsearch/src/search.c:369:12: error: use of undeclared identifier '_WORD'")
('error:', '/home/yanlin/my-projects/decompilation/source_code/recompiled/IDA/speccpu/clang/O0/sjeng-clang-O0/qsearch/src/search.c:467:18: error: expected expression')
('error:', "/home/yanlin/my-projects/decompilation/source_code/recompiled/IDA/speccpu/clang/O0/sjeng-clang-O0/qsearch/src/search.c:467:10: error: use of undeclared identifier '_QWORD'")
('error:', '/home/yanlin/my-projects/decompilation/source_code/recompiled/IDA/speccpu/clang/O0/sjeng-clang-O0/qsearch/src/search.c:467:42: error: expected expression')
('error:', "/home/yanlin/my-projects/decompilation/source_code/recompiled/IDA/speccpu/clang/O0/sjeng-clang-O0/qsearch/src/search.c:467:34: error: use of undeclared identifier '_QWORD'")
('error:', '/home/yanlin/my-projects/decompilation/source_code/recompiled/IDA/speccpu/clang/O0/sjeng-clang-O0/qsearch/src/search.c:468:18: error: expected expression')
('error:', "/home/yanlin/my-projects/decompilation/source_code/recompiled/IDA/speccpu/clang/O0/sjeng-clang-O0/qsearch/src/search.c:468:10: error: use of undeclared identifier '_QWORD'")
('error:', '/home/yanlin/my-projects/decompilation/source_code/recompiled/IDA/speccpu/clang/O0/sjeng-clang-O0/qsearch/src/search.c:468:46: error: expected expression')
('error:', "/home/yanlin/my-projects/decompilation/source_code/recompiled/IDA/speccpu/clang/O0/sjeng-clang-O0/qsearch/src/search.c:468:38: error: use of undeclared identifier '_QWORD'")
('error:', '/home/yanlin/my-projects/decompilation/source_code/recompiled/IDA/speccpu/clang/O0/sjeng-clang-O0/qsearch/src/search.c:469:18: error: expected expression')
('error:', "/home/yanlin/my-projects/decompilation/source_code/recompiled/IDA/speccpu/clang/O0/sjeng-clang-O0/qsearch/src/search.c:469:10: error: use of undeclared identifier '_QWORD'")
('error:', '/home/yanlin/my-projects/decompilation/source_code/recompiled/IDA/speccpu/clang/O0/sjeng-clang-O0/qsearch/src/search.c:469:45: error: expected expression')
('error:', "/home/yanlin/my-projects/decompilation/source_code/recompiled/IDA/speccpu/clang/O0/sjeng-clang-O0/qsearch/src/search.c:469:37: error: use of undeclared identifier '_QWORD'")
('error:', '/home/yanlin/my-projects/decompilation/source_code/recompiled/IDA/speccpu/clang/O0/sjeng-clang-O0/qsearch/src/search.c:474:20: error: expected expression')
('error:', "/home/yanlin/my-projects/decompilation/source_code/recompiled/IDA/speccpu/clang/O0/sjeng-clang-O0/qsearch/src/search.c:474:12: error: use of undeclared identifier '_QWORD'")
('error:', '/home/yanlin/my-projects/decompilation/source_code/recompiled/IDA/speccpu/clang/O0/sjeng-clang-O0/qsearch/src/search.c:474:44: error: expected expression')
('error:', "/home/yanlin/my-projects/decompilation/source_code/recompiled/IDA/speccpu/clang/O0/sjeng-clang-O0/qsearch/src/search.c:474:36: error: use of undeclared identifier '_QWORD'")
('error:', '/home/yanlin/my-projects/decompilation/source_code/recompiled/IDA/speccpu/clang/O0/sjeng-clang-O0/qsearch/src/search.c:475:20: error: expected expression')
('error:', "/home/yanlin/my-projects/decompilation/source_code/recompiled/IDA/speccpu/clang/O0/sjeng-clang-O0/qsearch/src/search.c:475:12: error: use of undeclared identifier '_QWORD'")
('error:', 'fatal error: too many errors emitted, stopping now [-ferror-limit=]')
***************** Next Function ******************
('func_count:', 28)
("func_name '", 'l_rook_mobility', "'")
('err_func:', '/data/maliha/decompilation/data/error_without_patch/ida/speccpu/clang/O0/sjeng-clang-O0-compilation-errors/l_rook_mobility')
('err_funcfile:', '/data/maliha/decompilation/data/error_without_patch/ida/speccpu/clang/O0/sjeng-clang-O0-compilation-errors/l_rook_mobility')
***************** Next Function ******************
('func_count:', 29)
("func_name '", 'post_fail_thinking', "'")
('err_func:', '/data/maliha/decompilation/data/error_without_patch/ida/speccpu/clang/O0/sjeng-clang-O0-compilation-errors/post_fail_thinking')
('err_funcfile:', '/data/maliha/decompilation/data/error_without_patch/ida/speccpu/clang/O0/sjeng-clang-O0-compilation-errors/post_fail_thinking')
***************** Next Function ******************
('func_count:', 30)
("func_name '", 'proofnumbersearch', "'")
('err_func:', '/data/maliha/decompilation/data/error_without_patch/ida/speccpu/clang/O0/sjeng-clang-O0-compilation-errors/proofnumbersearch')
('err_funcfile:', '/data/maliha/decompilation/data/error_without_patch/ida/speccpu/clang/O0/sjeng-clang-O0-compilation-errors/proofnumbersearch')
('error:', "/home/yanlin/my-projects/decompilation/source_code/recompiled/IDA/speccpu/clang/O0/sjeng-clang-O0/proofnumbersearch/src/proof.c:1242:3: error: unknown type name '__int64'; did you mean '__int64_t'?")
('error:', "/home/yanlin/my-projects/decompilation/source_code/recompiled/IDA/speccpu/clang/O0/sjeng-clang-O0/proofnumbersearch/src/proof.c:1245:3: error: unknown type name '__int64'; did you mean '__int64_t'?")
('error:', "/home/yanlin/my-projects/decompilation/source_code/recompiled/IDA/speccpu/clang/O0/sjeng-clang-O0/proofnumbersearch/src/proof.c:1247:7: error: expected ';' after expression")
('error:', "/home/yanlin/my-projects/decompilation/source_code/recompiled/IDA/speccpu/clang/O0/sjeng-clang-O0/proofnumbersearch/src/proof.c:1247:3: error: use of undeclared identifier 'bool'; did you mean 'book'?")
('error:', "/home/yanlin/my-projects/decompilation/source_code/recompiled/IDA/speccpu/clang/O0/sjeng-clang-O0/proofnumbersearch/src/proof.c:1247:8: error: use of undeclared identifier 'v6'")
('error:', "/home/yanlin/my-projects/decompilation/source_code/recompiled/IDA/speccpu/clang/O0/sjeng-clang-O0/proofnumbersearch/src/proof.c:1269:24: error: expected ')'")
('error:', "/home/yanlin/my-projects/decompilation/source_code/recompiled/IDA/speccpu/clang/O0/sjeng-clang-O0/proofnumbersearch/src/proof.c:1277:7: error: use of undeclared identifier 'v6'")
('error:', "/home/yanlin/my-projects/decompilation/source_code/recompiled/IDA/speccpu/clang/O0/sjeng-clang-O0/proofnumbersearch/src/proof.c:1280:9: error: use of undeclared identifier 'v6'")
('error:', "/home/yanlin/my-projects/decompilation/source_code/recompiled/IDA/speccpu/clang/O0/sjeng-clang-O0/proofnumbersearch/src/proof.c:1282:11: error: use of undeclared identifier 'v6'")
('error:', "/home/yanlin/my-projects/decompilation/source_code/recompiled/IDA/speccpu/clang/O0/sjeng-clang-O0/proofnumbersearch/src/proof.c:1282:52: error: expected ')'")
('error:', "/home/yanlin/my-projects/decompilation/source_code/recompiled/IDA/speccpu/clang/O0/sjeng-clang-O0/proofnumbersearch/src/proof.c:1284:14: error: use of undeclared identifier 'v6'")
('error:', "/home/yanlin/my-projects/decompilation/source_code/recompiled/IDA/speccpu/clang/O0/sjeng-clang-O0/proofnumbersearch/src/proof.c:1297:37: error: expected ')'")
('error:', "/home/yanlin/my-projects/decompilation/source_code/recompiled/IDA/speccpu/clang/O0/sjeng-clang-O0/proofnumbersearch/src/proof.c:1297:83: error: expected ')'")
('error:', '/home/yanlin/my-projects/decompilation/source_code/recompiled/IDA/speccpu/clang/O0/sjeng-clang-O0/proofnumbersearch/src/proof.c:1311:22: error: expression is not assignable')
***************** Next Function ******************
('func_count:', 31)
("func_name '", 'suicide_mid_eval', "'")
('err_func:', '/data/maliha/decompilation/data/error_without_patch/ida/speccpu/clang/O0/sjeng-clang-O0-compilation-errors/suicide_mid_eval')
('err_funcfile:', '/data/maliha/decompilation/data/error_without_patch/ida/speccpu/clang/O0/sjeng-clang-O0-compilation-errors/suicide_mid_eval')
***************** Next Function ******************
('func_count:', 32)
("func_name '", 'text_to_piece', "'")
('err_func:', '/data/maliha/decompilation/data/error_without_patch/ida/speccpu/clang/O0/sjeng-clang-O0-compilation-errors/text_to_piece')
('err_funcfile:', '/data/maliha/decompilation/data/error_without_patch/ida/speccpu/clang/O0/sjeng-clang-O0-compilation-errors/text_to_piece')
***************** Next Function ******************
('func_count:', 33)
("func_name '", 'removeHolding', "'")
('err_func:', '/data/maliha/decompilation/data/error_without_patch/ida/speccpu/clang/O0/sjeng-clang-O0-compilation-errors/removeHolding')
('err_funcfile:', '/data/maliha/decompilation/data/error_without_patch/ida/speccpu/clang/O0/sjeng-clang-O0-compilation-errors/removeHolding')
('error:', "/home/yanlin/my-projects/decompilation/source_code/recompiled/IDA/speccpu/clang/O0/sjeng-clang-O0/removeHolding/src/crazy.c:242:21: error: use of undeclared identifier '__int64'")
('error:', "/home/yanlin/my-projects/decompilation/source_code/recompiled/IDA/speccpu/clang/O0/sjeng-clang-O0/removeHolding/src/crazy.c:242:29: error: expected ']'")
('error:', "/home/yanlin/my-projects/decompilation/source_code/recompiled/IDA/speccpu/clang/O0/sjeng-clang-O0/removeHolding/src/crazy.c:244:21: error: use of undeclared identifier '__int64'")
('error:', "/home/yanlin/my-projects/decompilation/source_code/recompiled/IDA/speccpu/clang/O0/sjeng-clang-O0/removeHolding/src/crazy.c:244:29: error: expected ']'")
('error:', "/home/yanlin/my-projects/decompilation/source_code/recompiled/IDA/speccpu/clang/O0/sjeng-clang-O0/removeHolding/src/crazy.c:246:42: error: use of undeclared identifier '__int64'")
('error:', "/home/yanlin/my-projects/decompilation/source_code/recompiled/IDA/speccpu/clang/O0/sjeng-clang-O0/removeHolding/src/crazy.c:246:50: error: expected ']'")
***************** Next Function ******************
('func_count:', 34)
("func_name '", 'reloadMT', "'")
('err_func:', '/data/maliha/decompilation/data/error_without_patch/ida/speccpu/clang/O0/sjeng-clang-O0-compilation-errors/reloadMT')
('err_funcfile:', '/data/maliha/decompilation/data/error_without_patch/ida/speccpu/clang/O0/sjeng-clang-O0-compilation-errors/reloadMT')
***************** Next Function ******************
('func_count:', 35)
("func_name '", 'Queen', "'")
('err_func:', '/data/maliha/decompilation/data/error_without_patch/ida/speccpu/clang/O0/sjeng-clang-O0-compilation-errors/Queen')
('err_funcfile:', '/data/maliha/decompilation/data/error_without_patch/ida/speccpu/clang/O0/sjeng-clang-O0-compilation-errors/Queen')
***************** Next Function ******************
('func_count:', 36)
("func_name '", 'push_pawn', "'")
('err_func:', '/data/maliha/decompilation/data/error_without_patch/ida/speccpu/clang/O0/sjeng-clang-O0-compilation-errors/push_pawn')
('err_funcfile:', '/data/maliha/decompilation/data/error_without_patch/ida/speccpu/clang/O0/sjeng-clang-O0-compilation-errors/push_pawn')
***************** Next Function ******************
('func_count:', 37)
("func_name '", 'clear_tt', "'")
('err_func:', '/data/maliha/decompilation/data/error_without_patch/ida/speccpu/clang/O0/sjeng-clang-O0-compilation-errors/clear_tt')
('err_funcfile:', '/data/maliha/decompilation/data/error_without_patch/ida/speccpu/clang/O0/sjeng-clang-O0-compilation-errors/clear_tt')
***************** Next Function ******************
('func_count:', 38)
("func_name '", 'setup_attackers', "'")
('err_func:', '/data/maliha/decompilation/data/error_without_patch/ida/speccpu/clang/O0/sjeng-clang-O0-compilation-errors/setup_attackers')
('err_funcfile:', '/data/maliha/decompilation/data/error_without_patch/ida/speccpu/clang/O0/sjeng-clang-O0-compilation-errors/setup_attackers')
('error:', "/home/yanlin/my-projects/decompilation/source_code/recompiled/IDA/speccpu/clang/O0/sjeng-clang-O0/setup_attackers/src/see.c:39:12: error: use of undeclared identifier 'setup_attackers_rook_o'")
('error:', "/home/yanlin/my-projects/decompilation/source_code/recompiled/IDA/speccpu/clang/O0/sjeng-clang-O0/setup_attackers/src/see.c:69:15: error: use of undeclared identifier 'setup_attackers_rook_o'")
('error:', "/home/yanlin/my-projects/decompilation/source_code/recompiled/IDA/speccpu/clang/O0/sjeng-clang-O0/setup_attackers/src/see.c:75:13: error: use of undeclared identifier 'setup_attackers_bishop_o'")
('error:', "/home/yanlin/my-projects/decompilation/source_code/recompiled/IDA/speccpu/clang/O0/sjeng-clang-O0/setup_attackers/src/see.c:117:16: error: use of undeclared identifier 'setup_attackers_bishop_o'")
('error:', "/home/yanlin/my-projects/decompilation/source_code/recompiled/IDA/speccpu/clang/O0/sjeng-clang-O0/setup_attackers/src/see.c:123:13: error: use of undeclared identifier 'setup_attackers_knight_o'")
***************** Next Function ******************
('func_count:', 39)
("func_name '", 'read_rcfile', "'")
('err_func:', '/data/maliha/decompilation/data/error_without_patch/ida/speccpu/clang/O0/sjeng-clang-O0-compilation-errors/read_rcfile')
('err_funcfile:', '/data/maliha/decompilation/data/error_without_patch/ida/speccpu/clang/O0/sjeng-clang-O0-compilation-errors/read_rcfile')
***************** Next Function ******************
('func_count:', 40)
("func_name '", 'ProbeTT', "'")
('err_func:', '/data/maliha/decompilation/data/error_without_patch/ida/speccpu/clang/O0/sjeng-clang-O0-compilation-errors/ProbeTT')
('err_funcfile:', '/data/maliha/decompilation/data/error_without_patch/ida/speccpu/clang/O0/sjeng-clang-O0-compilation-errors/ProbeTT')
('error:', '/home/yanlin/my-projects/decompilation/source_code/recompiled/IDA/speccpu/clang/O0/sjeng-clang-O0/ProbeTT/src/ttable.c:239:20: error: expected expression')
('error:', "/home/yanlin/my-projects/decompilation/source_code/recompiled/IDA/speccpu/clang/O0/sjeng-clang-O0/ProbeTT/src/ttable.c:239:12: error: use of undeclared identifier '_QWORD'")
***************** Next Function ******************
('func_count:', 41)
("func_name '", 'search', "'")
('err_func:', '/data/maliha/decompilation/data/error_without_patch/ida/speccpu/clang/O0/sjeng-clang-O0-compilation-errors/search')
('err_funcfile:', '/data/maliha/decompilation/data/error_without_patch/ida/speccpu/clang/O0/sjeng-clang-O0-compilation-errors/search')
('error:', "/home/yanlin/my-projects/decompilation/source_code/recompiled/IDA/speccpu/clang/O0/sjeng-clang-O0/search/src/search.c:536:3: error: unknown type name '__int64'; did you mean '__int64_t'?")
('error:', "/home/yanlin/my-projects/decompilation/source_code/recompiled/IDA/speccpu/clang/O0/sjeng-clang-O0/search/src/search.c:541:3: error: unknown type name '__int64'; did you mean '__int64_t'?")
('error:', "/home/yanlin/my-projects/decompilation/source_code/recompiled/IDA/speccpu/clang/O0/sjeng-clang-O0/search/src/search.c:549:3: error: unknown type name '__int64'; did you mean '__int64_t'?")
('error:', "/home/yanlin/my-projects/decompilation/source_code/recompiled/IDA/speccpu/clang/O0/sjeng-clang-O0/search/src/search.c:554:7: error: expected ';' after expression")
('error:', "/home/yanlin/my-projects/decompilation/source_code/recompiled/IDA/speccpu/clang/O0/sjeng-clang-O0/search/src/search.c:554:3: error: use of undeclared identifier 'bool'; did you mean 'book'?")
('error:', "/home/yanlin/my-projects/decompilation/source_code/recompiled/IDA/speccpu/clang/O0/sjeng-clang-O0/search/src/search.c:554:8: error: use of undeclared identifier 'v27'")
('error:', "/home/yanlin/my-projects/decompilation/source_code/recompiled/IDA/speccpu/clang/O0/sjeng-clang-O0/search/src/search.c:561:7: error: expected ';' after expression")
('error:', "/home/yanlin/my-projects/decompilation/source_code/recompiled/IDA/speccpu/clang/O0/sjeng-clang-O0/search/src/search.c:561:3: error: use of undeclared identifier 'bool'; did you mean 'book'?")
('error:', "/home/yanlin/my-projects/decompilation/source_code/recompiled/IDA/speccpu/clang/O0/sjeng-clang-O0/search/src/search.c:561:8: error: use of undeclared identifier 'v34'")
('error:', "/home/yanlin/my-projects/decompilation/source_code/recompiled/IDA/speccpu/clang/O0/sjeng-clang-O0/search/src/search.c:572:3: error: unknown type name '__int64'; did you mean '__int64_t'?")
('error:', "/home/yanlin/my-projects/decompilation/source_code/recompiled/IDA/speccpu/clang/O0/sjeng-clang-O0/search/src/search.c:573:3: error: unknown type name '__int64'; did you mean '__int64_t'?")
('error:', "/home/yanlin/my-projects/decompilation/source_code/recompiled/IDA/speccpu/clang/O0/sjeng-clang-O0/search/src/search.c:574:3: error: unknown type name '__int64'; did you mean '__int64_t'?")
('error:', "/home/yanlin/my-projects/decompilation/source_code/recompiled/IDA/speccpu/clang/O0/sjeng-clang-O0/search/src/search.c:575:3: error: unknown type name '__int64'; did you mean '__int64_t'?")
('error:', "/home/yanlin/my-projects/decompilation/source_code/recompiled/IDA/speccpu/clang/O0/sjeng-clang-O0/search/src/search.c:576:3: error: unknown type name '__int64'; did you mean '__int64_t'?")
('error:', "/home/yanlin/my-projects/decompilation/source_code/recompiled/IDA/speccpu/clang/O0/sjeng-clang-O0/search/src/search.c:577:3: error: unknown type name '__int64'; did you mean '__int64_t'?")
('error:', "/home/yanlin/my-projects/decompilation/source_code/recompiled/IDA/speccpu/clang/O0/sjeng-clang-O0/search/src/search.c:610:12: error: use of undeclared identifier '_WORD'")
('error:', "/home/yanlin/my-projects/decompilation/source_code/recompiled/IDA/speccpu/clang/O0/sjeng-clang-O0/search/src/search.c:654:10: error: use of undeclared identifier 'search_rc_index'")
('error:', "/home/yanlin/my-projects/decompilation/source_code/recompiled/IDA/speccpu/clang/O0/sjeng-clang-O0/search/src/search.c:654:53: error: use of undeclared identifier 'search_rc_index'")
('error:', "/home/yanlin/my-projects/decompilation/source_code/recompiled/IDA/speccpu/clang/O0/sjeng-clang-O0/search/src/search.c:818:11: error: use of undeclared identifier 'v34'")
('error:', 'fatal error: too many errors emitted, stopping now [-ferror-limit=]')
***************** Next Function ******************
('func_count:', 42)
("func_name '", 'ResetHandValue', "'")
('err_func:', '/data/maliha/decompilation/data/error_without_patch/ida/speccpu/clang/O0/sjeng-clang-O0-compilation-errors/ResetHandValue')
('err_funcfile:', '/data/maliha/decompilation/data/error_without_patch/ida/speccpu/clang/O0/sjeng-clang-O0-compilation-errors/ResetHandValue')
***************** Next Function ******************
('func_count:', 43)
("func_name '", 'think', "'")
('err_func:', '/data/maliha/decompilation/data/error_without_patch/ida/speccpu/clang/O0/sjeng-clang-O0-compilation-errors/think')
('err_funcfile:', '/data/maliha/decompilation/data/error_without_patch/ida/speccpu/clang/O0/sjeng-clang-O0-compilation-errors/think')
('error:', "/home/yanlin/my-projects/decompilation/source_code/recompiled/IDA/speccpu/clang/O0/sjeng-clang-O0/think/src/search.c:1443:17: error: conflicting types for 'think'")
('error:', '/home/yanlin/my-projects/decompilation/source_code/recompiled/IDA/speccpu/clang/O0/sjeng-clang-O0/think/src/search.c:1509:19: error: subscripted value is not an array, pointer, or vector')
('error:', '/home/yanlin/my-projects/decompilation/source_code/recompiled/IDA/speccpu/clang/O0/sjeng-clang-O0/think/src/search.c:1651:56: error: too many arguments to function call, expected 3, have 4')
('error:', '/home/yanlin/my-projects/decompilation/source_code/recompiled/IDA/speccpu/clang/O0/sjeng-clang-O0/think/src/search.c:1663:55: error: too many arguments to function call, expected 3, have 4')
('error:', '/home/yanlin/my-projects/decompilation/source_code/recompiled/IDA/speccpu/clang/O0/sjeng-clang-O0/think/src/search.c:1672:53: error: too many arguments to function call, expected 3, have 4')
('error:', '/home/yanlin/my-projects/decompilation/source_code/recompiled/IDA/speccpu/clang/O0/sjeng-clang-O0/think/src/search.c:1698:27: error: subscripted value is not an array, pointer, or vector')
('error:', "/home/yanlin/my-projects/decompilation/source_code/recompiled/IDA/speccpu/clang/O0/sjeng-clang-O0/think/src/search.c:1730:31: error: too many arguments to function call, expected single argument 'compmove', have 2 arguments")
('error:', '/home/yanlin/my-projects/decompilation/source_code/recompiled/IDA/speccpu/clang/O0/sjeng-clang-O0/think/src/search.c:1805:22: error: subscripted value is not an array, pointer, or vector')
('error:', "/home/yanlin/my-projects/decompilation/source_code/recompiled/IDA/speccpu/clang/O0/sjeng-clang-O0/think/src/search.c:1811:7: error: use of undeclared identifier 'MEMORY'")
***************** Next Function ******************
('func_count:', 44)
("func_name '", 'perft_debug', "'")
('err_func:', '/data/maliha/decompilation/data/error_without_patch/ida/speccpu/clang/O0/sjeng-clang-O0-compilation-errors/perft_debug')
('err_funcfile:', '/data/maliha/decompilation/data/error_without_patch/ida/speccpu/clang/O0/sjeng-clang-O0-compilation-errors/perft_debug')
('error:', "/home/yanlin/my-projects/decompilation/source_code/recompiled/IDA/speccpu/clang/O0/sjeng-clang-O0/perft_debug/src/utils.c:442:14: error: variable has incomplete type 'void'")
('error:', "/home/yanlin/my-projects/decompilation/source_code/recompiled/IDA/speccpu/clang/O0/sjeng-clang-O0/perft_debug/src/utils.c:442:24: error: expected ';' after top level declarator")
***************** Next Function ******************
('func_count:', 45)
("func_name '", 'push_knighT', "'")
('err_func:', '/data/maliha/decompilation/data/error_without_patch/ida/speccpu/clang/O0/sjeng-clang-O0-compilation-errors/push_knighT')
('err_funcfile:', '/data/maliha/decompilation/data/error_without_patch/ida/speccpu/clang/O0/sjeng-clang-O0-compilation-errors/push_knighT')
***************** Next Function ******************
('func_count:', 46)
("func_name '", 'Knight', "'")
('err_func:', '/data/maliha/decompilation/data/error_without_patch/ida/speccpu/clang/O0/sjeng-clang-O0-compilation-errors/Knight')
('err_funcfile:', '/data/maliha/decompilation/data/error_without_patch/ida/speccpu/clang/O0/sjeng-clang-O0-compilation-errors/Knight')
***************** Next Function ******************
('func_count:', 47)
("func_name '", 'l_knight_mobility', "'")
('err_func:', '/data/maliha/decompilation/data/error_without_patch/ida/speccpu/clang/O0/sjeng-clang-O0-compilation-errors/l_knight_mobility')
('err_funcfile:', '/data/maliha/decompilation/data/error_without_patch/ida/speccpu/clang/O0/sjeng-clang-O0-compilation-errors/l_knight_mobility')
('error:', "/home/yanlin/my-projects/decompilation/source_code/recompiled/IDA/speccpu/clang/O0/sjeng-clang-O0/l_knight_mobility/src/leval.c:70:17: error: use of undeclared identifier 'l_knight_mobility_knight_o'")
***************** Next Function ******************
('func_count:', 48)
("func_name '", 'BegForPartner', "'")
('err_func:', '/data/maliha/decompilation/data/error_without_patch/ida/speccpu/clang/O0/sjeng-clang-O0-compilation-errors/BegForPartner')
('err_funcfile:', '/data/maliha/decompilation/data/error_without_patch/ida/speccpu/clang/O0/sjeng-clang-O0-compilation-errors/BegForPartner')
***************** Next Function ******************
('func_count:', 49)
("func_name '", 'post_fl_thinking', "'")
('err_func:', '/data/maliha/decompilation/data/error_without_patch/ida/speccpu/clang/O0/sjeng-clang-O0-compilation-errors/post_fl_thinking')
('err_funcfile:', '/data/maliha/decompilation/data/error_without_patch/ida/speccpu/clang/O0/sjeng-clang-O0-compilation-errors/post_fl_thinking')
***************** Next Function ******************
('func_count:', 50)
("func_name '", 'check_piece_square', "'")
('err_func:', '/data/maliha/decompilation/data/error_without_patch/ida/speccpu/clang/O0/sjeng-clang-O0-compilation-errors/check_piece_square')
('err_funcfile:', '/data/maliha/decompilation/data/error_without_patch/ida/speccpu/clang/O0/sjeng-clang-O0-compilation-errors/check_piece_square')
('error:', "/home/yanlin/my-projects/decompilation/source_code/recompiled/IDA/speccpu/clang/O0/sjeng-clang-O0/check_piece_square/src/utils.c:773:7: error: use of undeclared identifier 'MEMORY'")
('error:', "/home/yanlin/my-projects/decompilation/source_code/recompiled/IDA/speccpu/clang/O0/sjeng-clang-O0/check_piece_square/src/utils.c:779:7: error: use of undeclared identifier 'MEMORY'")
('error:', "/home/yanlin/my-projects/decompilation/source_code/recompiled/IDA/speccpu/clang/O0/sjeng-clang-O0/check_piece_square/src/utils.c:787:9: error: use of undeclared identifier 'MEMORY'")
('error:', "/home/yanlin/my-projects/decompilation/source_code/recompiled/IDA/speccpu/clang/O0/sjeng-clang-O0/check_piece_square/src/utils.c:797:7: error: use of undeclared identifier 'MEMORY'")
('error:', "/home/yanlin/my-projects/decompilation/source_code/recompiled/IDA/speccpu/clang/O0/sjeng-clang-O0/check_piece_square/src/utils.c:803:7: error: use of undeclared identifier 'MEMORY'")
('error:', "/home/yanlin/my-projects/decompilation/source_code/recompiled/IDA/speccpu/clang/O0/sjeng-clang-O0/check_piece_square/src/utils.c:809:7: error: use of undeclared identifier 'MEMORY'")
***************** Next Function ******************
('func_count:', 51)
("func_name '", 'choose_book_move', "'")
('err_func:', '/data/maliha/decompilation/data/error_without_patch/ida/speccpu/clang/O0/sjeng-clang-O0-compilation-errors/choose_book_move')
('err_funcfile:', '/data/maliha/decompilation/data/error_without_patch/ida/speccpu/clang/O0/sjeng-clang-O0-compilation-errors/choose_book_move')
***************** Next Function ******************
('func_count:', 52)
("func_name '", 'select_most_proving', "'")
('err_func:', '/data/maliha/decompilation/data/error_without_patch/ida/speccpu/clang/O0/sjeng-clang-O0-compilation-errors/select_most_proving')
('err_funcfile:', '/data/maliha/decompilation/data/error_without_patch/ida/speccpu/clang/O0/sjeng-clang-O0-compilation-errors/select_most_proving')
***************** Next Function ******************
('func_count:', 53)
("func_name '", 'GreetPartner', "'")
('err_func:', '/data/maliha/decompilation/data/error_without_patch/ida/speccpu/clang/O0/sjeng-clang-O0-compilation-errors/GreetPartner')
('err_funcfile:', '/data/maliha/decompilation/data/error_without_patch/ida/speccpu/clang/O0/sjeng-clang-O0-compilation-errors/GreetPartner')
***************** Next Function ******************
('func_count:', 54)
("func_name '", 'allocate_time', "'")
('err_func:', '/data/maliha/decompilation/data/error_without_patch/ida/speccpu/clang/O0/sjeng-clang-O0-compilation-errors/allocate_time')
('err_funcfile:', '/data/maliha/decompilation/data/error_without_patch/ida/speccpu/clang/O0/sjeng-clang-O0-compilation-errors/allocate_time')
***************** Next Function ******************
('func_count:', 55)
("func_name '", 'PutPiece', "'")
('err_func:', '/data/maliha/decompilation/data/error_without_patch/ida/speccpu/clang/O0/sjeng-clang-O0-compilation-errors/PutPiece')
('err_funcfile:', '/data/maliha/decompilation/data/error_without_patch/ida/speccpu/clang/O0/sjeng-clang-O0-compilation-errors/PutPiece')
***************** Next Function ******************
('func_count:', 56)
("func_name '", 'Xmalloc', "'")
('err_func:', '/data/maliha/decompilation/data/error_without_patch/ida/speccpu/clang/O0/sjeng-clang-O0-compilation-errors/Xmalloc')
('err_funcfile:', '/data/maliha/decompilation/data/error_without_patch/ida/speccpu/clang/O0/sjeng-clang-O0-compilation-errors/Xmalloc')
***************** Next Function ******************
('func_count:', 57)
("func_name '", 'std_eval', "'")
('err_func:', '/data/maliha/decompilation/data/error_without_patch/ida/speccpu/clang/O0/sjeng-clang-O0-compilation-errors/std_eval')
('err_funcfile:', '/data/maliha/decompilation/data/error_without_patch/ida/speccpu/clang/O0/sjeng-clang-O0-compilation-errors/std_eval')
('error:', "/home/yanlin/my-projects/decompilation/source_code/recompiled/IDA/speccpu/clang/O0/sjeng-clang-O0/std_eval/src/neval.c:493:36: error: expected ')'")
('error:', "/home/yanlin/my-projects/decompilation/source_code/recompiled/IDA/speccpu/clang/O0/sjeng-clang-O0/std_eval/src/neval.c:502:36: error: expected ')'")
***************** Next Function ******************
('func_count:', 58)
("func_name '", 'clear_dp_tt', "'")
('err_func:', '/data/maliha/decompilation/data/error_without_patch/ida/speccpu/clang/O0/sjeng-clang-O0-compilation-errors/clear_dp_tt')
('err_funcfile:', '/data/maliha/decompilation/data/error_without_patch/ida/speccpu/clang/O0/sjeng-clang-O0-compilation-errors/clear_dp_tt')
***************** Next Function ******************
('func_count:', 59)
("func_name '", 'storeECache', "'")
('err_func:', '/data/maliha/decompilation/data/error_without_patch/ida/speccpu/clang/O0/sjeng-clang-O0-compilation-errors/storeECache')
('err_funcfile:', '/data/maliha/decompilation/data/error_without_patch/ida/speccpu/clang/O0/sjeng-clang-O0-compilation-errors/storeECache')
***************** Next Function ******************
('func_count:', 60)
("func_name '", 'proofnumbercheck', "'")
('err_func:', '/data/maliha/decompilation/data/error_without_patch/ida/speccpu/clang/O0/sjeng-clang-O0-compilation-errors/proofnumbercheck')
('err_funcfile:', '/data/maliha/decompilation/data/error_without_patch/ida/speccpu/clang/O0/sjeng-clang-O0-compilation-errors/proofnumbercheck')
('error:', "/home/yanlin/my-projects/decompilation/source_code/recompiled/IDA/speccpu/clang/O0/sjeng-clang-O0/proofnumbercheck/src/proof.c:1486:17: error: conflicting types for 'proofnumbercheck'")
('error:', "/home/yanlin/my-projects/decompilation/source_code/recompiled/IDA/speccpu/clang/O0/sjeng-clang-O0/proofnumbercheck/src/proof.c:1489:3: error: unknown type name '__int64'; did you mean '__int64_t'?")
('error:', "/home/yanlin/my-projects/decompilation/source_code/recompiled/IDA/speccpu/clang/O0/sjeng-clang-O0/proofnumbercheck/src/proof.c:1491:7: error: expected ';' after expression")
('error:', "/home/yanlin/my-projects/decompilation/source_code/recompiled/IDA/speccpu/clang/O0/sjeng-clang-O0/proofnumbercheck/src/proof.c:1491:3: error: use of undeclared identifier 'bool'; did you mean 'book'?")
('error:', "/home/yanlin/my-projects/decompilation/source_code/recompiled/IDA/speccpu/clang/O0/sjeng-clang-O0/proofnumbercheck/src/proof.c:1491:8: error: use of undeclared identifier 'v6'")
('error:', "/home/yanlin/my-projects/decompilation/source_code/recompiled/IDA/speccpu/clang/O0/sjeng-clang-O0/proofnumbercheck/src/proof.c:1514:26: error: expected ')'")
('error:', "/home/yanlin/my-projects/decompilation/source_code/recompiled/IDA/speccpu/clang/O0/sjeng-clang-O0/proofnumbercheck/src/proof.c:1520:7: error: use of undeclared identifier 'v6'")
('error:', "/home/yanlin/my-projects/decompilation/source_code/recompiled/IDA/speccpu/clang/O0/sjeng-clang-O0/proofnumbercheck/src/proof.c:1523:9: error: use of undeclared identifier 'v6'")
('error:', "/home/yanlin/my-projects/decompilation/source_code/recompiled/IDA/speccpu/clang/O0/sjeng-clang-O0/proofnumbercheck/src/proof.c:1525:11: error: use of undeclared identifier 'v6'")
('error:', "/home/yanlin/my-projects/decompilation/source_code/recompiled/IDA/speccpu/clang/O0/sjeng-clang-O0/proofnumbercheck/src/proof.c:1525:52: error: expected ')'")
('error:', "/home/yanlin/my-projects/decompilation/source_code/recompiled/IDA/speccpu/clang/O0/sjeng-clang-O0/proofnumbercheck/src/proof.c:1527:14: error: use of undeclared identifier 'v6'")
('error:', "/home/yanlin/my-projects/decompilation/source_code/recompiled/IDA/speccpu/clang/O0/sjeng-clang-O0/proofnumbercheck/src/proof.c:1540:37: error: expected ')'")
('error:', "/home/yanlin/my-projects/decompilation/source_code/recompiled/IDA/speccpu/clang/O0/sjeng-clang-O0/proofnumbercheck/src/proof.c:1540:83: error: expected ')'")
***************** Next Function ******************
('func_count:', 61)
("func_name '", 'is_draw', "'")
('err_func:', '/data/maliha/decompilation/data/error_without_patch/ida/speccpu/clang/O0/sjeng-clang-O0-compilation-errors/is_draw')
('err_funcfile:', '/data/maliha/decompilation/data/error_without_patch/ida/speccpu/clang/O0/sjeng-clang-O0-compilation-errors/is_draw')
('error:', "/home/yanlin/my-projects/decompilation/source_code/recompiled/IDA/speccpu/clang/O0/sjeng-clang-O0/is_draw/src/draw.c:15:7: error: expected ';' after expression")
('error:', "/home/yanlin/my-projects/decompilation/source_code/recompiled/IDA/speccpu/clang/O0/sjeng-clang-O0/is_draw/src/draw.c:15:3: error: use of undeclared identifier 'bool'; did you mean 'book'?")
('error:', "/home/yanlin/my-projects/decompilation/source_code/recompiled/IDA/speccpu/clang/O0/sjeng-clang-O0/is_draw/src/draw.c:15:8: error: use of undeclared identifier 'v1'")
('error:', "/home/yanlin/my-projects/decompilation/source_code/recompiled/IDA/speccpu/clang/O0/sjeng-clang-O0/is_draw/src/draw.c:16:7: error: expected ';' after expression")
('error:', "/home/yanlin/my-projects/decompilation/source_code/recompiled/IDA/speccpu/clang/O0/sjeng-clang-O0/is_draw/src/draw.c:16:3: error: use of undeclared identifier 'bool'; did you mean 'book'?")
('error:', "/home/yanlin/my-projects/decompilation/source_code/recompiled/IDA/speccpu/clang/O0/sjeng-clang-O0/is_draw/src/draw.c:16:8: error: use of undeclared identifier 'v2'")
('error:', "/home/yanlin/my-projects/decompilation/source_code/recompiled/IDA/speccpu/clang/O0/sjeng-clang-O0/is_draw/src/draw.c:31:7: error: use of undeclared identifier 'v2'")
('error:', "/home/yanlin/my-projects/decompilation/source_code/recompiled/IDA/speccpu/clang/O0/sjeng-clang-O0/is_draw/src/draw.c:33:9: error: use of undeclared identifier 'v2'")
('error:', "/home/yanlin/my-projects/decompilation/source_code/recompiled/IDA/speccpu/clang/O0/sjeng-clang-O0/is_draw/src/draw.c:34:14: error: use of undeclared identifier 'v2'")
('error:', "/home/yanlin/my-projects/decompilation/source_code/recompiled/IDA/speccpu/clang/O0/sjeng-clang-O0/is_draw/src/draw.c:44:7: error: use of undeclared identifier 'v1'")
('error:', "/home/yanlin/my-projects/decompilation/source_code/recompiled/IDA/speccpu/clang/O0/sjeng-clang-O0/is_draw/src/draw.c:46:9: error: use of undeclared identifier 'v1'")
('error:', "/home/yanlin/my-projects/decompilation/source_code/recompiled/IDA/speccpu/clang/O0/sjeng-clang-O0/is_draw/src/draw.c:47:14: error: use of undeclared identifier 'v1'")
***************** Next Function ******************
('func_count:', 62)
("func_name '", 'checkECache', "'")
('err_func:', '/data/maliha/decompilation/data/error_without_patch/ida/speccpu/clang/O0/sjeng-clang-O0-compilation-errors/checkECache')
('err_funcfile:', '/data/maliha/decompilation/data/error_without_patch/ida/speccpu/clang/O0/sjeng-clang-O0-compilation-errors/checkECache')
***************** Next Function ******************
('func_count:', 63)
("func_name '", 'Bishop', "'")
('err_func:', '/data/maliha/decompilation/data/error_without_patch/ida/speccpu/clang/O0/sjeng-clang-O0-compilation-errors/Bishop')
('err_funcfile:', '/data/maliha/decompilation/data/error_without_patch/ida/speccpu/clang/O0/sjeng-clang-O0-compilation-errors/Bishop')
***************** Next Function ******************
('func_count:', 64)
("func_name '", 'pn2_eval', "'")
('err_func:', '/data/maliha/decompilation/data/error_without_patch/ida/speccpu/clang/O0/sjeng-clang-O0-compilation-errors/pn2_eval')
('err_funcfile:', '/data/maliha/decompilation/data/error_without_patch/ida/speccpu/clang/O0/sjeng-clang-O0-compilation-errors/pn2_eval')
('error:', "/home/yanlin/my-projects/decompilation/source_code/recompiled/IDA/speccpu/clang/O0/sjeng-clang-O0/pn2_eval/src/proof.c:920:7: error: expected ';' after expression")
('error:', "/home/yanlin/my-projects/decompilation/source_code/recompiled/IDA/speccpu/clang/O0/sjeng-clang-O0/pn2_eval/src/proof.c:920:3: error: use of undeclared identifier 'bool'; did you mean 'book'?")
('error:', "/home/yanlin/my-projects/decompilation/source_code/recompiled/IDA/speccpu/clang/O0/sjeng-clang-O0/pn2_eval/src/proof.c:920:8: error: use of undeclared identifier 'v1'")
('error:', "/home/yanlin/my-projects/decompilation/source_code/recompiled/IDA/speccpu/clang/O0/sjeng-clang-O0/pn2_eval/src/proof.c:932:5: error: use of undeclared identifier 'v1'")
('error:', "/home/yanlin/my-projects/decompilation/source_code/recompiled/IDA/speccpu/clang/O0/sjeng-clang-O0/pn2_eval/src/proof.c:935:7: error: use of undeclared identifier 'v1'")
('error:', "/home/yanlin/my-projects/decompilation/source_code/recompiled/IDA/speccpu/clang/O0/sjeng-clang-O0/pn2_eval/src/proof.c:937:9: error: use of undeclared identifier 'v1'")
('error:', "/home/yanlin/my-projects/decompilation/source_code/recompiled/IDA/speccpu/clang/O0/sjeng-clang-O0/pn2_eval/src/proof.c:939:12: error: use of undeclared identifier 'v1'")
***************** Next Function ******************
('func_count:', 65)
("func_name '", 'freenodes', "'")
('err_func:', '/data/maliha/decompilation/data/error_without_patch/ida/speccpu/clang/O0/sjeng-clang-O0-compilation-errors/freenodes')
('err_funcfile:', '/data/maliha/decompilation/data/error_without_patch/ida/speccpu/clang/O0/sjeng-clang-O0-compilation-errors/freenodes')
***************** Next Function ******************
('func_count:', 66)
("func_name '", 'losers_pn_eval', "'")
('err_func:', '/data/maliha/decompilation/data/error_without_patch/ida/speccpu/clang/O0/sjeng-clang-O0-compilation-errors/losers_pn_eval')
('err_funcfile:', '/data/maliha/decompilation/data/error_without_patch/ida/speccpu/clang/O0/sjeng-clang-O0-compilation-errors/losers_pn_eval')
***************** Next Function ******************
('func_count:', 67)
("func_name '", 'Rook', "'")
('err_func:', '/data/maliha/decompilation/data/error_without_patch/ida/speccpu/clang/O0/sjeng-clang-O0-compilation-errors/Rook')
('err_funcfile:', '/data/maliha/decompilation/data/error_without_patch/ida/speccpu/clang/O0/sjeng-clang-O0-compilation-errors/Rook')
('error:', "/home/yanlin/my-projects/decompilation/source_code/recompiled/IDA/speccpu/clang/O0/sjeng-clang-O0/Rook/src/neval.c:297:17: error: use of undeclared identifier 'Rook_square_d1'")
('error:', "/home/yanlin/my-projects/decompilation/source_code/recompiled/IDA/speccpu/clang/O0/sjeng-clang-O0/Rook/src/neval.c:300:21: error: use of undeclared identifier 'Rook_square_d1'")
('error:', "/home/yanlin/my-projects/decompilation/source_code/recompiled/IDA/speccpu/clang/O0/sjeng-clang-O0/Rook/src/neval.c:301:27: error: expected ')'")
('error:', "/home/yanlin/my-projects/decompilation/source_code/recompiled/IDA/speccpu/clang/O0/sjeng-clang-O0/Rook/src/neval.c:301:40: error: use of undeclared identifier 'Rook_square_d1'")
('error:', "/home/yanlin/my-projects/decompilation/source_code/recompiled/IDA/speccpu/clang/O0/sjeng-clang-O0/Rook/src/neval.c:306:17: error: use of undeclared identifier 'Rook_square_d1'")
***************** Next Function ******************
('func_count:', 68)
("func_name '", 'verify_coord', "'")
('err_func:', '/data/maliha/decompilation/data/error_without_patch/ida/speccpu/clang/O0/sjeng-clang-O0-compilation-errors/verify_coord')
('err_funcfile:', '/data/maliha/decompilation/data/error_without_patch/ida/speccpu/clang/O0/sjeng-clang-O0-compilation-errors/verify_coord')
***************** Next Function ******************
('func_count:', 69)
("func_name '", 'CheckBadFlow', "'")
('err_func:', '/data/maliha/decompilation/data/error_without_patch/ida/speccpu/clang/O0/sjeng-clang-O0-compilation-errors/CheckBadFlow')
('err_funcfile:', '/data/maliha/decompilation/data/error_without_patch/ida/speccpu/clang/O0/sjeng-clang-O0-compilation-errors/CheckBadFlow')
('error:', "/home/yanlin/my-projects/decompilation/source_code/recompiled/IDA/speccpu/clang/O0/sjeng-clang-O0/CheckBadFlow/src/partner.c:495:7: error: expected ';' after expression")
('error:', "/home/yanlin/my-projects/decompilation/source_code/recompiled/IDA/speccpu/clang/O0/sjeng-clang-O0/CheckBadFlow/src/partner.c:495:3: error: use of undeclared identifier 'bool'; did you mean 'book'?")
('error:', "/home/yanlin/my-projects/decompilation/source_code/recompiled/IDA/speccpu/clang/O0/sjeng-clang-O0/CheckBadFlow/src/partner.c:495:8: error: use of undeclared identifier 'v16'")
('error:', "/home/yanlin/my-projects/decompilation/source_code/recompiled/IDA/speccpu/clang/O0/sjeng-clang-O0/CheckBadFlow/src/partner.c:496:7: error: expected ';' after expression")
('error:', "/home/yanlin/my-projects/decompilation/source_code/recompiled/IDA/speccpu/clang/O0/sjeng-clang-O0/CheckBadFlow/src/partner.c:496:3: error: use of undeclared identifier 'bool'; did you mean 'book'?")
('error:', "/home/yanlin/my-projects/decompilation/source_code/recompiled/IDA/speccpu/clang/O0/sjeng-clang-O0/CheckBadFlow/src/partner.c:496:8: error: use of undeclared identifier 'v17'")
('error:', "/home/yanlin/my-projects/decompilation/source_code/recompiled/IDA/speccpu/clang/O0/sjeng-clang-O0/CheckBadFlow/src/partner.c:497:7: error: expected ';' after expression")
('error:', "/home/yanlin/my-projects/decompilation/source_code/recompiled/IDA/speccpu/clang/O0/sjeng-clang-O0/CheckBadFlow/src/partner.c:497:3: error: use of undeclared identifier 'bool'; did you mean 'book'?")
('error:', "/home/yanlin/my-projects/decompilation/source_code/recompiled/IDA/speccpu/clang/O0/sjeng-clang-O0/CheckBadFlow/src/partner.c:497:8: error: use of undeclared identifier 'v18'")
('error:', "/home/yanlin/my-projects/decompilation/source_code/recompiled/IDA/speccpu/clang/O0/sjeng-clang-O0/CheckBadFlow/src/partner.c:498:7: error: expected ';' after expression")
('error:', "/home/yanlin/my-projects/decompilation/source_code/recompiled/IDA/speccpu/clang/O0/sjeng-clang-O0/CheckBadFlow/src/partner.c:498:3: error: use of undeclared identifier 'bool'; did you mean 'book'?")
('error:', "/home/yanlin/my-projects/decompilation/source_code/recompiled/IDA/speccpu/clang/O0/sjeng-clang-O0/CheckBadFlow/src/partner.c:498:8: error: use of undeclared identifier 'v19'")
('error:', "/home/yanlin/my-projects/decompilation/source_code/recompiled/IDA/speccpu/clang/O0/sjeng-clang-O0/CheckBadFlow/src/partner.c:499:7: error: expected ';' after expression")
('error:', "/home/yanlin/my-projects/decompilation/source_code/recompiled/IDA/speccpu/clang/O0/sjeng-clang-O0/CheckBadFlow/src/partner.c:499:3: error: use of undeclared identifier 'bool'; did you mean 'book'?")
('error:', "/home/yanlin/my-projects/decompilation/source_code/recompiled/IDA/speccpu/clang/O0/sjeng-clang-O0/CheckBadFlow/src/partner.c:499:8: error: use of undeclared identifier 'v20'")
('error:', "/home/yanlin/my-projects/decompilation/source_code/recompiled/IDA/speccpu/clang/O0/sjeng-clang-O0/CheckBadFlow/src/partner.c:500:7: error: expected ';' after expression")
('error:', "/home/yanlin/my-projects/decompilation/source_code/recompiled/IDA/speccpu/clang/O0/sjeng-clang-O0/CheckBadFlow/src/partner.c:500:3: error: use of undeclared identifier 'bool'; did you mean 'book'?")
('error:', "/home/yanlin/my-projects/decompilation/source_code/recompiled/IDA/speccpu/clang/O0/sjeng-clang-O0/CheckBadFlow/src/partner.c:500:8: error: use of undeclared identifier 'v21'")
('error:', "/home/yanlin/my-projects/decompilation/source_code/recompiled/IDA/speccpu/clang/O0/sjeng-clang-O0/CheckBadFlow/src/partner.c:501:7: error: expected ';' after expression")
('error:', 'fatal error: too many errors emitted, stopping now [-ferror-limit=]')
***************** Next Function ******************
('func_count:', 70)
("func_name '", 'reset_board', "'")
('err_func:', '/data/maliha/decompilation/data/error_without_patch/ida/speccpu/clang/O0/sjeng-clang-O0-compilation-errors/reset_board')
('err_funcfile:', '/data/maliha/decompilation/data/error_without_patch/ida/speccpu/clang/O0/sjeng-clang-O0-compilation-errors/reset_board')
('error:', "/home/yanlin/my-projects/decompilation/source_code/recompiled/IDA/speccpu/clang/O0/sjeng-clang-O0/reset_board/src/utils.c:1115:25: error: use of undeclared identifier 'unk_429940'")
***************** Next Function ******************
('func_count:', 71)
("func_name '", 'Pawn', "'")
('err_func:', '/data/maliha/decompilation/data/error_without_patch/ida/speccpu/clang/O0/sjeng-clang-O0-compilation-errors/Pawn')
('err_funcfile:', '/data/maliha/decompilation/data/error_without_patch/ida/speccpu/clang/O0/sjeng-clang-O0-compilation-errors/Pawn')
('error:', "/home/yanlin/my-projects/decompilation/source_code/recompiled/IDA/speccpu/clang/O0/sjeng-clang-O0/Pawn/src/neval.c:364:58: error: expected ')'")
('error:', "/home/yanlin/my-projects/decompilation/source_code/recompiled/IDA/speccpu/clang/O0/sjeng-clang-O0/Pawn/src/neval.c:366:59: error: expected ')'")
('error:', "/home/yanlin/my-projects/decompilation/source_code/recompiled/IDA/speccpu/clang/O0/sjeng-clang-O0/Pawn/src/neval.c:370:64: error: expected ')'")
***************** Next Function ******************
('func_count:', 72)
("func_name '", 'display_board', "'")
('err_func:', '/data/maliha/decompilation/data/error_without_patch/ida/speccpu/clang/O0/sjeng-clang-O0-compilation-errors/display_board')
('err_funcfile:', '/data/maliha/decompilation/data/error_without_patch/ida/speccpu/clang/O0/sjeng-clang-O0-compilation-errors/display_board')
('error:', "/home/yanlin/my-projects/decompilation/source_code/recompiled/IDA/speccpu/clang/O0/sjeng-clang-O0/display_board/src/utils.c:346:24: error: use of undeclared identifier 'off_429690'")
***************** Next Function ******************
('func_count:', 73)
("func_name '", 'setup_epd_line', "'")
('err_func:', '/data/maliha/decompilation/data/error_without_patch/ida/speccpu/clang/O0/sjeng-clang-O0-compilation-errors/setup_epd_line')
('err_funcfile:', '/data/maliha/decompilation/data/error_without_patch/ida/speccpu/clang/O0/sjeng-clang-O0-compilation-errors/setup_epd_line')
('error:', "/home/yanlin/my-projects/decompilation/source_code/recompiled/IDA/speccpu/clang/O0/sjeng-clang-O0/setup_epd_line/src/epd.c:17:7: error: expected ';' after expression")
('error:', "/home/yanlin/my-projects/decompilation/source_code/recompiled/IDA/speccpu/clang/O0/sjeng-clang-O0/setup_epd_line/src/epd.c:17:3: error: use of undeclared identifier 'bool'; did you mean 'book'?")
('error:', "/home/yanlin/my-projects/decompilation/source_code/recompiled/IDA/speccpu/clang/O0/sjeng-clang-O0/setup_epd_line/src/epd.c:17:8: error: use of undeclared identifier 'v3'")
('error:', "/home/yanlin/my-projects/decompilation/source_code/recompiled/IDA/speccpu/clang/O0/sjeng-clang-O0/setup_epd_line/src/epd.c:34:16: error: use of undeclared identifier 'setup_epd_line_rankoffsets'")
('error:', "/home/yanlin/my-projects/decompilation/source_code/recompiled/IDA/speccpu/clang/O0/sjeng-clang-O0/setup_epd_line/src/epd.c:39:5: error: use of undeclared identifier 'v3'")
('error:', "/home/yanlin/my-projects/decompilation/source_code/recompiled/IDA/speccpu/clang/O0/sjeng-clang-O0/setup_epd_line/src/epd.c:41:7: error: use of undeclared identifier 'v3'")
('error:', "/home/yanlin/my-projects/decompilation/source_code/recompiled/IDA/speccpu/clang/O0/sjeng-clang-O0/setup_epd_line/src/epd.c:42:12: error: use of undeclared identifier 'v3'")
('error:', "/home/yanlin/my-projects/decompilation/source_code/recompiled/IDA/speccpu/clang/O0/sjeng-clang-O0/setup_epd_line/src/epd.c:165:22: error: use of undeclared identifier 'setup_epd_line_rankoffsets'")
***************** Next Function ******************
('func_count:', 74)
("func_name '", 'initialize_eval', "'")
('err_func:', '/data/maliha/decompilation/data/error_without_patch/ida/speccpu/clang/O0/sjeng-clang-O0-compilation-errors/initialize_eval')
('err_funcfile:', '/data/maliha/decompilation/data/error_without_patch/ida/speccpu/clang/O0/sjeng-clang-O0-compilation-errors/initialize_eval')
***************** Next Function ******************
('func_count:', 75)
("func_name '", 'rook_mobility', "'")
('err_func:', '/data/maliha/decompilation/data/error_without_patch/ida/speccpu/clang/O0/sjeng-clang-O0-compilation-errors/rook_mobility')
('err_funcfile:', '/data/maliha/decompilation/data/error_without_patch/ida/speccpu/clang/O0/sjeng-clang-O0-compilation-errors/rook_mobility')
('error:', "/home/yanlin/my-projects/decompilation/source_code/recompiled/IDA/speccpu/clang/O0/sjeng-clang-O0/rook_mobility/src/neval.c:228:16: error: use of undeclared identifier 'rook_mobility_dir'")
('error:', "/home/yanlin/my-projects/decompilation/source_code/recompiled/IDA/speccpu/clang/O0/sjeng-clang-O0/rook_mobility/src/neval.c:228:73: error: use of undeclared identifier 'rook_mobility_dir'")
***************** Next Function ******************
('func_count:', 76)
("func_name '", 'check_phase', "'")
('err_func:', '/data/maliha/decompilation/data/error_without_patch/ida/speccpu/clang/O0/sjeng-clang-O0-compilation-errors/check_phase')
('err_funcfile:', '/data/maliha/decompilation/data/error_without_patch/ida/speccpu/clang/O0/sjeng-clang-O0-compilation-errors/check_phase')
***************** Next Function ******************
('func_count:', 77)
("func_name '", 'std_pn_eval', "'")
('err_func:', '/data/maliha/decompilation/data/error_without_patch/ida/speccpu/clang/O0/sjeng-clang-O0-compilation-errors/std_pn_eval')
('err_funcfile:', '/data/maliha/decompilation/data/error_without_patch/ida/speccpu/clang/O0/sjeng-clang-O0-compilation-errors/std_pn_eval')
***************** Next Function ******************
('func_count:', 78)
("func_name '", 'printHolding', "'")
('err_func:', '/data/maliha/decompilation/data/error_without_patch/ida/speccpu/clang/O0/sjeng-clang-O0-compilation-errors/printHolding')
('err_funcfile:', '/data/maliha/decompilation/data/error_without_patch/ida/speccpu/clang/O0/sjeng-clang-O0-compilation-errors/printHolding')
***************** Next Function ******************
('func_count:', 79)
("func_name '", 'perft', "'")
('err_func:', '/data/maliha/decompilation/data/error_without_patch/ida/speccpu/clang/O0/sjeng-clang-O0-compilation-errors/perft')
('err_funcfile:', '/data/maliha/decompilation/data/error_without_patch/ida/speccpu/clang/O0/sjeng-clang-O0-compilation-errors/perft')
***************** Next Function ******************
('func_count:', 80)
("func_name '", 'alloc_hash', "'")
('err_func:', '/data/maliha/decompilation/data/error_without_patch/ida/speccpu/clang/O0/sjeng-clang-O0-compilation-errors/alloc_hash')
('err_funcfile:', '/data/maliha/decompilation/data/error_without_patch/ida/speccpu/clang/O0/sjeng-clang-O0-compilation-errors/alloc_hash')
***************** Next Function ******************
('func_count:', 81)
("func_name '", 'bishop_mobility', "'")
('err_func:', '/data/maliha/decompilation/data/error_without_patch/ida/speccpu/clang/O0/sjeng-clang-O0-compilation-errors/bishop_mobility')
('err_funcfile:', '/data/maliha/decompilation/data/error_without_patch/ida/speccpu/clang/O0/sjeng-clang-O0-compilation-errors/bishop_mobility')
('error:', "/home/yanlin/my-projects/decompilation/source_code/recompiled/IDA/speccpu/clang/O0/sjeng-clang-O0/bishop_mobility/src/neval.c:213:16: error: use of undeclared identifier 'bishop_mobility_dir'")
('error:', "/home/yanlin/my-projects/decompilation/source_code/recompiled/IDA/speccpu/clang/O0/sjeng-clang-O0/bishop_mobility/src/neval.c:213:75: error: use of undeclared identifier 'bishop_mobility_dir'")
***************** Next Function ******************
('func_count:', 82)
("func_name '", 'King', "'")
('err_func:', '/data/maliha/decompilation/data/error_without_patch/ida/speccpu/clang/O0/sjeng-clang-O0-compilation-errors/King')
('err_funcfile:', '/data/maliha/decompilation/data/error_without_patch/ida/speccpu/clang/O0/sjeng-clang-O0-compilation-errors/King')
('error:', "/home/yanlin/my-projects/decompilation/source_code/recompiled/IDA/speccpu/clang/O0/sjeng-clang-O0/King/src/neval.c:239:76: error: expected ')'")
('error:', "/home/yanlin/my-projects/decompilation/source_code/recompiled/IDA/speccpu/clang/O0/sjeng-clang-O0/King/src/neval.c:241:76: error: expected ')'")
***************** Next Function ******************
('func_count:', 83)
("func_name '", 'post_fh_thinking', "'")
('err_func:', '/data/maliha/decompilation/data/error_without_patch/ida/speccpu/clang/O0/sjeng-clang-O0-compilation-errors/post_fh_thinking')
('err_funcfile:', '/data/maliha/decompilation/data/error_without_patch/ida/speccpu/clang/O0/sjeng-clang-O0-compilation-errors/post_fh_thinking')
***************** Next Function ******************
('func_count:', 84)
("func_name '", 'push_slidE', "'")
('err_func:', '/data/maliha/decompilation/data/error_without_patch/ida/speccpu/clang/O0/sjeng-clang-O0-compilation-errors/push_slidE')
('err_funcfile:', '/data/maliha/decompilation/data/error_without_patch/ida/speccpu/clang/O0/sjeng-clang-O0-compilation-errors/push_slidE')
***************** Next Function ******************
('func_count:', 85)
("func_name '", 'white_saccers', "'")
('err_func:', '/data/maliha/decompilation/data/error_without_patch/ida/speccpu/clang/O0/sjeng-clang-O0-compilation-errors/white_saccers')
('err_funcfile:', '/data/maliha/decompilation/data/error_without_patch/ida/speccpu/clang/O0/sjeng-clang-O0-compilation-errors/white_saccers')
***************** Next Function ******************
('func_count:', 86)
("func_name '", 'reset_piece_square', "'")
('err_func:', '/data/maliha/decompilation/data/error_without_patch/ida/speccpu/clang/O0/sjeng-clang-O0-compilation-errors/reset_piece_square')
('err_funcfile:', '/data/maliha/decompilation/data/error_without_patch/ida/speccpu/clang/O0/sjeng-clang-O0-compilation-errors/reset_piece_square')
***************** Next Function ******************
('func_count:', 87)
("func_name '", 'HandlePartner', "'")
('err_func:', '/data/maliha/decompilation/data/error_without_patch/ida/speccpu/clang/O0/sjeng-clang-O0-compilation-errors/HandlePartner')
('err_funcfile:', '/data/maliha/decompilation/data/error_without_patch/ida/speccpu/clang/O0/sjeng-clang-O0-compilation-errors/HandlePartner')
***************** Next Function ******************
('func_count:', 88)
("func_name '", 'run_autotest', "'")
('err_func:', '/data/maliha/decompilation/data/error_without_patch/ida/speccpu/clang/O0/sjeng-clang-O0-compilation-errors/run_autotest')
('err_funcfile:', '/data/maliha/decompilation/data/error_without_patch/ida/speccpu/clang/O0/sjeng-clang-O0-compilation-errors/run_autotest')
('error:', "/home/yanlin/my-projects/decompilation/source_code/recompiled/IDA/speccpu/clang/O0/sjeng-clang-O0/run_autotest/src/epd.c:297:14: error: variable has incomplete type 'void'")
('error:', "/home/yanlin/my-projects/decompilation/source_code/recompiled/IDA/speccpu/clang/O0/sjeng-clang-O0/run_autotest/src/epd.c:297:24: error: expected ';' after top level declarator")
***************** Next Function ******************
('func_count:', 89)
("func_name '", 's_bishop_mobility', "'")
('err_func:', '/data/maliha/decompilation/data/error_without_patch/ida/speccpu/clang/O0/sjeng-clang-O0-compilation-errors/s_bishop_mobility')
('err_funcfile:', '/data/maliha/decompilation/data/error_without_patch/ida/speccpu/clang/O0/sjeng-clang-O0-compilation-errors/s_bishop_mobility')
***************** Next Function ******************
('func_count:', 90)
("func_name '", 'SwitchColor', "'")
('err_func:', '/data/maliha/decompilation/data/error_without_patch/ida/speccpu/clang/O0/sjeng-clang-O0-compilation-errors/SwitchColor')
('err_funcfile:', '/data/maliha/decompilation/data/error_without_patch/ida/speccpu/clang/O0/sjeng-clang-O0-compilation-errors/SwitchColor')
('error:', "/home/yanlin/my-projects/decompilation/source_code/recompiled/IDA/speccpu/clang/O0/sjeng-clang-O0/SwitchColor/src/crazy.c:201:16: error: use of undeclared identifier 'unk_424DA0'")
***************** Next Function ******************
('func_count:', 91)
("func_name '", 'in_check', "'")
('err_func:', '/data/maliha/decompilation/data/error_without_patch/ida/speccpu/clang/O0/sjeng-clang-O0-compilation-errors/in_check')
('err_funcfile:', '/data/maliha/decompilation/data/error_without_patch/ida/speccpu/clang/O0/sjeng-clang-O0-compilation-errors/in_check')
***************** Next Function ******************
('func_count:', 92)
("func_name '", 'QStoreTT', "'")
('err_func:', '/data/maliha/decompilation/data/error_without_patch/ida/speccpu/clang/O0/sjeng-clang-O0-compilation-errors/QStoreTT')
('err_funcfile:', '/data/maliha/decompilation/data/error_without_patch/ida/speccpu/clang/O0/sjeng-clang-O0-compilation-errors/QStoreTT')
***************** Next Function ******************
('func_count:', 93)
("func_name '", 'SwitchPromoted', "'")
('err_func:', '/data/maliha/decompilation/data/error_without_patch/ida/speccpu/clang/O0/sjeng-clang-O0-compilation-errors/SwitchPromoted')
('err_funcfile:', '/data/maliha/decompilation/data/error_without_patch/ida/speccpu/clang/O0/sjeng-clang-O0-compilation-errors/SwitchPromoted')
('error:', "/home/yanlin/my-projects/decompilation/source_code/recompiled/IDA/speccpu/clang/O0/sjeng-clang-O0/SwitchPromoted/src/crazy.c:210:16: error: use of undeclared identifier 'unk_424DE0'")
***************** Next Function ******************
('func_count:', 94)
("func_name '", 'push_pawn_simple', "'")
('err_func:', '/data/maliha/decompilation/data/error_without_patch/ida/speccpu/clang/O0/sjeng-clang-O0-compilation-errors/push_pawn_simple')
('err_funcfile:', '/data/maliha/decompilation/data/error_without_patch/ida/speccpu/clang/O0/sjeng-clang-O0-compilation-errors/push_pawn_simple')
***************** Next Function ******************
('func_count:', 95)
("func_name '", 'gen', "'")
('err_func:', '/data/maliha/decompilation/data/error_without_patch/ida/speccpu/clang/O0/sjeng-clang-O0-compilation-errors/gen')
('err_funcfile:', '/data/maliha/decompilation/data/error_without_patch/ida/speccpu/clang/O0/sjeng-clang-O0-compilation-errors/gen')
('error:', "/home/yanlin/my-projects/decompilation/source_code/recompiled/IDA/speccpu/clang/O0/sjeng-clang-O0/gen/src/moves.c:440:7: error: expected ';' after expression")
('error:', "/home/yanlin/my-projects/decompilation/source_code/recompiled/IDA/speccpu/clang/O0/sjeng-clang-O0/gen/src/moves.c:440:3: error: use of undeclared identifier 'bool'; did you mean 'book'?")
('error:', "/home/yanlin/my-projects/decompilation/source_code/recompiled/IDA/speccpu/clang/O0/sjeng-clang-O0/gen/src/moves.c:440:8: error: use of undeclared identifier 'v1'")
('error:', "/home/yanlin/my-projects/decompilation/source_code/recompiled/IDA/speccpu/clang/O0/sjeng-clang-O0/gen/src/moves.c:443:7: error: expected ';' after expression")
('error:', "/home/yanlin/my-projects/decompilation/source_code/recompiled/IDA/speccpu/clang/O0/sjeng-clang-O0/gen/src/moves.c:443:3: error: use of undeclared identifier 'bool'; did you mean 'book'?")
('error:', "/home/yanlin/my-projects/decompilation/source_code/recompiled/IDA/speccpu/clang/O0/sjeng-clang-O0/gen/src/moves.c:443:8: error: use of undeclared identifier 'v4'")
('error:', "/home/yanlin/my-projects/decompilation/source_code/recompiled/IDA/speccpu/clang/O0/sjeng-clang-O0/gen/src/moves.c:475:13: error: use of undeclared identifier 'v4'")
('error:', "/home/yanlin/my-projects/decompilation/source_code/recompiled/IDA/speccpu/clang/O0/sjeng-clang-O0/gen/src/moves.c:477:15: error: use of undeclared identifier 'v4'")
('error:', "/home/yanlin/my-projects/decompilation/source_code/recompiled/IDA/speccpu/clang/O0/sjeng-clang-O0/gen/src/moves.c:478:18: error: use of undeclared identifier 'v4'")
('error:', "/home/yanlin/my-projects/decompilation/source_code/recompiled/IDA/speccpu/clang/O0/sjeng-clang-O0/gen/src/moves.c:610:13: error: use of undeclared identifier 'v1'")
('error:', "/home/yanlin/my-projects/decompilation/source_code/recompiled/IDA/speccpu/clang/O0/sjeng-clang-O0/gen/src/moves.c:612:15: error: use of undeclared identifier 'v1'")
('error:', "/home/yanlin/my-projects/decompilation/source_code/recompiled/IDA/speccpu/clang/O0/sjeng-clang-O0/gen/src/moves.c:613:18: error: use of undeclared identifier 'v1'")
***************** Next Function ******************
('func_count:', 96)
("func_name '", 'suicide_pn_eval', "'")
('err_func:', '/data/maliha/decompilation/data/error_without_patch/ida/speccpu/clang/O0/sjeng-clang-O0-compilation-errors/suicide_pn_eval')
('err_funcfile:', '/data/maliha/decompilation/data/error_without_patch/ida/speccpu/clang/O0/sjeng-clang-O0-compilation-errors/suicide_pn_eval')
***************** Next Function ******************
('func_count:', 97)
("func_name '", 'set_proof_and_disproof_numbers', "'")
('err_func:', '/data/maliha/decompilation/data/error_without_patch/ida/speccpu/clang/O0/sjeng-clang-O0-compilation-errors/set_proof_and_disproof_numbers')
('err_funcfile:', '/data/maliha/decompilation/data/error_without_patch/ida/speccpu/clang/O0/sjeng-clang-O0-compilation-errors/set_proof_and_disproof_numbers')
***************** Next Function ******************
('func_count:', 98)
("func_name '", 'initialize_hash', "'")
('err_func:', '/data/maliha/decompilation/data/error_without_patch/ida/speccpu/clang/O0/sjeng-clang-O0-compilation-errors/initialize_hash')
('err_funcfile:', '/data/maliha/decompilation/data/error_without_patch/ida/speccpu/clang/O0/sjeng-clang-O0-compilation-errors/initialize_hash')
***************** Next Function ******************
('func_count:', 99)
("func_name '", 'order_moves', "'")
('err_func:', '/data/maliha/decompilation/data/error_without_patch/ida/speccpu/clang/O0/sjeng-clang-O0-compilation-errors/order_moves')
('err_funcfile:', '/data/maliha/decompilation/data/error_without_patch/ida/speccpu/clang/O0/sjeng-clang-O0-compilation-errors/order_moves')
('error:', "/home/yanlin/my-projects/decompilation/source_code/recompiled/IDA/speccpu/clang/O0/sjeng-clang-O0/order_moves/src/search.c:73:3: error: unknown type name '__int64'; did you mean '__int64_t'?")
('error:', "/home/yanlin/my-projects/decompilation/source_code/recompiled/IDA/speccpu/clang/O0/sjeng-clang-O0/order_moves/src/search.c:74:3: error: unknown type name '__int64'; did you mean '__int64_t'?")
('error:', '/home/yanlin/my-projects/decompilation/source_code/recompiled/IDA/speccpu/clang/O0/sjeng-clang-O0/order_moves/src/search.c:87:24: error: expression is not assignable')
('error:', '/home/yanlin/my-projects/decompilation/source_code/recompiled/IDA/speccpu/clang/O0/sjeng-clang-O0/order_moves/src/search.c:88:24: error: expression is not assignable')
('error:', '/home/yanlin/my-projects/decompilation/source_code/recompiled/IDA/speccpu/clang/O0/sjeng-clang-O0/order_moves/src/search.c:203:25: error: expression is not assignable')
('error:', '/home/yanlin/my-projects/decompilation/source_code/recompiled/IDA/speccpu/clang/O0/sjeng-clang-O0/order_moves/src/search.c:204:25: error: expression is not assignable')
***************** Next Function ******************
('func_count:', 100)
("func_name '", 'QProbeTT', "'")
('err_func:', '/data/maliha/decompilation/data/error_without_patch/ida/speccpu/clang/O0/sjeng-clang-O0-compilation-errors/QProbeTT')
('err_funcfile:', '/data/maliha/decompilation/data/error_without_patch/ida/speccpu/clang/O0/sjeng-clang-O0-compilation-errors/QProbeTT')
***************** Next Function ******************
('func_count:', 101)
("func_name '", 'add_move', "'")
('err_func:', '/data/maliha/decompilation/data/error_without_patch/ida/speccpu/clang/O0/sjeng-clang-O0-compilation-errors/add_move')
('err_funcfile:', '/data/maliha/decompilation/data/error_without_patch/ida/speccpu/clang/O0/sjeng-clang-O0-compilation-errors/add_move')
***************** Next Function ******************
('func_count:', 102)
("func_name '", 'post_thinking', "'")
('err_func:', '/data/maliha/decompilation/data/error_without_patch/ida/speccpu/clang/O0/sjeng-clang-O0-compilation-errors/post_thinking')
('err_funcfile:', '/data/maliha/decompilation/data/error_without_patch/ida/speccpu/clang/O0/sjeng-clang-O0-compilation-errors/post_thinking')
***************** Next Function ******************
('func_count:', 103)
("func_name '", 'init_book', "'")
('err_func:', '/data/maliha/decompilation/data/error_without_patch/ida/speccpu/clang/O0/sjeng-clang-O0-compilation-errors/init_book')
('err_funcfile:', '/data/maliha/decompilation/data/error_without_patch/ida/speccpu/clang/O0/sjeng-clang-O0-compilation-errors/init_book')
***************** Next Function ******************
('func_count:', 104)
("func_name '", 'DropremoveHolding', "'")
('err_func:', '/data/maliha/decompilation/data/error_without_patch/ida/speccpu/clang/O0/sjeng-clang-O0-compilation-errors/DropremoveHolding')
('err_funcfile:', '/data/maliha/decompilation/data/error_without_patch/ida/speccpu/clang/O0/sjeng-clang-O0-compilation-errors/DropremoveHolding')
('error:', "/home/yanlin/my-projects/decompilation/source_code/recompiled/IDA/speccpu/clang/O0/sjeng-clang-O0/DropremoveHolding/src/crazy.c:286:19: error: use of undeclared identifier '__int64'")
('error:', "/home/yanlin/my-projects/decompilation/source_code/recompiled/IDA/speccpu/clang/O0/sjeng-clang-O0/DropremoveHolding/src/crazy.c:286:27: error: expected ']'")
('error:', "/home/yanlin/my-projects/decompilation/source_code/recompiled/IDA/speccpu/clang/O0/sjeng-clang-O0/DropremoveHolding/src/crazy.c:288:19: error: use of undeclared identifier '__int64'")
('error:', "/home/yanlin/my-projects/decompilation/source_code/recompiled/IDA/speccpu/clang/O0/sjeng-clang-O0/DropremoveHolding/src/crazy.c:288:27: error: expected ']'")
('error:', "/home/yanlin/my-projects/decompilation/source_code/recompiled/IDA/speccpu/clang/O0/sjeng-clang-O0/DropremoveHolding/src/crazy.c:290:40: error: use of undeclared identifier '__int64'")
('error:', "/home/yanlin/my-projects/decompilation/source_code/recompiled/IDA/speccpu/clang/O0/sjeng-clang-O0/DropremoveHolding/src/crazy.c:290:48: error: expected ']'")
***************** Next Function ******************
('func_count:', 105)
("func_name '", 'comp_to_coord', "'")
('err_func:', '/data/maliha/decompilation/data/error_without_patch/ida/speccpu/clang/O0/sjeng-clang-O0-compilation-errors/comp_to_coord')
('err_funcfile:', '/data/maliha/decompilation/data/error_without_patch/ida/speccpu/clang/O0/sjeng-clang-O0-compilation-errors/comp_to_coord')
('error:', "/home/yanlin/my-projects/decompilation/source_code/recompiled/IDA/speccpu/clang/O0/sjeng-clang-O0/comp_to_coord/src/utils.c:289:27: error: use of undeclared identifier 'unk_429650'")
***************** Next Function ******************
('func_count:', 106)
("func_name '", 'tree_debug', "'")
('err_func:', '/data/maliha/decompilation/data/error_without_patch/ida/speccpu/clang/O0/sjeng-clang-O0-compilation-errors/tree_debug')
('err_funcfile:', '/data/maliha/decompilation/data/error_without_patch/ida/speccpu/clang/O0/sjeng-clang-O0-compilation-errors/tree_debug')
('error:', "/home/yanlin/my-projects/decompilation/source_code/recompiled/IDA/speccpu/clang/O0/sjeng-clang-O0/tree_debug/src/utils.c:939:30: error: use of undeclared identifier 'off_428D0D'")
***************** Next Function ******************
('func_count:', 107)
("func_name '", 'initialize_zobrist', "'")
('err_func:', '/data/maliha/decompilation/data/error_without_patch/ida/speccpu/clang/O0/sjeng-clang-O0-compilation-errors/initialize_zobrist')
('err_funcfile:', '/data/maliha/decompilation/data/error_without_patch/ida/speccpu/clang/O0/sjeng-clang-O0-compilation-errors/initialize_zobrist')
***************** Next Function ******************
('func_count:', 108)
("func_name '", 'reset_ecache', "'")
('err_func:', '/data/maliha/decompilation/data/error_without_patch/ida/speccpu/clang/O0/sjeng-clang-O0-compilation-errors/reset_ecache')
('err_funcfile:', '/data/maliha/decompilation/data/error_without_patch/ida/speccpu/clang/O0/sjeng-clang-O0-compilation-errors/reset_ecache')
***************** Next Function ******************
('func_count:', 109)
("func_name '", 's_rook_mobility', "'")
('err_func:', '/data/maliha/decompilation/data/error_without_patch/ida/speccpu/clang/O0/sjeng-clang-O0-compilation-errors/s_rook_mobility')
('err_funcfile:', '/data/maliha/decompilation/data/error_without_patch/ida/speccpu/clang/O0/sjeng-clang-O0-compilation-errors/s_rook_mobility')
***************** Next Function ******************
('func_count:', 110)
("func_name '", 'see', "'")
('err_func:', '/data/maliha/decompilation/data/error_without_patch/ida/speccpu/clang/O0/sjeng-clang-O0-compilation-errors/see')
('err_funcfile:', '/data/maliha/decompilation/data/error_without_patch/ida/speccpu/clang/O0/sjeng-clang-O0-compilation-errors/see')
('error:', "/home/yanlin/my-projects/decompilation/source_code/recompiled/IDA/speccpu/clang/O0/sjeng-clang-O0/see/src/see.c:206:19: error: use of undeclared identifier '__int64'")
('error:', "/home/yanlin/my-projects/decompilation/source_code/recompiled/IDA/speccpu/clang/O0/sjeng-clang-O0/see/src/see.c:206:27: error: expected ']'")
('error:', "/home/yanlin/my-projects/decompilation/source_code/recompiled/IDA/speccpu/clang/O0/sjeng-clang-O0/see/src/see.c:207:19: error: use of undeclared identifier '__int64'")
('error:', "/home/yanlin/my-projects/decompilation/source_code/recompiled/IDA/speccpu/clang/O0/sjeng-clang-O0/see/src/see.c:207:27: error: expected ']'")
('error:', "/home/yanlin/my-projects/decompilation/source_code/recompiled/IDA/speccpu/clang/O0/sjeng-clang-O0/see/src/see.c:221:57: error: expected ')'")
('error:', "/home/yanlin/my-projects/decompilation/source_code/recompiled/IDA/speccpu/clang/O0/sjeng-clang-O0/see/src/see.c:229:57: error: expected ')'")
***************** Next Function ******************
('func_count:', 111)
("func_name '", 'stringize_pv', "'")
('err_func:', '/data/maliha/decompilation/data/error_without_patch/ida/speccpu/clang/O0/sjeng-clang-O0-compilation-errors/stringize_pv')
('err_funcfile:', '/data/maliha/decompilation/data/error_without_patch/ida/speccpu/clang/O0/sjeng-clang-O0-compilation-errors/stringize_pv')
***************** Next Function ******************
('func_count:', 112)
("func_name '", 'StoreTT', "'")
('err_func:', '/data/maliha/decompilation/data/error_without_patch/ida/speccpu/clang/O0/sjeng-clang-O0-compilation-errors/StoreTT')
('err_funcfile:', '/data/maliha/decompilation/data/error_without_patch/ida/speccpu/clang/O0/sjeng-clang-O0-compilation-errors/StoreTT')
***************** Next Function ******************
('func_count:', 113)
("func_name '", 'hash_extract_pv', "'")
('err_func:', '/data/maliha/decompilation/data/error_without_patch/ida/speccpu/clang/O0/sjeng-clang-O0-compilation-errors/hash_extract_pv')
('err_funcfile:', '/data/maliha/decompilation/data/error_without_patch/ida/speccpu/clang/O0/sjeng-clang-O0-compilation-errors/hash_extract_pv')
***************** Next Function ******************
('func_count:', 114)
("func_name '", 'init_game', "'")
('err_func:', '/data/maliha/decompilation/data/error_without_patch/ida/speccpu/clang/O0/sjeng-clang-O0-compilation-errors/init_game')
('err_funcfile:', '/data/maliha/decompilation/data/error_without_patch/ida/speccpu/clang/O0/sjeng-clang-O0-compilation-errors/init_game')
('error:', "/home/yanlin/my-projects/decompilation/source_code/recompiled/IDA/speccpu/clang/O0/sjeng-clang-O0/init_game/src/utils.c:373:25: error: use of undeclared identifier 'unk_429700'")
***************** Next Function ******************
('func_count:', 115)
("func_name '", 'push_king_castle', "'")
('err_func:', '/data/maliha/decompilation/data/error_without_patch/ida/speccpu/clang/O0/sjeng-clang-O0-compilation-errors/push_king_castle')
('err_funcfile:', '/data/maliha/decompilation/data/error_without_patch/ida/speccpu/clang/O0/sjeng-clang-O0-compilation-errors/push_king_castle')
***************** Next Function ******************
('func_count:', 116)
("func_name '", 'l_king_mobility', "'")
('err_func:', '/data/maliha/decompilation/data/error_without_patch/ida/speccpu/clang/O0/sjeng-clang-O0-compilation-errors/l_king_mobility')
('err_funcfile:', '/data/maliha/decompilation/data/error_without_patch/ida/speccpu/clang/O0/sjeng-clang-O0-compilation-errors/l_king_mobility')
('error:', "/home/yanlin/my-projects/decompilation/source_code/recompiled/IDA/speccpu/clang/O0/sjeng-clang-O0/l_king_mobility/src/leval.c:99:17: error: use of undeclared identifier 'l_king_mobility_king_o'")
***************** Next Function ******************
('func_count:', 117)
("func_name '", 'rdelay', "'")
('err_func:', '/data/maliha/decompilation/data/error_without_patch/ida/speccpu/clang/O0/sjeng-clang-O0-compilation-errors/rdelay')
('err_funcfile:', '/data/maliha/decompilation/data/error_without_patch/ida/speccpu/clang/O0/sjeng-clang-O0-compilation-errors/rdelay')
***************** Next Function ******************
('func_count:', 118)
("func_name '", 'free_ecache', "'")
('err_func:', '/data/maliha/decompilation/data/error_without_patch/ida/speccpu/clang/O0/sjeng-clang-O0-compilation-errors/free_ecache')
('err_funcfile:', '/data/maliha/decompilation/data/error_without_patch/ida/speccpu/clang/O0/sjeng-clang-O0-compilation-errors/free_ecache')
***************** Next Function ******************
('func_count:', 119)
("func_name '", 'comp_to_san', "'")
('err_func:', '/data/maliha/decompilation/data/error_without_patch/ida/speccpu/clang/O0/sjeng-clang-O0-compilation-errors/comp_to_san')
('err_funcfile:', '/data/maliha/decompilation/data/error_without_patch/ida/speccpu/clang/O0/sjeng-clang-O0-compilation-errors/comp_to_san')
('error:', "/home/yanlin/my-projects/decompilation/source_code/recompiled/IDA/speccpu/clang/O0/sjeng-clang-O0/comp_to_san/src/utils.c:134:27: error: use of undeclared identifier 'unk_429610'")
***************** Next Function ******************
('func_count:', 120)
("func_name '", 'ErrorIt', "'")
('err_func:', '/data/maliha/decompilation/data/error_without_patch/ida/speccpu/clang/O0/sjeng-clang-O0-compilation-errors/ErrorIt')
('err_funcfile:', '/data/maliha/decompilation/data/error_without_patch/ida/speccpu/clang/O0/sjeng-clang-O0-compilation-errors/ErrorIt')
***************** Next Function ******************
('func_count:', 121)
("func_name '", 'check_solution', "'")
('err_func:', '/data/maliha/decompilation/data/error_without_patch/ida/speccpu/clang/O0/sjeng-clang-O0-compilation-errors/check_solution')
('err_funcfile:', '/data/maliha/decompilation/data/error_without_patch/ida/speccpu/clang/O0/sjeng-clang-O0-compilation-errors/check_solution')
***************** Next Function ******************
('func_count:', 122)
("func_name '", 'alloc_ecache', "'")
('err_func:', '/data/maliha/decompilation/data/error_without_patch/ida/speccpu/clang/O0/sjeng-clang-O0-compilation-errors/alloc_ecache')
('err_funcfile:', '/data/maliha/decompilation/data/error_without_patch/ida/speccpu/clang/O0/sjeng-clang-O0-compilation-errors/alloc_ecache')
***************** Next Function ******************
('func_count:', 123)
("func_name '", 'losers_eval', "'")
('err_func:', '/data/maliha/decompilation/data/error_without_patch/ida/speccpu/clang/O0/sjeng-clang-O0-compilation-errors/losers_eval')
('err_funcfile:', '/data/maliha/decompilation/data/error_without_patch/ida/speccpu/clang/O0/sjeng-clang-O0-compilation-errors/losers_eval')
***************** Next Function ******************
('func_count:', 124)
("func_name '", 'Xfree', "'")
('err_func:', '/data/maliha/decompilation/data/error_without_patch/ida/speccpu/clang/O0/sjeng-clang-O0-compilation-errors/Xfree')
('err_funcfile:', '/data/maliha/decompilation/data/error_without_patch/ida/speccpu/clang/O0/sjeng-clang-O0-compilation-errors/Xfree')
***************** Next Function ******************
('func_count:', 125)
("func_name '", 'add_capture', "'")
('err_func:', '/data/maliha/decompilation/data/error_without_patch/ida/speccpu/clang/O0/sjeng-clang-O0-compilation-errors/add_capture')
('err_funcfile:', '/data/maliha/decompilation/data/error_without_patch/ida/speccpu/clang/O0/sjeng-clang-O0-compilation-errors/add_capture')
***************** Next Function ******************
('func_count:', 126)
("func_name '", 'LearnStoreTT', "'")
('err_func:', '/data/maliha/decompilation/data/error_without_patch/ida/speccpu/clang/O0/sjeng-clang-O0-compilation-errors/LearnStoreTT')
('err_funcfile:', '/data/maliha/decompilation/data/error_without_patch/ida/speccpu/clang/O0/sjeng-clang-O0-compilation-errors/LearnStoreTT')
('error:', '/home/yanlin/my-projects/decompilation/source_code/recompiled/IDA/speccpu/clang/O0/sjeng-clang-O0/LearnStoreTT/src/ttable.c:218:13: error: expected expression')
('error:', "/home/yanlin/my-projects/decompilation/source_code/recompiled/IDA/speccpu/clang/O0/sjeng-clang-O0/LearnStoreTT/src/ttable.c:218:6: error: use of undeclared identifier '_WORD'")
('error:', "/home/yanlin/my-projects/decompilation/source_code/recompiled/IDA/speccpu/clang/O0/sjeng-clang-O0/LearnStoreTT/src/ttable.c:218:54: error: expected ')'")
***************** Next Function ******************
('func_count:', 127)
("func_name '", 'develop_node', "'")
('err_func:', '/data/maliha/decompilation/data/error_without_patch/ida/speccpu/clang/O0/sjeng-clang-O0-compilation-errors/develop_node')
('err_funcfile:', '/data/maliha/decompilation/data/error_without_patch/ida/speccpu/clang/O0/sjeng-clang-O0-compilation-errors/develop_node')
('error:', '/home/yanlin/my-projects/decompilation/source_code/recompiled/IDA/speccpu/clang/O0/sjeng-clang-O0/develop_node/src/proof.c:754:30: error: expected expression')
('error:', '/home/yanlin/my-projects/decompilation/source_code/recompiled/IDA/speccpu/clang/O0/sjeng-clang-O0/develop_node/src/proof.c:771:18: error: expected expression')
('error:', "/home/yanlin/my-projects/decompilation/source_code/recompiled/IDA/speccpu/clang/O0/sjeng-clang-O0/develop_node/src/proof.c:771:10: error: use of undeclared identifier '_QWORD'")
('error:', '/home/yanlin/my-projects/decompilation/source_code/recompiled/IDA/speccpu/clang/O0/sjeng-clang-O0/develop_node/src/proof.c:771:52: error: expected expression')
('error:', "/home/yanlin/my-projects/decompilation/source_code/recompiled/IDA/speccpu/clang/O0/sjeng-clang-O0/develop_node/src/proof.c:771:44: error: use of undeclared identifier '_QWORD'")
('error:', '/home/yanlin/my-projects/decompilation/source_code/recompiled/IDA/speccpu/clang/O0/sjeng-clang-O0/develop_node/src/proof.c:772:18: error: expected expression')
('error:', "/home/yanlin/my-projects/decompilation/source_code/recompiled/IDA/speccpu/clang/O0/sjeng-clang-O0/develop_node/src/proof.c:772:10: error: use of undeclared identifier '_QWORD'")
('error:', '/home/yanlin/my-projects/decompilation/source_code/recompiled/IDA/speccpu/clang/O0/sjeng-clang-O0/develop_node/src/proof.c:772:56: error: expected expression')
('error:', "/home/yanlin/my-projects/decompilation/source_code/recompiled/IDA/speccpu/clang/O0/sjeng-clang-O0/develop_node/src/proof.c:772:48: error: use of undeclared identifier '_QWORD'")
('error:', '/home/yanlin/my-projects/decompilation/source_code/recompiled/IDA/speccpu/clang/O0/sjeng-clang-O0/develop_node/src/proof.c:773:18: error: expected expression')
('error:', "/home/yanlin/my-projects/decompilation/source_code/recompiled/IDA/speccpu/clang/O0/sjeng-clang-O0/develop_node/src/proof.c:773:10: error: use of undeclared identifier '_QWORD'")
('error:', '/home/yanlin/my-projects/decompilation/source_code/recompiled/IDA/speccpu/clang/O0/sjeng-clang-O0/develop_node/src/proof.c:773:55: error: expected expression')
('error:', "/home/yanlin/my-projects/decompilation/source_code/recompiled/IDA/speccpu/clang/O0/sjeng-clang-O0/develop_node/src/proof.c:773:47: error: use of undeclared identifier '_QWORD'")
***************** Next Function ******************
('func_count:', 128)
("func_name '", 'tree', "'")
('err_func:', '/data/maliha/decompilation/data/error_without_patch/ida/speccpu/clang/O0/sjeng-clang-O0-compilation-errors/tree')
('err_funcfile:', '/data/maliha/decompilation/data/error_without_patch/ida/speccpu/clang/O0/sjeng-clang-O0-compilation-errors/tree')
***************** Next Function ******************
('func_count:', 129)
("func_name '", 'post_stat_thinking', "'")
('err_func:', '/data/maliha/decompilation/data/error_without_patch/ida/speccpu/clang/O0/sjeng-clang-O0-compilation-errors/post_stat_thinking')
('err_funcfile:', '/data/maliha/decompilation/data/error_without_patch/ida/speccpu/clang/O0/sjeng-clang-O0-compilation-errors/post_stat_thinking')
***************** Next Function ******************
('func_count:', 130)
("func_name '", 'interrupt', "'")
('err_func:', '/data/maliha/decompilation/data/error_without_patch/ida/speccpu/clang/O0/sjeng-clang-O0-compilation-errors/interrupt')
('err_funcfile:', '/data/maliha/decompilation/data/error_without_patch/ida/speccpu/clang/O0/sjeng-clang-O0-compilation-errors/interrupt')
***************** Next Function ******************
('func_count:', 131)
("func_name '", 'free_hash', "'")
('err_func:', '/data/maliha/decompilation/data/error_without_patch/ida/speccpu/clang/O0/sjeng-clang-O0-compilation-errors/free_hash')
('err_funcfile:', '/data/maliha/decompilation/data/error_without_patch/ida/speccpu/clang/O0/sjeng-clang-O0-compilation-errors/free_hash')
***************** Next Function ******************
('func_count:', 132)
("func_name '", 'is_move', "'")
('err_func:', '/data/maliha/decompilation/data/error_without_patch/ida/speccpu/clang/O0/sjeng-clang-O0-compilation-errors/is_move')
('err_funcfile:', '/data/maliha/decompilation/data/error_without_patch/ida/speccpu/clang/O0/sjeng-clang-O0-compilation-errors/is_move')
***************** Next Function ******************
('func_count:', 133)
("func_name '", 'l_pawn_mobility', "'")
('err_func:', '/data/maliha/decompilation/data/error_without_patch/ida/speccpu/clang/O0/sjeng-clang-O0-compilation-errors/l_pawn_mobility')
('err_funcfile:', '/data/maliha/decompilation/data/error_without_patch/ida/speccpu/clang/O0/sjeng-clang-O0-compilation-errors/l_pawn_mobility')
***************** Next Function ******************
('func_count:', 134)
("func_name '", 'make', "'")
('err_func:', '/data/maliha/decompilation/data/error_without_patch/ida/speccpu/clang/O0/sjeng-clang-O0-compilation-errors/make')
('err_funcfile:', '/data/maliha/decompilation/data/error_without_patch/ida/speccpu/clang/O0/sjeng-clang-O0-compilation-errors/make')
***************** Next Function ******************
('func_count:', 135)
("func_name '", 'calc_attackers', "'")
('err_func:', '/data/maliha/decompilation/data/error_without_patch/ida/speccpu/clang/O0/sjeng-clang-O0-compilation-errors/calc_attackers')
('err_funcfile:', '/data/maliha/decompilation/data/error_without_patch/ida/speccpu/clang/O0/sjeng-clang-O0-compilation-errors/calc_attackers')
('error:', "/home/yanlin/my-projects/decompilation/source_code/recompiled/IDA/speccpu/clang/O0/sjeng-clang-O0/calc_attackers/src/attacks.c:34:14: error: use of undeclared identifier 'calc_attackers_rook_o'")
('error:', "/home/yanlin/my-projects/decompilation/source_code/recompiled/IDA/speccpu/clang/O0/sjeng-clang-O0/calc_attackers/src/attacks.c:49:17: error: use of undeclared identifier 'calc_attackers_rook_o'")
('error:', "/home/yanlin/my-projects/decompilation/source_code/recompiled/IDA/speccpu/clang/O0/sjeng-clang-O0/calc_attackers/src/attacks.c:54:15: error: use of undeclared identifier 'calc_attackers_bishop_o'")
('error:', "/home/yanlin/my-projects/decompilation/source_code/recompiled/IDA/speccpu/clang/O0/sjeng-clang-O0/calc_attackers/src/attacks.c:74:18: error: use of undeclared identifier 'calc_attackers_bishop_o'")
('error:', "/home/yanlin/my-projects/decompilation/source_code/recompiled/IDA/speccpu/clang/O0/sjeng-clang-O0/calc_attackers/src/attacks.c:79:19: error: use of undeclared identifier 'calc_attackers_knight_o'")
('error:', "/home/yanlin/my-projects/decompilation/source_code/recompiled/IDA/speccpu/clang/O0/sjeng-clang-O0/calc_attackers/src/attacks.c:87:15: error: use of undeclared identifier 'calc_attackers_rook_o'")
('error:', "/home/yanlin/my-projects/decompilation/source_code/recompiled/IDA/speccpu/clang/O0/sjeng-clang-O0/calc_attackers/src/attacks.c:102:18: error: use of undeclared identifier 'calc_attackers_rook_o'")
('error:', "/home/yanlin/my-projects/decompilation/source_code/recompiled/IDA/speccpu/clang/O0/sjeng-clang-O0/calc_attackers/src/attacks.c:107:15: error: use of undeclared identifier 'calc_attackers_bishop_o'")
('error:', "/home/yanlin/my-projects/decompilation/source_code/recompiled/IDA/speccpu/clang/O0/sjeng-clang-O0/calc_attackers/src/attacks.c:127:18: error: use of undeclared identifier 'calc_attackers_bishop_o'")
('error:', "/home/yanlin/my-projects/decompilation/source_code/recompiled/IDA/speccpu/clang/O0/sjeng-clang-O0/calc_attackers/src/attacks.c:132:19: error: use of undeclared identifier 'calc_attackers_knight_o'")
***************** Next Function ******************
('func_count:', 136)
("func_name '", 'addHolding', "'")
('err_func:', '/data/maliha/decompilation/data/error_without_patch/ida/speccpu/clang/O0/sjeng-clang-O0-compilation-errors/addHolding')
('err_funcfile:', '/data/maliha/decompilation/data/error_without_patch/ida/speccpu/clang/O0/sjeng-clang-O0-compilation-errors/addHolding')
('error:', "/home/yanlin/my-projects/decompilation/source_code/recompiled/IDA/speccpu/clang/O0/sjeng-clang-O0/addHolding/src/crazy.c:217:17: error: use of undeclared identifier '__int64'")
('error:', "/home/yanlin/my-projects/decompilation/source_code/recompiled/IDA/speccpu/clang/O0/sjeng-clang-O0/addHolding/src/crazy.c:217:25: error: expected ']'")
('error:', "/home/yanlin/my-projects/decompilation/source_code/recompiled/IDA/speccpu/clang/O0/sjeng-clang-O0/addHolding/src/crazy.c:219:42: error: use of undeclared identifier '__int64'")
('error:', "/home/yanlin/my-projects/decompilation/source_code/recompiled/IDA/speccpu/clang/O0/sjeng-clang-O0/addHolding/src/crazy.c:219:50: error: expected ']'")
***************** Next Function ******************
('func_count:', 137)
("func_name '", 'randomMT', "'")
('err_func:', '/data/maliha/decompilation/data/error_without_patch/ida/speccpu/clang/O0/sjeng-clang-O0-compilation-errors/randomMT')
('err_funcfile:', '/data/maliha/decompilation/data/error_without_patch/ida/speccpu/clang/O0/sjeng-clang-O0-compilation-errors/randomMT')
***************** Next Function ******************
('func_count:', 138)
("func_name '", 'toggle_bool', "'")
('err_func:', '/data/maliha/decompilation/data/error_without_patch/ida/speccpu/clang/O0/sjeng-clang-O0-compilation-errors/toggle_bool')
('err_funcfile:', '/data/maliha/decompilation/data/error_without_patch/ida/speccpu/clang/O0/sjeng-clang-O0-compilation-errors/toggle_bool')
***************** Next Function ******************
('func_count:', 139)
("func_name '", 's_pawn_mobility', "'")
('err_func:', '/data/maliha/decompilation/data/error_without_patch/ida/speccpu/clang/O0/sjeng-clang-O0-compilation-errors/s_pawn_mobility')
('err_funcfile:', '/data/maliha/decompilation/data/error_without_patch/ida/speccpu/clang/O0/sjeng-clang-O0-compilation-errors/s_pawn_mobility')
***************** Next Function ******************
('func_count:', 140)
("func_name '", 'update_ancestors', "'")
('err_func:', '/data/maliha/decompilation/data/error_without_patch/ida/speccpu/clang/O0/sjeng-clang-O0-compilation-errors/update_ancestors')
('err_funcfile:', '/data/maliha/decompilation/data/error_without_patch/ida/speccpu/clang/O0/sjeng-clang-O0-compilation-errors/update_ancestors')
***************** Next Function ******************
('func_count:', 141)
("func_name '", 'ProcessHoldings', "'")
('err_func:', '/data/maliha/decompilation/data/error_without_patch/ida/speccpu/clang/O0/sjeng-clang-O0-compilation-errors/ProcessHoldings')
('err_funcfile:', '/data/maliha/decompilation/data/error_without_patch/ida/speccpu/clang/O0/sjeng-clang-O0-compilation-errors/ProcessHoldings')
('error:', "/home/yanlin/my-projects/decompilation/source_code/recompiled/IDA/speccpu/clang/O0/sjeng-clang-O0/ProcessHoldings/src/crazy.c:35:3: error: unknown type name '__int64'; did you mean '__int64_t'?")
('error:', "/home/yanlin/my-projects/decompilation/source_code/recompiled/IDA/speccpu/clang/O0/sjeng-clang-O0/ProcessHoldings/src/crazy.c:85:25: error: use of undeclared identifier '__int64'")
('error:', "/home/yanlin/my-projects/decompilation/source_code/recompiled/IDA/speccpu/clang/O0/sjeng-clang-O0/ProcessHoldings/src/crazy.c:85:33: error: expected ']'")
('error:', "/home/yanlin/my-projects/decompilation/source_code/recompiled/IDA/speccpu/clang/O0/sjeng-clang-O0/ProcessHoldings/src/crazy.c:92:49: error: use of undeclared identifier '__int64'")
('error:', "/home/yanlin/my-projects/decompilation/source_code/recompiled/IDA/speccpu/clang/O0/sjeng-clang-O0/ProcessHoldings/src/crazy.c:92:57: error: expected ']'")
('error:', "/home/yanlin/my-projects/decompilation/source_code/recompiled/IDA/speccpu/clang/O0/sjeng-clang-O0/ProcessHoldings/src/crazy.c:100:25: error: use of undeclared identifier '__int64'")
('error:', "/home/yanlin/my-projects/decompilation/source_code/recompiled/IDA/speccpu/clang/O0/sjeng-clang-O0/ProcessHoldings/src/crazy.c:100:33: error: expected ']'")
('error:', "/home/yanlin/my-projects/decompilation/source_code/recompiled/IDA/speccpu/clang/O0/sjeng-clang-O0/ProcessHoldings/src/crazy.c:107:49: error: use of undeclared identifier '__int64'")
('error:', "/home/yanlin/my-projects/decompilation/source_code/recompiled/IDA/speccpu/clang/O0/sjeng-clang-O0/ProcessHoldings/src/crazy.c:107:57: error: expected ']'")
('error:', "/home/yanlin/my-projects/decompilation/source_code/recompiled/IDA/speccpu/clang/O0/sjeng-clang-O0/ProcessHoldings/src/crazy.c:115:25: error: use of undeclared identifier '__int64'")
('error:', "/home/yanlin/my-projects/decompilation/source_code/recompiled/IDA/speccpu/clang/O0/sjeng-clang-O0/ProcessHoldings/src/crazy.c:115:33: error: expected ']'")
('error:', "/home/yanlin/my-projects/decompilation/source_code/recompiled/IDA/speccpu/clang/O0/sjeng-clang-O0/ProcessHoldings/src/crazy.c:122:48: error: use of undeclared identifier '__int64'")
('error:', "/home/yanlin/my-projects/decompilation/source_code/recompiled/IDA/speccpu/clang/O0/sjeng-clang-O0/ProcessHoldings/src/crazy.c:122:56: error: expected ']'")
('error:', "/home/yanlin/my-projects/decompilation/source_code/recompiled/IDA/speccpu/clang/O0/sjeng-clang-O0/ProcessHoldings/src/crazy.c:130:25: error: use of undeclared identifier '__int64'")
('error:', "/home/yanlin/my-projects/decompilation/source_code/recompiled/IDA/speccpu/clang/O0/sjeng-clang-O0/ProcessHoldings/src/crazy.c:130:33: error: expected ']'")
('error:', "/home/yanlin/my-projects/decompilation/source_code/recompiled/IDA/speccpu/clang/O0/sjeng-clang-O0/ProcessHoldings/src/crazy.c:137:48: error: use of undeclared identifier '__int64'")
('error:', "/home/yanlin/my-projects/decompilation/source_code/recompiled/IDA/speccpu/clang/O0/sjeng-clang-O0/ProcessHoldings/src/crazy.c:137:56: error: expected ']'")
('error:', "/home/yanlin/my-projects/decompilation/source_code/recompiled/IDA/speccpu/clang/O0/sjeng-clang-O0/ProcessHoldings/src/crazy.c:145:25: error: use of undeclared identifier '__int64'")
('error:', "/home/yanlin/my-projects/decompilation/source_code/recompiled/IDA/speccpu/clang/O0/sjeng-clang-O0/ProcessHoldings/src/crazy.c:145:33: error: expected ']'")
('error:', 'fatal error: too many errors emitted, stopping now [-ferror-limit=]')
***************** Next Function ******************
('func_count:', 142)
("func_name '", 'DropaddHolding', "'")
('err_func:', '/data/maliha/decompilation/data/error_without_patch/ida/speccpu/clang/O0/sjeng-clang-O0-compilation-errors/DropaddHolding')
('err_funcfile:', '/data/maliha/decompilation/data/error_without_patch/ida/speccpu/clang/O0/sjeng-clang-O0-compilation-errors/DropaddHolding')
('error:', "/home/yanlin/my-projects/decompilation/source_code/recompiled/IDA/speccpu/clang/O0/sjeng-clang-O0/DropaddHolding/src/crazy.c:268:15: error: use of undeclared identifier '__int64'")
('error:', "/home/yanlin/my-projects/decompilation/source_code/recompiled/IDA/speccpu/clang/O0/sjeng-clang-O0/DropaddHolding/src/crazy.c:268:23: error: expected ']'")
('error:', "/home/yanlin/my-projects/decompilation/source_code/recompiled/IDA/speccpu/clang/O0/sjeng-clang-O0/DropaddHolding/src/crazy.c:270:40: error: use of undeclared identifier '__int64'")
('error:', "/home/yanlin/my-projects/decompilation/source_code/recompiled/IDA/speccpu/clang/O0/sjeng-clang-O0/DropaddHolding/src/crazy.c:270:48: error: expected ']'")
***************** Next Function ******************
('func_count:', 143)
("func_name '", 'run_epd_testsuite', "'")
('err_func:', '/data/maliha/decompilation/data/error_without_patch/ida/speccpu/clang/O0/sjeng-clang-O0-compilation-errors/run_epd_testsuite')
('err_funcfile:', '/data/maliha/decompilation/data/error_without_patch/ida/speccpu/clang/O0/sjeng-clang-O0-compilation-errors/run_epd_testsuite')
('error:', '/home/yanlin/my-projects/decompilation/source_code/recompiled/IDA/speccpu/clang/O0/sjeng-clang-O0/run_epd_testsuite/src/epd.c:241:12: error: too many arguments to function call, expected 0, have 1')
***************** Next Function ******************
('func_count:', 144)
("func_name '", 'f_in_check', "'")
('err_func:', '/data/maliha/decompilation/data/error_without_patch/ida/speccpu/clang/O0/sjeng-clang-O0-compilation-errors/f_in_check')
('err_funcfile:', '/data/maliha/decompilation/data/error_without_patch/ida/speccpu/clang/O0/sjeng-clang-O0-compilation-errors/f_in_check')
('error:', "/home/yanlin/my-projects/decompilation/source_code/recompiled/IDA/speccpu/clang/O0/sjeng-clang-O0/f_in_check/src/moves.c:872:17: error: use of undeclared identifier 'f_in_check_knight_o'")
('error:', "/home/yanlin/my-projects/decompilation/source_code/recompiled/IDA/speccpu/clang/O0/sjeng-clang-O0/f_in_check/src/moves.c:1132:17: error: use of undeclared identifier 'f_in_check_knight_o'")
******************** ================== ******************** ==================
Total # fns with errors: 144. Total errors: 332
******************** ================== error type: occurrences ******************** ==================
conflicting types for a function: 3
expected 'some symbol': 71
expected expression: 22
expression is not assignable: 6
subscripted value is not an array, pointer, or vector: 3
too many|few arguments to function call: 5
unknown type name: 27
use of undeclared identifier: 188
variable has incomplete type: 2
******************** ================== error distribution ******************** ==================
******************** ================== error type: func count ******************** ==================
conflicting types for a function: 3
expected 'some symbol': 25
expected expression: 5
expression is not assignable: 3
subscripted value is not an array, pointer, or vector: 1
too many|few arguments to function call: 2
unknown type name: 7
use of undeclared identifier: 44
variable has incomplete type: 2
******************** ================== unknown errors ******************** ==================
