maliha print
***************** Next Function ******************
('func_count:', 1)
("func_name '", 'quantum_cnot_ft', "'")
('err_func:', '/data/maliha/decompilation/data/error_without_patch/ida/speccpu/gcc/O0/libquantum-gcc-O0-compilation-errors/quantum_cnot_ft')
('err_funcfile:', '/data/maliha/decompilation/data/error_without_patch/ida/speccpu/gcc/O0/libquantum-gcc-O0-compilation-errors/quantum_cnot_ft')
('error:', "/home/yanlin/my-projects/decompilation/source_code/recompiled/IDA/speccpu/gcc/O0/libquantum-gcc-O0/quantum_cnot_ft/src/qec.c:205:3: error: use of undeclared identifier '__m128i'")
('error:', "/home/yanlin/my-projects/decompilation/source_code/recompiled/IDA/speccpu/gcc/O0/libquantum-gcc-O0/quantum_cnot_ft/src/qec.c:210:14: error: use of undeclared identifier 'v3'")
('error:', "/home/yanlin/my-projects/decompilation/source_code/recompiled/IDA/speccpu/gcc/O0/libquantum-gcc-O0/quantum_cnot_ft/src/qec.c:214:61: error: use of undeclared identifier 'v3'")
***************** Next Function ******************
('func_count:', 2)
("func_name '", 'quantum_addscratch', "'")
('err_func:', '/data/maliha/decompilation/data/error_without_patch/ida/speccpu/gcc/O0/libquantum-gcc-O0-compilation-errors/quantum_addscratch')
('err_funcfile:', '/data/maliha/decompilation/data/error_without_patch/ida/speccpu/gcc/O0/libquantum-gcc-O0-compilation-errors/quantum_addscratch')
('error:', 'clang: error: linker command failed with exit code 1 (use -v to see invocation)')
***************** Next Function ******************
('func_count:', 3)
("func_name '", 'test_sum', "'")
('err_func:', '/data/maliha/decompilation/data/error_without_patch/ida/speccpu/gcc/O0/libquantum-gcc-O0-compilation-errors/test_sum')
('err_funcfile:', '/data/maliha/decompilation/data/error_without_patch/ida/speccpu/gcc/O0/libquantum-gcc-O0-compilation-errors/test_sum')
('error:', "/home/yanlin/my-projects/decompilation/source_code/recompiled/IDA/speccpu/gcc/O0/libquantum-gcc-O0/test_sum/src/oaddn.c:48:24: error: expected ')'")
('error:', "/home/yanlin/my-projects/decompilation/source_code/recompiled/IDA/speccpu/gcc/O0/libquantum-gcc-O0/test_sum/src/oaddn.c:48:56: error: expected ')'")
***************** Next Function ******************
('func_count:', 4)
("func_name '", 'quantum_toffoli_ft', "'")
('err_func:', '/data/maliha/decompilation/data/error_without_patch/ida/speccpu/gcc/O0/libquantum-gcc-O0-compilation-errors/quantum_toffoli_ft')
('err_funcfile:', '/data/maliha/decompilation/data/error_without_patch/ida/speccpu/gcc/O0/libquantum-gcc-O0-compilation-errors/quantum_toffoli_ft')
('error:', "/home/yanlin/my-projects/decompilation/source_code/recompiled/IDA/speccpu/gcc/O0/libquantum-gcc-O0/quantum_toffoli_ft/src/qec.c:232:19: error: expected ';' at end of declaration")
('error:', "/home/yanlin/my-projects/decompilation/source_code/recompiled/IDA/speccpu/gcc/O0/libquantum-gcc-O0/quantum_toffoli_ft/src/qec.c:237:3: error: use of undeclared identifier 'mask'")
('error:', "/home/yanlin/my-projects/decompilation/source_code/recompiled/IDA/speccpu/gcc/O0/libquantum-gcc-O0/quantum_toffoli_ft/src/qec.c:238:32: error: expected ')'")
('error:', "/home/yanlin/my-projects/decompilation/source_code/recompiled/IDA/speccpu/gcc/O0/libquantum-gcc-O0/quantum_toffoli_ft/src/qec.c:238:58: error: expected ')'")
('error:', "/home/yanlin/my-projects/decompilation/source_code/recompiled/IDA/speccpu/gcc/O0/libquantum-gcc-O0/quantum_toffoli_ft/src/qec.c:239:36: error: expected ')'")
('error:', "/home/yanlin/my-projects/decompilation/source_code/recompiled/IDA/speccpu/gcc/O0/libquantum-gcc-O0/quantum_toffoli_ft/src/qec.c:246:50: error: expected ')'")
('error:', "/home/yanlin/my-projects/decompilation/source_code/recompiled/IDA/speccpu/gcc/O0/libquantum-gcc-O0/quantum_toffoli_ft/src/qec.c:246:76: error: expected ')'")
('error:', "/home/yanlin/my-projects/decompilation/source_code/recompiled/IDA/speccpu/gcc/O0/libquantum-gcc-O0/quantum_toffoli_ft/src/qec.c:248:54: error: expected ')'")
('error:', "/home/yanlin/my-projects/decompilation/source_code/recompiled/IDA/speccpu/gcc/O0/libquantum-gcc-O0/quantum_toffoli_ft/src/qec.c:252:50: error: expected ')'")
('error:', "/home/yanlin/my-projects/decompilation/source_code/recompiled/IDA/speccpu/gcc/O0/libquantum-gcc-O0/quantum_toffoli_ft/src/qec.c:252:76: error: expected ')'")
('error:', "/home/yanlin/my-projects/decompilation/source_code/recompiled/IDA/speccpu/gcc/O0/libquantum-gcc-O0/quantum_toffoli_ft/src/qec.c:254:54: error: expected ')'")
('error:', "/home/yanlin/my-projects/decompilation/source_code/recompiled/IDA/speccpu/gcc/O0/libquantum-gcc-O0/quantum_toffoli_ft/src/qec.c:257:29: error: use of undeclared identifier 'mask'")
***************** Next Function ******************
('func_count:', 5)
("func_name '", 'quantum_frac_approx', "'")
('err_func:', '/data/maliha/decompilation/data/error_without_patch/ida/speccpu/gcc/O0/libquantum-gcc-O0-compilation-errors/quantum_frac_approx')
('err_funcfile:', '/data/maliha/decompilation/data/error_without_patch/ida/speccpu/gcc/O0/libquantum-gcc-O0-compilation-errors/quantum_frac_approx')
('error:', 'clang: error: linker command failed with exit code 1 (use -v to see invocation)')
***************** Next Function ******************
('func_count:', 6)
("func_name '", 'quantum_delete_matrix', "'")
('err_func:', '/data/maliha/decompilation/data/error_without_patch/ida/speccpu/gcc/O0/libquantum-gcc-O0-compilation-errors/quantum_delete_matrix')
('err_funcfile:', '/data/maliha/decompilation/data/error_without_patch/ida/speccpu/gcc/O0/libquantum-gcc-O0-compilation-errors/quantum_delete_matrix')
('error:', "/home/yanlin/my-projects/decompilation/source_code/recompiled/IDA/speccpu/gcc/O0/libquantum-gcc-O0/quantum_delete_matrix/src/matrix.c:76:36: error: use of undeclared identifier '__int64'")
***************** Next Function ******************
('func_count:', 7)
("func_name '", 'quantum_objcode_write', "'")
('err_func:', '/data/maliha/decompilation/data/error_without_patch/ida/speccpu/gcc/O0/libquantum-gcc-O0-compilation-errors/quantum_objcode_write')
('err_funcfile:', '/data/maliha/decompilation/data/error_without_patch/ida/speccpu/gcc/O0/libquantum-gcc-O0-compilation-errors/quantum_objcode_write')
('error:', 'clang: error: linker command failed with exit code 1 (use -v to see invocation)')
***************** Next Function ******************
('func_count:', 8)
("func_name '", 'quantum_qft', "'")
('err_func:', '/data/maliha/decompilation/data/error_without_patch/ida/speccpu/gcc/O0/libquantum-gcc-O0-compilation-errors/quantum_qft')
('err_funcfile:', '/data/maliha/decompilation/data/error_without_patch/ida/speccpu/gcc/O0/libquantum-gcc-O0-compilation-errors/quantum_qft')
('error:', 'clang: error: linker command failed with exit code 1 (use -v to see invocation)')
***************** Next Function ******************
('func_count:', 9)
("func_name '", 'madd_inv', "'")
('err_func:', '/data/maliha/decompilation/data/error_without_patch/ida/speccpu/gcc/O0/libquantum-gcc-O0-compilation-errors/madd_inv')
('err_funcfile:', '/data/maliha/decompilation/data/error_without_patch/ida/speccpu/gcc/O0/libquantum-gcc-O0-compilation-errors/madd_inv')
('error:', 'clang: error: linker command failed with exit code 1 (use -v to see invocation)')
***************** Next Function ******************
('func_count:', 10)
("func_name '", 'main', "'")
('err_func:', '/data/maliha/decompilation/data/error_without_patch/ida/speccpu/gcc/O0/libquantum-gcc-O0-compilation-errors/main')
('err_funcfile:', '/data/maliha/decompilation/data/error_without_patch/ida/speccpu/gcc/O0/libquantum-gcc-O0-compilation-errors/main')
('error:', '/home/yanlin/my-projects/decompilation/source_code/recompiled/IDA/speccpu/gcc/O0/libquantum-gcc-O0/main/src/shor.c:84:38: error: too many arguments to function call, expected 2, have 3')
***************** Next Function ******************
('func_count:', 11)
("func_name '", 'quantum_objcode_start', "'")
('err_func:', '/data/maliha/decompilation/data/error_without_patch/ida/speccpu/gcc/O0/libquantum-gcc-O0-compilation-errors/quantum_objcode_start')
('err_funcfile:', '/data/maliha/decompilation/data/error_without_patch/ida/speccpu/gcc/O0/libquantum-gcc-O0-compilation-errors/quantum_objcode_start')
('error:', "/home/yanlin/my-projects/decompilation/source_code/recompiled/IDA/speccpu/gcc/O0/libquantum-gcc-O0/quantum_objcode_start/src/objcode.c:140:24: error: expected ')'")
***************** Next Function ******************
('func_count:', 12)
("func_name '", 'quantum_qec_encode', "'")
('err_func:', '/data/maliha/decompilation/data/error_without_patch/ida/speccpu/gcc/O0/libquantum-gcc-O0-compilation-errors/quantum_qec_encode')
('err_funcfile:', '/data/maliha/decompilation/data/error_without_patch/ida/speccpu/gcc/O0/libquantum-gcc-O0-compilation-errors/quantum_qec_encode')
('error:', "/home/yanlin/my-projects/decompilation/source_code/recompiled/IDA/speccpu/gcc/O0/libquantum-gcc-O0/quantum_qec_encode/src/qec.c:69:3: error: use of undeclared identifier '__m128i'")
('error:', "/home/yanlin/my-projects/decompilation/source_code/recompiled/IDA/speccpu/gcc/O0/libquantum-gcc-O0/quantum_qec_encode/src/qec.c:73:14: error: use of undeclared identifier 'v3'")
('error:', "/home/yanlin/my-projects/decompilation/source_code/recompiled/IDA/speccpu/gcc/O0/libquantum-gcc-O0/quantum_qec_encode/src/qec.c:74:45: error: use of undeclared identifier 'v3'")
***************** Next Function ******************
('func_count:', 13)
("func_name '", 'quantum_frand', "'")
('err_func:', '/data/maliha/decompilation/data/error_without_patch/ida/speccpu/gcc/O0/libquantum-gcc-O0-compilation-errors/quantum_frand')
('err_funcfile:', '/data/maliha/decompilation/data/error_without_patch/ida/speccpu/gcc/O0/libquantum-gcc-O0-compilation-errors/quantum_frand')
('error:', 'clang: error: linker command failed with exit code 1 (use -v to see invocation)')
***************** Next Function ******************
('func_count:', 14)
("func_name '", 'addn', "'")
('err_func:', '/data/maliha/decompilation/data/error_without_patch/ida/speccpu/gcc/O0/libquantum-gcc-O0-compilation-errors/addn')
('err_funcfile:', '/data/maliha/decompilation/data/error_without_patch/ida/speccpu/gcc/O0/libquantum-gcc-O0-compilation-errors/addn')
('error:', 'clang: error: linker command failed with exit code 1 (use -v to see invocation)')
***************** Next Function ******************
('func_count:', 15)
("func_name '", 'quantum_qec_counter', "'")
('err_func:', '/data/maliha/decompilation/data/error_without_patch/ida/speccpu/gcc/O0/libquantum-gcc-O0-compilation-errors/quantum_qec_counter')
('err_funcfile:', '/data/maliha/decompilation/data/error_without_patch/ida/speccpu/gcc/O0/libquantum-gcc-O0-compilation-errors/quantum_qec_counter')
('error:', "/home/yanlin/my-projects/decompilation/source_code/recompiled/IDA/speccpu/gcc/O0/libquantum-gcc-O0/quantum_qec_counter/src/qec.c:156:7: error: use of undeclared identifier 'counter_1'")
('error:', "/home/yanlin/my-projects/decompilation/source_code/recompiled/IDA/speccpu/gcc/O0/libquantum-gcc-O0/quantum_qec_counter/src/qec.c:160:5: error: use of undeclared identifier 'counter_1'")
('error:', "/home/yanlin/my-projects/decompilation/source_code/recompiled/IDA/speccpu/gcc/O0/libquantum-gcc-O0/quantum_qec_counter/src/qec.c:163:5: error: use of undeclared identifier 'freq_0'")
('error:', "/home/yanlin/my-projects/decompilation/source_code/recompiled/IDA/speccpu/gcc/O0/libquantum-gcc-O0/quantum_qec_counter/src/qec.c:164:9: error: use of undeclared identifier 'counter_1'")
('error:', "/home/yanlin/my-projects/decompilation/source_code/recompiled/IDA/speccpu/gcc/O0/libquantum-gcc-O0/quantum_qec_counter/src/qec.c:164:22: error: use of undeclared identifier 'freq_0'")
('error:', "/home/yanlin/my-projects/decompilation/source_code/recompiled/IDA/speccpu/gcc/O0/libquantum-gcc-O0/quantum_qec_counter/src/qec.c:166:5: error: use of undeclared identifier 'counter_1'")
('error:', "/home/yanlin/my-projects/decompilation/source_code/recompiled/IDA/speccpu/gcc/O0/libquantum-gcc-O0/quantum_qec_counter/src/qec.c:170:10: error: use of undeclared identifier 'counter_1'")
***************** Next Function ******************
('func_count:', 16)
("func_name '", 'quantum_decohere', "'")
('err_func:', '/data/maliha/decompilation/data/error_without_patch/ida/speccpu/gcc/O0/libquantum-gcc-O0-compilation-errors/quantum_decohere')
('err_funcfile:', '/data/maliha/decompilation/data/error_without_patch/ida/speccpu/gcc/O0/libquantum-gcc-O0-compilation-errors/quantum_decohere')
('error:', "/home/yanlin/my-projects/decompilation/source_code/recompiled/IDA/speccpu/gcc/O0/libquantum-gcc-O0/quantum_decohere/src/decoherence.c:80:3: error: use of undeclared identifier 'complex_float'")
('error:', "/home/yanlin/my-projects/decompilation/source_code/recompiled/IDA/speccpu/gcc/O0/libquantum-gcc-O0/quantum_decohere/src/decoherence.c:126:7: error: use of undeclared identifier 'a'")
('error:', "/home/yanlin/my-projects/decompilation/source_code/recompiled/IDA/speccpu/gcc/O0/libquantum-gcc-O0/quantum_decohere/src/decoherence.c:128:54: error: member reference base type '_Complex float' is not a structure or union")
('error:', "/home/yanlin/my-projects/decompilation/source_code/recompiled/IDA/speccpu/gcc/O0/libquantum-gcc-O0/quantum_decohere/src/decoherence.c:128:75: error: member reference base type '_Complex float' is not a structure or union")
('error:', "/home/yanlin/my-projects/decompilation/source_code/recompiled/IDA/speccpu/gcc/O0/libquantum-gcc-O0/quantum_decohere/src/decoherence.c:128:32: error: use of undeclared identifier 'a'")
('error:', "/home/yanlin/my-projects/decompilation/source_code/recompiled/IDA/speccpu/gcc/O0/libquantum-gcc-O0/quantum_decohere/src/decoherence.c:128:83: error: use of undeclared identifier 'a'")
***************** Next Function ******************
('func_count:', 17)
("func_name '", 'quantum_bmeasure_bitpreserve', "'")
('err_func:', '/data/maliha/decompilation/data/error_without_patch/ida/speccpu/gcc/O0/libquantum-gcc-O0-compilation-errors/quantum_bmeasure_bitpreserve')
('err_funcfile:', '/data/maliha/decompilation/data/error_without_patch/ida/speccpu/gcc/O0/libquantum-gcc-O0-compilation-errors/quantum_bmeasure_bitpreserve')
('error:', "/home/yanlin/my-projects/decompilation/source_code/recompiled/IDA/speccpu/gcc/O0/libquantum-gcc-O0/quantum_bmeasure_bitpreserve/src/measure.c:150:19: error: expected ';' at end of declaration")
('error:', "/home/yanlin/my-projects/decompilation/source_code/recompiled/IDA/speccpu/gcc/O0/libquantum-gcc-O0/quantum_bmeasure_bitpreserve/src/measure.c:159:3: error: use of undeclared identifier 'complex_float'")
('error:', "/home/yanlin/my-projects/decompilation/source_code/recompiled/IDA/speccpu/gcc/O0/libquantum-gcc-O0/quantum_bmeasure_bitpreserve/src/measure.c:160:3: error: use of undeclared identifier 'complex_float'")
('error:', "/home/yanlin/my-projects/decompilation/source_code/recompiled/IDA/speccpu/gcc/O0/libquantum-gcc-O0/quantum_bmeasure_bitpreserve/src/measure.c:168:3: error: use of undeclared identifier 'pos2'; did you mean 'pos'?")
('error:', "/home/yanlin/my-projects/decompilation/source_code/recompiled/IDA/speccpu/gcc/O0/libquantum-gcc-O0/quantum_bmeasure_bitpreserve/src/measure.c:171:13: error: use of undeclared identifier 'pos2'; did you mean 'pos'?")
('error:', "/home/yanlin/my-projects/decompilation/source_code/recompiled/IDA/speccpu/gcc/O0/libquantum-gcc-O0/quantum_bmeasure_bitpreserve/src/measure.c:173:7: error: use of undeclared identifier 'amplitude'; did you mean 'p_amplitude'?")
('error:', "/home/yanlin/my-projects/decompilation/source_code/recompiled/IDA/speccpu/gcc/O0/libquantum-gcc-O0/quantum_bmeasure_bitpreserve/src/measure.c:173:17: error: assigning to 'float *' from incompatible type '_Complex float'")
('error:', "/home/yanlin/my-projects/decompilation/source_code/recompiled/IDA/speccpu/gcc/O0/libquantum-gcc-O0/quantum_bmeasure_bitpreserve/src/measure.c:174:35: error: use of undeclared identifier 'amplitude'; did you mean 'p_amplitude'?")
('error:', "/home/yanlin/my-projects/decompilation/source_code/recompiled/IDA/speccpu/gcc/O0/libquantum-gcc-O0/quantum_bmeasure_bitpreserve/src/measure.c:181:13: error: use of undeclared identifier 'pos2'; did you mean 'pos'?")
('error:', "/home/yanlin/my-projects/decompilation/source_code/recompiled/IDA/speccpu/gcc/O0/libquantum-gcc-O0/quantum_bmeasure_bitpreserve/src/measure.c:186:22: error: member reference base type '_Complex float' is not a structure or union")
('error:', "/home/yanlin/my-projects/decompilation/source_code/recompiled/IDA/speccpu/gcc/O0/libquantum-gcc-O0/quantum_bmeasure_bitpreserve/src/measure.c:187:22: error: member reference base type '_Complex float' is not a structure or union")
('error:', "/home/yanlin/my-projects/decompilation/source_code/recompiled/IDA/speccpu/gcc/O0/libquantum-gcc-O0/quantum_bmeasure_bitpreserve/src/measure.c:194:20: error: member reference base type '_Complex float' is not a structure or union")
('error:', "/home/yanlin/my-projects/decompilation/source_code/recompiled/IDA/speccpu/gcc/O0/libquantum-gcc-O0/quantum_bmeasure_bitpreserve/src/measure.c:195:20: error: member reference base type '_Complex float' is not a structure or union")
('error:', "/home/yanlin/my-projects/decompilation/source_code/recompiled/IDA/speccpu/gcc/O0/libquantum-gcc-O0/quantum_bmeasure_bitpreserve/src/measure.c:198:5: error: use of undeclared identifier 'v22'")
('error:', "/home/yanlin/my-projects/decompilation/source_code/recompiled/IDA/speccpu/gcc/O0/libquantum-gcc-O0/quantum_bmeasure_bitpreserve/src/measure.c:199:32: error: use of undeclared identifier 'v22'")
('error:', "/home/yanlin/my-projects/decompilation/source_code/recompiled/IDA/speccpu/gcc/O0/libquantum-gcc-O0/quantum_bmeasure_bitpreserve/src/measure.c:218:24: error: member reference base type '_Complex float' is not a structure or union")
('error:', "/home/yanlin/my-projects/decompilation/source_code/recompiled/IDA/speccpu/gcc/O0/libquantum-gcc-O0/quantum_bmeasure_bitpreserve/src/measure.c:218:53: error: member reference base type '_Complex float' is not a structure or union")
('error:', "/home/yanlin/my-projects/decompilation/source_code/recompiled/IDA/speccpu/gcc/O0/libquantum-gcc-O0/quantum_bmeasure_bitpreserve/src/measure.c:222:27: error: member reference base type '_Complex float' is not a structure or union")
('error:', "/home/yanlin/my-projects/decompilation/source_code/recompiled/IDA/speccpu/gcc/O0/libquantum-gcc-O0/quantum_bmeasure_bitpreserve/src/measure.c:223:27: error: member reference base type '_Complex float' is not a structure or union")
***************** Next Function ******************
('func_count:', 18)
("func_name '", 'quantum_real', "'")
('err_func:', '/data/maliha/decompilation/data/error_without_patch/ida/speccpu/gcc/O0/libquantum-gcc-O0-compilation-errors/quantum_real')
('err_funcfile:', '/data/maliha/decompilation/data/error_without_patch/ida/speccpu/gcc/O0/libquantum-gcc-O0-compilation-errors/quantum_real')
('error:', "/home/yanlin/my-projects/decompilation/source_code/recompiled/IDA/speccpu/gcc/O0/libquantum-gcc-O0/quantum_real/src/lq_complex.h:37:29: error: unknown type name 'complex_float'")
***************** Next Function ******************
('func_count:', 19)
("func_name '", 'quantum_set_decoherence', "'")
('err_func:', '/data/maliha/decompilation/data/error_without_patch/ida/speccpu/gcc/O0/libquantum-gcc-O0-compilation-errors/quantum_set_decoherence')
('err_funcfile:', '/data/maliha/decompilation/data/error_without_patch/ida/speccpu/gcc/O0/libquantum-gcc-O0-compilation-errors/quantum_set_decoherence')
('error:', 'clang: error: linker command failed with exit code 1 (use -v to see invocation)')
***************** Next Function ******************
('func_count:', 20)
("func_name '", 'quantum_hadamard', "'")
('err_func:', '/data/maliha/decompilation/data/error_without_patch/ida/speccpu/gcc/O0/libquantum-gcc-O0-compilation-errors/quantum_hadamard')
('err_funcfile:', '/data/maliha/decompilation/data/error_without_patch/ida/speccpu/gcc/O0/libquantum-gcc-O0-compilation-errors/quantum_hadamard')
('error:', "/home/yanlin/my-projects/decompilation/source_code/recompiled/IDA/speccpu/gcc/O0/libquantum-gcc-O0/quantum_hadamard/src/gates.c:662:9: error: member reference base type '_Complex float' is not a structure or union")
('error:', "/home/yanlin/my-projects/decompilation/source_code/recompiled/IDA/speccpu/gcc/O0/libquantum-gcc-O0/quantum_hadamard/src/gates.c:663:9: error: member reference base type '_Complex float' is not a structure or union")
('error:', '/home/yanlin/my-projects/decompilation/source_code/recompiled/IDA/speccpu/gcc/O0/libquantum-gcc-O0/quantum_hadamard/src/gates.c:664:16: error: expected expression')
('error:', "/home/yanlin/my-projects/decompilation/source_code/recompiled/IDA/speccpu/gcc/O0/libquantum-gcc-O0/quantum_hadamard/src/gates.c:664:8: error: use of undeclared identifier '_QWORD'")
('error:', "/home/yanlin/my-projects/decompilation/source_code/recompiled/IDA/speccpu/gcc/O0/libquantum-gcc-O0/quantum_hadamard/src/gates.c:665:11: error: member reference base type '_Complex float' is not a structure or union")
('error:', '/home/yanlin/my-projects/decompilation/source_code/recompiled/IDA/speccpu/gcc/O0/libquantum-gcc-O0/quantum_hadamard/src/gates.c:666:16: error: expected expression')
('error:', "/home/yanlin/my-projects/decompilation/source_code/recompiled/IDA/speccpu/gcc/O0/libquantum-gcc-O0/quantum_hadamard/src/gates.c:666:8: error: use of undeclared identifier '_DWORD'")
('error:', '/home/yanlin/my-projects/decompilation/source_code/recompiled/IDA/speccpu/gcc/O0/libquantum-gcc-O0/quantum_hadamard/src/gates.c:666:30: error: expected expression')
('error:', "/home/yanlin/my-projects/decompilation/source_code/recompiled/IDA/speccpu/gcc/O0/libquantum-gcc-O0/quantum_hadamard/src/gates.c:666:22: error: use of undeclared identifier '_QWORD'")
('error:', '/home/yanlin/my-projects/decompilation/source_code/recompiled/IDA/speccpu/gcc/O0/libquantum-gcc-O0/quantum_hadamard/src/gates.c:667:16: error: expected expression')
('error:', "/home/yanlin/my-projects/decompilation/source_code/recompiled/IDA/speccpu/gcc/O0/libquantum-gcc-O0/quantum_hadamard/src/gates.c:667:8: error: use of undeclared identifier '_QWORD'")
('error:', "/home/yanlin/my-projects/decompilation/source_code/recompiled/IDA/speccpu/gcc/O0/libquantum-gcc-O0/quantum_hadamard/src/gates.c:668:11: error: member reference base type '_Complex float' is not a structure or union")
('error:', '/home/yanlin/my-projects/decompilation/source_code/recompiled/IDA/speccpu/gcc/O0/libquantum-gcc-O0/quantum_hadamard/src/gates.c:669:16: error: expected expression')
('error:', "/home/yanlin/my-projects/decompilation/source_code/recompiled/IDA/speccpu/gcc/O0/libquantum-gcc-O0/quantum_hadamard/src/gates.c:669:8: error: use of undeclared identifier '_DWORD'")
('error:', '/home/yanlin/my-projects/decompilation/source_code/recompiled/IDA/speccpu/gcc/O0/libquantum-gcc-O0/quantum_hadamard/src/gates.c:669:30: error: expected expression')
('error:', "/home/yanlin/my-projects/decompilation/source_code/recompiled/IDA/speccpu/gcc/O0/libquantum-gcc-O0/quantum_hadamard/src/gates.c:669:22: error: use of undeclared identifier '_QWORD'")
('error:', '/home/yanlin/my-projects/decompilation/source_code/recompiled/IDA/speccpu/gcc/O0/libquantum-gcc-O0/quantum_hadamard/src/gates.c:670:16: error: expected expression')
('error:', "/home/yanlin/my-projects/decompilation/source_code/recompiled/IDA/speccpu/gcc/O0/libquantum-gcc-O0/quantum_hadamard/src/gates.c:670:8: error: use of undeclared identifier '_QWORD'")
('error:', "/home/yanlin/my-projects/decompilation/source_code/recompiled/IDA/speccpu/gcc/O0/libquantum-gcc-O0/quantum_hadamard/src/gates.c:671:11: error: member reference base type '_Complex float' is not a structure or union")
('error:', 'fatal error: too many errors emitted, stopping now [-ferror-limit=]')
***************** Next Function ******************
('func_count:', 21)
("func_name '", 'quantum_kronecker', "'")
('err_func:', '/data/maliha/decompilation/data/error_without_patch/ida/speccpu/gcc/O0/libquantum-gcc-O0-compilation-errors/quantum_kronecker')
('err_funcfile:', '/data/maliha/decompilation/data/error_without_patch/ida/speccpu/gcc/O0/libquantum-gcc-O0-compilation-errors/quantum_kronecker')
('error:', "/home/yanlin/my-projects/decompilation/source_code/recompiled/IDA/speccpu/gcc/O0/libquantum-gcc-O0/quantum_kronecker/src/qureg.c:284:22: error: conflicting types for 'quantum_kronecker'")
('error:', "/home/yanlin/my-projects/decompilation/source_code/recompiled/IDA/speccpu/gcc/O0/libquantum-gcc-O0/quantum_kronecker/src/qureg.c:286:3: error: use of undeclared identifier 'SFtype'")
('error:', "/home/yanlin/my-projects/decompilation/source_code/recompiled/IDA/speccpu/gcc/O0/libquantum-gcc-O0/quantum_kronecker/src/qureg.c:289:3: error: use of undeclared identifier 'SFtype'")
('error:', "/home/yanlin/my-projects/decompilation/source_code/recompiled/IDA/speccpu/gcc/O0/libquantum-gcc-O0/quantum_kronecker/src/qureg.c:319:27: error: member reference base type '_Complex float' is not a structure or union")
('error:', "/home/yanlin/my-projects/decompilation/source_code/recompiled/IDA/speccpu/gcc/O0/libquantum-gcc-O0/quantum_kronecker/src/qureg.c:320:7: error: use of undeclared identifier 'imag'")
('error:', "/home/yanlin/my-projects/decompilation/source_code/recompiled/IDA/speccpu/gcc/O0/libquantum-gcc-O0/quantum_kronecker/src/qureg.c:320:27: error: member reference base type '_Complex float' is not a structure or union")
('error:', "/home/yanlin/my-projects/decompilation/source_code/recompiled/IDA/speccpu/gcc/O0/libquantum-gcc-O0/quantum_kronecker/src/qureg.c:323:25: error: use of undeclared identifier 'complex_float'")
***************** Next Function ******************
('func_count:', 22)
("func_name '", 'emul', "'")
('err_func:', '/data/maliha/decompilation/data/error_without_patch/ida/speccpu/gcc/O0/libquantum-gcc-O0-compilation-errors/emul')
('err_funcfile:', '/data/maliha/decompilation/data/error_without_patch/ida/speccpu/gcc/O0/libquantum-gcc-O0-compilation-errors/emul')
('error:', 'clang: error: linker command failed with exit code 1 (use -v to see invocation)')
***************** Next Function ******************
('func_count:', 23)
("func_name '", 'quantum_r_x', "'")
('err_func:', '/data/maliha/decompilation/data/error_without_patch/ida/speccpu/gcc/O0/libquantum-gcc-O0-compilation-errors/quantum_r_x')
('err_funcfile:', '/data/maliha/decompilation/data/error_without_patch/ida/speccpu/gcc/O0/libquantum-gcc-O0-compilation-errors/quantum_r_x')
('error:', "/home/yanlin/my-projects/decompilation/source_code/recompiled/IDA/speccpu/gcc/O0/libquantum-gcc-O0/quantum_r_x/src/gates.c:688:3: error: use of undeclared identifier 'complex_float'")
('error:', "/home/yanlin/my-projects/decompilation/source_code/recompiled/IDA/speccpu/gcc/O0/libquantum-gcc-O0/quantum_r_x/src/gates.c:688:18: error: use of undeclared identifier 't'")
('error:', "/home/yanlin/my-projects/decompilation/source_code/recompiled/IDA/speccpu/gcc/O0/libquantum-gcc-O0/quantum_r_x/src/gates.c:691:3: error: use of undeclared identifier 'complex_float'")
('error:', "/home/yanlin/my-projects/decompilation/source_code/recompiled/IDA/speccpu/gcc/O0/libquantum-gcc-O0/quantum_r_x/src/gates.c:691:18: error: use of undeclared identifier 'v7'")
('error:', "/home/yanlin/my-projects/decompilation/source_code/recompiled/IDA/speccpu/gcc/O0/libquantum-gcc-O0/quantum_r_x/src/gates.c:694:3: error: use of undeclared identifier 'complex_float'")
('error:', "/home/yanlin/my-projects/decompilation/source_code/recompiled/IDA/speccpu/gcc/O0/libquantum-gcc-O0/quantum_r_x/src/gates.c:694:18: error: use of undeclared identifier 'v10'")
('error:', "/home/yanlin/my-projects/decompilation/source_code/recompiled/IDA/speccpu/gcc/O0/libquantum-gcc-O0/quantum_r_x/src/gates.c:696:3: error: use of undeclared identifier 'complex_float'")
('error:', "/home/yanlin/my-projects/decompilation/source_code/recompiled/IDA/speccpu/gcc/O0/libquantum-gcc-O0/quantum_r_x/src/gates.c:696:18: error: use of undeclared identifier 'v12'; did you mean 'v11'?")
('error:', "/home/yanlin/my-projects/decompilation/source_code/recompiled/IDA/speccpu/gcc/O0/libquantum-gcc-O0/quantum_r_x/src/gates.c:703:5: error: use of undeclared identifier 't'")
('error:', "/home/yanlin/my-projects/decompilation/source_code/recompiled/IDA/speccpu/gcc/O0/libquantum-gcc-O0/quantum_r_x/src/gates.c:704:8: error: member reference base type '_Complex float' is not a structure or union")
('error:', "/home/yanlin/my-projects/decompilation/source_code/recompiled/IDA/speccpu/gcc/O0/libquantum-gcc-O0/quantum_r_x/src/gates.c:705:5: error: use of undeclared identifier 't'")
('error:', "/home/yanlin/my-projects/decompilation/source_code/recompiled/IDA/speccpu/gcc/O0/libquantum-gcc-O0/quantum_r_x/src/gates.c:709:5: error: use of undeclared identifier 'v7'")
('error:', "/home/yanlin/my-projects/decompilation/source_code/recompiled/IDA/speccpu/gcc/O0/libquantum-gcc-O0/quantum_r_x/src/gates.c:710:11: error: member reference base type '_Complex float' is not a structure or union")
('error:', "/home/yanlin/my-projects/decompilation/source_code/recompiled/IDA/speccpu/gcc/O0/libquantum-gcc-O0/quantum_r_x/src/gates.c:711:5: error: use of undeclared identifier 'v7'")
('error:', "/home/yanlin/my-projects/decompilation/source_code/recompiled/IDA/speccpu/gcc/O0/libquantum-gcc-O0/quantum_r_x/src/gates.c:715:5: error: use of undeclared identifier 'v10'; did you mean 'v11'?")
('error:', "/home/yanlin/my-projects/decompilation/source_code/recompiled/IDA/speccpu/gcc/O0/libquantum-gcc-O0/quantum_r_x/src/gates.c:715:9: error: assigning to 'float' from incompatible type '_Complex float *'")
('error:', "/home/yanlin/my-projects/decompilation/source_code/recompiled/IDA/speccpu/gcc/O0/libquantum-gcc-O0/quantum_r_x/src/gates.c:716:11: error: member reference base type '_Complex float' is not a structure or union")
('error:', "/home/yanlin/my-projects/decompilation/source_code/recompiled/IDA/speccpu/gcc/O0/libquantum-gcc-O0/quantum_r_x/src/gates.c:717:5: error: use of undeclared identifier 'v10'; did you mean 'v11'?")
('error:', "/home/yanlin/my-projects/decompilation/source_code/recompiled/IDA/speccpu/gcc/O0/libquantum-gcc-O0/quantum_r_x/src/gates.c:717:10: error: member reference type 'float' is not a pointer")
('error:', 'fatal error: too many errors emitted, stopping now [-ferror-limit=]')
***************** Next Function ******************
('func_count:', 24)
("func_name '", 'quantum_state_collapse', "'")
('err_func:', '/data/maliha/decompilation/data/error_without_patch/ida/speccpu/gcc/O0/libquantum-gcc-O0-compilation-errors/quantum_state_collapse')
('err_funcfile:', '/data/maliha/decompilation/data/error_without_patch/ida/speccpu/gcc/O0/libquantum-gcc-O0-compilation-errors/quantum_state_collapse')
('error:', "/home/yanlin/my-projects/decompilation/source_code/recompiled/IDA/speccpu/gcc/O0/libquantum-gcc-O0/quantum_state_collapse/src/qureg.c:334:22: error: conflicting types for 'quantum_state_collapse'")
('error:', "/home/yanlin/my-projects/decompilation/source_code/recompiled/IDA/speccpu/gcc/O0/libquantum-gcc-O0/quantum_state_collapse/src/qureg.c:341:3: error: unknown type name '__int64'; did you mean '__int64_t'?")
('error:', "/home/yanlin/my-projects/decompilation/source_code/recompiled/IDA/speccpu/gcc/O0/libquantum-gcc-O0/quantum_state_collapse/src/qureg.c:342:3: error: unknown type name '__int64'; did you mean '__int64_t'?")
('error:', "/home/yanlin/my-projects/decompilation/source_code/recompiled/IDA/speccpu/gcc/O0/libquantum-gcc-O0/quantum_state_collapse/src/qureg.c:344:19: error: expected ';' at end of declaration")
('error:', "/home/yanlin/my-projects/decompilation/source_code/recompiled/IDA/speccpu/gcc/O0/libquantum-gcc-O0/quantum_state_collapse/src/qureg.c:345:12: error: redefinition of '__int64'")
('error:', "/home/yanlin/my-projects/decompilation/source_code/recompiled/IDA/speccpu/gcc/O0/libquantum-gcc-O0/quantum_state_collapse/src/qureg.c:345:19: error: expected ';' at end of declaration")
('error:', "/home/yanlin/my-projects/decompilation/source_code/recompiled/IDA/speccpu/gcc/O0/libquantum-gcc-O0/quantum_state_collapse/src/qureg.c:346:12: error: redefinition of '__int64'")
('error:', "/home/yanlin/my-projects/decompilation/source_code/recompiled/IDA/speccpu/gcc/O0/libquantum-gcc-O0/quantum_state_collapse/src/qureg.c:346:19: error: expected ';' at end of declaration")
('error:', "/home/yanlin/my-projects/decompilation/source_code/recompiled/IDA/speccpu/gcc/O0/libquantum-gcc-O0/quantum_state_collapse/src/qureg.c:347:12: error: redefinition of '__int64'")
('error:', "/home/yanlin/my-projects/decompilation/source_code/recompiled/IDA/speccpu/gcc/O0/libquantum-gcc-O0/quantum_state_collapse/src/qureg.c:347:19: error: expected ';' at end of declaration")
('error:', "/home/yanlin/my-projects/decompilation/source_code/recompiled/IDA/speccpu/gcc/O0/libquantum-gcc-O0/quantum_state_collapse/src/qureg.c:355:3: error: use of undeclared identifier 'complex_float'")
('error:', "/home/yanlin/my-projects/decompilation/source_code/recompiled/IDA/speccpu/gcc/O0/libquantum-gcc-O0/quantum_state_collapse/src/qureg.c:359:3: error: use of undeclared identifier 'pos2'; did you mean 'pos'?")
('error:', "/home/yanlin/my-projects/decompilation/source_code/recompiled/IDA/speccpu/gcc/O0/libquantum-gcc-O0/quantum_state_collapse/src/qureg.c:362:13: error: use of undeclared identifier 'pos2'; did you mean 'pos'?")
('error:', "/home/yanlin/my-projects/decompilation/source_code/recompiled/IDA/speccpu/gcc/O0/libquantum-gcc-O0/quantum_state_collapse/src/qureg.c:362:58: error: use of undeclared identifier 'pos2'; did you mean 'pos'?")
('error:', "/home/yanlin/my-projects/decompilation/source_code/recompiled/IDA/speccpu/gcc/O0/libquantum-gcc-O0/quantum_state_collapse/src/qureg.c:364:7: error: use of undeclared identifier 'amplitude'; did you mean 'p_amplitude'?")
('error:', "/home/yanlin/my-projects/decompilation/source_code/recompiled/IDA/speccpu/gcc/O0/libquantum-gcc-O0/quantum_state_collapse/src/qureg.c:364:17: error: assigning to 'float *' from incompatible type '_Complex float'")
('error:', "/home/yanlin/my-projects/decompilation/source_code/recompiled/IDA/speccpu/gcc/O0/libquantum-gcc-O0/quantum_state_collapse/src/qureg.c:365:34: error: use of undeclared identifier 'amplitude'; did you mean 'p_amplitude'?")
('error:', '/home/yanlin/my-projects/decompilation/source_code/recompiled/IDA/speccpu/gcc/O0/libquantum-gcc-O0/quantum_state_collapse/src/qureg.c:369:17: error: expression is not assignable')
('error:', '/home/yanlin/my-projects/decompilation/source_code/recompiled/IDA/speccpu/gcc/O0/libquantum-gcc-O0/quantum_state_collapse/src/qureg.c:370:17: error: expression is not assignable')
('error:', 'fatal error: too many errors emitted, stopping now [-ferror-limit=]')
***************** Next Function ******************
('func_count:', 25)
("func_name '", 'quantum_qureg2matrix', "'")
('err_func:', '/data/maliha/decompilation/data/error_without_patch/ida/speccpu/gcc/O0/libquantum-gcc-O0-compilation-errors/quantum_qureg2matrix')
('err_funcfile:', '/data/maliha/decompilation/data/error_without_patch/ida/speccpu/gcc/O0/libquantum-gcc-O0-compilation-errors/quantum_qureg2matrix')
('error:', "/home/yanlin/my-projects/decompilation/source_code/recompiled/IDA/speccpu/gcc/O0/libquantum-gcc-O0/quantum_qureg2matrix/src/qureg.c:165:3: error: use of undeclared identifier 'complex_float'")
('error:', "/home/yanlin/my-projects/decompilation/source_code/recompiled/IDA/speccpu/gcc/O0/libquantum-gcc-O0/quantum_qureg2matrix/src/qureg.c:165:18: error: use of undeclared identifier 'v2'")
('error:', "/home/yanlin/my-projects/decompilation/source_code/recompiled/IDA/speccpu/gcc/O0/libquantum-gcc-O0/quantum_qureg2matrix/src/qureg.c:174:5: error: use of undeclared identifier 'v2'")
('error:', "/home/yanlin/my-projects/decompilation/source_code/recompiled/IDA/speccpu/gcc/O0/libquantum-gcc-O0/quantum_qureg2matrix/src/qureg.c:175:25: error: member reference base type '_Complex float' is not a structure or union")
('error:', "/home/yanlin/my-projects/decompilation/source_code/recompiled/IDA/speccpu/gcc/O0/libquantum-gcc-O0/quantum_qureg2matrix/src/qureg.c:176:5: error: use of undeclared identifier 'v2'")
('error:', "/home/yanlin/my-projects/decompilation/source_code/recompiled/IDA/speccpu/gcc/O0/libquantum-gcc-O0/quantum_qureg2matrix/src/qureg.c:176:29: error: member reference base type '_Complex float' is not a structure or union")
('error:', "/home/yanlin/my-projects/decompilation/source_code/recompiled/IDA/speccpu/gcc/O0/libquantum-gcc-O0/quantum_qureg2matrix/src/qureg.c:177:5: error: use of undeclared identifier 'v2'")
***************** Next Function ******************
('func_count:', 26)
("func_name '", 'quantum_measure', "'")
('err_func:', '/data/maliha/decompilation/data/error_without_patch/ida/speccpu/gcc/O0/libquantum-gcc-O0-compilation-errors/quantum_measure')
('err_funcfile:', '/data/maliha/decompilation/data/error_without_patch/ida/speccpu/gcc/O0/libquantum-gcc-O0-compilation-errors/quantum_measure')
('error:', "/home/yanlin/my-projects/decompilation/source_code/recompiled/IDA/speccpu/gcc/O0/libquantum-gcc-O0/quantum_measure/src/measure.c:61:17: error: expected ';' after top level declarator")
('error:', "/home/yanlin/my-projects/decompilation/source_code/recompiled/IDA/speccpu/gcc/O0/libquantum-gcc-O0/quantum_measure/src/measure.c:65:3: error: use of undeclared identifier 'complex_float'")
('error:', "/home/yanlin/my-projects/decompilation/source_code/recompiled/IDA/speccpu/gcc/O0/libquantum-gcc-O0/quantum_measure/src/measure.c:72:5: error: use of undeclared identifier 'amplitude'")
('error:', "/home/yanlin/my-projects/decompilation/source_code/recompiled/IDA/speccpu/gcc/O0/libquantum-gcc-O0/quantum_measure/src/measure.c:73:36: error: use of undeclared identifier 'amplitude'")
***************** Next Function ******************
('func_count:', 27)
("func_name '", 'quantum_bmeasure', "'")
('err_func:', '/data/maliha/decompilation/data/error_without_patch/ida/speccpu/gcc/O0/libquantum-gcc-O0-compilation-errors/quantum_bmeasure')
('err_funcfile:', '/data/maliha/decompilation/data/error_without_patch/ida/speccpu/gcc/O0/libquantum-gcc-O0-compilation-errors/quantum_bmeasure')
('error:', "/home/yanlin/my-projects/decompilation/source_code/recompiled/IDA/speccpu/gcc/O0/libquantum-gcc-O0/quantum_bmeasure/src/measure.c:100:3: error: unknown type name '__int64'; did you mean '__int64_t'?")
('error:', "/home/yanlin/my-projects/decompilation/source_code/recompiled/IDA/speccpu/gcc/O0/libquantum-gcc-O0/quantum_bmeasure/src/measure.c:104:19: error: expected ';' at end of declaration")
('error:', "/home/yanlin/my-projects/decompilation/source_code/recompiled/IDA/speccpu/gcc/O0/libquantum-gcc-O0/quantum_bmeasure/src/measure.c:108:3: error: use of undeclared identifier 'complex_float'")
('error:', "/home/yanlin/my-projects/decompilation/source_code/recompiled/IDA/speccpu/gcc/O0/libquantum-gcc-O0/quantum_bmeasure/src/measure.c:114:3: error: use of undeclared identifier 'pos2'; did you mean 'pos'?")
('error:', "/home/yanlin/my-projects/decompilation/source_code/recompiled/IDA/speccpu/gcc/O0/libquantum-gcc-O0/quantum_bmeasure/src/measure.c:117:13: error: use of undeclared identifier 'pos2'; did you mean 'pos'?")
('error:', "/home/yanlin/my-projects/decompilation/source_code/recompiled/IDA/speccpu/gcc/O0/libquantum-gcc-O0/quantum_bmeasure/src/measure.c:119:7: error: use of undeclared identifier 'amplitude'")
('error:', "/home/yanlin/my-projects/decompilation/source_code/recompiled/IDA/speccpu/gcc/O0/libquantum-gcc-O0/quantum_bmeasure/src/measure.c:120:35: error: use of undeclared identifier 'amplitude'")
('error:', '/home/yanlin/my-projects/decompilation/source_code/recompiled/IDA/speccpu/gcc/O0/libquantum-gcc-O0/quantum_bmeasure/src/measure.c:126:49: error: too many arguments to function call, expected 3, have 4')
('error:', '/home/yanlin/my-projects/decompilation/source_code/recompiled/IDA/speccpu/gcc/O0/libquantum-gcc-O0/quantum_bmeasure/src/measure.c:128:19: error: expected expression')
('error:', "/home/yanlin/my-projects/decompilation/source_code/recompiled/IDA/speccpu/gcc/O0/libquantum-gcc-O0/quantum_bmeasure/src/measure.c:128:11: error: use of undeclared identifier '_QWORD'")
('error:', '/home/yanlin/my-projects/decompilation/source_code/recompiled/IDA/speccpu/gcc/O0/libquantum-gcc-O0/quantum_bmeasure/src/measure.c:129:14: error: expected expression')
('error:', "/home/yanlin/my-projects/decompilation/source_code/recompiled/IDA/speccpu/gcc/O0/libquantum-gcc-O0/quantum_bmeasure/src/measure.c:129:6: error: use of undeclared identifier '_QWORD'")
('error:', '/home/yanlin/my-projects/decompilation/source_code/recompiled/IDA/speccpu/gcc/O0/libquantum-gcc-O0/quantum_bmeasure/src/measure.c:129:40: error: expected expression')
('error:', "/home/yanlin/my-projects/decompilation/source_code/recompiled/IDA/speccpu/gcc/O0/libquantum-gcc-O0/quantum_bmeasure/src/measure.c:129:32: error: use of undeclared identifier '_QWORD'")
('error:', '/home/yanlin/my-projects/decompilation/source_code/recompiled/IDA/speccpu/gcc/O0/libquantum-gcc-O0/quantum_bmeasure/src/measure.c:130:14: error: expected expression')
('error:', "/home/yanlin/my-projects/decompilation/source_code/recompiled/IDA/speccpu/gcc/O0/libquantum-gcc-O0/quantum_bmeasure/src/measure.c:130:6: error: use of undeclared identifier '_QWORD'")
***************** Next Function ******************
('func_count:', 28)
("func_name '", 'quantum_double2char', "'")
('err_func:', '/data/maliha/decompilation/data/error_without_patch/ida/speccpu/gcc/O0/libquantum-gcc-O0-compilation-errors/quantum_double2char')
('err_funcfile:', '/data/maliha/decompilation/data/error_without_patch/ida/speccpu/gcc/O0/libquantum-gcc-O0-compilation-errors/quantum_double2char')
('error:', "/home/yanlin/my-projects/decompilation/source_code/recompiled/IDA/speccpu/gcc/O0/libquantum-gcc-O0/quantum_double2char/src/objcode.c:90:62: error: expected ')'")
('error:', "/home/yanlin/my-projects/decompilation/source_code/recompiled/IDA/speccpu/gcc/O0/libquantum-gcc-O0/quantum_double2char/src/objcode.c:93:12: error: redefinition of '__int8'")
('error:', "/home/yanlin/my-projects/decompilation/source_code/recompiled/IDA/speccpu/gcc/O0/libquantum-gcc-O0/quantum_double2char/src/objcode.c:93:18: error: expected ';' at end of declaration")
('error:', "/home/yanlin/my-projects/decompilation/source_code/recompiled/IDA/speccpu/gcc/O0/libquantum-gcc-O0/quantum_double2char/src/objcode.c:97:3: error: use of undeclared identifier 'p'")
('error:', "/home/yanlin/my-projects/decompilation/source_code/recompiled/IDA/speccpu/gcc/O0/libquantum-gcc-O0/quantum_double2char/src/objcode.c:97:18: error: expected ')'")
('error:', "/home/yanlin/my-projects/decompilation/source_code/recompiled/IDA/speccpu/gcc/O0/libquantum-gcc-O0/quantum_double2char/src/objcode.c:99:5: error: use of undeclared identifier 'buf'")
('error:', "/home/yanlin/my-projects/decompilation/source_code/recompiled/IDA/speccpu/gcc/O0/libquantum-gcc-O0/quantum_double2char/src/objcode.c:99:14: error: use of undeclared identifier 'p'")
***************** Next Function ******************
('func_count:', 29)
("func_name '", 'quantum_gate1', "'")
('err_func:', '/data/maliha/decompilation/data/error_without_patch/ida/speccpu/gcc/O0/libquantum-gcc-O0-compilation-errors/quantum_gate1')
('err_funcfile:', '/data/maliha/decompilation/data/error_without_patch/ida/speccpu/gcc/O0/libquantum-gcc-O0-compilation-errors/quantum_gate1')
('error:', "/home/yanlin/my-projects/decompilation/source_code/recompiled/IDA/speccpu/gcc/O0/libquantum-gcc-O0/quantum_gate1/src/gates.c:299:3: error: unknown type name '__int64'; did you mean '__int64_t'?")
('error:', "/home/yanlin/my-projects/decompilation/source_code/recompiled/IDA/speccpu/gcc/O0/libquantum-gcc-O0/quantum_gate1/src/gates.c:302:3: error: use of undeclared identifier 'SFtype'")
('error:', "/home/yanlin/my-projects/decompilation/source_code/recompiled/IDA/speccpu/gcc/O0/libquantum-gcc-O0/quantum_gate1/src/gates.c:305:3: error: use of undeclared identifier 'SFtype'")
('error:', "/home/yanlin/my-projects/decompilation/source_code/recompiled/IDA/speccpu/gcc/O0/libquantum-gcc-O0/quantum_gate1/src/gates.c:306:3: error: use of undeclared identifier 'SFtype'")
('error:', "/home/yanlin/my-projects/decompilation/source_code/recompiled/IDA/speccpu/gcc/O0/libquantum-gcc-O0/quantum_gate1/src/gates.c:308:3: error: use of undeclared identifier 'SFtype'")
('error:', "/home/yanlin/my-projects/decompilation/source_code/recompiled/IDA/speccpu/gcc/O0/libquantum-gcc-O0/quantum_gate1/src/gates.c:310:3: error: use of undeclared identifier 'SFtype'")
('error:', "/home/yanlin/my-projects/decompilation/source_code/recompiled/IDA/speccpu/gcc/O0/libquantum-gcc-O0/quantum_gate1/src/gates.c:312:3: error: use of undeclared identifier 'SFtype'")
('error:', "/home/yanlin/my-projects/decompilation/source_code/recompiled/IDA/speccpu/gcc/O0/libquantum-gcc-O0/quantum_gate1/src/gates.c:320:19: error: expected ';' at end of declaration")
('error:', "/home/yanlin/my-projects/decompilation/source_code/recompiled/IDA/speccpu/gcc/O0/libquantum-gcc-O0/quantum_gate1/src/gates.c:321:12: error: redefinition of '__int64'")
('error:', "/home/yanlin/my-projects/decompilation/source_code/recompiled/IDA/speccpu/gcc/O0/libquantum-gcc-O0/quantum_gate1/src/gates.c:321:19: error: expected ';' at end of declaration")
('error:', "/home/yanlin/my-projects/decompilation/source_code/recompiled/IDA/speccpu/gcc/O0/libquantum-gcc-O0/quantum_gate1/src/gates.c:322:12: error: redefinition of '__int64'")
('error:', "/home/yanlin/my-projects/decompilation/source_code/recompiled/IDA/speccpu/gcc/O0/libquantum-gcc-O0/quantum_gate1/src/gates.c:322:19: error: expected ';' at end of declaration")
('error:', "/home/yanlin/my-projects/decompilation/source_code/recompiled/IDA/speccpu/gcc/O0/libquantum-gcc-O0/quantum_gate1/src/gates.c:323:12: error: redefinition of '__int64'")
('error:', "/home/yanlin/my-projects/decompilation/source_code/recompiled/IDA/speccpu/gcc/O0/libquantum-gcc-O0/quantum_gate1/src/gates.c:323:19: error: expected ';' at end of declaration")
('error:', "/home/yanlin/my-projects/decompilation/source_code/recompiled/IDA/speccpu/gcc/O0/libquantum-gcc-O0/quantum_gate1/src/gates.c:324:12: error: redefinition of '__int64'")
('error:', "/home/yanlin/my-projects/decompilation/source_code/recompiled/IDA/speccpu/gcc/O0/libquantum-gcc-O0/quantum_gate1/src/gates.c:324:19: error: expected ';' at end of declaration")
('error:', "/home/yanlin/my-projects/decompilation/source_code/recompiled/IDA/speccpu/gcc/O0/libquantum-gcc-O0/quantum_gate1/src/gates.c:325:12: error: redefinition of '__int64'")
('error:', "/home/yanlin/my-projects/decompilation/source_code/recompiled/IDA/speccpu/gcc/O0/libquantum-gcc-O0/quantum_gate1/src/gates.c:325:19: error: expected ';' at end of declaration")
('error:', "/home/yanlin/my-projects/decompilation/source_code/recompiled/IDA/speccpu/gcc/O0/libquantum-gcc-O0/quantum_gate1/src/gates.c:326:12: error: redefinition of '__int64'")
('error:', 'fatal error: too many errors emitted, stopping now [-ferror-limit=]')
***************** Next Function ******************
('func_count:', 30)
("func_name '", 'muxfa', "'")
('err_func:', '/data/maliha/decompilation/data/error_without_patch/ida/speccpu/gcc/O0/libquantum-gcc-O0-compilation-errors/muxfa')
('err_funcfile:', '/data/maliha/decompilation/data/error_without_patch/ida/speccpu/gcc/O0/libquantum-gcc-O0-compilation-errors/muxfa')
('error:', 'clang: error: linker command failed with exit code 1 (use -v to see invocation)')
***************** Next Function ******************
('func_count:', 31)
("func_name '", 'quantum_qft_inv', "'")
('err_func:', '/data/maliha/decompilation/data/error_without_patch/ida/speccpu/gcc/O0/libquantum-gcc-O0-compilation-errors/quantum_qft_inv')
('err_funcfile:', '/data/maliha/decompilation/data/error_without_patch/ida/speccpu/gcc/O0/libquantum-gcc-O0-compilation-errors/quantum_qft_inv')
('error:', 'clang: error: linker command failed with exit code 1 (use -v to see invocation)')
***************** Next Function ******************
('func_count:', 32)
("func_name '", 'quantum_dot_product', "'")
('err_func:', '/data/maliha/decompilation/data/error_without_patch/ida/speccpu/gcc/O0/libquantum-gcc-O0-compilation-errors/quantum_dot_product')
('err_funcfile:', '/data/maliha/decompilation/data/error_without_patch/ida/speccpu/gcc/O0/libquantum-gcc-O0-compilation-errors/quantum_dot_product')
('error:', "/home/yanlin/my-projects/decompilation/source_code/recompiled/IDA/speccpu/gcc/O0/libquantum-gcc-O0/quantum_dot_product/src/qureg.c:403:1: error: unknown type name 'complex_float'")
('error:', "/home/yanlin/my-projects/decompilation/source_code/recompiled/IDA/speccpu/gcc/O0/libquantum-gcc-O0/quantum_dot_product/src/qureg.c:403:15: error: expected identifier or '('")
***************** Next Function ******************
('func_count:', 33)
("func_name '", 'quantum_cexp', "'")
('err_func:', '/data/maliha/decompilation/data/error_without_patch/ida/speccpu/gcc/O0/libquantum-gcc-O0-compilation-errors/quantum_cexp')
('err_funcfile:', '/data/maliha/decompilation/data/error_without_patch/ida/speccpu/gcc/O0/libquantum-gcc-O0-compilation-errors/quantum_cexp')
('error:', "/home/yanlin/my-projects/decompilation/source_code/recompiled/IDA/speccpu/gcc/O0/libquantum-gcc-O0/quantum_cexp/src/complex.c:54:1: error: unknown type name 'complex_float'")
('error:', "/home/yanlin/my-projects/decompilation/source_code/recompiled/IDA/speccpu/gcc/O0/libquantum-gcc-O0/quantum_cexp/src/complex.c:54:15: error: expected identifier or '('")
***************** Next Function ******************
('func_count:', 34)
("func_name '", 'quantum_qec_get_status', "'")
('err_func:', '/data/maliha/decompilation/data/error_without_patch/ida/speccpu/gcc/O0/libquantum-gcc-O0-compilation-errors/quantum_qec_get_status')
('err_funcfile:', '/data/maliha/decompilation/data/error_without_patch/ida/speccpu/gcc/O0/libquantum-gcc-O0-compilation-errors/quantum_qec_get_status')
('error:', 'clang: error: linker command failed with exit code 1 (use -v to see invocation)')
***************** Next Function ******************
('func_count:', 35)
("func_name '", 'muxha_inv', "'")
('err_func:', '/data/maliha/decompilation/data/error_without_patch/ida/speccpu/gcc/O0/libquantum-gcc-O0-compilation-errors/muxha_inv')
('err_funcfile:', '/data/maliha/decompilation/data/error_without_patch/ida/speccpu/gcc/O0/libquantum-gcc-O0-compilation-errors/muxha_inv')
('error:', 'clang: error: linker command failed with exit code 1 (use -v to see invocation)')
***************** Next Function ******************
('func_count:', 36)
("func_name '", 'quantum_qec_decode', "'")
('err_func:', '/data/maliha/decompilation/data/error_without_patch/ida/speccpu/gcc/O0/libquantum-gcc-O0-compilation-errors/quantum_qec_decode')
('err_funcfile:', '/data/maliha/decompilation/data/error_without_patch/ida/speccpu/gcc/O0/libquantum-gcc-O0-compilation-errors/quantum_qec_decode')
('error:', "/home/yanlin/my-projects/decompilation/source_code/recompiled/IDA/speccpu/gcc/O0/libquantum-gcc-O0/quantum_qec_decode/src/qec.c:107:3: error: use of undeclared identifier '__m128i'")
('error:', "/home/yanlin/my-projects/decompilation/source_code/recompiled/IDA/speccpu/gcc/O0/libquantum-gcc-O0/quantum_qec_decode/src/qec.c:115:14: error: use of undeclared identifier 'v3'")
('error:', "/home/yanlin/my-projects/decompilation/source_code/recompiled/IDA/speccpu/gcc/O0/libquantum-gcc-O0/quantum_qec_decode/src/qec.c:116:45: error: use of undeclared identifier 'v3'")
***************** Next Function ******************
('func_count:', 37)
("func_name '", 'quantum_new_qureg', "'")
('err_func:', '/data/maliha/decompilation/data/error_without_patch/ida/speccpu/gcc/O0/libquantum-gcc-O0-compilation-errors/quantum_new_qureg')
('err_funcfile:', '/data/maliha/decompilation/data/error_without_patch/ida/speccpu/gcc/O0/libquantum-gcc-O0-compilation-errors/quantum_new_qureg')
('error:', "/home/yanlin/my-projects/decompilation/source_code/recompiled/IDA/speccpu/gcc/O0/libquantum-gcc-O0/quantum_new_qureg/src/qureg.c:107:80: error: expected ')'")
('error:', "/home/yanlin/my-projects/decompilation/source_code/recompiled/IDA/speccpu/gcc/O0/libquantum-gcc-O0/quantum_new_qureg/src/qureg.c:107:22: error: conflicting types for 'quantum_new_qureg'")
('error:', '/home/yanlin/my-projects/decompilation/source_code/recompiled/IDA/speccpu/gcc/O0/libquantum-gcc-O0/quantum_new_qureg/src/qureg.c:112:14: error: expected expression')
('error:', "/home/yanlin/my-projects/decompilation/source_code/recompiled/IDA/speccpu/gcc/O0/libquantum-gcc-O0/quantum_new_qureg/src/qureg.c:112:6: error: use of undeclared identifier '_QWORD'")
('error:', "/home/yanlin/my-projects/decompilation/source_code/recompiled/IDA/speccpu/gcc/O0/libquantum-gcc-O0/quantum_new_qureg/src/qureg.c:112:43: error: use of undeclared identifier 'width'")
('error:', "/home/yanlin/my-projects/decompilation/source_code/recompiled/IDA/speccpu/gcc/O0/libquantum-gcc-O0/quantum_new_qureg/src/qureg.c:113:15: error: use of undeclared identifier 'width'")
('error:', "/home/yanlin/my-projects/decompilation/source_code/recompiled/IDA/speccpu/gcc/O0/libquantum-gcc-O0/quantum_new_qureg/src/qureg.c:128:21: error: use of undeclared identifier 'initval'; did you mean 'finitel'?")
('error:', "/home/yanlin/my-projects/decompilation/source_code/recompiled/IDA/speccpu/gcc/O0/libquantum-gcc-O0/quantum_new_qureg/src/qureg.c:129:22: error: member reference base type '_Complex float' is not a structure or union")
('error:', "/home/yanlin/my-projects/decompilation/source_code/recompiled/IDA/speccpu/gcc/O0/libquantum-gcc-O0/quantum_new_qureg/src/qureg.c:130:22: error: member reference base type '_Complex float' is not a structure or union")
('error:', "/home/yanlin/my-projects/decompilation/source_code/recompiled/IDA/speccpu/gcc/O0/libquantum-gcc-O0/quantum_new_qureg/src/qureg.c:138:28: error: use of undeclared identifier 'initval'; did you mean 'finitel'?")
***************** Next Function ******************
('func_count:', 38)
("func_name '", 'quantum_imag', "'")
('err_func:', '/data/maliha/decompilation/data/error_without_patch/ida/speccpu/gcc/O0/libquantum-gcc-O0-compilation-errors/quantum_imag')
('err_funcfile:', '/data/maliha/decompilation/data/error_without_patch/ida/speccpu/gcc/O0/libquantum-gcc-O0-compilation-errors/quantum_imag')
('error:', "/home/yanlin/my-projects/decompilation/source_code/recompiled/IDA/speccpu/gcc/O0/libquantum-gcc-O0/quantum_imag/src/lq_complex.h:46:29: error: unknown type name 'complex_float'")
***************** Next Function ******************
('func_count:', 39)
("func_name '", 'quantum_memman', "'")
('err_func:', '/data/maliha/decompilation/data/error_without_patch/ida/speccpu/gcc/O0/libquantum-gcc-O0-compilation-errors/quantum_memman')
('err_funcfile:', '/data/maliha/decompilation/data/error_without_patch/ida/speccpu/gcc/O0/libquantum-gcc-O0-compilation-errors/quantum_memman')
('error:', "/home/yanlin/my-projects/decompilation/source_code/recompiled/IDA/speccpu/gcc/O0/libquantum-gcc-O0/quantum_memman/src/matrix.c:32:17: error: expected ';' after top level declarator")
('error:', "/home/yanlin/my-projects/decompilation/source_code/recompiled/IDA/speccpu/gcc/O0/libquantum-gcc-O0/quantum_memman/src/matrix.c:32:42: error: unknown type name '__int64'; did you mean '__int64_t'?")
('error:', "/home/yanlin/my-projects/decompilation/source_code/recompiled/IDA/speccpu/gcc/O0/libquantum-gcc-O0/quantum_memman/src/matrix.c:32:26: error: conflicting types for 'quantum_memman'")
('error:', "/home/yanlin/my-projects/decompilation/source_code/recompiled/IDA/speccpu/gcc/O0/libquantum-gcc-O0/quantum_memman/src/matrix.c:34:3: error: use of undeclared identifier 'mem_1'")
('error:', "/home/yanlin/my-projects/decompilation/source_code/recompiled/IDA/speccpu/gcc/O0/libquantum-gcc-O0/quantum_memman/src/matrix.c:35:9: error: use of undeclared identifier 'mem_1'")
('error:', "/home/yanlin/my-projects/decompilation/source_code/recompiled/IDA/speccpu/gcc/O0/libquantum-gcc-O0/quantum_memman/src/matrix.c:35:17: error: use of undeclared identifier 'max_0'")
('error:', "/home/yanlin/my-projects/decompilation/source_code/recompiled/IDA/speccpu/gcc/O0/libquantum-gcc-O0/quantum_memman/src/matrix.c:36:5: error: use of undeclared identifier 'max_0'")
('error:', "/home/yanlin/my-projects/decompilation/source_code/recompiled/IDA/speccpu/gcc/O0/libquantum-gcc-O0/quantum_memman/src/matrix.c:36:13: error: use of undeclared identifier 'mem_1'")
('error:', "/home/yanlin/my-projects/decompilation/source_code/recompiled/IDA/speccpu/gcc/O0/libquantum-gcc-O0/quantum_memman/src/matrix.c:37:10: error: use of undeclared identifier 'mem_1'")
***************** Next Function ******************
('func_count:', 40)
("func_name '", 'quantum_mu2char', "'")
('err_func:', '/data/maliha/decompilation/data/error_without_patch/ida/speccpu/gcc/O0/libquantum-gcc-O0-compilation-errors/quantum_mu2char')
('err_funcfile:', '/data/maliha/decompilation/data/error_without_patch/ida/speccpu/gcc/O0/libquantum-gcc-O0-compilation-errors/quantum_mu2char')
('error:', "/home/yanlin/my-projects/decompilation/source_code/recompiled/IDA/speccpu/gcc/O0/libquantum-gcc-O0/quantum_mu2char/src/objcode.c:58:48: error: expected ')'")
('error:', "/home/yanlin/my-projects/decompilation/source_code/recompiled/IDA/speccpu/gcc/O0/libquantum-gcc-O0/quantum_mu2char/src/objcode.c:64:5: error: use of undeclared identifier 'buf'")
('error:', "/home/yanlin/my-projects/decompilation/source_code/recompiled/IDA/speccpu/gcc/O0/libquantum-gcc-O0/quantum_mu2char/src/objcode.c:64:43: error: expected ')'")
('error:', "/home/yanlin/my-projects/decompilation/source_code/recompiled/IDA/speccpu/gcc/O0/libquantum-gcc-O0/quantum_mu2char/src/objcode.c:64:14: error: use of undeclared identifier 'mu'")
('error:', "/home/yanlin/my-projects/decompilation/source_code/recompiled/IDA/speccpu/gcc/O0/libquantum-gcc-O0/quantum_mu2char/src/objcode.c:65:5: error: use of undeclared identifier 'mu'")
('error:', "/home/yanlin/my-projects/decompilation/source_code/recompiled/IDA/speccpu/gcc/O0/libquantum-gcc-O0/quantum_mu2char/src/objcode.c:65:45: error: expected ')'")
('error:', "/home/yanlin/my-projects/decompilation/source_code/recompiled/IDA/speccpu/gcc/O0/libquantum-gcc-O0/quantum_mu2char/src/objcode.c:182:27: error: too many arguments to function call, expected single argument '__int64', have 2 arguments")
***************** Next Function ******************
('func_count:', 41)
("func_name '", 'quantum_get_version', "'")
('err_func:', '/data/maliha/decompilation/data/error_without_patch/ida/speccpu/gcc/O0/libquantum-gcc-O0-compilation-errors/quantum_get_version')
('err_funcfile:', '/data/maliha/decompilation/data/error_without_patch/ida/speccpu/gcc/O0/libquantum-gcc-O0-compilation-errors/quantum_get_version')
('error:', 'clang: error: linker command failed with exit code 1 (use -v to see invocation)')
***************** Next Function ******************
('func_count:', 42)
("func_name '", 'quantum_cond_phase_inv', "'")
('err_func:', '/data/maliha/decompilation/data/error_without_patch/ida/speccpu/gcc/O0/libquantum-gcc-O0-compilation-errors/quantum_cond_phase_inv')
('err_funcfile:', '/data/maliha/decompilation/data/error_without_patch/ida/speccpu/gcc/O0/libquantum-gcc-O0-compilation-errors/quantum_cond_phase_inv')
('error:', "/home/yanlin/my-projects/decompilation/source_code/recompiled/IDA/speccpu/gcc/O0/libquantum-gcc-O0/quantum_cond_phase_inv/src/gates.c:821:3: error: unknown type name '__int64'; did you mean '__int64_t'?")
('error:', "/home/yanlin/my-projects/decompilation/source_code/recompiled/IDA/speccpu/gcc/O0/libquantum-gcc-O0/quantum_cond_phase_inv/src/gates.c:823:3: error: unknown type name '__int64'; did you mean '__int64_t'?")
('error:', "/home/yanlin/my-projects/decompilation/source_code/recompiled/IDA/speccpu/gcc/O0/libquantum-gcc-O0/quantum_cond_phase_inv/src/gates.c:824:3: error: use of undeclared identifier '__m128i'")
('error:', "/home/yanlin/my-projects/decompilation/source_code/recompiled/IDA/speccpu/gcc/O0/libquantum-gcc-O0/quantum_cond_phase_inv/src/gates.c:825:3: error: use of undeclared identifier 'SFtype'")
('error:', "/home/yanlin/my-projects/decompilation/source_code/recompiled/IDA/speccpu/gcc/O0/libquantum-gcc-O0/quantum_cond_phase_inv/src/gates.c:826:3: error: use of undeclared identifier 'complex_float'")
('error:', "/home/yanlin/my-projects/decompilation/source_code/recompiled/IDA/speccpu/gcc/O0/libquantum-gcc-O0/quantum_cond_phase_inv/src/gates.c:830:28: error: expected ')'")
('error:', "/home/yanlin/my-projects/decompilation/source_code/recompiled/IDA/speccpu/gcc/O0/libquantum-gcc-O0/quantum_cond_phase_inv/src/gates.c:830:56: error: expected ')'")
('error:', "/home/yanlin/my-projects/decompilation/source_code/recompiled/IDA/speccpu/gcc/O0/libquantum-gcc-O0/quantum_cond_phase_inv/src/gates.c:833:32: error: expected ')'")
('error:', "/home/yanlin/my-projects/decompilation/source_code/recompiled/IDA/speccpu/gcc/O0/libquantum-gcc-O0/quantum_cond_phase_inv/src/gates.c:833:60: error: expected ')'")
('error:', "/home/yanlin/my-projects/decompilation/source_code/recompiled/IDA/speccpu/gcc/O0/libquantum-gcc-O0/quantum_cond_phase_inv/src/gates.c:833:95: error: expected ')'")
('error:', "/home/yanlin/my-projects/decompilation/source_code/recompiled/IDA/speccpu/gcc/O0/libquantum-gcc-O0/quantum_cond_phase_inv/src/gates.c:840:3: error: use of undeclared identifier 'v6'")
('error:', "/home/yanlin/my-projects/decompilation/source_code/recompiled/IDA/speccpu/gcc/O0/libquantum-gcc-O0/quantum_cond_phase_inv/src/gates.c:841:14: error: use of undeclared identifier 'v6'")
('error:', "/home/yanlin/my-projects/decompilation/source_code/recompiled/IDA/speccpu/gcc/O0/libquantum-gcc-O0/quantum_cond_phase_inv/src/gates.c:842:3: error: use of undeclared identifier 'v8'")
('error:', "/home/yanlin/my-projects/decompilation/source_code/recompiled/IDA/speccpu/gcc/O0/libquantum-gcc-O0/quantum_cond_phase_inv/src/gates.c:842:55: error: use of undeclared identifier 'v6'")
('error:', "/home/yanlin/my-projects/decompilation/source_code/recompiled/IDA/speccpu/gcc/O0/libquantum-gcc-O0/quantum_cond_phase_inv/src/gates.c:848:25: error: use of undeclared identifier 'complex_float'")
***************** Next Function ******************
('func_count:', 43)
("func_name '", 'quantum_char2double', "'")
('err_func:', '/data/maliha/decompilation/data/error_without_patch/ida/speccpu/gcc/O0/libquantum-gcc-O0-compilation-errors/quantum_char2double')
('err_funcfile:', '/data/maliha/decompilation/data/error_without_patch/ida/speccpu/gcc/O0/libquantum-gcc-O0-compilation-errors/quantum_char2double')
('error:', "/home/yanlin/my-projects/decompilation/source_code/recompiled/IDA/speccpu/gcc/O0/libquantum-gcc-O0/quantum_char2double/src/objcode.c:125:53: error: expected ')'")
('error:', "/home/yanlin/my-projects/decompilation/source_code/recompiled/IDA/speccpu/gcc/O0/libquantum-gcc-O0/quantum_char2double/src/objcode.c:125:16: error: conflicting types for 'quantum_char2double'")
('error:', "/home/yanlin/my-projects/decompilation/source_code/recompiled/IDA/speccpu/gcc/O0/libquantum-gcc-O0/quantum_char2double/src/objcode.c:127:22: error: use of undeclared identifier 'buf'")
***************** Next Function ******************
('func_count:', 44)
("func_name '", 'quantum_gate_counter', "'")
('err_func:', '/data/maliha/decompilation/data/error_without_patch/ida/speccpu/gcc/O0/libquantum-gcc-O0-compilation-errors/quantum_gate_counter')
('err_funcfile:', '/data/maliha/decompilation/data/error_without_patch/ida/speccpu/gcc/O0/libquantum-gcc-O0-compilation-errors/quantum_gate_counter')
('error:', "/home/yanlin/my-projects/decompilation/source_code/recompiled/IDA/speccpu/gcc/O0/libquantum-gcc-O0/quantum_gate_counter/src/gates.c:871:7: error: use of undeclared identifier 'counter_0'")
('error:', "/home/yanlin/my-projects/decompilation/source_code/recompiled/IDA/speccpu/gcc/O0/libquantum-gcc-O0/quantum_gate_counter/src/gates.c:875:5: error: use of undeclared identifier 'counter_0'")
('error:', "/home/yanlin/my-projects/decompilation/source_code/recompiled/IDA/speccpu/gcc/O0/libquantum-gcc-O0/quantum_gate_counter/src/gates.c:877:10: error: use of undeclared identifier 'counter_0'")
***************** Next Function ******************
('func_count:', 45)
("func_name '", 'quantum_matrix2qureg', "'")
('err_func:', '/data/maliha/decompilation/data/error_without_patch/ida/speccpu/gcc/O0/libquantum-gcc-O0-compilation-errors/quantum_matrix2qureg')
('err_funcfile:', '/data/maliha/decompilation/data/error_without_patch/ida/speccpu/gcc/O0/libquantum-gcc-O0-compilation-errors/quantum_matrix2qureg')
('error:', "/home/yanlin/my-projects/decompilation/source_code/recompiled/IDA/speccpu/gcc/O0/libquantum-gcc-O0/quantum_matrix2qureg/src/qureg.c:44:22: error: conflicting types for 'quantum_matrix2qureg'")
('error:', "/home/yanlin/my-projects/decompilation/source_code/recompiled/IDA/speccpu/gcc/O0/libquantum-gcc-O0/quantum_matrix2qureg/src/qureg.c:46:3: error: use of undeclared identifier 'complex_float'")
('error:', "/home/yanlin/my-projects/decompilation/source_code/recompiled/IDA/speccpu/gcc/O0/libquantum-gcc-O0/quantum_matrix2qureg/src/qureg.c:46:18: error: use of undeclared identifier 'v3'")
('error:', "/home/yanlin/my-projects/decompilation/source_code/recompiled/IDA/speccpu/gcc/O0/libquantum-gcc-O0/quantum_matrix2qureg/src/qureg.c:47:3: error: use of undeclared identifier 'complex_float'")
('error:', "/home/yanlin/my-projects/decompilation/source_code/recompiled/IDA/speccpu/gcc/O0/libquantum-gcc-O0/quantum_matrix2qureg/src/qureg.c:47:18: error: use of undeclared identifier 'v4'")
('error:', "/home/yanlin/my-projects/decompilation/source_code/recompiled/IDA/speccpu/gcc/O0/libquantum-gcc-O0/quantum_matrix2qureg/src/qureg.c:48:3: error: use of undeclared identifier 'complex_float'")
('error:', "/home/yanlin/my-projects/decompilation/source_code/recompiled/IDA/speccpu/gcc/O0/libquantum-gcc-O0/quantum_matrix2qureg/src/qureg.c:48:18: error: use of undeclared identifier 'v5'")
('error:', "/home/yanlin/my-projects/decompilation/source_code/recompiled/IDA/speccpu/gcc/O0/libquantum-gcc-O0/quantum_matrix2qureg/src/qureg.c:66:5: error: use of undeclared identifier 'v3'")
('error:', "/home/yanlin/my-projects/decompilation/source_code/recompiled/IDA/speccpu/gcc/O0/libquantum-gcc-O0/quantum_matrix2qureg/src/qureg.c:67:11: error: use of undeclared identifier 'v3'")
('error:', "/home/yanlin/my-projects/decompilation/source_code/recompiled/IDA/speccpu/gcc/O0/libquantum-gcc-O0/quantum_matrix2qureg/src/qureg.c:67:30: error: use of undeclared identifier 'v3'")
('error:', "/home/yanlin/my-projects/decompilation/source_code/recompiled/IDA/speccpu/gcc/O0/libquantum-gcc-O0/quantum_matrix2qureg/src/qureg.c:90:5: error: use of undeclared identifier 'v4'")
('error:', "/home/yanlin/my-projects/decompilation/source_code/recompiled/IDA/speccpu/gcc/O0/libquantum-gcc-O0/quantum_matrix2qureg/src/qureg.c:91:11: error: use of undeclared identifier 'v4'")
('error:', "/home/yanlin/my-projects/decompilation/source_code/recompiled/IDA/speccpu/gcc/O0/libquantum-gcc-O0/quantum_matrix2qureg/src/qureg.c:91:30: error: use of undeclared identifier 'v4'")
('error:', "/home/yanlin/my-projects/decompilation/source_code/recompiled/IDA/speccpu/gcc/O0/libquantum-gcc-O0/quantum_matrix2qureg/src/qureg.c:94:7: error: use of undeclared identifier 'v5'")
('error:', "/home/yanlin/my-projects/decompilation/source_code/recompiled/IDA/speccpu/gcc/O0/libquantum-gcc-O0/quantum_matrix2qureg/src/qureg.c:96:14: error: use of undeclared identifier 'v5'")
('error:', "/home/yanlin/my-projects/decompilation/source_code/recompiled/IDA/speccpu/gcc/O0/libquantum-gcc-O0/quantum_matrix2qureg/src/qureg.c:97:20: error: member reference base type '_Complex float' is not a structure or union")
('error:', "/home/yanlin/my-projects/decompilation/source_code/recompiled/IDA/speccpu/gcc/O0/libquantum-gcc-O0/quantum_matrix2qureg/src/qureg.c:97:28: error: use of undeclared identifier 'v5'")
('error:', "/home/yanlin/my-projects/decompilation/source_code/recompiled/IDA/speccpu/gcc/O0/libquantum-gcc-O0/quantum_matrix2qureg/src/qureg.c:98:20: error: member reference base type '_Complex float' is not a structure or union")
***************** Next Function ******************
('func_count:', 46)
("func_name '", 'quantum_swaptheleads_omuln_controlled', "'")
('err_func:', '/data/maliha/decompilation/data/error_without_patch/ida/speccpu/gcc/O0/libquantum-gcc-O0-compilation-errors/quantum_swaptheleads_omuln_controlled')
('err_funcfile:', '/data/maliha/decompilation/data/error_without_patch/ida/speccpu/gcc/O0/libquantum-gcc-O0-compilation-errors/quantum_swaptheleads_omuln_controlled')
('error:', 'clang: error: linker command failed with exit code 1 (use -v to see invocation)')
***************** Next Function ******************
('func_count:', 47)
("func_name '", 'quantum_char2mu', "'")
('err_func:', '/data/maliha/decompilation/data/error_without_patch/ida/speccpu/gcc/O0/libquantum-gcc-O0-compilation-errors/quantum_char2mu')
('err_funcfile:', '/data/maliha/decompilation/data/error_without_patch/ida/speccpu/gcc/O0/libquantum-gcc-O0-compilation-errors/quantum_char2mu')
('error:', "/home/yanlin/my-projects/decompilation/source_code/recompiled/IDA/speccpu/gcc/O0/libquantum-gcc-O0/quantum_char2mu/src/objcode.c:99:17: error: expected ';' after top level declarator")
('error:', "/home/yanlin/my-projects/decompilation/source_code/recompiled/IDA/speccpu/gcc/O0/libquantum-gcc-O0/quantum_char2mu/src/objcode.c:99:59: error: expected ')'")
('error:', "/home/yanlin/my-projects/decompilation/source_code/recompiled/IDA/speccpu/gcc/O0/libquantum-gcc-O0/quantum_char2mu/src/objcode.c:99:26: error: conflicting types for 'quantum_char2mu'")
('error:', "/home/yanlin/my-projects/decompilation/source_code/recompiled/IDA/speccpu/gcc/O0/libquantum-gcc-O0/quantum_char2mu/src/objcode.c:101:19: error: expected ';' at end of declaration")
('error:', "/home/yanlin/my-projects/decompilation/source_code/recompiled/IDA/speccpu/gcc/O0/libquantum-gcc-O0/quantum_char2mu/src/objcode.c:104:3: error: use of undeclared identifier 'mu'")
('error:', "/home/yanlin/my-projects/decompilation/source_code/recompiled/IDA/speccpu/gcc/O0/libquantum-gcc-O0/quantum_char2mu/src/objcode.c:106:5: error: use of undeclared identifier 'mu'")
('error:', "/home/yanlin/my-projects/decompilation/source_code/recompiled/IDA/speccpu/gcc/O0/libquantum-gcc-O0/quantum_char2mu/src/objcode.c:106:22: error: expected ')'")
('error:', "/home/yanlin/my-projects/decompilation/source_code/recompiled/IDA/speccpu/gcc/O0/libquantum-gcc-O0/quantum_char2mu/src/objcode.c:106:30: error: use of undeclared identifier 'buf'")
('error:', "/home/yanlin/my-projects/decompilation/source_code/recompiled/IDA/speccpu/gcc/O0/libquantum-gcc-O0/quantum_char2mu/src/objcode.c:106:63: error: expected ')'")
('error:', "/home/yanlin/my-projects/decompilation/source_code/recompiled/IDA/speccpu/gcc/O0/libquantum-gcc-O0/quantum_char2mu/src/objcode.c:107:10: error: use of undeclared identifier 'mu'")
***************** Next Function ******************
('func_count:', 48)
("func_name '", 'quantum_add_hash', "'")
('err_func:', '/data/maliha/decompilation/data/error_without_patch/ida/speccpu/gcc/O0/libquantum-gcc-O0-compilation-errors/quantum_add_hash')
('err_funcfile:', '/data/maliha/decompilation/data/error_without_patch/ida/speccpu/gcc/O0/libquantum-gcc-O0-compilation-errors/quantum_add_hash')
('error:', "/home/yanlin/my-projects/decompilation/source_code/recompiled/IDA/speccpu/gcc/O0/libquantum-gcc-O0/quantum_add_hash/src/qureg.h:116:51: error: expected ')'")
('error:', "/home/yanlin/my-projects/decompilation/source_code/recompiled/IDA/speccpu/gcc/O0/libquantum-gcc-O0/quantum_add_hash/src/qureg.h:120:25: error: use of undeclared identifier 'a'")
('error:', "/home/yanlin/my-projects/decompilation/source_code/recompiled/IDA/speccpu/gcc/O0/libquantum-gcc-O0/quantum_add_hash/src/qureg.h:120:29: error: use of undeclared identifier 'reg'")
('error:', "/home/yanlin/my-projects/decompilation/source_code/recompiled/IDA/speccpu/gcc/O0/libquantum-gcc-O0/quantum_add_hash/src/qureg.h:121:12: error: use of undeclared identifier 'reg'")
('error:', "/home/yanlin/my-projects/decompilation/source_code/recompiled/IDA/speccpu/gcc/O0/libquantum-gcc-O0/quantum_add_hash/src/qureg.h:123:23: error: use of undeclared identifier 'reg'")
('error:', "/home/yanlin/my-projects/decompilation/source_code/recompiled/IDA/speccpu/gcc/O0/libquantum-gcc-O0/quantum_add_hash/src/qureg.h:126:3: error: use of undeclared identifier 'reg'")
('error:', "/home/yanlin/my-projects/decompilation/source_code/recompiled/IDA/speccpu/gcc/O0/libquantum-gcc-O0/quantum_add_hash/src/qureg.h:126:18: error: use of undeclared identifier 'pos'")
***************** Next Function ******************
('func_count:', 49)
("func_name '", 'quantum_getwidth', "'")
('err_func:', '/data/maliha/decompilation/data/error_without_patch/ida/speccpu/gcc/O0/libquantum-gcc-O0-compilation-errors/quantum_getwidth')
('err_funcfile:', '/data/maliha/decompilation/data/error_without_patch/ida/speccpu/gcc/O0/libquantum-gcc-O0-compilation-errors/quantum_getwidth')
('error:', 'clang: error: linker command failed with exit code 1 (use -v to see invocation)')
***************** Next Function ******************
('func_count:', 50)
("func_name '", 'quantum_sigma_x_ft', "'")
('err_func:', '/data/maliha/decompilation/data/error_without_patch/ida/speccpu/gcc/O0/libquantum-gcc-O0-compilation-errors/quantum_sigma_x_ft')
('err_funcfile:', '/data/maliha/decompilation/data/error_without_patch/ida/speccpu/gcc/O0/libquantum-gcc-O0-compilation-errors/quantum_sigma_x_ft')
('error:', "/home/yanlin/my-projects/decompilation/source_code/recompiled/IDA/speccpu/gcc/O0/libquantum-gcc-O0/quantum_sigma_x_ft/src/qec.c:179:3: error: use of undeclared identifier '__m128i'")
('error:', "/home/yanlin/my-projects/decompilation/source_code/recompiled/IDA/speccpu/gcc/O0/libquantum-gcc-O0/quantum_sigma_x_ft/src/qec.c:184:14: error: use of undeclared identifier 'v2'")
('error:', "/home/yanlin/my-projects/decompilation/source_code/recompiled/IDA/speccpu/gcc/O0/libquantum-gcc-O0/quantum_sigma_x_ft/src/qec.c:188:61: error: use of undeclared identifier 'v2'")
***************** Next Function ******************
('func_count:', 51)
("func_name '", 'mul_mod_n', "'")
('err_func:', '/data/maliha/decompilation/data/error_without_patch/ida/speccpu/gcc/O0/libquantum-gcc-O0-compilation-errors/mul_mod_n')
('err_funcfile:', '/data/maliha/decompilation/data/error_without_patch/ida/speccpu/gcc/O0/libquantum-gcc-O0-compilation-errors/mul_mod_n')
('error:', 'clang: error: linker command failed with exit code 1 (use -v to see invocation)')
***************** Next Function ******************
('func_count:', 52)
("func_name '", 'quantum_objcode_stop', "'")
('err_func:', '/data/maliha/decompilation/data/error_without_patch/ida/speccpu/gcc/O0/libquantum-gcc-O0-compilation-errors/quantum_objcode_stop')
('err_funcfile:', '/data/maliha/decompilation/data/error_without_patch/ida/speccpu/gcc/O0/libquantum-gcc-O0-compilation-errors/quantum_objcode_stop')
('error:', 'clang: error: linker command failed with exit code 1 (use -v to see invocation)')
***************** Next Function ******************
('func_count:', 53)
("func_name '", 'spec_rand', "'")
('err_func:', '/data/maliha/decompilation/data/error_without_patch/ida/speccpu/gcc/O0/libquantum-gcc-O0-compilation-errors/spec_rand')
('err_funcfile:', '/data/maliha/decompilation/data/error_without_patch/ida/speccpu/gcc/O0/libquantum-gcc-O0-compilation-errors/spec_rand')
('error:', 'clang: error: linker command failed with exit code 1 (use -v to see invocation)')
***************** Next Function ******************
('func_count:', 54)
("func_name '", 'quantum_toffoli', "'")
('err_func:', '/data/maliha/decompilation/data/error_without_patch/ida/speccpu/gcc/O0/libquantum-gcc-O0-compilation-errors/quantum_toffoli')
('err_funcfile:', '/data/maliha/decompilation/data/error_without_patch/ida/speccpu/gcc/O0/libquantum-gcc-O0-compilation-errors/quantum_toffoli')
('error:', 'clang: error: linker command failed with exit code 1 (use -v to see invocation)')
***************** Next Function ******************
('func_count:', 55)
("func_name '", 'add_mod_n', "'")
('err_func:', '/data/maliha/decompilation/data/error_without_patch/ida/speccpu/gcc/O0/libquantum-gcc-O0-compilation-errors/add_mod_n')
('err_funcfile:', '/data/maliha/decompilation/data/error_without_patch/ida/speccpu/gcc/O0/libquantum-gcc-O0-compilation-errors/add_mod_n')
('error:', 'clang: error: linker command failed with exit code 1 (use -v to see invocation)')
***************** Next Function ******************
('func_count:', 56)
("func_name '", 'quantum_swaptheleads', "'")
('err_func:', '/data/maliha/decompilation/data/error_without_patch/ida/speccpu/gcc/O0/libquantum-gcc-O0-compilation-errors/quantum_swaptheleads')
('err_funcfile:', '/data/maliha/decompilation/data/error_without_patch/ida/speccpu/gcc/O0/libquantum-gcc-O0-compilation-errors/quantum_swaptheleads')
('error:', "/home/yanlin/my-projects/decompilation/source_code/recompiled/IDA/speccpu/gcc/O0/libquantum-gcc-O0/quantum_swaptheleads/src/gates.c:232:19: error: expected ';' at end of declaration")
('error:', "/home/yanlin/my-projects/decompilation/source_code/recompiled/IDA/speccpu/gcc/O0/libquantum-gcc-O0/quantum_swaptheleads/src/gates.c:255:39: error: expected ')'")
('error:', "/home/yanlin/my-projects/decompilation/source_code/recompiled/IDA/speccpu/gcc/O0/libquantum-gcc-O0/quantum_swaptheleads/src/gates.c:255:65: error: expected ')'")
('error:', "/home/yanlin/my-projects/decompilation/source_code/recompiled/IDA/speccpu/gcc/O0/libquantum-gcc-O0/quantum_swaptheleads/src/gates.c:256:7: error: use of undeclared identifier 'l'")
('error:', "/home/yanlin/my-projects/decompilation/source_code/recompiled/IDA/speccpu/gcc/O0/libquantum-gcc-O0/quantum_swaptheleads/src/gates.c:257:7: error: use of undeclared identifier 'l'")
('error:', "/home/yanlin/my-projects/decompilation/source_code/recompiled/IDA/speccpu/gcc/O0/libquantum-gcc-O0/quantum_swaptheleads/src/gates.c:258:7: error: use of undeclared identifier 'l'")
('error:', "/home/yanlin/my-projects/decompilation/source_code/recompiled/IDA/speccpu/gcc/O0/libquantum-gcc-O0/quantum_swaptheleads/src/gates.c:259:28: error: use of undeclared identifier 'l'")
***************** Next Function ******************
('func_count:', 57)
("func_name '", 'spec_srand', "'")
('err_func:', '/data/maliha/decompilation/data/error_without_patch/ida/speccpu/gcc/O0/libquantum-gcc-O0-compilation-errors/spec_srand')
('err_funcfile:', '/data/maliha/decompilation/data/error_without_patch/ida/speccpu/gcc/O0/libquantum-gcc-O0-compilation-errors/spec_srand')
('error:', 'clang: error: linker command failed with exit code 1 (use -v to see invocation)')
***************** Next Function ******************
('func_count:', 58)
("func_name '", 'quantum_delete_qureg_hashpreserve', "'")
('err_func:', '/data/maliha/decompilation/data/error_without_patch/ida/speccpu/gcc/O0/libquantum-gcc-O0-compilation-errors/quantum_delete_qureg_hashpreserve')
('err_funcfile:', '/data/maliha/decompilation/data/error_without_patch/ida/speccpu/gcc/O0/libquantum-gcc-O0-compilation-errors/quantum_delete_qureg_hashpreserve')
('error:', 'clang: error: linker command failed with exit code 1 (use -v to see invocation)')
***************** Next Function ******************
('func_count:', 59)
("func_name '", 'quantum_walsh', "'")
('err_func:', '/data/maliha/decompilation/data/error_without_patch/ida/speccpu/gcc/O0/libquantum-gcc-O0-compilation-errors/quantum_walsh')
('err_funcfile:', '/data/maliha/decompilation/data/error_without_patch/ida/speccpu/gcc/O0/libquantum-gcc-O0-compilation-errors/quantum_walsh')
('error:', 'clang: error: linker command failed with exit code 1 (use -v to see invocation)')
***************** Next Function ******************
('func_count:', 60)
("func_name '", 'quantum_cond_phase', "'")
('err_func:', '/data/maliha/decompilation/data/error_without_patch/ida/speccpu/gcc/O0/libquantum-gcc-O0-compilation-errors/quantum_cond_phase')
('err_funcfile:', '/data/maliha/decompilation/data/error_without_patch/ida/speccpu/gcc/O0/libquantum-gcc-O0-compilation-errors/quantum_cond_phase')
('error:', "/home/yanlin/my-projects/decompilation/source_code/recompiled/IDA/speccpu/gcc/O0/libquantum-gcc-O0/quantum_cond_phase/src/gates.c:797:3: error: unknown type name '__int64'; did you mean '__int64_t'?")
('error:', "/home/yanlin/my-projects/decompilation/source_code/recompiled/IDA/speccpu/gcc/O0/libquantum-gcc-O0/quantum_cond_phase/src/gates.c:799:3: error: unknown type name '__int64'; did you mean '__int64_t'?")
('error:', "/home/yanlin/my-projects/decompilation/source_code/recompiled/IDA/speccpu/gcc/O0/libquantum-gcc-O0/quantum_cond_phase/src/gates.c:800:3: error: use of undeclared identifier '__m128i'")
('error:', "/home/yanlin/my-projects/decompilation/source_code/recompiled/IDA/speccpu/gcc/O0/libquantum-gcc-O0/quantum_cond_phase/src/gates.c:801:3: error: use of undeclared identifier 'SFtype'")
('error:', "/home/yanlin/my-projects/decompilation/source_code/recompiled/IDA/speccpu/gcc/O0/libquantum-gcc-O0/quantum_cond_phase/src/gates.c:802:3: error: use of undeclared identifier 'complex_float'")
('error:', "/home/yanlin/my-projects/decompilation/source_code/recompiled/IDA/speccpu/gcc/O0/libquantum-gcc-O0/quantum_cond_phase/src/gates.c:808:30: error: expected ')'")
('error:', "/home/yanlin/my-projects/decompilation/source_code/recompiled/IDA/speccpu/gcc/O0/libquantum-gcc-O0/quantum_cond_phase/src/gates.c:808:58: error: expected ')'")
('error:', "/home/yanlin/my-projects/decompilation/source_code/recompiled/IDA/speccpu/gcc/O0/libquantum-gcc-O0/quantum_cond_phase/src/gates.c:811:34: error: expected ')'")
('error:', "/home/yanlin/my-projects/decompilation/source_code/recompiled/IDA/speccpu/gcc/O0/libquantum-gcc-O0/quantum_cond_phase/src/gates.c:811:62: error: expected ')'")
('error:', "/home/yanlin/my-projects/decompilation/source_code/recompiled/IDA/speccpu/gcc/O0/libquantum-gcc-O0/quantum_cond_phase/src/gates.c:811:97: error: expected ')'")
('error:', "/home/yanlin/my-projects/decompilation/source_code/recompiled/IDA/speccpu/gcc/O0/libquantum-gcc-O0/quantum_cond_phase/src/gates.c:818:5: error: use of undeclared identifier 'v6'")
('error:', "/home/yanlin/my-projects/decompilation/source_code/recompiled/IDA/speccpu/gcc/O0/libquantum-gcc-O0/quantum_cond_phase/src/gates.c:819:16: error: use of undeclared identifier 'v6'")
('error:', "/home/yanlin/my-projects/decompilation/source_code/recompiled/IDA/speccpu/gcc/O0/libquantum-gcc-O0/quantum_cond_phase/src/gates.c:820:5: error: use of undeclared identifier 'v8'")
('error:', "/home/yanlin/my-projects/decompilation/source_code/recompiled/IDA/speccpu/gcc/O0/libquantum-gcc-O0/quantum_cond_phase/src/gates.c:820:57: error: use of undeclared identifier 'v6'")
('error:', "/home/yanlin/my-projects/decompilation/source_code/recompiled/IDA/speccpu/gcc/O0/libquantum-gcc-O0/quantum_cond_phase/src/gates.c:826:27: error: use of undeclared identifier 'complex_float'")
***************** Next Function ******************
('func_count:', 61)
("func_name '", 'quantum_sigma_z', "'")
('err_func:', '/data/maliha/decompilation/data/error_without_patch/ida/speccpu/gcc/O0/libquantum-gcc-O0-compilation-errors/quantum_sigma_z')
('err_funcfile:', '/data/maliha/decompilation/data/error_without_patch/ida/speccpu/gcc/O0/libquantum-gcc-O0-compilation-errors/quantum_sigma_z')
('error:', "/home/yanlin/my-projects/decompilation/source_code/recompiled/IDA/speccpu/gcc/O0/libquantum-gcc-O0/quantum_sigma_z/src/gates.c:221:28: error: member reference base type '_Complex float' is not a structure or union")
('error:', "/home/yanlin/my-projects/decompilation/source_code/recompiled/IDA/speccpu/gcc/O0/libquantum-gcc-O0/quantum_sigma_z/src/gates.c:222:22: error: member reference base type '_Complex float' is not a structure or union")
('error:', "/home/yanlin/my-projects/decompilation/source_code/recompiled/IDA/speccpu/gcc/O0/libquantum-gcc-O0/quantum_sigma_z/src/gates.c:222:44: error: member reference base type '_Complex float' is not a structure or union")
('error:', "/home/yanlin/my-projects/decompilation/source_code/recompiled/IDA/speccpu/gcc/O0/libquantum-gcc-O0/quantum_sigma_z/src/gates.c:223:22: error: member reference base type '_Complex float' is not a structure or union")
***************** Next Function ******************
('func_count:', 62)
("func_name '", 'quantum_sigma_y', "'")
('err_func:', '/data/maliha/decompilation/data/error_without_patch/ida/speccpu/gcc/O0/libquantum-gcc-O0-compilation-errors/quantum_sigma_y')
('err_funcfile:', '/data/maliha/decompilation/data/error_without_patch/ida/speccpu/gcc/O0/libquantum-gcc-O0-compilation-errors/quantum_sigma_y')
('error:', "/home/yanlin/my-projects/decompilation/source_code/recompiled/IDA/speccpu/gcc/O0/libquantum-gcc-O0/quantum_sigma_y/src/gates.c:184:3: error: use of undeclared identifier 'SFtype'")
('error:', "/home/yanlin/my-projects/decompilation/source_code/recompiled/IDA/speccpu/gcc/O0/libquantum-gcc-O0/quantum_sigma_y/src/gates.c:195:27: error: use of undeclared identifier 'complex_float'")
('error:', "/home/yanlin/my-projects/decompilation/source_code/recompiled/IDA/speccpu/gcc/O0/libquantum-gcc-O0/quantum_sigma_y/src/gates.c:197:27: error: use of undeclared identifier 'complex_float'")
***************** Next Function ******************
('func_count:', 63)
("func_name '", 'quantum_cnot', "'")
('err_func:', '/data/maliha/decompilation/data/error_without_patch/ida/speccpu/gcc/O0/libquantum-gcc-O0-compilation-errors/quantum_cnot')
('err_funcfile:', '/data/maliha/decompilation/data/error_without_patch/ida/speccpu/gcc/O0/libquantum-gcc-O0-compilation-errors/quantum_cnot')
('error:', 'clang: error: linker command failed with exit code 1 (use -v to see invocation)')
***************** Next Function ******************
('func_count:', 64)
("func_name '", 'quantum_print_matrix', "'")
('err_func:', '/data/maliha/decompilation/data/error_without_patch/ida/speccpu/gcc/O0/libquantum-gcc-O0-compilation-errors/quantum_print_matrix')
('err_funcfile:', '/data/maliha/decompilation/data/error_without_patch/ida/speccpu/gcc/O0/libquantum-gcc-O0-compilation-errors/quantum_print_matrix')
('error:', "/home/yanlin/my-projects/decompilation/source_code/recompiled/IDA/speccpu/gcc/O0/libquantum-gcc-O0/quantum_print_matrix/src/matrix.c:97:3: error: use of undeclared identifier 'complex_float'")
('error:', "/home/yanlin/my-projects/decompilation/source_code/recompiled/IDA/speccpu/gcc/O0/libquantum-gcc-O0/quantum_print_matrix/src/matrix.c:98:3: error: use of undeclared identifier 'complex_float'")
('error:', "/home/yanlin/my-projects/decompilation/source_code/recompiled/IDA/speccpu/gcc/O0/libquantum-gcc-O0/quantum_print_matrix/src/matrix.c:108:7: error: use of undeclared identifier 'v7'")
('error:', "/home/yanlin/my-projects/decompilation/source_code/recompiled/IDA/speccpu/gcc/O0/libquantum-gcc-O0/quantum_print_matrix/src/matrix.c:109:28: error: use of undeclared identifier 'v7'")
('error:', "/home/yanlin/my-projects/decompilation/source_code/recompiled/IDA/speccpu/gcc/O0/libquantum-gcc-O0/quantum_print_matrix/src/matrix.c:110:7: error: use of undeclared identifier 'v8'")
('error:', "/home/yanlin/my-projects/decompilation/source_code/recompiled/IDA/speccpu/gcc/O0/libquantum-gcc-O0/quantum_print_matrix/src/matrix.c:111:28: error: use of undeclared identifier 'v8'")
***************** Next Function ******************
('func_count:', 65)
("func_name '", 'quantum_sigma_x', "'")
('err_func:', '/data/maliha/decompilation/data/error_without_patch/ida/speccpu/gcc/O0/libquantum-gcc-O0-compilation-errors/quantum_sigma_x')
('err_funcfile:', '/data/maliha/decompilation/data/error_without_patch/ida/speccpu/gcc/O0/libquantum-gcc-O0-compilation-errors/quantum_sigma_x')
('error:', 'clang: error: linker command failed with exit code 1 (use -v to see invocation)')
***************** Next Function ******************
('func_count:', 66)
("func_name '", 'quantum_r_y', "'")
('err_func:', '/data/maliha/decompilation/data/error_without_patch/ida/speccpu/gcc/O0/libquantum-gcc-O0-compilation-errors/quantum_r_y')
('err_funcfile:', '/data/maliha/decompilation/data/error_without_patch/ida/speccpu/gcc/O0/libquantum-gcc-O0-compilation-errors/quantum_r_y')
('error:', "/home/yanlin/my-projects/decompilation/source_code/recompiled/IDA/speccpu/gcc/O0/libquantum-gcc-O0/quantum_r_y/src/gates.c:709:3: error: use of undeclared identifier 'complex_float'")
('error:', "/home/yanlin/my-projects/decompilation/source_code/recompiled/IDA/speccpu/gcc/O0/libquantum-gcc-O0/quantum_r_y/src/gates.c:709:18: error: use of undeclared identifier 't'")
('error:', "/home/yanlin/my-projects/decompilation/source_code/recompiled/IDA/speccpu/gcc/O0/libquantum-gcc-O0/quantum_r_y/src/gates.c:711:3: error: use of undeclared identifier 'complex_float'")
('error:', "/home/yanlin/my-projects/decompilation/source_code/recompiled/IDA/speccpu/gcc/O0/libquantum-gcc-O0/quantum_r_y/src/gates.c:711:18: error: use of undeclared identifier 'v6'")
('error:', "/home/yanlin/my-projects/decompilation/source_code/recompiled/IDA/speccpu/gcc/O0/libquantum-gcc-O0/quantum_r_y/src/gates.c:713:3: error: use of undeclared identifier 'complex_float'")
('error:', "/home/yanlin/my-projects/decompilation/source_code/recompiled/IDA/speccpu/gcc/O0/libquantum-gcc-O0/quantum_r_y/src/gates.c:713:18: error: use of undeclared identifier 'v8'")
('error:', "/home/yanlin/my-projects/decompilation/source_code/recompiled/IDA/speccpu/gcc/O0/libquantum-gcc-O0/quantum_r_y/src/gates.c:715:3: error: use of undeclared identifier 'complex_float'")
('error:', "/home/yanlin/my-projects/decompilation/source_code/recompiled/IDA/speccpu/gcc/O0/libquantum-gcc-O0/quantum_r_y/src/gates.c:715:18: error: use of undeclared identifier 'v10'")
('error:', "/home/yanlin/my-projects/decompilation/source_code/recompiled/IDA/speccpu/gcc/O0/libquantum-gcc-O0/quantum_r_y/src/gates.c:722:5: error: use of undeclared identifier 't'")
('error:', "/home/yanlin/my-projects/decompilation/source_code/recompiled/IDA/speccpu/gcc/O0/libquantum-gcc-O0/quantum_r_y/src/gates.c:723:8: error: member reference base type '_Complex float' is not a structure or union")
('error:', "/home/yanlin/my-projects/decompilation/source_code/recompiled/IDA/speccpu/gcc/O0/libquantum-gcc-O0/quantum_r_y/src/gates.c:724:5: error: use of undeclared identifier 't'")
('error:', "/home/yanlin/my-projects/decompilation/source_code/recompiled/IDA/speccpu/gcc/O0/libquantum-gcc-O0/quantum_r_y/src/gates.c:726:5: error: use of undeclared identifier 'v6'")
('error:', "/home/yanlin/my-projects/decompilation/source_code/recompiled/IDA/speccpu/gcc/O0/libquantum-gcc-O0/quantum_r_y/src/gates.c:727:11: error: member reference base type '_Complex float' is not a structure or union")
('error:', "/home/yanlin/my-projects/decompilation/source_code/recompiled/IDA/speccpu/gcc/O0/libquantum-gcc-O0/quantum_r_y/src/gates.c:728:5: error: use of undeclared identifier 'v6'")
('error:', "/home/yanlin/my-projects/decompilation/source_code/recompiled/IDA/speccpu/gcc/O0/libquantum-gcc-O0/quantum_r_y/src/gates.c:730:5: error: use of undeclared identifier 'v8'")
('error:', "/home/yanlin/my-projects/decompilation/source_code/recompiled/IDA/speccpu/gcc/O0/libquantum-gcc-O0/quantum_r_y/src/gates.c:731:11: error: member reference base type '_Complex float' is not a structure or union")
('error:', "/home/yanlin/my-projects/decompilation/source_code/recompiled/IDA/speccpu/gcc/O0/libquantum-gcc-O0/quantum_r_y/src/gates.c:732:5: error: use of undeclared identifier 'v8'")
('error:', "/home/yanlin/my-projects/decompilation/source_code/recompiled/IDA/speccpu/gcc/O0/libquantum-gcc-O0/quantum_r_y/src/gates.c:734:5: error: use of undeclared identifier 'v10'")
('error:', "/home/yanlin/my-projects/decompilation/source_code/recompiled/IDA/speccpu/gcc/O0/libquantum-gcc-O0/quantum_r_y/src/gates.c:735:11: error: member reference base type '_Complex float' is not a structure or union")
('error:', 'fatal error: too many errors emitted, stopping now [-ferror-limit=]')
***************** Next Function ******************
('func_count:', 67)
("func_name '", 'quantum_destroy_hash', "'")
('err_func:', '/data/maliha/decompilation/data/error_without_patch/ida/speccpu/gcc/O0/libquantum-gcc-O0-compilation-errors/quantum_destroy_hash')
('err_funcfile:', '/data/maliha/decompilation/data/error_without_patch/ida/speccpu/gcc/O0/libquantum-gcc-O0-compilation-errors/quantum_destroy_hash')
('error:', 'clang: error: linker command failed with exit code 1 (use -v to see invocation)')
***************** Next Function ******************
('func_count:', 68)
("func_name '", 'quantum_gcd', "'")
('err_func:', '/data/maliha/decompilation/data/error_without_patch/ida/speccpu/gcc/O0/libquantum-gcc-O0-compilation-errors/quantum_gcd')
('err_funcfile:', '/data/maliha/decompilation/data/error_without_patch/ida/speccpu/gcc/O0/libquantum-gcc-O0-compilation-errors/quantum_gcd')
('error:', 'clang: error: linker command failed with exit code 1 (use -v to see invocation)')
***************** Next Function ******************
('func_count:', 69)
("func_name '", 'quantum_print_expn', "'")
('err_func:', '/data/maliha/decompilation/data/error_without_patch/ida/speccpu/gcc/O0/libquantum-gcc-O0-compilation-errors/quantum_print_expn')
('err_funcfile:', '/data/maliha/decompilation/data/error_without_patch/ida/speccpu/gcc/O0/libquantum-gcc-O0-compilation-errors/quantum_print_expn')
('error:', 'clang: error: linker command failed with exit code 1 (use -v to see invocation)')
***************** Next Function ******************
('func_count:', 70)
("func_name '", 'madd', "'")
('err_func:', '/data/maliha/decompilation/data/error_without_patch/ida/speccpu/gcc/O0/libquantum-gcc-O0-compilation-errors/madd')
('err_funcfile:', '/data/maliha/decompilation/data/error_without_patch/ida/speccpu/gcc/O0/libquantum-gcc-O0-compilation-errors/madd')
('error:', 'clang: error: linker command failed with exit code 1 (use -v to see invocation)')
***************** Next Function ******************
('func_count:', 71)
("func_name '", 'quantum_objcode_file', "'")
('err_func:', '/data/maliha/decompilation/data/error_without_patch/ida/speccpu/gcc/O0/libquantum-gcc-O0-compilation-errors/quantum_objcode_file')
('err_funcfile:', '/data/maliha/decompilation/data/error_without_patch/ida/speccpu/gcc/O0/libquantum-gcc-O0-compilation-errors/quantum_objcode_file')
('error:', 'clang: error: linker command failed with exit code 1 (use -v to see invocation)')
***************** Next Function ******************
('func_count:', 72)
("func_name '", 'quantum_conj', "'")
('err_func:', '/data/maliha/decompilation/data/error_without_patch/ida/speccpu/gcc/O0/libquantum-gcc-O0-compilation-errors/quantum_conj')
('err_funcfile:', '/data/maliha/decompilation/data/error_without_patch/ida/speccpu/gcc/O0/libquantum-gcc-O0-compilation-errors/quantum_conj')
('error:', "/home/yanlin/my-projects/decompilation/source_code/recompiled/IDA/speccpu/gcc/O0/libquantum-gcc-O0/quantum_conj/src/complex.c:34:1: error: unknown type name 'complex_float'")
('error:', "/home/yanlin/my-projects/decompilation/source_code/recompiled/IDA/speccpu/gcc/O0/libquantum-gcc-O0/quantum_conj/src/complex.c:34:15: error: expected identifier or '('")
***************** Next Function ******************
('func_count:', 73)
("func_name '", 'muxha', "'")
('err_func:', '/data/maliha/decompilation/data/error_without_patch/ida/speccpu/gcc/O0/libquantum-gcc-O0-compilation-errors/muxha')
('err_funcfile:', '/data/maliha/decompilation/data/error_without_patch/ida/speccpu/gcc/O0/libquantum-gcc-O0-compilation-errors/muxha')
('error:', 'clang: error: linker command failed with exit code 1 (use -v to see invocation)')
***************** Next Function ******************
('func_count:', 74)
("func_name '", 'muln', "'")
('err_func:', '/data/maliha/decompilation/data/error_without_patch/ida/speccpu/gcc/O0/libquantum-gcc-O0-compilation-errors/muln')
('err_funcfile:', '/data/maliha/decompilation/data/error_without_patch/ida/speccpu/gcc/O0/libquantum-gcc-O0-compilation-errors/muln')
('error:', 'clang: error: linker command failed with exit code 1 (use -v to see invocation)')
***************** Next Function ******************
('func_count:', 75)
("func_name '", 'quantum_exp_mod_n', "'")
('err_func:', '/data/maliha/decompilation/data/error_without_patch/ida/speccpu/gcc/O0/libquantum-gcc-O0-compilation-errors/quantum_exp_mod_n')
('err_funcfile:', '/data/maliha/decompilation/data/error_without_patch/ida/speccpu/gcc/O0/libquantum-gcc-O0-compilation-errors/quantum_exp_mod_n')
('error:', 'clang: error: linker command failed with exit code 1 (use -v to see invocation)')
***************** Next Function ******************
('func_count:', 76)
("func_name '", 'quantum_r_z', "'")
('err_func:', '/data/maliha/decompilation/data/error_without_patch/ida/speccpu/gcc/O0/libquantum-gcc-O0-compilation-errors/quantum_r_z')
('err_funcfile:', '/data/maliha/decompilation/data/error_without_patch/ida/speccpu/gcc/O0/libquantum-gcc-O0-compilation-errors/quantum_r_z')
('error:', "/home/yanlin/my-projects/decompilation/source_code/recompiled/IDA/speccpu/gcc/O0/libquantum-gcc-O0/quantum_r_z/src/gates.c:730:3: error: use of undeclared identifier '__m128i'")
('error:', "/home/yanlin/my-projects/decompilation/source_code/recompiled/IDA/speccpu/gcc/O0/libquantum-gcc-O0/quantum_r_z/src/gates.c:731:3: error: use of undeclared identifier 'SFtype'")
('error:', "/home/yanlin/my-projects/decompilation/source_code/recompiled/IDA/speccpu/gcc/O0/libquantum-gcc-O0/quantum_r_z/src/gates.c:732:3: error: use of undeclared identifier 'complex_float'")
('error:', '/home/yanlin/my-projects/decompilation/source_code/recompiled/IDA/speccpu/gcc/O0/libquantum-gcc-O0/quantum_r_z/src/gates.c:738:16: error: expected expression')
('error:', "/home/yanlin/my-projects/decompilation/source_code/recompiled/IDA/speccpu/gcc/O0/libquantum-gcc-O0/quantum_r_z/src/gates.c:738:8: error: use of undeclared identifier '_OWORD'")
('error:', "/home/yanlin/my-projects/decompilation/source_code/recompiled/IDA/speccpu/gcc/O0/libquantum-gcc-O0/quantum_r_z/src/gates.c:739:16: error: use of undeclared identifier 'v3'")
('error:', "/home/yanlin/my-projects/decompilation/source_code/recompiled/IDA/speccpu/gcc/O0/libquantum-gcc-O0/quantum_r_z/src/gates.c:740:5: error: use of undeclared identifier 'v5'")
('error:', "/home/yanlin/my-projects/decompilation/source_code/recompiled/IDA/speccpu/gcc/O0/libquantum-gcc-O0/quantum_r_z/src/gates.c:740:57: error: use of undeclared identifier 'v3'")
('error:', "/home/yanlin/my-projects/decompilation/source_code/recompiled/IDA/speccpu/gcc/O0/libquantum-gcc-O0/quantum_r_z/src/gates.c:745:27: error: use of undeclared identifier 'complex_float'")
('error:', "/home/yanlin/my-projects/decompilation/source_code/recompiled/IDA/speccpu/gcc/O0/libquantum-gcc-O0/quantum_r_z/src/gates.c:747:27: error: use of undeclared identifier 'complex_float'")
***************** Next Function ******************
('func_count:', 77)
("func_name '", 'quantum_prob', "'")
('err_func:', '/data/maliha/decompilation/data/error_without_patch/ida/speccpu/gcc/O0/libquantum-gcc-O0-compilation-errors/quantum_prob')
('err_funcfile:', '/data/maliha/decompilation/data/error_without_patch/ida/speccpu/gcc/O0/libquantum-gcc-O0-compilation-errors/quantum_prob')
('error:', "/home/yanlin/my-projects/decompilation/source_code/recompiled/IDA/speccpu/gcc/O0/libquantum-gcc-O0/quantum_prob/src/complex.c:47:29: error: unknown type name 'complex_float'")
***************** Next Function ******************
('func_count:', 78)
("func_name '", 'quantum_unbounded_toffoli', "'")
('err_func:', '/data/maliha/decompilation/data/error_without_patch/ida/speccpu/gcc/O0/libquantum-gcc-O0-compilation-errors/quantum_unbounded_toffoli')
('err_funcfile:', '/data/maliha/decompilation/data/error_without_patch/ida/speccpu/gcc/O0/libquantum-gcc-O0-compilation-errors/quantum_unbounded_toffoli')
('error:', "/home/yanlin/my-projects/decompilation/source_code/recompiled/IDA/speccpu/gcc/O0/libquantum-gcc-O0/quantum_unbounded_toffoli/src/gates.c:113:3: error: unknown type name '__int64'; did you mean '__int64_t'?")
('error:', "/home/yanlin/my-projects/decompilation/source_code/recompiled/IDA/speccpu/gcc/O0/libquantum-gcc-O0/quantum_unbounded_toffoli/src/gates.c:114:3: error: unknown type name '__int64'; did you mean '__int64_t'?")
('error:', "/home/yanlin/my-projects/decompilation/source_code/recompiled/IDA/speccpu/gcc/O0/libquantum-gcc-O0/quantum_unbounded_toffoli/src/gates.c:115:3: error: unknown type name '__int64'; did you mean '__int64_t'?")
('error:', "/home/yanlin/my-projects/decompilation/source_code/recompiled/IDA/speccpu/gcc/O0/libquantum-gcc-O0/quantum_unbounded_toffoli/src/gates.c:116:3: error: unknown type name '__int64'; did you mean '__int64_t'?")
('error:', "/home/yanlin/my-projects/decompilation/source_code/recompiled/IDA/speccpu/gcc/O0/libquantum-gcc-O0/quantum_unbounded_toffoli/src/gates.c:118:3: error: unknown type name '__int64'; did you mean '__int64_t'?")
('error:', "/home/yanlin/my-projects/decompilation/source_code/recompiled/IDA/speccpu/gcc/O0/libquantum-gcc-O0/quantum_unbounded_toffoli/src/gates.c:125:3: error: unknown type name '__int64'; did you mean '__int64_t'?")
('error:', "/home/yanlin/my-projects/decompilation/source_code/recompiled/IDA/speccpu/gcc/O0/libquantum-gcc-O0/quantum_unbounded_toffoli/src/gates.c:126:3: error: unknown type name '__int64'; did you mean '__int64_t'?")
('error:', "/home/yanlin/my-projects/decompilation/source_code/recompiled/IDA/speccpu/gcc/O0/libquantum-gcc-O0/quantum_unbounded_toffoli/src/gates.c:127:3: error: unknown type name '__int64'; did you mean '__int64_t'?")
('error:', "/home/yanlin/my-projects/decompilation/source_code/recompiled/IDA/speccpu/gcc/O0/libquantum-gcc-O0/quantum_unbounded_toffoli/src/gates.c:128:3: error: unknown type name '__int64'; did you mean '__int64_t'?")
('error:', "/home/yanlin/my-projects/decompilation/source_code/recompiled/IDA/speccpu/gcc/O0/libquantum-gcc-O0/quantum_unbounded_toffoli/src/gates.c:131:23: error: unknown type name '_QWORD'")
('error:', "/home/yanlin/my-projects/decompilation/source_code/recompiled/IDA/speccpu/gcc/O0/libquantum-gcc-O0/quantum_unbounded_toffoli/src/gates.c:132:23: error: unknown type name '_QWORD'")
('error:', "/home/yanlin/my-projects/decompilation/source_code/recompiled/IDA/speccpu/gcc/O0/libquantum-gcc-O0/quantum_unbounded_toffoli/src/gates.c:133:23: error: unknown type name '_QWORD'")
('error:', "/home/yanlin/my-projects/decompilation/source_code/recompiled/IDA/speccpu/gcc/O0/libquantum-gcc-O0/quantum_unbounded_toffoli/src/gates.c:134:23: error: unknown type name '_QWORD'")
('error:', "/home/yanlin/my-projects/decompilation/source_code/recompiled/IDA/speccpu/gcc/O0/libquantum-gcc-O0/quantum_unbounded_toffoli/src/gates.c:153:27: error: unknown type name '_QWORD'")
***************** Next Function ******************
('func_count:', 79)
("func_name '", 'quantum_char2int', "'")
('err_func:', '/data/maliha/decompilation/data/error_without_patch/ida/speccpu/gcc/O0/libquantum-gcc-O0-compilation-errors/quantum_char2int')
('err_funcfile:', '/data/maliha/decompilation/data/error_without_patch/ida/speccpu/gcc/O0/libquantum-gcc-O0-compilation-errors/quantum_char2int')
('error:', "/home/yanlin/my-projects/decompilation/source_code/recompiled/IDA/speccpu/gcc/O0/libquantum-gcc-O0/quantum_char2int/src/objcode.c:112:47: error: expected ')'")
('error:', "/home/yanlin/my-projects/decompilation/source_code/recompiled/IDA/speccpu/gcc/O0/libquantum-gcc-O0/quantum_char2int/src/objcode.c:112:13: error: conflicting types for 'quantum_char2int'")
('error:', "/home/yanlin/my-projects/decompilation/source_code/recompiled/IDA/speccpu/gcc/O0/libquantum-gcc-O0/quantum_char2int/src/objcode.c:119:10: error: use of undeclared identifier 'buf'")
***************** Next Function ******************
('func_count:', 80)
("func_name '", 'quantum_prob_inline', "'")
('err_func:', '/data/maliha/decompilation/data/error_without_patch/ida/speccpu/gcc/O0/libquantum-gcc-O0-compilation-errors/quantum_prob_inline')
('err_funcfile:', '/data/maliha/decompilation/data/error_without_patch/ida/speccpu/gcc/O0/libquantum-gcc-O0-compilation-errors/quantum_prob_inline')
('error:', "/home/yanlin/my-projects/decompilation/source_code/recompiled/IDA/speccpu/gcc/O0/libquantum-gcc-O0/quantum_prob_inline/src/lq_complex.h:55:36: error: unknown type name 'complex_float'")
('error:', "/home/yanlin/my-projects/decompilation/source_code/recompiled/IDA/speccpu/gcc/O0/libquantum-gcc-O0/quantum_prob_inline/src/lq_complex.h:57:3: error: use of undeclared identifier '__m128i'")
('error:', "/home/yanlin/my-projects/decompilation/source_code/recompiled/IDA/speccpu/gcc/O0/libquantum-gcc-O0/quantum_prob_inline/src/lq_complex.h:58:3: error: use of undeclared identifier '__m128i'")
('error:', "/home/yanlin/my-projects/decompilation/source_code/recompiled/IDA/speccpu/gcc/O0/libquantum-gcc-O0/quantum_prob_inline/src/lq_complex.h:61:3: error: use of undeclared identifier 'v1'")
('error:', "/home/yanlin/my-projects/decompilation/source_code/recompiled/IDA/speccpu/gcc/O0/libquantum-gcc-O0/quantum_prob_inline/src/lq_complex.h:61:10: error: use of undeclared identifier '__m128i'")
('error:', '/home/yanlin/my-projects/decompilation/source_code/recompiled/IDA/speccpu/gcc/O0/libquantum-gcc-O0/quantum_prob_inline/src/lq_complex.h:61:20: error: expected expression')
('error:', "/home/yanlin/my-projects/decompilation/source_code/recompiled/IDA/speccpu/gcc/O0/libquantum-gcc-O0/quantum_prob_inline/src/lq_complex.h:62:14: error: use of undeclared identifier 'v1'")
('error:', '/home/yanlin/my-projects/decompilation/source_code/recompiled/IDA/speccpu/gcc/O0/libquantum-gcc-O0/quantum_prob_inline/src/lq_complex.h:62:61: error: expected expression')
('error:', "/home/yanlin/my-projects/decompilation/source_code/recompiled/IDA/speccpu/gcc/O0/libquantum-gcc-O0/quantum_prob_inline/src/lq_complex.h:62:46: error: use of undeclared identifier 'complex_float'")
('error:', "/home/yanlin/my-projects/decompilation/source_code/recompiled/IDA/speccpu/gcc/O0/libquantum-gcc-O0/quantum_prob_inline/src/lq_complex.h:63:40: error: use of undeclared identifier 'v1'")
('error:', "/home/yanlin/my-projects/decompilation/source_code/recompiled/IDA/speccpu/gcc/O0/libquantum-gcc-O0/quantum_prob_inline/src/lq_complex.h:64:3: error: use of undeclared identifier 'v2'")
('error:', "/home/yanlin/my-projects/decompilation/source_code/recompiled/IDA/speccpu/gcc/O0/libquantum-gcc-O0/quantum_prob_inline/src/lq_complex.h:64:10: error: use of undeclared identifier '__m128i'")
('error:', '/home/yanlin/my-projects/decompilation/source_code/recompiled/IDA/speccpu/gcc/O0/libquantum-gcc-O0/quantum_prob_inline/src/lq_complex.h:64:20: error: expected expression')
('error:', "/home/yanlin/my-projects/decompilation/source_code/recompiled/IDA/speccpu/gcc/O0/libquantum-gcc-O0/quantum_prob_inline/src/lq_complex.h:65:14: error: use of undeclared identifier 'v2'")
('error:', '/home/yanlin/my-projects/decompilation/source_code/recompiled/IDA/speccpu/gcc/O0/libquantum-gcc-O0/quantum_prob_inline/src/lq_complex.h:65:61: error: expected expression')
('error:', "/home/yanlin/my-projects/decompilation/source_code/recompiled/IDA/speccpu/gcc/O0/libquantum-gcc-O0/quantum_prob_inline/src/lq_complex.h:65:46: error: use of undeclared identifier 'complex_float'")
('error:', "/home/yanlin/my-projects/decompilation/source_code/recompiled/IDA/speccpu/gcc/O0/libquantum-gcc-O0/quantum_prob_inline/src/lq_complex.h:66:3: error: use of undeclared identifier 'v2'")
('error:', "/home/yanlin/my-projects/decompilation/source_code/recompiled/IDA/speccpu/gcc/O0/libquantum-gcc-O0/quantum_prob_inline/src/lq_complex.h:66:40: error: use of undeclared identifier 'v2'")
('error:', "/home/yanlin/my-projects/decompilation/source_code/recompiled/IDA/speccpu/gcc/O0/libquantum-gcc-O0/quantum_prob_inline/src/lq_complex.h:67:31: error: use of undeclared identifier 'v2'")
('error:', 'fatal error: too many errors emitted, stopping now [-ferror-limit=]')
***************** Next Function ******************
('func_count:', 81)
("func_name '", 'quantum_get_decoherence', "'")
('err_func:', '/data/maliha/decompilation/data/error_without_patch/ida/speccpu/gcc/O0/libquantum-gcc-O0-compilation-errors/quantum_get_decoherence')
('err_funcfile:', '/data/maliha/decompilation/data/error_without_patch/ida/speccpu/gcc/O0/libquantum-gcc-O0-compilation-errors/quantum_get_decoherence')
('error:', 'clang: error: linker command failed with exit code 1 (use -v to see invocation)')
***************** Next Function ******************
('func_count:', 82)
("func_name '", 'muln_inv', "'")
('err_func:', '/data/maliha/decompilation/data/error_without_patch/ida/speccpu/gcc/O0/libquantum-gcc-O0-compilation-errors/muln_inv')
('err_funcfile:', '/data/maliha/decompilation/data/error_without_patch/ida/speccpu/gcc/O0/libquantum-gcc-O0-compilation-errors/muln_inv')
('error:', 'clang: error: linker command failed with exit code 1 (use -v to see invocation)')
***************** Next Function ******************
('func_count:', 83)
("func_name '", 'addn_inv', "'")
('err_func:', '/data/maliha/decompilation/data/error_without_patch/ida/speccpu/gcc/O0/libquantum-gcc-O0-compilation-errors/addn_inv')
('err_funcfile:', '/data/maliha/decompilation/data/error_without_patch/ida/speccpu/gcc/O0/libquantum-gcc-O0-compilation-errors/addn_inv')
('error:', 'clang: error: linker command failed with exit code 1 (use -v to see invocation)')
***************** Next Function ******************
('func_count:', 84)
("func_name '", 'quantum_inverse_mod', "'")
('err_func:', '/data/maliha/decompilation/data/error_without_patch/ida/speccpu/gcc/O0/libquantum-gcc-O0-compilation-errors/quantum_inverse_mod')
('err_funcfile:', '/data/maliha/decompilation/data/error_without_patch/ida/speccpu/gcc/O0/libquantum-gcc-O0-compilation-errors/quantum_inverse_mod')
('error:', 'clang: error: linker command failed with exit code 1 (use -v to see invocation)')
***************** Next Function ******************
('func_count:', 85)
("func_name '", 'quantum_print_hash', "'")
('err_func:', '/data/maliha/decompilation/data/error_without_patch/ida/speccpu/gcc/O0/libquantum-gcc-O0-compilation-errors/quantum_print_hash')
('err_funcfile:', '/data/maliha/decompilation/data/error_without_patch/ida/speccpu/gcc/O0/libquantum-gcc-O0-compilation-errors/quantum_print_hash')
('error:', 'clang: error: linker command failed with exit code 1 (use -v to see invocation)')
***************** Next Function ******************
('func_count:', 86)
("func_name '", 'quantum_new_matrix', "'")
('err_func:', '/data/maliha/decompilation/data/error_without_patch/ida/speccpu/gcc/O0/libquantum-gcc-O0-compilation-errors/quantum_new_matrix')
('err_funcfile:', '/data/maliha/decompilation/data/error_without_patch/ida/speccpu/gcc/O0/libquantum-gcc-O0-compilation-errors/quantum_new_matrix')
('error:', "/home/yanlin/my-projects/decompilation/source_code/recompiled/IDA/speccpu/gcc/O0/libquantum-gcc-O0/quantum_new_matrix/src/matrix.c:50:3: error: use of undeclared identifier 'complex_float'")
('error:', "/home/yanlin/my-projects/decompilation/source_code/recompiled/IDA/speccpu/gcc/O0/libquantum-gcc-O0/quantum_new_matrix/src/matrix.c:50:18: error: use of undeclared identifier 'm_8'")
('error:', "/home/yanlin/my-projects/decompilation/source_code/recompiled/IDA/speccpu/gcc/O0/libquantum-gcc-O0/quantum_new_matrix/src/matrix.c:52:3: error: use of undeclared identifier 'm_8'")
('error:', '/home/yanlin/my-projects/decompilation/source_code/recompiled/IDA/speccpu/gcc/O0/libquantum-gcc-O0/quantum_new_matrix/src/matrix.c:52:26: error: expected expression')
('error:', "/home/yanlin/my-projects/decompilation/source_code/recompiled/IDA/speccpu/gcc/O0/libquantum-gcc-O0/quantum_new_matrix/src/matrix.c:52:11: error: use of undeclared identifier 'complex_float'")
('error:', "/home/yanlin/my-projects/decompilation/source_code/recompiled/IDA/speccpu/gcc/O0/libquantum-gcc-O0/quantum_new_matrix/src/matrix.c:53:10: error: use of undeclared identifier 'm_8'")
('error:', "/home/yanlin/my-projects/decompilation/source_code/recompiled/IDA/speccpu/gcc/O0/libquantum-gcc-O0/quantum_new_matrix/src/matrix.c:58:32: error: use of undeclared identifier '__int64'")
('error:', '/home/yanlin/my-projects/decompilation/source_code/recompiled/IDA/speccpu/gcc/O0/libquantum-gcc-O0/quantum_new_matrix/src/matrix.c:59:14: error: expected expression')
('error:', "/home/yanlin/my-projects/decompilation/source_code/recompiled/IDA/speccpu/gcc/O0/libquantum-gcc-O0/quantum_new_matrix/src/matrix.c:59:6: error: use of undeclared identifier '_QWORD'")
('error:', "/home/yanlin/my-projects/decompilation/source_code/recompiled/IDA/speccpu/gcc/O0/libquantum-gcc-O0/quantum_new_matrix/src/matrix.c:60:10: error: use of undeclared identifier 'm_8'")
***************** Next Function ******************
('func_count:', 87)
("func_name '", 'quantum_delete_qureg', "'")
('err_func:', '/data/maliha/decompilation/data/error_without_patch/ida/speccpu/gcc/O0/libquantum-gcc-O0-compilation-errors/quantum_delete_qureg')
('err_funcfile:', '/data/maliha/decompilation/data/error_without_patch/ida/speccpu/gcc/O0/libquantum-gcc-O0-compilation-errors/quantum_delete_qureg')
('error:', 'clang: error: linker command failed with exit code 1 (use -v to see invocation)')
***************** Next Function ******************
('func_count:', 88)
("func_name '", 'quantum_hash64', "'")
('err_func:', '/data/maliha/decompilation/data/error_without_patch/ida/speccpu/gcc/O0/libquantum-gcc-O0-compilation-errors/quantum_hash64')
('err_funcfile:', '/data/maliha/decompilation/data/error_without_patch/ida/speccpu/gcc/O0/libquantum-gcc-O0-compilation-errors/quantum_hash64')
('error:', "/home/yanlin/my-projects/decompilation/source_code/recompiled/IDA/speccpu/gcc/O0/libquantum-gcc-O0/quantum_hash64/src/qureg.h:79:57: error: expected ')'")
('error:', "/home/yanlin/my-projects/decompilation/source_code/recompiled/IDA/speccpu/gcc/O0/libquantum-gcc-O0/quantum_hash64/src/qureg.h:81:43: error: use of undeclared identifier 'key'")
('error:', "/home/yanlin/my-projects/decompilation/source_code/recompiled/IDA/speccpu/gcc/O0/libquantum-gcc-O0/quantum_hash64/src/qureg.h:81:58: error: use of undeclared identifier 'key'")
('error:', "/home/yanlin/my-projects/decompilation/source_code/recompiled/IDA/speccpu/gcc/O0/libquantum-gcc-O0/quantum_hash64/src/qureg.h:81:75: error: use of undeclared identifier 'width'")
***************** Next Function ******************
('func_count:', 89)
("func_name '", 'quantum_ipow', "'")
('err_func:', '/data/maliha/decompilation/data/error_without_patch/ida/speccpu/gcc/O0/libquantum-gcc-O0-compilation-errors/quantum_ipow')
('err_funcfile:', '/data/maliha/decompilation/data/error_without_patch/ida/speccpu/gcc/O0/libquantum-gcc-O0-compilation-errors/quantum_ipow')
('error:', 'clang: error: linker command failed with exit code 1 (use -v to see invocation)')
***************** Next Function ******************
('func_count:', 90)
("func_name '", 'quantum_phase_scale', "'")
('err_func:', '/data/maliha/decompilation/data/error_without_patch/ida/speccpu/gcc/O0/libquantum-gcc-O0-compilation-errors/quantum_phase_scale')
('err_funcfile:', '/data/maliha/decompilation/data/error_without_patch/ida/speccpu/gcc/O0/libquantum-gcc-O0-compilation-errors/quantum_phase_scale')
('error:', "/home/yanlin/my-projects/decompilation/source_code/recompiled/IDA/speccpu/gcc/O0/libquantum-gcc-O0/quantum_phase_scale/src/gates.c:753:3: error: use of undeclared identifier 'SFtype'")
('error:', "/home/yanlin/my-projects/decompilation/source_code/recompiled/IDA/speccpu/gcc/O0/libquantum-gcc-O0/quantum_phase_scale/src/gates.c:754:3: error: use of undeclared identifier 'complex_float'")
('error:', "/home/yanlin/my-projects/decompilation/source_code/recompiled/IDA/speccpu/gcc/O0/libquantum-gcc-O0/quantum_phase_scale/src/gates.c:760:5: error: use of undeclared identifier 'v4'")
('error:', "/home/yanlin/my-projects/decompilation/source_code/recompiled/IDA/speccpu/gcc/O0/libquantum-gcc-O0/quantum_phase_scale/src/gates.c:764:25: error: use of undeclared identifier 'complex_float'")
***************** Next Function ******************
('func_count:', 91)
("func_name '", 'quantum_get_state', "'")
('err_func:', '/data/maliha/decompilation/data/error_without_patch/ida/speccpu/gcc/O0/libquantum-gcc-O0-compilation-errors/quantum_get_state')
('err_funcfile:', '/data/maliha/decompilation/data/error_without_patch/ida/speccpu/gcc/O0/libquantum-gcc-O0-compilation-errors/quantum_get_state')
('error:', "/home/yanlin/my-projects/decompilation/source_code/recompiled/IDA/speccpu/gcc/O0/libquantum-gcc-O0/quantum_get_state/src/qureg.h:94:51: error: expected ')'")
('error:', "/home/yanlin/my-projects/decompilation/source_code/recompiled/IDA/speccpu/gcc/O0/libquantum-gcc-O0/quantum_get_state/src/qureg.h:98:25: error: use of undeclared identifier 'a'")
('error:', "/home/yanlin/my-projects/decompilation/source_code/recompiled/IDA/speccpu/gcc/O0/libquantum-gcc-O0/quantum_get_state/src/qureg.h:98:29: error: use of undeclared identifier 'reg'")
('error:', "/home/yanlin/my-projects/decompilation/source_code/recompiled/IDA/speccpu/gcc/O0/libquantum-gcc-O0/quantum_get_state/src/qureg.h:99:12: error: use of undeclared identifier 'reg'")
('error:', "/home/yanlin/my-projects/decompilation/source_code/recompiled/IDA/speccpu/gcc/O0/libquantum-gcc-O0/quantum_get_state/src/qureg.h:101:25: error: use of undeclared identifier 'reg'")
('error:', "/home/yanlin/my-projects/decompilation/source_code/recompiled/IDA/speccpu/gcc/O0/libquantum-gcc-O0/quantum_get_state/src/qureg.h:101:16: error: use of undeclared identifier 'reg'")
('error:', "/home/yanlin/my-projects/decompilation/source_code/recompiled/IDA/speccpu/gcc/O0/libquantum-gcc-O0/quantum_get_state/src/qureg.h:101:11: error: use of undeclared identifier 'a'")
('error:', "/home/yanlin/my-projects/decompilation/source_code/recompiled/IDA/speccpu/gcc/O0/libquantum-gcc-O0/quantum_get_state/src/qureg.h:102:14: error: use of undeclared identifier 'reg'")
('error:', "/home/yanlin/my-projects/decompilation/source_code/recompiled/IDA/speccpu/gcc/O0/libquantum-gcc-O0/quantum_get_state/src/qureg.h:103:32: error: use of undeclared identifier 'reg'")
***************** Next Function ******************
('func_count:', 92)
("func_name '", 'quantum_qec_set_status', "'")
('err_func:', '/data/maliha/decompilation/data/error_without_patch/ida/speccpu/gcc/O0/libquantum-gcc-O0-compilation-errors/quantum_qec_set_status')
('err_funcfile:', '/data/maliha/decompilation/data/error_without_patch/ida/speccpu/gcc/O0/libquantum-gcc-O0-compilation-errors/quantum_qec_set_status')
('error:', 'clang: error: linker command failed with exit code 1 (use -v to see invocation)')
***************** Next Function ******************
('func_count:', 93)
("func_name '", 'quantum_objcode_put', "'")
('err_func:', '/data/maliha/decompilation/data/error_without_patch/ida/speccpu/gcc/O0/libquantum-gcc-O0-compilation-errors/quantum_objcode_put')
('err_funcfile:', '/data/maliha/decompilation/data/error_without_patch/ida/speccpu/gcc/O0/libquantum-gcc-O0-compilation-errors/quantum_objcode_put')
('error:', "/home/yanlin/my-projects/decompilation/source_code/recompiled/IDA/speccpu/gcc/O0/libquantum-gcc-O0/quantum_objcode_put/src/objcode.c:164:42: error: expected ')'")
('error:', "/home/yanlin/my-projects/decompilation/source_code/recompiled/IDA/speccpu/gcc/O0/libquantum-gcc-O0/quantum_objcode_put/src/objcode.c:164:5: error: conflicting types for 'quantum_objcode_put'")
('error:', "/home/yanlin/my-projects/decompilation/source_code/recompiled/IDA/speccpu/gcc/O0/libquantum-gcc-O0/quantum_objcode_put/src/objcode.c:166:19: error: expected ';' at end of declaration")
('error:', "/home/yanlin/my-projects/decompilation/source_code/recompiled/IDA/speccpu/gcc/O0/libquantum-gcc-O0/quantum_objcode_put/src/objcode.c:178:12: error: redefinition of '__int8'")
('error:', "/home/yanlin/my-projects/decompilation/source_code/recompiled/IDA/speccpu/gcc/O0/libquantum-gcc-O0/quantum_objcode_put/src/objcode.c:178:18: error: expected ';' at end of declaration")
('error:', "/home/yanlin/my-projects/decompilation/source_code/recompiled/IDA/speccpu/gcc/O0/libquantum-gcc-O0/quantum_objcode_put/src/objcode.c:180:12: error: redefinition of '__int64'")
('error:', "/home/yanlin/my-projects/decompilation/source_code/recompiled/IDA/speccpu/gcc/O0/libquantum-gcc-O0/quantum_objcode_put/src/objcode.c:180:19: error: expected ';' at end of declaration")
('error:', "/home/yanlin/my-projects/decompilation/source_code/recompiled/IDA/speccpu/gcc/O0/libquantum-gcc-O0/quantum_objcode_put/src/objcode.c:187:20: error: use of undeclared identifier 'operation'")
('error:', "/home/yanlin/my-projects/decompilation/source_code/recompiled/IDA/speccpu/gcc/O0/libquantum-gcc-O0/quantum_objcode_put/src/objcode.c:188:3: error: use of undeclared identifier 'buf'")
('error:', "/home/yanlin/my-projects/decompilation/source_code/recompiled/IDA/speccpu/gcc/O0/libquantum-gcc-O0/quantum_objcode_put/src/objcode.c:188:12: error: use of undeclared identifier 'operation'")
('error:', "/home/yanlin/my-projects/decompilation/source_code/recompiled/IDA/speccpu/gcc/O0/libquantum-gcc-O0/quantum_objcode_put/src/objcode.c:189:9: error: use of undeclared identifier 'operation'")
('error:', "/home/yanlin/my-projects/decompilation/source_code/recompiled/IDA/speccpu/gcc/O0/libquantum-gcc-O0/quantum_objcode_put/src/objcode.c:195:9: error: use of undeclared identifier 'operation'")
('error:', "/home/yanlin/my-projects/decompilation/source_code/recompiled/IDA/speccpu/gcc/O0/libquantum-gcc-O0/quantum_objcode_put/src/objcode.c:197:9: error: use of undeclared identifier 'operation'")
('error:', "/home/yanlin/my-projects/decompilation/source_code/recompiled/IDA/speccpu/gcc/O0/libquantum-gcc-O0/quantum_objcode_put/src/objcode.c:199:11: error: use of undeclared identifier 'operation'")
('error:', "/home/yanlin/my-projects/decompilation/source_code/recompiled/IDA/speccpu/gcc/O0/libquantum-gcc-O0/quantum_objcode_put/src/objcode.c:201:17: error: use of undeclared identifier 'operation'")
('error:', "/home/yanlin/my-projects/decompilation/source_code/recompiled/IDA/speccpu/gcc/O0/libquantum-gcc-O0/quantum_objcode_put/src/objcode.c:317:11: error: use of undeclared identifier 'operation'")
('error:', "/home/yanlin/my-projects/decompilation/source_code/recompiled/IDA/speccpu/gcc/O0/libquantum-gcc-O0/quantum_objcode_put/src/objcode.c:320:45: error: use of undeclared identifier 'operation'")
('error:', "/home/yanlin/my-projects/decompilation/source_code/recompiled/IDA/speccpu/gcc/O0/libquantum-gcc-O0/quantum_objcode_put/src/objcode.c:329:26: error: use of undeclared identifier 'buf'")
('error:', "/home/yanlin/my-projects/decompilation/source_code/recompiled/IDA/speccpu/gcc/O0/libquantum-gcc-O0/quantum_objcode_put/src/objcode.c:334:26: error: expected ')'")
('error:', 'fatal error: too many errors emitted, stopping now [-ferror-limit=]')
***************** Next Function ******************
('func_count:', 94)
("func_name '", 'quantum_print_qureg', "'")
('err_func:', '/data/maliha/decompilation/data/error_without_patch/ida/speccpu/gcc/O0/libquantum-gcc-O0-compilation-errors/quantum_print_qureg')
('err_funcfile:', '/data/maliha/decompilation/data/error_without_patch/ida/speccpu/gcc/O0/libquantum-gcc-O0-compilation-errors/quantum_print_qureg')
('error:', "/home/yanlin/my-projects/decompilation/source_code/recompiled/IDA/speccpu/gcc/O0/libquantum-gcc-O0/quantum_print_qureg/src/qureg.c:211:19: error: expected ';' at end of declaration")
('error:', "/home/yanlin/my-projects/decompilation/source_code/recompiled/IDA/speccpu/gcc/O0/libquantum-gcc-O0/quantum_print_qureg/src/qureg.c:216:3: error: use of undeclared identifier 'complex_float'")
('error:', "/home/yanlin/my-projects/decompilation/source_code/recompiled/IDA/speccpu/gcc/O0/libquantum-gcc-O0/quantum_print_qureg/src/qureg.c:217:3: error: use of undeclared identifier 'complex_float'")
('error:', "/home/yanlin/my-projects/decompilation/source_code/recompiled/IDA/speccpu/gcc/O0/libquantum-gcc-O0/quantum_print_qureg/src/qureg.c:218:3: error: use of undeclared identifier 'complex_float'")
('error:', "/home/yanlin/my-projects/decompilation/source_code/recompiled/IDA/speccpu/gcc/O0/libquantum-gcc-O0/quantum_print_qureg/src/qureg.c:222:5: error: use of undeclared identifier 'amplitude'")
('error:', "/home/yanlin/my-projects/decompilation/source_code/recompiled/IDA/speccpu/gcc/O0/libquantum-gcc-O0/quantum_print_qureg/src/qureg.c:223:33: error: use of undeclared identifier 'amplitude'")
('error:', "/home/yanlin/my-projects/decompilation/source_code/recompiled/IDA/speccpu/gcc/O0/libquantum-gcc-O0/quantum_print_qureg/src/qureg.c:224:5: error: use of undeclared identifier 'state'")
('error:', "/home/yanlin/my-projects/decompilation/source_code/recompiled/IDA/speccpu/gcc/O0/libquantum-gcc-O0/quantum_print_qureg/src/qureg.c:225:5: error: use of undeclared identifier 'v7'")
('error:', "/home/yanlin/my-projects/decompilation/source_code/recompiled/IDA/speccpu/gcc/O0/libquantum-gcc-O0/quantum_print_qureg/src/qureg.c:226:26: error: use of undeclared identifier 'v7'")
('error:', "/home/yanlin/my-projects/decompilation/source_code/recompiled/IDA/speccpu/gcc/O0/libquantum-gcc-O0/quantum_print_qureg/src/qureg.c:227:5: error: use of undeclared identifier 'v8'")
('error:', "/home/yanlin/my-projects/decompilation/source_code/recompiled/IDA/speccpu/gcc/O0/libquantum-gcc-O0/quantum_print_qureg/src/qureg.c:228:5: error: use of undeclared identifier 'v8'")
('error:', "/home/yanlin/my-projects/decompilation/source_code/recompiled/IDA/speccpu/gcc/O0/libquantum-gcc-O0/quantum_print_qureg/src/qureg.c:228:31: error: use of undeclared identifier 'v8'")
('error:', "/home/yanlin/my-projects/decompilation/source_code/recompiled/IDA/speccpu/gcc/O0/libquantum-gcc-O0/quantum_print_qureg/src/qureg.c:229:42: error: use of undeclared identifier 'v8'")
('error:', "/home/yanlin/my-projects/decompilation/source_code/recompiled/IDA/speccpu/gcc/O0/libquantum-gcc-O0/quantum_print_qureg/src/qureg.c:229:57: error: use of undeclared identifier 'state'")
***************** Next Function ******************
('func_count:', 95)
("func_name '", 'quantum_int2char', "'")
('err_func:', '/data/maliha/decompilation/data/error_without_patch/ida/speccpu/gcc/O0/libquantum-gcc-O0-compilation-errors/quantum_int2char')
('err_funcfile:', '/data/maliha/decompilation/data/error_without_patch/ida/speccpu/gcc/O0/libquantum-gcc-O0-compilation-errors/quantum_int2char')
('error:', "/home/yanlin/my-projects/decompilation/source_code/recompiled/IDA/speccpu/gcc/O0/libquantum-gcc-O0/quantum_int2char/src/objcode.c:74:56: error: expected ')'")
('error:', "/home/yanlin/my-projects/decompilation/source_code/recompiled/IDA/speccpu/gcc/O0/libquantum-gcc-O0/quantum_int2char/src/objcode.c:80:5: error: use of undeclared identifier 'buf'")
***************** Next Function ******************
('func_count:', 96)
("func_name '", 'quantum_objcode_run', "'")
('err_func:', '/data/maliha/decompilation/data/error_without_patch/ida/speccpu/gcc/O0/libquantum-gcc-O0-compilation-errors/quantum_objcode_run')
('err_funcfile:', '/data/maliha/decompilation/data/error_without_patch/ida/speccpu/gcc/O0/libquantum-gcc-O0-compilation-errors/quantum_objcode_run')
('error:', "/home/yanlin/my-projects/decompilation/source_code/recompiled/IDA/speccpu/gcc/O0/libquantum-gcc-O0/quantum_objcode_run/src/objcode.c:316:3: error: unknown type name '__int64'; did you mean '__int64_t'?")
('error:', "/home/yanlin/my-projects/decompilation/source_code/recompiled/IDA/speccpu/gcc/O0/libquantum-gcc-O0/quantum_objcode_run/src/objcode.c:318:3: error: use of undeclared identifier '__m128i'")
('error:', "/home/yanlin/my-projects/decompilation/source_code/recompiled/IDA/speccpu/gcc/O0/libquantum-gcc-O0/quantum_objcode_run/src/objcode.c:319:3: error: use of undeclared identifier '__m128i'")
('error:', "/home/yanlin/my-projects/decompilation/source_code/recompiled/IDA/speccpu/gcc/O0/libquantum-gcc-O0/quantum_objcode_run/src/objcode.c:320:3: error: use of undeclared identifier '__m128i'")
('error:', "/home/yanlin/my-projects/decompilation/source_code/recompiled/IDA/speccpu/gcc/O0/libquantum-gcc-O0/quantum_objcode_run/src/objcode.c:321:3: error: use of undeclared identifier '__m128i'")
('error:', "/home/yanlin/my-projects/decompilation/source_code/recompiled/IDA/speccpu/gcc/O0/libquantum-gcc-O0/quantum_objcode_run/src/objcode.c:322:3: error: use of undeclared identifier '__m128i'")
('error:', "/home/yanlin/my-projects/decompilation/source_code/recompiled/IDA/speccpu/gcc/O0/libquantum-gcc-O0/quantum_objcode_run/src/objcode.c:323:3: error: use of undeclared identifier '__m128i'")
('error:', "/home/yanlin/my-projects/decompilation/source_code/recompiled/IDA/speccpu/gcc/O0/libquantum-gcc-O0/quantum_objcode_run/src/objcode.c:327:18: error: expected ';' at end of declaration")
('error:', "/home/yanlin/my-projects/decompilation/source_code/recompiled/IDA/speccpu/gcc/O0/libquantum-gcc-O0/quantum_objcode_run/src/objcode.c:328:19: error: expected ';' at end of declaration")
('error:', "/home/yanlin/my-projects/decompilation/source_code/recompiled/IDA/speccpu/gcc/O0/libquantum-gcc-O0/quantum_objcode_run/src/objcode.c:332:12: error: redefinition of '__int8'")
('error:', "/home/yanlin/my-projects/decompilation/source_code/recompiled/IDA/speccpu/gcc/O0/libquantum-gcc-O0/quantum_objcode_run/src/objcode.c:332:18: error: expected ';' at end of declaration")
('error:', "/home/yanlin/my-projects/decompilation/source_code/recompiled/IDA/speccpu/gcc/O0/libquantum-gcc-O0/quantum_objcode_run/src/objcode.c:346:9: error: use of undeclared identifier 'buf'")
('error:', "/home/yanlin/my-projects/decompilation/source_code/recompiled/IDA/speccpu/gcc/O0/libquantum-gcc-O0/quantum_objcode_run/src/objcode.c:347:7: error: use of undeclared identifier 'operation'")
('error:', "/home/yanlin/my-projects/decompilation/source_code/recompiled/IDA/speccpu/gcc/O0/libquantum-gcc-O0/quantum_objcode_run/src/objcode.c:348:13: error: use of undeclared identifier 'operation'")
('error:', "/home/yanlin/my-projects/decompilation/source_code/recompiled/IDA/speccpu/gcc/O0/libquantum-gcc-O0/quantum_objcode_run/src/objcode.c:350:15: error: use of undeclared identifier 'operation'")
('error:', "/home/yanlin/my-projects/decompilation/source_code/recompiled/IDA/speccpu/gcc/O0/libquantum-gcc-O0/quantum_objcode_run/src/objcode.c:352:15: error: use of undeclared identifier 'operation'")
('error:', "/home/yanlin/my-projects/decompilation/source_code/recompiled/IDA/speccpu/gcc/O0/libquantum-gcc-O0/quantum_objcode_run/src/objcode.c:355:18: error: use of undeclared identifier 'buf'")
('error:', "/home/yanlin/my-projects/decompilation/source_code/recompiled/IDA/speccpu/gcc/O0/libquantum-gcc-O0/quantum_objcode_run/src/objcode.c:356:33: error: use of undeclared identifier 'buf'")
('error:', "/home/yanlin/my-projects/decompilation/source_code/recompiled/IDA/speccpu/gcc/O0/libquantum-gcc-O0/quantum_objcode_run/src/objcode.c:357:17: error: use of undeclared identifier 'operation'")
('error:', 'fatal error: too many errors emitted, stopping now [-ferror-limit=]')
***************** Next Function ******************
('func_count:', 97)
("func_name '", 'quantum_phase_kick', "'")
('err_func:', '/data/maliha/decompilation/data/error_without_patch/ida/speccpu/gcc/O0/libquantum-gcc-O0-compilation-errors/quantum_phase_kick')
('err_funcfile:', '/data/maliha/decompilation/data/error_without_patch/ida/speccpu/gcc/O0/libquantum-gcc-O0-compilation-errors/quantum_phase_kick')
('error:', "/home/yanlin/my-projects/decompilation/source_code/recompiled/IDA/speccpu/gcc/O0/libquantum-gcc-O0/quantum_phase_kick/src/gates.c:775:3: error: use of undeclared identifier 'SFtype'")
('error:', "/home/yanlin/my-projects/decompilation/source_code/recompiled/IDA/speccpu/gcc/O0/libquantum-gcc-O0/quantum_phase_kick/src/gates.c:776:3: error: use of undeclared identifier 'complex_float'")
('error:', "/home/yanlin/my-projects/decompilation/source_code/recompiled/IDA/speccpu/gcc/O0/libquantum-gcc-O0/quantum_phase_kick/src/gates.c:782:5: error: use of undeclared identifier 'v4'")
('error:', "/home/yanlin/my-projects/decompilation/source_code/recompiled/IDA/speccpu/gcc/O0/libquantum-gcc-O0/quantum_phase_kick/src/gates.c:788:27: error: use of undeclared identifier 'complex_float'")
***************** Next Function ******************
('func_count:', 98)
("func_name '", 'quantum_objcode_exit', "'")
('err_func:', '/data/maliha/decompilation/data/error_without_patch/ida/speccpu/gcc/O0/libquantum-gcc-O0-compilation-errors/quantum_objcode_exit')
('err_funcfile:', '/data/maliha/decompilation/data/error_without_patch/ida/speccpu/gcc/O0/libquantum-gcc-O0-compilation-errors/quantum_objcode_exit')
('error:', 'clang: error: linker command failed with exit code 1 (use -v to see invocation)')
***************** Next Function ******************
('func_count:', 99)
("func_name '", 'muxfa_inv', "'")
('err_func:', '/data/maliha/decompilation/data/error_without_patch/ida/speccpu/gcc/O0/libquantum-gcc-O0-compilation-errors/muxfa_inv')
('err_funcfile:', '/data/maliha/decompilation/data/error_without_patch/ida/speccpu/gcc/O0/libquantum-gcc-O0-compilation-errors/muxfa_inv')
('error:', 'clang: error: linker command failed with exit code 1 (use -v to see invocation)')
***************** Next Function ******************
('func_count:', 100)
("func_name '", 'quantum_gate2', "'")
('err_func:', '/data/maliha/decompilation/data/error_without_patch/ida/speccpu/gcc/O0/libquantum-gcc-O0-compilation-errors/quantum_gate2')
('err_funcfile:', '/data/maliha/decompilation/data/error_without_patch/ida/speccpu/gcc/O0/libquantum-gcc-O0-compilation-errors/quantum_gate2')
('error:', "/home/yanlin/my-projects/decompilation/source_code/recompiled/IDA/speccpu/gcc/O0/libquantum-gcc-O0/quantum_gate2/src/gates.c:485:3: error: unknown type name '__int64'; did you mean '__int64_t'?")
('error:', "/home/yanlin/my-projects/decompilation/source_code/recompiled/IDA/speccpu/gcc/O0/libquantum-gcc-O0/quantum_gate2/src/gates.c:488:3: error: use of undeclared identifier 'SFtype'")
('error:', "/home/yanlin/my-projects/decompilation/source_code/recompiled/IDA/speccpu/gcc/O0/libquantum-gcc-O0/quantum_gate2/src/gates.c:491:3: error: use of undeclared identifier 'SFtype'")
('error:', "/home/yanlin/my-projects/decompilation/source_code/recompiled/IDA/speccpu/gcc/O0/libquantum-gcc-O0/quantum_gate2/src/gates.c:492:3: error: use of undeclared identifier 'SFtype'")
('error:', "/home/yanlin/my-projects/decompilation/source_code/recompiled/IDA/speccpu/gcc/O0/libquantum-gcc-O0/quantum_gate2/src/gates.c:494:3: error: use of undeclared identifier 'SFtype'")
('error:', "/home/yanlin/my-projects/decompilation/source_code/recompiled/IDA/speccpu/gcc/O0/libquantum-gcc-O0/quantum_gate2/src/gates.c:496:3: error: use of undeclared identifier 'SFtype'")
('error:', "/home/yanlin/my-projects/decompilation/source_code/recompiled/IDA/speccpu/gcc/O0/libquantum-gcc-O0/quantum_gate2/src/gates.c:498:3: error: use of undeclared identifier 'SFtype'")
('error:', "/home/yanlin/my-projects/decompilation/source_code/recompiled/IDA/speccpu/gcc/O0/libquantum-gcc-O0/quantum_gate2/src/gates.c:506:19: error: expected ';' at end of declaration")
('error:', "/home/yanlin/my-projects/decompilation/source_code/recompiled/IDA/speccpu/gcc/O0/libquantum-gcc-O0/quantum_gate2/src/gates.c:507:12: error: redefinition of '__int64'")
('error:', "/home/yanlin/my-projects/decompilation/source_code/recompiled/IDA/speccpu/gcc/O0/libquantum-gcc-O0/quantum_gate2/src/gates.c:507:19: error: expected ';' at end of declaration")
('error:', "/home/yanlin/my-projects/decompilation/source_code/recompiled/IDA/speccpu/gcc/O0/libquantum-gcc-O0/quantum_gate2/src/gates.c:508:12: error: redefinition of '__int64'")
('error:', "/home/yanlin/my-projects/decompilation/source_code/recompiled/IDA/speccpu/gcc/O0/libquantum-gcc-O0/quantum_gate2/src/gates.c:508:19: error: expected ';' at end of declaration")
('error:', "/home/yanlin/my-projects/decompilation/source_code/recompiled/IDA/speccpu/gcc/O0/libquantum-gcc-O0/quantum_gate2/src/gates.c:509:12: error: redefinition of '__int64'")
('error:', "/home/yanlin/my-projects/decompilation/source_code/recompiled/IDA/speccpu/gcc/O0/libquantum-gcc-O0/quantum_gate2/src/gates.c:509:19: error: expected ';' at end of declaration")
('error:', "/home/yanlin/my-projects/decompilation/source_code/recompiled/IDA/speccpu/gcc/O0/libquantum-gcc-O0/quantum_gate2/src/gates.c:510:12: error: redefinition of '__int64'")
('error:', "/home/yanlin/my-projects/decompilation/source_code/recompiled/IDA/speccpu/gcc/O0/libquantum-gcc-O0/quantum_gate2/src/gates.c:510:19: error: expected ';' at end of declaration")
('error:', "/home/yanlin/my-projects/decompilation/source_code/recompiled/IDA/speccpu/gcc/O0/libquantum-gcc-O0/quantum_gate2/src/gates.c:511:12: error: redefinition of '__int64'")
('error:', "/home/yanlin/my-projects/decompilation/source_code/recompiled/IDA/speccpu/gcc/O0/libquantum-gcc-O0/quantum_gate2/src/gates.c:511:19: error: expected ';' at end of declaration")
('error:', "/home/yanlin/my-projects/decompilation/source_code/recompiled/IDA/speccpu/gcc/O0/libquantum-gcc-O0/quantum_gate2/src/gates.c:512:12: error: redefinition of '__int64'")
('error:', 'fatal error: too many errors emitted, stopping now [-ferror-limit=]')
***************** Next Function ******************
('func_count:', 101)
("func_name '", 'quantum_cond_phase_kick', "'")
('err_func:', '/data/maliha/decompilation/data/error_without_patch/ida/speccpu/gcc/O0/libquantum-gcc-O0-compilation-errors/quantum_cond_phase_kick')
('err_funcfile:', '/data/maliha/decompilation/data/error_without_patch/ida/speccpu/gcc/O0/libquantum-gcc-O0-compilation-errors/quantum_cond_phase_kick')
('error:', "/home/yanlin/my-projects/decompilation/source_code/recompiled/IDA/speccpu/gcc/O0/libquantum-gcc-O0/quantum_cond_phase_kick/src/gates.c:842:3: error: use of undeclared identifier 'SFtype'")
('error:', "/home/yanlin/my-projects/decompilation/source_code/recompiled/IDA/speccpu/gcc/O0/libquantum-gcc-O0/quantum_cond_phase_kick/src/gates.c:843:3: error: use of undeclared identifier 'complex_float'")
('error:', "/home/yanlin/my-projects/decompilation/source_code/recompiled/IDA/speccpu/gcc/O0/libquantum-gcc-O0/quantum_cond_phase_kick/src/gates.c:849:5: error: use of undeclared identifier 'v5'")
('error:', "/home/yanlin/my-projects/decompilation/source_code/recompiled/IDA/speccpu/gcc/O0/libquantum-gcc-O0/quantum_cond_phase_kick/src/gates.c:855:27: error: use of undeclared identifier 'complex_float'")
******************** ================== ******************** ==================
Total # fns with errors: 101. Total errors: 530
******************** ================== error type: occurrences ******************** ==================
assigning to type A from incompatible type B: 3
conflicting types for a function: 9
expected 'some symbol': 73
expected expression: 19
expected identifier or '(': 3
expression is not assignable: 2
member reference type is not a pointer: 1
member reference type is not a structure or union: 34
redefinition of __int64: 16
redefinition of __int8: 3
too many|few arguments to function call: 3
unknown type name: 32
use of undeclared identifier: 279
******************** ================== error distribution ******************** ==================
******************** ================== error type: func count ******************** ==================
assigning to type A from incompatible type B: 3
conflicting types for a function: 9
expected 'some symbol': 26
expected expression: 6
expected identifier or '(': 3
expression is not assignable: 1
member reference type is not a pointer: 1
member reference type is not a structure or union: 10
redefinition of __int64: 4
redefinition of __int8: 3
too many|few arguments to function call: 3
unknown type name: 16
use of undeclared identifier: 46
******************** ================== unknown errors ******************** ==================
