maliha print
***************** Next Function ******************
('func_count:', 1)
("func_name '", 'search_root', "'")
('err_func:', '/data/maliha/decompilation/data/error_without_patch/ida/speccpu/gcc/O0/sjeng-gcc-O0-compilation-errors/search_root')
('err_funcfile:', '/data/maliha/decompilation/data/error_without_patch/ida/speccpu/gcc/O0/sjeng-gcc-O0-compilation-errors/search_root')
('error:', "/home/yanlin/my-projects/decompilation/source_code/recompiled/IDA/speccpu/gcc/O0/sjeng-gcc-O0/search_root/src/search.c:1098:17: error: conflicting types for 'search_root'")
('error:', "/home/yanlin/my-projects/decompilation/source_code/recompiled/IDA/speccpu/gcc/O0/sjeng-gcc-O0/search_root/src/search.c:1100:3: error: unknown type name '__int64'; did you mean '__int64_t'?")
('error:', "/home/yanlin/my-projects/decompilation/source_code/recompiled/IDA/speccpu/gcc/O0/sjeng-gcc-O0/search_root/src/search.c:1102:3: error: unknown type name '__int64'; did you mean '__int64_t'?")
('error:', "/home/yanlin/my-projects/decompilation/source_code/recompiled/IDA/speccpu/gcc/O0/sjeng-gcc-O0/search_root/src/search.c:1103:3: error: unknown type name '__int64'; did you mean '__int64_t'?")
('error:', "/home/yanlin/my-projects/decompilation/source_code/recompiled/IDA/speccpu/gcc/O0/sjeng-gcc-O0/search_root/src/search.c:1106:3: error: unknown type name '__int64'; did you mean '__int64_t'?")
('error:', "/home/yanlin/my-projects/decompilation/source_code/recompiled/IDA/speccpu/gcc/O0/sjeng-gcc-O0/search_root/src/search.c:1107:3: error: unknown type name '__int64'; did you mean '__int64_t'?")
('error:', "/home/yanlin/my-projects/decompilation/source_code/recompiled/IDA/speccpu/gcc/O0/sjeng-gcc-O0/search_root/src/search.c:1110:3: error: unknown type name '__int64'; did you mean '__int64_t'?")
('error:', "/home/yanlin/my-projects/decompilation/source_code/recompiled/IDA/speccpu/gcc/O0/sjeng-gcc-O0/search_root/src/search.c:1112:3: error: unknown type name '__int64'; did you mean '__int64_t'?")
('error:', "/home/yanlin/my-projects/decompilation/source_code/recompiled/IDA/speccpu/gcc/O0/sjeng-gcc-O0/search_root/src/search.c:1114:3: error: unknown type name '__int64'; did you mean '__int64_t'?")
('error:', "/home/yanlin/my-projects/decompilation/source_code/recompiled/IDA/speccpu/gcc/O0/sjeng-gcc-O0/search_root/src/search.c:1116:3: error: unknown type name '__int64'; did you mean '__int64_t'?")
('error:', "/home/yanlin/my-projects/decompilation/source_code/recompiled/IDA/speccpu/gcc/O0/sjeng-gcc-O0/search_root/src/search.c:1117:3: error: unknown type name '__int64'; did you mean '__int64_t'?")
('error:', "/home/yanlin/my-projects/decompilation/source_code/recompiled/IDA/speccpu/gcc/O0/sjeng-gcc-O0/search_root/src/search.c:1120:3: error: unknown type name '__int64'; did you mean '__int64_t'?")
('error:', "/home/yanlin/my-projects/decompilation/source_code/recompiled/IDA/speccpu/gcc/O0/sjeng-gcc-O0/search_root/src/search.c:1122:3: error: unknown type name '__int64'; did you mean '__int64_t'?")
('error:', "/home/yanlin/my-projects/decompilation/source_code/recompiled/IDA/speccpu/gcc/O0/sjeng-gcc-O0/search_root/src/search.c:1123:3: error: unknown type name '__int64'; did you mean '__int64_t'?")
('error:', "/home/yanlin/my-projects/decompilation/source_code/recompiled/IDA/speccpu/gcc/O0/sjeng-gcc-O0/search_root/src/search.c:1126:3: error: unknown type name '__int64'; did you mean '__int64_t'?")
('error:', "/home/yanlin/my-projects/decompilation/source_code/recompiled/IDA/speccpu/gcc/O0/sjeng-gcc-O0/search_root/src/search.c:1130:3: error: unknown type name '__int64'; did you mean '__int64_t'?")
('error:', "/home/yanlin/my-projects/decompilation/source_code/recompiled/IDA/speccpu/gcc/O0/sjeng-gcc-O0/search_root/src/search.c:1133:3: error: unknown type name '__int64'; did you mean '__int64_t'?")
('error:', "/home/yanlin/my-projects/decompilation/source_code/recompiled/IDA/speccpu/gcc/O0/sjeng-gcc-O0/search_root/src/search.c:1134:3: error: unknown type name '__int64'; did you mean '__int64_t'?")
('error:', "/home/yanlin/my-projects/decompilation/source_code/recompiled/IDA/speccpu/gcc/O0/sjeng-gcc-O0/search_root/src/search.c:1136:3: error: unknown type name '__int64'; did you mean '__int64_t'?")
('error:', 'fatal error: too many errors emitted, stopping now [-ferror-limit=]')
***************** Next Function ******************
('func_count:', 2)
("func_name '", 'eval', "'")
('err_func:', '/data/maliha/decompilation/data/error_without_patch/ida/speccpu/gcc/O0/sjeng-gcc-O0-compilation-errors/eval')
('err_funcfile:', '/data/maliha/decompilation/data/error_without_patch/ida/speccpu/gcc/O0/sjeng-gcc-O0-compilation-errors/eval')
***************** Next Function ******************
('func_count:', 3)
("func_name '", 'start_up', "'")
('err_func:', '/data/maliha/decompilation/data/error_without_patch/ida/speccpu/gcc/O0/sjeng-gcc-O0-compilation-errors/start_up')
('err_funcfile:', '/data/maliha/decompilation/data/error_without_patch/ida/speccpu/gcc/O0/sjeng-gcc-O0-compilation-errors/start_up')
***************** Next Function ******************
('func_count:', 4)
("func_name '", 'is_attacked', "'")
('err_func:', '/data/maliha/decompilation/data/error_without_patch/ida/speccpu/gcc/O0/sjeng-gcc-O0-compilation-errors/is_attacked')
('err_funcfile:', '/data/maliha/decompilation/data/error_without_patch/ida/speccpu/gcc/O0/sjeng-gcc-O0-compilation-errors/is_attacked')
('error:', "/home/yanlin/my-projects/decompilation/source_code/recompiled/IDA/speccpu/gcc/O0/sjeng-gcc-O0/is_attacked/src/attacks.c:185:12: error: use of undeclared identifier 'bishop_o_5'")
('error:', "/home/yanlin/my-projects/decompilation/source_code/recompiled/IDA/speccpu/gcc/O0/sjeng-gcc-O0/is_attacked/src/attacks.c:204:19: error: use of undeclared identifier 'knight_o_4'")
('error:', "/home/yanlin/my-projects/decompilation/source_code/recompiled/IDA/speccpu/gcc/O0/sjeng-gcc-O0/is_attacked/src/attacks.c:209:12: error: use of undeclared identifier 'rook_o_3'")
('error:', "/home/yanlin/my-projects/decompilation/source_code/recompiled/IDA/speccpu/gcc/O0/sjeng-gcc-O0/is_attacked/src/attacks.c:230:13: error: use of undeclared identifier 'bishop_o_5'")
('error:', "/home/yanlin/my-projects/decompilation/source_code/recompiled/IDA/speccpu/gcc/O0/sjeng-gcc-O0/is_attacked/src/attacks.c:249:19: error: use of undeclared identifier 'knight_o_4'")
('error:', "/home/yanlin/my-projects/decompilation/source_code/recompiled/IDA/speccpu/gcc/O0/sjeng-gcc-O0/is_attacked/src/attacks.c:254:13: error: use of undeclared identifier 'rook_o_3'")
('error:', "/home/yanlin/my-projects/decompilation/source_code/recompiled/IDA/speccpu/gcc/O0/sjeng-gcc-O0/is_attacked/src/attacks.c:264:16: error: use of undeclared identifier 'rook_o_3'")
***************** Next Function ******************
('func_count:', 5)
("func_name '", 'rinput', "'")
('err_func:', '/data/maliha/decompilation/data/error_without_patch/ida/speccpu/gcc/O0/sjeng-gcc-O0-compilation-errors/rinput')
('err_funcfile:', '/data/maliha/decompilation/data/error_without_patch/ida/speccpu/gcc/O0/sjeng-gcc-O0-compilation-errors/rinput')
***************** Next Function ******************
('func_count:', 6)
("func_name '", 's_king_mobility', "'")
('err_func:', '/data/maliha/decompilation/data/error_without_patch/ida/speccpu/gcc/O0/sjeng-gcc-O0-compilation-errors/s_king_mobility')
('err_funcfile:', '/data/maliha/decompilation/data/error_without_patch/ida/speccpu/gcc/O0/sjeng-gcc-O0-compilation-errors/s_king_mobility')
***************** Next Function ******************
('func_count:', 7)
("func_name '", 'proofnumberscan', "'")
('err_func:', '/data/maliha/decompilation/data/error_without_patch/ida/speccpu/gcc/O0/sjeng-gcc-O0-compilation-errors/proofnumberscan')
('err_funcfile:', '/data/maliha/decompilation/data/error_without_patch/ida/speccpu/gcc/O0/sjeng-gcc-O0-compilation-errors/proofnumberscan')
('error:', "/home/yanlin/my-projects/decompilation/source_code/recompiled/IDA/speccpu/gcc/O0/sjeng-gcc-O0/proofnumberscan/src/proof.c:957:3: error: must use 'struct' tag to refer to type 'node'")
('error:', "/home/yanlin/my-projects/decompilation/source_code/recompiled/IDA/speccpu/gcc/O0/sjeng-gcc-O0/proofnumberscan/src/proof.c:958:3: error: unknown type name '__int64'; did you mean '__int64_t'?")
('error:', "/home/yanlin/my-projects/decompilation/source_code/recompiled/IDA/speccpu/gcc/O0/sjeng-gcc-O0/proofnumberscan/src/proof.c:959:3: error: must use 'struct' tag to refer to type 'node'")
('error:', "/home/yanlin/my-projects/decompilation/source_code/recompiled/IDA/speccpu/gcc/O0/sjeng-gcc-O0/proofnumberscan/src/proof.c:960:3: error: unknown type name '__int64'; did you mean '__int64_t'?")
('error:', "/home/yanlin/my-projects/decompilation/source_code/recompiled/IDA/speccpu/gcc/O0/sjeng-gcc-O0/proofnumberscan/src/proof.c:962:3: error: must use 'struct' tag to refer to type 'node'")
('error:', "/home/yanlin/my-projects/decompilation/source_code/recompiled/IDA/speccpu/gcc/O0/sjeng-gcc-O0/proofnumberscan/src/proof.c:963:3: error: unknown type name '__int64'; did you mean '__int64_t'?")
('error:', "/home/yanlin/my-projects/decompilation/source_code/recompiled/IDA/speccpu/gcc/O0/sjeng-gcc-O0/proofnumberscan/src/proof.c:964:3: error: must use 'struct' tag to refer to type 'node'")
('error:', "/home/yanlin/my-projects/decompilation/source_code/recompiled/IDA/speccpu/gcc/O0/sjeng-gcc-O0/proofnumberscan/src/proof.c:965:3: error: unknown type name '__int64'; did you mean '__int64_t'?")
('error:', "/home/yanlin/my-projects/decompilation/source_code/recompiled/IDA/speccpu/gcc/O0/sjeng-gcc-O0/proofnumberscan/src/proof.c:966:3: error: unknown type name '__int64'; did you mean '__int64_t'?")
('error:', "/home/yanlin/my-projects/decompilation/source_code/recompiled/IDA/speccpu/gcc/O0/sjeng-gcc-O0/proofnumberscan/src/proof.c:967:3: error: unknown type name '__int64'; did you mean '__int64_t'?")
('error:', "/home/yanlin/my-projects/decompilation/source_code/recompiled/IDA/speccpu/gcc/O0/sjeng-gcc-O0/proofnumberscan/src/proof.c:994:24: error: expected ')'")
('error:', "/home/yanlin/my-projects/decompilation/source_code/recompiled/IDA/speccpu/gcc/O0/sjeng-gcc-O0/proofnumberscan/src/proof.c:1038:51: error: expected ')'")
('error:', '/home/yanlin/my-projects/decompilation/source_code/recompiled/IDA/speccpu/gcc/O0/sjeng-gcc-O0/proofnumberscan/src/proof.c:1091:31: error: expected expression')
('error:', "/home/yanlin/my-projects/decompilation/source_code/recompiled/IDA/speccpu/gcc/O0/sjeng-gcc-O0/proofnumberscan/src/proof.c:1091:23: error: use of undeclared identifier '_QWORD'")
('error:', '/home/yanlin/my-projects/decompilation/source_code/recompiled/IDA/speccpu/gcc/O0/sjeng-gcc-O0/proofnumberscan/src/proof.c:1092:26: error: expected expression')
('error:', "/home/yanlin/my-projects/decompilation/source_code/recompiled/IDA/speccpu/gcc/O0/sjeng-gcc-O0/proofnumberscan/src/proof.c:1092:18: error: use of undeclared identifier '_QWORD'")
('error:', '/home/yanlin/my-projects/decompilation/source_code/recompiled/IDA/speccpu/gcc/O0/sjeng-gcc-O0/proofnumberscan/src/proof.c:1092:54: error: expected expression')
('error:', "/home/yanlin/my-projects/decompilation/source_code/recompiled/IDA/speccpu/gcc/O0/sjeng-gcc-O0/proofnumberscan/src/proof.c:1092:46: error: use of undeclared identifier '_QWORD'")
('error:', '/home/yanlin/my-projects/decompilation/source_code/recompiled/IDA/speccpu/gcc/O0/sjeng-gcc-O0/proofnumberscan/src/proof.c:1093:26: error: expected expression')
('error:', 'fatal error: too many errors emitted, stopping now [-ferror-limit=]')
***************** Next Function ******************
('func_count:', 8)
("func_name '", 'seedMT', "'")
('err_func:', '/data/maliha/decompilation/data/error_without_patch/ida/speccpu/gcc/O0/sjeng-gcc-O0-compilation-errors/seedMT')
('err_funcfile:', '/data/maliha/decompilation/data/error_without_patch/ida/speccpu/gcc/O0/sjeng-gcc-O0-compilation-errors/seedMT')
***************** Next Function ******************
('func_count:', 9)
("func_name '", 'pn_eval', "'")
('err_func:', '/data/maliha/decompilation/data/error_without_patch/ida/speccpu/gcc/O0/sjeng-gcc-O0-compilation-errors/pn_eval')
('err_funcfile:', '/data/maliha/decompilation/data/error_without_patch/ida/speccpu/gcc/O0/sjeng-gcc-O0-compilation-errors/pn_eval')
***************** Next Function ******************
('func_count:', 10)
("func_name '", 'main', "'")
('err_func:', '/data/maliha/decompilation/data/error_without_patch/ida/speccpu/gcc/O0/sjeng-gcc-O0-compilation-errors/main')
('err_funcfile:', '/data/maliha/decompilation/data/error_without_patch/ida/speccpu/gcc/O0/sjeng-gcc-O0-compilation-errors/main')
('error:', "/home/yanlin/my-projects/decompilation/source_code/recompiled/IDA/speccpu/gcc/O0/sjeng-gcc-O0/main/src/sjeng.c:74:23: error: expected ';' after top level declarator")
***************** Next Function ******************
('func_count:', 11)
("func_name '", 'push_king', "'")
('err_func:', '/data/maliha/decompilation/data/error_without_patch/ida/speccpu/gcc/O0/sjeng-gcc-O0-compilation-errors/push_king')
('err_funcfile:', '/data/maliha/decompilation/data/error_without_patch/ida/speccpu/gcc/O0/sjeng-gcc-O0-compilation-errors/push_king')
('error:', "/home/yanlin/my-projects/decompilation/source_code/recompiled/IDA/speccpu/gcc/O0/sjeng-gcc-O0/push_king/src/moves.c:1758:31: error: expected ')'")
('error:', "/home/yanlin/my-projects/decompilation/source_code/recompiled/IDA/speccpu/gcc/O0/sjeng-gcc-O0/push_king/src/moves.c:1758:65: error: expected ')'")
***************** Next Function ******************
('func_count:', 12)
("func_name '", 's_knight_mobility', "'")
('err_func:', '/data/maliha/decompilation/data/error_without_patch/ida/speccpu/gcc/O0/sjeng-gcc-O0-compilation-errors/s_knight_mobility')
('err_funcfile:', '/data/maliha/decompilation/data/error_without_patch/ida/speccpu/gcc/O0/sjeng-gcc-O0-compilation-errors/s_knight_mobility')
***************** Next Function ******************
('func_count:', 13)
("func_name '", 'unmake', "'")
('err_func:', '/data/maliha/decompilation/data/error_without_patch/ida/speccpu/gcc/O0/sjeng-gcc-O0-compilation-errors/unmake')
('err_funcfile:', '/data/maliha/decompilation/data/error_without_patch/ida/speccpu/gcc/O0/sjeng-gcc-O0-compilation-errors/unmake')
***************** Next Function ******************
('func_count:', 14)
("func_name '", 'nk_attacked', "'")
('err_func:', '/data/maliha/decompilation/data/error_without_patch/ida/speccpu/gcc/O0/sjeng-gcc-O0-compilation-errors/nk_attacked')
('err_funcfile:', '/data/maliha/decompilation/data/error_without_patch/ida/speccpu/gcc/O0/sjeng-gcc-O0-compilation-errors/nk_attacked')
('error:', "/home/yanlin/my-projects/decompilation/source_code/recompiled/IDA/speccpu/gcc/O0/sjeng-gcc-O0/nk_attacked/src/attacks.c:287:12: error: use of undeclared identifier 'bishop_o_2'")
('error:', "/home/yanlin/my-projects/decompilation/source_code/recompiled/IDA/speccpu/gcc/O0/sjeng-gcc-O0/nk_attacked/src/attacks.c:304:19: error: use of undeclared identifier 'knight_o_1'")
('error:', "/home/yanlin/my-projects/decompilation/source_code/recompiled/IDA/speccpu/gcc/O0/sjeng-gcc-O0/nk_attacked/src/attacks.c:309:12: error: use of undeclared identifier 'rook_o_0'")
('error:', "/home/yanlin/my-projects/decompilation/source_code/recompiled/IDA/speccpu/gcc/O0/sjeng-gcc-O0/nk_attacked/src/attacks.c:326:13: error: use of undeclared identifier 'bishop_o_2'")
('error:', "/home/yanlin/my-projects/decompilation/source_code/recompiled/IDA/speccpu/gcc/O0/sjeng-gcc-O0/nk_attacked/src/attacks.c:343:19: error: use of undeclared identifier 'knight_o_1'")
('error:', "/home/yanlin/my-projects/decompilation/source_code/recompiled/IDA/speccpu/gcc/O0/sjeng-gcc-O0/nk_attacked/src/attacks.c:348:13: error: use of undeclared identifier 'rook_o_0'")
('error:', "/home/yanlin/my-projects/decompilation/source_code/recompiled/IDA/speccpu/gcc/O0/sjeng-gcc-O0/nk_attacked/src/attacks.c:355:16: error: use of undeclared identifier 'rook_o_0'")
***************** Next Function ******************
('func_count:', 15)
("func_name '", 'rdifftime', "'")
('err_func:', '/data/maliha/decompilation/data/error_without_patch/ida/speccpu/gcc/O0/sjeng-gcc-O0-compilation-errors/rdifftime')
('err_funcfile:', '/data/maliha/decompilation/data/error_without_patch/ida/speccpu/gcc/O0/sjeng-gcc-O0-compilation-errors/rdifftime')
***************** Next Function ******************
('func_count:', 16)
("func_name '", 'try_drop', "'")
('err_func:', '/data/maliha/decompilation/data/error_without_patch/ida/speccpu/gcc/O0/sjeng-gcc-O0-compilation-errors/try_drop')
('err_funcfile:', '/data/maliha/decompilation/data/error_without_patch/ida/speccpu/gcc/O0/sjeng-gcc-O0-compilation-errors/try_drop')
***************** Next Function ******************
('func_count:', 17)
("func_name '", 'HandlePtell', "'")
('err_func:', '/data/maliha/decompilation/data/error_without_patch/ida/speccpu/gcc/O0/sjeng-gcc-O0-compilation-errors/HandlePtell')
('err_funcfile:', '/data/maliha/decompilation/data/error_without_patch/ida/speccpu/gcc/O0/sjeng-gcc-O0-compilation-errors/HandlePtell')
('error:', "/home/yanlin/my-projects/decompilation/source_code/recompiled/IDA/speccpu/gcc/O0/sjeng-gcc-O0/HandlePtell/src/partner.c:86:31: error: use of undeclared identifier 'off_423B32'")
('error:', "/home/yanlin/my-projects/decompilation/source_code/recompiled/IDA/speccpu/gcc/O0/sjeng-gcc-O0/HandlePtell/src/partner.c:154:9: error: use of undeclared identifier 'MEMORY'")
('error:', "/home/yanlin/my-projects/decompilation/source_code/recompiled/IDA/speccpu/gcc/O0/sjeng-gcc-O0/HandlePtell/src/partner.c:295:9: error: use of undeclared identifier 'MEMORY'")
***************** Next Function ******************
('func_count:', 18)
("func_name '", 'rtime', "'")
('err_func:', '/data/maliha/decompilation/data/error_without_patch/ida/speccpu/gcc/O0/sjeng-gcc-O0-compilation-errors/rtime')
('err_funcfile:', '/data/maliha/decompilation/data/error_without_patch/ida/speccpu/gcc/O0/sjeng-gcc-O0-compilation-errors/rtime')
***************** Next Function ******************
('func_count:', 19)
("func_name '", 'suicide_eval', "'")
('err_func:', '/data/maliha/decompilation/data/error_without_patch/ida/speccpu/gcc/O0/sjeng-gcc-O0-compilation-errors/suicide_eval')
('err_funcfile:', '/data/maliha/decompilation/data/error_without_patch/ida/speccpu/gcc/O0/sjeng-gcc-O0-compilation-errors/suicide_eval')
***************** Next Function ******************
('func_count:', 20)
("func_name '", 'findlowest', "'")
('err_func:', '/data/maliha/decompilation/data/error_without_patch/ida/speccpu/gcc/O0/sjeng-gcc-O0-compilation-errors/findlowest')
('err_funcfile:', '/data/maliha/decompilation/data/error_without_patch/ida/speccpu/gcc/O0/sjeng-gcc-O0-compilation-errors/findlowest')
('error:', 'clang: error: linker command failed with exit code 1 (use -v to see invocation)')
***************** Next Function ******************
('func_count:', 21)
("func_name '", 'check_legal', "'")
('err_func:', '/data/maliha/decompilation/data/error_without_patch/ida/speccpu/gcc/O0/sjeng-gcc-O0-compilation-errors/check_legal')
('err_funcfile:', '/data/maliha/decompilation/data/error_without_patch/ida/speccpu/gcc/O0/sjeng-gcc-O0-compilation-errors/check_legal')
***************** Next Function ******************
('func_count:', 22)
("func_name '", 'l_bishop_mobility', "'")
('err_func:', '/data/maliha/decompilation/data/error_without_patch/ida/speccpu/gcc/O0/sjeng-gcc-O0-compilation-errors/l_bishop_mobility')
('err_funcfile:', '/data/maliha/decompilation/data/error_without_patch/ida/speccpu/gcc/O0/sjeng-gcc-O0-compilation-errors/l_bishop_mobility')
***************** Next Function ******************
('func_count:', 23)
("func_name '", 'black_saccers', "'")
('err_func:', '/data/maliha/decompilation/data/error_without_patch/ida/speccpu/gcc/O0/sjeng-gcc-O0-compilation-errors/black_saccers')
('err_funcfile:', '/data/maliha/decompilation/data/error_without_patch/ida/speccpu/gcc/O0/sjeng-gcc-O0-compilation-errors/black_saccers')
('error:', "/home/yanlin/my-projects/decompilation/source_code/recompiled/IDA/speccpu/gcc/O0/sjeng-gcc-O0/black_saccers/src/seval.c:108:3: error: use of undeclared identifier '_BOOL4'")
('error:', "/home/yanlin/my-projects/decompilation/source_code/recompiled/IDA/speccpu/gcc/O0/sjeng-gcc-O0/black_saccers/src/seval.c:111:3: error: use of undeclared identifier 'v1'")
('error:', "/home/yanlin/my-projects/decompilation/source_code/recompiled/IDA/speccpu/gcc/O0/sjeng-gcc-O0/black_saccers/src/seval.c:116:5: error: use of undeclared identifier 'v1'")
('error:', "/home/yanlin/my-projects/decompilation/source_code/recompiled/IDA/speccpu/gcc/O0/sjeng-gcc-O0/black_saccers/src/seval.c:120:5: error: use of undeclared identifier 'v1'")
('error:', "/home/yanlin/my-projects/decompilation/source_code/recompiled/IDA/speccpu/gcc/O0/sjeng-gcc-O0/black_saccers/src/seval.c:122:10: error: use of undeclared identifier 'v1'")
('error:', "/home/yanlin/my-projects/decompilation/source_code/recompiled/IDA/speccpu/gcc/O0/sjeng-gcc-O0/black_saccers/src/seval.c:123:5: error: use of undeclared identifier 'v1'")
('error:', "/home/yanlin/my-projects/decompilation/source_code/recompiled/IDA/speccpu/gcc/O0/sjeng-gcc-O0/black_saccers/src/seval.c:124:10: error: use of undeclared identifier 'v1'")
('error:', "/home/yanlin/my-projects/decompilation/source_code/recompiled/IDA/speccpu/gcc/O0/sjeng-gcc-O0/black_saccers/src/seval.c:130:5: error: use of undeclared identifier 'v1'")
('error:', "/home/yanlin/my-projects/decompilation/source_code/recompiled/IDA/speccpu/gcc/O0/sjeng-gcc-O0/black_saccers/src/seval.c:132:10: error: use of undeclared identifier 'v1'")
('error:', "/home/yanlin/my-projects/decompilation/source_code/recompiled/IDA/speccpu/gcc/O0/sjeng-gcc-O0/black_saccers/src/seval.c:134:9: error: use of undeclared identifier 'v1'")
***************** Next Function ******************
('func_count:', 24)
("func_name '", 'remove_one', "'")
('err_func:', '/data/maliha/decompilation/data/error_without_patch/ida/speccpu/gcc/O0/sjeng-gcc-O0-compilation-errors/remove_one')
('err_funcfile:', '/data/maliha/decompilation/data/error_without_patch/ida/speccpu/gcc/O0/sjeng-gcc-O0-compilation-errors/remove_one')
***************** Next Function ******************
('func_count:', 25)
("func_name '", 'qsearch', "'")
('err_func:', '/data/maliha/decompilation/data/error_without_patch/ida/speccpu/gcc/O0/sjeng-gcc-O0-compilation-errors/qsearch')
('err_funcfile:', '/data/maliha/decompilation/data/error_without_patch/ida/speccpu/gcc/O0/sjeng-gcc-O0-compilation-errors/qsearch')
('error:', "/home/yanlin/my-projects/decompilation/source_code/recompiled/IDA/speccpu/gcc/O0/sjeng-gcc-O0/qsearch/src/search.c:340:3: error: unknown type name '__int64'; did you mean '__int64_t'?")
('error:', "/home/yanlin/my-projects/decompilation/source_code/recompiled/IDA/speccpu/gcc/O0/sjeng-gcc-O0/qsearch/src/search.c:343:3: error: unknown type name '__int64'; did you mean '__int64_t'?")
('error:', "/home/yanlin/my-projects/decompilation/source_code/recompiled/IDA/speccpu/gcc/O0/sjeng-gcc-O0/qsearch/src/search.c:368:12: error: use of undeclared identifier '_WORD'")
('error:', '/home/yanlin/my-projects/decompilation/source_code/recompiled/IDA/speccpu/gcc/O0/sjeng-gcc-O0/qsearch/src/search.c:471:25: error: expected expression')
('error:', "/home/yanlin/my-projects/decompilation/source_code/recompiled/IDA/speccpu/gcc/O0/sjeng-gcc-O0/qsearch/src/search.c:471:17: error: use of undeclared identifier '_QWORD'")
('error:', '/home/yanlin/my-projects/decompilation/source_code/recompiled/IDA/speccpu/gcc/O0/sjeng-gcc-O0/qsearch/src/search.c:472:20: error: expected expression')
('error:', "/home/yanlin/my-projects/decompilation/source_code/recompiled/IDA/speccpu/gcc/O0/sjeng-gcc-O0/qsearch/src/search.c:472:12: error: use of undeclared identifier '_QWORD'")
('error:', '/home/yanlin/my-projects/decompilation/source_code/recompiled/IDA/speccpu/gcc/O0/sjeng-gcc-O0/qsearch/src/search.c:472:44: error: expected expression')
('error:', "/home/yanlin/my-projects/decompilation/source_code/recompiled/IDA/speccpu/gcc/O0/sjeng-gcc-O0/qsearch/src/search.c:472:36: error: use of undeclared identifier '_QWORD'")
('error:', '/home/yanlin/my-projects/decompilation/source_code/recompiled/IDA/speccpu/gcc/O0/sjeng-gcc-O0/qsearch/src/search.c:473:20: error: expected expression')
('error:', "/home/yanlin/my-projects/decompilation/source_code/recompiled/IDA/speccpu/gcc/O0/sjeng-gcc-O0/qsearch/src/search.c:473:12: error: use of undeclared identifier '_QWORD'")
('error:', '/home/yanlin/my-projects/decompilation/source_code/recompiled/IDA/speccpu/gcc/O0/sjeng-gcc-O0/qsearch/src/search.c:474:20: error: expected expression')
('error:', "/home/yanlin/my-projects/decompilation/source_code/recompiled/IDA/speccpu/gcc/O0/sjeng-gcc-O0/qsearch/src/search.c:474:12: error: use of undeclared identifier '_QWORD'")
('error:', '/home/yanlin/my-projects/decompilation/source_code/recompiled/IDA/speccpu/gcc/O0/sjeng-gcc-O0/qsearch/src/search.c:474:47: error: expected expression')
('error:', "/home/yanlin/my-projects/decompilation/source_code/recompiled/IDA/speccpu/gcc/O0/sjeng-gcc-O0/qsearch/src/search.c:474:39: error: use of undeclared identifier '_QWORD'")
('error:', '/home/yanlin/my-projects/decompilation/source_code/recompiled/IDA/speccpu/gcc/O0/sjeng-gcc-O0/qsearch/src/search.c:479:28: error: expected expression')
('error:', "/home/yanlin/my-projects/decompilation/source_code/recompiled/IDA/speccpu/gcc/O0/sjeng-gcc-O0/qsearch/src/search.c:479:20: error: use of undeclared identifier '_QWORD'")
('error:', '/home/yanlin/my-projects/decompilation/source_code/recompiled/IDA/speccpu/gcc/O0/sjeng-gcc-O0/qsearch/src/search.c:480:22: error: expected expression')
('error:', "/home/yanlin/my-projects/decompilation/source_code/recompiled/IDA/speccpu/gcc/O0/sjeng-gcc-O0/qsearch/src/search.c:480:14: error: use of undeclared identifier '_QWORD'")
('error:', 'fatal error: too many errors emitted, stopping now [-ferror-limit=]')
***************** Next Function ******************
('func_count:', 26)
("func_name '", 'l_rook_mobility', "'")
('err_func:', '/data/maliha/decompilation/data/error_without_patch/ida/speccpu/gcc/O0/sjeng-gcc-O0-compilation-errors/l_rook_mobility')
('err_funcfile:', '/data/maliha/decompilation/data/error_without_patch/ida/speccpu/gcc/O0/sjeng-gcc-O0-compilation-errors/l_rook_mobility')
***************** Next Function ******************
('func_count:', 27)
("func_name '", 'post_fail_thinking', "'")
('err_func:', '/data/maliha/decompilation/data/error_without_patch/ida/speccpu/gcc/O0/sjeng-gcc-O0-compilation-errors/post_fail_thinking')
('err_funcfile:', '/data/maliha/decompilation/data/error_without_patch/ida/speccpu/gcc/O0/sjeng-gcc-O0-compilation-errors/post_fail_thinking')
('error:', 'clang: error: linker command failed with exit code 1 (use -v to see invocation)')
***************** Next Function ******************
('func_count:', 28)
("func_name '", 'proofnumbersearch', "'")
('err_func:', '/data/maliha/decompilation/data/error_without_patch/ida/speccpu/gcc/O0/sjeng-gcc-O0-compilation-errors/proofnumbersearch')
('err_funcfile:', '/data/maliha/decompilation/data/error_without_patch/ida/speccpu/gcc/O0/sjeng-gcc-O0-compilation-errors/proofnumbersearch')
('error:', "/home/yanlin/my-projects/decompilation/source_code/recompiled/IDA/speccpu/gcc/O0/sjeng-gcc-O0/proofnumbersearch/src/proof.c:1242:3: error: unknown type name '__int64'; did you mean '__int64_t'?")
('error:', "/home/yanlin/my-projects/decompilation/source_code/recompiled/IDA/speccpu/gcc/O0/sjeng-gcc-O0/proofnumbersearch/src/proof.c:1246:3: error: unknown type name '__int64'; did you mean '__int64_t'?")
('error:', "/home/yanlin/my-projects/decompilation/source_code/recompiled/IDA/speccpu/gcc/O0/sjeng-gcc-O0/proofnumbersearch/src/proof.c:1247:3: error: must use 'struct' tag to refer to type 'node'")
('error:', "/home/yanlin/my-projects/decompilation/source_code/recompiled/IDA/speccpu/gcc/O0/sjeng-gcc-O0/proofnumbersearch/src/proof.c:1248:3: error: unknown type name '__int64'; did you mean '__int64_t'?")
('error:', "/home/yanlin/my-projects/decompilation/source_code/recompiled/IDA/speccpu/gcc/O0/sjeng-gcc-O0/proofnumbersearch/src/proof.c:1249:3: error: must use 'struct' tag to refer to type 'node'")
('error:', "/home/yanlin/my-projects/decompilation/source_code/recompiled/IDA/speccpu/gcc/O0/sjeng-gcc-O0/proofnumbersearch/src/proof.c:1250:3: error: unknown type name '__int64'; did you mean '__int64_t'?")
('error:', "/home/yanlin/my-projects/decompilation/source_code/recompiled/IDA/speccpu/gcc/O0/sjeng-gcc-O0/proofnumbersearch/src/proof.c:1271:24: error: expected ')'")
('error:', "/home/yanlin/my-projects/decompilation/source_code/recompiled/IDA/speccpu/gcc/O0/sjeng-gcc-O0/proofnumbersearch/src/proof.c:1281:50: error: expected ')'")
('error:', "/home/yanlin/my-projects/decompilation/source_code/recompiled/IDA/speccpu/gcc/O0/sjeng-gcc-O0/proofnumbersearch/src/proof.c:1295:39: error: expected ')'")
('error:', "/home/yanlin/my-projects/decompilation/source_code/recompiled/IDA/speccpu/gcc/O0/sjeng-gcc-O0/proofnumbersearch/src/proof.c:1295:85: error: expected ')'")
('error:', '/home/yanlin/my-projects/decompilation/source_code/recompiled/IDA/speccpu/gcc/O0/sjeng-gcc-O0/proofnumbersearch/src/proof.c:1365:19: error: expected expression')
('error:', "/home/yanlin/my-projects/decompilation/source_code/recompiled/IDA/speccpu/gcc/O0/sjeng-gcc-O0/proofnumbersearch/src/proof.c:1365:12: error: use of undeclared identifier '_WORD'")
('error:', '/home/yanlin/my-projects/decompilation/source_code/recompiled/IDA/speccpu/gcc/O0/sjeng-gcc-O0/proofnumbersearch/src/proof.c:1369:27: error: expected expression')
('error:', "/home/yanlin/my-projects/decompilation/source_code/recompiled/IDA/speccpu/gcc/O0/sjeng-gcc-O0/proofnumbersearch/src/proof.c:1369:19: error: use of undeclared identifier '_QWORD'")
('error:', '/home/yanlin/my-projects/decompilation/source_code/recompiled/IDA/speccpu/gcc/O0/sjeng-gcc-O0/proofnumbersearch/src/proof.c:1370:22: error: expected expression')
('error:', "/home/yanlin/my-projects/decompilation/source_code/recompiled/IDA/speccpu/gcc/O0/sjeng-gcc-O0/proofnumbersearch/src/proof.c:1370:14: error: use of undeclared identifier '_QWORD'")
('error:', '/home/yanlin/my-projects/decompilation/source_code/recompiled/IDA/speccpu/gcc/O0/sjeng-gcc-O0/proofnumbersearch/src/proof.c:1370:50: error: expected expression')
('error:', "/home/yanlin/my-projects/decompilation/source_code/recompiled/IDA/speccpu/gcc/O0/sjeng-gcc-O0/proofnumbersearch/src/proof.c:1370:42: error: use of undeclared identifier '_QWORD'")
('error:', '/home/yanlin/my-projects/decompilation/source_code/recompiled/IDA/speccpu/gcc/O0/sjeng-gcc-O0/proofnumbersearch/src/proof.c:1371:22: error: expected expression')
('error:', 'fatal error: too many errors emitted, stopping now [-ferror-limit=]')
***************** Next Function ******************
('func_count:', 29)
("func_name '", 'suicide_mid_eval', "'")
('err_func:', '/data/maliha/decompilation/data/error_without_patch/ida/speccpu/gcc/O0/sjeng-gcc-O0-compilation-errors/suicide_mid_eval')
('err_funcfile:', '/data/maliha/decompilation/data/error_without_patch/ida/speccpu/gcc/O0/sjeng-gcc-O0-compilation-errors/suicide_mid_eval')
***************** Next Function ******************
('func_count:', 30)
("func_name '", 'removeHolding', "'")
('err_func:', '/data/maliha/decompilation/data/error_without_patch/ida/speccpu/gcc/O0/sjeng-gcc-O0-compilation-errors/removeHolding')
('err_funcfile:', '/data/maliha/decompilation/data/error_without_patch/ida/speccpu/gcc/O0/sjeng-gcc-O0-compilation-errors/removeHolding')
***************** Next Function ******************
('func_count:', 31)
("func_name '", 'reloadMT', "'")
('err_func:', '/data/maliha/decompilation/data/error_without_patch/ida/speccpu/gcc/O0/sjeng-gcc-O0-compilation-errors/reloadMT')
('err_funcfile:', '/data/maliha/decompilation/data/error_without_patch/ida/speccpu/gcc/O0/sjeng-gcc-O0-compilation-errors/reloadMT')
('error:', "/home/yanlin/my-projects/decompilation/source_code/recompiled/IDA/speccpu/gcc/O0/sjeng-gcc-O0/reloadMT/src/utils.c:1168:3: error: unknown type name '__int64'; did you mean '__int64_t'?")
('error:', "/home/yanlin/my-projects/decompilation/source_code/recompiled/IDA/speccpu/gcc/O0/sjeng-gcc-O0/reloadMT/src/utils.c:1172:3: error: use of undeclared identifier '_DWORD'")
('error:', "/home/yanlin/my-projects/decompilation/source_code/recompiled/IDA/speccpu/gcc/O0/sjeng-gcc-O0/reloadMT/src/utils.c:1172:11: error: use of undeclared identifier 'v5'")
('error:', "/home/yanlin/my-projects/decompilation/source_code/recompiled/IDA/speccpu/gcc/O0/sjeng-gcc-O0/reloadMT/src/utils.c:1187:3: error: unknown type name '__int64'; did you mean '__int64_t'?")
('error:', "/home/yanlin/my-projects/decompilation/source_code/recompiled/IDA/speccpu/gcc/O0/sjeng-gcc-O0/reloadMT/src/utils.c:1201:5: error: use of undeclared identifier 'v5'")
('error:', '/home/yanlin/my-projects/decompilation/source_code/recompiled/IDA/speccpu/gcc/O0/sjeng-gcc-O0/reloadMT/src/utils.c:1201:20: error: expected expression')
('error:', "/home/yanlin/my-projects/decompilation/source_code/recompiled/IDA/speccpu/gcc/O0/sjeng-gcc-O0/reloadMT/src/utils.c:1201:12: error: use of undeclared identifier '_DWORD'")
('error:', "/home/yanlin/my-projects/decompilation/source_code/recompiled/IDA/speccpu/gcc/O0/sjeng-gcc-O0/reloadMT/src/utils.c:1203:58: error: use of undeclared identifier 'v5'")
***************** Next Function ******************
('func_count:', 32)
("func_name '", 'push_pawn', "'")
('err_func:', '/data/maliha/decompilation/data/error_without_patch/ida/speccpu/gcc/O0/sjeng-gcc-O0-compilation-errors/push_pawn')
('err_funcfile:', '/data/maliha/decompilation/data/error_without_patch/ida/speccpu/gcc/O0/sjeng-gcc-O0-compilation-errors/push_pawn')
***************** Next Function ******************
('func_count:', 33)
("func_name '", 'clear_tt', "'")
('err_func:', '/data/maliha/decompilation/data/error_without_patch/ida/speccpu/gcc/O0/sjeng-gcc-O0-compilation-errors/clear_tt')
('err_funcfile:', '/data/maliha/decompilation/data/error_without_patch/ida/speccpu/gcc/O0/sjeng-gcc-O0-compilation-errors/clear_tt')
***************** Next Function ******************
('func_count:', 34)
("func_name '", 'setup_attackers', "'")
('err_func:', '/data/maliha/decompilation/data/error_without_patch/ida/speccpu/gcc/O0/sjeng-gcc-O0-compilation-errors/setup_attackers')
('err_funcfile:', '/data/maliha/decompilation/data/error_without_patch/ida/speccpu/gcc/O0/sjeng-gcc-O0-compilation-errors/setup_attackers')
('error:', "/home/yanlin/my-projects/decompilation/source_code/recompiled/IDA/speccpu/gcc/O0/sjeng-gcc-O0/setup_attackers/src/see.c:39:10: error: use of undeclared identifier 'rook_o_2'")
('error:', "/home/yanlin/my-projects/decompilation/source_code/recompiled/IDA/speccpu/gcc/O0/sjeng-gcc-O0/setup_attackers/src/see.c:69:13: error: use of undeclared identifier 'rook_o_2'")
('error:', "/home/yanlin/my-projects/decompilation/source_code/recompiled/IDA/speccpu/gcc/O0/sjeng-gcc-O0/setup_attackers/src/see.c:75:10: error: use of undeclared identifier 'bishop_o_1'")
('error:', "/home/yanlin/my-projects/decompilation/source_code/recompiled/IDA/speccpu/gcc/O0/sjeng-gcc-O0/setup_attackers/src/see.c:117:13: error: use of undeclared identifier 'bishop_o_1'")
('error:', "/home/yanlin/my-projects/decompilation/source_code/recompiled/IDA/speccpu/gcc/O0/sjeng-gcc-O0/setup_attackers/src/see.c:123:10: error: use of undeclared identifier 'knight_o_0'")
***************** Next Function ******************
('func_count:', 35)
("func_name '", 'read_rcfile', "'")
('err_func:', '/data/maliha/decompilation/data/error_without_patch/ida/speccpu/gcc/O0/sjeng-gcc-O0-compilation-errors/read_rcfile')
('err_funcfile:', '/data/maliha/decompilation/data/error_without_patch/ida/speccpu/gcc/O0/sjeng-gcc-O0-compilation-errors/read_rcfile')
***************** Next Function ******************
('func_count:', 36)
("func_name '", 'ProbeTT', "'")
('err_func:', '/data/maliha/decompilation/data/error_without_patch/ida/speccpu/gcc/O0/sjeng-gcc-O0-compilation-errors/ProbeTT')
('err_funcfile:', '/data/maliha/decompilation/data/error_without_patch/ida/speccpu/gcc/O0/sjeng-gcc-O0-compilation-errors/ProbeTT')
('error:', '/home/yanlin/my-projects/decompilation/source_code/recompiled/IDA/speccpu/gcc/O0/sjeng-gcc-O0/ProbeTT/src/ttable.c:239:20: error: expected expression')
('error:', "/home/yanlin/my-projects/decompilation/source_code/recompiled/IDA/speccpu/gcc/O0/sjeng-gcc-O0/ProbeTT/src/ttable.c:239:12: error: use of undeclared identifier '_QWORD'")
***************** Next Function ******************
('func_count:', 37)
("func_name '", 'search', "'")
('err_func:', '/data/maliha/decompilation/data/error_without_patch/ida/speccpu/gcc/O0/sjeng-gcc-O0-compilation-errors/search')
('err_funcfile:', '/data/maliha/decompilation/data/error_without_patch/ida/speccpu/gcc/O0/sjeng-gcc-O0-compilation-errors/search')
('error:', "/home/yanlin/my-projects/decompilation/source_code/recompiled/IDA/speccpu/gcc/O0/sjeng-gcc-O0/search/src/search.c:542:3: error: unknown type name '__int64'; did you mean '__int64_t'?")
('error:', "/home/yanlin/my-projects/decompilation/source_code/recompiled/IDA/speccpu/gcc/O0/sjeng-gcc-O0/search/src/search.c:543:3: error: unknown type name '__int64'; did you mean '__int64_t'?")
('error:', "/home/yanlin/my-projects/decompilation/source_code/recompiled/IDA/speccpu/gcc/O0/sjeng-gcc-O0/search/src/search.c:552:3: error: unknown type name '__int64'; did you mean '__int64_t'?")
('error:', "/home/yanlin/my-projects/decompilation/source_code/recompiled/IDA/speccpu/gcc/O0/sjeng-gcc-O0/search/src/search.c:556:3: error: unknown type name '__int64'; did you mean '__int64_t'?")
('error:', "/home/yanlin/my-projects/decompilation/source_code/recompiled/IDA/speccpu/gcc/O0/sjeng-gcc-O0/search/src/search.c:559:3: error: unknown type name '__int64'; did you mean '__int64_t'?")
('error:', "/home/yanlin/my-projects/decompilation/source_code/recompiled/IDA/speccpu/gcc/O0/sjeng-gcc-O0/search/src/search.c:560:3: error: unknown type name '__int64'; did you mean '__int64_t'?")
('error:', "/home/yanlin/my-projects/decompilation/source_code/recompiled/IDA/speccpu/gcc/O0/sjeng-gcc-O0/search/src/search.c:563:3: error: unknown type name '__int64'; did you mean '__int64_t'?")
('error:', "/home/yanlin/my-projects/decompilation/source_code/recompiled/IDA/speccpu/gcc/O0/sjeng-gcc-O0/search/src/search.c:566:3: error: unknown type name '__int64'; did you mean '__int64_t'?")
('error:', "/home/yanlin/my-projects/decompilation/source_code/recompiled/IDA/speccpu/gcc/O0/sjeng-gcc-O0/search/src/search.c:568:3: error: unknown type name '__int64'; did you mean '__int64_t'?")
('error:', "/home/yanlin/my-projects/decompilation/source_code/recompiled/IDA/speccpu/gcc/O0/sjeng-gcc-O0/search/src/search.c:569:3: error: unknown type name '__int64'; did you mean '__int64_t'?")
('error:', "/home/yanlin/my-projects/decompilation/source_code/recompiled/IDA/speccpu/gcc/O0/sjeng-gcc-O0/search/src/search.c:570:3: error: unknown type name '__int64'; did you mean '__int64_t'?")
('error:', "/home/yanlin/my-projects/decompilation/source_code/recompiled/IDA/speccpu/gcc/O0/sjeng-gcc-O0/search/src/search.c:571:3: error: unknown type name '__int64'; did you mean '__int64_t'?")
('error:', "/home/yanlin/my-projects/decompilation/source_code/recompiled/IDA/speccpu/gcc/O0/sjeng-gcc-O0/search/src/search.c:572:3: error: unknown type name '__int64'; did you mean '__int64_t'?")
('error:', "/home/yanlin/my-projects/decompilation/source_code/recompiled/IDA/speccpu/gcc/O0/sjeng-gcc-O0/search/src/search.c:573:3: error: unknown type name '__int64'; did you mean '__int64_t'?")
('error:', "/home/yanlin/my-projects/decompilation/source_code/recompiled/IDA/speccpu/gcc/O0/sjeng-gcc-O0/search/src/search.c:605:12: error: use of undeclared identifier '_WORD'")
('error:', "/home/yanlin/my-projects/decompilation/source_code/recompiled/IDA/speccpu/gcc/O0/sjeng-gcc-O0/search/src/search.c:655:10: error: use of undeclared identifier 'rc_index_0'")
('error:', "/home/yanlin/my-projects/decompilation/source_code/recompiled/IDA/speccpu/gcc/O0/sjeng-gcc-O0/search/src/search.c:655:48: error: use of undeclared identifier 'rc_index_0'")
('error:', '/home/yanlin/my-projects/decompilation/source_code/recompiled/IDA/speccpu/gcc/O0/sjeng-gcc-O0/search/src/search.c:888:22: error: expected expression')
('error:', "/home/yanlin/my-projects/decompilation/source_code/recompiled/IDA/speccpu/gcc/O0/sjeng-gcc-O0/search/src/search.c:888:14: error: use of undeclared identifier '_QWORD'")
('error:', 'fatal error: too many errors emitted, stopping now [-ferror-limit=]')
***************** Next Function ******************
('func_count:', 38)
("func_name '", 'ResetHandValue', "'")
('err_func:', '/data/maliha/decompilation/data/error_without_patch/ida/speccpu/gcc/O0/sjeng-gcc-O0-compilation-errors/ResetHandValue')
('err_funcfile:', '/data/maliha/decompilation/data/error_without_patch/ida/speccpu/gcc/O0/sjeng-gcc-O0-compilation-errors/ResetHandValue')
('error:', '/home/yanlin/my-projects/decompilation/source_code/recompiled/IDA/speccpu/gcc/O0/sjeng-gcc-O0/ResetHandValue/src/partner.c:23:14: error: expected expression')
('error:', "/home/yanlin/my-projects/decompilation/source_code/recompiled/IDA/speccpu/gcc/O0/sjeng-gcc-O0/ResetHandValue/src/partner.c:23:6: error: use of undeclared identifier '_QWORD'")
('error:', '/home/yanlin/my-projects/decompilation/source_code/recompiled/IDA/speccpu/gcc/O0/sjeng-gcc-O0/ResetHandValue/src/partner.c:24:14: error: expected expression')
('error:', "/home/yanlin/my-projects/decompilation/source_code/recompiled/IDA/speccpu/gcc/O0/sjeng-gcc-O0/ResetHandValue/src/partner.c:24:6: error: use of undeclared identifier '_QWORD'")
('error:', '/home/yanlin/my-projects/decompilation/source_code/recompiled/IDA/speccpu/gcc/O0/sjeng-gcc-O0/ResetHandValue/src/partner.c:24:43: error: expected expression')
('error:', "/home/yanlin/my-projects/decompilation/source_code/recompiled/IDA/speccpu/gcc/O0/sjeng-gcc-O0/ResetHandValue/src/partner.c:24:35: error: use of undeclared identifier '_QWORD'")
('error:', '/home/yanlin/my-projects/decompilation/source_code/recompiled/IDA/speccpu/gcc/O0/sjeng-gcc-O0/ResetHandValue/src/partner.c:25:14: error: expected expression')
('error:', "/home/yanlin/my-projects/decompilation/source_code/recompiled/IDA/speccpu/gcc/O0/sjeng-gcc-O0/ResetHandValue/src/partner.c:25:6: error: use of undeclared identifier '_QWORD'")
('error:', '/home/yanlin/my-projects/decompilation/source_code/recompiled/IDA/speccpu/gcc/O0/sjeng-gcc-O0/ResetHandValue/src/partner.c:25:43: error: expected expression')
('error:', "/home/yanlin/my-projects/decompilation/source_code/recompiled/IDA/speccpu/gcc/O0/sjeng-gcc-O0/ResetHandValue/src/partner.c:25:35: error: use of undeclared identifier '_QWORD'")
('error:', '/home/yanlin/my-projects/decompilation/source_code/recompiled/IDA/speccpu/gcc/O0/sjeng-gcc-O0/ResetHandValue/src/partner.c:26:14: error: expected expression')
('error:', "/home/yanlin/my-projects/decompilation/source_code/recompiled/IDA/speccpu/gcc/O0/sjeng-gcc-O0/ResetHandValue/src/partner.c:26:6: error: use of undeclared identifier '_QWORD'")
('error:', '/home/yanlin/my-projects/decompilation/source_code/recompiled/IDA/speccpu/gcc/O0/sjeng-gcc-O0/ResetHandValue/src/partner.c:26:43: error: expected expression')
('error:', "/home/yanlin/my-projects/decompilation/source_code/recompiled/IDA/speccpu/gcc/O0/sjeng-gcc-O0/ResetHandValue/src/partner.c:26:35: error: use of undeclared identifier '_QWORD'")
('error:', '/home/yanlin/my-projects/decompilation/source_code/recompiled/IDA/speccpu/gcc/O0/sjeng-gcc-O0/ResetHandValue/src/partner.c:27:14: error: expected expression')
('error:', "/home/yanlin/my-projects/decompilation/source_code/recompiled/IDA/speccpu/gcc/O0/sjeng-gcc-O0/ResetHandValue/src/partner.c:27:6: error: use of undeclared identifier '_QWORD'")
('error:', '/home/yanlin/my-projects/decompilation/source_code/recompiled/IDA/speccpu/gcc/O0/sjeng-gcc-O0/ResetHandValue/src/partner.c:27:43: error: expected expression')
('error:', "/home/yanlin/my-projects/decompilation/source_code/recompiled/IDA/speccpu/gcc/O0/sjeng-gcc-O0/ResetHandValue/src/partner.c:27:35: error: use of undeclared identifier '_QWORD'")
('error:', '/home/yanlin/my-projects/decompilation/source_code/recompiled/IDA/speccpu/gcc/O0/sjeng-gcc-O0/ResetHandValue/src/partner.c:28:14: error: expected expression')
('error:', 'fatal error: too many errors emitted, stopping now [-ferror-limit=]')
***************** Next Function ******************
('func_count:', 39)
("func_name '", 'think', "'")
('err_func:', '/data/maliha/decompilation/data/error_without_patch/ida/speccpu/gcc/O0/sjeng-gcc-O0-compilation-errors/think')
('err_funcfile:', '/data/maliha/decompilation/data/error_without_patch/ida/speccpu/gcc/O0/sjeng-gcc-O0-compilation-errors/think')
('error:', "/home/yanlin/my-projects/decompilation/source_code/recompiled/IDA/speccpu/gcc/O0/sjeng-gcc-O0/think/src/search.c:1443:17: error: conflicting types for 'think'")
('error:', "/home/yanlin/my-projects/decompilation/source_code/recompiled/IDA/speccpu/gcc/O0/sjeng-gcc-O0/think/src/search.c:1446:3: error: unknown type name '__int64'; did you mean '__int64_t'?")
('error:', "/home/yanlin/my-projects/decompilation/source_code/recompiled/IDA/speccpu/gcc/O0/sjeng-gcc-O0/think/src/search.c:1448:3: error: unknown type name '__int64'; did you mean '__int64_t'?")
('error:', "/home/yanlin/my-projects/decompilation/source_code/recompiled/IDA/speccpu/gcc/O0/sjeng-gcc-O0/think/src/search.c:1449:3: error: unknown type name '__int64'; did you mean '__int64_t'?")
('error:', "/home/yanlin/my-projects/decompilation/source_code/recompiled/IDA/speccpu/gcc/O0/sjeng-gcc-O0/think/src/search.c:1451:3: error: unknown type name '__int64'; did you mean '__int64_t'?")
('error:', "/home/yanlin/my-projects/decompilation/source_code/recompiled/IDA/speccpu/gcc/O0/sjeng-gcc-O0/think/src/search.c:1453:3: error: unknown type name '__int64'; did you mean '__int64_t'?")
('error:', "/home/yanlin/my-projects/decompilation/source_code/recompiled/IDA/speccpu/gcc/O0/sjeng-gcc-O0/think/src/search.c:1455:3: error: unknown type name '__int64'; did you mean '__int64_t'?")
('error:', "/home/yanlin/my-projects/decompilation/source_code/recompiled/IDA/speccpu/gcc/O0/sjeng-gcc-O0/think/src/search.c:1457:3: error: unknown type name '__int64'; did you mean '__int64_t'?")
('error:', "/home/yanlin/my-projects/decompilation/source_code/recompiled/IDA/speccpu/gcc/O0/sjeng-gcc-O0/think/src/search.c:1459:3: error: unknown type name '__int64'; did you mean '__int64_t'?")
('error:', "/home/yanlin/my-projects/decompilation/source_code/recompiled/IDA/speccpu/gcc/O0/sjeng-gcc-O0/think/src/search.c:1465:3: error: unknown type name '__int64'; did you mean '__int64_t'?")
('error:', "/home/yanlin/my-projects/decompilation/source_code/recompiled/IDA/speccpu/gcc/O0/sjeng-gcc-O0/think/src/search.c:1467:3: error: unknown type name '__int64'; did you mean '__int64_t'?")
('error:', "/home/yanlin/my-projects/decompilation/source_code/recompiled/IDA/speccpu/gcc/O0/sjeng-gcc-O0/think/src/search.c:1471:3: error: unknown type name '__int64'; did you mean '__int64_t'?")
('error:', '/home/yanlin/my-projects/decompilation/source_code/recompiled/IDA/speccpu/gcc/O0/sjeng-gcc-O0/think/src/search.c:1531:19: error: subscripted value is not an array, pointer, or vector')
('error:', '/home/yanlin/my-projects/decompilation/source_code/recompiled/IDA/speccpu/gcc/O0/sjeng-gcc-O0/think/src/search.c:1536:25: error: expected expression')
('error:', "/home/yanlin/my-projects/decompilation/source_code/recompiled/IDA/speccpu/gcc/O0/sjeng-gcc-O0/think/src/search.c:1536:17: error: use of undeclared identifier '_QWORD'")
('error:', '/home/yanlin/my-projects/decompilation/source_code/recompiled/IDA/speccpu/gcc/O0/sjeng-gcc-O0/think/src/search.c:1537:20: error: expected expression')
('error:', "/home/yanlin/my-projects/decompilation/source_code/recompiled/IDA/speccpu/gcc/O0/sjeng-gcc-O0/think/src/search.c:1537:12: error: use of undeclared identifier '_QWORD'")
('error:', '/home/yanlin/my-projects/decompilation/source_code/recompiled/IDA/speccpu/gcc/O0/sjeng-gcc-O0/think/src/search.c:1537:45: error: expected expression')
('error:', "/home/yanlin/my-projects/decompilation/source_code/recompiled/IDA/speccpu/gcc/O0/sjeng-gcc-O0/think/src/search.c:1537:37: error: use of undeclared identifier '_QWORD'")
('error:', 'fatal error: too many errors emitted, stopping now [-ferror-limit=]')
***************** Next Function ******************
('func_count:', 40)
("func_name '", 'push_knighT', "'")
('err_func:', '/data/maliha/decompilation/data/error_without_patch/ida/speccpu/gcc/O0/sjeng-gcc-O0-compilation-errors/push_knighT')
('err_funcfile:', '/data/maliha/decompilation/data/error_without_patch/ida/speccpu/gcc/O0/sjeng-gcc-O0-compilation-errors/push_knighT')
('error:', "/home/yanlin/my-projects/decompilation/source_code/recompiled/IDA/speccpu/gcc/O0/sjeng-gcc-O0/push_knighT/src/moves.c:1787:31: error: expected ')'")
('error:', "/home/yanlin/my-projects/decompilation/source_code/recompiled/IDA/speccpu/gcc/O0/sjeng-gcc-O0/push_knighT/src/moves.c:1787:65: error: expected ')'")
***************** Next Function ******************
('func_count:', 41)
("func_name '", 'l_knight_mobility', "'")
('err_func:', '/data/maliha/decompilation/data/error_without_patch/ida/speccpu/gcc/O0/sjeng-gcc-O0-compilation-errors/l_knight_mobility')
('err_funcfile:', '/data/maliha/decompilation/data/error_without_patch/ida/speccpu/gcc/O0/sjeng-gcc-O0-compilation-errors/l_knight_mobility')
('error:', "/home/yanlin/my-projects/decompilation/source_code/recompiled/IDA/speccpu/gcc/O0/sjeng-gcc-O0/l_knight_mobility/src/leval.c:70:17: error: use of undeclared identifier 'knight_o_2'")
***************** Next Function ******************
('func_count:', 42)
("func_name '", 'BegForPartner', "'")
('err_func:', '/data/maliha/decompilation/data/error_without_patch/ida/speccpu/gcc/O0/sjeng-gcc-O0-compilation-errors/BegForPartner')
('err_funcfile:', '/data/maliha/decompilation/data/error_without_patch/ida/speccpu/gcc/O0/sjeng-gcc-O0-compilation-errors/BegForPartner')
***************** Next Function ******************
('func_count:', 43)
("func_name '", 'post_fl_thinking', "'")
('err_func:', '/data/maliha/decompilation/data/error_without_patch/ida/speccpu/gcc/O0/sjeng-gcc-O0-compilation-errors/post_fl_thinking')
('err_funcfile:', '/data/maliha/decompilation/data/error_without_patch/ida/speccpu/gcc/O0/sjeng-gcc-O0-compilation-errors/post_fl_thinking')
('error:', 'clang: error: linker command failed with exit code 1 (use -v to see invocation)')
***************** Next Function ******************
('func_count:', 44)
("func_name '", 'select_most_proving', "'")
('err_func:', '/data/maliha/decompilation/data/error_without_patch/ida/speccpu/gcc/O0/sjeng-gcc-O0-compilation-errors/select_most_proving')
('err_funcfile:', '/data/maliha/decompilation/data/error_without_patch/ida/speccpu/gcc/O0/sjeng-gcc-O0-compilation-errors/select_most_proving')
***************** Next Function ******************
('func_count:', 45)
("func_name '", 'GreetPartner', "'")
('err_func:', '/data/maliha/decompilation/data/error_without_patch/ida/speccpu/gcc/O0/sjeng-gcc-O0-compilation-errors/GreetPartner')
('err_funcfile:', '/data/maliha/decompilation/data/error_without_patch/ida/speccpu/gcc/O0/sjeng-gcc-O0-compilation-errors/GreetPartner')
***************** Next Function ******************
('func_count:', 46)
("func_name '", 'allocate_time', "'")
('err_func:', '/data/maliha/decompilation/data/error_without_patch/ida/speccpu/gcc/O0/sjeng-gcc-O0-compilation-errors/allocate_time')
('err_funcfile:', '/data/maliha/decompilation/data/error_without_patch/ida/speccpu/gcc/O0/sjeng-gcc-O0-compilation-errors/allocate_time')
***************** Next Function ******************
('func_count:', 47)
("func_name '", 'PutPiece', "'")
('err_func:', '/data/maliha/decompilation/data/error_without_patch/ida/speccpu/gcc/O0/sjeng-gcc-O0-compilation-errors/PutPiece')
('err_funcfile:', '/data/maliha/decompilation/data/error_without_patch/ida/speccpu/gcc/O0/sjeng-gcc-O0-compilation-errors/PutPiece')
***************** Next Function ******************
('func_count:', 48)
("func_name '", 'Xmalloc', "'")
('err_func:', '/data/maliha/decompilation/data/error_without_patch/ida/speccpu/gcc/O0/sjeng-gcc-O0-compilation-errors/Xmalloc')
('err_funcfile:', '/data/maliha/decompilation/data/error_without_patch/ida/speccpu/gcc/O0/sjeng-gcc-O0-compilation-errors/Xmalloc')
***************** Next Function ******************
('func_count:', 49)
("func_name '", 'std_eval', "'")
('err_func:', '/data/maliha/decompilation/data/error_without_patch/ida/speccpu/gcc/O0/sjeng-gcc-O0-compilation-errors/std_eval')
('err_funcfile:', '/data/maliha/decompilation/data/error_without_patch/ida/speccpu/gcc/O0/sjeng-gcc-O0-compilation-errors/std_eval')
('error:', "/home/yanlin/my-projects/decompilation/source_code/recompiled/IDA/speccpu/gcc/O0/sjeng-gcc-O0/std_eval/src/neval.c:397:3: error: unknown type name '__int64'; did you mean '__int64_t'?")
('error:', "/home/yanlin/my-projects/decompilation/source_code/recompiled/IDA/speccpu/gcc/O0/sjeng-gcc-O0/std_eval/src/neval.c:487:36: error: expected ')'")
('error:', "/home/yanlin/my-projects/decompilation/source_code/recompiled/IDA/speccpu/gcc/O0/sjeng-gcc-O0/std_eval/src/neval.c:501:36: error: expected ')'")
('error:', "/home/yanlin/my-projects/decompilation/source_code/recompiled/IDA/speccpu/gcc/O0/sjeng-gcc-O0/std_eval/src/neval.c:545:37: error: expected ')'")
***************** Next Function ******************
('func_count:', 50)
("func_name '", 'storeECache', "'")
('err_func:', '/data/maliha/decompilation/data/error_without_patch/ida/speccpu/gcc/O0/sjeng-gcc-O0-compilation-errors/storeECache')
('err_funcfile:', '/data/maliha/decompilation/data/error_without_patch/ida/speccpu/gcc/O0/sjeng-gcc-O0-compilation-errors/storeECache')
***************** Next Function ******************
('func_count:', 51)
("func_name '", 'proofnumbercheck', "'")
('err_func:', '/data/maliha/decompilation/data/error_without_patch/ida/speccpu/gcc/O0/sjeng-gcc-O0-compilation-errors/proofnumbercheck')
('err_funcfile:', '/data/maliha/decompilation/data/error_without_patch/ida/speccpu/gcc/O0/sjeng-gcc-O0-compilation-errors/proofnumbercheck')
('error:', "/home/yanlin/my-projects/decompilation/source_code/recompiled/IDA/speccpu/gcc/O0/sjeng-gcc-O0/proofnumbercheck/src/proof.c:1486:17: error: conflicting types for 'proofnumbercheck'")
('error:', "/home/yanlin/my-projects/decompilation/source_code/recompiled/IDA/speccpu/gcc/O0/sjeng-gcc-O0/proofnumbercheck/src/proof.c:1488:3: error: unknown type name '__int64'; did you mean '__int64_t'?")
('error:', "/home/yanlin/my-projects/decompilation/source_code/recompiled/IDA/speccpu/gcc/O0/sjeng-gcc-O0/proofnumbercheck/src/proof.c:1490:3: error: unknown type name '__int64'; did you mean '__int64_t'?")
('error:', '/home/yanlin/my-projects/decompilation/source_code/recompiled/IDA/speccpu/gcc/O0/sjeng-gcc-O0/proofnumbercheck/src/proof.c:1500:21: error: expected expression')
('error:', "/home/yanlin/my-projects/decompilation/source_code/recompiled/IDA/speccpu/gcc/O0/sjeng-gcc-O0/proofnumbercheck/src/proof.c:1500:13: error: use of undeclared identifier '_QWORD'")
('error:', '/home/yanlin/my-projects/decompilation/source_code/recompiled/IDA/speccpu/gcc/O0/sjeng-gcc-O0/proofnumbercheck/src/proof.c:1501:16: error: expected expression')
('error:', "/home/yanlin/my-projects/decompilation/source_code/recompiled/IDA/speccpu/gcc/O0/sjeng-gcc-O0/proofnumbercheck/src/proof.c:1501:8: error: use of undeclared identifier '_QWORD'")
('error:', '/home/yanlin/my-projects/decompilation/source_code/recompiled/IDA/speccpu/gcc/O0/sjeng-gcc-O0/proofnumbercheck/src/proof.c:1501:44: error: expected expression')
('error:', "/home/yanlin/my-projects/decompilation/source_code/recompiled/IDA/speccpu/gcc/O0/sjeng-gcc-O0/proofnumbercheck/src/proof.c:1501:36: error: use of undeclared identifier '_QWORD'")
('error:', '/home/yanlin/my-projects/decompilation/source_code/recompiled/IDA/speccpu/gcc/O0/sjeng-gcc-O0/proofnumbercheck/src/proof.c:1502:16: error: expected expression')
('error:', "/home/yanlin/my-projects/decompilation/source_code/recompiled/IDA/speccpu/gcc/O0/sjeng-gcc-O0/proofnumbercheck/src/proof.c:1502:8: error: use of undeclared identifier '_QWORD'")
('error:', '/home/yanlin/my-projects/decompilation/source_code/recompiled/IDA/speccpu/gcc/O0/sjeng-gcc-O0/proofnumbercheck/src/proof.c:1503:16: error: expected expression')
('error:', "/home/yanlin/my-projects/decompilation/source_code/recompiled/IDA/speccpu/gcc/O0/sjeng-gcc-O0/proofnumbercheck/src/proof.c:1503:8: error: use of undeclared identifier '_QWORD'")
('error:', '/home/yanlin/my-projects/decompilation/source_code/recompiled/IDA/speccpu/gcc/O0/sjeng-gcc-O0/proofnumbercheck/src/proof.c:1503:47: error: expected expression')
('error:', "/home/yanlin/my-projects/decompilation/source_code/recompiled/IDA/speccpu/gcc/O0/sjeng-gcc-O0/proofnumbercheck/src/proof.c:1503:39: error: use of undeclared identifier '_QWORD'")
('error:', "/home/yanlin/my-projects/decompilation/source_code/recompiled/IDA/speccpu/gcc/O0/sjeng-gcc-O0/proofnumbercheck/src/proof.c:1517:26: error: expected ')'")
('error:', "/home/yanlin/my-projects/decompilation/source_code/recompiled/IDA/speccpu/gcc/O0/sjeng-gcc-O0/proofnumbercheck/src/proof.c:1525:50: error: expected ')'")
('error:', "/home/yanlin/my-projects/decompilation/source_code/recompiled/IDA/speccpu/gcc/O0/sjeng-gcc-O0/proofnumbercheck/src/proof.c:1539:39: error: expected ')'")
('error:', "/home/yanlin/my-projects/decompilation/source_code/recompiled/IDA/speccpu/gcc/O0/sjeng-gcc-O0/proofnumbercheck/src/proof.c:1539:85: error: expected ')'")
***************** Next Function ******************
('func_count:', 52)
("func_name '", 'is_draw', "'")
('err_func:', '/data/maliha/decompilation/data/error_without_patch/ida/speccpu/gcc/O0/sjeng-gcc-O0-compilation-errors/is_draw')
('err_funcfile:', '/data/maliha/decompilation/data/error_without_patch/ida/speccpu/gcc/O0/sjeng-gcc-O0-compilation-errors/is_draw')
***************** Next Function ******************
('func_count:', 53)
("func_name '", 'checkECache', "'")
('err_func:', '/data/maliha/decompilation/data/error_without_patch/ida/speccpu/gcc/O0/sjeng-gcc-O0-compilation-errors/checkECache')
('err_funcfile:', '/data/maliha/decompilation/data/error_without_patch/ida/speccpu/gcc/O0/sjeng-gcc-O0-compilation-errors/checkECache')
***************** Next Function ******************
('func_count:', 54)
("func_name '", 'losers_pn_eval', "'")
('err_func:', '/data/maliha/decompilation/data/error_without_patch/ida/speccpu/gcc/O0/sjeng-gcc-O0-compilation-errors/losers_pn_eval')
('err_funcfile:', '/data/maliha/decompilation/data/error_without_patch/ida/speccpu/gcc/O0/sjeng-gcc-O0-compilation-errors/losers_pn_eval')
***************** Next Function ******************
('func_count:', 55)
("func_name '", 'verify_coord', "'")
('err_func:', '/data/maliha/decompilation/data/error_without_patch/ida/speccpu/gcc/O0/sjeng-gcc-O0-compilation-errors/verify_coord')
('err_funcfile:', '/data/maliha/decompilation/data/error_without_patch/ida/speccpu/gcc/O0/sjeng-gcc-O0-compilation-errors/verify_coord')
('error:', "/home/yanlin/my-projects/decompilation/source_code/recompiled/IDA/speccpu/gcc/O0/sjeng-gcc-O0/verify_coord/src/utils.c:968:3: error: unknown type name '__int64'; did you mean '__int64_t'?")
('error:', "/home/yanlin/my-projects/decompilation/source_code/recompiled/IDA/speccpu/gcc/O0/sjeng-gcc-O0/verify_coord/src/utils.c:969:3: error: unknown type name '__int64'; did you mean '__int64_t'?")
('error:', '/home/yanlin/my-projects/decompilation/source_code/recompiled/IDA/speccpu/gcc/O0/sjeng-gcc-O0/verify_coord/src/utils.c:1020:25: error: expected expression')
('error:', "/home/yanlin/my-projects/decompilation/source_code/recompiled/IDA/speccpu/gcc/O0/sjeng-gcc-O0/verify_coord/src/utils.c:1020:17: error: use of undeclared identifier '_QWORD'")
('error:', '/home/yanlin/my-projects/decompilation/source_code/recompiled/IDA/speccpu/gcc/O0/sjeng-gcc-O0/verify_coord/src/utils.c:1021:20: error: expected expression')
('error:', "/home/yanlin/my-projects/decompilation/source_code/recompiled/IDA/speccpu/gcc/O0/sjeng-gcc-O0/verify_coord/src/utils.c:1021:12: error: use of undeclared identifier '_QWORD'")
('error:', '/home/yanlin/my-projects/decompilation/source_code/recompiled/IDA/speccpu/gcc/O0/sjeng-gcc-O0/verify_coord/src/utils.c:1021:46: error: expected expression')
('error:', "/home/yanlin/my-projects/decompilation/source_code/recompiled/IDA/speccpu/gcc/O0/sjeng-gcc-O0/verify_coord/src/utils.c:1021:38: error: use of undeclared identifier '_QWORD'")
('error:', '/home/yanlin/my-projects/decompilation/source_code/recompiled/IDA/speccpu/gcc/O0/sjeng-gcc-O0/verify_coord/src/utils.c:1022:20: error: expected expression')
('error:', "/home/yanlin/my-projects/decompilation/source_code/recompiled/IDA/speccpu/gcc/O0/sjeng-gcc-O0/verify_coord/src/utils.c:1022:12: error: use of undeclared identifier '_QWORD'")
('error:', '/home/yanlin/my-projects/decompilation/source_code/recompiled/IDA/speccpu/gcc/O0/sjeng-gcc-O0/verify_coord/src/utils.c:1023:20: error: expected expression')
('error:', "/home/yanlin/my-projects/decompilation/source_code/recompiled/IDA/speccpu/gcc/O0/sjeng-gcc-O0/verify_coord/src/utils.c:1023:12: error: use of undeclared identifier '_QWORD'")
('error:', '/home/yanlin/my-projects/decompilation/source_code/recompiled/IDA/speccpu/gcc/O0/sjeng-gcc-O0/verify_coord/src/utils.c:1023:49: error: expected expression')
('error:', "/home/yanlin/my-projects/decompilation/source_code/recompiled/IDA/speccpu/gcc/O0/sjeng-gcc-O0/verify_coord/src/utils.c:1023:41: error: use of undeclared identifier '_QWORD'")
***************** Next Function ******************
('func_count:', 56)
("func_name '", 'CheckBadFlow', "'")
('err_func:', '/data/maliha/decompilation/data/error_without_patch/ida/speccpu/gcc/O0/sjeng-gcc-O0-compilation-errors/CheckBadFlow')
('err_funcfile:', '/data/maliha/decompilation/data/error_without_patch/ida/speccpu/gcc/O0/sjeng-gcc-O0-compilation-errors/CheckBadFlow')
('error:', "/home/yanlin/my-projects/decompilation/source_code/recompiled/IDA/speccpu/gcc/O0/sjeng-gcc-O0/CheckBadFlow/src/partner.c:528:5: error: use of undeclared identifier 'pawnmated_4'; did you mean 'pawnmates'?")
('error:', "/home/yanlin/my-projects/decompilation/source_code/recompiled/IDA/speccpu/gcc/O0/sjeng-gcc-O0/CheckBadFlow/src/partner.c:529:5: error: use of undeclared identifier 'knightmated_3'; did you mean 'knightmates'?")
('error:', "/home/yanlin/my-projects/decompilation/source_code/recompiled/IDA/speccpu/gcc/O0/sjeng-gcc-O0/CheckBadFlow/src/partner.c:530:5: error: use of undeclared identifier 'bishopmated_2'; did you mean 'bishopmates'?")
('error:', "/home/yanlin/my-projects/decompilation/source_code/recompiled/IDA/speccpu/gcc/O0/sjeng-gcc-O0/CheckBadFlow/src/partner.c:531:5: error: use of undeclared identifier 'rookmated_1'; did you mean 'rookmates'?")
('error:', "/home/yanlin/my-projects/decompilation/source_code/recompiled/IDA/speccpu/gcc/O0/sjeng-gcc-O0/CheckBadFlow/src/partner.c:532:5: error: use of undeclared identifier 'queenmated_0'; did you mean 'queenmates'?")
('error:', "/home/yanlin/my-projects/decompilation/source_code/recompiled/IDA/speccpu/gcc/O0/sjeng-gcc-O0/CheckBadFlow/src/partner.c:727:24: error: use of undeclared identifier 'pawnmated_4'; did you mean 'pawnmates'?")
('error:', "/home/yanlin/my-projects/decompilation/source_code/recompiled/IDA/speccpu/gcc/O0/sjeng-gcc-O0/CheckBadFlow/src/partner.c:733:33: error: use of undeclared identifier 'pawnmated_4'; did you mean 'pawnmates'?")
('error:', "/home/yanlin/my-projects/decompilation/source_code/recompiled/IDA/speccpu/gcc/O0/sjeng-gcc-O0/CheckBadFlow/src/partner.c:739:26: error: use of undeclared identifier 'knightmated_3'; did you mean 'knightmates'?")
('error:', "/home/yanlin/my-projects/decompilation/source_code/recompiled/IDA/speccpu/gcc/O0/sjeng-gcc-O0/CheckBadFlow/src/partner.c:745:35: error: use of undeclared identifier 'knightmated_3'; did you mean 'knightmates'?")
('error:', "/home/yanlin/my-projects/decompilation/source_code/recompiled/IDA/speccpu/gcc/O0/sjeng-gcc-O0/CheckBadFlow/src/partner.c:751:26: error: use of undeclared identifier 'bishopmated_2'; did you mean 'bishopmates'?")
('error:', "/home/yanlin/my-projects/decompilation/source_code/recompiled/IDA/speccpu/gcc/O0/sjeng-gcc-O0/CheckBadFlow/src/partner.c:757:35: error: use of undeclared identifier 'bishopmated_2'; did you mean 'bishopmates'?")
('error:', "/home/yanlin/my-projects/decompilation/source_code/recompiled/IDA/speccpu/gcc/O0/sjeng-gcc-O0/CheckBadFlow/src/partner.c:763:24: error: use of undeclared identifier 'rookmated_1'; did you mean 'rookmates'?")
('error:', "/home/yanlin/my-projects/decompilation/source_code/recompiled/IDA/speccpu/gcc/O0/sjeng-gcc-O0/CheckBadFlow/src/partner.c:769:33: error: use of undeclared identifier 'rookmated_1'; did you mean 'rookmates'?")
('error:', "/home/yanlin/my-projects/decompilation/source_code/recompiled/IDA/speccpu/gcc/O0/sjeng-gcc-O0/CheckBadFlow/src/partner.c:775:25: error: use of undeclared identifier 'queenmated_0'; did you mean 'queenmates'?")
('error:', "/home/yanlin/my-projects/decompilation/source_code/recompiled/IDA/speccpu/gcc/O0/sjeng-gcc-O0/CheckBadFlow/src/partner.c:781:34: error: use of undeclared identifier 'queenmated_0'; did you mean 'queenmates'?")
('error:', "/home/yanlin/my-projects/decompilation/source_code/recompiled/IDA/speccpu/gcc/O0/sjeng-gcc-O0/CheckBadFlow/src/partner.c:805:7: error: use of undeclared identifier 'pawnmated_4'; did you mean 'pawnmates'?")
('error:', "/home/yanlin/my-projects/decompilation/source_code/recompiled/IDA/speccpu/gcc/O0/sjeng-gcc-O0/CheckBadFlow/src/partner.c:807:9: error: use of undeclared identifier 'pawnmated_4'; did you mean 'pawnmates'?")
('error:', "/home/yanlin/my-projects/decompilation/source_code/recompiled/IDA/speccpu/gcc/O0/sjeng-gcc-O0/CheckBadFlow/src/partner.c:809:7: error: use of undeclared identifier 'bishopmated_2'; did you mean 'bishopmates'?")
('error:', "/home/yanlin/my-projects/decompilation/source_code/recompiled/IDA/speccpu/gcc/O0/sjeng-gcc-O0/CheckBadFlow/src/partner.c:811:9: error: use of undeclared identifier 'bishopmated_2'; did you mean 'bishopmates'?")
('error:', 'fatal error: too many errors emitted, stopping now [-ferror-limit=]')
***************** Next Function ******************
('func_count:', 57)
("func_name '", 'reset_board', "'")
('err_func:', '/data/maliha/decompilation/data/error_without_patch/ida/speccpu/gcc/O0/sjeng-gcc-O0-compilation-errors/reset_board')
('err_funcfile:', '/data/maliha/decompilation/data/error_without_patch/ida/speccpu/gcc/O0/sjeng-gcc-O0-compilation-errors/reset_board')
('error:', "/home/yanlin/my-projects/decompilation/source_code/recompiled/IDA/speccpu/gcc/O0/sjeng-gcc-O0/reset_board/src/utils.c:1115:26: error: use of undeclared identifier 'unk_425A40'")
('error:', '/home/yanlin/my-projects/decompilation/source_code/recompiled/IDA/speccpu/gcc/O0/sjeng-gcc-O0/reset_board/src/utils.c:1116:14: error: expected expression')
('error:', "/home/yanlin/my-projects/decompilation/source_code/recompiled/IDA/speccpu/gcc/O0/sjeng-gcc-O0/reset_board/src/utils.c:1116:6: error: use of undeclared identifier '_QWORD'")
('error:', '/home/yanlin/my-projects/decompilation/source_code/recompiled/IDA/speccpu/gcc/O0/sjeng-gcc-O0/reset_board/src/utils.c:1117:14: error: expected expression')
('error:', "/home/yanlin/my-projects/decompilation/source_code/recompiled/IDA/speccpu/gcc/O0/sjeng-gcc-O0/reset_board/src/utils.c:1117:6: error: use of undeclared identifier '_QWORD'")
('error:', '/home/yanlin/my-projects/decompilation/source_code/recompiled/IDA/speccpu/gcc/O0/sjeng-gcc-O0/reset_board/src/utils.c:1117:40: error: expected expression')
('error:', "/home/yanlin/my-projects/decompilation/source_code/recompiled/IDA/speccpu/gcc/O0/sjeng-gcc-O0/reset_board/src/utils.c:1117:32: error: use of undeclared identifier '_QWORD'")
('error:', "/home/yanlin/my-projects/decompilation/source_code/recompiled/IDA/speccpu/gcc/O0/sjeng-gcc-O0/reset_board/src/utils.c:1119:27: error: expected ')'")
('error:', "/home/yanlin/my-projects/decompilation/source_code/recompiled/IDA/speccpu/gcc/O0/sjeng-gcc-O0/reset_board/src/utils.c:1120:76: error: expected ')'")
('error:', "/home/yanlin/my-projects/decompilation/source_code/recompiled/IDA/speccpu/gcc/O0/sjeng-gcc-O0/reset_board/src/utils.c:1122:64: error: expected ')'")
***************** Next Function ******************
('func_count:', 58)
("func_name '", 'display_board', "'")
('err_func:', '/data/maliha/decompilation/data/error_without_patch/ida/speccpu/gcc/O0/sjeng-gcc-O0-compilation-errors/display_board')
('err_funcfile:', '/data/maliha/decompilation/data/error_without_patch/ida/speccpu/gcc/O0/sjeng-gcc-O0-compilation-errors/display_board')
***************** Next Function ******************
('func_count:', 59)
("func_name '", 'setup_epd_line', "'")
('err_func:', '/data/maliha/decompilation/data/error_without_patch/ida/speccpu/gcc/O0/sjeng-gcc-O0-compilation-errors/setup_epd_line')
('err_funcfile:', '/data/maliha/decompilation/data/error_without_patch/ida/speccpu/gcc/O0/sjeng-gcc-O0-compilation-errors/setup_epd_line')
('error:', "/home/yanlin/my-projects/decompilation/source_code/recompiled/IDA/speccpu/gcc/O0/sjeng-gcc-O0/setup_epd_line/src/epd.c:33:16: error: use of undeclared identifier 'rankoffsets_0'")
('error:', "/home/yanlin/my-projects/decompilation/source_code/recompiled/IDA/speccpu/gcc/O0/sjeng-gcc-O0/setup_epd_line/src/epd.c:163:22: error: use of undeclared identifier 'rankoffsets_0'")
***************** Next Function ******************
('func_count:', 60)
("func_name '", 'initialize_eval', "'")
('err_func:', '/data/maliha/decompilation/data/error_without_patch/ida/speccpu/gcc/O0/sjeng-gcc-O0-compilation-errors/initialize_eval')
('err_funcfile:', '/data/maliha/decompilation/data/error_without_patch/ida/speccpu/gcc/O0/sjeng-gcc-O0-compilation-errors/initialize_eval')
('error:', 'clang: error: linker command failed with exit code 1 (use -v to see invocation)')
***************** Next Function ******************
('func_count:', 61)
("func_name '", 'check_phase', "'")
('err_func:', '/data/maliha/decompilation/data/error_without_patch/ida/speccpu/gcc/O0/sjeng-gcc-O0-compilation-errors/check_phase')
('err_funcfile:', '/data/maliha/decompilation/data/error_without_patch/ida/speccpu/gcc/O0/sjeng-gcc-O0-compilation-errors/check_phase')
***************** Next Function ******************
('func_count:', 62)
("func_name '", 'std_pn_eval', "'")
('err_func:', '/data/maliha/decompilation/data/error_without_patch/ida/speccpu/gcc/O0/sjeng-gcc-O0-compilation-errors/std_pn_eval')
('err_funcfile:', '/data/maliha/decompilation/data/error_without_patch/ida/speccpu/gcc/O0/sjeng-gcc-O0-compilation-errors/std_pn_eval')
***************** Next Function ******************
('func_count:', 63)
("func_name '", 'perft', "'")
('err_func:', '/data/maliha/decompilation/data/error_without_patch/ida/speccpu/gcc/O0/sjeng-gcc-O0-compilation-errors/perft')
('err_funcfile:', '/data/maliha/decompilation/data/error_without_patch/ida/speccpu/gcc/O0/sjeng-gcc-O0-compilation-errors/perft')
***************** Next Function ******************
('func_count:', 64)
("func_name '", 'alloc_hash', "'")
('err_func:', '/data/maliha/decompilation/data/error_without_patch/ida/speccpu/gcc/O0/sjeng-gcc-O0-compilation-errors/alloc_hash')
('err_funcfile:', '/data/maliha/decompilation/data/error_without_patch/ida/speccpu/gcc/O0/sjeng-gcc-O0-compilation-errors/alloc_hash')
***************** Next Function ******************
('func_count:', 65)
("func_name '", 'post_fh_thinking', "'")
('err_func:', '/data/maliha/decompilation/data/error_without_patch/ida/speccpu/gcc/O0/sjeng-gcc-O0-compilation-errors/post_fh_thinking')
('err_funcfile:', '/data/maliha/decompilation/data/error_without_patch/ida/speccpu/gcc/O0/sjeng-gcc-O0-compilation-errors/post_fh_thinking')
('error:', 'clang: error: linker command failed with exit code 1 (use -v to see invocation)')
***************** Next Function ******************
('func_count:', 66)
("func_name '", 'push_slidE', "'")
('err_func:', '/data/maliha/decompilation/data/error_without_patch/ida/speccpu/gcc/O0/sjeng-gcc-O0-compilation-errors/push_slidE')
('err_funcfile:', '/data/maliha/decompilation/data/error_without_patch/ida/speccpu/gcc/O0/sjeng-gcc-O0-compilation-errors/push_slidE')
***************** Next Function ******************
('func_count:', 67)
("func_name '", 'white_saccers', "'")
('err_func:', '/data/maliha/decompilation/data/error_without_patch/ida/speccpu/gcc/O0/sjeng-gcc-O0-compilation-errors/white_saccers')
('err_funcfile:', '/data/maliha/decompilation/data/error_without_patch/ida/speccpu/gcc/O0/sjeng-gcc-O0-compilation-errors/white_saccers')
('error:', "/home/yanlin/my-projects/decompilation/source_code/recompiled/IDA/speccpu/gcc/O0/sjeng-gcc-O0/white_saccers/src/seval.c:187:3: error: use of undeclared identifier '_BOOL4'")
('error:', "/home/yanlin/my-projects/decompilation/source_code/recompiled/IDA/speccpu/gcc/O0/sjeng-gcc-O0/white_saccers/src/seval.c:190:3: error: use of undeclared identifier 'v1'")
('error:', "/home/yanlin/my-projects/decompilation/source_code/recompiled/IDA/speccpu/gcc/O0/sjeng-gcc-O0/white_saccers/src/seval.c:195:5: error: use of undeclared identifier 'v1'")
('error:', "/home/yanlin/my-projects/decompilation/source_code/recompiled/IDA/speccpu/gcc/O0/sjeng-gcc-O0/white_saccers/src/seval.c:199:5: error: use of undeclared identifier 'v1'")
('error:', "/home/yanlin/my-projects/decompilation/source_code/recompiled/IDA/speccpu/gcc/O0/sjeng-gcc-O0/white_saccers/src/seval.c:201:10: error: use of undeclared identifier 'v1'")
('error:', "/home/yanlin/my-projects/decompilation/source_code/recompiled/IDA/speccpu/gcc/O0/sjeng-gcc-O0/white_saccers/src/seval.c:202:5: error: use of undeclared identifier 'v1'")
('error:', "/home/yanlin/my-projects/decompilation/source_code/recompiled/IDA/speccpu/gcc/O0/sjeng-gcc-O0/white_saccers/src/seval.c:203:10: error: use of undeclared identifier 'v1'")
('error:', "/home/yanlin/my-projects/decompilation/source_code/recompiled/IDA/speccpu/gcc/O0/sjeng-gcc-O0/white_saccers/src/seval.c:209:5: error: use of undeclared identifier 'v1'")
('error:', "/home/yanlin/my-projects/decompilation/source_code/recompiled/IDA/speccpu/gcc/O0/sjeng-gcc-O0/white_saccers/src/seval.c:211:10: error: use of undeclared identifier 'v1'")
('error:', "/home/yanlin/my-projects/decompilation/source_code/recompiled/IDA/speccpu/gcc/O0/sjeng-gcc-O0/white_saccers/src/seval.c:213:9: error: use of undeclared identifier 'v1'")
***************** Next Function ******************
('func_count:', 68)
("func_name '", 'reset_piece_square', "'")
('err_func:', '/data/maliha/decompilation/data/error_without_patch/ida/speccpu/gcc/O0/sjeng-gcc-O0-compilation-errors/reset_piece_square')
('err_funcfile:', '/data/maliha/decompilation/data/error_without_patch/ida/speccpu/gcc/O0/sjeng-gcc-O0-compilation-errors/reset_piece_square')
***************** Next Function ******************
('func_count:', 69)
("func_name '", 'HandlePartner', "'")
('err_func:', '/data/maliha/decompilation/data/error_without_patch/ida/speccpu/gcc/O0/sjeng-gcc-O0-compilation-errors/HandlePartner')
('err_funcfile:', '/data/maliha/decompilation/data/error_without_patch/ida/speccpu/gcc/O0/sjeng-gcc-O0-compilation-errors/HandlePartner')
***************** Next Function ******************
('func_count:', 70)
("func_name '", 'run_autotest', "'")
('err_func:', '/data/maliha/decompilation/data/error_without_patch/ida/speccpu/gcc/O0/sjeng-gcc-O0-compilation-errors/run_autotest')
('err_funcfile:', '/data/maliha/decompilation/data/error_without_patch/ida/speccpu/gcc/O0/sjeng-gcc-O0-compilation-errors/run_autotest')
('error:', "/home/yanlin/my-projects/decompilation/source_code/recompiled/IDA/speccpu/gcc/O0/sjeng-gcc-O0/run_autotest/src/epd.c:297:14: error: variable has incomplete type 'void'")
('error:', "/home/yanlin/my-projects/decompilation/source_code/recompiled/IDA/speccpu/gcc/O0/sjeng-gcc-O0/run_autotest/src/epd.c:297:24: error: expected ';' after top level declarator")
***************** Next Function ******************
('func_count:', 71)
("func_name '", 's_bishop_mobility', "'")
('err_func:', '/data/maliha/decompilation/data/error_without_patch/ida/speccpu/gcc/O0/sjeng-gcc-O0-compilation-errors/s_bishop_mobility')
('err_funcfile:', '/data/maliha/decompilation/data/error_without_patch/ida/speccpu/gcc/O0/sjeng-gcc-O0-compilation-errors/s_bishop_mobility')
***************** Next Function ******************
('func_count:', 72)
("func_name '", 'SwitchColor', "'")
('err_func:', '/data/maliha/decompilation/data/error_without_patch/ida/speccpu/gcc/O0/sjeng-gcc-O0-compilation-errors/SwitchColor')
('err_funcfile:', '/data/maliha/decompilation/data/error_without_patch/ida/speccpu/gcc/O0/sjeng-gcc-O0-compilation-errors/SwitchColor')
***************** Next Function ******************
('func_count:', 73)
("func_name '", 'in_check', "'")
('err_func:', '/data/maliha/decompilation/data/error_without_patch/ida/speccpu/gcc/O0/sjeng-gcc-O0-compilation-errors/in_check')
('err_funcfile:', '/data/maliha/decompilation/data/error_without_patch/ida/speccpu/gcc/O0/sjeng-gcc-O0-compilation-errors/in_check')
***************** Next Function ******************
('func_count:', 74)
("func_name '", 'QStoreTT', "'")
('err_func:', '/data/maliha/decompilation/data/error_without_patch/ida/speccpu/gcc/O0/sjeng-gcc-O0-compilation-errors/QStoreTT')
('err_funcfile:', '/data/maliha/decompilation/data/error_without_patch/ida/speccpu/gcc/O0/sjeng-gcc-O0-compilation-errors/QStoreTT')
***************** Next Function ******************
('func_count:', 75)
("func_name '", 'SwitchPromoted', "'")
('err_func:', '/data/maliha/decompilation/data/error_without_patch/ida/speccpu/gcc/O0/sjeng-gcc-O0-compilation-errors/SwitchPromoted')
('err_funcfile:', '/data/maliha/decompilation/data/error_without_patch/ida/speccpu/gcc/O0/sjeng-gcc-O0-compilation-errors/SwitchPromoted')
***************** Next Function ******************
('func_count:', 76)
("func_name '", 'push_pawn_simple', "'")
('err_func:', '/data/maliha/decompilation/data/error_without_patch/ida/speccpu/gcc/O0/sjeng-gcc-O0-compilation-errors/push_pawn_simple')
('err_funcfile:', '/data/maliha/decompilation/data/error_without_patch/ida/speccpu/gcc/O0/sjeng-gcc-O0-compilation-errors/push_pawn_simple')
***************** Next Function ******************
('func_count:', 77)
("func_name '", 'gen', "'")
('err_func:', '/data/maliha/decompilation/data/error_without_patch/ida/speccpu/gcc/O0/sjeng-gcc-O0-compilation-errors/gen')
('err_funcfile:', '/data/maliha/decompilation/data/error_without_patch/ida/speccpu/gcc/O0/sjeng-gcc-O0-compilation-errors/gen')
***************** Next Function ******************
('func_count:', 78)
("func_name '", 'suicide_pn_eval', "'")
('err_func:', '/data/maliha/decompilation/data/error_without_patch/ida/speccpu/gcc/O0/sjeng-gcc-O0-compilation-errors/suicide_pn_eval')
('err_funcfile:', '/data/maliha/decompilation/data/error_without_patch/ida/speccpu/gcc/O0/sjeng-gcc-O0-compilation-errors/suicide_pn_eval')
***************** Next Function ******************
('func_count:', 79)
("func_name '", 'set_proof_and_disproof_numbers', "'")
('err_func:', '/data/maliha/decompilation/data/error_without_patch/ida/speccpu/gcc/O0/sjeng-gcc-O0-compilation-errors/set_proof_and_disproof_numbers')
('err_funcfile:', '/data/maliha/decompilation/data/error_without_patch/ida/speccpu/gcc/O0/sjeng-gcc-O0-compilation-errors/set_proof_and_disproof_numbers')
***************** Next Function ******************
('func_count:', 80)
("func_name '", 'initialize_hash', "'")
('err_func:', '/data/maliha/decompilation/data/error_without_patch/ida/speccpu/gcc/O0/sjeng-gcc-O0-compilation-errors/initialize_hash')
('err_funcfile:', '/data/maliha/decompilation/data/error_without_patch/ida/speccpu/gcc/O0/sjeng-gcc-O0-compilation-errors/initialize_hash')
***************** Next Function ******************
('func_count:', 81)
("func_name '", 'order_moves', "'")
('err_func:', '/data/maliha/decompilation/data/error_without_patch/ida/speccpu/gcc/O0/sjeng-gcc-O0-compilation-errors/order_moves')
('err_funcfile:', '/data/maliha/decompilation/data/error_without_patch/ida/speccpu/gcc/O0/sjeng-gcc-O0-compilation-errors/order_moves')
('error:', "/home/yanlin/my-projects/decompilation/source_code/recompiled/IDA/speccpu/gcc/O0/sjeng-gcc-O0/order_moves/src/search.c:56:3: error: unknown type name '__int64'; did you mean '__int64_t'?")
('error:', "/home/yanlin/my-projects/decompilation/source_code/recompiled/IDA/speccpu/gcc/O0/sjeng-gcc-O0/order_moves/src/search.c:57:3: error: unknown type name '__int64'; did you mean '__int64_t'?")
('error:', "/home/yanlin/my-projects/decompilation/source_code/recompiled/IDA/speccpu/gcc/O0/sjeng-gcc-O0/order_moves/src/search.c:58:3: error: unknown type name '__int64'; did you mean '__int64_t'?")
('error:', "/home/yanlin/my-projects/decompilation/source_code/recompiled/IDA/speccpu/gcc/O0/sjeng-gcc-O0/order_moves/src/search.c:59:3: error: unknown type name '__int64'; did you mean '__int64_t'?")
('error:', "/home/yanlin/my-projects/decompilation/source_code/recompiled/IDA/speccpu/gcc/O0/sjeng-gcc-O0/order_moves/src/search.c:60:3: error: unknown type name '__int64'; did you mean '__int64_t'?")
('error:', "/home/yanlin/my-projects/decompilation/source_code/recompiled/IDA/speccpu/gcc/O0/sjeng-gcc-O0/order_moves/src/search.c:61:3: error: unknown type name '__int64'; did you mean '__int64_t'?")
('error:', "/home/yanlin/my-projects/decompilation/source_code/recompiled/IDA/speccpu/gcc/O0/sjeng-gcc-O0/order_moves/src/search.c:62:3: error: unknown type name '__int64'; did you mean '__int64_t'?")
('error:', "/home/yanlin/my-projects/decompilation/source_code/recompiled/IDA/speccpu/gcc/O0/sjeng-gcc-O0/order_moves/src/search.c:63:3: error: unknown type name '__int64'; did you mean '__int64_t'?")
('error:', "/home/yanlin/my-projects/decompilation/source_code/recompiled/IDA/speccpu/gcc/O0/sjeng-gcc-O0/order_moves/src/search.c:64:3: error: unknown type name '__int64'; did you mean '__int64_t'?")
('error:', "/home/yanlin/my-projects/decompilation/source_code/recompiled/IDA/speccpu/gcc/O0/sjeng-gcc-O0/order_moves/src/search.c:65:3: error: unknown type name '__int64'; did you mean '__int64_t'?")
('error:', "/home/yanlin/my-projects/decompilation/source_code/recompiled/IDA/speccpu/gcc/O0/sjeng-gcc-O0/order_moves/src/search.c:66:3: error: unknown type name '__int64'; did you mean '__int64_t'?")
('error:', "/home/yanlin/my-projects/decompilation/source_code/recompiled/IDA/speccpu/gcc/O0/sjeng-gcc-O0/order_moves/src/search.c:73:3: error: unknown type name '__int64'; did you mean '__int64_t'?")
('error:', "/home/yanlin/my-projects/decompilation/source_code/recompiled/IDA/speccpu/gcc/O0/sjeng-gcc-O0/order_moves/src/search.c:74:3: error: unknown type name '__int64'; did you mean '__int64_t'?")
('error:', '/home/yanlin/my-projects/decompilation/source_code/recompiled/IDA/speccpu/gcc/O0/sjeng-gcc-O0/order_moves/src/search.c:85:24: error: expression is not assignable')
('error:', '/home/yanlin/my-projects/decompilation/source_code/recompiled/IDA/speccpu/gcc/O0/sjeng-gcc-O0/order_moves/src/search.c:86:24: error: expression is not assignable')
('error:', '/home/yanlin/my-projects/decompilation/source_code/recompiled/IDA/speccpu/gcc/O0/sjeng-gcc-O0/order_moves/src/search.c:180:23: error: expression is not assignable')
('error:', '/home/yanlin/my-projects/decompilation/source_code/recompiled/IDA/speccpu/gcc/O0/sjeng-gcc-O0/order_moves/src/search.c:181:23: error: expression is not assignable')
***************** Next Function ******************
('func_count:', 82)
("func_name '", 'QProbeTT', "'")
('err_func:', '/data/maliha/decompilation/data/error_without_patch/ida/speccpu/gcc/O0/sjeng-gcc-O0-compilation-errors/QProbeTT')
('err_funcfile:', '/data/maliha/decompilation/data/error_without_patch/ida/speccpu/gcc/O0/sjeng-gcc-O0-compilation-errors/QProbeTT')
***************** Next Function ******************
('func_count:', 83)
("func_name '", 'add_move', "'")
('err_func:', '/data/maliha/decompilation/data/error_without_patch/ida/speccpu/gcc/O0/sjeng-gcc-O0-compilation-errors/add_move')
('err_funcfile:', '/data/maliha/decompilation/data/error_without_patch/ida/speccpu/gcc/O0/sjeng-gcc-O0-compilation-errors/add_move')
***************** Next Function ******************
('func_count:', 84)
("func_name '", 'post_thinking', "'")
('err_func:', '/data/maliha/decompilation/data/error_without_patch/ida/speccpu/gcc/O0/sjeng-gcc-O0-compilation-errors/post_thinking')
('err_funcfile:', '/data/maliha/decompilation/data/error_without_patch/ida/speccpu/gcc/O0/sjeng-gcc-O0-compilation-errors/post_thinking')
('error:', '/home/yanlin/my-projects/decompilation/source_code/recompiled/IDA/speccpu/gcc/O0/sjeng-gcc-O0/post_thinking/src/utils.c:602:16: error: expected expression')
('error:', "/home/yanlin/my-projects/decompilation/source_code/recompiled/IDA/speccpu/gcc/O0/sjeng-gcc-O0/post_thinking/src/utils.c:602:8: error: use of undeclared identifier '_QWORD'")
('error:', '/home/yanlin/my-projects/decompilation/source_code/recompiled/IDA/speccpu/gcc/O0/sjeng-gcc-O0/post_thinking/src/utils.c:602:39: error: expected expression')
('error:', "/home/yanlin/my-projects/decompilation/source_code/recompiled/IDA/speccpu/gcc/O0/sjeng-gcc-O0/post_thinking/src/utils.c:602:31: error: use of undeclared identifier '_QWORD'")
('error:', '/home/yanlin/my-projects/decompilation/source_code/recompiled/IDA/speccpu/gcc/O0/sjeng-gcc-O0/post_thinking/src/utils.c:603:16: error: expected expression')
('error:', "/home/yanlin/my-projects/decompilation/source_code/recompiled/IDA/speccpu/gcc/O0/sjeng-gcc-O0/post_thinking/src/utils.c:603:8: error: use of undeclared identifier '_QWORD'")
('error:', '/home/yanlin/my-projects/decompilation/source_code/recompiled/IDA/speccpu/gcc/O0/sjeng-gcc-O0/post_thinking/src/utils.c:603:43: error: expected expression')
('error:', "/home/yanlin/my-projects/decompilation/source_code/recompiled/IDA/speccpu/gcc/O0/sjeng-gcc-O0/post_thinking/src/utils.c:603:35: error: use of undeclared identifier '_QWORD'")
('error:', '/home/yanlin/my-projects/decompilation/source_code/recompiled/IDA/speccpu/gcc/O0/sjeng-gcc-O0/post_thinking/src/utils.c:604:16: error: expected expression')
('error:', "/home/yanlin/my-projects/decompilation/source_code/recompiled/IDA/speccpu/gcc/O0/sjeng-gcc-O0/post_thinking/src/utils.c:604:8: error: use of undeclared identifier '_QWORD'")
('error:', '/home/yanlin/my-projects/decompilation/source_code/recompiled/IDA/speccpu/gcc/O0/sjeng-gcc-O0/post_thinking/src/utils.c:604:42: error: expected expression')
('error:', "/home/yanlin/my-projects/decompilation/source_code/recompiled/IDA/speccpu/gcc/O0/sjeng-gcc-O0/post_thinking/src/utils.c:604:34: error: use of undeclared identifier '_QWORD'")
***************** Next Function ******************
('func_count:', 85)
("func_name '", 'DropremoveHolding', "'")
('err_func:', '/data/maliha/decompilation/data/error_without_patch/ida/speccpu/gcc/O0/sjeng-gcc-O0-compilation-errors/DropremoveHolding')
('err_funcfile:', '/data/maliha/decompilation/data/error_without_patch/ida/speccpu/gcc/O0/sjeng-gcc-O0-compilation-errors/DropremoveHolding')
***************** Next Function ******************
('func_count:', 86)
("func_name '", 'comp_to_coord', "'")
('err_func:', '/data/maliha/decompilation/data/error_without_patch/ida/speccpu/gcc/O0/sjeng-gcc-O0-compilation-errors/comp_to_coord')
('err_funcfile:', '/data/maliha/decompilation/data/error_without_patch/ida/speccpu/gcc/O0/sjeng-gcc-O0-compilation-errors/comp_to_coord')
***************** Next Function ******************
('func_count:', 87)
("func_name '", 'initialize_zobrist', "'")
('err_func:', '/data/maliha/decompilation/data/error_without_patch/ida/speccpu/gcc/O0/sjeng-gcc-O0-compilation-errors/initialize_zobrist')
('err_funcfile:', '/data/maliha/decompilation/data/error_without_patch/ida/speccpu/gcc/O0/sjeng-gcc-O0-compilation-errors/initialize_zobrist')
***************** Next Function ******************
('func_count:', 88)
("func_name '", 'reset_ecache', "'")
('err_func:', '/data/maliha/decompilation/data/error_without_patch/ida/speccpu/gcc/O0/sjeng-gcc-O0-compilation-errors/reset_ecache')
('err_funcfile:', '/data/maliha/decompilation/data/error_without_patch/ida/speccpu/gcc/O0/sjeng-gcc-O0-compilation-errors/reset_ecache')
***************** Next Function ******************
('func_count:', 89)
("func_name '", 's_rook_mobility', "'")
('err_func:', '/data/maliha/decompilation/data/error_without_patch/ida/speccpu/gcc/O0/sjeng-gcc-O0-compilation-errors/s_rook_mobility')
('err_funcfile:', '/data/maliha/decompilation/data/error_without_patch/ida/speccpu/gcc/O0/sjeng-gcc-O0-compilation-errors/s_rook_mobility')
***************** Next Function ******************
('func_count:', 90)
("func_name '", 'see', "'")
('err_func:', '/data/maliha/decompilation/data/error_without_patch/ida/speccpu/gcc/O0/sjeng-gcc-O0-compilation-errors/see')
('err_funcfile:', '/data/maliha/decompilation/data/error_without_patch/ida/speccpu/gcc/O0/sjeng-gcc-O0-compilation-errors/see')
('error:', "/home/yanlin/my-projects/decompilation/source_code/recompiled/IDA/speccpu/gcc/O0/sjeng-gcc-O0/see/src/see.c:189:3: error: unknown type name '__int64'; did you mean '__int64_t'?")
('error:', "/home/yanlin/my-projects/decompilation/source_code/recompiled/IDA/speccpu/gcc/O0/sjeng-gcc-O0/see/src/see.c:202:19: error: use of undeclared identifier '__int64'")
('error:', "/home/yanlin/my-projects/decompilation/source_code/recompiled/IDA/speccpu/gcc/O0/sjeng-gcc-O0/see/src/see.c:202:27: error: expected ']'")
('error:', "/home/yanlin/my-projects/decompilation/source_code/recompiled/IDA/speccpu/gcc/O0/sjeng-gcc-O0/see/src/see.c:203:19: error: use of undeclared identifier '__int64'")
('error:', "/home/yanlin/my-projects/decompilation/source_code/recompiled/IDA/speccpu/gcc/O0/sjeng-gcc-O0/see/src/see.c:203:27: error: expected ']'")
***************** Next Function ******************
('func_count:', 91)
("func_name '", 'stringize_pv', "'")
('err_func:', '/data/maliha/decompilation/data/error_without_patch/ida/speccpu/gcc/O0/sjeng-gcc-O0-compilation-errors/stringize_pv')
('err_funcfile:', '/data/maliha/decompilation/data/error_without_patch/ida/speccpu/gcc/O0/sjeng-gcc-O0-compilation-errors/stringize_pv')
('error:', '/home/yanlin/my-projects/decompilation/source_code/recompiled/IDA/speccpu/gcc/O0/sjeng-gcc-O0/stringize_pv/src/utils.c:537:16: error: expected expression')
('error:', "/home/yanlin/my-projects/decompilation/source_code/recompiled/IDA/speccpu/gcc/O0/sjeng-gcc-O0/stringize_pv/src/utils.c:537:8: error: use of undeclared identifier '_QWORD'")
('error:', '/home/yanlin/my-projects/decompilation/source_code/recompiled/IDA/speccpu/gcc/O0/sjeng-gcc-O0/stringize_pv/src/utils.c:537:39: error: expected expression')
('error:', "/home/yanlin/my-projects/decompilation/source_code/recompiled/IDA/speccpu/gcc/O0/sjeng-gcc-O0/stringize_pv/src/utils.c:537:31: error: use of undeclared identifier '_QWORD'")
('error:', '/home/yanlin/my-projects/decompilation/source_code/recompiled/IDA/speccpu/gcc/O0/sjeng-gcc-O0/stringize_pv/src/utils.c:538:16: error: expected expression')
('error:', "/home/yanlin/my-projects/decompilation/source_code/recompiled/IDA/speccpu/gcc/O0/sjeng-gcc-O0/stringize_pv/src/utils.c:538:8: error: use of undeclared identifier '_QWORD'")
('error:', '/home/yanlin/my-projects/decompilation/source_code/recompiled/IDA/speccpu/gcc/O0/sjeng-gcc-O0/stringize_pv/src/utils.c:538:43: error: expected expression')
('error:', "/home/yanlin/my-projects/decompilation/source_code/recompiled/IDA/speccpu/gcc/O0/sjeng-gcc-O0/stringize_pv/src/utils.c:538:35: error: use of undeclared identifier '_QWORD'")
('error:', '/home/yanlin/my-projects/decompilation/source_code/recompiled/IDA/speccpu/gcc/O0/sjeng-gcc-O0/stringize_pv/src/utils.c:539:16: error: expected expression')
('error:', "/home/yanlin/my-projects/decompilation/source_code/recompiled/IDA/speccpu/gcc/O0/sjeng-gcc-O0/stringize_pv/src/utils.c:539:8: error: use of undeclared identifier '_QWORD'")
('error:', '/home/yanlin/my-projects/decompilation/source_code/recompiled/IDA/speccpu/gcc/O0/sjeng-gcc-O0/stringize_pv/src/utils.c:539:42: error: expected expression')
('error:', "/home/yanlin/my-projects/decompilation/source_code/recompiled/IDA/speccpu/gcc/O0/sjeng-gcc-O0/stringize_pv/src/utils.c:539:34: error: use of undeclared identifier '_QWORD'")
('error:', '/home/yanlin/my-projects/decompilation/source_code/recompiled/IDA/speccpu/gcc/O0/sjeng-gcc-O0/stringize_pv/src/utils.c:543:15: error: expected expression')
('error:', "/home/yanlin/my-projects/decompilation/source_code/recompiled/IDA/speccpu/gcc/O0/sjeng-gcc-O0/stringize_pv/src/utils.c:543:8: error: use of undeclared identifier '_WORD'")
***************** Next Function ******************
('func_count:', 92)
("func_name '", 'StoreTT', "'")
('err_func:', '/data/maliha/decompilation/data/error_without_patch/ida/speccpu/gcc/O0/sjeng-gcc-O0-compilation-errors/StoreTT')
('err_funcfile:', '/data/maliha/decompilation/data/error_without_patch/ida/speccpu/gcc/O0/sjeng-gcc-O0-compilation-errors/StoreTT')
***************** Next Function ******************
('func_count:', 93)
("func_name '", 'hash_extract_pv', "'")
('err_func:', '/data/maliha/decompilation/data/error_without_patch/ida/speccpu/gcc/O0/sjeng-gcc-O0-compilation-errors/hash_extract_pv')
('err_funcfile:', '/data/maliha/decompilation/data/error_without_patch/ida/speccpu/gcc/O0/sjeng-gcc-O0-compilation-errors/hash_extract_pv')
('error:', '/home/yanlin/my-projects/decompilation/source_code/recompiled/IDA/speccpu/gcc/O0/sjeng-gcc-O0/hash_extract_pv/src/utils.c:514:19: error: expected expression')
('error:', "/home/yanlin/my-projects/decompilation/source_code/recompiled/IDA/speccpu/gcc/O0/sjeng-gcc-O0/hash_extract_pv/src/utils.c:514:12: error: use of undeclared identifier '_WORD'")
***************** Next Function ******************
('func_count:', 94)
("func_name '", 'init_game', "'")
('err_func:', '/data/maliha/decompilation/data/error_without_patch/ida/speccpu/gcc/O0/sjeng-gcc-O0-compilation-errors/init_game')
('err_funcfile:', '/data/maliha/decompilation/data/error_without_patch/ida/speccpu/gcc/O0/sjeng-gcc-O0-compilation-errors/init_game')
('error:', "/home/yanlin/my-projects/decompilation/source_code/recompiled/IDA/speccpu/gcc/O0/sjeng-gcc-O0/init_game/src/utils.c:373:26: error: use of undeclared identifier 'unk_425340'")
('error:', '/home/yanlin/my-projects/decompilation/source_code/recompiled/IDA/speccpu/gcc/O0/sjeng-gcc-O0/init_game/src/utils.c:374:14: error: expected expression')
('error:', "/home/yanlin/my-projects/decompilation/source_code/recompiled/IDA/speccpu/gcc/O0/sjeng-gcc-O0/init_game/src/utils.c:374:6: error: use of undeclared identifier '_QWORD'")
('error:', '/home/yanlin/my-projects/decompilation/source_code/recompiled/IDA/speccpu/gcc/O0/sjeng-gcc-O0/init_game/src/utils.c:375:14: error: expected expression')
('error:', "/home/yanlin/my-projects/decompilation/source_code/recompiled/IDA/speccpu/gcc/O0/sjeng-gcc-O0/init_game/src/utils.c:375:6: error: use of undeclared identifier '_QWORD'")
('error:', '/home/yanlin/my-projects/decompilation/source_code/recompiled/IDA/speccpu/gcc/O0/sjeng-gcc-O0/init_game/src/utils.c:375:40: error: expected expression')
('error:', "/home/yanlin/my-projects/decompilation/source_code/recompiled/IDA/speccpu/gcc/O0/sjeng-gcc-O0/init_game/src/utils.c:375:32: error: use of undeclared identifier '_QWORD'")
('error:', "/home/yanlin/my-projects/decompilation/source_code/recompiled/IDA/speccpu/gcc/O0/sjeng-gcc-O0/init_game/src/utils.c:377:27: error: expected ')'")
('error:', "/home/yanlin/my-projects/decompilation/source_code/recompiled/IDA/speccpu/gcc/O0/sjeng-gcc-O0/init_game/src/utils.c:378:76: error: expected ')'")
('error:', "/home/yanlin/my-projects/decompilation/source_code/recompiled/IDA/speccpu/gcc/O0/sjeng-gcc-O0/init_game/src/utils.c:380:64: error: expected ')'")
***************** Next Function ******************
('func_count:', 95)
("func_name '", 'push_king_castle', "'")
('err_func:', '/data/maliha/decompilation/data/error_without_patch/ida/speccpu/gcc/O0/sjeng-gcc-O0-compilation-errors/push_king_castle')
('err_funcfile:', '/data/maliha/decompilation/data/error_without_patch/ida/speccpu/gcc/O0/sjeng-gcc-O0-compilation-errors/push_king_castle')
***************** Next Function ******************
('func_count:', 96)
("func_name '", 'l_king_mobility', "'")
('err_func:', '/data/maliha/decompilation/data/error_without_patch/ida/speccpu/gcc/O0/sjeng-gcc-O0-compilation-errors/l_king_mobility')
('err_funcfile:', '/data/maliha/decompilation/data/error_without_patch/ida/speccpu/gcc/O0/sjeng-gcc-O0-compilation-errors/l_king_mobility')
('error:', "/home/yanlin/my-projects/decompilation/source_code/recompiled/IDA/speccpu/gcc/O0/sjeng-gcc-O0/l_king_mobility/src/leval.c:99:17: error: use of undeclared identifier 'king_o_1'")
***************** Next Function ******************
('func_count:', 97)
("func_name '", 'free_ecache', "'")
('err_func:', '/data/maliha/decompilation/data/error_without_patch/ida/speccpu/gcc/O0/sjeng-gcc-O0-compilation-errors/free_ecache')
('err_funcfile:', '/data/maliha/decompilation/data/error_without_patch/ida/speccpu/gcc/O0/sjeng-gcc-O0-compilation-errors/free_ecache')
***************** Next Function ******************
('func_count:', 98)
("func_name '", 'comp_to_san', "'")
('err_func:', '/data/maliha/decompilation/data/error_without_patch/ida/speccpu/gcc/O0/sjeng-gcc-O0-compilation-errors/comp_to_san')
('err_funcfile:', '/data/maliha/decompilation/data/error_without_patch/ida/speccpu/gcc/O0/sjeng-gcc-O0-compilation-errors/comp_to_san')
('error:', '/home/yanlin/my-projects/decompilation/source_code/recompiled/IDA/speccpu/gcc/O0/sjeng-gcc-O0/comp_to_san/src/utils.c:288:19: error: expected expression')
('error:', "/home/yanlin/my-projects/decompilation/source_code/recompiled/IDA/speccpu/gcc/O0/sjeng-gcc-O0/comp_to_san/src/utils.c:288:12: error: use of undeclared identifier '_WORD'")
('error:', '/home/yanlin/my-projects/decompilation/source_code/recompiled/IDA/speccpu/gcc/O0/sjeng-gcc-O0/comp_to_san/src/utils.c:290:19: error: expected expression')
('error:', "/home/yanlin/my-projects/decompilation/source_code/recompiled/IDA/speccpu/gcc/O0/sjeng-gcc-O0/comp_to_san/src/utils.c:290:12: error: use of undeclared identifier '_WORD'")
***************** Next Function ******************
('func_count:', 99)
("func_name '", 'check_solution', "'")
('err_func:', '/data/maliha/decompilation/data/error_without_patch/ida/speccpu/gcc/O0/sjeng-gcc-O0-compilation-errors/check_solution')
('err_funcfile:', '/data/maliha/decompilation/data/error_without_patch/ida/speccpu/gcc/O0/sjeng-gcc-O0-compilation-errors/check_solution')
***************** Next Function ******************
('func_count:', 100)
("func_name '", 'alloc_ecache', "'")
('err_func:', '/data/maliha/decompilation/data/error_without_patch/ida/speccpu/gcc/O0/sjeng-gcc-O0-compilation-errors/alloc_ecache')
('err_funcfile:', '/data/maliha/decompilation/data/error_without_patch/ida/speccpu/gcc/O0/sjeng-gcc-O0-compilation-errors/alloc_ecache')
***************** Next Function ******************
('func_count:', 101)
("func_name '", 'losers_eval', "'")
('err_func:', '/data/maliha/decompilation/data/error_without_patch/ida/speccpu/gcc/O0/sjeng-gcc-O0-compilation-errors/losers_eval')
('err_funcfile:', '/data/maliha/decompilation/data/error_without_patch/ida/speccpu/gcc/O0/sjeng-gcc-O0-compilation-errors/losers_eval')
***************** Next Function ******************
('func_count:', 102)
("func_name '", 'Xfree', "'")
('err_func:', '/data/maliha/decompilation/data/error_without_patch/ida/speccpu/gcc/O0/sjeng-gcc-O0-compilation-errors/Xfree')
('err_funcfile:', '/data/maliha/decompilation/data/error_without_patch/ida/speccpu/gcc/O0/sjeng-gcc-O0-compilation-errors/Xfree')
***************** Next Function ******************
('func_count:', 103)
("func_name '", 'add_capture', "'")
('err_func:', '/data/maliha/decompilation/data/error_without_patch/ida/speccpu/gcc/O0/sjeng-gcc-O0-compilation-errors/add_capture')
('err_funcfile:', '/data/maliha/decompilation/data/error_without_patch/ida/speccpu/gcc/O0/sjeng-gcc-O0-compilation-errors/add_capture')
***************** Next Function ******************
('func_count:', 104)
("func_name '", 'develop_node', "'")
('err_func:', '/data/maliha/decompilation/data/error_without_patch/ida/speccpu/gcc/O0/sjeng-gcc-O0-compilation-errors/develop_node')
('err_funcfile:', '/data/maliha/decompilation/data/error_without_patch/ida/speccpu/gcc/O0/sjeng-gcc-O0-compilation-errors/develop_node')
('error:', "/home/yanlin/my-projects/decompilation/source_code/recompiled/IDA/speccpu/gcc/O0/sjeng-gcc-O0/develop_node/src/proof.c:710:3: error: unknown type name '__int64'; did you mean '__int64_t'?")
('error:', '/home/yanlin/my-projects/decompilation/source_code/recompiled/IDA/speccpu/gcc/O0/sjeng-gcc-O0/develop_node/src/proof.c:753:29: error: expected expression')
('error:', '/home/yanlin/my-projects/decompilation/source_code/recompiled/IDA/speccpu/gcc/O0/sjeng-gcc-O0/develop_node/src/proof.c:771:23: error: expected expression')
('error:', "/home/yanlin/my-projects/decompilation/source_code/recompiled/IDA/speccpu/gcc/O0/sjeng-gcc-O0/develop_node/src/proof.c:771:15: error: use of undeclared identifier '_QWORD'")
('error:', '/home/yanlin/my-projects/decompilation/source_code/recompiled/IDA/speccpu/gcc/O0/sjeng-gcc-O0/develop_node/src/proof.c:772:18: error: expected expression')
('error:', "/home/yanlin/my-projects/decompilation/source_code/recompiled/IDA/speccpu/gcc/O0/sjeng-gcc-O0/develop_node/src/proof.c:772:10: error: use of undeclared identifier '_QWORD'")
('error:', '/home/yanlin/my-projects/decompilation/source_code/recompiled/IDA/speccpu/gcc/O0/sjeng-gcc-O0/develop_node/src/proof.c:772:52: error: expected expression')
('error:', "/home/yanlin/my-projects/decompilation/source_code/recompiled/IDA/speccpu/gcc/O0/sjeng-gcc-O0/develop_node/src/proof.c:772:44: error: use of undeclared identifier '_QWORD'")
('error:', '/home/yanlin/my-projects/decompilation/source_code/recompiled/IDA/speccpu/gcc/O0/sjeng-gcc-O0/develop_node/src/proof.c:773:18: error: expected expression')
('error:', "/home/yanlin/my-projects/decompilation/source_code/recompiled/IDA/speccpu/gcc/O0/sjeng-gcc-O0/develop_node/src/proof.c:773:10: error: use of undeclared identifier '_QWORD'")
('error:', '/home/yanlin/my-projects/decompilation/source_code/recompiled/IDA/speccpu/gcc/O0/sjeng-gcc-O0/develop_node/src/proof.c:774:18: error: expected expression')
('error:', "/home/yanlin/my-projects/decompilation/source_code/recompiled/IDA/speccpu/gcc/O0/sjeng-gcc-O0/develop_node/src/proof.c:774:10: error: use of undeclared identifier '_QWORD'")
('error:', '/home/yanlin/my-projects/decompilation/source_code/recompiled/IDA/speccpu/gcc/O0/sjeng-gcc-O0/develop_node/src/proof.c:774:50: error: expected expression')
('error:', "/home/yanlin/my-projects/decompilation/source_code/recompiled/IDA/speccpu/gcc/O0/sjeng-gcc-O0/develop_node/src/proof.c:774:42: error: use of undeclared identifier '_QWORD'")
***************** Next Function ******************
('func_count:', 105)
("func_name '", 'interrupt', "'")
('err_func:', '/data/maliha/decompilation/data/error_without_patch/ida/speccpu/gcc/O0/sjeng-gcc-O0-compilation-errors/interrupt')
('err_funcfile:', '/data/maliha/decompilation/data/error_without_patch/ida/speccpu/gcc/O0/sjeng-gcc-O0-compilation-errors/interrupt')
***************** Next Function ******************
('func_count:', 106)
("func_name '", 'free_hash', "'")
('err_func:', '/data/maliha/decompilation/data/error_without_patch/ida/speccpu/gcc/O0/sjeng-gcc-O0-compilation-errors/free_hash')
('err_funcfile:', '/data/maliha/decompilation/data/error_without_patch/ida/speccpu/gcc/O0/sjeng-gcc-O0-compilation-errors/free_hash')
('error:', 'clang: error: linker command failed with exit code 1 (use -v to see invocation)')
***************** Next Function ******************
('func_count:', 107)
("func_name '", 'is_move', "'")
('err_func:', '/data/maliha/decompilation/data/error_without_patch/ida/speccpu/gcc/O0/sjeng-gcc-O0-compilation-errors/is_move')
('err_funcfile:', '/data/maliha/decompilation/data/error_without_patch/ida/speccpu/gcc/O0/sjeng-gcc-O0-compilation-errors/is_move')
***************** Next Function ******************
('func_count:', 108)
("func_name '", 'l_pawn_mobility', "'")
('err_func:', '/data/maliha/decompilation/data/error_without_patch/ida/speccpu/gcc/O0/sjeng-gcc-O0-compilation-errors/l_pawn_mobility')
('err_funcfile:', '/data/maliha/decompilation/data/error_without_patch/ida/speccpu/gcc/O0/sjeng-gcc-O0-compilation-errors/l_pawn_mobility')
***************** Next Function ******************
('func_count:', 109)
("func_name '", 'make', "'")
('err_func:', '/data/maliha/decompilation/data/error_without_patch/ida/speccpu/gcc/O0/sjeng-gcc-O0-compilation-errors/make')
('err_funcfile:', '/data/maliha/decompilation/data/error_without_patch/ida/speccpu/gcc/O0/sjeng-gcc-O0-compilation-errors/make')
***************** Next Function ******************
('func_count:', 110)
("func_name '", 'calc_attackers', "'")
('err_func:', '/data/maliha/decompilation/data/error_without_patch/ida/speccpu/gcc/O0/sjeng-gcc-O0-compilation-errors/calc_attackers')
('err_funcfile:', '/data/maliha/decompilation/data/error_without_patch/ida/speccpu/gcc/O0/sjeng-gcc-O0-compilation-errors/calc_attackers')
('error:', "/home/yanlin/my-projects/decompilation/source_code/recompiled/IDA/speccpu/gcc/O0/sjeng-gcc-O0/calc_attackers/src/attacks.c:34:14: error: use of undeclared identifier 'rook_o_8'")
('error:', "/home/yanlin/my-projects/decompilation/source_code/recompiled/IDA/speccpu/gcc/O0/sjeng-gcc-O0/calc_attackers/src/attacks.c:49:17: error: use of undeclared identifier 'rook_o_8'")
('error:', "/home/yanlin/my-projects/decompilation/source_code/recompiled/IDA/speccpu/gcc/O0/sjeng-gcc-O0/calc_attackers/src/attacks.c:54:15: error: use of undeclared identifier 'bishop_o_7'")
('error:', "/home/yanlin/my-projects/decompilation/source_code/recompiled/IDA/speccpu/gcc/O0/sjeng-gcc-O0/calc_attackers/src/attacks.c:74:18: error: use of undeclared identifier 'bishop_o_7'")
('error:', "/home/yanlin/my-projects/decompilation/source_code/recompiled/IDA/speccpu/gcc/O0/sjeng-gcc-O0/calc_attackers/src/attacks.c:79:19: error: use of undeclared identifier 'knight_o_6'")
('error:', "/home/yanlin/my-projects/decompilation/source_code/recompiled/IDA/speccpu/gcc/O0/sjeng-gcc-O0/calc_attackers/src/attacks.c:87:15: error: use of undeclared identifier 'rook_o_8'")
('error:', "/home/yanlin/my-projects/decompilation/source_code/recompiled/IDA/speccpu/gcc/O0/sjeng-gcc-O0/calc_attackers/src/attacks.c:102:18: error: use of undeclared identifier 'rook_o_8'")
('error:', "/home/yanlin/my-projects/decompilation/source_code/recompiled/IDA/speccpu/gcc/O0/sjeng-gcc-O0/calc_attackers/src/attacks.c:107:15: error: use of undeclared identifier 'bishop_o_7'")
('error:', "/home/yanlin/my-projects/decompilation/source_code/recompiled/IDA/speccpu/gcc/O0/sjeng-gcc-O0/calc_attackers/src/attacks.c:127:18: error: use of undeclared identifier 'bishop_o_7'")
('error:', "/home/yanlin/my-projects/decompilation/source_code/recompiled/IDA/speccpu/gcc/O0/sjeng-gcc-O0/calc_attackers/src/attacks.c:132:19: error: use of undeclared identifier 'knight_o_6'")
***************** Next Function ******************
('func_count:', 111)
("func_name '", 'addHolding', "'")
('err_func:', '/data/maliha/decompilation/data/error_without_patch/ida/speccpu/gcc/O0/sjeng-gcc-O0-compilation-errors/addHolding')
('err_funcfile:', '/data/maliha/decompilation/data/error_without_patch/ida/speccpu/gcc/O0/sjeng-gcc-O0-compilation-errors/addHolding')
***************** Next Function ******************
('func_count:', 112)
("func_name '", 'randomMT', "'")
('err_func:', '/data/maliha/decompilation/data/error_without_patch/ida/speccpu/gcc/O0/sjeng-gcc-O0-compilation-errors/randomMT')
('err_funcfile:', '/data/maliha/decompilation/data/error_without_patch/ida/speccpu/gcc/O0/sjeng-gcc-O0-compilation-errors/randomMT')
***************** Next Function ******************
('func_count:', 113)
("func_name '", 'toggle_bool', "'")
('err_func:', '/data/maliha/decompilation/data/error_without_patch/ida/speccpu/gcc/O0/sjeng-gcc-O0-compilation-errors/toggle_bool')
('err_funcfile:', '/data/maliha/decompilation/data/error_without_patch/ida/speccpu/gcc/O0/sjeng-gcc-O0-compilation-errors/toggle_bool')
***************** Next Function ******************
('func_count:', 114)
("func_name '", 's_pawn_mobility', "'")
('err_func:', '/data/maliha/decompilation/data/error_without_patch/ida/speccpu/gcc/O0/sjeng-gcc-O0-compilation-errors/s_pawn_mobility')
('err_funcfile:', '/data/maliha/decompilation/data/error_without_patch/ida/speccpu/gcc/O0/sjeng-gcc-O0-compilation-errors/s_pawn_mobility')
***************** Next Function ******************
('func_count:', 115)
("func_name '", 'update_ancestors', "'")
('err_func:', '/data/maliha/decompilation/data/error_without_patch/ida/speccpu/gcc/O0/sjeng-gcc-O0-compilation-errors/update_ancestors')
('err_funcfile:', '/data/maliha/decompilation/data/error_without_patch/ida/speccpu/gcc/O0/sjeng-gcc-O0-compilation-errors/update_ancestors')
***************** Next Function ******************
('func_count:', 116)
("func_name '", 'ProcessHoldings', "'")
('err_func:', '/data/maliha/decompilation/data/error_without_patch/ida/speccpu/gcc/O0/sjeng-gcc-O0-compilation-errors/ProcessHoldings')
('err_funcfile:', '/data/maliha/decompilation/data/error_without_patch/ida/speccpu/gcc/O0/sjeng-gcc-O0-compilation-errors/ProcessHoldings')
***************** Next Function ******************
('func_count:', 117)
("func_name '", 'DropaddHolding', "'")
('err_func:', '/data/maliha/decompilation/data/error_without_patch/ida/speccpu/gcc/O0/sjeng-gcc-O0-compilation-errors/DropaddHolding')
('err_funcfile:', '/data/maliha/decompilation/data/error_without_patch/ida/speccpu/gcc/O0/sjeng-gcc-O0-compilation-errors/DropaddHolding')
***************** Next Function ******************
('func_count:', 118)
("func_name '", 'run_epd_testsuite', "'")
('err_func:', '/data/maliha/decompilation/data/error_without_patch/ida/speccpu/gcc/O0/sjeng-gcc-O0-compilation-errors/run_epd_testsuite')
('err_funcfile:', '/data/maliha/decompilation/data/error_without_patch/ida/speccpu/gcc/O0/sjeng-gcc-O0-compilation-errors/run_epd_testsuite')
('error:', '/home/yanlin/my-projects/decompilation/source_code/recompiled/IDA/speccpu/gcc/O0/sjeng-gcc-O0/run_epd_testsuite/src/epd.c:240:12: error: too many arguments to function call, expected 0, have 1')
***************** Next Function ******************
('func_count:', 119)
("func_name '", 'f_in_check', "'")
('err_func:', '/data/maliha/decompilation/data/error_without_patch/ida/speccpu/gcc/O0/sjeng-gcc-O0-compilation-errors/f_in_check')
('err_funcfile:', '/data/maliha/decompilation/data/error_without_patch/ida/speccpu/gcc/O0/sjeng-gcc-O0-compilation-errors/f_in_check')
('error:', "/home/yanlin/my-projects/decompilation/source_code/recompiled/IDA/speccpu/gcc/O0/sjeng-gcc-O0/f_in_check/src/moves.c:873:27: error: use of undeclared identifier 'knight_o_3'")
('error:', "/home/yanlin/my-projects/decompilation/source_code/recompiled/IDA/speccpu/gcc/O0/sjeng-gcc-O0/f_in_check/src/moves.c:1137:27: error: use of undeclared identifier 'knight_o_3'")
******************** ================== ******************** ==================
Total # fns with errors: 119. Total errors: 367
******************** ================== error type: occurrences ******************** ==================
conflicting types for a function: 3
expected 'some symbol': 27
expected expression: 74
expression is not assignable: 4
must use '(struct|union|enum)' tag to refer to type: 6
subscripted value is not an array, pointer, or vector: 1
too many|few arguments to function call: 1
unknown type name: 77
use of undeclared identifier: 159
variable has incomplete type: 1
******************** ================== error distribution ******************** ==================
******************** ================== error type: func count ******************** ==================
conflicting types for a function: 3
expected 'some symbol': 11
expected expression: 17
expression is not assignable: 1
must use '(struct|union|enum)' tag to refer to type: 2
subscripted value is not an array, pointer, or vector: 1
too many|few arguments to function call: 1
unknown type name: 13
use of undeclared identifier: 30
variable has incomplete type: 1
******************** ================== unknown errors ******************** ==================
