maliha print
***************** Next Function ******************
('func_count:', 1)
("func_name '", 'quantum_cnot_ft', "'")
('err_func:', '/data/maliha/decompilation/data/error_without_patch/ida/speccpu/gcc/O1/libquantum-gcc-O1-compilation-errors/quantum_cnot_ft')
('err_funcfile:', '/data/maliha/decompilation/data/error_without_patch/ida/speccpu/gcc/O1/libquantum-gcc-O1-compilation-errors/quantum_cnot_ft')
('error:', "/home/yanlin/my-projects/decompilation/source_code/recompiled/IDA/speccpu/gcc/O1/libquantum-gcc-O1/quantum_cnot_ft/src/qec.c:212:34: error: too many arguments to function call, expected single argument 'lambda', have 2 arguments")
('error:', "/home/yanlin/my-projects/decompilation/source_code/recompiled/IDA/speccpu/gcc/O1/libquantum-gcc-O1/quantum_cnot_ft/src/qec.c:215:37: error: too many arguments to function call, expected single argument 'lambda', have 2 arguments")
***************** Next Function ******************
('func_count:', 2)
("func_name '", 'quantum_addscratch', "'")
('err_func:', '/data/maliha/decompilation/data/error_without_patch/ida/speccpu/gcc/O1/libquantum-gcc-O1-compilation-errors/quantum_addscratch')
('err_funcfile:', '/data/maliha/decompilation/data/error_without_patch/ida/speccpu/gcc/O1/libquantum-gcc-O1-compilation-errors/quantum_addscratch')
('error:', "/home/yanlin/my-projects/decompilation/source_code/recompiled/IDA/speccpu/gcc/O1/libquantum-gcc-O1/quantum_addscratch/src/qureg.c:250:3: error: unknown type name '__int64'; did you mean '__int64_t'?")
***************** Next Function ******************
('func_count:', 3)
("func_name '", 'test_sum', "'")
('err_func:', '/data/maliha/decompilation/data/error_without_patch/ida/speccpu/gcc/O1/libquantum-gcc-O1-compilation-errors/test_sum')
('err_funcfile:', '/data/maliha/decompilation/data/error_without_patch/ida/speccpu/gcc/O1/libquantum-gcc-O1-compilation-errors/test_sum')
('error:', "/home/yanlin/my-projects/decompilation/source_code/recompiled/IDA/speccpu/gcc/O1/libquantum-gcc-O1/test_sum/src/oaddn.c:45:19: error: expected ';' at end of declaration")
('error:', "/home/yanlin/my-projects/decompilation/source_code/recompiled/IDA/speccpu/gcc/O1/libquantum-gcc-O1/test_sum/src/oaddn.c:46:10: error: expected ';' after expression")
('error:', "/home/yanlin/my-projects/decompilation/source_code/recompiled/IDA/speccpu/gcc/O1/libquantum-gcc-O1/test_sum/src/oaddn.c:46:11: error: use of undeclared identifier 'v7'")
('error:', "/home/yanlin/my-projects/decompilation/source_code/recompiled/IDA/speccpu/gcc/O1/libquantum-gcc-O1/test_sum/src/oaddn.c:54:3: error: use of undeclared identifier 'v6'")
('error:', "/home/yanlin/my-projects/decompilation/source_code/recompiled/IDA/speccpu/gcc/O1/libquantum-gcc-O1/test_sum/src/oaddn.c:55:3: error: use of undeclared identifier 'v7'")
('error:', "/home/yanlin/my-projects/decompilation/source_code/recompiled/IDA/speccpu/gcc/O1/libquantum-gcc-O1/test_sum/src/oaddn.c:56:22: error: use of undeclared identifier 'v7'")
('error:', "/home/yanlin/my-projects/decompilation/source_code/recompiled/IDA/speccpu/gcc/O1/libquantum-gcc-O1/test_sum/src/oaddn.c:56:27: error: use of undeclared identifier 'v6'")
('error:', "/home/yanlin/my-projects/decompilation/source_code/recompiled/IDA/speccpu/gcc/O1/libquantum-gcc-O1/test_sum/src/oaddn.c:59:24: error: use of undeclared identifier 'v6'")
('error:', "/home/yanlin/my-projects/decompilation/source_code/recompiled/IDA/speccpu/gcc/O1/libquantum-gcc-O1/test_sum/src/oaddn.c:66:35: error: use of undeclared identifier 'v6'")
('error:', "/home/yanlin/my-projects/decompilation/source_code/recompiled/IDA/speccpu/gcc/O1/libquantum-gcc-O1/test_sum/src/oaddn.c:105:15: error: use of undeclared identifier 'v6'")
('error:', "/home/yanlin/my-projects/decompilation/source_code/recompiled/IDA/speccpu/gcc/O1/libquantum-gcc-O1/test_sum/src/oaddn.c:125:30: error: use of undeclared identifier 'v6'")
('error:', "/home/yanlin/my-projects/decompilation/source_code/recompiled/IDA/speccpu/gcc/O1/libquantum-gcc-O1/test_sum/src/oaddn.c:129:29: error: use of undeclared identifier 'v6'")
('error:', "/home/yanlin/my-projects/decompilation/source_code/recompiled/IDA/speccpu/gcc/O1/libquantum-gcc-O1/test_sum/src/oaddn.c:133:29: error: use of undeclared identifier 'v6'")
***************** Next Function ******************
('func_count:', 4)
("func_name '", 'quantum_toffoli_ft', "'")
('err_func:', '/data/maliha/decompilation/data/error_without_patch/ida/speccpu/gcc/O1/libquantum-gcc-O1-compilation-errors/quantum_toffoli_ft')
('err_funcfile:', '/data/maliha/decompilation/data/error_without_patch/ida/speccpu/gcc/O1/libquantum-gcc-O1-compilation-errors/quantum_toffoli_ft')
('error:', "/home/yanlin/my-projects/decompilation/source_code/recompiled/IDA/speccpu/gcc/O1/libquantum-gcc-O1/quantum_toffoli_ft/src/qec.c:234:3: error: unknown type name '__int64'; did you mean '__int64_t'?")
('error:', "/home/yanlin/my-projects/decompilation/source_code/recompiled/IDA/speccpu/gcc/O1/libquantum-gcc-O1/quantum_toffoli_ft/src/qec.c:235:3: error: unknown type name '__int64'; did you mean '__int64_t'?")
('error:', "/home/yanlin/my-projects/decompilation/source_code/recompiled/IDA/speccpu/gcc/O1/libquantum-gcc-O1/quantum_toffoli_ft/src/qec.c:236:3: error: unknown type name '__int64'; did you mean '__int64_t'?")
('error:', "/home/yanlin/my-projects/decompilation/source_code/recompiled/IDA/speccpu/gcc/O1/libquantum-gcc-O1/quantum_toffoli_ft/src/qec.c:237:3: error: unknown type name '__int64'; did you mean '__int64_t'?")
('error:', "/home/yanlin/my-projects/decompilation/source_code/recompiled/IDA/speccpu/gcc/O1/libquantum-gcc-O1/quantum_toffoli_ft/src/qec.c:238:3: error: unknown type name '__int64'; did you mean '__int64_t'?")
('error:', "/home/yanlin/my-projects/decompilation/source_code/recompiled/IDA/speccpu/gcc/O1/libquantum-gcc-O1/quantum_toffoli_ft/src/qec.c:239:3: error: unknown type name '__int64'; did you mean '__int64_t'?")
('error:', "/home/yanlin/my-projects/decompilation/source_code/recompiled/IDA/speccpu/gcc/O1/libquantum-gcc-O1/quantum_toffoli_ft/src/qec.c:241:19: error: expected ';' at end of declaration")
('error:', "/home/yanlin/my-projects/decompilation/source_code/recompiled/IDA/speccpu/gcc/O1/libquantum-gcc-O1/quantum_toffoli_ft/src/qec.c:242:10: error: expected ';' after expression")
('error:', "/home/yanlin/my-projects/decompilation/source_code/recompiled/IDA/speccpu/gcc/O1/libquantum-gcc-O1/quantum_toffoli_ft/src/qec.c:242:11: error: use of undeclared identifier 'v15'")
('error:', "/home/yanlin/my-projects/decompilation/source_code/recompiled/IDA/speccpu/gcc/O1/libquantum-gcc-O1/quantum_toffoli_ft/src/qec.c:243:10: error: expected ';' after expression")
('error:', "/home/yanlin/my-projects/decompilation/source_code/recompiled/IDA/speccpu/gcc/O1/libquantum-gcc-O1/quantum_toffoli_ft/src/qec.c:243:11: error: use of undeclared identifier 'v16'")
('error:', "/home/yanlin/my-projects/decompilation/source_code/recompiled/IDA/speccpu/gcc/O1/libquantum-gcc-O1/quantum_toffoli_ft/src/qec.c:247:30: error: expected ')'")
('error:', "/home/yanlin/my-projects/decompilation/source_code/recompiled/IDA/speccpu/gcc/O1/libquantum-gcc-O1/quantum_toffoli_ft/src/qec.c:247:56: error: expected ')'")
('error:', "/home/yanlin/my-projects/decompilation/source_code/recompiled/IDA/speccpu/gcc/O1/libquantum-gcc-O1/quantum_toffoli_ft/src/qec.c:248:38: error: expected ')'")
('error:', "/home/yanlin/my-projects/decompilation/source_code/recompiled/IDA/speccpu/gcc/O1/libquantum-gcc-O1/quantum_toffoli_ft/src/qec.c:248:64: error: expected ')'")
('error:', "/home/yanlin/my-projects/decompilation/source_code/recompiled/IDA/speccpu/gcc/O1/libquantum-gcc-O1/quantum_toffoli_ft/src/qec.c:252:30: error: expected ')'")
('error:', "/home/yanlin/my-projects/decompilation/source_code/recompiled/IDA/speccpu/gcc/O1/libquantum-gcc-O1/quantum_toffoli_ft/src/qec.c:252:56: error: expected ')'")
('error:', "/home/yanlin/my-projects/decompilation/source_code/recompiled/IDA/speccpu/gcc/O1/libquantum-gcc-O1/quantum_toffoli_ft/src/qec.c:253:38: error: expected ')'")
('error:', "/home/yanlin/my-projects/decompilation/source_code/recompiled/IDA/speccpu/gcc/O1/libquantum-gcc-O1/quantum_toffoli_ft/src/qec.c:253:64: error: expected ')'")
('error:', 'fatal error: too many errors emitted, stopping now [-ferror-limit=]')
***************** Next Function ******************
('func_count:', 5)
("func_name '", 'quantum_frac_approx', "'")
('err_func:', '/data/maliha/decompilation/data/error_without_patch/ida/speccpu/gcc/O1/libquantum-gcc-O1-compilation-errors/quantum_frac_approx')
('err_funcfile:', '/data/maliha/decompilation/data/error_without_patch/ida/speccpu/gcc/O1/libquantum-gcc-O1-compilation-errors/quantum_frac_approx')
('error:', 'clang: error: linker command failed with exit code 1 (use -v to see invocation)')
***************** Next Function ******************
('func_count:', 6)
("func_name '", 'quantum_delete_matrix', "'")
('err_func:', '/data/maliha/decompilation/data/error_without_patch/ida/speccpu/gcc/O1/libquantum-gcc-O1-compilation-errors/quantum_delete_matrix')
('err_funcfile:', '/data/maliha/decompilation/data/error_without_patch/ida/speccpu/gcc/O1/libquantum-gcc-O1-compilation-errors/quantum_delete_matrix')
('error:', "/home/yanlin/my-projects/decompilation/source_code/recompiled/IDA/speccpu/gcc/O1/libquantum-gcc-O1/quantum_delete_matrix/src/matrix.c:76:36: error: use of undeclared identifier '__int64'")
***************** Next Function ******************
('func_count:', 7)
("func_name '", 'quantum_objcode_write', "'")
('err_func:', '/data/maliha/decompilation/data/error_without_patch/ida/speccpu/gcc/O1/libquantum-gcc-O1-compilation-errors/quantum_objcode_write')
('err_funcfile:', '/data/maliha/decompilation/data/error_without_patch/ida/speccpu/gcc/O1/libquantum-gcc-O1-compilation-errors/quantum_objcode_write')
('error:', 'clang: error: linker command failed with exit code 1 (use -v to see invocation)')
***************** Next Function ******************
('func_count:', 8)
("func_name '", 'quantum_qft', "'")
('err_func:', '/data/maliha/decompilation/data/error_without_patch/ida/speccpu/gcc/O1/libquantum-gcc-O1-compilation-errors/quantum_qft')
('err_funcfile:', '/data/maliha/decompilation/data/error_without_patch/ida/speccpu/gcc/O1/libquantum-gcc-O1-compilation-errors/quantum_qft')
('error:', 'clang: error: linker command failed with exit code 1 (use -v to see invocation)')
***************** Next Function ******************
('func_count:', 9)
("func_name '", 'madd_inv', "'")
('err_func:', '/data/maliha/decompilation/data/error_without_patch/ida/speccpu/gcc/O1/libquantum-gcc-O1-compilation-errors/madd_inv')
('err_funcfile:', '/data/maliha/decompilation/data/error_without_patch/ida/speccpu/gcc/O1/libquantum-gcc-O1-compilation-errors/madd_inv')
('error:', 'clang: error: linker command failed with exit code 1 (use -v to see invocation)')
***************** Next Function ******************
('func_count:', 10)
("func_name '", 'main', "'")
('err_func:', '/data/maliha/decompilation/data/error_without_patch/ida/speccpu/gcc/O1/libquantum-gcc-O1-compilation-errors/main')
('err_funcfile:', '/data/maliha/decompilation/data/error_without_patch/ida/speccpu/gcc/O1/libquantum-gcc-O1-compilation-errors/main')
('error:', "/home/yanlin/my-projects/decompilation/source_code/recompiled/IDA/speccpu/gcc/O1/libquantum-gcc-O1/main/src/shor.c:57:19: error: expected ';' at end of declaration")
('error:', "/home/yanlin/my-projects/decompilation/source_code/recompiled/IDA/speccpu/gcc/O1/libquantum-gcc-O1/main/src/shor.c:58:10: error: expected ';' after expression")
('error:', "/home/yanlin/my-projects/decompilation/source_code/recompiled/IDA/speccpu/gcc/O1/libquantum-gcc-O1/main/src/shor.c:58:11: error: use of undeclared identifier 'v17'")
('error:', '/home/yanlin/my-projects/decompilation/source_code/recompiled/IDA/speccpu/gcc/O1/libquantum-gcc-O1/main/src/shor.c:104:39: error: too many arguments to function call, expected 2, have 3')
('error:', '/home/yanlin/my-projects/decompilation/source_code/recompiled/IDA/speccpu/gcc/O1/libquantum-gcc-O1/main/src/shor.c:105:19: error: expected expression')
('error:', "/home/yanlin/my-projects/decompilation/source_code/recompiled/IDA/speccpu/gcc/O1/libquantum-gcc-O1/main/src/shor.c:105:10: error: use of undeclared identifier '__m128i'")
('error:', "/home/yanlin/my-projects/decompilation/source_code/recompiled/IDA/speccpu/gcc/O1/libquantum-gcc-O1/main/src/shor.c:105:57: error: unknown type name '__m128i'")
('error:', '/home/yanlin/my-projects/decompilation/source_code/recompiled/IDA/speccpu/gcc/O1/libquantum-gcc-O1/main/src/shor.c:106:19: error: expected expression')
('error:', "/home/yanlin/my-projects/decompilation/source_code/recompiled/IDA/speccpu/gcc/O1/libquantum-gcc-O1/main/src/shor.c:106:10: error: use of undeclared identifier '__m128i'")
('error:', "/home/yanlin/my-projects/decompilation/source_code/recompiled/IDA/speccpu/gcc/O1/libquantum-gcc-O1/main/src/shor.c:106:56: error: unknown type name '__m128i'")
('error:', "/home/yanlin/my-projects/decompilation/source_code/recompiled/IDA/speccpu/gcc/O1/libquantum-gcc-O1/main/src/shor.c:138:7: error: use of undeclared identifier 'v16'")
('error:', "/home/yanlin/my-projects/decompilation/source_code/recompiled/IDA/speccpu/gcc/O1/libquantum-gcc-O1/main/src/shor.c:139:11: error: use of undeclared identifier 'v16'")
('error:', "/home/yanlin/my-projects/decompilation/source_code/recompiled/IDA/speccpu/gcc/O1/libquantum-gcc-O1/main/src/shor.c:140:15: error: use of undeclared identifier '_DWORD'")
('error:', "/home/yanlin/my-projects/decompilation/source_code/recompiled/IDA/speccpu/gcc/O1/libquantum-gcc-O1/main/src/shor.c:145:16: error: use of undeclared identifier '_DWORD'")
('error:', "/home/yanlin/my-projects/decompilation/source_code/recompiled/IDA/speccpu/gcc/O1/libquantum-gcc-O1/main/src/shor.c:151:70: error: use of undeclared identifier 'v16'")
('error:', "/home/yanlin/my-projects/decompilation/source_code/recompiled/IDA/speccpu/gcc/O1/libquantum-gcc-O1/main/src/shor.c:151:40: error: use of undeclared identifier 'v16'")
('error:', "/home/yanlin/my-projects/decompilation/source_code/recompiled/IDA/speccpu/gcc/O1/libquantum-gcc-O1/main/src/shor.c:154:7: error: use of undeclared identifier 'v17'")
('error:', "/home/yanlin/my-projects/decompilation/source_code/recompiled/IDA/speccpu/gcc/O1/libquantum-gcc-O1/main/src/shor.c:163:9: error: use of undeclared identifier 'v17'")
('error:', "/home/yanlin/my-projects/decompilation/source_code/recompiled/IDA/speccpu/gcc/O1/libquantum-gcc-O1/main/src/shor.c:166:44: error: use of undeclared identifier 'v17'")
***************** Next Function ******************
('func_count:', 11)
("func_name '", 'quantum_objcode_start', "'")
('err_func:', '/data/maliha/decompilation/data/error_without_patch/ida/speccpu/gcc/O1/libquantum-gcc-O1-compilation-errors/quantum_objcode_start')
('err_funcfile:', '/data/maliha/decompilation/data/error_without_patch/ida/speccpu/gcc/O1/libquantum-gcc-O1-compilation-errors/quantum_objcode_start')
('error:', "/home/yanlin/my-projects/decompilation/source_code/recompiled/IDA/speccpu/gcc/O1/libquantum-gcc-O1/quantum_objcode_start/src/objcode.c:140:24: error: expected ')'")
***************** Next Function ******************
('func_count:', 12)
("func_name '", 'quantum_qec_encode', "'")
('err_func:', '/data/maliha/decompilation/data/error_without_patch/ida/speccpu/gcc/O1/libquantum-gcc-O1-compilation-errors/quantum_qec_encode')
('err_funcfile:', '/data/maliha/decompilation/data/error_without_patch/ida/speccpu/gcc/O1/libquantum-gcc-O1-compilation-errors/quantum_qec_encode')
('error:', "/home/yanlin/my-projects/decompilation/source_code/recompiled/IDA/speccpu/gcc/O1/libquantum-gcc-O1/quantum_qec_encode/src/qec.c:75:34: error: too many arguments to function call, expected single argument 'lambda', have 2 arguments")
('error:', "/home/yanlin/my-projects/decompilation/source_code/recompiled/IDA/speccpu/gcc/O1/libquantum-gcc-O1/quantum_qec_encode/src/qec.c:83:43: error: too many arguments to function call, expected single argument 'lambda', have 2 arguments")
('error:', '/home/yanlin/my-projects/decompilation/source_code/recompiled/IDA/speccpu/gcc/O1/libquantum-gcc-O1/quantum_qec_encode/src/qec.c:101:3: error: expected expression')
('error:', '/home/yanlin/my-projects/decompilation/source_code/recompiled/IDA/speccpu/gcc/O1/libquantum-gcc-O1/quantum_qec_encode/src/qec.c:102:3: error: expected expression')
***************** Next Function ******************
('func_count:', 13)
("func_name '", 'quantum_frand', "'")
('err_func:', '/data/maliha/decompilation/data/error_without_patch/ida/speccpu/gcc/O1/libquantum-gcc-O1-compilation-errors/quantum_frand')
('err_funcfile:', '/data/maliha/decompilation/data/error_without_patch/ida/speccpu/gcc/O1/libquantum-gcc-O1-compilation-errors/quantum_frand')
('error:', 'clang: error: linker command failed with exit code 1 (use -v to see invocation)')
***************** Next Function ******************
('func_count:', 14)
("func_name '", 'addn', "'")
('err_func:', '/data/maliha/decompilation/data/error_without_patch/ida/speccpu/gcc/O1/libquantum-gcc-O1-compilation-errors/addn')
('err_funcfile:', '/data/maliha/decompilation/data/error_without_patch/ida/speccpu/gcc/O1/libquantum-gcc-O1-compilation-errors/addn')
('error:', 'clang: error: linker command failed with exit code 1 (use -v to see invocation)')
***************** Next Function ******************
('func_count:', 15)
("func_name '", 'quantum_qec_counter', "'")
('err_func:', '/data/maliha/decompilation/data/error_without_patch/ida/speccpu/gcc/O1/libquantum-gcc-O1-compilation-errors/quantum_qec_counter')
('err_funcfile:', '/data/maliha/decompilation/data/error_without_patch/ida/speccpu/gcc/O1/libquantum-gcc-O1-compilation-errors/quantum_qec_counter')
('error:', "/home/yanlin/my-projects/decompilation/source_code/recompiled/IDA/speccpu/gcc/O1/libquantum-gcc-O1/quantum_qec_counter/src/qec.c:156:7: error: use of undeclared identifier 'counter_1'")
('error:', "/home/yanlin/my-projects/decompilation/source_code/recompiled/IDA/speccpu/gcc/O1/libquantum-gcc-O1/quantum_qec_counter/src/qec.c:160:5: error: use of undeclared identifier 'counter_1'")
('error:', "/home/yanlin/my-projects/decompilation/source_code/recompiled/IDA/speccpu/gcc/O1/libquantum-gcc-O1/quantum_qec_counter/src/qec.c:163:5: error: use of undeclared identifier 'freq_0'")
('error:', "/home/yanlin/my-projects/decompilation/source_code/recompiled/IDA/speccpu/gcc/O1/libquantum-gcc-O1/quantum_qec_counter/src/qec.c:164:9: error: use of undeclared identifier 'counter_1'")
('error:', "/home/yanlin/my-projects/decompilation/source_code/recompiled/IDA/speccpu/gcc/O1/libquantum-gcc-O1/quantum_qec_counter/src/qec.c:164:22: error: use of undeclared identifier 'freq_0'")
('error:', "/home/yanlin/my-projects/decompilation/source_code/recompiled/IDA/speccpu/gcc/O1/libquantum-gcc-O1/quantum_qec_counter/src/qec.c:166:5: error: use of undeclared identifier 'counter_1'")
('error:', "/home/yanlin/my-projects/decompilation/source_code/recompiled/IDA/speccpu/gcc/O1/libquantum-gcc-O1/quantum_qec_counter/src/qec.c:170:10: error: use of undeclared identifier 'counter_1'")
***************** Next Function ******************
('func_count:', 16)
("func_name '", 'quantum_decohere', "'")
('err_func:', '/data/maliha/decompilation/data/error_without_patch/ida/speccpu/gcc/O1/libquantum-gcc-O1-compilation-errors/quantum_decohere')
('err_funcfile:', '/data/maliha/decompilation/data/error_without_patch/ida/speccpu/gcc/O1/libquantum-gcc-O1-compilation-errors/quantum_decohere')
('error:', "/home/yanlin/my-projects/decompilation/source_code/recompiled/IDA/speccpu/gcc/O1/libquantum-gcc-O1/quantum_decohere/src/decoherence.c:77:3: error: unknown type name '__int64'; did you mean '__int64_t'?")
('error:', "/home/yanlin/my-projects/decompilation/source_code/recompiled/IDA/speccpu/gcc/O1/libquantum-gcc-O1/quantum_decohere/src/decoherence.c:88:3: error: unknown type name '__int64'; did you mean '__int64_t'?")
('error:', "/home/yanlin/my-projects/decompilation/source_code/recompiled/IDA/speccpu/gcc/O1/libquantum-gcc-O1/quantum_decohere/src/decoherence.c:90:19: error: expected ';' at end of declaration")
('error:', "/home/yanlin/my-projects/decompilation/source_code/recompiled/IDA/speccpu/gcc/O1/libquantum-gcc-O1/quantum_decohere/src/decoherence.c:93:12: error: redefinition of '__int64'")
('error:', "/home/yanlin/my-projects/decompilation/source_code/recompiled/IDA/speccpu/gcc/O1/libquantum-gcc-O1/quantum_decohere/src/decoherence.c:93:19: error: expected ';' at end of declaration")
('error:', "/home/yanlin/my-projects/decompilation/source_code/recompiled/IDA/speccpu/gcc/O1/libquantum-gcc-O1/quantum_decohere/src/decoherence.c:94:3: error: use of undeclared identifier 'complex_float'")
('error:', "/home/yanlin/my-projects/decompilation/source_code/recompiled/IDA/speccpu/gcc/O1/libquantum-gcc-O1/quantum_decohere/src/decoherence.c:142:9: error: use of undeclared identifier 'v17'")
('error:', "/home/yanlin/my-projects/decompilation/source_code/recompiled/IDA/speccpu/gcc/O1/libquantum-gcc-O1/quantum_decohere/src/decoherence.c:146:11: error: use of undeclared identifier 'state'")
('error:', "/home/yanlin/my-projects/decompilation/source_code/recompiled/IDA/speccpu/gcc/O1/libquantum-gcc-O1/quantum_decohere/src/decoherence.c:147:37: error: unknown type name '__int64'; did you mean '__int64_t'?")
('error:', "/home/yanlin/my-projects/decompilation/source_code/recompiled/IDA/speccpu/gcc/O1/libquantum-gcc-O1/quantum_decohere/src/decoherence.c:147:48: error: use of undeclared identifier 'state'; did you mean 'status'?")
('error:', "/home/yanlin/my-projects/decompilation/source_code/recompiled/IDA/speccpu/gcc/O1/libquantum-gcc-O1/quantum_decohere/src/decoherence.c:147:56: error: use of undeclared identifier 'v17'")
('error:', "/home/yanlin/my-projects/decompilation/source_code/recompiled/IDA/speccpu/gcc/O1/libquantum-gcc-O1/quantum_decohere/src/decoherence.c:148:28: error: use of undeclared identifier 'v17'")
('error:', "/home/yanlin/my-projects/decompilation/source_code/recompiled/IDA/speccpu/gcc/O1/libquantum-gcc-O1/quantum_decohere/src/decoherence.c:150:28: error: use of undeclared identifier 'v17'")
('error:', "/home/yanlin/my-projects/decompilation/source_code/recompiled/IDA/speccpu/gcc/O1/libquantum-gcc-O1/quantum_decohere/src/decoherence.c:151:13: error: use of undeclared identifier 'v17'")
('error:', "/home/yanlin/my-projects/decompilation/source_code/recompiled/IDA/speccpu/gcc/O1/libquantum-gcc-O1/quantum_decohere/src/decoherence.c:153:18: error: use of undeclared identifier 'v17'")
('error:', "/home/yanlin/my-projects/decompilation/source_code/recompiled/IDA/speccpu/gcc/O1/libquantum-gcc-O1/quantum_decohere/src/decoherence.c:155:7: error: use of undeclared identifier 'c'")
('error:', "/home/yanlin/my-projects/decompilation/source_code/recompiled/IDA/speccpu/gcc/O1/libquantum-gcc-O1/quantum_decohere/src/decoherence.c:157:38: error: member reference base type '_Complex float' is not a structure or union")
('error:', "/home/yanlin/my-projects/decompilation/source_code/recompiled/IDA/speccpu/gcc/O1/libquantum-gcc-O1/quantum_decohere/src/decoherence.c:158:37: error: member reference base type '_Complex float' is not a structure or union")
('error:', "/home/yanlin/my-projects/decompilation/source_code/recompiled/IDA/speccpu/gcc/O1/libquantum-gcc-O1/quantum_decohere/src/decoherence.c:158:45: error: use of undeclared identifier 'c'")
('error:', 'fatal error: too many errors emitted, stopping now [-ferror-limit=]')
***************** Next Function ******************
('func_count:', 17)
("func_name '", 'quantum_bmeasure_bitpreserve', "'")
('err_func:', '/data/maliha/decompilation/data/error_without_patch/ida/speccpu/gcc/O1/libquantum-gcc-O1-compilation-errors/quantum_bmeasure_bitpreserve')
('err_funcfile:', '/data/maliha/decompilation/data/error_without_patch/ida/speccpu/gcc/O1/libquantum-gcc-O1-compilation-errors/quantum_bmeasure_bitpreserve')
('error:', "/home/yanlin/my-projects/decompilation/source_code/recompiled/IDA/speccpu/gcc/O1/libquantum-gcc-O1/quantum_bmeasure_bitpreserve/src/measure.c:142:3: error: unknown type name '__int64'; did you mean '__int64_t'?")
('error:', "/home/yanlin/my-projects/decompilation/source_code/recompiled/IDA/speccpu/gcc/O1/libquantum-gcc-O1/quantum_bmeasure_bitpreserve/src/measure.c:145:3: error: unknown type name '__int64'; did you mean '__int64_t'?")
('error:', "/home/yanlin/my-projects/decompilation/source_code/recompiled/IDA/speccpu/gcc/O1/libquantum-gcc-O1/quantum_bmeasure_bitpreserve/src/measure.c:147:3: error: unknown type name '__int64'; did you mean '__int64_t'?")
('error:', "/home/yanlin/my-projects/decompilation/source_code/recompiled/IDA/speccpu/gcc/O1/libquantum-gcc-O1/quantum_bmeasure_bitpreserve/src/measure.c:149:3: error: unknown type name '__int64'; did you mean '__int64_t'?")
('error:', "/home/yanlin/my-projects/decompilation/source_code/recompiled/IDA/speccpu/gcc/O1/libquantum-gcc-O1/quantum_bmeasure_bitpreserve/src/measure.c:160:3: error: use of undeclared identifier '_BOOL4'")
('error:', "/home/yanlin/my-projects/decompilation/source_code/recompiled/IDA/speccpu/gcc/O1/libquantum-gcc-O1/quantum_bmeasure_bitpreserve/src/measure.c:177:12: error: use of undeclared identifier '__int64'")
('error:', "/home/yanlin/my-projects/decompilation/source_code/recompiled/IDA/speccpu/gcc/O1/libquantum-gcc-O1/quantum_bmeasure_bitpreserve/src/measure.c:182:49: error: member reference base type '_Complex float' is not a structure or union")
('error:', "/home/yanlin/my-projects/decompilation/source_code/recompiled/IDA/speccpu/gcc/O1/libquantum-gcc-O1/quantum_bmeasure_bitpreserve/src/measure.c:182:72: error: member reference base type '_Complex float' is not a structure or union")
('error:', "/home/yanlin/my-projects/decompilation/source_code/recompiled/IDA/speccpu/gcc/O1/libquantum-gcc-O1/quantum_bmeasure_bitpreserve/src/measure.c:183:47: error: member reference base type '_Complex float' is not a structure or union")
('error:', "/home/yanlin/my-projects/decompilation/source_code/recompiled/IDA/speccpu/gcc/O1/libquantum-gcc-O1/quantum_bmeasure_bitpreserve/src/measure.c:183:70: error: member reference base type '_Complex float' is not a structure or union")
('error:', "/home/yanlin/my-projects/decompilation/source_code/recompiled/IDA/speccpu/gcc/O1/libquantum-gcc-O1/quantum_bmeasure_bitpreserve/src/measure.c:190:3: error: use of undeclared identifier 'result'")
('error:', "/home/yanlin/my-projects/decompilation/source_code/recompiled/IDA/speccpu/gcc/O1/libquantum-gcc-O1/quantum_bmeasure_bitpreserve/src/measure.c:208:48: error: member reference base type '_Complex float' is not a structure or union")
('error:', "/home/yanlin/my-projects/decompilation/source_code/recompiled/IDA/speccpu/gcc/O1/libquantum-gcc-O1/quantum_bmeasure_bitpreserve/src/measure.c:208:69: error: member reference base type '_Complex float' is not a structure or union")
('error:', "/home/yanlin/my-projects/decompilation/source_code/recompiled/IDA/speccpu/gcc/O1/libquantum-gcc-O1/quantum_bmeasure_bitpreserve/src/measure.c:208:101: error: member reference base type '_Complex float' is not a structure or union")
('error:', "/home/yanlin/my-projects/decompilation/source_code/recompiled/IDA/speccpu/gcc/O1/libquantum-gcc-O1/quantum_bmeasure_bitpreserve/src/measure.c:208:122: error: member reference base type '_Complex float' is not a structure or union")
('error:', "/home/yanlin/my-projects/decompilation/source_code/recompiled/IDA/speccpu/gcc/O1/libquantum-gcc-O1/quantum_bmeasure_bitpreserve/src/measure.c:214:24: error: member reference base type '_Complex float' is not a structure or union")
('error:', "/home/yanlin/my-projects/decompilation/source_code/recompiled/IDA/speccpu/gcc/O1/libquantum-gcc-O1/quantum_bmeasure_bitpreserve/src/measure.c:215:24: error: member reference base type '_Complex float' is not a structure or union")
('error:', "/home/yanlin/my-projects/decompilation/source_code/recompiled/IDA/speccpu/gcc/O1/libquantum-gcc-O1/quantum_bmeasure_bitpreserve/src/measure.c:220:46: error: member reference base type '_Complex float' is not a structure or union")
('error:', "/home/yanlin/my-projects/decompilation/source_code/recompiled/IDA/speccpu/gcc/O1/libquantum-gcc-O1/quantum_bmeasure_bitpreserve/src/measure.c:220:67: error: member reference base type '_Complex float' is not a structure or union")
('error:', 'fatal error: too many errors emitted, stopping now [-ferror-limit=]')
***************** Next Function ******************
('func_count:', 18)
("func_name '", 'quantum_set_decoherence', "'")
('err_func:', '/data/maliha/decompilation/data/error_without_patch/ida/speccpu/gcc/O1/libquantum-gcc-O1-compilation-errors/quantum_set_decoherence')
('err_funcfile:', '/data/maliha/decompilation/data/error_without_patch/ida/speccpu/gcc/O1/libquantum-gcc-O1-compilation-errors/quantum_set_decoherence')
('error:', 'clang: error: linker command failed with exit code 1 (use -v to see invocation)')
***************** Next Function ******************
('func_count:', 19)
("func_name '", 'quantum_hadamard', "'")
('err_func:', '/data/maliha/decompilation/data/error_without_patch/ida/speccpu/gcc/O1/libquantum-gcc-O1-compilation-errors/quantum_hadamard')
('err_funcfile:', '/data/maliha/decompilation/data/error_without_patch/ida/speccpu/gcc/O1/libquantum-gcc-O1-compilation-errors/quantum_hadamard')
('error:', "/home/yanlin/my-projects/decompilation/source_code/recompiled/IDA/speccpu/gcc/O1/libquantum-gcc-O1/quantum_hadamard/src/gates.c:656:3: error: unknown type name '__int64'; did you mean '__int64_t'?")
('error:', "/home/yanlin/my-projects/decompilation/source_code/recompiled/IDA/speccpu/gcc/O1/libquantum-gcc-O1/quantum_hadamard/src/gates.c:663:9: error: member reference base type '_Complex float' is not a structure or union")
('error:', "/home/yanlin/my-projects/decompilation/source_code/recompiled/IDA/speccpu/gcc/O1/libquantum-gcc-O1/quantum_hadamard/src/gates.c:664:9: error: member reference base type '_Complex float' is not a structure or union")
('error:', '/home/yanlin/my-projects/decompilation/source_code/recompiled/IDA/speccpu/gcc/O1/libquantum-gcc-O1/quantum_hadamard/src/gates.c:665:16: error: expected expression')
('error:', "/home/yanlin/my-projects/decompilation/source_code/recompiled/IDA/speccpu/gcc/O1/libquantum-gcc-O1/quantum_hadamard/src/gates.c:665:8: error: use of undeclared identifier '_QWORD'")
('error:', "/home/yanlin/my-projects/decompilation/source_code/recompiled/IDA/speccpu/gcc/O1/libquantum-gcc-O1/quantum_hadamard/src/gates.c:666:11: error: member reference base type '_Complex float' is not a structure or union")
('error:', '/home/yanlin/my-projects/decompilation/source_code/recompiled/IDA/speccpu/gcc/O1/libquantum-gcc-O1/quantum_hadamard/src/gates.c:667:16: error: expected expression')
('error:', "/home/yanlin/my-projects/decompilation/source_code/recompiled/IDA/speccpu/gcc/O1/libquantum-gcc-O1/quantum_hadamard/src/gates.c:667:8: error: use of undeclared identifier '_DWORD'")
('error:', '/home/yanlin/my-projects/decompilation/source_code/recompiled/IDA/speccpu/gcc/O1/libquantum-gcc-O1/quantum_hadamard/src/gates.c:667:30: error: expected expression')
('error:', "/home/yanlin/my-projects/decompilation/source_code/recompiled/IDA/speccpu/gcc/O1/libquantum-gcc-O1/quantum_hadamard/src/gates.c:667:22: error: use of undeclared identifier '_QWORD'")
('error:', "/home/yanlin/my-projects/decompilation/source_code/recompiled/IDA/speccpu/gcc/O1/libquantum-gcc-O1/quantum_hadamard/src/gates.c:669:11: error: member reference base type '_Complex float' is not a structure or union")
('error:', "/home/yanlin/my-projects/decompilation/source_code/recompiled/IDA/speccpu/gcc/O1/libquantum-gcc-O1/quantum_hadamard/src/gates.c:670:12: error: member reference base type '_Complex float' is not a structure or union")
('error:', "/home/yanlin/my-projects/decompilation/source_code/recompiled/IDA/speccpu/gcc/O1/libquantum-gcc-O1/quantum_hadamard/src/gates.c:671:12: error: member reference base type '_Complex float' is not a structure or union")
('error:', "/home/yanlin/my-projects/decompilation/source_code/recompiled/IDA/speccpu/gcc/O1/libquantum-gcc-O1/quantum_hadamard/src/gates.c:672:12: error: member reference base type '_Complex float' is not a structure or union")
('error:', '/home/yanlin/my-projects/decompilation/source_code/recompiled/IDA/speccpu/gcc/O1/libquantum-gcc-O1/quantum_hadamard/src/gates.c:673:21: error: expected expression')
('error:', "/home/yanlin/my-projects/decompilation/source_code/recompiled/IDA/speccpu/gcc/O1/libquantum-gcc-O1/quantum_hadamard/src/gates.c:673:13: error: use of undeclared identifier '_QWORD'")
***************** Next Function ******************
('func_count:', 20)
("func_name '", 'quantum_kronecker', "'")
('err_func:', '/data/maliha/decompilation/data/error_without_patch/ida/speccpu/gcc/O1/libquantum-gcc-O1-compilation-errors/quantum_kronecker')
('err_funcfile:', '/data/maliha/decompilation/data/error_without_patch/ida/speccpu/gcc/O1/libquantum-gcc-O1-compilation-errors/quantum_kronecker')
('error:', "/home/yanlin/my-projects/decompilation/source_code/recompiled/IDA/speccpu/gcc/O1/libquantum-gcc-O1/quantum_kronecker/src/qureg.c:284:25: error: conflicting types for 'quantum_kronecker'")
('error:', "/home/yanlin/my-projects/decompilation/source_code/recompiled/IDA/speccpu/gcc/O1/libquantum-gcc-O1/quantum_kronecker/src/qureg.c:292:3: error: unknown type name '__int64'; did you mean '__int64_t'?")
('error:', "/home/yanlin/my-projects/decompilation/source_code/recompiled/IDA/speccpu/gcc/O1/libquantum-gcc-O1/quantum_kronecker/src/qureg.c:296:3: error: unknown type name '__int64'; did you mean '__int64_t'?")
('error:', "/home/yanlin/my-projects/decompilation/source_code/recompiled/IDA/speccpu/gcc/O1/libquantum-gcc-O1/quantum_kronecker/src/qureg.c:337:16: error: use of undeclared identifier '__int64'")
('error:', "/home/yanlin/my-projects/decompilation/source_code/recompiled/IDA/speccpu/gcc/O1/libquantum-gcc-O1/quantum_kronecker/src/qureg.c:341:31: error: member reference base type '_Complex float' is not a structure or union")
('error:', "/home/yanlin/my-projects/decompilation/source_code/recompiled/IDA/speccpu/gcc/O1/libquantum-gcc-O1/quantum_kronecker/src/qureg.c:342:42: error: member reference base type '_Complex float' is not a structure or union")
('error:', "/home/yanlin/my-projects/decompilation/source_code/recompiled/IDA/speccpu/gcc/O1/libquantum-gcc-O1/quantum_kronecker/src/qureg.c:342:83: error: member reference base type '_Complex float' is not a structure or union")
('error:', "/home/yanlin/my-projects/decompilation/source_code/recompiled/IDA/speccpu/gcc/O1/libquantum-gcc-O1/quantum_kronecker/src/qureg.c:342:104: error: member reference base type '_Complex float' is not a structure or union")
('error:', "/home/yanlin/my-projects/decompilation/source_code/recompiled/IDA/speccpu/gcc/O1/libquantum-gcc-O1/quantum_kronecker/src/qureg.c:343:24: error: member reference base type '_Complex float' is not a structure or union")
('error:', "/home/yanlin/my-projects/decompilation/source_code/recompiled/IDA/speccpu/gcc/O1/libquantum-gcc-O1/quantum_kronecker/src/qureg.c:343:57: error: member reference base type '_Complex float' is not a structure or union")
('error:', "/home/yanlin/my-projects/decompilation/source_code/recompiled/IDA/speccpu/gcc/O1/libquantum-gcc-O1/quantum_kronecker/src/qureg.c:343:78: error: member reference base type '_Complex float' is not a structure or union")
('error:', "/home/yanlin/my-projects/decompilation/source_code/recompiled/IDA/speccpu/gcc/O1/libquantum-gcc-O1/quantum_kronecker/src/qureg.c:343:112: error: member reference base type '_Complex float' is not a structure or union")
('error:', "/home/yanlin/my-projects/decompilation/source_code/recompiled/IDA/speccpu/gcc/O1/libquantum-gcc-O1/quantum_kronecker/src/qureg.c:344:24: error: member reference base type '_Complex float' is not a structure or union")
***************** Next Function ******************
('func_count:', 21)
("func_name '", 'emul', "'")
('err_func:', '/data/maliha/decompilation/data/error_without_patch/ida/speccpu/gcc/O1/libquantum-gcc-O1-compilation-errors/emul')
('err_funcfile:', '/data/maliha/decompilation/data/error_without_patch/ida/speccpu/gcc/O1/libquantum-gcc-O1-compilation-errors/emul')
('error:', 'clang: error: linker command failed with exit code 1 (use -v to see invocation)')
***************** Next Function ******************
('func_count:', 22)
("func_name '", 'quantum_r_x', "'")
('err_func:', '/data/maliha/decompilation/data/error_without_patch/ida/speccpu/gcc/O1/libquantum-gcc-O1-compilation-errors/quantum_r_x')
('err_funcfile:', '/data/maliha/decompilation/data/error_without_patch/ida/speccpu/gcc/O1/libquantum-gcc-O1-compilation-errors/quantum_r_x')
('error:', "/home/yanlin/my-projects/decompilation/source_code/recompiled/IDA/speccpu/gcc/O1/libquantum-gcc-O1/quantum_r_x/src/gates.c:689:3: error: use of undeclared identifier 'complex_float'")
('error:', "/home/yanlin/my-projects/decompilation/source_code/recompiled/IDA/speccpu/gcc/O1/libquantum-gcc-O1/quantum_r_x/src/gates.c:689:18: error: use of undeclared identifier 't'")
('error:', "/home/yanlin/my-projects/decompilation/source_code/recompiled/IDA/speccpu/gcc/O1/libquantum-gcc-O1/quantum_r_x/src/gates.c:691:3: error: use of undeclared identifier 'complex_float'")
('error:', "/home/yanlin/my-projects/decompilation/source_code/recompiled/IDA/speccpu/gcc/O1/libquantum-gcc-O1/quantum_r_x/src/gates.c:691:18: error: use of undeclared identifier 'v9'")
('error:', "/home/yanlin/my-projects/decompilation/source_code/recompiled/IDA/speccpu/gcc/O1/libquantum-gcc-O1/quantum_r_x/src/gates.c:703:5: error: use of undeclared identifier 't'")
('error:', "/home/yanlin/my-projects/decompilation/source_code/recompiled/IDA/speccpu/gcc/O1/libquantum-gcc-O1/quantum_r_x/src/gates.c:704:8: error: member reference base type '_Complex float' is not a structure or union")
('error:', "/home/yanlin/my-projects/decompilation/source_code/recompiled/IDA/speccpu/gcc/O1/libquantum-gcc-O1/quantum_r_x/src/gates.c:705:5: error: use of undeclared identifier 't'")
('error:', "/home/yanlin/my-projects/decompilation/source_code/recompiled/IDA/speccpu/gcc/O1/libquantum-gcc-O1/quantum_r_x/src/gates.c:709:5: error: use of undeclared identifier 'v9'")
('error:', "/home/yanlin/my-projects/decompilation/source_code/recompiled/IDA/speccpu/gcc/O1/libquantum-gcc-O1/quantum_r_x/src/gates.c:710:11: error: member reference base type '_Complex float' is not a structure or union")
('error:', "/home/yanlin/my-projects/decompilation/source_code/recompiled/IDA/speccpu/gcc/O1/libquantum-gcc-O1/quantum_r_x/src/gates.c:711:5: error: use of undeclared identifier 'v9'")
('error:', "/home/yanlin/my-projects/decompilation/source_code/recompiled/IDA/speccpu/gcc/O1/libquantum-gcc-O1/quantum_r_x/src/gates.c:713:11: error: member reference base type '_Complex float' is not a structure or union")
('error:', "/home/yanlin/my-projects/decompilation/source_code/recompiled/IDA/speccpu/gcc/O1/libquantum-gcc-O1/quantum_r_x/src/gates.c:714:13: error: member reference base type '_Complex float' is not a structure or union")
('error:', "/home/yanlin/my-projects/decompilation/source_code/recompiled/IDA/speccpu/gcc/O1/libquantum-gcc-O1/quantum_r_x/src/gates.c:715:18: error: use of undeclared identifier 'complex_float'")
('error:', '/home/yanlin/my-projects/decompilation/source_code/recompiled/IDA/speccpu/gcc/O1/libquantum-gcc-O1/quantum_r_x/src/gates.c:716:16: error: expected expression')
('error:', "/home/yanlin/my-projects/decompilation/source_code/recompiled/IDA/speccpu/gcc/O1/libquantum-gcc-O1/quantum_r_x/src/gates.c:716:8: error: use of undeclared identifier '_QWORD'")
('error:', '/home/yanlin/my-projects/decompilation/source_code/recompiled/IDA/speccpu/gcc/O1/libquantum-gcc-O1/quantum_r_x/src/gates.c:716:40: error: expected expression')
('error:', "/home/yanlin/my-projects/decompilation/source_code/recompiled/IDA/speccpu/gcc/O1/libquantum-gcc-O1/quantum_r_x/src/gates.c:716:32: error: use of undeclared identifier '_QWORD'")
***************** Next Function ******************
('func_count:', 23)
("func_name '", 'quantum_state_collapse', "'")
('err_func:', '/data/maliha/decompilation/data/error_without_patch/ida/speccpu/gcc/O1/libquantum-gcc-O1-compilation-errors/quantum_state_collapse')
('err_funcfile:', '/data/maliha/decompilation/data/error_without_patch/ida/speccpu/gcc/O1/libquantum-gcc-O1-compilation-errors/quantum_state_collapse')
('error:', "/home/yanlin/my-projects/decompilation/source_code/recompiled/IDA/speccpu/gcc/O1/libquantum-gcc-O1/quantum_state_collapse/src/qureg.c:334:25: error: conflicting types for 'quantum_state_collapse'")
('error:', "/home/yanlin/my-projects/decompilation/source_code/recompiled/IDA/speccpu/gcc/O1/libquantum-gcc-O1/quantum_state_collapse/src/qureg.c:337:3: error: unknown type name '__int64'; did you mean '__int64_t'?")
('error:', "/home/yanlin/my-projects/decompilation/source_code/recompiled/IDA/speccpu/gcc/O1/libquantum-gcc-O1/quantum_state_collapse/src/qureg.c:341:3: error: unknown type name '__int64'; did you mean '__int64_t'?")
('error:', "/home/yanlin/my-projects/decompilation/source_code/recompiled/IDA/speccpu/gcc/O1/libquantum-gcc-O1/quantum_state_collapse/src/qureg.c:343:19: error: expected ';' at end of declaration")
('error:', "/home/yanlin/my-projects/decompilation/source_code/recompiled/IDA/speccpu/gcc/O1/libquantum-gcc-O1/quantum_state_collapse/src/qureg.c:344:10: error: expected ';' after expression")
('error:', "/home/yanlin/my-projects/decompilation/source_code/recompiled/IDA/speccpu/gcc/O1/libquantum-gcc-O1/quantum_state_collapse/src/qureg.c:344:11: error: use of undeclared identifier 'v14'")
('error:', "/home/yanlin/my-projects/decompilation/source_code/recompiled/IDA/speccpu/gcc/O1/libquantum-gcc-O1/quantum_state_collapse/src/qureg.c:349:12: error: redefinition of '__int64'")
('error:', "/home/yanlin/my-projects/decompilation/source_code/recompiled/IDA/speccpu/gcc/O1/libquantum-gcc-O1/quantum_state_collapse/src/qureg.c:349:19: error: expected ';' at end of declaration")
('error:', "/home/yanlin/my-projects/decompilation/source_code/recompiled/IDA/speccpu/gcc/O1/libquantum-gcc-O1/quantum_state_collapse/src/qureg.c:388:46: error: member reference base type '_Complex float' is not a structure or union")
('error:', "/home/yanlin/my-projects/decompilation/source_code/recompiled/IDA/speccpu/gcc/O1/libquantum-gcc-O1/quantum_state_collapse/src/qureg.c:388:69: error: member reference base type '_Complex float' is not a structure or union")
('error:', "/home/yanlin/my-projects/decompilation/source_code/recompiled/IDA/speccpu/gcc/O1/libquantum-gcc-O1/quantum_state_collapse/src/qureg.c:389:44: error: member reference base type '_Complex float' is not a structure or union")
('error:', "/home/yanlin/my-projects/decompilation/source_code/recompiled/IDA/speccpu/gcc/O1/libquantum-gcc-O1/quantum_state_collapse/src/qureg.c:389:67: error: member reference base type '_Complex float' is not a structure or union")
('error:', "/home/yanlin/my-projects/decompilation/source_code/recompiled/IDA/speccpu/gcc/O1/libquantum-gcc-O1/quantum_state_collapse/src/qureg.c:407:5: error: use of undeclared identifier 'state'")
('error:', "/home/yanlin/my-projects/decompilation/source_code/recompiled/IDA/speccpu/gcc/O1/libquantum-gcc-O1/quantum_state_collapse/src/qureg.c:408:13: error: use of undeclared identifier 'state'; did you mean 'static'?")
('error:', '/home/yanlin/my-projects/decompilation/source_code/recompiled/IDA/speccpu/gcc/O1/libquantum-gcc-O1/quantum_state_collapse/src/qureg.c:408:13: error: expected expression')
('error:', "/home/yanlin/my-projects/decompilation/source_code/recompiled/IDA/speccpu/gcc/O1/libquantum-gcc-O1/quantum_state_collapse/src/qureg.c:408:54: error: use of undeclared identifier 'state'; did you mean 'static'?")
('error:', '/home/yanlin/my-projects/decompilation/source_code/recompiled/IDA/speccpu/gcc/O1/libquantum-gcc-O1/quantum_state_collapse/src/qureg.c:408:54: error: expected expression')
('error:', "/home/yanlin/my-projects/decompilation/source_code/recompiled/IDA/speccpu/gcc/O1/libquantum-gcc-O1/quantum_state_collapse/src/qureg.c:422:13: error: use of undeclared identifier 'state'")
('error:', "/home/yanlin/my-projects/decompilation/source_code/recompiled/IDA/speccpu/gcc/O1/libquantum-gcc-O1/quantum_state_collapse/src/qureg.c:422:7: error: use of undeclared identifier 'v13'")
('error:', 'fatal error: too many errors emitted, stopping now [-ferror-limit=]')
***************** Next Function ******************
('func_count:', 24)
("func_name '", 'quantum_qureg2matrix', "'")
('err_func:', '/data/maliha/decompilation/data/error_without_patch/ida/speccpu/gcc/O1/libquantum-gcc-O1-compilation-errors/quantum_qureg2matrix')
('err_funcfile:', '/data/maliha/decompilation/data/error_without_patch/ida/speccpu/gcc/O1/libquantum-gcc-O1-compilation-errors/quantum_qureg2matrix')
('error:', "/home/yanlin/my-projects/decompilation/source_code/recompiled/IDA/speccpu/gcc/O1/libquantum-gcc-O1/quantum_qureg2matrix/src/qureg.c:162:1: error: unknown type name '__int64'; did you mean '__int64_t'?")
('error:', "/home/yanlin/my-projects/decompilation/source_code/recompiled/IDA/speccpu/gcc/O1/libquantum-gcc-O1/quantum_qureg2matrix/src/qureg.c:162:20: error: conflicting types for 'quantum_qureg2matrix'")
('error:', "/home/yanlin/my-projects/decompilation/source_code/recompiled/IDA/speccpu/gcc/O1/libquantum-gcc-O1/quantum_qureg2matrix/src/qureg.c:165:3: error: unknown type name '__int64'; did you mean '__int64_t'?")
('error:', "/home/yanlin/my-projects/decompilation/source_code/recompiled/IDA/speccpu/gcc/O1/libquantum-gcc-O1/quantum_qureg2matrix/src/qureg.c:166:3: error: use of undeclared identifier 'complex_float'")
('error:', "/home/yanlin/my-projects/decompilation/source_code/recompiled/IDA/speccpu/gcc/O1/libquantum-gcc-O1/quantum_qureg2matrix/src/qureg.c:166:18: error: use of undeclared identifier 't'")
('error:', "/home/yanlin/my-projects/decompilation/source_code/recompiled/IDA/speccpu/gcc/O1/libquantum-gcc-O1/quantum_qureg2matrix/src/qureg.c:169:19: error: expected ';' at end of declaration")
('error:', '/home/yanlin/my-projects/decompilation/source_code/recompiled/IDA/speccpu/gcc/O1/libquantum-gcc-O1/quantum_qureg2matrix/src/qureg.c:172:19: error: expected expression')
('error:', "/home/yanlin/my-projects/decompilation/source_code/recompiled/IDA/speccpu/gcc/O1/libquantum-gcc-O1/quantum_qureg2matrix/src/qureg.c:172:11: error: use of undeclared identifier '_QWORD'")
('error:', "/home/yanlin/my-projects/decompilation/source_code/recompiled/IDA/speccpu/gcc/O1/libquantum-gcc-O1/quantum_qureg2matrix/src/qureg.c:173:3: error: use of undeclared identifier 't'")
('error:', "/home/yanlin/my-projects/decompilation/source_code/recompiled/IDA/speccpu/gcc/O1/libquantum-gcc-O1/quantum_qureg2matrix/src/qureg.c:179:29: error: member reference base type '_Complex float' is not a structure or union")
('error:', "/home/yanlin/my-projects/decompilation/source_code/recompiled/IDA/speccpu/gcc/O1/libquantum-gcc-O1/quantum_qureg2matrix/src/qureg.c:180:7: error: use of undeclared identifier 'state'")
('error:', "/home/yanlin/my-projects/decompilation/source_code/recompiled/IDA/speccpu/gcc/O1/libquantum-gcc-O1/quantum_qureg2matrix/src/qureg.c:181:7: error: use of undeclared identifier 't'")
('error:', "/home/yanlin/my-projects/decompilation/source_code/recompiled/IDA/speccpu/gcc/O1/libquantum-gcc-O1/quantum_qureg2matrix/src/qureg.c:181:9: error: use of undeclared identifier 'state'")
('error:', "/home/yanlin/my-projects/decompilation/source_code/recompiled/IDA/speccpu/gcc/O1/libquantum-gcc-O1/quantum_qureg2matrix/src/qureg.c:181:38: error: member reference base type '_Complex float' is not a structure or union")
('error:', "/home/yanlin/my-projects/decompilation/source_code/recompiled/IDA/speccpu/gcc/O1/libquantum-gcc-O1/quantum_qureg2matrix/src/qureg.c:182:7: error: use of undeclared identifier 't'")
('error:', "/home/yanlin/my-projects/decompilation/source_code/recompiled/IDA/speccpu/gcc/O1/libquantum-gcc-O1/quantum_qureg2matrix/src/qureg.c:182:9: error: use of undeclared identifier 'state'")
***************** Next Function ******************
('func_count:', 25)
("func_name '", 'quantum_measure', "'")
('err_func:', '/data/maliha/decompilation/data/error_without_patch/ida/speccpu/gcc/O1/libquantum-gcc-O1-compilation-errors/quantum_measure')
('err_funcfile:', '/data/maliha/decompilation/data/error_without_patch/ida/speccpu/gcc/O1/libquantum-gcc-O1-compilation-errors/quantum_measure')
('error:', "/home/yanlin/my-projects/decompilation/source_code/recompiled/IDA/speccpu/gcc/O1/libquantum-gcc-O1/quantum_measure/src/measure.c:61:17: error: expected ';' after top level declarator")
('error:', "/home/yanlin/my-projects/decompilation/source_code/recompiled/IDA/speccpu/gcc/O1/libquantum-gcc-O1/quantum_measure/src/measure.c:64:19: error: expected ';' at end of declaration")
('error:', "/home/yanlin/my-projects/decompilation/source_code/recompiled/IDA/speccpu/gcc/O1/libquantum-gcc-O1/quantum_measure/src/measure.c:69:3: error: use of undeclared identifier 'result'")
('error:', "/home/yanlin/my-projects/decompilation/source_code/recompiled/IDA/speccpu/gcc/O1/libquantum-gcc-O1/quantum_measure/src/measure.c:83:49: error: member reference base type '_Complex float' is not a structure or union")
('error:', "/home/yanlin/my-projects/decompilation/source_code/recompiled/IDA/speccpu/gcc/O1/libquantum-gcc-O1/quantum_measure/src/measure.c:83:72: error: member reference base type '_Complex float' is not a structure or union")
('error:', "/home/yanlin/my-projects/decompilation/source_code/recompiled/IDA/speccpu/gcc/O1/libquantum-gcc-O1/quantum_measure/src/measure.c:84:47: error: member reference base type '_Complex float' is not a structure or union")
('error:', "/home/yanlin/my-projects/decompilation/source_code/recompiled/IDA/speccpu/gcc/O1/libquantum-gcc-O1/quantum_measure/src/measure.c:84:70: error: member reference base type '_Complex float' is not a structure or union")
('error:', "/home/yanlin/my-projects/decompilation/source_code/recompiled/IDA/speccpu/gcc/O1/libquantum-gcc-O1/quantum_measure/src/measure.c:93:10: error: use of undeclared identifier 'result'")
***************** Next Function ******************
('func_count:', 26)
("func_name '", 'quantum_bmeasure', "'")
('err_func:', '/data/maliha/decompilation/data/error_without_patch/ida/speccpu/gcc/O1/libquantum-gcc-O1-compilation-errors/quantum_bmeasure')
('err_funcfile:', '/data/maliha/decompilation/data/error_without_patch/ida/speccpu/gcc/O1/libquantum-gcc-O1-compilation-errors/quantum_bmeasure')
('error:', "/home/yanlin/my-projects/decompilation/source_code/recompiled/IDA/speccpu/gcc/O1/libquantum-gcc-O1/quantum_bmeasure/src/measure.c:103:3: error: unknown type name '__int64'; did you mean '__int64_t'?")
('error:', "/home/yanlin/my-projects/decompilation/source_code/recompiled/IDA/speccpu/gcc/O1/libquantum-gcc-O1/quantum_bmeasure/src/measure.c:118:14: error: use of undeclared identifier '__int64'")
('error:', "/home/yanlin/my-projects/decompilation/source_code/recompiled/IDA/speccpu/gcc/O1/libquantum-gcc-O1/quantum_bmeasure/src/measure.c:123:51: error: member reference base type '_Complex float' is not a structure or union")
('error:', "/home/yanlin/my-projects/decompilation/source_code/recompiled/IDA/speccpu/gcc/O1/libquantum-gcc-O1/quantum_bmeasure/src/measure.c:123:74: error: member reference base type '_Complex float' is not a structure or union")
('error:', "/home/yanlin/my-projects/decompilation/source_code/recompiled/IDA/speccpu/gcc/O1/libquantum-gcc-O1/quantum_bmeasure/src/measure.c:124:49: error: member reference base type '_Complex float' is not a structure or union")
('error:', "/home/yanlin/my-projects/decompilation/source_code/recompiled/IDA/speccpu/gcc/O1/libquantum-gcc-O1/quantum_bmeasure/src/measure.c:124:72: error: member reference base type '_Complex float' is not a structure or union")
('error:', '/home/yanlin/my-projects/decompilation/source_code/recompiled/IDA/speccpu/gcc/O1/libquantum-gcc-O1/quantum_bmeasure/src/measure.c:131:47: error: too many arguments to function call, expected 3, have 4')
('error:', '/home/yanlin/my-projects/decompilation/source_code/recompiled/IDA/speccpu/gcc/O1/libquantum-gcc-O1/quantum_bmeasure/src/measure.c:133:17: error: expected expression')
('error:', "/home/yanlin/my-projects/decompilation/source_code/recompiled/IDA/speccpu/gcc/O1/libquantum-gcc-O1/quantum_bmeasure/src/measure.c:133:8: error: use of undeclared identifier '__m128i'")
('error:', "/home/yanlin/my-projects/decompilation/source_code/recompiled/IDA/speccpu/gcc/O1/libquantum-gcc-O1/quantum_bmeasure/src/measure.c:133:57: error: unknown type name '__m128i'")
('error:', '/home/yanlin/my-projects/decompilation/source_code/recompiled/IDA/speccpu/gcc/O1/libquantum-gcc-O1/quantum_bmeasure/src/measure.c:134:17: error: expected expression')
('error:', "/home/yanlin/my-projects/decompilation/source_code/recompiled/IDA/speccpu/gcc/O1/libquantum-gcc-O1/quantum_bmeasure/src/measure.c:134:8: error: use of undeclared identifier '__m128i'")
('error:', "/home/yanlin/my-projects/decompilation/source_code/recompiled/IDA/speccpu/gcc/O1/libquantum-gcc-O1/quantum_bmeasure/src/measure.c:134:56: error: unknown type name '__m128i'")
***************** Next Function ******************
('func_count:', 27)
("func_name '", 'quantum_double2char', "'")
('err_func:', '/data/maliha/decompilation/data/error_without_patch/ida/speccpu/gcc/O1/libquantum-gcc-O1-compilation-errors/quantum_double2char')
('err_funcfile:', '/data/maliha/decompilation/data/error_without_patch/ida/speccpu/gcc/O1/libquantum-gcc-O1-compilation-errors/quantum_double2char')
('error:', "/home/yanlin/my-projects/decompilation/source_code/recompiled/IDA/speccpu/gcc/O1/libquantum-gcc-O1/quantum_double2char/src/objcode.c:90:77: error: expected ')'")
('error:', "/home/yanlin/my-projects/decompilation/source_code/recompiled/IDA/speccpu/gcc/O1/libquantum-gcc-O1/quantum_double2char/src/objcode.c:92:10: error: expected ';' after expression")
('error:', "/home/yanlin/my-projects/decompilation/source_code/recompiled/IDA/speccpu/gcc/O1/libquantum-gcc-O1/quantum_double2char/src/objcode.c:92:3: error: use of undeclared identifier '__int64'; did you mean '__int8'?")
('error:', "/home/yanlin/my-projects/decompilation/source_code/recompiled/IDA/speccpu/gcc/O1/libquantum-gcc-O1/quantum_double2char/src/objcode.c:92:11: error: use of undeclared identifier 'i'")
('error:', "/home/yanlin/my-projects/decompilation/source_code/recompiled/IDA/speccpu/gcc/O1/libquantum-gcc-O1/quantum_double2char/src/objcode.c:96:10: error: use of undeclared identifier 'i'")
('error:', "/home/yanlin/my-projects/decompilation/source_code/recompiled/IDA/speccpu/gcc/O1/libquantum-gcc-O1/quantum_double2char/src/objcode.c:96:19: error: use of undeclared identifier 'i'")
('error:', "/home/yanlin/my-projects/decompilation/source_code/recompiled/IDA/speccpu/gcc/O1/libquantum-gcc-O1/quantum_double2char/src/objcode.c:96:29: error: use of undeclared identifier 'i'")
('error:', "/home/yanlin/my-projects/decompilation/source_code/recompiled/IDA/speccpu/gcc/O1/libquantum-gcc-O1/quantum_double2char/src/objcode.c:97:5: error: use of undeclared identifier 'buf'")
('error:', "/home/yanlin/my-projects/decompilation/source_code/recompiled/IDA/speccpu/gcc/O1/libquantum-gcc-O1/quantum_double2char/src/objcode.c:97:9: error: use of undeclared identifier 'i'")
('error:', '/home/yanlin/my-projects/decompilation/source_code/recompiled/IDA/speccpu/gcc/O1/libquantum-gcc-O1/quantum_double2char/src/objcode.c:97:26: error: expected expression')
('error:', "/home/yanlin/my-projects/decompilation/source_code/recompiled/IDA/speccpu/gcc/O1/libquantum-gcc-O1/quantum_double2char/src/objcode.c:97:19: error: use of undeclared identifier '_BYTE'")
('error:', "/home/yanlin/my-projects/decompilation/source_code/recompiled/IDA/speccpu/gcc/O1/libquantum-gcc-O1/quantum_double2char/src/objcode.c:97:33: error: use of undeclared identifier 'i'")
('error:', '/home/yanlin/my-projects/decompilation/source_code/recompiled/IDA/speccpu/gcc/O1/libquantum-gcc-O1/quantum_double2char/src/objcode.c:224:49: error: too few arguments to function call, expected 3, have 2')
('error:', '/home/yanlin/my-projects/decompilation/source_code/recompiled/IDA/speccpu/gcc/O1/libquantum-gcc-O1/quantum_double2char/src/objcode.c:233:51: error: too few arguments to function call, expected 3, have 2')
***************** Next Function ******************
('func_count:', 28)
("func_name '", 'quantum_gate1', "'")
('err_func:', '/data/maliha/decompilation/data/error_without_patch/ida/speccpu/gcc/O1/libquantum-gcc-O1-compilation-errors/quantum_gate1')
('err_funcfile:', '/data/maliha/decompilation/data/error_without_patch/ida/speccpu/gcc/O1/libquantum-gcc-O1-compilation-errors/quantum_gate1')
('error:', "/home/yanlin/my-projects/decompilation/source_code/recompiled/IDA/speccpu/gcc/O1/libquantum-gcc-O1/quantum_gate1/src/gates.c:298:3: error: unknown type name '__int64'; did you mean '__int64_t'?")
('error:', "/home/yanlin/my-projects/decompilation/source_code/recompiled/IDA/speccpu/gcc/O1/libquantum-gcc-O1/quantum_gate1/src/gates.c:299:3: error: use of undeclared identifier 'complex_float'")
('error:', "/home/yanlin/my-projects/decompilation/source_code/recompiled/IDA/speccpu/gcc/O1/libquantum-gcc-O1/quantum_gate1/src/gates.c:299:18: error: use of undeclared identifier 't'")
('error:', "/home/yanlin/my-projects/decompilation/source_code/recompiled/IDA/speccpu/gcc/O1/libquantum-gcc-O1/quantum_gate1/src/gates.c:300:3: error: unknown type name '__int64'; did you mean '__int64_t'?")
('error:', "/home/yanlin/my-projects/decompilation/source_code/recompiled/IDA/speccpu/gcc/O1/libquantum-gcc-O1/quantum_gate1/src/gates.c:302:3: error: unknown type name '__int64'; did you mean '__int64_t'?")
('error:', "/home/yanlin/my-projects/decompilation/source_code/recompiled/IDA/speccpu/gcc/O1/libquantum-gcc-O1/quantum_gate1/src/gates.c:307:3: error: unknown type name '__int64'; did you mean '__int64_t'?")
('error:', "/home/yanlin/my-projects/decompilation/source_code/recompiled/IDA/speccpu/gcc/O1/libquantum-gcc-O1/quantum_gate1/src/gates.c:308:3: error: unknown type name '__int64'; did you mean '__int64_t'?")
('error:', "/home/yanlin/my-projects/decompilation/source_code/recompiled/IDA/speccpu/gcc/O1/libquantum-gcc-O1/quantum_gate1/src/gates.c:309:19: error: expected ';' at end of declaration")
('error:', "/home/yanlin/my-projects/decompilation/source_code/recompiled/IDA/speccpu/gcc/O1/libquantum-gcc-O1/quantum_gate1/src/gates.c:314:10: error: expected ';' after expression")
('error:', "/home/yanlin/my-projects/decompilation/source_code/recompiled/IDA/speccpu/gcc/O1/libquantum-gcc-O1/quantum_gate1/src/gates.c:314:11: error: use of undeclared identifier 'v20'; did you mean 'v10'?")
('error:', "/home/yanlin/my-projects/decompilation/source_code/recompiled/IDA/speccpu/gcc/O1/libquantum-gcc-O1/quantum_gate1/src/gates.c:317:10: error: expected ';' after expression")
('error:', "/home/yanlin/my-projects/decompilation/source_code/recompiled/IDA/speccpu/gcc/O1/libquantum-gcc-O1/quantum_gate1/src/gates.c:317:11: error: use of undeclared identifier 'n'")
('error:', "/home/yanlin/my-projects/decompilation/source_code/recompiled/IDA/speccpu/gcc/O1/libquantum-gcc-O1/quantum_gate1/src/gates.c:329:10: error: expected ';' after expression")
('error:', "/home/yanlin/my-projects/decompilation/source_code/recompiled/IDA/speccpu/gcc/O1/libquantum-gcc-O1/quantum_gate1/src/gates.c:329:11: error: use of undeclared identifier 'v35'")
('error:', "/home/yanlin/my-projects/decompilation/source_code/recompiled/IDA/speccpu/gcc/O1/libquantum-gcc-O1/quantum_gate1/src/gates.c:333:10: error: expected ';' after expression")
('error:', "/home/yanlin/my-projects/decompilation/source_code/recompiled/IDA/speccpu/gcc/O1/libquantum-gcc-O1/quantum_gate1/src/gates.c:333:11: error: use of undeclared identifier 'v39'")
('error:', "/home/yanlin/my-projects/decompilation/source_code/recompiled/IDA/speccpu/gcc/O1/libquantum-gcc-O1/quantum_gate1/src/gates.c:343:3: error: use of undeclared identifier 'bool'")
('error:', "/home/yanlin/my-projects/decompilation/source_code/recompiled/IDA/speccpu/gcc/O1/libquantum-gcc-O1/quantum_gate1/src/gates.c:345:10: error: expected ';' after expression")
('error:', "/home/yanlin/my-projects/decompilation/source_code/recompiled/IDA/speccpu/gcc/O1/libquantum-gcc-O1/quantum_gate1/src/gates.c:345:11: error: use of undeclared identifier 'v51'")
('error:', 'fatal error: too many errors emitted, stopping now [-ferror-limit=]')
***************** Next Function ******************
('func_count:', 29)
("func_name '", 'muxfa', "'")
('err_func:', '/data/maliha/decompilation/data/error_without_patch/ida/speccpu/gcc/O1/libquantum-gcc-O1-compilation-errors/muxfa')
('err_funcfile:', '/data/maliha/decompilation/data/error_without_patch/ida/speccpu/gcc/O1/libquantum-gcc-O1-compilation-errors/muxfa')
('error:', 'clang: error: linker command failed with exit code 1 (use -v to see invocation)')
***************** Next Function ******************
('func_count:', 30)
("func_name '", 'quantum_qft_inv', "'")
('err_func:', '/data/maliha/decompilation/data/error_without_patch/ida/speccpu/gcc/O1/libquantum-gcc-O1-compilation-errors/quantum_qft_inv')
('err_funcfile:', '/data/maliha/decompilation/data/error_without_patch/ida/speccpu/gcc/O1/libquantum-gcc-O1-compilation-errors/quantum_qft_inv')
('error:', 'clang: error: linker command failed with exit code 1 (use -v to see invocation)')
***************** Next Function ******************
('func_count:', 31)
("func_name '", 'quantum_dot_product', "'")
('err_func:', '/data/maliha/decompilation/data/error_without_patch/ida/speccpu/gcc/O1/libquantum-gcc-O1-compilation-errors/quantum_dot_product')
('err_funcfile:', '/data/maliha/decompilation/data/error_without_patch/ida/speccpu/gcc/O1/libquantum-gcc-O1-compilation-errors/quantum_dot_product')
('error:', "/home/yanlin/my-projects/decompilation/source_code/recompiled/IDA/speccpu/gcc/O1/libquantum-gcc-O1/quantum_dot_product/src/qureg.c:403:1: error: unknown type name 'complex_float'")
('error:', "/home/yanlin/my-projects/decompilation/source_code/recompiled/IDA/speccpu/gcc/O1/libquantum-gcc-O1/quantum_dot_product/src/qureg.c:403:15: error: expected identifier or '('")
***************** Next Function ******************
('func_count:', 32)
("func_name '", 'quantum_cexp', "'")
('err_func:', '/data/maliha/decompilation/data/error_without_patch/ida/speccpu/gcc/O1/libquantum-gcc-O1-compilation-errors/quantum_cexp')
('err_funcfile:', '/data/maliha/decompilation/data/error_without_patch/ida/speccpu/gcc/O1/libquantum-gcc-O1-compilation-errors/quantum_cexp')
('error:', "/home/yanlin/my-projects/decompilation/source_code/recompiled/IDA/speccpu/gcc/O1/libquantum-gcc-O1/quantum_cexp/src/complex.c:54:1: error: unknown type name '__m128i'")
('error:', "/home/yanlin/my-projects/decompilation/source_code/recompiled/IDA/speccpu/gcc/O1/libquantum-gcc-O1/quantum_cexp/src/complex.c:54:9: error: expected identifier or '('")
***************** Next Function ******************
('func_count:', 33)
("func_name '", 'quantum_qec_get_status', "'")
('err_func:', '/data/maliha/decompilation/data/error_without_patch/ida/speccpu/gcc/O1/libquantum-gcc-O1-compilation-errors/quantum_qec_get_status')
('err_funcfile:', '/data/maliha/decompilation/data/error_without_patch/ida/speccpu/gcc/O1/libquantum-gcc-O1-compilation-errors/quantum_qec_get_status')
('error:', 'clang: error: linker command failed with exit code 1 (use -v to see invocation)')
***************** Next Function ******************
('func_count:', 34)
("func_name '", 'muxha_inv', "'")
('err_func:', '/data/maliha/decompilation/data/error_without_patch/ida/speccpu/gcc/O1/libquantum-gcc-O1-compilation-errors/muxha_inv')
('err_funcfile:', '/data/maliha/decompilation/data/error_without_patch/ida/speccpu/gcc/O1/libquantum-gcc-O1-compilation-errors/muxha_inv')
('error:', 'clang: error: linker command failed with exit code 1 (use -v to see invocation)')
***************** Next Function ******************
('func_count:', 35)
("func_name '", 'quantum_qec_decode', "'")
('err_func:', '/data/maliha/decompilation/data/error_without_patch/ida/speccpu/gcc/O1/libquantum-gcc-O1-compilation-errors/quantum_qec_decode')
('err_funcfile:', '/data/maliha/decompilation/data/error_without_patch/ida/speccpu/gcc/O1/libquantum-gcc-O1-compilation-errors/quantum_qec_decode')
('error:', "/home/yanlin/my-projects/decompilation/source_code/recompiled/IDA/speccpu/gcc/O1/libquantum-gcc-O1/quantum_qec_decode/src/qec.c:118:34: error: too many arguments to function call, expected single argument 'lambda', have 2 arguments")
('error:', '/home/yanlin/my-projects/decompilation/source_code/recompiled/IDA/speccpu/gcc/O1/libquantum-gcc-O1/quantum_qec_decode/src/qec.c:121:3: error: expected expression')
('error:', '/home/yanlin/my-projects/decompilation/source_code/recompiled/IDA/speccpu/gcc/O1/libquantum-gcc-O1/quantum_qec_decode/src/qec.c:122:3: error: expected expression')
('error:', "/home/yanlin/my-projects/decompilation/source_code/recompiled/IDA/speccpu/gcc/O1/libquantum-gcc-O1/quantum_qec_decode/src/qec.c:131:43: error: too many arguments to function call, expected single argument 'lambda', have 2 arguments")
***************** Next Function ******************
('func_count:', 36)
("func_name '", 'quantum_new_qureg', "'")
('err_func:', '/data/maliha/decompilation/data/error_without_patch/ida/speccpu/gcc/O1/libquantum-gcc-O1-compilation-errors/quantum_new_qureg')
('err_funcfile:', '/data/maliha/decompilation/data/error_without_patch/ida/speccpu/gcc/O1/libquantum-gcc-O1-compilation-errors/quantum_new_qureg')
('error:', "/home/yanlin/my-projects/decompilation/source_code/recompiled/IDA/speccpu/gcc/O1/libquantum-gcc-O1/quantum_new_qureg/src/qureg.c:107:83: error: expected ')'")
('error:', "/home/yanlin/my-projects/decompilation/source_code/recompiled/IDA/speccpu/gcc/O1/libquantum-gcc-O1/quantum_new_qureg/src/qureg.c:107:25: error: conflicting types for 'quantum_new_qureg'")
('error:', "/home/yanlin/my-projects/decompilation/source_code/recompiled/IDA/speccpu/gcc/O1/libquantum-gcc-O1/quantum_new_qureg/src/qureg.c:110:3: error: use of undeclared identifier '_QWORD'")
('error:', "/home/yanlin/my-projects/decompilation/source_code/recompiled/IDA/speccpu/gcc/O1/libquantum-gcc-O1/quantum_new_qureg/src/qureg.c:110:11: error: use of undeclared identifier 'v5'")
('error:', "/home/yanlin/my-projects/decompilation/source_code/recompiled/IDA/speccpu/gcc/O1/libquantum-gcc-O1/quantum_new_qureg/src/qureg.c:111:3: error: use of undeclared identifier '_QWORD'")
('error:', "/home/yanlin/my-projects/decompilation/source_code/recompiled/IDA/speccpu/gcc/O1/libquantum-gcc-O1/quantum_new_qureg/src/qureg.c:111:11: error: use of undeclared identifier 'v6'")
('error:', "/home/yanlin/my-projects/decompilation/source_code/recompiled/IDA/speccpu/gcc/O1/libquantum-gcc-O1/quantum_new_qureg/src/qureg.c:115:8: error: use of undeclared identifier 'width'")
('error:', "/home/yanlin/my-projects/decompilation/source_code/recompiled/IDA/speccpu/gcc/O1/libquantum-gcc-O1/quantum_new_qureg/src/qureg.c:116:3: error: use of undeclared identifier 'v5'")
('error:', "/home/yanlin/my-projects/decompilation/source_code/recompiled/IDA/speccpu/gcc/O1/libquantum-gcc-O1/quantum_new_qureg/src/qureg.c:117:10: error: use of undeclared identifier 'v5'")
('error:', "/home/yanlin/my-projects/decompilation/source_code/recompiled/IDA/speccpu/gcc/O1/libquantum-gcc-O1/quantum_new_qureg/src/qureg.c:122:3: error: use of undeclared identifier 'v6'")
('error:', "/home/yanlin/my-projects/decompilation/source_code/recompiled/IDA/speccpu/gcc/O1/libquantum-gcc-O1/quantum_new_qureg/src/qureg.c:122:8: error: use of undeclared identifier 'v5'")
('error:', "/home/yanlin/my-projects/decompilation/source_code/recompiled/IDA/speccpu/gcc/O1/libquantum-gcc-O1/quantum_new_qureg/src/qureg.c:131:3: error: use of undeclared identifier 'v6'")
('error:', "/home/yanlin/my-projects/decompilation/source_code/recompiled/IDA/speccpu/gcc/O1/libquantum-gcc-O1/quantum_new_qureg/src/qureg.c:131:11: error: use of undeclared identifier 'initval'; did you mean 'finitel'?")
('error:', '/home/yanlin/my-projects/decompilation/source_code/recompiled/IDA/speccpu/gcc/O1/libquantum-gcc-O1/quantum_new_qureg/src/qureg.c:132:14: error: expected expression')
('error:', "/home/yanlin/my-projects/decompilation/source_code/recompiled/IDA/speccpu/gcc/O1/libquantum-gcc-O1/quantum_new_qureg/src/qureg.c:132:6: error: use of undeclared identifier '_DWORD'")
('error:', '/home/yanlin/my-projects/decompilation/source_code/recompiled/IDA/speccpu/gcc/O1/libquantum-gcc-O1/quantum_new_qureg/src/qureg.c:133:16: error: expected expression')
('error:', "/home/yanlin/my-projects/decompilation/source_code/recompiled/IDA/speccpu/gcc/O1/libquantum-gcc-O1/quantum_new_qureg/src/qureg.c:133:8: error: use of undeclared identifier '_DWORD'")
('error:', "/home/yanlin/my-projects/decompilation/source_code/recompiled/IDA/speccpu/gcc/O1/libquantum-gcc-O1/quantum_new_qureg/src/qureg.c:141:28: error: use of undeclared identifier 'initval'; did you mean 'finitel'?")
('error:', "/home/yanlin/my-projects/decompilation/source_code/recompiled/IDA/speccpu/gcc/O1/libquantum-gcc-O1/quantum_new_qureg/src/qureg.c:142:19: error: use of undeclared identifier 'width'")
('error:', 'fatal error: too many errors emitted, stopping now [-ferror-limit=]')
***************** Next Function ******************
('func_count:', 37)
("func_name '", 'quantum_memman', "'")
('err_func:', '/data/maliha/decompilation/data/error_without_patch/ida/speccpu/gcc/O1/libquantum-gcc-O1-compilation-errors/quantum_memman')
('err_funcfile:', '/data/maliha/decompilation/data/error_without_patch/ida/speccpu/gcc/O1/libquantum-gcc-O1-compilation-errors/quantum_memman')
('error:', "/home/yanlin/my-projects/decompilation/source_code/recompiled/IDA/speccpu/gcc/O1/libquantum-gcc-O1/quantum_memman/src/matrix.c:32:17: error: expected ';' after top level declarator")
('error:', "/home/yanlin/my-projects/decompilation/source_code/recompiled/IDA/speccpu/gcc/O1/libquantum-gcc-O1/quantum_memman/src/matrix.c:32:45: error: unknown type name '__int64'; did you mean '__int64_t'?")
('error:', "/home/yanlin/my-projects/decompilation/source_code/recompiled/IDA/speccpu/gcc/O1/libquantum-gcc-O1/quantum_memman/src/matrix.c:32:29: error: conflicting types for 'quantum_memman'")
('error:', "/home/yanlin/my-projects/decompilation/source_code/recompiled/IDA/speccpu/gcc/O1/libquantum-gcc-O1/quantum_memman/src/matrix.c:34:19: error: expected ';' at end of declaration")
('error:', "/home/yanlin/my-projects/decompilation/source_code/recompiled/IDA/speccpu/gcc/O1/libquantum-gcc-O1/quantum_memman/src/matrix.c:36:3: error: use of undeclared identifier 'result'")
('error:', "/home/yanlin/my-projects/decompilation/source_code/recompiled/IDA/speccpu/gcc/O1/libquantum-gcc-O1/quantum_memman/src/matrix.c:36:12: error: use of undeclared identifier 'mem_1'")
('error:', "/home/yanlin/my-projects/decompilation/source_code/recompiled/IDA/speccpu/gcc/O1/libquantum-gcc-O1/quantum_memman/src/matrix.c:37:3: error: use of undeclared identifier 'mem_1'")
('error:', "/home/yanlin/my-projects/decompilation/source_code/recompiled/IDA/speccpu/gcc/O1/libquantum-gcc-O1/quantum_memman/src/matrix.c:37:11: error: use of undeclared identifier 'result'")
('error:', "/home/yanlin/my-projects/decompilation/source_code/recompiled/IDA/speccpu/gcc/O1/libquantum-gcc-O1/quantum_memman/src/matrix.c:38:19: error: expected ')'")
('error:', "/home/yanlin/my-projects/decompilation/source_code/recompiled/IDA/speccpu/gcc/O1/libquantum-gcc-O1/quantum_memman/src/matrix.c:39:5: error: use of undeclared identifier 'max_0'")
('error:', "/home/yanlin/my-projects/decompilation/source_code/recompiled/IDA/speccpu/gcc/O1/libquantum-gcc-O1/quantum_memman/src/matrix.c:39:13: error: use of undeclared identifier 'result'")
('error:', "/home/yanlin/my-projects/decompilation/source_code/recompiled/IDA/speccpu/gcc/O1/libquantum-gcc-O1/quantum_memman/src/matrix.c:40:10: error: use of undeclared identifier 'result'")
***************** Next Function ******************
('func_count:', 38)
("func_name '", 'quantum_mu2char', "'")
('err_func:', '/data/maliha/decompilation/data/error_without_patch/ida/speccpu/gcc/O1/libquantum-gcc-O1-compilation-errors/quantum_mu2char')
('err_funcfile:', '/data/maliha/decompilation/data/error_without_patch/ida/speccpu/gcc/O1/libquantum-gcc-O1-compilation-errors/quantum_mu2char')
('error:', "/home/yanlin/my-projects/decompilation/source_code/recompiled/IDA/speccpu/gcc/O1/libquantum-gcc-O1/quantum_mu2char/src/objcode.c:58:51: error: expected ')'")
('error:', "/home/yanlin/my-projects/decompilation/source_code/recompiled/IDA/speccpu/gcc/O1/libquantum-gcc-O1/quantum_mu2char/src/objcode.c:64:12: error: use of undeclared identifier 'mu'")
('error:', "/home/yanlin/my-projects/decompilation/source_code/recompiled/IDA/speccpu/gcc/O1/libquantum-gcc-O1/quantum_mu2char/src/objcode.c:64:6: error: use of undeclared identifier 'buf'")
('error:', "/home/yanlin/my-projects/decompilation/source_code/recompiled/IDA/speccpu/gcc/O1/libquantum-gcc-O1/quantum_mu2char/src/objcode.c:65:5: error: use of undeclared identifier 'mu'")
('error:', "/home/yanlin/my-projects/decompilation/source_code/recompiled/IDA/speccpu/gcc/O1/libquantum-gcc-O1/quantum_mu2char/src/objcode.c:66:7: error: use of undeclared identifier 'buf'")
('error:', "/home/yanlin/my-projects/decompilation/source_code/recompiled/IDA/speccpu/gcc/O1/libquantum-gcc-O1/quantum_mu2char/src/objcode.c:183:27: error: too many arguments to function call, expected single argument '__int64', have 2 arguments")
***************** Next Function ******************
('func_count:', 39)
("func_name '", 'quantum_get_version', "'")
('err_func:', '/data/maliha/decompilation/data/error_without_patch/ida/speccpu/gcc/O1/libquantum-gcc-O1-compilation-errors/quantum_get_version')
('err_funcfile:', '/data/maliha/decompilation/data/error_without_patch/ida/speccpu/gcc/O1/libquantum-gcc-O1-compilation-errors/quantum_get_version')
('error:', 'clang: error: linker command failed with exit code 1 (use -v to see invocation)')
***************** Next Function ******************
('func_count:', 40)
("func_name '", 'quantum_cond_phase_inv', "'")
('err_func:', '/data/maliha/decompilation/data/error_without_patch/ida/speccpu/gcc/O1/libquantum-gcc-O1-compilation-errors/quantum_cond_phase_inv')
('err_funcfile:', '/data/maliha/decompilation/data/error_without_patch/ida/speccpu/gcc/O1/libquantum-gcc-O1-compilation-errors/quantum_cond_phase_inv')
('error:', "/home/yanlin/my-projects/decompilation/source_code/recompiled/IDA/speccpu/gcc/O1/libquantum-gcc-O1/quantum_cond_phase_inv/src/gates.c:821:3: error: unknown type name '__int64'; did you mean '__int64_t'?")
('error:', "/home/yanlin/my-projects/decompilation/source_code/recompiled/IDA/speccpu/gcc/O1/libquantum-gcc-O1/quantum_cond_phase_inv/src/gates.c:824:3: error: unknown type name '__int64'; did you mean '__int64_t'?")
('error:', "/home/yanlin/my-projects/decompilation/source_code/recompiled/IDA/speccpu/gcc/O1/libquantum-gcc-O1/quantum_cond_phase_inv/src/gates.c:825:3: error: unknown type name '__int64'; did you mean '__int64_t'?")
('error:', "/home/yanlin/my-projects/decompilation/source_code/recompiled/IDA/speccpu/gcc/O1/libquantum-gcc-O1/quantum_cond_phase_inv/src/gates.c:826:3: error: unknown type name '__int64'; did you mean '__int64_t'?")
('error:', "/home/yanlin/my-projects/decompilation/source_code/recompiled/IDA/speccpu/gcc/O1/libquantum-gcc-O1/quantum_cond_phase_inv/src/gates.c:830:19: error: expected ';' at end of declaration")
('error:', "/home/yanlin/my-projects/decompilation/source_code/recompiled/IDA/speccpu/gcc/O1/libquantum-gcc-O1/quantum_cond_phase_inv/src/gates.c:832:28: error: expected ')'")
('error:', "/home/yanlin/my-projects/decompilation/source_code/recompiled/IDA/speccpu/gcc/O1/libquantum-gcc-O1/quantum_cond_phase_inv/src/gates.c:832:56: error: expected ')'")
('error:', "/home/yanlin/my-projects/decompilation/source_code/recompiled/IDA/speccpu/gcc/O1/libquantum-gcc-O1/quantum_cond_phase_inv/src/gates.c:835:32: error: expected ')'")
('error:', "/home/yanlin/my-projects/decompilation/source_code/recompiled/IDA/speccpu/gcc/O1/libquantum-gcc-O1/quantum_cond_phase_inv/src/gates.c:835:60: error: expected ')'")
('error:', "/home/yanlin/my-projects/decompilation/source_code/recompiled/IDA/speccpu/gcc/O1/libquantum-gcc-O1/quantum_cond_phase_inv/src/gates.c:835:95: error: expected ')'")
('error:', "/home/yanlin/my-projects/decompilation/source_code/recompiled/IDA/speccpu/gcc/O1/libquantum-gcc-O1/quantum_cond_phase_inv/src/gates.c:843:3: error: use of undeclared identifier 'b'")
('error:', "/home/yanlin/my-projects/decompilation/source_code/recompiled/IDA/speccpu/gcc/O1/libquantum-gcc-O1/quantum_cond_phase_inv/src/gates.c:843:26: error: too many arguments to function call, expected single argument 'phi', have 2 arguments")
('error:', "/home/yanlin/my-projects/decompilation/source_code/recompiled/IDA/speccpu/gcc/O1/libquantum-gcc-O1/quantum_cond_phase_inv/src/gates.c:854:30: error: member reference base type '_Complex float' is not a structure or union")
('error:', "/home/yanlin/my-projects/decompilation/source_code/recompiled/IDA/speccpu/gcc/O1/libquantum-gcc-O1/quantum_cond_phase_inv/src/gates.c:855:39: error: use of undeclared identifier 'b'")
('error:', "/home/yanlin/my-projects/decompilation/source_code/recompiled/IDA/speccpu/gcc/O1/libquantum-gcc-O1/quantum_cond_phase_inv/src/gates.c:855:62: error: member reference base type '_Complex float' is not a structure or union")
('error:', "/home/yanlin/my-projects/decompilation/source_code/recompiled/IDA/speccpu/gcc/O1/libquantum-gcc-O1/quantum_cond_phase_inv/src/gates.c:855:93: error: use of undeclared identifier 'b'")
('error:', "/home/yanlin/my-projects/decompilation/source_code/recompiled/IDA/speccpu/gcc/O1/libquantum-gcc-O1/quantum_cond_phase_inv/src/gates.c:856:23: error: member reference base type '_Complex float' is not a structure or union")
('error:', "/home/yanlin/my-projects/decompilation/source_code/recompiled/IDA/speccpu/gcc/O1/libquantum-gcc-O1/quantum_cond_phase_inv/src/gates.c:856:53: error: use of undeclared identifier 'b'")
('error:', "/home/yanlin/my-projects/decompilation/source_code/recompiled/IDA/speccpu/gcc/O1/libquantum-gcc-O1/quantum_cond_phase_inv/src/gates.c:856:71: error: member reference base type '_Complex float' is not a structure or union")
('error:', 'fatal error: too many errors emitted, stopping now [-ferror-limit=]')
***************** Next Function ******************
('func_count:', 41)
("func_name '", 'quantum_char2double', "'")
('err_func:', '/data/maliha/decompilation/data/error_without_patch/ida/speccpu/gcc/O1/libquantum-gcc-O1-compilation-errors/quantum_char2double')
('err_funcfile:', '/data/maliha/decompilation/data/error_without_patch/ida/speccpu/gcc/O1/libquantum-gcc-O1-compilation-errors/quantum_char2double')
('error:', "/home/yanlin/my-projects/decompilation/source_code/recompiled/IDA/speccpu/gcc/O1/libquantum-gcc-O1/quantum_char2double/src/objcode.c:125:56: error: expected ')'")
('error:', "/home/yanlin/my-projects/decompilation/source_code/recompiled/IDA/speccpu/gcc/O1/libquantum-gcc-O1/quantum_char2double/src/objcode.c:125:19: error: conflicting types for 'quantum_char2double'")
('error:', "/home/yanlin/my-projects/decompilation/source_code/recompiled/IDA/speccpu/gcc/O1/libquantum-gcc-O1/quantum_char2double/src/objcode.c:127:22: error: use of undeclared identifier 'buf'")
***************** Next Function ******************
('func_count:', 42)
("func_name '", 'quantum_gate_counter', "'")
('err_func:', '/data/maliha/decompilation/data/error_without_patch/ida/speccpu/gcc/O1/libquantum-gcc-O1-compilation-errors/quantum_gate_counter')
('err_funcfile:', '/data/maliha/decompilation/data/error_without_patch/ida/speccpu/gcc/O1/libquantum-gcc-O1-compilation-errors/quantum_gate_counter')
('error:', "/home/yanlin/my-projects/decompilation/source_code/recompiled/IDA/speccpu/gcc/O1/libquantum-gcc-O1/quantum_gate_counter/src/gates.c:871:7: error: use of undeclared identifier 'counter_0'")
('error:', "/home/yanlin/my-projects/decompilation/source_code/recompiled/IDA/speccpu/gcc/O1/libquantum-gcc-O1/quantum_gate_counter/src/gates.c:875:5: error: use of undeclared identifier 'counter_0'")
('error:', "/home/yanlin/my-projects/decompilation/source_code/recompiled/IDA/speccpu/gcc/O1/libquantum-gcc-O1/quantum_gate_counter/src/gates.c:877:10: error: use of undeclared identifier 'counter_0'")
***************** Next Function ******************
('func_count:', 43)
("func_name '", 'quantum_matrix2qureg', "'")
('err_func:', '/data/maliha/decompilation/data/error_without_patch/ida/speccpu/gcc/O1/libquantum-gcc-O1-compilation-errors/quantum_matrix2qureg')
('err_funcfile:', '/data/maliha/decompilation/data/error_without_patch/ida/speccpu/gcc/O1/libquantum-gcc-O1-compilation-errors/quantum_matrix2qureg')
('error:', "/home/yanlin/my-projects/decompilation/source_code/recompiled/IDA/speccpu/gcc/O1/libquantum-gcc-O1/quantum_matrix2qureg/src/qureg.c:44:25: error: conflicting types for 'quantum_matrix2qureg'")
('error:', "/home/yanlin/my-projects/decompilation/source_code/recompiled/IDA/speccpu/gcc/O1/libquantum-gcc-O1/quantum_matrix2qureg/src/qureg.c:46:3: error: unknown type name '__int64'; did you mean '__int64_t'?")
('error:', "/home/yanlin/my-projects/decompilation/source_code/recompiled/IDA/speccpu/gcc/O1/libquantum-gcc-O1/quantum_matrix2qureg/src/qureg.c:48:3: error: use of undeclared identifier 'complex_float'")
('error:', "/home/yanlin/my-projects/decompilation/source_code/recompiled/IDA/speccpu/gcc/O1/libquantum-gcc-O1/quantum_matrix2qureg/src/qureg.c:48:18: error: use of undeclared identifier 't'")
('error:', "/home/yanlin/my-projects/decompilation/source_code/recompiled/IDA/speccpu/gcc/O1/libquantum-gcc-O1/quantum_matrix2qureg/src/qureg.c:49:3: error: unknown type name '__int64'; did you mean '__int64_t'?")
('error:', "/home/yanlin/my-projects/decompilation/source_code/recompiled/IDA/speccpu/gcc/O1/libquantum-gcc-O1/quantum_matrix2qureg/src/qureg.c:53:3: error: use of undeclared identifier 'complex_float'")
('error:', "/home/yanlin/my-projects/decompilation/source_code/recompiled/IDA/speccpu/gcc/O1/libquantum-gcc-O1/quantum_matrix2qureg/src/qureg.c:53:18: error: use of undeclared identifier 'v11'")
('error:', "/home/yanlin/my-projects/decompilation/source_code/recompiled/IDA/speccpu/gcc/O1/libquantum-gcc-O1/quantum_matrix2qureg/src/qureg.c:54:19: error: expected ';' at end of declaration")
('error:', "/home/yanlin/my-projects/decompilation/source_code/recompiled/IDA/speccpu/gcc/O1/libquantum-gcc-O1/quantum_matrix2qureg/src/qureg.c:61:11: error: use of undeclared identifier '_DWORD'")
('error:', "/home/yanlin/my-projects/decompilation/source_code/recompiled/IDA/speccpu/gcc/O1/libquantum-gcc-O1/quantum_matrix2qureg/src/qureg.c:69:5: error: use of undeclared identifier 't'")
('error:', "/home/yanlin/my-projects/decompilation/source_code/recompiled/IDA/speccpu/gcc/O1/libquantum-gcc-O1/quantum_matrix2qureg/src/qureg.c:70:21: error: use of undeclared identifier 't'")
('error:', "/home/yanlin/my-projects/decompilation/source_code/recompiled/IDA/speccpu/gcc/O1/libquantum-gcc-O1/quantum_matrix2qureg/src/qureg.c:74:13: error: use of undeclared identifier 't'")
('error:', "/home/yanlin/my-projects/decompilation/source_code/recompiled/IDA/speccpu/gcc/O1/libquantum-gcc-O1/quantum_matrix2qureg/src/qureg.c:74:31: error: use of undeclared identifier 't'")
('error:', "/home/yanlin/my-projects/decompilation/source_code/recompiled/IDA/speccpu/gcc/O1/libquantum-gcc-O1/quantum_matrix2qureg/src/qureg.c:76:9: error: use of undeclared identifier 't'")
('error:', '/home/yanlin/my-projects/decompilation/source_code/recompiled/IDA/speccpu/gcc/O1/libquantum-gcc-O1/quantum_matrix2qureg/src/qureg.c:78:36: error: expected expression')
('error:', "/home/yanlin/my-projects/decompilation/source_code/recompiled/IDA/speccpu/gcc/O1/libquantum-gcc-O1/quantum_matrix2qureg/src/qureg.c:78:21: error: use of undeclared identifier 'complex_float'")
('error:', "/home/yanlin/my-projects/decompilation/source_code/recompiled/IDA/speccpu/gcc/O1/libquantum-gcc-O1/quantum_matrix2qureg/src/qureg.c:78:14: error: use of undeclared identifier 't'")
('error:', "/home/yanlin/my-projects/decompilation/source_code/recompiled/IDA/speccpu/gcc/O1/libquantum-gcc-O1/quantum_matrix2qureg/src/qureg.c:78:37: error: expected ')'")
('error:', "/home/yanlin/my-projects/decompilation/source_code/recompiled/IDA/speccpu/gcc/O1/libquantum-gcc-O1/quantum_matrix2qureg/src/qureg.c:98:5: error: use of undeclared identifier 'v11'")
('error:', 'fatal error: too many errors emitted, stopping now [-ferror-limit=]')
***************** Next Function ******************
('func_count:', 44)
("func_name '", 'quantum_swaptheleads_omuln_controlled', "'")
('err_func:', '/data/maliha/decompilation/data/error_without_patch/ida/speccpu/gcc/O1/libquantum-gcc-O1-compilation-errors/quantum_swaptheleads_omuln_controlled')
('err_funcfile:', '/data/maliha/decompilation/data/error_without_patch/ida/speccpu/gcc/O1/libquantum-gcc-O1-compilation-errors/quantum_swaptheleads_omuln_controlled')
('error:', 'clang: error: linker command failed with exit code 1 (use -v to see invocation)')
***************** Next Function ******************
('func_count:', 45)
("func_name '", 'quantum_char2mu', "'")
('err_func:', '/data/maliha/decompilation/data/error_without_patch/ida/speccpu/gcc/O1/libquantum-gcc-O1-compilation-errors/quantum_char2mu')
('err_funcfile:', '/data/maliha/decompilation/data/error_without_patch/ida/speccpu/gcc/O1/libquantum-gcc-O1-compilation-errors/quantum_char2mu')
('error:', "/home/yanlin/my-projects/decompilation/source_code/recompiled/IDA/speccpu/gcc/O1/libquantum-gcc-O1/quantum_char2mu/src/objcode.c:99:17: error: expected ';' after top level declarator")
('error:', "/home/yanlin/my-projects/decompilation/source_code/recompiled/IDA/speccpu/gcc/O1/libquantum-gcc-O1/quantum_char2mu/src/objcode.c:99:62: error: expected ')'")
('error:', "/home/yanlin/my-projects/decompilation/source_code/recompiled/IDA/speccpu/gcc/O1/libquantum-gcc-O1/quantum_char2mu/src/objcode.c:99:29: error: conflicting types for 'quantum_char2mu'")
('error:', "/home/yanlin/my-projects/decompilation/source_code/recompiled/IDA/speccpu/gcc/O1/libquantum-gcc-O1/quantum_char2mu/src/objcode.c:101:12: error: redefinition of '__int8'")
('error:', "/home/yanlin/my-projects/decompilation/source_code/recompiled/IDA/speccpu/gcc/O1/libquantum-gcc-O1/quantum_char2mu/src/objcode.c:101:18: error: expected ';' at end of declaration")
('error:', "/home/yanlin/my-projects/decompilation/source_code/recompiled/IDA/speccpu/gcc/O1/libquantum-gcc-O1/quantum_char2mu/src/objcode.c:103:19: error: expected ';' at end of declaration")
('error:', "/home/yanlin/my-projects/decompilation/source_code/recompiled/IDA/speccpu/gcc/O1/libquantum-gcc-O1/quantum_char2mu/src/objcode.c:105:3: error: use of undeclared identifier 'v1'")
('error:', "/home/yanlin/my-projects/decompilation/source_code/recompiled/IDA/speccpu/gcc/O1/libquantum-gcc-O1/quantum_char2mu/src/objcode.c:105:8: error: use of undeclared identifier 'buf'")
('error:', "/home/yanlin/my-projects/decompilation/source_code/recompiled/IDA/speccpu/gcc/O1/libquantum-gcc-O1/quantum_char2mu/src/objcode.c:107:3: error: use of undeclared identifier 'v3'")
('error:', "/home/yanlin/my-projects/decompilation/source_code/recompiled/IDA/speccpu/gcc/O1/libquantum-gcc-O1/quantum_char2mu/src/objcode.c:110:5: error: use of undeclared identifier 'v3'")
('error:', "/home/yanlin/my-projects/decompilation/source_code/recompiled/IDA/speccpu/gcc/O1/libquantum-gcc-O1/quantum_char2mu/src/objcode.c:110:22: error: expected ')'")
('error:', "/home/yanlin/my-projects/decompilation/source_code/recompiled/IDA/speccpu/gcc/O1/libquantum-gcc-O1/quantum_char2mu/src/objcode.c:110:31: error: use of undeclared identifier 'v1'")
('error:', "/home/yanlin/my-projects/decompilation/source_code/recompiled/IDA/speccpu/gcc/O1/libquantum-gcc-O1/quantum_char2mu/src/objcode.c:114:10: error: use of undeclared identifier 'v3'")
***************** Next Function ******************
('func_count:', 46)
("func_name '", 'quantum_getwidth', "'")
('err_func:', '/data/maliha/decompilation/data/error_without_patch/ida/speccpu/gcc/O1/libquantum-gcc-O1-compilation-errors/quantum_getwidth')
('err_funcfile:', '/data/maliha/decompilation/data/error_without_patch/ida/speccpu/gcc/O1/libquantum-gcc-O1-compilation-errors/quantum_getwidth')
('error:', 'clang: error: linker command failed with exit code 1 (use -v to see invocation)')
***************** Next Function ******************
('func_count:', 47)
("func_name '", 'quantum_sigma_x_ft', "'")
('err_func:', '/data/maliha/decompilation/data/error_without_patch/ida/speccpu/gcc/O1/libquantum-gcc-O1-compilation-errors/quantum_sigma_x_ft')
('err_funcfile:', '/data/maliha/decompilation/data/error_without_patch/ida/speccpu/gcc/O1/libquantum-gcc-O1-compilation-errors/quantum_sigma_x_ft')
('error:', "/home/yanlin/my-projects/decompilation/source_code/recompiled/IDA/speccpu/gcc/O1/libquantum-gcc-O1/quantum_sigma_x_ft/src/qec.c:186:34: error: too many arguments to function call, expected single argument 'lambda', have 2 arguments")
('error:', "/home/yanlin/my-projects/decompilation/source_code/recompiled/IDA/speccpu/gcc/O1/libquantum-gcc-O1/quantum_sigma_x_ft/src/qec.c:189:37: error: too many arguments to function call, expected single argument 'lambda', have 2 arguments")
***************** Next Function ******************
('func_count:', 48)
("func_name '", 'mul_mod_n', "'")
('err_func:', '/data/maliha/decompilation/data/error_without_patch/ida/speccpu/gcc/O1/libquantum-gcc-O1-compilation-errors/mul_mod_n')
('err_funcfile:', '/data/maliha/decompilation/data/error_without_patch/ida/speccpu/gcc/O1/libquantum-gcc-O1-compilation-errors/mul_mod_n')
('error:', 'clang: error: linker command failed with exit code 1 (use -v to see invocation)')
***************** Next Function ******************
('func_count:', 49)
("func_name '", 'quantum_objcode_stop', "'")
('err_func:', '/data/maliha/decompilation/data/error_without_patch/ida/speccpu/gcc/O1/libquantum-gcc-O1-compilation-errors/quantum_objcode_stop')
('err_funcfile:', '/data/maliha/decompilation/data/error_without_patch/ida/speccpu/gcc/O1/libquantum-gcc-O1-compilation-errors/quantum_objcode_stop')
('error:', 'clang: error: linker command failed with exit code 1 (use -v to see invocation)')
***************** Next Function ******************
('func_count:', 50)
("func_name '", 'spec_rand', "'")
('err_func:', '/data/maliha/decompilation/data/error_without_patch/ida/speccpu/gcc/O1/libquantum-gcc-O1-compilation-errors/spec_rand')
('err_funcfile:', '/data/maliha/decompilation/data/error_without_patch/ida/speccpu/gcc/O1/libquantum-gcc-O1-compilation-errors/spec_rand')
('error:', 'clang: error: linker command failed with exit code 1 (use -v to see invocation)')
***************** Next Function ******************
('func_count:', 51)
("func_name '", 'quantum_toffoli', "'")
('err_func:', '/data/maliha/decompilation/data/error_without_patch/ida/speccpu/gcc/O1/libquantum-gcc-O1-compilation-errors/quantum_toffoli')
('err_funcfile:', '/data/maliha/decompilation/data/error_without_patch/ida/speccpu/gcc/O1/libquantum-gcc-O1-compilation-errors/quantum_toffoli')
('error:', "/home/yanlin/my-projects/decompilation/source_code/recompiled/IDA/speccpu/gcc/O1/libquantum-gcc-O1/quantum_toffoli/src/gates.c:76:3: error: unknown type name '__int64'; did you mean '__int64_t'?")
***************** Next Function ******************
('func_count:', 52)
("func_name '", 'add_mod_n', "'")
('err_func:', '/data/maliha/decompilation/data/error_without_patch/ida/speccpu/gcc/O1/libquantum-gcc-O1-compilation-errors/add_mod_n')
('err_funcfile:', '/data/maliha/decompilation/data/error_without_patch/ida/speccpu/gcc/O1/libquantum-gcc-O1-compilation-errors/add_mod_n')
('error:', 'clang: error: linker command failed with exit code 1 (use -v to see invocation)')
***************** Next Function ******************
('func_count:', 53)
("func_name '", 'quantum_swaptheleads', "'")
('err_func:', '/data/maliha/decompilation/data/error_without_patch/ida/speccpu/gcc/O1/libquantum-gcc-O1-compilation-errors/quantum_swaptheleads')
('err_funcfile:', '/data/maliha/decompilation/data/error_without_patch/ida/speccpu/gcc/O1/libquantum-gcc-O1-compilation-errors/quantum_swaptheleads')
('error:', "/home/yanlin/my-projects/decompilation/source_code/recompiled/IDA/speccpu/gcc/O1/libquantum-gcc-O1/quantum_swaptheleads/src/gates.c:231:3: error: unknown type name '__int64'; did you mean '__int64_t'?")
***************** Next Function ******************
('func_count:', 54)
("func_name '", 'spec_srand', "'")
('err_func:', '/data/maliha/decompilation/data/error_without_patch/ida/speccpu/gcc/O1/libquantum-gcc-O1-compilation-errors/spec_srand')
('err_funcfile:', '/data/maliha/decompilation/data/error_without_patch/ida/speccpu/gcc/O1/libquantum-gcc-O1-compilation-errors/spec_srand')
('error:', 'clang: error: linker command failed with exit code 1 (use -v to see invocation)')
***************** Next Function ******************
('func_count:', 55)
("func_name '", 'quantum_delete_qureg_hashpreserve', "'")
('err_func:', '/data/maliha/decompilation/data/error_without_patch/ida/speccpu/gcc/O1/libquantum-gcc-O1-compilation-errors/quantum_delete_qureg_hashpreserve')
('err_funcfile:', '/data/maliha/decompilation/data/error_without_patch/ida/speccpu/gcc/O1/libquantum-gcc-O1-compilation-errors/quantum_delete_qureg_hashpreserve')
('error:', 'clang: error: linker command failed with exit code 1 (use -v to see invocation)')
***************** Next Function ******************
('func_count:', 56)
("func_name '", 'quantum_walsh', "'")
('err_func:', '/data/maliha/decompilation/data/error_without_patch/ida/speccpu/gcc/O1/libquantum-gcc-O1-compilation-errors/quantum_walsh')
('err_funcfile:', '/data/maliha/decompilation/data/error_without_patch/ida/speccpu/gcc/O1/libquantum-gcc-O1-compilation-errors/quantum_walsh')
('error:', 'clang: error: linker command failed with exit code 1 (use -v to see invocation)')
***************** Next Function ******************
('func_count:', 57)
("func_name '", 'quantum_cond_phase', "'")
('err_func:', '/data/maliha/decompilation/data/error_without_patch/ida/speccpu/gcc/O1/libquantum-gcc-O1-compilation-errors/quantum_cond_phase')
('err_funcfile:', '/data/maliha/decompilation/data/error_without_patch/ida/speccpu/gcc/O1/libquantum-gcc-O1-compilation-errors/quantum_cond_phase')
('error:', "/home/yanlin/my-projects/decompilation/source_code/recompiled/IDA/speccpu/gcc/O1/libquantum-gcc-O1/quantum_cond_phase/src/gates.c:797:3: error: unknown type name '__int64'; did you mean '__int64_t'?")
('error:', "/home/yanlin/my-projects/decompilation/source_code/recompiled/IDA/speccpu/gcc/O1/libquantum-gcc-O1/quantum_cond_phase/src/gates.c:800:3: error: unknown type name '__int64'; did you mean '__int64_t'?")
('error:', "/home/yanlin/my-projects/decompilation/source_code/recompiled/IDA/speccpu/gcc/O1/libquantum-gcc-O1/quantum_cond_phase/src/gates.c:801:3: error: unknown type name '__int64'; did you mean '__int64_t'?")
('error:', "/home/yanlin/my-projects/decompilation/source_code/recompiled/IDA/speccpu/gcc/O1/libquantum-gcc-O1/quantum_cond_phase/src/gates.c:805:19: error: expected ';' at end of declaration")
('error:', "/home/yanlin/my-projects/decompilation/source_code/recompiled/IDA/speccpu/gcc/O1/libquantum-gcc-O1/quantum_cond_phase/src/gates.c:809:30: error: expected ')'")
('error:', "/home/yanlin/my-projects/decompilation/source_code/recompiled/IDA/speccpu/gcc/O1/libquantum-gcc-O1/quantum_cond_phase/src/gates.c:809:58: error: expected ')'")
('error:', "/home/yanlin/my-projects/decompilation/source_code/recompiled/IDA/speccpu/gcc/O1/libquantum-gcc-O1/quantum_cond_phase/src/gates.c:812:34: error: expected ')'")
('error:', "/home/yanlin/my-projects/decompilation/source_code/recompiled/IDA/speccpu/gcc/O1/libquantum-gcc-O1/quantum_cond_phase/src/gates.c:812:62: error: expected ')'")
('error:', "/home/yanlin/my-projects/decompilation/source_code/recompiled/IDA/speccpu/gcc/O1/libquantum-gcc-O1/quantum_cond_phase/src/gates.c:812:97: error: expected ')'")
('error:', "/home/yanlin/my-projects/decompilation/source_code/recompiled/IDA/speccpu/gcc/O1/libquantum-gcc-O1/quantum_cond_phase/src/gates.c:820:5: error: use of undeclared identifier 'b'")
('error:', "/home/yanlin/my-projects/decompilation/source_code/recompiled/IDA/speccpu/gcc/O1/libquantum-gcc-O1/quantum_cond_phase/src/gates.c:820:28: error: too many arguments to function call, expected single argument 'phi', have 2 arguments")
('error:', "/home/yanlin/my-projects/decompilation/source_code/recompiled/IDA/speccpu/gcc/O1/libquantum-gcc-O1/quantum_cond_phase/src/gates.c:829:31: error: member reference base type '_Complex float' is not a structure or union")
('error:', "/home/yanlin/my-projects/decompilation/source_code/recompiled/IDA/speccpu/gcc/O1/libquantum-gcc-O1/quantum_cond_phase/src/gates.c:830:41: error: use of undeclared identifier 'b'")
('error:', "/home/yanlin/my-projects/decompilation/source_code/recompiled/IDA/speccpu/gcc/O1/libquantum-gcc-O1/quantum_cond_phase/src/gates.c:830:63: error: member reference base type '_Complex float' is not a structure or union")
('error:', "/home/yanlin/my-projects/decompilation/source_code/recompiled/IDA/speccpu/gcc/O1/libquantum-gcc-O1/quantum_cond_phase/src/gates.c:830:94: error: use of undeclared identifier 'b'")
('error:', "/home/yanlin/my-projects/decompilation/source_code/recompiled/IDA/speccpu/gcc/O1/libquantum-gcc-O1/quantum_cond_phase/src/gates.c:831:24: error: member reference base type '_Complex float' is not a structure or union")
('error:', "/home/yanlin/my-projects/decompilation/source_code/recompiled/IDA/speccpu/gcc/O1/libquantum-gcc-O1/quantum_cond_phase/src/gates.c:831:54: error: use of undeclared identifier 'b'")
('error:', "/home/yanlin/my-projects/decompilation/source_code/recompiled/IDA/speccpu/gcc/O1/libquantum-gcc-O1/quantum_cond_phase/src/gates.c:831:71: error: member reference base type '_Complex float' is not a structure or union")
('error:', "/home/yanlin/my-projects/decompilation/source_code/recompiled/IDA/speccpu/gcc/O1/libquantum-gcc-O1/quantum_cond_phase/src/gates.c:831:104: error: use of undeclared identifier 'b'")
('error:', 'fatal error: too many errors emitted, stopping now [-ferror-limit=]')
***************** Next Function ******************
('func_count:', 58)
("func_name '", 'quantum_sigma_z', "'")
('err_func:', '/data/maliha/decompilation/data/error_without_patch/ida/speccpu/gcc/O1/libquantum-gcc-O1-compilation-errors/quantum_sigma_z')
('err_funcfile:', '/data/maliha/decompilation/data/error_without_patch/ida/speccpu/gcc/O1/libquantum-gcc-O1-compilation-errors/quantum_sigma_z')
('error:', "/home/yanlin/my-projects/decompilation/source_code/recompiled/IDA/speccpu/gcc/O1/libquantum-gcc-O1/quantum_sigma_z/src/gates.c:210:3: error: unknown type name '__int64'; did you mean '__int64_t'?")
('error:', "/home/yanlin/my-projects/decompilation/source_code/recompiled/IDA/speccpu/gcc/O1/libquantum-gcc-O1/quantum_sigma_z/src/gates.c:224:30: error: member reference base type '_Complex float' is not a structure or union")
('error:', "/home/yanlin/my-projects/decompilation/source_code/recompiled/IDA/speccpu/gcc/O1/libquantum-gcc-O1/quantum_sigma_z/src/gates.c:225:24: error: member reference base type '_Complex float' is not a structure or union")
('error:', "/home/yanlin/my-projects/decompilation/source_code/recompiled/IDA/speccpu/gcc/O1/libquantum-gcc-O1/quantum_sigma_z/src/gates.c:225:46: error: member reference base type '_Complex float' is not a structure or union")
('error:', "/home/yanlin/my-projects/decompilation/source_code/recompiled/IDA/speccpu/gcc/O1/libquantum-gcc-O1/quantum_sigma_z/src/gates.c:226:24: error: member reference base type '_Complex float' is not a structure or union")
***************** Next Function ******************
('func_count:', 59)
("func_name '", 'quantum_sigma_y', "'")
('err_func:', '/data/maliha/decompilation/data/error_without_patch/ida/speccpu/gcc/O1/libquantum-gcc-O1-compilation-errors/quantum_sigma_y')
('err_funcfile:', '/data/maliha/decompilation/data/error_without_patch/ida/speccpu/gcc/O1/libquantum-gcc-O1-compilation-errors/quantum_sigma_y')
('error:', "/home/yanlin/my-projects/decompilation/source_code/recompiled/IDA/speccpu/gcc/O1/libquantum-gcc-O1/quantum_sigma_y/src/gates.c:184:3: error: unknown type name '__int64'; did you mean '__int64_t'?")
('error:', "/home/yanlin/my-projects/decompilation/source_code/recompiled/IDA/speccpu/gcc/O1/libquantum-gcc-O1/quantum_sigma_y/src/gates.c:185:3: error: unknown type name '__int64'; did you mean '__int64_t'?")
('error:', "/home/yanlin/my-projects/decompilation/source_code/recompiled/IDA/speccpu/gcc/O1/libquantum-gcc-O1/quantum_sigma_y/src/gates.c:202:39: error: member reference base type '_Complex float' is not a structure or union")
('error:', "/home/yanlin/my-projects/decompilation/source_code/recompiled/IDA/speccpu/gcc/O1/libquantum-gcc-O1/quantum_sigma_y/src/gates.c:202:67: error: member reference base type '_Complex float' is not a structure or union")
('error:', "/home/yanlin/my-projects/decompilation/source_code/recompiled/IDA/speccpu/gcc/O1/libquantum-gcc-O1/quantum_sigma_y/src/gates.c:203:39: error: member reference base type '_Complex float' is not a structure or union")
('error:', "/home/yanlin/my-projects/decompilation/source_code/recompiled/IDA/speccpu/gcc/O1/libquantum-gcc-O1/quantum_sigma_y/src/gates.c:203:67: error: member reference base type '_Complex float' is not a structure or union")
('error:', "/home/yanlin/my-projects/decompilation/source_code/recompiled/IDA/speccpu/gcc/O1/libquantum-gcc-O1/quantum_sigma_y/src/gates.c:207:39: error: member reference base type '_Complex float' is not a structure or union")
('error:', "/home/yanlin/my-projects/decompilation/source_code/recompiled/IDA/speccpu/gcc/O1/libquantum-gcc-O1/quantum_sigma_y/src/gates.c:207:68: error: member reference base type '_Complex float' is not a structure or union")
('error:', "/home/yanlin/my-projects/decompilation/source_code/recompiled/IDA/speccpu/gcc/O1/libquantum-gcc-O1/quantum_sigma_y/src/gates.c:208:39: error: member reference base type '_Complex float' is not a structure or union")
('error:', "/home/yanlin/my-projects/decompilation/source_code/recompiled/IDA/speccpu/gcc/O1/libquantum-gcc-O1/quantum_sigma_y/src/gates.c:208:68: error: member reference base type '_Complex float' is not a structure or union")
('error:', "/home/yanlin/my-projects/decompilation/source_code/recompiled/IDA/speccpu/gcc/O1/libquantum-gcc-O1/quantum_sigma_y/src/gates.c:210:22: error: member reference base type '_Complex float' is not a structure or union")
('error:', "/home/yanlin/my-projects/decompilation/source_code/recompiled/IDA/speccpu/gcc/O1/libquantum-gcc-O1/quantum_sigma_y/src/gates.c:211:22: error: member reference base type '_Complex float' is not a structure or union")
***************** Next Function ******************
('func_count:', 60)
("func_name '", 'quantum_cnot', "'")
('err_func:', '/data/maliha/decompilation/data/error_without_patch/ida/speccpu/gcc/O1/libquantum-gcc-O1-compilation-errors/quantum_cnot')
('err_funcfile:', '/data/maliha/decompilation/data/error_without_patch/ida/speccpu/gcc/O1/libquantum-gcc-O1-compilation-errors/quantum_cnot')
('error:', "/home/yanlin/my-projects/decompilation/source_code/recompiled/IDA/speccpu/gcc/O1/libquantum-gcc-O1/quantum_cnot/src/gates.c:48:3: error: unknown type name '__int64'; did you mean '__int64_t'?")
('error:', "/home/yanlin/my-projects/decompilation/source_code/recompiled/IDA/speccpu/gcc/O1/libquantum-gcc-O1/quantum_cnot/src/gates.c:50:19: error: expected ';' at end of declaration")
('error:', "/home/yanlin/my-projects/decompilation/source_code/recompiled/IDA/speccpu/gcc/O1/libquantum-gcc-O1/quantum_cnot/src/gates.c:66:9: error: use of undeclared identifier 'state'")
('error:', "/home/yanlin/my-projects/decompilation/source_code/recompiled/IDA/speccpu/gcc/O1/libquantum-gcc-O1/quantum_cnot/src/gates.c:67:37: error: use of undeclared identifier 'state'")
('error:', "/home/yanlin/my-projects/decompilation/source_code/recompiled/IDA/speccpu/gcc/O1/libquantum-gcc-O1/quantum_cnot/src/gates.c:68:42: error: use of undeclared identifier 'state'")
***************** Next Function ******************
('func_count:', 61)
("func_name '", 'quantum_print_matrix', "'")
('err_func:', '/data/maliha/decompilation/data/error_without_patch/ida/speccpu/gcc/O1/libquantum-gcc-O1-compilation-errors/quantum_print_matrix')
('err_funcfile:', '/data/maliha/decompilation/data/error_without_patch/ida/speccpu/gcc/O1/libquantum-gcc-O1-compilation-errors/quantum_print_matrix')
('error:', "/home/yanlin/my-projects/decompilation/source_code/recompiled/IDA/speccpu/gcc/O1/libquantum-gcc-O1/quantum_print_matrix/src/matrix.c:95:3: error: use of undeclared identifier 'complex_float'")
('error:', "/home/yanlin/my-projects/decompilation/source_code/recompiled/IDA/speccpu/gcc/O1/libquantum-gcc-O1/quantum_print_matrix/src/matrix.c:95:18: error: use of undeclared identifier 'v5'")
('error:', "/home/yanlin/my-projects/decompilation/source_code/recompiled/IDA/speccpu/gcc/O1/libquantum-gcc-O1/quantum_print_matrix/src/matrix.c:109:9: error: use of undeclared identifier 'v5'")
('error:', "/home/yanlin/my-projects/decompilation/source_code/recompiled/IDA/speccpu/gcc/O1/libquantum-gcc-O1/quantum_print_matrix/src/matrix.c:112:34: error: use of undeclared identifier 'v5'")
('error:', "/home/yanlin/my-projects/decompilation/source_code/recompiled/IDA/speccpu/gcc/O1/libquantum-gcc-O1/quantum_print_matrix/src/matrix.c:112:45: error: use of undeclared identifier 'v5'")
('error:', "/home/yanlin/my-projects/decompilation/source_code/recompiled/IDA/speccpu/gcc/O1/libquantum-gcc-O1/quantum_print_matrix/src/matrix.c:113:13: error: use of undeclared identifier 'v5'")
('error:', "/home/yanlin/my-projects/decompilation/source_code/recompiled/IDA/speccpu/gcc/O1/libquantum-gcc-O1/quantum_print_matrix/src/matrix.c:115:49: error: expected ')'")
('error:', "/home/yanlin/my-projects/decompilation/source_code/recompiled/IDA/speccpu/gcc/O1/libquantum-gcc-O1/quantum_print_matrix/src/matrix.c:115:18: error: use of undeclared identifier 'v5'")
***************** Next Function ******************
('func_count:', 62)
("func_name '", 'quantum_sigma_x', "'")
('err_func:', '/data/maliha/decompilation/data/error_without_patch/ida/speccpu/gcc/O1/libquantum-gcc-O1-compilation-errors/quantum_sigma_x')
('err_funcfile:', '/data/maliha/decompilation/data/error_without_patch/ida/speccpu/gcc/O1/libquantum-gcc-O1-compilation-errors/quantum_sigma_x')
('error:', "/home/yanlin/my-projects/decompilation/source_code/recompiled/IDA/speccpu/gcc/O1/libquantum-gcc-O1/quantum_sigma_x/src/gates.c:157:3: error: unknown type name '__int64'; did you mean '__int64_t'?")
***************** Next Function ******************
('func_count:', 63)
("func_name '", 'quantum_r_y', "'")
('err_func:', '/data/maliha/decompilation/data/error_without_patch/ida/speccpu/gcc/O1/libquantum-gcc-O1-compilation-errors/quantum_r_y')
('err_funcfile:', '/data/maliha/decompilation/data/error_without_patch/ida/speccpu/gcc/O1/libquantum-gcc-O1-compilation-errors/quantum_r_y')
('error:', "/home/yanlin/my-projects/decompilation/source_code/recompiled/IDA/speccpu/gcc/O1/libquantum-gcc-O1/quantum_r_y/src/gates.c:710:3: error: use of undeclared identifier 'complex_float'")
('error:', "/home/yanlin/my-projects/decompilation/source_code/recompiled/IDA/speccpu/gcc/O1/libquantum-gcc-O1/quantum_r_y/src/gates.c:710:18: error: use of undeclared identifier 't'")
('error:', "/home/yanlin/my-projects/decompilation/source_code/recompiled/IDA/speccpu/gcc/O1/libquantum-gcc-O1/quantum_r_y/src/gates.c:722:5: error: use of undeclared identifier 't'")
('error:', "/home/yanlin/my-projects/decompilation/source_code/recompiled/IDA/speccpu/gcc/O1/libquantum-gcc-O1/quantum_r_y/src/gates.c:723:8: error: member reference base type '_Complex float' is not a structure or union")
('error:', "/home/yanlin/my-projects/decompilation/source_code/recompiled/IDA/speccpu/gcc/O1/libquantum-gcc-O1/quantum_r_y/src/gates.c:724:5: error: use of undeclared identifier 't'")
('error:', "/home/yanlin/my-projects/decompilation/source_code/recompiled/IDA/speccpu/gcc/O1/libquantum-gcc-O1/quantum_r_y/src/gates.c:726:16: error: use of undeclared identifier 'complex_float'")
('error:', "/home/yanlin/my-projects/decompilation/source_code/recompiled/IDA/speccpu/gcc/O1/libquantum-gcc-O1/quantum_r_y/src/gates.c:728:16: error: use of undeclared identifier 'complex_float'")
('error:', "/home/yanlin/my-projects/decompilation/source_code/recompiled/IDA/speccpu/gcc/O1/libquantum-gcc-O1/quantum_r_y/src/gates.c:729:18: error: use of undeclared identifier 'complex_float'")
('error:', '/home/yanlin/my-projects/decompilation/source_code/recompiled/IDA/speccpu/gcc/O1/libquantum-gcc-O1/quantum_r_y/src/gates.c:730:16: error: expected expression')
('error:', "/home/yanlin/my-projects/decompilation/source_code/recompiled/IDA/speccpu/gcc/O1/libquantum-gcc-O1/quantum_r_y/src/gates.c:730:8: error: use of undeclared identifier '_QWORD'")
('error:', '/home/yanlin/my-projects/decompilation/source_code/recompiled/IDA/speccpu/gcc/O1/libquantum-gcc-O1/quantum_r_y/src/gates.c:730:40: error: expected expression')
('error:', "/home/yanlin/my-projects/decompilation/source_code/recompiled/IDA/speccpu/gcc/O1/libquantum-gcc-O1/quantum_r_y/src/gates.c:730:32: error: use of undeclared identifier '_QWORD'")
***************** Next Function ******************
('func_count:', 64)
("func_name '", 'quantum_destroy_hash', "'")
('err_func:', '/data/maliha/decompilation/data/error_without_patch/ida/speccpu/gcc/O1/libquantum-gcc-O1-compilation-errors/quantum_destroy_hash')
('err_funcfile:', '/data/maliha/decompilation/data/error_without_patch/ida/speccpu/gcc/O1/libquantum-gcc-O1-compilation-errors/quantum_destroy_hash')
('error:', 'clang: error: linker command failed with exit code 1 (use -v to see invocation)')
***************** Next Function ******************
('func_count:', 65)
("func_name '", 'quantum_gcd', "'")
('err_func:', '/data/maliha/decompilation/data/error_without_patch/ida/speccpu/gcc/O1/libquantum-gcc-O1-compilation-errors/quantum_gcd')
('err_funcfile:', '/data/maliha/decompilation/data/error_without_patch/ida/speccpu/gcc/O1/libquantum-gcc-O1-compilation-errors/quantum_gcd')
('error:', 'clang: error: linker command failed with exit code 1 (use -v to see invocation)')
***************** Next Function ******************
('func_count:', 66)
("func_name '", 'quantum_print_expn', "'")
('err_func:', '/data/maliha/decompilation/data/error_without_patch/ida/speccpu/gcc/O1/libquantum-gcc-O1-compilation-errors/quantum_print_expn')
('err_funcfile:', '/data/maliha/decompilation/data/error_without_patch/ida/speccpu/gcc/O1/libquantum-gcc-O1-compilation-errors/quantum_print_expn')
('error:', "/home/yanlin/my-projects/decompilation/source_code/recompiled/IDA/speccpu/gcc/O1/libquantum-gcc-O1/quantum_print_expn/src/qureg.c:236:3: error: unknown type name '__int64'; did you mean '__int64_t'?")
('error:', "/home/yanlin/my-projects/decompilation/source_code/recompiled/IDA/speccpu/gcc/O1/libquantum-gcc-O1/quantum_print_expn/src/qureg.c:243:81: error: use of undeclared identifier '_DWORD'")
***************** Next Function ******************
('func_count:', 67)
("func_name '", 'madd', "'")
('err_func:', '/data/maliha/decompilation/data/error_without_patch/ida/speccpu/gcc/O1/libquantum-gcc-O1-compilation-errors/madd')
('err_funcfile:', '/data/maliha/decompilation/data/error_without_patch/ida/speccpu/gcc/O1/libquantum-gcc-O1-compilation-errors/madd')
('error:', 'clang: error: linker command failed with exit code 1 (use -v to see invocation)')
***************** Next Function ******************
('func_count:', 68)
("func_name '", 'quantum_objcode_file', "'")
('err_func:', '/data/maliha/decompilation/data/error_without_patch/ida/speccpu/gcc/O1/libquantum-gcc-O1-compilation-errors/quantum_objcode_file')
('err_funcfile:', '/data/maliha/decompilation/data/error_without_patch/ida/speccpu/gcc/O1/libquantum-gcc-O1-compilation-errors/quantum_objcode_file')
('error:', 'clang: error: linker command failed with exit code 1 (use -v to see invocation)')
***************** Next Function ******************
('func_count:', 69)
("func_name '", 'quantum_conj', "'")
('err_func:', '/data/maliha/decompilation/data/error_without_patch/ida/speccpu/gcc/O1/libquantum-gcc-O1-compilation-errors/quantum_conj')
('err_funcfile:', '/data/maliha/decompilation/data/error_without_patch/ida/speccpu/gcc/O1/libquantum-gcc-O1-compilation-errors/quantum_conj')
('error:', "/home/yanlin/my-projects/decompilation/source_code/recompiled/IDA/speccpu/gcc/O1/libquantum-gcc-O1/quantum_conj/src/complex.c:34:1: error: unknown type name '__m128i'")
('error:', "/home/yanlin/my-projects/decompilation/source_code/recompiled/IDA/speccpu/gcc/O1/libquantum-gcc-O1/quantum_conj/src/complex.c:34:9: error: expected identifier or '('")
***************** Next Function ******************
('func_count:', 70)
("func_name '", 'muxha', "'")
('err_func:', '/data/maliha/decompilation/data/error_without_patch/ida/speccpu/gcc/O1/libquantum-gcc-O1-compilation-errors/muxha')
('err_funcfile:', '/data/maliha/decompilation/data/error_without_patch/ida/speccpu/gcc/O1/libquantum-gcc-O1-compilation-errors/muxha')
('error:', 'clang: error: linker command failed with exit code 1 (use -v to see invocation)')
***************** Next Function ******************
('func_count:', 71)
("func_name '", 'muln', "'")
('err_func:', '/data/maliha/decompilation/data/error_without_patch/ida/speccpu/gcc/O1/libquantum-gcc-O1-compilation-errors/muln')
('err_funcfile:', '/data/maliha/decompilation/data/error_without_patch/ida/speccpu/gcc/O1/libquantum-gcc-O1-compilation-errors/muln')
('error:', 'clang: error: linker command failed with exit code 1 (use -v to see invocation)')
***************** Next Function ******************
('func_count:', 72)
("func_name '", 'quantum_exp_mod_n', "'")
('err_func:', '/data/maliha/decompilation/data/error_without_patch/ida/speccpu/gcc/O1/libquantum-gcc-O1-compilation-errors/quantum_exp_mod_n')
('err_funcfile:', '/data/maliha/decompilation/data/error_without_patch/ida/speccpu/gcc/O1/libquantum-gcc-O1-compilation-errors/quantum_exp_mod_n')
('error:', 'clang: error: linker command failed with exit code 1 (use -v to see invocation)')
***************** Next Function ******************
('func_count:', 73)
("func_name '", 'quantum_r_z', "'")
('err_func:', '/data/maliha/decompilation/data/error_without_patch/ida/speccpu/gcc/O1/libquantum-gcc-O1-compilation-errors/quantum_r_z')
('err_funcfile:', '/data/maliha/decompilation/data/error_without_patch/ida/speccpu/gcc/O1/libquantum-gcc-O1-compilation-errors/quantum_r_z')
('error:', "/home/yanlin/my-projects/decompilation/source_code/recompiled/IDA/speccpu/gcc/O1/libquantum-gcc-O1/quantum_r_z/src/gates.c:729:3: error: use of undeclared identifier 'SFtype'")
('error:', "/home/yanlin/my-projects/decompilation/source_code/recompiled/IDA/speccpu/gcc/O1/libquantum-gcc-O1/quantum_r_z/src/gates.c:730:3: error: unknown type name '__int64'; did you mean '__int64_t'?")
('error:', "/home/yanlin/my-projects/decompilation/source_code/recompiled/IDA/speccpu/gcc/O1/libquantum-gcc-O1/quantum_r_z/src/gates.c:735:19: error: expected ';' at end of declaration")
('error:', "/home/yanlin/my-projects/decompilation/source_code/recompiled/IDA/speccpu/gcc/O1/libquantum-gcc-O1/quantum_r_z/src/gates.c:736:12: error: redefinition of '__int64'")
('error:', "/home/yanlin/my-projects/decompilation/source_code/recompiled/IDA/speccpu/gcc/O1/libquantum-gcc-O1/quantum_r_z/src/gates.c:736:19: error: expected ';' at end of declaration")
('error:', "/home/yanlin/my-projects/decompilation/source_code/recompiled/IDA/speccpu/gcc/O1/libquantum-gcc-O1/quantum_r_z/src/gates.c:740:5: error: use of undeclared identifier 'gammaa'; did you mean 'gamma'?")
('error:', "/home/yanlin/my-projects/decompilation/source_code/recompiled/IDA/speccpu/gcc/O1/libquantum-gcc-O1/quantum_r_z/src/gates.c:740:39: error: too many arguments to function call, expected single argument 'phi', have 2 arguments")
('error:', "/home/yanlin/my-projects/decompilation/source_code/recompiled/IDA/speccpu/gcc/O1/libquantum-gcc-O1/quantum_r_z/src/gates.c:749:11: error: use of undeclared identifier 'real'")
('error:', "/home/yanlin/my-projects/decompilation/source_code/recompiled/IDA/speccpu/gcc/O1/libquantum-gcc-O1/quantum_r_z/src/gates.c:749:31: error: member reference base type '_Complex float' is not a structure or union")
('error:', "/home/yanlin/my-projects/decompilation/source_code/recompiled/IDA/speccpu/gcc/O1/libquantum-gcc-O1/quantum_r_z/src/gates.c:750:31: error: member reference base type '_Complex float' is not a structure or union")
('error:', "/home/yanlin/my-projects/decompilation/source_code/recompiled/IDA/speccpu/gcc/O1/libquantum-gcc-O1/quantum_r_z/src/gates.c:751:38: error: use of undeclared identifier 'gammaa'")
('error:', "/home/yanlin/my-projects/decompilation/source_code/recompiled/IDA/speccpu/gcc/O1/libquantum-gcc-O1/quantum_r_z/src/gates.c:751:60: error: member reference base type '_Complex float' is not a structure or union")
('error:', "/home/yanlin/my-projects/decompilation/source_code/recompiled/IDA/speccpu/gcc/O1/libquantum-gcc-O1/quantum_r_z/src/gates.c:751:93: error: use of undeclared identifier 'gammaa'")
('error:', "/home/yanlin/my-projects/decompilation/source_code/recompiled/IDA/speccpu/gcc/O1/libquantum-gcc-O1/quantum_r_z/src/gates.c:752:40: error: use of undeclared identifier 'gammaa'")
('error:', "/home/yanlin/my-projects/decompilation/source_code/recompiled/IDA/speccpu/gcc/O1/libquantum-gcc-O1/quantum_r_z/src/gates.c:752:67: error: member reference base type '_Complex float' is not a structure or union")
('error:', "/home/yanlin/my-projects/decompilation/source_code/recompiled/IDA/speccpu/gcc/O1/libquantum-gcc-O1/quantum_r_z/src/gates.c:752:98: error: use of undeclared identifier 'gammaa'")
('error:', "/home/yanlin/my-projects/decompilation/source_code/recompiled/IDA/speccpu/gcc/O1/libquantum-gcc-O1/quantum_r_z/src/gates.c:756:11: error: use of undeclared identifier 'v11'")
('error:', "/home/yanlin/my-projects/decompilation/source_code/recompiled/IDA/speccpu/gcc/O1/libquantum-gcc-O1/quantum_r_z/src/gates.c:756:39: error: member reference base type '_Complex float' is not a structure or union")
('error:', "/home/yanlin/my-projects/decompilation/source_code/recompiled/IDA/speccpu/gcc/O1/libquantum-gcc-O1/quantum_r_z/src/gates.c:756:60: error: member reference base type '_Complex float' is not a structure or union")
('error:', 'fatal error: too many errors emitted, stopping now [-ferror-limit=]')
***************** Next Function ******************
('func_count:', 74)
("func_name '", 'quantum_prob', "'")
('err_func:', '/data/maliha/decompilation/data/error_without_patch/ida/speccpu/gcc/O1/libquantum-gcc-O1-compilation-errors/quantum_prob')
('err_funcfile:', '/data/maliha/decompilation/data/error_without_patch/ida/speccpu/gcc/O1/libquantum-gcc-O1-compilation-errors/quantum_prob')
('error:', "/home/yanlin/my-projects/decompilation/source_code/recompiled/IDA/speccpu/gcc/O1/libquantum-gcc-O1/quantum_prob/src/complex.c:47:32: error: unknown type name 'complex_float'")
***************** Next Function ******************
('func_count:', 75)
("func_name '", 'quantum_unbounded_toffoli', "'")
('err_func:', '/data/maliha/decompilation/data/error_without_patch/ida/speccpu/gcc/O1/libquantum-gcc-O1-compilation-errors/quantum_unbounded_toffoli')
('err_funcfile:', '/data/maliha/decompilation/data/error_without_patch/ida/speccpu/gcc/O1/libquantum-gcc-O1-compilation-errors/quantum_unbounded_toffoli')
('error:', "/home/yanlin/my-projects/decompilation/source_code/recompiled/IDA/speccpu/gcc/O1/libquantum-gcc-O1/quantum_unbounded_toffoli/src/gates.c:113:3: error: use of undeclared identifier '_DWORD'")
('error:', "/home/yanlin/my-projects/decompilation/source_code/recompiled/IDA/speccpu/gcc/O1/libquantum-gcc-O1/quantum_unbounded_toffoli/src/gates.c:113:11: error: use of undeclared identifier 'v4'")
('error:', "/home/yanlin/my-projects/decompilation/source_code/recompiled/IDA/speccpu/gcc/O1/libquantum-gcc-O1/quantum_unbounded_toffoli/src/gates.c:114:3: error: use of undeclared identifier '_DWORD'")
('error:', "/home/yanlin/my-projects/decompilation/source_code/recompiled/IDA/speccpu/gcc/O1/libquantum-gcc-O1/quantum_unbounded_toffoli/src/gates.c:114:11: error: use of undeclared identifier 'v5'")
('error:', "/home/yanlin/my-projects/decompilation/source_code/recompiled/IDA/speccpu/gcc/O1/libquantum-gcc-O1/quantum_unbounded_toffoli/src/gates.c:115:3: error: use of undeclared identifier '_DWORD'")
('error:', "/home/yanlin/my-projects/decompilation/source_code/recompiled/IDA/speccpu/gcc/O1/libquantum-gcc-O1/quantum_unbounded_toffoli/src/gates.c:115:11: error: use of undeclared identifier 'v6'")
('error:', "/home/yanlin/my-projects/decompilation/source_code/recompiled/IDA/speccpu/gcc/O1/libquantum-gcc-O1/quantum_unbounded_toffoli/src/gates.c:116:3: error: unknown type name '__int64'; did you mean '__int64_t'?")
('error:', "/home/yanlin/my-projects/decompilation/source_code/recompiled/IDA/speccpu/gcc/O1/libquantum-gcc-O1/quantum_unbounded_toffoli/src/gates.c:117:3: error: unknown type name '__int64'; did you mean '__int64_t'?")
('error:', "/home/yanlin/my-projects/decompilation/source_code/recompiled/IDA/speccpu/gcc/O1/libquantum-gcc-O1/quantum_unbounded_toffoli/src/gates.c:120:3: error: unknown type name '__int64'; did you mean '__int64_t'?")
('error:', "/home/yanlin/my-projects/decompilation/source_code/recompiled/IDA/speccpu/gcc/O1/libquantum-gcc-O1/quantum_unbounded_toffoli/src/gates.c:123:19: error: expected ';' at end of declaration")
('error:', "/home/yanlin/my-projects/decompilation/source_code/recompiled/IDA/speccpu/gcc/O1/libquantum-gcc-O1/quantum_unbounded_toffoli/src/gates.c:127:3: error: use of undeclared identifier 'v4'")
('error:', "/home/yanlin/my-projects/decompilation/source_code/recompiled/IDA/speccpu/gcc/O1/libquantum-gcc-O1/quantum_unbounded_toffoli/src/gates.c:128:10: error: use of undeclared identifier 'v4'")
('error:', "/home/yanlin/my-projects/decompilation/source_code/recompiled/IDA/speccpu/gcc/O1/libquantum-gcc-O1/quantum_unbounded_toffoli/src/gates.c:133:3: error: use of undeclared identifier 'v5'")
('error:', "/home/yanlin/my-projects/decompilation/source_code/recompiled/IDA/speccpu/gcc/O1/libquantum-gcc-O1/quantum_unbounded_toffoli/src/gates.c:133:8: error: use of undeclared identifier 'v4'")
('error:', "/home/yanlin/my-projects/decompilation/source_code/recompiled/IDA/speccpu/gcc/O1/libquantum-gcc-O1/quantum_unbounded_toffoli/src/gates.c:146:5: error: use of undeclared identifier 'v6'")
('error:', "/home/yanlin/my-projects/decompilation/source_code/recompiled/IDA/speccpu/gcc/O1/libquantum-gcc-O1/quantum_unbounded_toffoli/src/gates.c:146:10: error: use of undeclared identifier 'v5'")
('error:', "/home/yanlin/my-projects/decompilation/source_code/recompiled/IDA/speccpu/gcc/O1/libquantum-gcc-O1/quantum_unbounded_toffoli/src/gates.c:151:29: error: unknown type name '_QWORD'")
('error:', '/home/yanlin/my-projects/decompilation/source_code/recompiled/IDA/speccpu/gcc/O1/libquantum-gcc-O1/quantum_unbounded_toffoli/src/gates.c:156:25: error: expected expression')
('error:', '/home/yanlin/my-projects/decompilation/source_code/recompiled/IDA/speccpu/gcc/O1/libquantum-gcc-O1/quantum_unbounded_toffoli/src/gates.c:159:26: error: expected expression')
('error:', 'fatal error: too many errors emitted, stopping now [-ferror-limit=]')
***************** Next Function ******************
('func_count:', 76)
("func_name '", 'quantum_char2int', "'")
('err_func:', '/data/maliha/decompilation/data/error_without_patch/ida/speccpu/gcc/O1/libquantum-gcc-O1-compilation-errors/quantum_char2int')
('err_funcfile:', '/data/maliha/decompilation/data/error_without_patch/ida/speccpu/gcc/O1/libquantum-gcc-O1-compilation-errors/quantum_char2int')
('error:', "/home/yanlin/my-projects/decompilation/source_code/recompiled/IDA/speccpu/gcc/O1/libquantum-gcc-O1/quantum_char2int/src/objcode.c:112:50: error: expected ')'")
('error:', "/home/yanlin/my-projects/decompilation/source_code/recompiled/IDA/speccpu/gcc/O1/libquantum-gcc-O1/quantum_char2int/src/objcode.c:112:16: error: conflicting types for 'quantum_char2int'")
('error:', "/home/yanlin/my-projects/decompilation/source_code/recompiled/IDA/speccpu/gcc/O1/libquantum-gcc-O1/quantum_char2int/src/objcode.c:114:12: error: use of undeclared identifier 'buf'")
('error:', "/home/yanlin/my-projects/decompilation/source_code/recompiled/IDA/speccpu/gcc/O1/libquantum-gcc-O1/quantum_char2int/src/objcode.c:114:28: error: use of undeclared identifier 'buf'")
('error:', "/home/yanlin/my-projects/decompilation/source_code/recompiled/IDA/speccpu/gcc/O1/libquantum-gcc-O1/quantum_char2int/src/objcode.c:114:39: error: use of undeclared identifier 'buf'")
('error:', "/home/yanlin/my-projects/decompilation/source_code/recompiled/IDA/speccpu/gcc/O1/libquantum-gcc-O1/quantum_char2int/src/objcode.c:114:57: error: use of undeclared identifier 'buf'")
***************** Next Function ******************
('func_count:', 77)
("func_name '", 'quantum_get_decoherence', "'")
('err_func:', '/data/maliha/decompilation/data/error_without_patch/ida/speccpu/gcc/O1/libquantum-gcc-O1-compilation-errors/quantum_get_decoherence')
('err_funcfile:', '/data/maliha/decompilation/data/error_without_patch/ida/speccpu/gcc/O1/libquantum-gcc-O1-compilation-errors/quantum_get_decoherence')
('error:', 'clang: error: linker command failed with exit code 1 (use -v to see invocation)')
***************** Next Function ******************
('func_count:', 78)
("func_name '", 'muln_inv', "'")
('err_func:', '/data/maliha/decompilation/data/error_without_patch/ida/speccpu/gcc/O1/libquantum-gcc-O1-compilation-errors/muln_inv')
('err_funcfile:', '/data/maliha/decompilation/data/error_without_patch/ida/speccpu/gcc/O1/libquantum-gcc-O1-compilation-errors/muln_inv')
('error:', 'clang: error: linker command failed with exit code 1 (use -v to see invocation)')
***************** Next Function ******************
('func_count:', 79)
("func_name '", 'addn_inv', "'")
('err_func:', '/data/maliha/decompilation/data/error_without_patch/ida/speccpu/gcc/O1/libquantum-gcc-O1-compilation-errors/addn_inv')
('err_funcfile:', '/data/maliha/decompilation/data/error_without_patch/ida/speccpu/gcc/O1/libquantum-gcc-O1-compilation-errors/addn_inv')
('error:', 'clang: error: linker command failed with exit code 1 (use -v to see invocation)')
***************** Next Function ******************
('func_count:', 80)
("func_name '", 'quantum_inverse_mod', "'")
('err_func:', '/data/maliha/decompilation/data/error_without_patch/ida/speccpu/gcc/O1/libquantum-gcc-O1-compilation-errors/quantum_inverse_mod')
('err_funcfile:', '/data/maliha/decompilation/data/error_without_patch/ida/speccpu/gcc/O1/libquantum-gcc-O1-compilation-errors/quantum_inverse_mod')
('error:', 'clang: error: linker command failed with exit code 1 (use -v to see invocation)')
***************** Next Function ******************
('func_count:', 81)
("func_name '", 'quantum_print_hash', "'")
('err_func:', '/data/maliha/decompilation/data/error_without_patch/ida/speccpu/gcc/O1/libquantum-gcc-O1-compilation-errors/quantum_print_hash')
('err_funcfile:', '/data/maliha/decompilation/data/error_without_patch/ida/speccpu/gcc/O1/libquantum-gcc-O1-compilation-errors/quantum_print_hash')
('error:', "/home/yanlin/my-projects/decompilation/source_code/recompiled/IDA/speccpu/gcc/O1/libquantum-gcc-O1/quantum_print_hash/src/qureg.c:270:3: error: unknown type name '__int64'; did you mean '__int64_t'?")
('error:', "/home/yanlin/my-projects/decompilation/source_code/recompiled/IDA/speccpu/gcc/O1/libquantum-gcc-O1/quantum_print_hash/src/qureg.c:276:15: error: use of undeclared identifier '_DWORD'")
***************** Next Function ******************
('func_count:', 82)
("func_name '", 'quantum_new_matrix', "'")
('err_func:', '/data/maliha/decompilation/data/error_without_patch/ida/speccpu/gcc/O1/libquantum-gcc-O1-compilation-errors/quantum_new_matrix')
('err_funcfile:', '/data/maliha/decompilation/data/error_without_patch/ida/speccpu/gcc/O1/libquantum-gcc-O1-compilation-errors/quantum_new_matrix')
('error:', "/home/yanlin/my-projects/decompilation/source_code/recompiled/IDA/speccpu/gcc/O1/libquantum-gcc-O1/quantum_new_matrix/src/matrix.c:49:3: error: use of undeclared identifier 'complex_float'")
('error:', "/home/yanlin/my-projects/decompilation/source_code/recompiled/IDA/speccpu/gcc/O1/libquantum-gcc-O1/quantum_new_matrix/src/matrix.c:49:18: error: use of undeclared identifier 'v2'")
('error:', "/home/yanlin/my-projects/decompilation/source_code/recompiled/IDA/speccpu/gcc/O1/libquantum-gcc-O1/quantum_new_matrix/src/matrix.c:50:3: error: use of undeclared identifier 'complex_float'")
('error:', "/home/yanlin/my-projects/decompilation/source_code/recompiled/IDA/speccpu/gcc/O1/libquantum-gcc-O1/quantum_new_matrix/src/matrix.c:50:18: error: use of undeclared identifier 'v3'")
('error:', "/home/yanlin/my-projects/decompilation/source_code/recompiled/IDA/speccpu/gcc/O1/libquantum-gcc-O1/quantum_new_matrix/src/matrix.c:53:3: error: use of undeclared identifier 'v2'")
('error:', '/home/yanlin/my-projects/decompilation/source_code/recompiled/IDA/speccpu/gcc/O1/libquantum-gcc-O1/quantum_new_matrix/src/matrix.c:53:25: error: expected expression')
('error:', "/home/yanlin/my-projects/decompilation/source_code/recompiled/IDA/speccpu/gcc/O1/libquantum-gcc-O1/quantum_new_matrix/src/matrix.c:53:10: error: use of undeclared identifier 'complex_float'")
('error:', "/home/yanlin/my-projects/decompilation/source_code/recompiled/IDA/speccpu/gcc/O1/libquantum-gcc-O1/quantum_new_matrix/src/matrix.c:54:10: error: use of undeclared identifier 'v2'")
('error:', "/home/yanlin/my-projects/decompilation/source_code/recompiled/IDA/speccpu/gcc/O1/libquantum-gcc-O1/quantum_new_matrix/src/matrix.c:59:3: error: use of undeclared identifier 'v3'")
('error:', "/home/yanlin/my-projects/decompilation/source_code/recompiled/IDA/speccpu/gcc/O1/libquantum-gcc-O1/quantum_new_matrix/src/matrix.c:59:8: error: use of undeclared identifier 'v2'")
('error:', "/home/yanlin/my-projects/decompilation/source_code/recompiled/IDA/speccpu/gcc/O1/libquantum-gcc-O1/quantum_new_matrix/src/matrix.c:60:32: error: use of undeclared identifier '__int64'")
('error:', '/home/yanlin/my-projects/decompilation/source_code/recompiled/IDA/speccpu/gcc/O1/libquantum-gcc-O1/quantum_new_matrix/src/matrix.c:61:14: error: expected expression')
('error:', "/home/yanlin/my-projects/decompilation/source_code/recompiled/IDA/speccpu/gcc/O1/libquantum-gcc-O1/quantum_new_matrix/src/matrix.c:61:6: error: use of undeclared identifier '_QWORD'")
('error:', "/home/yanlin/my-projects/decompilation/source_code/recompiled/IDA/speccpu/gcc/O1/libquantum-gcc-O1/quantum_new_matrix/src/matrix.c:61:39: error: expected ')'")
('error:', "/home/yanlin/my-projects/decompilation/source_code/recompiled/IDA/speccpu/gcc/O1/libquantum-gcc-O1/quantum_new_matrix/src/matrix.c:62:10: error: use of undeclared identifier 'v3'")
***************** Next Function ******************
('func_count:', 83)
("func_name '", 'quantum_delete_qureg', "'")
('err_func:', '/data/maliha/decompilation/data/error_without_patch/ida/speccpu/gcc/O1/libquantum-gcc-O1-compilation-errors/quantum_delete_qureg')
('err_funcfile:', '/data/maliha/decompilation/data/error_without_patch/ida/speccpu/gcc/O1/libquantum-gcc-O1-compilation-errors/quantum_delete_qureg')
('error:', 'clang: error: linker command failed with exit code 1 (use -v to see invocation)')
***************** Next Function ******************
('func_count:', 84)
("func_name '", 'quantum_ipow', "'")
('err_func:', '/data/maliha/decompilation/data/error_without_patch/ida/speccpu/gcc/O1/libquantum-gcc-O1-compilation-errors/quantum_ipow')
('err_funcfile:', '/data/maliha/decompilation/data/error_without_patch/ida/speccpu/gcc/O1/libquantum-gcc-O1-compilation-errors/quantum_ipow')
('error:', 'clang: error: linker command failed with exit code 1 (use -v to see invocation)')
***************** Next Function ******************
('func_count:', 85)
("func_name '", 'quantum_phase_scale', "'")
('err_func:', '/data/maliha/decompilation/data/error_without_patch/ida/speccpu/gcc/O1/libquantum-gcc-O1-compilation-errors/quantum_phase_scale')
('err_funcfile:', '/data/maliha/decompilation/data/error_without_patch/ida/speccpu/gcc/O1/libquantum-gcc-O1-compilation-errors/quantum_phase_scale')
('error:', "/home/yanlin/my-projects/decompilation/source_code/recompiled/IDA/speccpu/gcc/O1/libquantum-gcc-O1/quantum_phase_scale/src/gates.c:753:19: error: expected ';' at end of declaration")
('error:', "/home/yanlin/my-projects/decompilation/source_code/recompiled/IDA/speccpu/gcc/O1/libquantum-gcc-O1/quantum_phase_scale/src/gates.c:754:10: error: expected ';' after expression")
('error:', "/home/yanlin/my-projects/decompilation/source_code/recompiled/IDA/speccpu/gcc/O1/libquantum-gcc-O1/quantum_phase_scale/src/gates.c:754:11: error: use of undeclared identifier 'v5'")
('error:', "/home/yanlin/my-projects/decompilation/source_code/recompiled/IDA/speccpu/gcc/O1/libquantum-gcc-O1/quantum_phase_scale/src/gates.c:761:5: error: use of undeclared identifier 'v4'")
('error:', "/home/yanlin/my-projects/decompilation/source_code/recompiled/IDA/speccpu/gcc/O1/libquantum-gcc-O1/quantum_phase_scale/src/gates.c:761:29: error: too many arguments to function call, expected single argument 'phi', have 2 arguments")
('error:', "/home/yanlin/my-projects/decompilation/source_code/recompiled/IDA/speccpu/gcc/O1/libquantum-gcc-O1/quantum_phase_scale/src/gates.c:764:7: error: use of undeclared identifier 'v5'")
('error:', "/home/yanlin/my-projects/decompilation/source_code/recompiled/IDA/speccpu/gcc/O1/libquantum-gcc-O1/quantum_phase_scale/src/gates.c:767:25: error: use of undeclared identifier 'v5'")
('error:', "/home/yanlin/my-projects/decompilation/source_code/recompiled/IDA/speccpu/gcc/O1/libquantum-gcc-O1/quantum_phase_scale/src/gates.c:768:29: error: member reference base type '_Complex float' is not a structure or union")
('error:', "/home/yanlin/my-projects/decompilation/source_code/recompiled/IDA/speccpu/gcc/O1/libquantum-gcc-O1/quantum_phase_scale/src/gates.c:769:28: error: use of undeclared identifier 'v4'")
('error:', "/home/yanlin/my-projects/decompilation/source_code/recompiled/IDA/speccpu/gcc/O1/libquantum-gcc-O1/quantum_phase_scale/src/gates.c:769:51: error: member reference base type '_Complex float' is not a structure or union")
('error:', "/home/yanlin/my-projects/decompilation/source_code/recompiled/IDA/speccpu/gcc/O1/libquantum-gcc-O1/quantum_phase_scale/src/gates.c:770:22: error: member reference base type '_Complex float' is not a structure or union")
('error:', "/home/yanlin/my-projects/decompilation/source_code/recompiled/IDA/speccpu/gcc/O1/libquantum-gcc-O1/quantum_phase_scale/src/gates.c:770:52: error: use of undeclared identifier 'v4'")
('error:', "/home/yanlin/my-projects/decompilation/source_code/recompiled/IDA/speccpu/gcc/O1/libquantum-gcc-O1/quantum_phase_scale/src/gates.c:770:70: error: member reference base type '_Complex float' is not a structure or union")
('error:', "/home/yanlin/my-projects/decompilation/source_code/recompiled/IDA/speccpu/gcc/O1/libquantum-gcc-O1/quantum_phase_scale/src/gates.c:770:103: error: use of undeclared identifier 'v4'")
('error:', "/home/yanlin/my-projects/decompilation/source_code/recompiled/IDA/speccpu/gcc/O1/libquantum-gcc-O1/quantum_phase_scale/src/gates.c:771:22: error: member reference base type '_Complex float' is not a structure or union")
('error:', "/home/yanlin/my-projects/decompilation/source_code/recompiled/IDA/speccpu/gcc/O1/libquantum-gcc-O1/quantum_phase_scale/src/gates.c:771:57: error: use of undeclared identifier 'v4'")
('error:', "/home/yanlin/my-projects/decompilation/source_code/recompiled/IDA/speccpu/gcc/O1/libquantum-gcc-O1/quantum_phase_scale/src/gates.c:772:11: error: use of undeclared identifier 'v5'")
('error:', "/home/yanlin/my-projects/decompilation/source_code/recompiled/IDA/speccpu/gcc/O1/libquantum-gcc-O1/quantum_phase_scale/src/gates.c:774:34: error: use of undeclared identifier 'v5'")
***************** Next Function ******************
('func_count:', 86)
("func_name '", 'quantum_qec_set_status', "'")
('err_func:', '/data/maliha/decompilation/data/error_without_patch/ida/speccpu/gcc/O1/libquantum-gcc-O1-compilation-errors/quantum_qec_set_status')
('err_funcfile:', '/data/maliha/decompilation/data/error_without_patch/ida/speccpu/gcc/O1/libquantum-gcc-O1-compilation-errors/quantum_qec_set_status')
('error:', 'clang: error: linker command failed with exit code 1 (use -v to see invocation)')
***************** Next Function ******************
('func_count:', 87)
("func_name '", 'quantum_objcode_put', "'")
('err_func:', '/data/maliha/decompilation/data/error_without_patch/ida/speccpu/gcc/O1/libquantum-gcc-O1-compilation-errors/quantum_objcode_put')
('err_funcfile:', '/data/maliha/decompilation/data/error_without_patch/ida/speccpu/gcc/O1/libquantum-gcc-O1-compilation-errors/quantum_objcode_put')
('error:', "/home/yanlin/my-projects/decompilation/source_code/recompiled/IDA/speccpu/gcc/O1/libquantum-gcc-O1/quantum_objcode_put/src/objcode.c:164:42: error: expected ')'")
('error:', "/home/yanlin/my-projects/decompilation/source_code/recompiled/IDA/speccpu/gcc/O1/libquantum-gcc-O1/quantum_objcode_put/src/objcode.c:164:5: error: conflicting types for 'quantum_objcode_put'")
('error:', "/home/yanlin/my-projects/decompilation/source_code/recompiled/IDA/speccpu/gcc/O1/libquantum-gcc-O1/quantum_objcode_put/src/objcode.c:166:10: error: expected ';' after expression")
('error:', "/home/yanlin/my-projects/decompilation/source_code/recompiled/IDA/speccpu/gcc/O1/libquantum-gcc-O1/quantum_objcode_put/src/objcode.c:166:3: error: use of undeclared identifier '__int64'; did you mean '__int8'?")
('error:', "/home/yanlin/my-projects/decompilation/source_code/recompiled/IDA/speccpu/gcc/O1/libquantum-gcc-O1/quantum_objcode_put/src/objcode.c:166:11: error: use of undeclared identifier 'v1'")
('error:', "/home/yanlin/my-projects/decompilation/source_code/recompiled/IDA/speccpu/gcc/O1/libquantum-gcc-O1/quantum_objcode_put/src/objcode.c:167:10: error: expected ';' after expression")
('error:', "/home/yanlin/my-projects/decompilation/source_code/recompiled/IDA/speccpu/gcc/O1/libquantum-gcc-O1/quantum_objcode_put/src/objcode.c:167:3: error: use of undeclared identifier '__int64'; did you mean '__int8'?")
('error:', "/home/yanlin/my-projects/decompilation/source_code/recompiled/IDA/speccpu/gcc/O1/libquantum-gcc-O1/quantum_objcode_put/src/objcode.c:167:11: error: use of undeclared identifier 'v2'")
('error:', "/home/yanlin/my-projects/decompilation/source_code/recompiled/IDA/speccpu/gcc/O1/libquantum-gcc-O1/quantum_objcode_put/src/objcode.c:168:10: error: expected ';' after expression")
('error:', "/home/yanlin/my-projects/decompilation/source_code/recompiled/IDA/speccpu/gcc/O1/libquantum-gcc-O1/quantum_objcode_put/src/objcode.c:168:3: error: use of undeclared identifier '__int64'; did you mean '__int8'?")
('error:', "/home/yanlin/my-projects/decompilation/source_code/recompiled/IDA/speccpu/gcc/O1/libquantum-gcc-O1/quantum_objcode_put/src/objcode.c:168:11: error: use of undeclared identifier 'v3'")
('error:', "/home/yanlin/my-projects/decompilation/source_code/recompiled/IDA/speccpu/gcc/O1/libquantum-gcc-O1/quantum_objcode_put/src/objcode.c:169:10: error: expected ';' after expression")
('error:', "/home/yanlin/my-projects/decompilation/source_code/recompiled/IDA/speccpu/gcc/O1/libquantum-gcc-O1/quantum_objcode_put/src/objcode.c:169:3: error: use of undeclared identifier '__int64'; did you mean '__int8'?")
('error:', "/home/yanlin/my-projects/decompilation/source_code/recompiled/IDA/speccpu/gcc/O1/libquantum-gcc-O1/quantum_objcode_put/src/objcode.c:169:11: error: use of undeclared identifier 'v4'")
('error:', "/home/yanlin/my-projects/decompilation/source_code/recompiled/IDA/speccpu/gcc/O1/libquantum-gcc-O1/quantum_objcode_put/src/objcode.c:170:10: error: expected ';' after expression")
('error:', "/home/yanlin/my-projects/decompilation/source_code/recompiled/IDA/speccpu/gcc/O1/libquantum-gcc-O1/quantum_objcode_put/src/objcode.c:170:3: error: use of undeclared identifier '__int64'; did you mean '__int8'?")
('error:', "/home/yanlin/my-projects/decompilation/source_code/recompiled/IDA/speccpu/gcc/O1/libquantum-gcc-O1/quantum_objcode_put/src/objcode.c:170:11: error: use of undeclared identifier 'v5'")
('error:', "/home/yanlin/my-projects/decompilation/source_code/recompiled/IDA/speccpu/gcc/O1/libquantum-gcc-O1/quantum_objcode_put/src/objcode.c:176:12: error: redefinition of '__int8'")
('error:', "/home/yanlin/my-projects/decompilation/source_code/recompiled/IDA/speccpu/gcc/O1/libquantum-gcc-O1/quantum_objcode_put/src/objcode.c:176:18: error: expected ';' at end of declaration")
('error:', 'fatal error: too many errors emitted, stopping now [-ferror-limit=]')
***************** Next Function ******************
('func_count:', 88)
("func_name '", 'quantum_print_qureg', "'")
('err_func:', '/data/maliha/decompilation/data/error_without_patch/ida/speccpu/gcc/O1/libquantum-gcc-O1-compilation-errors/quantum_print_qureg')
('err_funcfile:', '/data/maliha/decompilation/data/error_without_patch/ida/speccpu/gcc/O1/libquantum-gcc-O1-compilation-errors/quantum_print_qureg')
('error:', "/home/yanlin/my-projects/decompilation/source_code/recompiled/IDA/speccpu/gcc/O1/libquantum-gcc-O1/quantum_print_qureg/src/qureg.c:221:24: error: member reference base type '_Complex float' is not a structure or union")
('error:', "/home/yanlin/my-projects/decompilation/source_code/recompiled/IDA/speccpu/gcc/O1/libquantum-gcc-O1/quantum_print_qureg/src/qureg.c:222:24: error: member reference base type '_Complex float' is not a structure or union")
('error:', "/home/yanlin/my-projects/decompilation/source_code/recompiled/IDA/speccpu/gcc/O1/libquantum-gcc-O1/quantum_print_qureg/src/qureg.c:224:44: error: member reference base type '_Complex float' is not a structure or union")
('error:', "/home/yanlin/my-projects/decompilation/source_code/recompiled/IDA/speccpu/gcc/O1/libquantum-gcc-O1/quantum_print_qureg/src/qureg.c:224:67: error: member reference base type '_Complex float' is not a structure or union")
('error:', "/home/yanlin/my-projects/decompilation/source_code/recompiled/IDA/speccpu/gcc/O1/libquantum-gcc-O1/quantum_print_qureg/src/qureg.c:225:42: error: member reference base type '_Complex float' is not a structure or union")
('error:', "/home/yanlin/my-projects/decompilation/source_code/recompiled/IDA/speccpu/gcc/O1/libquantum-gcc-O1/quantum_print_qureg/src/qureg.c:225:65: error: member reference base type '_Complex float' is not a structure or union")
***************** Next Function ******************
('func_count:', 89)
("func_name '", 'quantum_int2char', "'")
('err_func:', '/data/maliha/decompilation/data/error_without_patch/ida/speccpu/gcc/O1/libquantum-gcc-O1-compilation-errors/quantum_int2char')
('err_funcfile:', '/data/maliha/decompilation/data/error_without_patch/ida/speccpu/gcc/O1/libquantum-gcc-O1-compilation-errors/quantum_int2char')
('error:', "/home/yanlin/my-projects/decompilation/source_code/recompiled/IDA/speccpu/gcc/O1/libquantum-gcc-O1/quantum_int2char/src/objcode.c:74:59: error: expected ')'")
('error:', "/home/yanlin/my-projects/decompilation/source_code/recompiled/IDA/speccpu/gcc/O1/libquantum-gcc-O1/quantum_int2char/src/objcode.c:79:10: error: expected ';' after expression")
('error:', "/home/yanlin/my-projects/decompilation/source_code/recompiled/IDA/speccpu/gcc/O1/libquantum-gcc-O1/quantum_int2char/src/objcode.c:79:3: error: use of undeclared identifier '__int16'; did you mean '__int8'?")
('error:', "/home/yanlin/my-projects/decompilation/source_code/recompiled/IDA/speccpu/gcc/O1/libquantum-gcc-O1/quantum_int2char/src/objcode.c:79:11: error: use of undeclared identifier 'v5'")
('error:', '/home/yanlin/my-projects/decompilation/source_code/recompiled/IDA/speccpu/gcc/O1/libquantum-gcc-O1/quantum_int2char/src/objcode.c:83:17: error: expression is not assignable')
('error:', "/home/yanlin/my-projects/decompilation/source_code/recompiled/IDA/speccpu/gcc/O1/libquantum-gcc-O1/quantum_int2char/src/objcode.c:84:4: error: use of undeclared identifier 'buf'")
('error:', '/home/yanlin/my-projects/decompilation/source_code/recompiled/IDA/speccpu/gcc/O1/libquantum-gcc-O1/quantum_int2char/src/objcode.c:88:16: error: expression is not assignable')
('error:', "/home/yanlin/my-projects/decompilation/source_code/recompiled/IDA/speccpu/gcc/O1/libquantum-gcc-O1/quantum_int2char/src/objcode.c:89:3: error: use of undeclared identifier 'buf'")
('error:', "/home/yanlin/my-projects/decompilation/source_code/recompiled/IDA/speccpu/gcc/O1/libquantum-gcc-O1/quantum_int2char/src/objcode.c:90:3: error: use of undeclared identifier 'v5'")
('error:', "/home/yanlin/my-projects/decompilation/source_code/recompiled/IDA/speccpu/gcc/O1/libquantum-gcc-O1/quantum_int2char/src/objcode.c:92:13: error: use of undeclared identifier 'v5'")
('error:', "/home/yanlin/my-projects/decompilation/source_code/recompiled/IDA/speccpu/gcc/O1/libquantum-gcc-O1/quantum_int2char/src/objcode.c:92:30: error: expected ')'")
('error:', "/home/yanlin/my-projects/decompilation/source_code/recompiled/IDA/speccpu/gcc/O1/libquantum-gcc-O1/quantum_int2char/src/objcode.c:93:3: error: use of undeclared identifier 'buf'")
('error:', "/home/yanlin/my-projects/decompilation/source_code/recompiled/IDA/speccpu/gcc/O1/libquantum-gcc-O1/quantum_int2char/src/objcode.c:93:20: error: use of undeclared identifier 'v5'")
('error:', "/home/yanlin/my-projects/decompilation/source_code/recompiled/IDA/speccpu/gcc/O1/libquantum-gcc-O1/quantum_int2char/src/objcode.c:94:3: error: use of undeclared identifier 'buf'")
***************** Next Function ******************
('func_count:', 90)
("func_name '", 'quantum_objcode_run', "'")
('err_func:', '/data/maliha/decompilation/data/error_without_patch/ida/speccpu/gcc/O1/libquantum-gcc-O1-compilation-errors/quantum_objcode_run')
('err_funcfile:', '/data/maliha/decompilation/data/error_without_patch/ida/speccpu/gcc/O1/libquantum-gcc-O1-compilation-errors/quantum_objcode_run')
('error:', "/home/yanlin/my-projects/decompilation/source_code/recompiled/IDA/speccpu/gcc/O1/libquantum-gcc-O1/quantum_objcode_run/src/objcode.c:315:3: error: use of undeclared identifier '__m128i'")
('error:', "/home/yanlin/my-projects/decompilation/source_code/recompiled/IDA/speccpu/gcc/O1/libquantum-gcc-O1/quantum_objcode_run/src/objcode.c:323:19: error: expected ';' at end of declaration")
('error:', '/home/yanlin/my-projects/decompilation/source_code/recompiled/IDA/speccpu/gcc/O1/libquantum-gcc-O1/quantum_objcode_run/src/objcode.c:349:19: error: expected expression')
('error:', "/home/yanlin/my-projects/decompilation/source_code/recompiled/IDA/speccpu/gcc/O1/libquantum-gcc-O1/quantum_objcode_run/src/objcode.c:349:12: error: use of undeclared identifier '_BYTE'")
('error:', "/home/yanlin/my-projects/decompilation/source_code/recompiled/IDA/speccpu/gcc/O1/libquantum-gcc-O1/quantum_objcode_run/src/objcode.c:353:23: error: expected ')'")
('error:', "/home/yanlin/my-projects/decompilation/source_code/recompiled/IDA/speccpu/gcc/O1/libquantum-gcc-O1/quantum_objcode_run/src/objcode.c:360:47: error: expected ')'")
('error:', "/home/yanlin/my-projects/decompilation/source_code/recompiled/IDA/speccpu/gcc/O1/libquantum-gcc-O1/quantum_objcode_run/src/objcode.c:360:13: error: use of undeclared identifier 'v11'")
('error:', "/home/yanlin/my-projects/decompilation/source_code/recompiled/IDA/speccpu/gcc/O1/libquantum-gcc-O1/quantum_objcode_run/src/objcode.c:361:39: error: use of undeclared identifier 'v11'")
('error:', "/home/yanlin/my-projects/decompilation/source_code/recompiled/IDA/speccpu/gcc/O1/libquantum-gcc-O1/quantum_objcode_run/src/objcode.c:362:13: error: use of undeclared identifier 'v2'")
('error:', "/home/yanlin/my-projects/decompilation/source_code/recompiled/IDA/speccpu/gcc/O1/libquantum-gcc-O1/quantum_objcode_run/src/objcode.c:362:43: error: unknown type name '__m128i'")
('error:', '/home/yanlin/my-projects/decompilation/source_code/recompiled/IDA/speccpu/gcc/O1/libquantum-gcc-O1/quantum_objcode_run/src/objcode.c:363:25: error: expected expression')
('error:', "/home/yanlin/my-projects/decompilation/source_code/recompiled/IDA/speccpu/gcc/O1/libquantum-gcc-O1/quantum_objcode_run/src/objcode.c:363:16: error: use of undeclared identifier '__m128i'")
('error:', "/home/yanlin/my-projects/decompilation/source_code/recompiled/IDA/speccpu/gcc/O1/libquantum-gcc-O1/quantum_objcode_run/src/objcode.c:363:40: error: use of undeclared identifier 'v2'")
('error:', '/home/yanlin/my-projects/decompilation/source_code/recompiled/IDA/speccpu/gcc/O1/libquantum-gcc-O1/quantum_objcode_run/src/objcode.c:364:25: error: expected expression')
('error:', "/home/yanlin/my-projects/decompilation/source_code/recompiled/IDA/speccpu/gcc/O1/libquantum-gcc-O1/quantum_objcode_run/src/objcode.c:364:16: error: use of undeclared identifier '__m128i'")
('error:', "/home/yanlin/my-projects/decompilation/source_code/recompiled/IDA/speccpu/gcc/O1/libquantum-gcc-O1/quantum_objcode_run/src/objcode.c:364:64: error: unknown type name '__m128i'")
('error:', "/home/yanlin/my-projects/decompilation/source_code/recompiled/IDA/speccpu/gcc/O1/libquantum-gcc-O1/quantum_objcode_run/src/objcode.c:369:48: error: expected ')'")
('error:', "/home/yanlin/my-projects/decompilation/source_code/recompiled/IDA/speccpu/gcc/O1/libquantum-gcc-O1/quantum_objcode_run/src/objcode.c:371:48: error: expected ')'")
('error:', "/home/yanlin/my-projects/decompilation/source_code/recompiled/IDA/speccpu/gcc/O1/libquantum-gcc-O1/quantum_objcode_run/src/objcode.c:383:48: error: expected ')'")
('error:', 'fatal error: too many errors emitted, stopping now [-ferror-limit=]')
***************** Next Function ******************
('func_count:', 91)
("func_name '", 'quantum_phase_kick', "'")
('err_func:', '/data/maliha/decompilation/data/error_without_patch/ida/speccpu/gcc/O1/libquantum-gcc-O1-compilation-errors/quantum_phase_kick')
('err_funcfile:', '/data/maliha/decompilation/data/error_without_patch/ida/speccpu/gcc/O1/libquantum-gcc-O1-compilation-errors/quantum_phase_kick')
('error:', "/home/yanlin/my-projects/decompilation/source_code/recompiled/IDA/speccpu/gcc/O1/libquantum-gcc-O1/quantum_phase_kick/src/gates.c:775:19: error: expected ';' at end of declaration")
('error:', "/home/yanlin/my-projects/decompilation/source_code/recompiled/IDA/speccpu/gcc/O1/libquantum-gcc-O1/quantum_phase_kick/src/gates.c:776:10: error: expected ';' after expression")
('error:', "/home/yanlin/my-projects/decompilation/source_code/recompiled/IDA/speccpu/gcc/O1/libquantum-gcc-O1/quantum_phase_kick/src/gates.c:776:11: error: use of undeclared identifier 'v5'")
('error:', "/home/yanlin/my-projects/decompilation/source_code/recompiled/IDA/speccpu/gcc/O1/libquantum-gcc-O1/quantum_phase_kick/src/gates.c:783:5: error: use of undeclared identifier 'v4'")
('error:', "/home/yanlin/my-projects/decompilation/source_code/recompiled/IDA/speccpu/gcc/O1/libquantum-gcc-O1/quantum_phase_kick/src/gates.c:783:29: error: too many arguments to function call, expected single argument 'phi', have 2 arguments")
('error:', "/home/yanlin/my-projects/decompilation/source_code/recompiled/IDA/speccpu/gcc/O1/libquantum-gcc-O1/quantum_phase_kick/src/gates.c:786:7: error: use of undeclared identifier 'v5'")
('error:', "/home/yanlin/my-projects/decompilation/source_code/recompiled/IDA/speccpu/gcc/O1/libquantum-gcc-O1/quantum_phase_kick/src/gates.c:789:25: error: use of undeclared identifier 'v5'")
('error:', "/home/yanlin/my-projects/decompilation/source_code/recompiled/IDA/speccpu/gcc/O1/libquantum-gcc-O1/quantum_phase_kick/src/gates.c:792:31: error: member reference base type '_Complex float' is not a structure or union")
('error:', "/home/yanlin/my-projects/decompilation/source_code/recompiled/IDA/speccpu/gcc/O1/libquantum-gcc-O1/quantum_phase_kick/src/gates.c:793:30: error: use of undeclared identifier 'v4'")
('error:', "/home/yanlin/my-projects/decompilation/source_code/recompiled/IDA/speccpu/gcc/O1/libquantum-gcc-O1/quantum_phase_kick/src/gates.c:793:53: error: member reference base type '_Complex float' is not a structure or union")
('error:', "/home/yanlin/my-projects/decompilation/source_code/recompiled/IDA/speccpu/gcc/O1/libquantum-gcc-O1/quantum_phase_kick/src/gates.c:794:24: error: member reference base type '_Complex float' is not a structure or union")
('error:', "/home/yanlin/my-projects/decompilation/source_code/recompiled/IDA/speccpu/gcc/O1/libquantum-gcc-O1/quantum_phase_kick/src/gates.c:794:54: error: use of undeclared identifier 'v4'")
('error:', "/home/yanlin/my-projects/decompilation/source_code/recompiled/IDA/speccpu/gcc/O1/libquantum-gcc-O1/quantum_phase_kick/src/gates.c:794:72: error: member reference base type '_Complex float' is not a structure or union")
('error:', "/home/yanlin/my-projects/decompilation/source_code/recompiled/IDA/speccpu/gcc/O1/libquantum-gcc-O1/quantum_phase_kick/src/gates.c:794:105: error: use of undeclared identifier 'v4'")
('error:', "/home/yanlin/my-projects/decompilation/source_code/recompiled/IDA/speccpu/gcc/O1/libquantum-gcc-O1/quantum_phase_kick/src/gates.c:795:24: error: member reference base type '_Complex float' is not a structure or union")
('error:', "/home/yanlin/my-projects/decompilation/source_code/recompiled/IDA/speccpu/gcc/O1/libquantum-gcc-O1/quantum_phase_kick/src/gates.c:795:59: error: use of undeclared identifier 'v4'")
('error:', "/home/yanlin/my-projects/decompilation/source_code/recompiled/IDA/speccpu/gcc/O1/libquantum-gcc-O1/quantum_phase_kick/src/gates.c:797:11: error: use of undeclared identifier 'v5'")
('error:', "/home/yanlin/my-projects/decompilation/source_code/recompiled/IDA/speccpu/gcc/O1/libquantum-gcc-O1/quantum_phase_kick/src/gates.c:799:34: error: use of undeclared identifier 'v5'")
***************** Next Function ******************
('func_count:', 92)
("func_name '", 'quantum_objcode_exit', "'")
('err_func:', '/data/maliha/decompilation/data/error_without_patch/ida/speccpu/gcc/O1/libquantum-gcc-O1-compilation-errors/quantum_objcode_exit')
('err_funcfile:', '/data/maliha/decompilation/data/error_without_patch/ida/speccpu/gcc/O1/libquantum-gcc-O1-compilation-errors/quantum_objcode_exit')
('error:', 'clang: error: linker command failed with exit code 1 (use -v to see invocation)')
***************** Next Function ******************
('func_count:', 93)
("func_name '", 'muxfa_inv', "'")
('err_func:', '/data/maliha/decompilation/data/error_without_patch/ida/speccpu/gcc/O1/libquantum-gcc-O1-compilation-errors/muxfa_inv')
('err_funcfile:', '/data/maliha/decompilation/data/error_without_patch/ida/speccpu/gcc/O1/libquantum-gcc-O1-compilation-errors/muxfa_inv')
('error:', 'clang: error: linker command failed with exit code 1 (use -v to see invocation)')
***************** Next Function ******************
('func_count:', 94)
("func_name '", 'quantum_gate2', "'")
('err_func:', '/data/maliha/decompilation/data/error_without_patch/ida/speccpu/gcc/O1/libquantum-gcc-O1-compilation-errors/quantum_gate2')
('err_funcfile:', '/data/maliha/decompilation/data/error_without_patch/ida/speccpu/gcc/O1/libquantum-gcc-O1-compilation-errors/quantum_gate2')
('error:', "/home/yanlin/my-projects/decompilation/source_code/recompiled/IDA/speccpu/gcc/O1/libquantum-gcc-O1/quantum_gate2/src/gates.c:484:3: error: use of undeclared identifier 'complex_float'")
('error:', "/home/yanlin/my-projects/decompilation/source_code/recompiled/IDA/speccpu/gcc/O1/libquantum-gcc-O1/quantum_gate2/src/gates.c:484:18: error: use of undeclared identifier 't'")
('error:', "/home/yanlin/my-projects/decompilation/source_code/recompiled/IDA/speccpu/gcc/O1/libquantum-gcc-O1/quantum_gate2/src/gates.c:485:3: error: unknown type name '__int64'; did you mean '__int64_t'?")
('error:', "/home/yanlin/my-projects/decompilation/source_code/recompiled/IDA/speccpu/gcc/O1/libquantum-gcc-O1/quantum_gate2/src/gates.c:487:3: error: unknown type name '__int64'; did you mean '__int64_t'?")
('error:', "/home/yanlin/my-projects/decompilation/source_code/recompiled/IDA/speccpu/gcc/O1/libquantum-gcc-O1/quantum_gate2/src/gates.c:492:3: error: unknown type name '__int64'; did you mean '__int64_t'?")
('error:', "/home/yanlin/my-projects/decompilation/source_code/recompiled/IDA/speccpu/gcc/O1/libquantum-gcc-O1/quantum_gate2/src/gates.c:493:3: error: unknown type name '__int64'; did you mean '__int64_t'?")
('error:', "/home/yanlin/my-projects/decompilation/source_code/recompiled/IDA/speccpu/gcc/O1/libquantum-gcc-O1/quantum_gate2/src/gates.c:494:19: error: expected ';' at end of declaration")
('error:', "/home/yanlin/my-projects/decompilation/source_code/recompiled/IDA/speccpu/gcc/O1/libquantum-gcc-O1/quantum_gate2/src/gates.c:499:10: error: expected ';' after expression")
('error:', "/home/yanlin/my-projects/decompilation/source_code/recompiled/IDA/speccpu/gcc/O1/libquantum-gcc-O1/quantum_gate2/src/gates.c:499:11: error: use of undeclared identifier 'v20'; did you mean 'v10'?")
('error:', "/home/yanlin/my-projects/decompilation/source_code/recompiled/IDA/speccpu/gcc/O1/libquantum-gcc-O1/quantum_gate2/src/gates.c:502:10: error: expected ';' after expression")
('error:', "/home/yanlin/my-projects/decompilation/source_code/recompiled/IDA/speccpu/gcc/O1/libquantum-gcc-O1/quantum_gate2/src/gates.c:502:11: error: use of undeclared identifier 'n'")
('error:', "/home/yanlin/my-projects/decompilation/source_code/recompiled/IDA/speccpu/gcc/O1/libquantum-gcc-O1/quantum_gate2/src/gates.c:514:10: error: expected ';' after expression")
('error:', "/home/yanlin/my-projects/decompilation/source_code/recompiled/IDA/speccpu/gcc/O1/libquantum-gcc-O1/quantum_gate2/src/gates.c:514:11: error: use of undeclared identifier 'v35'")
('error:', "/home/yanlin/my-projects/decompilation/source_code/recompiled/IDA/speccpu/gcc/O1/libquantum-gcc-O1/quantum_gate2/src/gates.c:518:10: error: expected ';' after expression")
('error:', "/home/yanlin/my-projects/decompilation/source_code/recompiled/IDA/speccpu/gcc/O1/libquantum-gcc-O1/quantum_gate2/src/gates.c:518:11: error: use of undeclared identifier 'v39'")
('error:', "/home/yanlin/my-projects/decompilation/source_code/recompiled/IDA/speccpu/gcc/O1/libquantum-gcc-O1/quantum_gate2/src/gates.c:528:3: error: use of undeclared identifier 'bool'")
('error:', "/home/yanlin/my-projects/decompilation/source_code/recompiled/IDA/speccpu/gcc/O1/libquantum-gcc-O1/quantum_gate2/src/gates.c:530:10: error: expected ';' after expression")
('error:', "/home/yanlin/my-projects/decompilation/source_code/recompiled/IDA/speccpu/gcc/O1/libquantum-gcc-O1/quantum_gate2/src/gates.c:530:11: error: use of undeclared identifier 'v51'")
('error:', "/home/yanlin/my-projects/decompilation/source_code/recompiled/IDA/speccpu/gcc/O1/libquantum-gcc-O1/quantum_gate2/src/gates.c:538:10: error: expected ';' after expression")
('error:', 'fatal error: too many errors emitted, stopping now [-ferror-limit=]')
***************** Next Function ******************
('func_count:', 95)
("func_name '", 'quantum_cond_phase_kick', "'")
('err_func:', '/data/maliha/decompilation/data/error_without_patch/ida/speccpu/gcc/O1/libquantum-gcc-O1-compilation-errors/quantum_cond_phase_kick')
('err_funcfile:', '/data/maliha/decompilation/data/error_without_patch/ida/speccpu/gcc/O1/libquantum-gcc-O1-compilation-errors/quantum_cond_phase_kick')
('error:', "/home/yanlin/my-projects/decompilation/source_code/recompiled/IDA/speccpu/gcc/O1/libquantum-gcc-O1/quantum_cond_phase_kick/src/gates.c:842:19: error: expected ';' at end of declaration")
('error:', "/home/yanlin/my-projects/decompilation/source_code/recompiled/IDA/speccpu/gcc/O1/libquantum-gcc-O1/quantum_cond_phase_kick/src/gates.c:843:10: error: expected ';' after expression")
('error:', "/home/yanlin/my-projects/decompilation/source_code/recompiled/IDA/speccpu/gcc/O1/libquantum-gcc-O1/quantum_cond_phase_kick/src/gates.c:843:11: error: use of undeclared identifier 'v7'")
('error:', "/home/yanlin/my-projects/decompilation/source_code/recompiled/IDA/speccpu/gcc/O1/libquantum-gcc-O1/quantum_cond_phase_kick/src/gates.c:850:5: error: use of undeclared identifier 'v6'")
('error:', "/home/yanlin/my-projects/decompilation/source_code/recompiled/IDA/speccpu/gcc/O1/libquantum-gcc-O1/quantum_cond_phase_kick/src/gates.c:850:32: error: too many arguments to function call, expected single argument 'phi', have 2 arguments")
('error:', "/home/yanlin/my-projects/decompilation/source_code/recompiled/IDA/speccpu/gcc/O1/libquantum-gcc-O1/quantum_cond_phase_kick/src/gates.c:853:7: error: use of undeclared identifier 'v7'")
('error:', "/home/yanlin/my-projects/decompilation/source_code/recompiled/IDA/speccpu/gcc/O1/libquantum-gcc-O1/quantum_cond_phase_kick/src/gates.c:856:25: error: use of undeclared identifier 'v7'")
('error:', "/home/yanlin/my-projects/decompilation/source_code/recompiled/IDA/speccpu/gcc/O1/libquantum-gcc-O1/quantum_cond_phase_kick/src/gates.c:859:31: error: member reference base type '_Complex float' is not a structure or union")
('error:', "/home/yanlin/my-projects/decompilation/source_code/recompiled/IDA/speccpu/gcc/O1/libquantum-gcc-O1/quantum_cond_phase_kick/src/gates.c:860:31: error: use of undeclared identifier 'v6'")
('error:', "/home/yanlin/my-projects/decompilation/source_code/recompiled/IDA/speccpu/gcc/O1/libquantum-gcc-O1/quantum_cond_phase_kick/src/gates.c:860:54: error: member reference base type '_Complex float' is not a structure or union")
('error:', "/home/yanlin/my-projects/decompilation/source_code/recompiled/IDA/speccpu/gcc/O1/libquantum-gcc-O1/quantum_cond_phase_kick/src/gates.c:861:24: error: member reference base type '_Complex float' is not a structure or union")
('error:', "/home/yanlin/my-projects/decompilation/source_code/recompiled/IDA/speccpu/gcc/O1/libquantum-gcc-O1/quantum_cond_phase_kick/src/gates.c:861:54: error: use of undeclared identifier 'v6'")
('error:', "/home/yanlin/my-projects/decompilation/source_code/recompiled/IDA/speccpu/gcc/O1/libquantum-gcc-O1/quantum_cond_phase_kick/src/gates.c:861:72: error: member reference base type '_Complex float' is not a structure or union")
('error:', "/home/yanlin/my-projects/decompilation/source_code/recompiled/IDA/speccpu/gcc/O1/libquantum-gcc-O1/quantum_cond_phase_kick/src/gates.c:861:105: error: use of undeclared identifier 'v6'")
('error:', "/home/yanlin/my-projects/decompilation/source_code/recompiled/IDA/speccpu/gcc/O1/libquantum-gcc-O1/quantum_cond_phase_kick/src/gates.c:862:24: error: member reference base type '_Complex float' is not a structure or union")
('error:', "/home/yanlin/my-projects/decompilation/source_code/recompiled/IDA/speccpu/gcc/O1/libquantum-gcc-O1/quantum_cond_phase_kick/src/gates.c:862:60: error: use of undeclared identifier 'v6'")
('error:', "/home/yanlin/my-projects/decompilation/source_code/recompiled/IDA/speccpu/gcc/O1/libquantum-gcc-O1/quantum_cond_phase_kick/src/gates.c:864:11: error: use of undeclared identifier 'v7'")
('error:', "/home/yanlin/my-projects/decompilation/source_code/recompiled/IDA/speccpu/gcc/O1/libquantum-gcc-O1/quantum_cond_phase_kick/src/gates.c:866:34: error: use of undeclared identifier 'v7'")
******************** ================== ******************** ==================
Total # fns with errors: 95. Total errors: 657
******************** ================== error type: occurrences ******************** ==================
conflicting types for a function: 10
expected 'some symbol': 93
expected expression: 30
expected identifier or '(': 3
expression is not assignable: 2
member reference type is not a structure or union: 98
redefinition of __int64: 3
redefinition of __int8: 2
too many|few arguments to function call: 19
unknown type name: 65
use of undeclared identifier: 280
******************** ================== error distribution ******************** ==================
******************** ================== error type: func count ******************** ==================
conflicting types for a function: 10
expected 'some symbol': 31
expected expression: 15
expected identifier or '(': 3
expression is not assignable: 1
member reference type is not a structure or union: 19
redefinition of __int64: 3
redefinition of __int8: 2
too many|few arguments to function call: 14
unknown type name: 31
use of undeclared identifier: 41
******************** ================== unknown errors ******************** ==================
