maliha print
***************** Next Function ******************
('func_count:', 1)
("func_name '", 'search_root', "'")
('err_func:', '/data/maliha/decompilation/data/error_without_patch/ida/speccpu/gcc/O1/sjeng-gcc-O1-compilation-errors/search_root')
('err_funcfile:', '/data/maliha/decompilation/data/error_without_patch/ida/speccpu/gcc/O1/sjeng-gcc-O1-compilation-errors/search_root')
('error:', "/home/yanlin/my-projects/decompilation/source_code/recompiled/IDA/speccpu/gcc/O1/sjeng-gcc-O1/search_root/src/search.c:1098:20: error: conflicting types for 'search_root'")
('error:', "/home/yanlin/my-projects/decompilation/source_code/recompiled/IDA/speccpu/gcc/O1/sjeng-gcc-O1/search_root/src/search.c:1102:3: error: unknown type name '__int64'; did you mean '__int64_t'?")
('error:', "/home/yanlin/my-projects/decompilation/source_code/recompiled/IDA/speccpu/gcc/O1/sjeng-gcc-O1/search_root/src/search.c:1112:3: error: unknown type name '__int64'; did you mean '__int64_t'?")
('error:', "/home/yanlin/my-projects/decompilation/source_code/recompiled/IDA/speccpu/gcc/O1/sjeng-gcc-O1/search_root/src/search.c:1113:3: error: unknown type name '__int64'; did you mean '__int64_t'?")
('error:', "/home/yanlin/my-projects/decompilation/source_code/recompiled/IDA/speccpu/gcc/O1/sjeng-gcc-O1/search_root/src/search.c:1117:3: error: unknown type name '__int64'; did you mean '__int64_t'?")
('error:', "/home/yanlin/my-projects/decompilation/source_code/recompiled/IDA/speccpu/gcc/O1/sjeng-gcc-O1/search_root/src/search.c:1120:3: error: unknown type name '__int64'; did you mean '__int64_t'?")
('error:', "/home/yanlin/my-projects/decompilation/source_code/recompiled/IDA/speccpu/gcc/O1/sjeng-gcc-O1/search_root/src/search.c:1121:3: error: unknown type name '__int64'; did you mean '__int64_t'?")
('error:', "/home/yanlin/my-projects/decompilation/source_code/recompiled/IDA/speccpu/gcc/O1/sjeng-gcc-O1/search_root/src/search.c:1123:9: error: unknown type name '__m128i'")
('error:', "/home/yanlin/my-projects/decompilation/source_code/recompiled/IDA/speccpu/gcc/O1/sjeng-gcc-O1/search_root/src/search.c:1124:3: error: unknown type name '__int64'; did you mean '__int64_t'?")
('error:', "/home/yanlin/my-projects/decompilation/source_code/recompiled/IDA/speccpu/gcc/O1/sjeng-gcc-O1/search_root/src/search.c:1125:3: error: unknown type name '__int64'; did you mean '__int64_t'?")
('error:', "/home/yanlin/my-projects/decompilation/source_code/recompiled/IDA/speccpu/gcc/O1/sjeng-gcc-O1/search_root/src/search.c:1126:9: error: unknown type name '__m128i'")
('error:', "/home/yanlin/my-projects/decompilation/source_code/recompiled/IDA/speccpu/gcc/O1/sjeng-gcc-O1/search_root/src/search.c:1131:3: error: unknown type name '__int64'; did you mean '__int64_t'?")
('error:', "/home/yanlin/my-projects/decompilation/source_code/recompiled/IDA/speccpu/gcc/O1/sjeng-gcc-O1/search_root/src/search.c:1132:3: error: unknown type name '__int64'; did you mean '__int64_t'?")
('error:', "/home/yanlin/my-projects/decompilation/source_code/recompiled/IDA/speccpu/gcc/O1/sjeng-gcc-O1/search_root/src/search.c:1134:9: error: unknown type name '__m128i'")
('error:', "/home/yanlin/my-projects/decompilation/source_code/recompiled/IDA/speccpu/gcc/O1/sjeng-gcc-O1/search_root/src/search.c:1135:9: error: unknown type name '__m128i'")
('error:', "/home/yanlin/my-projects/decompilation/source_code/recompiled/IDA/speccpu/gcc/O1/sjeng-gcc-O1/search_root/src/search.c:1140:3: error: unknown type name '__int64'; did you mean '__int64_t'?")
('error:', "/home/yanlin/my-projects/decompilation/source_code/recompiled/IDA/speccpu/gcc/O1/sjeng-gcc-O1/search_root/src/search.c:1141:3: error: unknown type name '__int64'; did you mean '__int64_t'?")
('error:', "/home/yanlin/my-projects/decompilation/source_code/recompiled/IDA/speccpu/gcc/O1/sjeng-gcc-O1/search_root/src/search.c:1142:3: error: unknown type name '__int64'; did you mean '__int64_t'?")
('error:', "/home/yanlin/my-projects/decompilation/source_code/recompiled/IDA/speccpu/gcc/O1/sjeng-gcc-O1/search_root/src/search.c:1144:3: error: unknown type name '__int64'; did you mean '__int64_t'?")
('error:', 'fatal error: too many errors emitted, stopping now [-ferror-limit=]')
***************** Next Function ******************
('func_count:', 2)
("func_name '", 'eval', "'")
('err_func:', '/data/maliha/decompilation/data/error_without_patch/ida/speccpu/gcc/O1/sjeng-gcc-O1-compilation-errors/eval')
('err_funcfile:', '/data/maliha/decompilation/data/error_without_patch/ida/speccpu/gcc/O1/sjeng-gcc-O1-compilation-errors/eval')
('error:', "/home/yanlin/my-projects/decompilation/source_code/recompiled/IDA/speccpu/gcc/O1/sjeng-gcc-O1/eval/src/eval.c:378:3: error: unknown type name '__int32'; did you mean '__int32_t'?")
('error:', "/home/yanlin/my-projects/decompilation/source_code/recompiled/IDA/speccpu/gcc/O1/sjeng-gcc-O1/eval/src/eval.c:380:3: error: unknown type name '__int32'; did you mean '__int32_t'?")
('error:', "/home/yanlin/my-projects/decompilation/source_code/recompiled/IDA/speccpu/gcc/O1/sjeng-gcc-O1/eval/src/eval.c:382:3: error: unknown type name '__int32'; did you mean '__int32_t'?")
('error:', "/home/yanlin/my-projects/decompilation/source_code/recompiled/IDA/speccpu/gcc/O1/sjeng-gcc-O1/eval/src/eval.c:395:3: error: unknown type name '__int32'; did you mean '__int32_t'?")
('error:', "/home/yanlin/my-projects/decompilation/source_code/recompiled/IDA/speccpu/gcc/O1/sjeng-gcc-O1/eval/src/eval.c:397:3: error: unknown type name '__int32'; did you mean '__int32_t'?")
('error:', "/home/yanlin/my-projects/decompilation/source_code/recompiled/IDA/speccpu/gcc/O1/sjeng-gcc-O1/eval/src/eval.c:399:3: error: unknown type name '__int32'; did you mean '__int32_t'?")
***************** Next Function ******************
('func_count:', 3)
("func_name '", 'start_up', "'")
('err_func:', '/data/maliha/decompilation/data/error_without_patch/ida/speccpu/gcc/O1/sjeng-gcc-O1-compilation-errors/start_up')
('err_funcfile:', '/data/maliha/decompilation/data/error_without_patch/ida/speccpu/gcc/O1/sjeng-gcc-O1-compilation-errors/start_up')
***************** Next Function ******************
('func_count:', 4)
("func_name '", 'is_attacked', "'")
('err_func:', '/data/maliha/decompilation/data/error_without_patch/ida/speccpu/gcc/O1/sjeng-gcc-O1-compilation-errors/is_attacked')
('err_funcfile:', '/data/maliha/decompilation/data/error_without_patch/ida/speccpu/gcc/O1/sjeng-gcc-O1-compilation-errors/is_attacked')
('error:', "/home/yanlin/my-projects/decompilation/source_code/recompiled/IDA/speccpu/gcc/O1/sjeng-gcc-O1/is_attacked/src/attacks.c:163:3: error: unknown type name '__int64'; did you mean '__int64_t'?")
('error:', "/home/yanlin/my-projects/decompilation/source_code/recompiled/IDA/speccpu/gcc/O1/sjeng-gcc-O1/is_attacked/src/attacks.c:166:3: error: unknown type name '__int64'; did you mean '__int64_t'?")
('error:', "/home/yanlin/my-projects/decompilation/source_code/recompiled/IDA/speccpu/gcc/O1/sjeng-gcc-O1/is_attacked/src/attacks.c:167:3: error: unknown type name '__int64'; did you mean '__int64_t'?")
('error:', "/home/yanlin/my-projects/decompilation/source_code/recompiled/IDA/speccpu/gcc/O1/sjeng-gcc-O1/is_attacked/src/attacks.c:174:3: error: unknown type name '__int64'; did you mean '__int64_t'?")
('error:', "/home/yanlin/my-projects/decompilation/source_code/recompiled/IDA/speccpu/gcc/O1/sjeng-gcc-O1/is_attacked/src/attacks.c:175:3: error: unknown type name '__int64'; did you mean '__int64_t'?")
('error:', "/home/yanlin/my-projects/decompilation/source_code/recompiled/IDA/speccpu/gcc/O1/sjeng-gcc-O1/is_attacked/src/attacks.c:177:3: error: unknown type name '__int64'; did you mean '__int64_t'?")
('error:', "/home/yanlin/my-projects/decompilation/source_code/recompiled/IDA/speccpu/gcc/O1/sjeng-gcc-O1/is_attacked/src/attacks.c:180:3: error: unknown type name '__int64'; did you mean '__int64_t'?")
('error:', "/home/yanlin/my-projects/decompilation/source_code/recompiled/IDA/speccpu/gcc/O1/sjeng-gcc-O1/is_attacked/src/attacks.c:181:3: error: unknown type name '__int64'; did you mean '__int64_t'?")
('error:', "/home/yanlin/my-projects/decompilation/source_code/recompiled/IDA/speccpu/gcc/O1/sjeng-gcc-O1/is_attacked/src/attacks.c:188:3: error: unknown type name '__int64'; did you mean '__int64_t'?")
('error:', "/home/yanlin/my-projects/decompilation/source_code/recompiled/IDA/speccpu/gcc/O1/sjeng-gcc-O1/is_attacked/src/attacks.c:189:3: error: unknown type name '__int64'; did you mean '__int64_t'?")
('error:', "/home/yanlin/my-projects/decompilation/source_code/recompiled/IDA/speccpu/gcc/O1/sjeng-gcc-O1/is_attacked/src/attacks.c:197:12: error: use of undeclared identifier 'bishop_o_5'")
('error:', "/home/yanlin/my-projects/decompilation/source_code/recompiled/IDA/speccpu/gcc/O1/sjeng-gcc-O1/is_attacked/src/attacks.c:208:14: error: use of undeclared identifier 'knight_o_4'")
('error:', "/home/yanlin/my-projects/decompilation/source_code/recompiled/IDA/speccpu/gcc/O1/sjeng-gcc-O1/is_attacked/src/attacks.c:215:18: error: use of undeclared identifier 'bishop_o_5'")
('error:', "/home/yanlin/my-projects/decompilation/source_code/recompiled/IDA/speccpu/gcc/O1/sjeng-gcc-O1/is_attacked/src/attacks.c:216:14: error: use of undeclared identifier 'rook_o_3'")
('error:', "/home/yanlin/my-projects/decompilation/source_code/recompiled/IDA/speccpu/gcc/O1/sjeng-gcc-O1/is_attacked/src/attacks.c:244:17: error: use of undeclared identifier 'knight_o_4'")
('error:', "/home/yanlin/my-projects/decompilation/source_code/recompiled/IDA/speccpu/gcc/O1/sjeng-gcc-O1/is_attacked/src/attacks.c:273:11: error: use of undeclared identifier 'bishop_o_5'")
('error:', "/home/yanlin/my-projects/decompilation/source_code/recompiled/IDA/speccpu/gcc/O1/sjeng-gcc-O1/is_attacked/src/attacks.c:304:9: error: use of undeclared identifier 'knight_o_4'")
('error:', "/home/yanlin/my-projects/decompilation/source_code/recompiled/IDA/speccpu/gcc/O1/sjeng-gcc-O1/is_attacked/src/attacks.c:311:19: error: use of undeclared identifier 'bishop_o_5'")
('error:', "/home/yanlin/my-projects/decompilation/source_code/recompiled/IDA/speccpu/gcc/O1/sjeng-gcc-O1/is_attacked/src/attacks.c:312:9: error: use of undeclared identifier 'rook_o_3'")
('error:', 'fatal error: too many errors emitted, stopping now [-ferror-limit=]')
***************** Next Function ******************
('func_count:', 5)
("func_name '", 'rinput', "'")
('err_func:', '/data/maliha/decompilation/data/error_without_patch/ida/speccpu/gcc/O1/sjeng-gcc-O1-compilation-errors/rinput')
('err_funcfile:', '/data/maliha/decompilation/data/error_without_patch/ida/speccpu/gcc/O1/sjeng-gcc-O1-compilation-errors/rinput')
('error:', "/home/yanlin/my-projects/decompilation/source_code/recompiled/IDA/speccpu/gcc/O1/sjeng-gcc-O1/rinput/src/utils.c:857:3: error: unknown type name '__int64'; did you mean '__int64_t'?")
***************** Next Function ******************
('func_count:', 6)
("func_name '", 's_king_mobility', "'")
('err_func:', '/data/maliha/decompilation/data/error_without_patch/ida/speccpu/gcc/O1/sjeng-gcc-O1-compilation-errors/s_king_mobility')
('err_funcfile:', '/data/maliha/decompilation/data/error_without_patch/ida/speccpu/gcc/O1/sjeng-gcc-O1-compilation-errors/s_king_mobility')
***************** Next Function ******************
('func_count:', 7)
("func_name '", 'proofnumberscan', "'")
('err_func:', '/data/maliha/decompilation/data/error_without_patch/ida/speccpu/gcc/O1/sjeng-gcc-O1-compilation-errors/proofnumberscan')
('err_funcfile:', '/data/maliha/decompilation/data/error_without_patch/ida/speccpu/gcc/O1/sjeng-gcc-O1-compilation-errors/proofnumberscan')
('error:', "/home/yanlin/my-projects/decompilation/source_code/recompiled/IDA/speccpu/gcc/O1/sjeng-gcc-O1/proofnumberscan/src/proof.c:961:3: error: unknown type name '__int64'; did you mean '__int64_t'?")
('error:', "/home/yanlin/my-projects/decompilation/source_code/recompiled/IDA/speccpu/gcc/O1/sjeng-gcc-O1/proofnumberscan/src/proof.c:966:3: error: must use 'struct' tag to refer to type 'node'")
('error:', "/home/yanlin/my-projects/decompilation/source_code/recompiled/IDA/speccpu/gcc/O1/sjeng-gcc-O1/proofnumberscan/src/proof.c:968:3: error: unknown type name '__int64'; did you mean '__int64_t'?")
('error:', "/home/yanlin/my-projects/decompilation/source_code/recompiled/IDA/speccpu/gcc/O1/sjeng-gcc-O1/proofnumberscan/src/proof.c:970:3: error: must use 'struct' tag to refer to type 'node'")
('error:', "/home/yanlin/my-projects/decompilation/source_code/recompiled/IDA/speccpu/gcc/O1/sjeng-gcc-O1/proofnumberscan/src/proof.c:971:9: error: unknown type name '__m128i'")
('error:', "/home/yanlin/my-projects/decompilation/source_code/recompiled/IDA/speccpu/gcc/O1/sjeng-gcc-O1/proofnumberscan/src/proof.c:972:3: error: unknown type name '__int64'; did you mean '__int64_t'?")
('error:', "/home/yanlin/my-projects/decompilation/source_code/recompiled/IDA/speccpu/gcc/O1/sjeng-gcc-O1/proofnumberscan/src/proof.c:974:3: error: must use 'struct' tag to refer to type 'node'")
('error:', "/home/yanlin/my-projects/decompilation/source_code/recompiled/IDA/speccpu/gcc/O1/sjeng-gcc-O1/proofnumberscan/src/proof.c:976:9: error: unknown type name '__m128i'")
('error:', "/home/yanlin/my-projects/decompilation/source_code/recompiled/IDA/speccpu/gcc/O1/sjeng-gcc-O1/proofnumberscan/src/proof.c:980:3: error: unknown type name '__int64'; did you mean '__int64_t'?")
('error:', "/home/yanlin/my-projects/decompilation/source_code/recompiled/IDA/speccpu/gcc/O1/sjeng-gcc-O1/proofnumberscan/src/proof.c:983:9: error: unknown type name '__m128i'")
('error:', "/home/yanlin/my-projects/decompilation/source_code/recompiled/IDA/speccpu/gcc/O1/sjeng-gcc-O1/proofnumberscan/src/proof.c:984:3: error: unknown type name '__int64'; did you mean '__int64_t'?")
('error:', "/home/yanlin/my-projects/decompilation/source_code/recompiled/IDA/speccpu/gcc/O1/sjeng-gcc-O1/proofnumberscan/src/proof.c:985:9: error: unknown type name '__m128i'")
('error:', "/home/yanlin/my-projects/decompilation/source_code/recompiled/IDA/speccpu/gcc/O1/sjeng-gcc-O1/proofnumberscan/src/proof.c:987:3: error: use of undeclared identifier '__m128i'")
('error:', "/home/yanlin/my-projects/decompilation/source_code/recompiled/IDA/speccpu/gcc/O1/sjeng-gcc-O1/proofnumberscan/src/proof.c:988:9: error: unknown type name '__m128i'")
('error:', "/home/yanlin/my-projects/decompilation/source_code/recompiled/IDA/speccpu/gcc/O1/sjeng-gcc-O1/proofnumberscan/src/proof.c:989:3: error: unknown type name '__int64'; did you mean '__int64_t'?")
('error:', "/home/yanlin/my-projects/decompilation/source_code/recompiled/IDA/speccpu/gcc/O1/sjeng-gcc-O1/proofnumberscan/src/proof.c:990:3: error: unknown type name '__int64'; did you mean '__int64_t'?")
('error:', "/home/yanlin/my-projects/decompilation/source_code/recompiled/IDA/speccpu/gcc/O1/sjeng-gcc-O1/proofnumberscan/src/proof.c:1005:24: error: expected ')'")
('error:', '/home/yanlin/my-projects/decompilation/source_code/recompiled/IDA/speccpu/gcc/O1/sjeng-gcc-O1/proofnumberscan/src/proof.c:1012:15: error: expected expression')
('error:', "/home/yanlin/my-projects/decompilation/source_code/recompiled/IDA/speccpu/gcc/O1/sjeng-gcc-O1/proofnumberscan/src/proof.c:1012:6: error: use of undeclared identifier '__m128i'")
('error:', 'fatal error: too many errors emitted, stopping now [-ferror-limit=]')
***************** Next Function ******************
('func_count:', 8)
("func_name '", 'seedMT', "'")
('err_func:', '/data/maliha/decompilation/data/error_without_patch/ida/speccpu/gcc/O1/sjeng-gcc-O1-compilation-errors/seedMT')
('err_funcfile:', '/data/maliha/decompilation/data/error_without_patch/ida/speccpu/gcc/O1/sjeng-gcc-O1-compilation-errors/seedMT')
('error:', "/home/yanlin/my-projects/decompilation/source_code/recompiled/IDA/speccpu/gcc/O1/sjeng-gcc-O1/seedMT/src/utils.c:1159:3: error: unknown type name '__int64'; did you mean '__int64_t'?")
('error:', '/home/yanlin/my-projects/decompilation/source_code/recompiled/IDA/speccpu/gcc/O1/sjeng-gcc-O1/seedMT/src/utils.c:1164:50: error: expected expression')
('error:', "/home/yanlin/my-projects/decompilation/source_code/recompiled/IDA/speccpu/gcc/O1/sjeng-gcc-O1/seedMT/src/utils.c:1164:42: error: use of undeclared identifier '_DWORD'")
***************** Next Function ******************
('func_count:', 9)
("func_name '", 'pn_eval', "'")
('err_func:', '/data/maliha/decompilation/data/error_without_patch/ida/speccpu/gcc/O1/sjeng-gcc-O1-compilation-errors/pn_eval')
('err_funcfile:', '/data/maliha/decompilation/data/error_without_patch/ida/speccpu/gcc/O1/sjeng-gcc-O1-compilation-errors/pn_eval')
***************** Next Function ******************
('func_count:', 10)
("func_name '", 'main', "'")
('err_func:', '/data/maliha/decompilation/data/error_without_patch/ida/speccpu/gcc/O1/sjeng-gcc-O1-compilation-errors/main')
('err_funcfile:', '/data/maliha/decompilation/data/error_without_patch/ida/speccpu/gcc/O1/sjeng-gcc-O1-compilation-errors/main')
('error:', "/home/yanlin/my-projects/decompilation/source_code/recompiled/IDA/speccpu/gcc/O1/sjeng-gcc-O1/main/src/sjeng.c:74:23: error: expected ';' after top level declarator")
***************** Next Function ******************
('func_count:', 11)
("func_name '", 'push_king', "'")
('err_func:', '/data/maliha/decompilation/data/error_without_patch/ida/speccpu/gcc/O1/sjeng-gcc-O1-compilation-errors/push_king')
('err_funcfile:', '/data/maliha/decompilation/data/error_without_patch/ida/speccpu/gcc/O1/sjeng-gcc-O1-compilation-errors/push_king')
('error:', "/home/yanlin/my-projects/decompilation/source_code/recompiled/IDA/speccpu/gcc/O1/sjeng-gcc-O1/push_king/src/moves.c:1762:55: error: expected ')'")
***************** Next Function ******************
('func_count:', 12)
("func_name '", 's_knight_mobility', "'")
('err_func:', '/data/maliha/decompilation/data/error_without_patch/ida/speccpu/gcc/O1/sjeng-gcc-O1-compilation-errors/s_knight_mobility')
('err_funcfile:', '/data/maliha/decompilation/data/error_without_patch/ida/speccpu/gcc/O1/sjeng-gcc-O1-compilation-errors/s_knight_mobility')
***************** Next Function ******************
('func_count:', 13)
("func_name '", 'unmake', "'")
('err_func:', '/data/maliha/decompilation/data/error_without_patch/ida/speccpu/gcc/O1/sjeng-gcc-O1-compilation-errors/unmake')
('err_funcfile:', '/data/maliha/decompilation/data/error_without_patch/ida/speccpu/gcc/O1/sjeng-gcc-O1-compilation-errors/unmake')
('error:', "/home/yanlin/my-projects/decompilation/source_code/recompiled/IDA/speccpu/gcc/O1/sjeng-gcc-O1/unmake/src/moves.c:1913:3: error: unknown type name '__int64'; did you mean '__int64_t'?")
('error:', "/home/yanlin/my-projects/decompilation/source_code/recompiled/IDA/speccpu/gcc/O1/sjeng-gcc-O1/unmake/src/moves.c:1914:3: error: unknown type name '__int64'; did you mean '__int64_t'?")
('error:', "/home/yanlin/my-projects/decompilation/source_code/recompiled/IDA/speccpu/gcc/O1/sjeng-gcc-O1/unmake/src/moves.c:1925:3: error: unknown type name '__int64'; did you mean '__int64_t'?")
('error:', '/home/yanlin/my-projects/decompilation/source_code/recompiled/IDA/speccpu/gcc/O1/sjeng-gcc-O1/unmake/src/moves.c:1962:20: error: expected expression')
('error:', "/home/yanlin/my-projects/decompilation/source_code/recompiled/IDA/speccpu/gcc/O1/sjeng-gcc-O1/unmake/src/moves.c:1962:12: error: use of undeclared identifier '_DWORD'")
***************** Next Function ******************
('func_count:', 14)
("func_name '", 'nk_attacked', "'")
('err_func:', '/data/maliha/decompilation/data/error_without_patch/ida/speccpu/gcc/O1/sjeng-gcc-O1-compilation-errors/nk_attacked')
('err_funcfile:', '/data/maliha/decompilation/data/error_without_patch/ida/speccpu/gcc/O1/sjeng-gcc-O1-compilation-errors/nk_attacked')
('error:', "/home/yanlin/my-projects/decompilation/source_code/recompiled/IDA/speccpu/gcc/O1/sjeng-gcc-O1/nk_attacked/src/attacks.c:265:3: error: unknown type name '__int64'; did you mean '__int64_t'?")
('error:', "/home/yanlin/my-projects/decompilation/source_code/recompiled/IDA/speccpu/gcc/O1/sjeng-gcc-O1/nk_attacked/src/attacks.c:268:3: error: unknown type name '__int64'; did you mean '__int64_t'?")
('error:', "/home/yanlin/my-projects/decompilation/source_code/recompiled/IDA/speccpu/gcc/O1/sjeng-gcc-O1/nk_attacked/src/attacks.c:269:3: error: unknown type name '__int64'; did you mean '__int64_t'?")
('error:', "/home/yanlin/my-projects/decompilation/source_code/recompiled/IDA/speccpu/gcc/O1/sjeng-gcc-O1/nk_attacked/src/attacks.c:276:3: error: unknown type name '__int64'; did you mean '__int64_t'?")
('error:', "/home/yanlin/my-projects/decompilation/source_code/recompiled/IDA/speccpu/gcc/O1/sjeng-gcc-O1/nk_attacked/src/attacks.c:277:3: error: unknown type name '__int64'; did you mean '__int64_t'?")
('error:', "/home/yanlin/my-projects/decompilation/source_code/recompiled/IDA/speccpu/gcc/O1/sjeng-gcc-O1/nk_attacked/src/attacks.c:279:3: error: unknown type name '__int64'; did you mean '__int64_t'?")
('error:', "/home/yanlin/my-projects/decompilation/source_code/recompiled/IDA/speccpu/gcc/O1/sjeng-gcc-O1/nk_attacked/src/attacks.c:282:3: error: unknown type name '__int64'; did you mean '__int64_t'?")
('error:', "/home/yanlin/my-projects/decompilation/source_code/recompiled/IDA/speccpu/gcc/O1/sjeng-gcc-O1/nk_attacked/src/attacks.c:283:3: error: unknown type name '__int64'; did you mean '__int64_t'?")
('error:', "/home/yanlin/my-projects/decompilation/source_code/recompiled/IDA/speccpu/gcc/O1/sjeng-gcc-O1/nk_attacked/src/attacks.c:290:3: error: unknown type name '__int64'; did you mean '__int64_t'?")
('error:', "/home/yanlin/my-projects/decompilation/source_code/recompiled/IDA/speccpu/gcc/O1/sjeng-gcc-O1/nk_attacked/src/attacks.c:291:3: error: unknown type name '__int64'; did you mean '__int64_t'?")
('error:', "/home/yanlin/my-projects/decompilation/source_code/recompiled/IDA/speccpu/gcc/O1/sjeng-gcc-O1/nk_attacked/src/attacks.c:298:12: error: use of undeclared identifier 'bishop_o_2'")
('error:', "/home/yanlin/my-projects/decompilation/source_code/recompiled/IDA/speccpu/gcc/O1/sjeng-gcc-O1/nk_attacked/src/attacks.c:326:10: error: use of undeclared identifier 'knight_o_1'")
('error:', "/home/yanlin/my-projects/decompilation/source_code/recompiled/IDA/speccpu/gcc/O1/sjeng-gcc-O1/nk_attacked/src/attacks.c:333:14: error: use of undeclared identifier 'bishop_o_2'")
('error:', "/home/yanlin/my-projects/decompilation/source_code/recompiled/IDA/speccpu/gcc/O1/sjeng-gcc-O1/nk_attacked/src/attacks.c:334:10: error: use of undeclared identifier 'rook_o_0'")
('error:', '/home/yanlin/my-projects/decompilation/source_code/recompiled/IDA/speccpu/gcc/O1/sjeng-gcc-O1/nk_attacked/src/attacks.c:360:40: error: expected expression')
('error:', "/home/yanlin/my-projects/decompilation/source_code/recompiled/IDA/speccpu/gcc/O1/sjeng-gcc-O1/nk_attacked/src/attacks.c:360:30: error: use of undeclared identifier '_UNKNOWN'")
('error:', "/home/yanlin/my-projects/decompilation/source_code/recompiled/IDA/speccpu/gcc/O1/sjeng-gcc-O1/nk_attacked/src/attacks.c:360:14: error: use of undeclared identifier 'unk_417470'")
('error:', "/home/yanlin/my-projects/decompilation/source_code/recompiled/IDA/speccpu/gcc/O1/sjeng-gcc-O1/nk_attacked/src/attacks.c:366:11: error: use of undeclared identifier 'bishop_o_2'")
('error:', "/home/yanlin/my-projects/decompilation/source_code/recompiled/IDA/speccpu/gcc/O1/sjeng-gcc-O1/nk_attacked/src/attacks.c:394:9: error: use of undeclared identifier 'knight_o_1'")
('error:', 'fatal error: too many errors emitted, stopping now [-ferror-limit=]')
***************** Next Function ******************
('func_count:', 15)
("func_name '", 'rdifftime', "'")
('err_func:', '/data/maliha/decompilation/data/error_without_patch/ida/speccpu/gcc/O1/sjeng-gcc-O1-compilation-errors/rdifftime')
('err_funcfile:', '/data/maliha/decompilation/data/error_without_patch/ida/speccpu/gcc/O1/sjeng-gcc-O1-compilation-errors/rdifftime')
***************** Next Function ******************
('func_count:', 16)
("func_name '", 'try_drop', "'")
('err_func:', '/data/maliha/decompilation/data/error_without_patch/ida/speccpu/gcc/O1/sjeng-gcc-O1-compilation-errors/try_drop')
('err_funcfile:', '/data/maliha/decompilation/data/error_without_patch/ida/speccpu/gcc/O1/sjeng-gcc-O1-compilation-errors/try_drop')
***************** Next Function ******************
('func_count:', 17)
("func_name '", 'HandlePtell', "'")
('err_func:', '/data/maliha/decompilation/data/error_without_patch/ida/speccpu/gcc/O1/sjeng-gcc-O1-compilation-errors/HandlePtell')
('err_funcfile:', '/data/maliha/decompilation/data/error_without_patch/ida/speccpu/gcc/O1/sjeng-gcc-O1-compilation-errors/HandlePtell')
('error:', "/home/yanlin/my-projects/decompilation/source_code/recompiled/IDA/speccpu/gcc/O1/sjeng-gcc-O1/HandlePtell/src/partner.c:72:3: error: unknown type name '__int64'; did you mean '__int64_t'?")
('error:', "/home/yanlin/my-projects/decompilation/source_code/recompiled/IDA/speccpu/gcc/O1/sjeng-gcc-O1/HandlePtell/src/partner.c:76:3: error: unknown type name '__int64'; did you mean '__int64_t'?")
('error:', "/home/yanlin/my-projects/decompilation/source_code/recompiled/IDA/speccpu/gcc/O1/sjeng-gcc-O1/HandlePtell/src/partner.c:95:24: error: use of undeclared identifier 'off_41C0B0'")
('error:', "/home/yanlin/my-projects/decompilation/source_code/recompiled/IDA/speccpu/gcc/O1/sjeng-gcc-O1/HandlePtell/src/partner.c:104:27: error: use of undeclared identifier 'off_41C0B0'")
('error:', '/home/yanlin/my-projects/decompilation/source_code/recompiled/IDA/speccpu/gcc/O1/sjeng-gcc-O1/HandlePtell/src/partner.c:164:22: error: expected expression')
('error:', "/home/yanlin/my-projects/decompilation/source_code/recompiled/IDA/speccpu/gcc/O1/sjeng-gcc-O1/HandlePtell/src/partner.c:164:14: error: use of undeclared identifier '_DWORD'")
('error:', "/home/yanlin/my-projects/decompilation/source_code/recompiled/IDA/speccpu/gcc/O1/sjeng-gcc-O1/HandlePtell/src/partner.c:173:9: error: use of undeclared identifier 'MEMORY'")
('error:', '/home/yanlin/my-projects/decompilation/source_code/recompiled/IDA/speccpu/gcc/O1/sjeng-gcc-O1/HandlePtell/src/partner.c:353:22: error: expected expression')
('error:', "/home/yanlin/my-projects/decompilation/source_code/recompiled/IDA/speccpu/gcc/O1/sjeng-gcc-O1/HandlePtell/src/partner.c:353:14: error: use of undeclared identifier '_DWORD'")
('error:', "/home/yanlin/my-projects/decompilation/source_code/recompiled/IDA/speccpu/gcc/O1/sjeng-gcc-O1/HandlePtell/src/partner.c:367:9: error: use of undeclared identifier 'MEMORY'")
***************** Next Function ******************
('func_count:', 18)
("func_name '", 'rtime', "'")
('err_func:', '/data/maliha/decompilation/data/error_without_patch/ida/speccpu/gcc/O1/sjeng-gcc-O1-compilation-errors/rtime')
('err_funcfile:', '/data/maliha/decompilation/data/error_without_patch/ida/speccpu/gcc/O1/sjeng-gcc-O1-compilation-errors/rtime')
***************** Next Function ******************
('func_count:', 19)
("func_name '", 'suicide_eval', "'")
('err_func:', '/data/maliha/decompilation/data/error_without_patch/ida/speccpu/gcc/O1/sjeng-gcc-O1-compilation-errors/suicide_eval')
('err_funcfile:', '/data/maliha/decompilation/data/error_without_patch/ida/speccpu/gcc/O1/sjeng-gcc-O1-compilation-errors/suicide_eval')
***************** Next Function ******************
('func_count:', 20)
("func_name '", 'findlowest', "'")
('err_func:', '/data/maliha/decompilation/data/error_without_patch/ida/speccpu/gcc/O1/sjeng-gcc-O1-compilation-errors/findlowest')
('err_funcfile:', '/data/maliha/decompilation/data/error_without_patch/ida/speccpu/gcc/O1/sjeng-gcc-O1-compilation-errors/findlowest')
('error:', "/home/yanlin/my-projects/decompilation/source_code/recompiled/IDA/speccpu/gcc/O1/sjeng-gcc-O1/findlowest/src/see.c:165:3: error: unknown type name '__int64'; did you mean '__int64_t'?")
('error:', "/home/yanlin/my-projects/decompilation/source_code/recompiled/IDA/speccpu/gcc/O1/sjeng-gcc-O1/findlowest/src/see.c:168:3: error: unknown type name '__int64'; did you mean '__int64_t'?")
('error:', "/home/yanlin/my-projects/decompilation/source_code/recompiled/IDA/speccpu/gcc/O1/sjeng-gcc-O1/findlowest/src/see.c:169:3: error: unknown type name '__int64'; did you mean '__int64_t'?")
('error:', "/home/yanlin/my-projects/decompilation/source_code/recompiled/IDA/speccpu/gcc/O1/sjeng-gcc-O1/findlowest/src/see.c:171:3: error: unknown type name '__int64'; did you mean '__int64_t'?")
('error:', "/home/yanlin/my-projects/decompilation/source_code/recompiled/IDA/speccpu/gcc/O1/sjeng-gcc-O1/findlowest/src/see.c:186:44: error: use of undeclared identifier '__int64'")
('error:', "/home/yanlin/my-projects/decompilation/source_code/recompiled/IDA/speccpu/gcc/O1/sjeng-gcc-O1/findlowest/src/see.c:186:52: error: expected ']'")
***************** Next Function ******************
('func_count:', 21)
("func_name '", 'check_legal', "'")
('err_func:', '/data/maliha/decompilation/data/error_without_patch/ida/speccpu/gcc/O1/sjeng-gcc-O1-compilation-errors/check_legal')
('err_funcfile:', '/data/maliha/decompilation/data/error_without_patch/ida/speccpu/gcc/O1/sjeng-gcc-O1-compilation-errors/check_legal')
***************** Next Function ******************
('func_count:', 22)
("func_name '", 'l_bishop_mobility', "'")
('err_func:', '/data/maliha/decompilation/data/error_without_patch/ida/speccpu/gcc/O1/sjeng-gcc-O1-compilation-errors/l_bishop_mobility')
('err_funcfile:', '/data/maliha/decompilation/data/error_without_patch/ida/speccpu/gcc/O1/sjeng-gcc-O1-compilation-errors/l_bishop_mobility')
***************** Next Function ******************
('func_count:', 23)
("func_name '", 'remove_one', "'")
('err_func:', '/data/maliha/decompilation/data/error_without_patch/ida/speccpu/gcc/O1/sjeng-gcc-O1-compilation-errors/remove_one')
('err_funcfile:', '/data/maliha/decompilation/data/error_without_patch/ida/speccpu/gcc/O1/sjeng-gcc-O1-compilation-errors/remove_one')
('error:', "/home/yanlin/my-projects/decompilation/source_code/recompiled/IDA/speccpu/gcc/O1/sjeng-gcc-O1/remove_one/src/search.c:505:3: error: unknown type name '__int64'; did you mean '__int64_t'?")
***************** Next Function ******************
('func_count:', 24)
("func_name '", 'extended_in_check', "'")
('err_func:', '/data/maliha/decompilation/data/error_without_patch/ida/speccpu/gcc/O1/sjeng-gcc-O1-compilation-errors/extended_in_check')
('err_funcfile:', '/data/maliha/decompilation/data/error_without_patch/ida/speccpu/gcc/O1/sjeng-gcc-O1-compilation-errors/extended_in_check')
('error:', "/home/yanlin/my-projects/decompilation/source_code/recompiled/IDA/speccpu/gcc/O1/sjeng-gcc-O1/extended_in_check/src/moves.c:1250:16: error: use of undeclared identifier 'knight_o_2'")
('error:', "/home/yanlin/my-projects/decompilation/source_code/recompiled/IDA/speccpu/gcc/O1/sjeng-gcc-O1/extended_in_check/src/moves.c:1257:20: error: use of undeclared identifier 'knight_o_3'")
('error:', "/home/yanlin/my-projects/decompilation/source_code/recompiled/IDA/speccpu/gcc/O1/sjeng-gcc-O1/extended_in_check/src/moves.c:1296:16: error: use of undeclared identifier 'knight_o_2'")
('error:', "/home/yanlin/my-projects/decompilation/source_code/recompiled/IDA/speccpu/gcc/O1/sjeng-gcc-O1/extended_in_check/src/moves.c:1303:20: error: use of undeclared identifier 'knight_o_3'")
***************** Next Function ******************
('func_count:', 25)
("func_name '", 'qsearch', "'")
('err_func:', '/data/maliha/decompilation/data/error_without_patch/ida/speccpu/gcc/O1/sjeng-gcc-O1-compilation-errors/qsearch')
('err_funcfile:', '/data/maliha/decompilation/data/error_without_patch/ida/speccpu/gcc/O1/sjeng-gcc-O1-compilation-errors/qsearch')
('error:', "/home/yanlin/my-projects/decompilation/source_code/recompiled/IDA/speccpu/gcc/O1/sjeng-gcc-O1/qsearch/src/search.c:348:7: error: expected ';' after expression")
('error:', "/home/yanlin/my-projects/decompilation/source_code/recompiled/IDA/speccpu/gcc/O1/sjeng-gcc-O1/qsearch/src/search.c:348:3: error: use of undeclared identifier 'bool'; did you mean 'book'?")
('error:', "/home/yanlin/my-projects/decompilation/source_code/recompiled/IDA/speccpu/gcc/O1/sjeng-gcc-O1/qsearch/src/search.c:348:8: error: use of undeclared identifier 'v19'")
('error:', "/home/yanlin/my-projects/decompilation/source_code/recompiled/IDA/speccpu/gcc/O1/sjeng-gcc-O1/qsearch/src/search.c:351:3: error: unknown type name '__int64'; did you mean '__int64_t'?")
('error:', "/home/yanlin/my-projects/decompilation/source_code/recompiled/IDA/speccpu/gcc/O1/sjeng-gcc-O1/qsearch/src/search.c:353:3: error: unknown type name '__int64'; did you mean '__int64_t'?")
('error:', "/home/yanlin/my-projects/decompilation/source_code/recompiled/IDA/speccpu/gcc/O1/sjeng-gcc-O1/qsearch/src/search.c:354:3: error: use of undeclared identifier '__m128i'")
('error:', "/home/yanlin/my-projects/decompilation/source_code/recompiled/IDA/speccpu/gcc/O1/sjeng-gcc-O1/qsearch/src/search.c:354:12: error: use of undeclared identifier 'v25'")
('error:', "/home/yanlin/my-projects/decompilation/source_code/recompiled/IDA/speccpu/gcc/O1/sjeng-gcc-O1/qsearch/src/search.c:355:3: error: unknown type name '__int64'; did you mean '__int64_t'?")
('error:', "/home/yanlin/my-projects/decompilation/source_code/recompiled/IDA/speccpu/gcc/O1/sjeng-gcc-O1/qsearch/src/search.c:366:19: error: expected ')'")
('error:', "/home/yanlin/my-projects/decompilation/source_code/recompiled/IDA/speccpu/gcc/O1/sjeng-gcc-O1/qsearch/src/search.c:367:12: error: use of undeclared identifier '_WORD'")
('error:', "/home/yanlin/my-projects/decompilation/source_code/recompiled/IDA/speccpu/gcc/O1/sjeng-gcc-O1/qsearch/src/search.c:454:11: error: use of undeclared identifier 'v19'")
('error:', "/home/yanlin/my-projects/decompilation/source_code/recompiled/IDA/speccpu/gcc/O1/sjeng-gcc-O1/qsearch/src/search.c:456:30: error: use of undeclared identifier 'v19'")
('error:', "/home/yanlin/my-projects/decompilation/source_code/recompiled/IDA/speccpu/gcc/O1/sjeng-gcc-O1/qsearch/src/search.c:458:29: error: use of undeclared identifier 'v19'")
('error:', '/home/yanlin/my-projects/decompilation/source_code/recompiled/IDA/speccpu/gcc/O1/sjeng-gcc-O1/qsearch/src/search.c:469:25: error: expected expression')
('error:', "/home/yanlin/my-projects/decompilation/source_code/recompiled/IDA/speccpu/gcc/O1/sjeng-gcc-O1/qsearch/src/search.c:469:16: error: use of undeclared identifier '__m128i'")
('error:', "/home/yanlin/my-projects/decompilation/source_code/recompiled/IDA/speccpu/gcc/O1/sjeng-gcc-O1/qsearch/src/search.c:469:70: error: unknown type name '__m128i'")
('error:', '/home/yanlin/my-projects/decompilation/source_code/recompiled/IDA/speccpu/gcc/O1/sjeng-gcc-O1/qsearch/src/search.c:470:24: error: expected expression')
('error:', "/home/yanlin/my-projects/decompilation/source_code/recompiled/IDA/speccpu/gcc/O1/sjeng-gcc-O1/qsearch/src/search.c:470:16: error: use of undeclared identifier '_QWORD'")
('error:', '/home/yanlin/my-projects/decompilation/source_code/recompiled/IDA/speccpu/gcc/O1/sjeng-gcc-O1/qsearch/src/search.c:470:60: error: expected expression')
('error:', 'fatal error: too many errors emitted, stopping now [-ferror-limit=]')
***************** Next Function ******************
('func_count:', 26)
("func_name '", 'l_rook_mobility', "'")
('err_func:', '/data/maliha/decompilation/data/error_without_patch/ida/speccpu/gcc/O1/sjeng-gcc-O1-compilation-errors/l_rook_mobility')
('err_funcfile:', '/data/maliha/decompilation/data/error_without_patch/ida/speccpu/gcc/O1/sjeng-gcc-O1-compilation-errors/l_rook_mobility')
('error:', "/home/yanlin/my-projects/decompilation/source_code/recompiled/IDA/speccpu/gcc/O1/sjeng-gcc-O1/l_rook_mobility/src/leval.c:48:3: error: unknown type name '__int64'; did you mean '__int64_t'?")
('error:', "/home/yanlin/my-projects/decompilation/source_code/recompiled/IDA/speccpu/gcc/O1/sjeng-gcc-O1/l_rook_mobility/src/leval.c:50:3: error: unknown type name '__int64'; did you mean '__int64_t'?")
***************** Next Function ******************
('func_count:', 27)
("func_name '", 'post_fail_thinking', "'")
('err_func:', '/data/maliha/decompilation/data/error_without_patch/ida/speccpu/gcc/O1/sjeng-gcc-O1-compilation-errors/post_fail_thinking')
('err_funcfile:', '/data/maliha/decompilation/data/error_without_patch/ida/speccpu/gcc/O1/sjeng-gcc-O1-compilation-errors/post_fail_thinking')
('error:', '/home/yanlin/my-projects/decompilation/source_code/recompiled/IDA/speccpu/gcc/O1/sjeng-gcc-O1/post_fail_thinking/src/utils.c:634:15: error: expected expression')
('error:', "/home/yanlin/my-projects/decompilation/source_code/recompiled/IDA/speccpu/gcc/O1/sjeng-gcc-O1/post_fail_thinking/src/utils.c:634:6: error: use of undeclared identifier '__m128i'")
('error:', "/home/yanlin/my-projects/decompilation/source_code/recompiled/IDA/speccpu/gcc/O1/sjeng-gcc-O1/post_fail_thinking/src/utils.c:634:54: error: unknown type name '__m128i'")
('error:', '/home/yanlin/my-projects/decompilation/source_code/recompiled/IDA/speccpu/gcc/O1/sjeng-gcc-O1/post_fail_thinking/src/utils.c:635:14: error: expected expression')
('error:', "/home/yanlin/my-projects/decompilation/source_code/recompiled/IDA/speccpu/gcc/O1/sjeng-gcc-O1/post_fail_thinking/src/utils.c:635:6: error: use of undeclared identifier '_QWORD'")
('error:', '/home/yanlin/my-projects/decompilation/source_code/recompiled/IDA/speccpu/gcc/O1/sjeng-gcc-O1/post_fail_thinking/src/utils.c:635:42: error: expected expression')
('error:', "/home/yanlin/my-projects/decompilation/source_code/recompiled/IDA/speccpu/gcc/O1/sjeng-gcc-O1/post_fail_thinking/src/utils.c:635:34: error: use of undeclared identifier '_QWORD'")
('error:', "/home/yanlin/my-projects/decompilation/source_code/recompiled/IDA/speccpu/gcc/O1/sjeng-gcc-O1/post_fail_thinking/src/utils.c:636:16: error: passing 'char [256]' to parameter of incompatible type 'move_s'")
***************** Next Function ******************
('func_count:', 28)
("func_name '", 'proofnumbersearch', "'")
('err_func:', '/data/maliha/decompilation/data/error_without_patch/ida/speccpu/gcc/O1/sjeng-gcc-O1-compilation-errors/proofnumbersearch')
('err_funcfile:', '/data/maliha/decompilation/data/error_without_patch/ida/speccpu/gcc/O1/sjeng-gcc-O1-compilation-errors/proofnumbersearch')
('error:', "/home/yanlin/my-projects/decompilation/source_code/recompiled/IDA/speccpu/gcc/O1/sjeng-gcc-O1/proofnumbersearch/src/proof.c:1245:3: error: unknown type name '__int64'; did you mean '__int64_t'?")
('error:', "/home/yanlin/my-projects/decompilation/source_code/recompiled/IDA/speccpu/gcc/O1/sjeng-gcc-O1/proofnumbersearch/src/proof.c:1247:18: error: expected ';' at end of declaration")
('error:', "/home/yanlin/my-projects/decompilation/source_code/recompiled/IDA/speccpu/gcc/O1/sjeng-gcc-O1/proofnumbersearch/src/proof.c:1248:10: error: expected ';' after expression")
('error:', "/home/yanlin/my-projects/decompilation/source_code/recompiled/IDA/speccpu/gcc/O1/sjeng-gcc-O1/proofnumbersearch/src/proof.c:1248:3: error: use of undeclared identifier '__int64'; did you mean '__int8'?")
('error:', "/home/yanlin/my-projects/decompilation/source_code/recompiled/IDA/speccpu/gcc/O1/sjeng-gcc-O1/proofnumbersearch/src/proof.c:1248:11: error: use of undeclared identifier 'v7'")
('error:', "/home/yanlin/my-projects/decompilation/source_code/recompiled/IDA/speccpu/gcc/O1/sjeng-gcc-O1/proofnumbersearch/src/proof.c:1249:19: error: expected ';' at end of declaration")
('error:', "/home/yanlin/my-projects/decompilation/source_code/recompiled/IDA/speccpu/gcc/O1/sjeng-gcc-O1/proofnumbersearch/src/proof.c:1255:3: error: must use 'struct' tag to refer to type 'node'")
('error:', "/home/yanlin/my-projects/decompilation/source_code/recompiled/IDA/speccpu/gcc/O1/sjeng-gcc-O1/proofnumbersearch/src/proof.c:1257:10: error: expected ';' after expression")
('error:', "/home/yanlin/my-projects/decompilation/source_code/recompiled/IDA/speccpu/gcc/O1/sjeng-gcc-O1/proofnumbersearch/src/proof.c:1257:11: error: use of undeclared identifier 'v16'")
('error:', "/home/yanlin/my-projects/decompilation/source_code/recompiled/IDA/speccpu/gcc/O1/sjeng-gcc-O1/proofnumbersearch/src/proof.c:1258:3: error: must use 'struct' tag to refer to type 'node'")
('error:', "/home/yanlin/my-projects/decompilation/source_code/recompiled/IDA/speccpu/gcc/O1/sjeng-gcc-O1/proofnumbersearch/src/proof.c:1260:3: error: must use 'struct' tag to refer to type 'node'")
('error:', "/home/yanlin/my-projects/decompilation/source_code/recompiled/IDA/speccpu/gcc/O1/sjeng-gcc-O1/proofnumbersearch/src/proof.c:1262:10: error: expected ';' after expression")
('error:', "/home/yanlin/my-projects/decompilation/source_code/recompiled/IDA/speccpu/gcc/O1/sjeng-gcc-O1/proofnumbersearch/src/proof.c:1262:11: error: use of undeclared identifier 'v21'")
('error:', "/home/yanlin/my-projects/decompilation/source_code/recompiled/IDA/speccpu/gcc/O1/sjeng-gcc-O1/proofnumbersearch/src/proof.c:1263:3: error: must use 'struct' tag to refer to type 'node'")
('error:', "/home/yanlin/my-projects/decompilation/source_code/recompiled/IDA/speccpu/gcc/O1/sjeng-gcc-O1/proofnumbersearch/src/proof.c:1264:9: error: unknown type name '__m128i'")
('error:', "/home/yanlin/my-projects/decompilation/source_code/recompiled/IDA/speccpu/gcc/O1/sjeng-gcc-O1/proofnumbersearch/src/proof.c:1280:24: error: expected ')'")
('error:', '/home/yanlin/my-projects/decompilation/source_code/recompiled/IDA/speccpu/gcc/O1/sjeng-gcc-O1/proofnumbersearch/src/proof.c:1284:17: error: expected expression')
('error:', "/home/yanlin/my-projects/decompilation/source_code/recompiled/IDA/speccpu/gcc/O1/sjeng-gcc-O1/proofnumbersearch/src/proof.c:1284:8: error: use of undeclared identifier '__m128i'")
('error:', "/home/yanlin/my-projects/decompilation/source_code/recompiled/IDA/speccpu/gcc/O1/sjeng-gcc-O1/proofnumbersearch/src/proof.c:1284:59: error: unknown type name '__m128i'")
('error:', 'fatal error: too many errors emitted, stopping now [-ferror-limit=]')
***************** Next Function ******************
('func_count:', 29)
("func_name '", 'suicide_mid_eval', "'")
('err_func:', '/data/maliha/decompilation/data/error_without_patch/ida/speccpu/gcc/O1/sjeng-gcc-O1-compilation-errors/suicide_mid_eval')
('err_funcfile:', '/data/maliha/decompilation/data/error_without_patch/ida/speccpu/gcc/O1/sjeng-gcc-O1-compilation-errors/suicide_mid_eval')
('error:', "/home/yanlin/my-projects/decompilation/source_code/recompiled/IDA/speccpu/gcc/O1/sjeng-gcc-O1/suicide_mid_eval/src/seval.c:276:3: error: unknown type name '__int64'; did you mean '__int64_t'?")
('error:', "/home/yanlin/my-projects/decompilation/source_code/recompiled/IDA/speccpu/gcc/O1/sjeng-gcc-O1/suicide_mid_eval/src/seval.c:288:7: error: expected ';' after expression")
('error:', "/home/yanlin/my-projects/decompilation/source_code/recompiled/IDA/speccpu/gcc/O1/sjeng-gcc-O1/suicide_mid_eval/src/seval.c:288:3: error: use of undeclared identifier 'bool'; did you mean 'book'?")
('error:', "/home/yanlin/my-projects/decompilation/source_code/recompiled/IDA/speccpu/gcc/O1/sjeng-gcc-O1/suicide_mid_eval/src/seval.c:288:8: error: use of undeclared identifier 'v13'")
('error:', "/home/yanlin/my-projects/decompilation/source_code/recompiled/IDA/speccpu/gcc/O1/sjeng-gcc-O1/suicide_mid_eval/src/seval.c:410:15: error: use of undeclared identifier 'v13'")
('error:', "/home/yanlin/my-projects/decompilation/source_code/recompiled/IDA/speccpu/gcc/O1/sjeng-gcc-O1/suicide_mid_eval/src/seval.c:412:22: error: use of undeclared identifier 'v13'")
('error:', "/home/yanlin/my-projects/decompilation/source_code/recompiled/IDA/speccpu/gcc/O1/sjeng-gcc-O1/suicide_mid_eval/src/seval.c:420:17: error: use of undeclared identifier 'v13'")
('error:', "/home/yanlin/my-projects/decompilation/source_code/recompiled/IDA/speccpu/gcc/O1/sjeng-gcc-O1/suicide_mid_eval/src/seval.c:422:24: error: use of undeclared identifier 'v13'")
('error:', "/home/yanlin/my-projects/decompilation/source_code/recompiled/IDA/speccpu/gcc/O1/sjeng-gcc-O1/suicide_mid_eval/src/seval.c:489:15: error: use of undeclared identifier 'v13'")
('error:', "/home/yanlin/my-projects/decompilation/source_code/recompiled/IDA/speccpu/gcc/O1/sjeng-gcc-O1/suicide_mid_eval/src/seval.c:491:22: error: use of undeclared identifier 'v13'")
('error:', "/home/yanlin/my-projects/decompilation/source_code/recompiled/IDA/speccpu/gcc/O1/sjeng-gcc-O1/suicide_mid_eval/src/seval.c:499:17: error: use of undeclared identifier 'v13'")
('error:', "/home/yanlin/my-projects/decompilation/source_code/recompiled/IDA/speccpu/gcc/O1/sjeng-gcc-O1/suicide_mid_eval/src/seval.c:501:24: error: use of undeclared identifier 'v13'")
***************** Next Function ******************
('func_count:', 30)
("func_name '", 'removeHolding', "'")
('err_func:', '/data/maliha/decompilation/data/error_without_patch/ida/speccpu/gcc/O1/sjeng-gcc-O1-compilation-errors/removeHolding')
('err_funcfile:', '/data/maliha/decompilation/data/error_without_patch/ida/speccpu/gcc/O1/sjeng-gcc-O1-compilation-errors/removeHolding')
***************** Next Function ******************
('func_count:', 31)
("func_name '", 'reloadMT', "'")
('err_func:', '/data/maliha/decompilation/data/error_without_patch/ida/speccpu/gcc/O1/sjeng-gcc-O1-compilation-errors/reloadMT')
('err_funcfile:', '/data/maliha/decompilation/data/error_without_patch/ida/speccpu/gcc/O1/sjeng-gcc-O1-compilation-errors/reloadMT')
***************** Next Function ******************
('func_count:', 32)
("func_name '", 'Queen', "'")
('err_func:', '/data/maliha/decompilation/data/error_without_patch/ida/speccpu/gcc/O1/sjeng-gcc-O1-compilation-errors/Queen')
('err_funcfile:', '/data/maliha/decompilation/data/error_without_patch/ida/speccpu/gcc/O1/sjeng-gcc-O1-compilation-errors/Queen')
('error:', "/home/yanlin/my-projects/decompilation/source_code/recompiled/IDA/speccpu/gcc/O1/sjeng-gcc-O1/Queen/src/neval.c:260:7: error: expected ';' after expression")
('error:', "/home/yanlin/my-projects/decompilation/source_code/recompiled/IDA/speccpu/gcc/O1/sjeng-gcc-O1/Queen/src/neval.c:260:3: error: use of undeclared identifier 'bool'; did you mean 'book'?")
('error:', "/home/yanlin/my-projects/decompilation/source_code/recompiled/IDA/speccpu/gcc/O1/sjeng-gcc-O1/Queen/src/neval.c:260:8: error: use of undeclared identifier 'v6'")
('error:', "/home/yanlin/my-projects/decompilation/source_code/recompiled/IDA/speccpu/gcc/O1/sjeng-gcc-O1/Queen/src/neval.c:271:7: error: use of undeclared identifier 'v6'")
('error:', "/home/yanlin/my-projects/decompilation/source_code/recompiled/IDA/speccpu/gcc/O1/sjeng-gcc-O1/Queen/src/neval.c:273:14: error: use of undeclared identifier 'v6'")
***************** Next Function ******************
('func_count:', 33)
("func_name '", 'push_pawn', "'")
('err_func:', '/data/maliha/decompilation/data/error_without_patch/ida/speccpu/gcc/O1/sjeng-gcc-O1-compilation-errors/push_pawn')
('err_funcfile:', '/data/maliha/decompilation/data/error_without_patch/ida/speccpu/gcc/O1/sjeng-gcc-O1-compilation-errors/push_pawn')
***************** Next Function ******************
('func_count:', 34)
("func_name '", 'clear_tt', "'")
('err_func:', '/data/maliha/decompilation/data/error_without_patch/ida/speccpu/gcc/O1/sjeng-gcc-O1-compilation-errors/clear_tt')
('err_funcfile:', '/data/maliha/decompilation/data/error_without_patch/ida/speccpu/gcc/O1/sjeng-gcc-O1-compilation-errors/clear_tt')
***************** Next Function ******************
('func_count:', 35)
("func_name '", 'setup_attackers', "'")
('err_func:', '/data/maliha/decompilation/data/error_without_patch/ida/speccpu/gcc/O1/sjeng-gcc-O1-compilation-errors/setup_attackers')
('err_funcfile:', '/data/maliha/decompilation/data/error_without_patch/ida/speccpu/gcc/O1/sjeng-gcc-O1-compilation-errors/setup_attackers')
('error:', "/home/yanlin/my-projects/decompilation/source_code/recompiled/IDA/speccpu/gcc/O1/sjeng-gcc-O1/setup_attackers/src/see.c:26:3: error: unknown type name '__int64'; did you mean '__int64_t'?")
('error:', "/home/yanlin/my-projects/decompilation/source_code/recompiled/IDA/speccpu/gcc/O1/sjeng-gcc-O1/setup_attackers/src/see.c:27:3: error: unknown type name '__int64'; did you mean '__int64_t'?")
('error:', "/home/yanlin/my-projects/decompilation/source_code/recompiled/IDA/speccpu/gcc/O1/sjeng-gcc-O1/setup_attackers/src/see.c:31:3: error: unknown type name '__int64'; did you mean '__int64_t'?")
('error:', "/home/yanlin/my-projects/decompilation/source_code/recompiled/IDA/speccpu/gcc/O1/sjeng-gcc-O1/setup_attackers/src/see.c:32:3: error: unknown type name '__int64'; did you mean '__int64_t'?")
('error:', "/home/yanlin/my-projects/decompilation/source_code/recompiled/IDA/speccpu/gcc/O1/sjeng-gcc-O1/setup_attackers/src/see.c:33:3: error: unknown type name '__int64'; did you mean '__int64_t'?")
('error:', "/home/yanlin/my-projects/decompilation/source_code/recompiled/IDA/speccpu/gcc/O1/sjeng-gcc-O1/setup_attackers/src/see.c:34:3: error: unknown type name '__int64'; did you mean '__int64_t'?")
('error:', "/home/yanlin/my-projects/decompilation/source_code/recompiled/IDA/speccpu/gcc/O1/sjeng-gcc-O1/setup_attackers/src/see.c:35:3: error: unknown type name '__int64'; did you mean '__int64_t'?")
('error:', "/home/yanlin/my-projects/decompilation/source_code/recompiled/IDA/speccpu/gcc/O1/sjeng-gcc-O1/setup_attackers/src/see.c:39:3: error: unknown type name '__int64'; did you mean '__int64_t'?")
('error:', "/home/yanlin/my-projects/decompilation/source_code/recompiled/IDA/speccpu/gcc/O1/sjeng-gcc-O1/setup_attackers/src/see.c:41:3: error: unknown type name '__int64'; did you mean '__int64_t'?")
('error:', "/home/yanlin/my-projects/decompilation/source_code/recompiled/IDA/speccpu/gcc/O1/sjeng-gcc-O1/setup_attackers/src/see.c:42:3: error: unknown type name '__int64'; did you mean '__int64_t'?")
('error:', "/home/yanlin/my-projects/decompilation/source_code/recompiled/IDA/speccpu/gcc/O1/sjeng-gcc-O1/setup_attackers/src/see.c:45:3: error: unknown type name '__int64'; did you mean '__int64_t'?")
('error:', "/home/yanlin/my-projects/decompilation/source_code/recompiled/IDA/speccpu/gcc/O1/sjeng-gcc-O1/setup_attackers/src/see.c:49:23: error: use of undeclared identifier 'rook_o_2'")
('error:', '/home/yanlin/my-projects/decompilation/source_code/recompiled/IDA/speccpu/gcc/O1/sjeng-gcc-O1/setup_attackers/src/see.c:52:21: error: expected expression')
('error:', "/home/yanlin/my-projects/decompilation/source_code/recompiled/IDA/speccpu/gcc/O1/sjeng-gcc-O1/setup_attackers/src/see.c:52:13: error: use of undeclared identifier '_DWORD'")
('error:', '/home/yanlin/my-projects/decompilation/source_code/recompiled/IDA/speccpu/gcc/O1/sjeng-gcc-O1/setup_attackers/src/see.c:53:21: error: expected expression')
('error:', "/home/yanlin/my-projects/decompilation/source_code/recompiled/IDA/speccpu/gcc/O1/sjeng-gcc-O1/setup_attackers/src/see.c:53:13: error: use of undeclared identifier '_DWORD'")
('error:', "/home/yanlin/my-projects/decompilation/source_code/recompiled/IDA/speccpu/gcc/O1/sjeng-gcc-O1/setup_attackers/src/see.c:113:11: error: use of undeclared identifier 'bishop_o_1'")
('error:', "/home/yanlin/my-projects/decompilation/source_code/recompiled/IDA/speccpu/gcc/O1/sjeng-gcc-O1/setup_attackers/src/see.c:194:9: error: use of undeclared identifier 'knight_o_0'")
('error:', "/home/yanlin/my-projects/decompilation/source_code/recompiled/IDA/speccpu/gcc/O1/sjeng-gcc-O1/setup_attackers/src/see.c:213:19: error: use of undeclared identifier 'bishop_o_1'")
***************** Next Function ******************
('func_count:', 36)
("func_name '", 'read_rcfile', "'")
('err_func:', '/data/maliha/decompilation/data/error_without_patch/ida/speccpu/gcc/O1/sjeng-gcc-O1-compilation-errors/read_rcfile')
('err_funcfile:', '/data/maliha/decompilation/data/error_without_patch/ida/speccpu/gcc/O1/sjeng-gcc-O1-compilation-errors/read_rcfile')
***************** Next Function ******************
('func_count:', 37)
("func_name '", 'ProbeTT', "'")
('err_func:', '/data/maliha/decompilation/data/error_without_patch/ida/speccpu/gcc/O1/sjeng-gcc-O1-compilation-errors/ProbeTT')
('err_funcfile:', '/data/maliha/decompilation/data/error_without_patch/ida/speccpu/gcc/O1/sjeng-gcc-O1-compilation-errors/ProbeTT')
('error:', "/home/yanlin/my-projects/decompilation/source_code/recompiled/IDA/speccpu/gcc/O1/sjeng-gcc-O1/ProbeTT/src/ttable.c:232:3: error: unknown type name '__int64'; did you mean '__int64_t'?")
('error:', "/home/yanlin/my-projects/decompilation/source_code/recompiled/IDA/speccpu/gcc/O1/sjeng-gcc-O1/ProbeTT/src/ttable.c:233:3: error: unknown type name '__int64'; did you mean '__int64_t'?")
('error:', '/home/yanlin/my-projects/decompilation/source_code/recompiled/IDA/speccpu/gcc/O1/sjeng-gcc-O1/ProbeTT/src/ttable.c:247:20: error: expected expression')
('error:', "/home/yanlin/my-projects/decompilation/source_code/recompiled/IDA/speccpu/gcc/O1/sjeng-gcc-O1/ProbeTT/src/ttable.c:247:12: error: use of undeclared identifier '_QWORD'")
***************** Next Function ******************
('func_count:', 38)
("func_name '", 'search', "'")
('err_func:', '/data/maliha/decompilation/data/error_without_patch/ida/speccpu/gcc/O1/sjeng-gcc-O1-compilation-errors/search')
('err_funcfile:', '/data/maliha/decompilation/data/error_without_patch/ida/speccpu/gcc/O1/sjeng-gcc-O1-compilation-errors/search')
('error:', "/home/yanlin/my-projects/decompilation/source_code/recompiled/IDA/speccpu/gcc/O1/sjeng-gcc-O1/search/src/search.c:540:3: error: unknown type name '__int64'; did you mean '__int64_t'?")
('error:', "/home/yanlin/my-projects/decompilation/source_code/recompiled/IDA/speccpu/gcc/O1/sjeng-gcc-O1/search/src/search.c:553:18: error: expected ';' at end of declaration")
('error:', "/home/yanlin/my-projects/decompilation/source_code/recompiled/IDA/speccpu/gcc/O1/sjeng-gcc-O1/search/src/search.c:554:7: error: expected ';' after expression")
('error:', "/home/yanlin/my-projects/decompilation/source_code/recompiled/IDA/speccpu/gcc/O1/sjeng-gcc-O1/search/src/search.c:554:3: error: use of undeclared identifier 'bool'; did you mean 'book'?")
('error:', "/home/yanlin/my-projects/decompilation/source_code/recompiled/IDA/speccpu/gcc/O1/sjeng-gcc-O1/search/src/search.c:554:8: error: use of undeclared identifier 'v29'")
('error:', "/home/yanlin/my-projects/decompilation/source_code/recompiled/IDA/speccpu/gcc/O1/sjeng-gcc-O1/search/src/search.c:556:7: error: expected ';' after expression")
('error:', "/home/yanlin/my-projects/decompilation/source_code/recompiled/IDA/speccpu/gcc/O1/sjeng-gcc-O1/search/src/search.c:556:3: error: use of undeclared identifier 'bool'; did you mean 'book'?")
('error:', "/home/yanlin/my-projects/decompilation/source_code/recompiled/IDA/speccpu/gcc/O1/sjeng-gcc-O1/search/src/search.c:556:8: error: use of undeclared identifier 'v31'")
('error:', "/home/yanlin/my-projects/decompilation/source_code/recompiled/IDA/speccpu/gcc/O1/sjeng-gcc-O1/search/src/search.c:560:7: error: expected ';' after expression")
('error:', "/home/yanlin/my-projects/decompilation/source_code/recompiled/IDA/speccpu/gcc/O1/sjeng-gcc-O1/search/src/search.c:560:3: error: use of undeclared identifier 'bool'; did you mean 'book'?")
('error:', "/home/yanlin/my-projects/decompilation/source_code/recompiled/IDA/speccpu/gcc/O1/sjeng-gcc-O1/search/src/search.c:560:8: error: use of undeclared identifier 'v35'")
('error:', "/home/yanlin/my-projects/decompilation/source_code/recompiled/IDA/speccpu/gcc/O1/sjeng-gcc-O1/search/src/search.c:570:7: error: expected ';' after expression")
('error:', "/home/yanlin/my-projects/decompilation/source_code/recompiled/IDA/speccpu/gcc/O1/sjeng-gcc-O1/search/src/search.c:570:3: error: use of undeclared identifier 'bool'; did you mean 'book'?")
('error:', "/home/yanlin/my-projects/decompilation/source_code/recompiled/IDA/speccpu/gcc/O1/sjeng-gcc-O1/search/src/search.c:570:8: error: use of undeclared identifier 'v45'")
('error:', "/home/yanlin/my-projects/decompilation/source_code/recompiled/IDA/speccpu/gcc/O1/sjeng-gcc-O1/search/src/search.c:574:10: error: expected ';' after expression")
('error:', "/home/yanlin/my-projects/decompilation/source_code/recompiled/IDA/speccpu/gcc/O1/sjeng-gcc-O1/search/src/search.c:574:3: error: use of undeclared identifier '__int64'; did you mean '__int8'?")
('error:', "/home/yanlin/my-projects/decompilation/source_code/recompiled/IDA/speccpu/gcc/O1/sjeng-gcc-O1/search/src/search.c:574:11: error: use of undeclared identifier 'v49'")
('error:', "/home/yanlin/my-projects/decompilation/source_code/recompiled/IDA/speccpu/gcc/O1/sjeng-gcc-O1/search/src/search.c:575:10: error: expected ';' after expression")
('error:', "/home/yanlin/my-projects/decompilation/source_code/recompiled/IDA/speccpu/gcc/O1/sjeng-gcc-O1/search/src/search.c:575:3: error: use of undeclared identifier '__int64'; did you mean '__int8'?")
('error:', 'fatal error: too many errors emitted, stopping now [-ferror-limit=]')
***************** Next Function ******************
('func_count:', 39)
("func_name '", 'ResetHandValue', "'")
('err_func:', '/data/maliha/decompilation/data/error_without_patch/ida/speccpu/gcc/O1/sjeng-gcc-O1-compilation-errors/ResetHandValue')
('err_funcfile:', '/data/maliha/decompilation/data/error_without_patch/ida/speccpu/gcc/O1/sjeng-gcc-O1-compilation-errors/ResetHandValue')
('error:', '/home/yanlin/my-projects/decompilation/source_code/recompiled/IDA/speccpu/gcc/O1/sjeng-gcc-O1/ResetHandValue/src/partner.c:23:15: error: expected expression')
('error:', "/home/yanlin/my-projects/decompilation/source_code/recompiled/IDA/speccpu/gcc/O1/sjeng-gcc-O1/ResetHandValue/src/partner.c:23:6: error: use of undeclared identifier '__m128i'")
('error:', '/home/yanlin/my-projects/decompilation/source_code/recompiled/IDA/speccpu/gcc/O1/sjeng-gcc-O1/ResetHandValue/src/partner.c:24:15: error: expected expression')
('error:', "/home/yanlin/my-projects/decompilation/source_code/recompiled/IDA/speccpu/gcc/O1/sjeng-gcc-O1/ResetHandValue/src/partner.c:24:6: error: use of undeclared identifier '__m128i'")
('error:', "/home/yanlin/my-projects/decompilation/source_code/recompiled/IDA/speccpu/gcc/O1/sjeng-gcc-O1/ResetHandValue/src/partner.c:24:57: error: unknown type name '__m128i'")
('error:', '/home/yanlin/my-projects/decompilation/source_code/recompiled/IDA/speccpu/gcc/O1/sjeng-gcc-O1/ResetHandValue/src/partner.c:25:15: error: expected expression')
('error:', "/home/yanlin/my-projects/decompilation/source_code/recompiled/IDA/speccpu/gcc/O1/sjeng-gcc-O1/ResetHandValue/src/partner.c:25:6: error: use of undeclared identifier '__m128i'")
('error:', "/home/yanlin/my-projects/decompilation/source_code/recompiled/IDA/speccpu/gcc/O1/sjeng-gcc-O1/ResetHandValue/src/partner.c:25:57: error: unknown type name '__m128i'")
***************** Next Function ******************
('func_count:', 40)
("func_name '", 'think', "'")
('err_func:', '/data/maliha/decompilation/data/error_without_patch/ida/speccpu/gcc/O1/sjeng-gcc-O1-compilation-errors/think')
('err_funcfile:', '/data/maliha/decompilation/data/error_without_patch/ida/speccpu/gcc/O1/sjeng-gcc-O1-compilation-errors/think')
('error:', "/home/yanlin/my-projects/decompilation/source_code/recompiled/IDA/speccpu/gcc/O1/sjeng-gcc-O1/think/src/search.c:1443:17: error: conflicting types for 'think'")
('error:', "/home/yanlin/my-projects/decompilation/source_code/recompiled/IDA/speccpu/gcc/O1/sjeng-gcc-O1/think/src/search.c:1450:3: error: unknown type name '__int64'; did you mean '__int64_t'?")
('error:', "/home/yanlin/my-projects/decompilation/source_code/recompiled/IDA/speccpu/gcc/O1/sjeng-gcc-O1/think/src/search.c:1455:3: error: unknown type name '__int64'; did you mean '__int64_t'?")
('error:', "/home/yanlin/my-projects/decompilation/source_code/recompiled/IDA/speccpu/gcc/O1/sjeng-gcc-O1/think/src/search.c:1456:3: error: use of undeclared identifier '__m128i'")
('error:', "/home/yanlin/my-projects/decompilation/source_code/recompiled/IDA/speccpu/gcc/O1/sjeng-gcc-O1/think/src/search.c:1456:12: error: use of undeclared identifier 'v12'")
('error:', "/home/yanlin/my-projects/decompilation/source_code/recompiled/IDA/speccpu/gcc/O1/sjeng-gcc-O1/think/src/search.c:1457:3: error: use of undeclared identifier '_QWORD'")
('error:', "/home/yanlin/my-projects/decompilation/source_code/recompiled/IDA/speccpu/gcc/O1/sjeng-gcc-O1/think/src/search.c:1457:11: error: use of undeclared identifier 'v13'; did you mean 'v1'?")
('error:', "/home/yanlin/my-projects/decompilation/source_code/recompiled/IDA/speccpu/gcc/O1/sjeng-gcc-O1/think/src/search.c:1458:3: error: unknown type name '__int64'; did you mean '__int64_t'?")
('error:', "/home/yanlin/my-projects/decompilation/source_code/recompiled/IDA/speccpu/gcc/O1/sjeng-gcc-O1/think/src/search.c:1459:3: error: unknown type name '__int64'; did you mean '__int64_t'?")
('error:', "/home/yanlin/my-projects/decompilation/source_code/recompiled/IDA/speccpu/gcc/O1/sjeng-gcc-O1/think/src/search.c:1460:3: error: unknown type name '__int64'; did you mean '__int64_t'?")
('error:', "/home/yanlin/my-projects/decompilation/source_code/recompiled/IDA/speccpu/gcc/O1/sjeng-gcc-O1/think/src/search.c:1461:3: error: unknown type name '__int64'; did you mean '__int64_t'?")
('error:', "/home/yanlin/my-projects/decompilation/source_code/recompiled/IDA/speccpu/gcc/O1/sjeng-gcc-O1/think/src/search.c:1466:3: error: unknown type name '__int64'; did you mean '__int64_t'?")
('error:', "/home/yanlin/my-projects/decompilation/source_code/recompiled/IDA/speccpu/gcc/O1/sjeng-gcc-O1/think/src/search.c:1474:3: error: unknown type name '__int64'; did you mean '__int64_t'?")
('error:', "/home/yanlin/my-projects/decompilation/source_code/recompiled/IDA/speccpu/gcc/O1/sjeng-gcc-O1/think/src/search.c:1478:7: error: expected ';' after expression")
('error:', "/home/yanlin/my-projects/decompilation/source_code/recompiled/IDA/speccpu/gcc/O1/sjeng-gcc-O1/think/src/search.c:1478:3: error: use of undeclared identifier 'bool'; did you mean 'book'?")
('error:', "/home/yanlin/my-projects/decompilation/source_code/recompiled/IDA/speccpu/gcc/O1/sjeng-gcc-O1/think/src/search.c:1478:8: error: use of undeclared identifier 'v34'")
('error:', '/home/yanlin/my-projects/decompilation/source_code/recompiled/IDA/speccpu/gcc/O1/sjeng-gcc-O1/think/src/search.c:1542:17: error: subscripted value is not an array, pointer, or vector')
('error:', '/home/yanlin/my-projects/decompilation/source_code/recompiled/IDA/speccpu/gcc/O1/sjeng-gcc-O1/think/src/search.c:1548:19: error: expected expression')
('error:', "/home/yanlin/my-projects/decompilation/source_code/recompiled/IDA/speccpu/gcc/O1/sjeng-gcc-O1/think/src/search.c:1548:10: error: use of undeclared identifier '__m128i'")
('error:', 'fatal error: too many errors emitted, stopping now [-ferror-limit=]')
***************** Next Function ******************
('func_count:', 41)
("func_name '", 'perft_debug', "'")
('err_func:', '/data/maliha/decompilation/data/error_without_patch/ida/speccpu/gcc/O1/sjeng-gcc-O1-compilation-errors/perft_debug')
('err_funcfile:', '/data/maliha/decompilation/data/error_without_patch/ida/speccpu/gcc/O1/sjeng-gcc-O1-compilation-errors/perft_debug')
('error:', "/home/yanlin/my-projects/decompilation/source_code/recompiled/IDA/speccpu/gcc/O1/sjeng-gcc-O1/perft_debug/src/utils.c:442:14: error: variable has incomplete type 'void'")
('error:', "/home/yanlin/my-projects/decompilation/source_code/recompiled/IDA/speccpu/gcc/O1/sjeng-gcc-O1/perft_debug/src/utils.c:442:24: error: expected ';' after top level declarator")
***************** Next Function ******************
('func_count:', 42)
("func_name '", 'push_knighT', "'")
('err_func:', '/data/maliha/decompilation/data/error_without_patch/ida/speccpu/gcc/O1/sjeng-gcc-O1-compilation-errors/push_knighT')
('err_funcfile:', '/data/maliha/decompilation/data/error_without_patch/ida/speccpu/gcc/O1/sjeng-gcc-O1-compilation-errors/push_knighT')
('error:', "/home/yanlin/my-projects/decompilation/source_code/recompiled/IDA/speccpu/gcc/O1/sjeng-gcc-O1/push_knighT/src/moves.c:1789:53: error: expected ')'")
***************** Next Function ******************
('func_count:', 43)
("func_name '", 'Knight', "'")
('err_func:', '/data/maliha/decompilation/data/error_without_patch/ida/speccpu/gcc/O1/sjeng-gcc-O1-compilation-errors/Knight')
('err_funcfile:', '/data/maliha/decompilation/data/error_without_patch/ida/speccpu/gcc/O1/sjeng-gcc-O1-compilation-errors/Knight')
***************** Next Function ******************
('func_count:', 44)
("func_name '", 'l_knight_mobility', "'")
('err_func:', '/data/maliha/decompilation/data/error_without_patch/ida/speccpu/gcc/O1/sjeng-gcc-O1-compilation-errors/l_knight_mobility')
('err_funcfile:', '/data/maliha/decompilation/data/error_without_patch/ida/speccpu/gcc/O1/sjeng-gcc-O1-compilation-errors/l_knight_mobility')
('error:', "/home/yanlin/my-projects/decompilation/source_code/recompiled/IDA/speccpu/gcc/O1/sjeng-gcc-O1/l_knight_mobility/src/leval.c:67:23: error: use of undeclared identifier 'knight_o_1_0'")
('error:', '/home/yanlin/my-projects/decompilation/source_code/recompiled/IDA/speccpu/gcc/O1/sjeng-gcc-O1/l_knight_mobility/src/leval.c:71:28: error: expected expression')
('error:', "/home/yanlin/my-projects/decompilation/source_code/recompiled/IDA/speccpu/gcc/O1/sjeng-gcc-O1/l_knight_mobility/src/leval.c:71:20: error: use of undeclared identifier '_DWORD'")
('error:', "/home/yanlin/my-projects/decompilation/source_code/recompiled/IDA/speccpu/gcc/O1/sjeng-gcc-O1/l_knight_mobility/src/leval.c:71:29: error: expected ']'")
***************** Next Function ******************
('func_count:', 45)
("func_name '", 'BegForPartner', "'")
('err_func:', '/data/maliha/decompilation/data/error_without_patch/ida/speccpu/gcc/O1/sjeng-gcc-O1-compilation-errors/BegForPartner')
('err_funcfile:', '/data/maliha/decompilation/data/error_without_patch/ida/speccpu/gcc/O1/sjeng-gcc-O1-compilation-errors/BegForPartner')
***************** Next Function ******************
('func_count:', 46)
("func_name '", 'post_fl_thinking', "'")
('err_func:', '/data/maliha/decompilation/data/error_without_patch/ida/speccpu/gcc/O1/sjeng-gcc-O1-compilation-errors/post_fl_thinking')
('err_funcfile:', '/data/maliha/decompilation/data/error_without_patch/ida/speccpu/gcc/O1/sjeng-gcc-O1-compilation-errors/post_fl_thinking')
('error:', '/home/yanlin/my-projects/decompilation/source_code/recompiled/IDA/speccpu/gcc/O1/sjeng-gcc-O1/post_fl_thinking/src/utils.c:693:15: error: expected expression')
('error:', "/home/yanlin/my-projects/decompilation/source_code/recompiled/IDA/speccpu/gcc/O1/sjeng-gcc-O1/post_fl_thinking/src/utils.c:693:6: error: use of undeclared identifier '__m128i'")
('error:', "/home/yanlin/my-projects/decompilation/source_code/recompiled/IDA/speccpu/gcc/O1/sjeng-gcc-O1/post_fl_thinking/src/utils.c:693:54: error: unknown type name '__m128i'")
('error:', '/home/yanlin/my-projects/decompilation/source_code/recompiled/IDA/speccpu/gcc/O1/sjeng-gcc-O1/post_fl_thinking/src/utils.c:694:14: error: expected expression')
('error:', "/home/yanlin/my-projects/decompilation/source_code/recompiled/IDA/speccpu/gcc/O1/sjeng-gcc-O1/post_fl_thinking/src/utils.c:694:6: error: use of undeclared identifier '_QWORD'")
('error:', '/home/yanlin/my-projects/decompilation/source_code/recompiled/IDA/speccpu/gcc/O1/sjeng-gcc-O1/post_fl_thinking/src/utils.c:694:42: error: expected expression')
('error:', "/home/yanlin/my-projects/decompilation/source_code/recompiled/IDA/speccpu/gcc/O1/sjeng-gcc-O1/post_fl_thinking/src/utils.c:694:34: error: use of undeclared identifier '_QWORD'")
('error:', "/home/yanlin/my-projects/decompilation/source_code/recompiled/IDA/speccpu/gcc/O1/sjeng-gcc-O1/post_fl_thinking/src/utils.c:695:16: error: passing 'char [256]' to parameter of incompatible type 'move_s'")
***************** Next Function ******************
('func_count:', 47)
("func_name '", 'select_most_proving', "'")
('err_func:', '/data/maliha/decompilation/data/error_without_patch/ida/speccpu/gcc/O1/sjeng-gcc-O1-compilation-errors/select_most_proving')
('err_funcfile:', '/data/maliha/decompilation/data/error_without_patch/ida/speccpu/gcc/O1/sjeng-gcc-O1-compilation-errors/select_most_proving')
('error:', "/home/yanlin/my-projects/decompilation/source_code/recompiled/IDA/speccpu/gcc/O1/sjeng-gcc-O1/select_most_proving/src/proof.c:404:10: error: use of undeclared identifier 'children'")
('error:', "/home/yanlin/my-projects/decompilation/source_code/recompiled/IDA/speccpu/gcc/O1/sjeng-gcc-O1/select_most_proving/src/proof.c:406:3: error: unknown type name '__int64'; did you mean '__int64_t'?")
('error:', "/home/yanlin/my-projects/decompilation/source_code/recompiled/IDA/speccpu/gcc/O1/sjeng-gcc-O1/select_most_proving/src/proof.c:407:9: error: use of undeclared identifier 'v6'")
('error:', "/home/yanlin/my-projects/decompilation/source_code/recompiled/IDA/speccpu/gcc/O1/sjeng-gcc-O1/select_most_proving/src/proof.c:408:10: error: use of undeclared identifier 'v7'")
('error:', "/home/yanlin/my-projects/decompilation/source_code/recompiled/IDA/speccpu/gcc/O1/sjeng-gcc-O1/select_most_proving/src/proof.c:410:3: error: unknown type name '__int64'; did you mean '__int64_t'?")
('error:', "/home/yanlin/my-projects/decompilation/source_code/recompiled/IDA/speccpu/gcc/O1/sjeng-gcc-O1/select_most_proving/src/proof.c:411:9: error: use of undeclared identifier 'v10'; did you mean 'v1'?")
('error:', "/home/yanlin/my-projects/decompilation/source_code/recompiled/IDA/speccpu/gcc/O1/sjeng-gcc-O1/select_most_proving/src/proof.c:411:8: error: invalid operands to binary expression ('node_t *' (aka 'struct node *') and 'node_t *')")
('error:', "/home/yanlin/my-projects/decompilation/source_code/recompiled/IDA/speccpu/gcc/O1/sjeng-gcc-O1/select_most_proving/src/proof.c:418:7: error: use of undeclared identifier 'children'")
('error:', "/home/yanlin/my-projects/decompilation/source_code/recompiled/IDA/speccpu/gcc/O1/sjeng-gcc-O1/select_most_proving/src/proof.c:420:16: error: use of undeclared identifier 'children'")
('error:', "/home/yanlin/my-projects/decompilation/source_code/recompiled/IDA/speccpu/gcc/O1/sjeng-gcc-O1/select_most_proving/src/proof.c:430:11: error: use of undeclared identifier 'v6'")
('error:', "/home/yanlin/my-projects/decompilation/source_code/recompiled/IDA/speccpu/gcc/O1/sjeng-gcc-O1/select_most_proving/src/proof.c:430:16: error: use of undeclared identifier 'children'")
('error:', "/home/yanlin/my-projects/decompilation/source_code/recompiled/IDA/speccpu/gcc/O1/sjeng-gcc-O1/select_most_proving/src/proof.c:432:18: error: use of undeclared identifier 'v6'")
('error:', "/home/yanlin/my-projects/decompilation/source_code/recompiled/IDA/speccpu/gcc/O1/sjeng-gcc-O1/select_most_proving/src/proof.c:437:7: error: use of undeclared identifier 'v7'")
('error:', "/home/yanlin/my-projects/decompilation/source_code/recompiled/IDA/speccpu/gcc/O1/sjeng-gcc-O1/select_most_proving/src/proof.c:440:16: error: use of undeclared identifier 'v7'")
('error:', "/home/yanlin/my-projects/decompilation/source_code/recompiled/IDA/speccpu/gcc/O1/sjeng-gcc-O1/select_most_proving/src/proof.c:449:11: error: use of undeclared identifier 'v10'; did you mean 'v1'?")
('error:', "/home/yanlin/my-projects/decompilation/source_code/recompiled/IDA/speccpu/gcc/O1/sjeng-gcc-O1/select_most_proving/src/proof.c:449:17: error: use of undeclared identifier 'v7'")
('error:', "/home/yanlin/my-projects/decompilation/source_code/recompiled/IDA/speccpu/gcc/O1/sjeng-gcc-O1/select_most_proving/src/proof.c:451:18: error: use of undeclared identifier 'v10'; did you mean 'v1'?")
***************** Next Function ******************
('func_count:', 48)
("func_name '", 'GreetPartner', "'")
('err_func:', '/data/maliha/decompilation/data/error_without_patch/ida/speccpu/gcc/O1/sjeng-gcc-O1-compilation-errors/GreetPartner')
('err_funcfile:', '/data/maliha/decompilation/data/error_without_patch/ida/speccpu/gcc/O1/sjeng-gcc-O1-compilation-errors/GreetPartner')
***************** Next Function ******************
('func_count:', 49)
("func_name '", 'allocate_time', "'")
('err_func:', '/data/maliha/decompilation/data/error_without_patch/ida/speccpu/gcc/O1/sjeng-gcc-O1-compilation-errors/allocate_time')
('err_funcfile:', '/data/maliha/decompilation/data/error_without_patch/ida/speccpu/gcc/O1/sjeng-gcc-O1-compilation-errors/allocate_time')
***************** Next Function ******************
('func_count:', 50)
("func_name '", 'PutPiece', "'")
('err_func:', '/data/maliha/decompilation/data/error_without_patch/ida/speccpu/gcc/O1/sjeng-gcc-O1-compilation-errors/PutPiece')
('err_funcfile:', '/data/maliha/decompilation/data/error_without_patch/ida/speccpu/gcc/O1/sjeng-gcc-O1-compilation-errors/PutPiece')
***************** Next Function ******************
('func_count:', 51)
("func_name '", 'Xmalloc', "'")
('err_func:', '/data/maliha/decompilation/data/error_without_patch/ida/speccpu/gcc/O1/sjeng-gcc-O1-compilation-errors/Xmalloc')
('err_funcfile:', '/data/maliha/decompilation/data/error_without_patch/ida/speccpu/gcc/O1/sjeng-gcc-O1-compilation-errors/Xmalloc')
***************** Next Function ******************
('func_count:', 52)
("func_name '", 'std_eval', "'")
('err_func:', '/data/maliha/decompilation/data/error_without_patch/ida/speccpu/gcc/O1/sjeng-gcc-O1-compilation-errors/std_eval')
('err_funcfile:', '/data/maliha/decompilation/data/error_without_patch/ida/speccpu/gcc/O1/sjeng-gcc-O1-compilation-errors/std_eval')
('error:', "/home/yanlin/my-projects/decompilation/source_code/recompiled/IDA/speccpu/gcc/O1/sjeng-gcc-O1/std_eval/src/neval.c:396:3: error: unknown type name '__int64'; did you mean '__int64_t'?")
('error:', "/home/yanlin/my-projects/decompilation/source_code/recompiled/IDA/speccpu/gcc/O1/sjeng-gcc-O1/std_eval/src/neval.c:419:3: error: unknown type name '__int64'; did you mean '__int64_t'?")
('error:', "/home/yanlin/my-projects/decompilation/source_code/recompiled/IDA/speccpu/gcc/O1/sjeng-gcc-O1/std_eval/src/neval.c:427:3: error: unknown type name '__int64'; did you mean '__int64_t'?")
('error:', "/home/yanlin/my-projects/decompilation/source_code/recompiled/IDA/speccpu/gcc/O1/sjeng-gcc-O1/std_eval/src/neval.c:440:3: error: unknown type name '__int64'; did you mean '__int64_t'?")
('error:', "/home/yanlin/my-projects/decompilation/source_code/recompiled/IDA/speccpu/gcc/O1/sjeng-gcc-O1/std_eval/src/neval.c:449:3: error: unknown type name '__int64'; did you mean '__int64_t'?")
('error:', "/home/yanlin/my-projects/decompilation/source_code/recompiled/IDA/speccpu/gcc/O1/sjeng-gcc-O1/std_eval/src/neval.c:482:7: error: expected ';' after expression")
('error:', "/home/yanlin/my-projects/decompilation/source_code/recompiled/IDA/speccpu/gcc/O1/sjeng-gcc-O1/std_eval/src/neval.c:482:3: error: use of undeclared identifier 'bool'; did you mean 'book'?")
('error:', "/home/yanlin/my-projects/decompilation/source_code/recompiled/IDA/speccpu/gcc/O1/sjeng-gcc-O1/std_eval/src/neval.c:482:8: error: use of undeclared identifier 'v91'")
('error:', "/home/yanlin/my-projects/decompilation/source_code/recompiled/IDA/speccpu/gcc/O1/sjeng-gcc-O1/std_eval/src/neval.c:483:7: error: expected ';' after expression")
('error:', "/home/yanlin/my-projects/decompilation/source_code/recompiled/IDA/speccpu/gcc/O1/sjeng-gcc-O1/std_eval/src/neval.c:483:3: error: use of undeclared identifier 'bool'; did you mean 'book'?")
('error:', "/home/yanlin/my-projects/decompilation/source_code/recompiled/IDA/speccpu/gcc/O1/sjeng-gcc-O1/std_eval/src/neval.c:483:8: error: use of undeclared identifier 'v92'")
('error:', "/home/yanlin/my-projects/decompilation/source_code/recompiled/IDA/speccpu/gcc/O1/sjeng-gcc-O1/std_eval/src/neval.c:489:3: error: unknown type name '__int64'; did you mean '__int64_t'?")
('error:', "/home/yanlin/my-projects/decompilation/source_code/recompiled/IDA/speccpu/gcc/O1/sjeng-gcc-O1/std_eval/src/neval.c:497:3: error: unknown type name '__int64'; did you mean '__int64_t'?")
('error:', '/home/yanlin/my-projects/decompilation/source_code/recompiled/IDA/speccpu/gcc/O1/sjeng-gcc-O1/std_eval/src/neval.c:653:24: error: expression is not assignable')
('error:', '/home/yanlin/my-projects/decompilation/source_code/recompiled/IDA/speccpu/gcc/O1/sjeng-gcc-O1/std_eval/src/neval.c:752:11: error: expression is not assignable')
('error:', "/home/yanlin/my-projects/decompilation/source_code/recompiled/IDA/speccpu/gcc/O1/sjeng-gcc-O1/std_eval/src/neval.c:1051:5: error: use of undeclared identifier 'v91'")
('error:', "/home/yanlin/my-projects/decompilation/source_code/recompiled/IDA/speccpu/gcc/O1/sjeng-gcc-O1/std_eval/src/neval.c:1052:5: error: use of undeclared identifier 'v92'")
('error:', "/home/yanlin/my-projects/decompilation/source_code/recompiled/IDA/speccpu/gcc/O1/sjeng-gcc-O1/std_eval/src/neval.c:1079:3: error: use of undeclared identifier 'v91'")
('error:', "/home/yanlin/my-projects/decompilation/source_code/recompiled/IDA/speccpu/gcc/O1/sjeng-gcc-O1/std_eval/src/neval.c:1083:5: error: use of undeclared identifier 'v91'")
('error:', 'fatal error: too many errors emitted, stopping now [-ferror-limit=]')
***************** Next Function ******************
('func_count:', 53)
("func_name '", 'storeECache', "'")
('err_func:', '/data/maliha/decompilation/data/error_without_patch/ida/speccpu/gcc/O1/sjeng-gcc-O1-compilation-errors/storeECache')
('err_funcfile:', '/data/maliha/decompilation/data/error_without_patch/ida/speccpu/gcc/O1/sjeng-gcc-O1-compilation-errors/storeECache')
('error:', "/home/yanlin/my-projects/decompilation/source_code/recompiled/IDA/speccpu/gcc/O1/sjeng-gcc-O1/storeECache/src/ecache.c:28:3: error: unknown type name '__int64'; did you mean '__int64_t'?")
***************** Next Function ******************
('func_count:', 54)
("func_name '", 'proofnumbercheck', "'")
('err_func:', '/data/maliha/decompilation/data/error_without_patch/ida/speccpu/gcc/O1/sjeng-gcc-O1-compilation-errors/proofnumbercheck')
('err_funcfile:', '/data/maliha/decompilation/data/error_without_patch/ida/speccpu/gcc/O1/sjeng-gcc-O1-compilation-errors/proofnumbercheck')
('error:', "/home/yanlin/my-projects/decompilation/source_code/recompiled/IDA/speccpu/gcc/O1/sjeng-gcc-O1/proofnumbercheck/src/proof.c:1486:17: error: conflicting types for 'proofnumbercheck'")
('error:', "/home/yanlin/my-projects/decompilation/source_code/recompiled/IDA/speccpu/gcc/O1/sjeng-gcc-O1/proofnumbercheck/src/proof.c:1492:3: error: unknown type name '__int64'; did you mean '__int64_t'?")
('error:', '/home/yanlin/my-projects/decompilation/source_code/recompiled/IDA/speccpu/gcc/O1/sjeng-gcc-O1/proofnumbercheck/src/proof.c:1503:17: error: expected expression')
('error:', "/home/yanlin/my-projects/decompilation/source_code/recompiled/IDA/speccpu/gcc/O1/sjeng-gcc-O1/proofnumbercheck/src/proof.c:1503:8: error: use of undeclared identifier '__m128i'")
('error:', "/home/yanlin/my-projects/decompilation/source_code/recompiled/IDA/speccpu/gcc/O1/sjeng-gcc-O1/proofnumbercheck/src/proof.c:1503:59: error: unknown type name '__m128i'")
('error:', '/home/yanlin/my-projects/decompilation/source_code/recompiled/IDA/speccpu/gcc/O1/sjeng-gcc-O1/proofnumbercheck/src/proof.c:1504:16: error: expected expression')
('error:', "/home/yanlin/my-projects/decompilation/source_code/recompiled/IDA/speccpu/gcc/O1/sjeng-gcc-O1/proofnumbercheck/src/proof.c:1504:8: error: use of undeclared identifier '_QWORD'")
('error:', '/home/yanlin/my-projects/decompilation/source_code/recompiled/IDA/speccpu/gcc/O1/sjeng-gcc-O1/proofnumbercheck/src/proof.c:1504:47: error: expected expression')
('error:', "/home/yanlin/my-projects/decompilation/source_code/recompiled/IDA/speccpu/gcc/O1/sjeng-gcc-O1/proofnumbercheck/src/proof.c:1504:39: error: use of undeclared identifier '_QWORD'")
('error:', "/home/yanlin/my-projects/decompilation/source_code/recompiled/IDA/speccpu/gcc/O1/sjeng-gcc-O1/proofnumbercheck/src/proof.c:1518:26: error: expected ')'")
('error:', "/home/yanlin/my-projects/decompilation/source_code/recompiled/IDA/speccpu/gcc/O1/sjeng-gcc-O1/proofnumbercheck/src/proof.c:1525:50: error: expected ')'")
('error:', "/home/yanlin/my-projects/decompilation/source_code/recompiled/IDA/speccpu/gcc/O1/sjeng-gcc-O1/proofnumbercheck/src/proof.c:1539:39: error: expected ')'")
('error:', "/home/yanlin/my-projects/decompilation/source_code/recompiled/IDA/speccpu/gcc/O1/sjeng-gcc-O1/proofnumbercheck/src/proof.c:1539:85: error: expected ')'")
***************** Next Function ******************
('func_count:', 55)
("func_name '", 'is_draw', "'")
('err_func:', '/data/maliha/decompilation/data/error_without_patch/ida/speccpu/gcc/O1/sjeng-gcc-O1-compilation-errors/is_draw')
('err_funcfile:', '/data/maliha/decompilation/data/error_without_patch/ida/speccpu/gcc/O1/sjeng-gcc-O1-compilation-errors/is_draw')
('error:', "/home/yanlin/my-projects/decompilation/source_code/recompiled/IDA/speccpu/gcc/O1/sjeng-gcc-O1/is_draw/src/draw.c:16:3: error: unknown type name '__int64'; did you mean '__int64_t'?")
('error:', "/home/yanlin/my-projects/decompilation/source_code/recompiled/IDA/speccpu/gcc/O1/sjeng-gcc-O1/is_draw/src/draw.c:19:3: error: unknown type name '__int64'; did you mean '__int64_t'?")
('error:', '/home/yanlin/my-projects/decompilation/source_code/recompiled/IDA/speccpu/gcc/O1/sjeng-gcc-O1/is_draw/src/draw.c:26:16: error: expression is not assignable')
('error:', '/home/yanlin/my-projects/decompilation/source_code/recompiled/IDA/speccpu/gcc/O1/sjeng-gcc-O1/is_draw/src/draw.c:38:20: error: expression is not assignable')
***************** Next Function ******************
('func_count:', 56)
("func_name '", 'checkECache', "'")
('err_func:', '/data/maliha/decompilation/data/error_without_patch/ida/speccpu/gcc/O1/sjeng-gcc-O1-compilation-errors/checkECache')
('err_funcfile:', '/data/maliha/decompilation/data/error_without_patch/ida/speccpu/gcc/O1/sjeng-gcc-O1-compilation-errors/checkECache')
('error:', "/home/yanlin/my-projects/decompilation/source_code/recompiled/IDA/speccpu/gcc/O1/sjeng-gcc-O1/checkECache/src/ecache.c:39:3: error: unknown type name '__int64'; did you mean '__int64_t'?")
***************** Next Function ******************
('func_count:', 57)
("func_name '", 'losers_pn_eval', "'")
('err_func:', '/data/maliha/decompilation/data/error_without_patch/ida/speccpu/gcc/O1/sjeng-gcc-O1-compilation-errors/losers_pn_eval')
('err_funcfile:', '/data/maliha/decompilation/data/error_without_patch/ida/speccpu/gcc/O1/sjeng-gcc-O1-compilation-errors/losers_pn_eval')
***************** Next Function ******************
('func_count:', 58)
("func_name '", 'verify_coord', "'")
('err_func:', '/data/maliha/decompilation/data/error_without_patch/ida/speccpu/gcc/O1/sjeng-gcc-O1-compilation-errors/verify_coord')
('err_funcfile:', '/data/maliha/decompilation/data/error_without_patch/ida/speccpu/gcc/O1/sjeng-gcc-O1-compilation-errors/verify_coord')
('error:', "/home/yanlin/my-projects/decompilation/source_code/recompiled/IDA/speccpu/gcc/O1/sjeng-gcc-O1/verify_coord/src/utils.c:969:9: error: unknown type name '__m128i'")
('error:', "/home/yanlin/my-projects/decompilation/source_code/recompiled/IDA/speccpu/gcc/O1/sjeng-gcc-O1/verify_coord/src/utils.c:1011:16: error: unknown type name '__m128i'")
('error:', '/home/yanlin/my-projects/decompilation/source_code/recompiled/IDA/speccpu/gcc/O1/sjeng-gcc-O1/verify_coord/src/utils.c:1016:16: error: expected expression')
('error:', "/home/yanlin/my-projects/decompilation/source_code/recompiled/IDA/speccpu/gcc/O1/sjeng-gcc-O1/verify_coord/src/utils.c:1016:8: error: use of undeclared identifier '_QWORD'")
('error:', '/home/yanlin/my-projects/decompilation/source_code/recompiled/IDA/speccpu/gcc/O1/sjeng-gcc-O1/verify_coord/src/utils.c:1016:42: error: expected expression')
('error:', "/home/yanlin/my-projects/decompilation/source_code/recompiled/IDA/speccpu/gcc/O1/sjeng-gcc-O1/verify_coord/src/utils.c:1016:34: error: use of undeclared identifier '_QWORD'")
('error:', '/home/yanlin/my-projects/decompilation/source_code/recompiled/IDA/speccpu/gcc/O1/sjeng-gcc-O1/verify_coord/src/utils.c:1017:16: error: expected expression')
('error:', "/home/yanlin/my-projects/decompilation/source_code/recompiled/IDA/speccpu/gcc/O1/sjeng-gcc-O1/verify_coord/src/utils.c:1017:8: error: use of undeclared identifier '_QWORD'")
('error:', '/home/yanlin/my-projects/decompilation/source_code/recompiled/IDA/speccpu/gcc/O1/sjeng-gcc-O1/verify_coord/src/utils.c:1017:43: error: expected expression')
('error:', "/home/yanlin/my-projects/decompilation/source_code/recompiled/IDA/speccpu/gcc/O1/sjeng-gcc-O1/verify_coord/src/utils.c:1017:35: error: use of undeclared identifier '_QWORD'")
('error:', '/home/yanlin/my-projects/decompilation/source_code/recompiled/IDA/speccpu/gcc/O1/sjeng-gcc-O1/verify_coord/src/utils.c:1018:16: error: expected expression')
('error:', "/home/yanlin/my-projects/decompilation/source_code/recompiled/IDA/speccpu/gcc/O1/sjeng-gcc-O1/verify_coord/src/utils.c:1018:8: error: use of undeclared identifier '_QWORD'")
('error:', '/home/yanlin/my-projects/decompilation/source_code/recompiled/IDA/speccpu/gcc/O1/sjeng-gcc-O1/verify_coord/src/utils.c:1018:39: error: expected expression')
('error:', "/home/yanlin/my-projects/decompilation/source_code/recompiled/IDA/speccpu/gcc/O1/sjeng-gcc-O1/verify_coord/src/utils.c:1018:31: error: use of undeclared identifier '_QWORD'")
('error:', "/home/yanlin/my-projects/decompilation/source_code/recompiled/IDA/speccpu/gcc/O1/sjeng-gcc-O1/verify_coord/src/utils.c:1019:20: error: passing 'char [6]' to parameter of incompatible type 'move_s'")
('error:', '/home/yanlin/my-projects/decompilation/source_code/recompiled/IDA/speccpu/gcc/O1/sjeng-gcc-O1/verify_coord/src/utils.c:1025:21: error: expected expression')
('error:', "/home/yanlin/my-projects/decompilation/source_code/recompiled/IDA/speccpu/gcc/O1/sjeng-gcc-O1/verify_coord/src/utils.c:1025:12: error: use of undeclared identifier '__m128i'")
('error:', '/home/yanlin/my-projects/decompilation/source_code/recompiled/IDA/speccpu/gcc/O1/sjeng-gcc-O1/verify_coord/src/utils.c:1026:20: error: expected expression')
('error:', "/home/yanlin/my-projects/decompilation/source_code/recompiled/IDA/speccpu/gcc/O1/sjeng-gcc-O1/verify_coord/src/utils.c:1026:12: error: use of undeclared identifier '_QWORD'")
('error:', 'fatal error: too many errors emitted, stopping now [-ferror-limit=]')
***************** Next Function ******************
('func_count:', 59)
("func_name '", 'CheckBadFlow', "'")
('err_func:', '/data/maliha/decompilation/data/error_without_patch/ida/speccpu/gcc/O1/sjeng-gcc-O1-compilation-errors/CheckBadFlow')
('err_funcfile:', '/data/maliha/decompilation/data/error_without_patch/ida/speccpu/gcc/O1/sjeng-gcc-O1-compilation-errors/CheckBadFlow')
('error:', "/home/yanlin/my-projects/decompilation/source_code/recompiled/IDA/speccpu/gcc/O1/sjeng-gcc-O1/CheckBadFlow/src/partner.c:528:5: error: use of undeclared identifier 'pawnmated_4'")
('error:', "/home/yanlin/my-projects/decompilation/source_code/recompiled/IDA/speccpu/gcc/O1/sjeng-gcc-O1/CheckBadFlow/src/partner.c:529:5: error: use of undeclared identifier 'knightmated_3'; did you mean 'knightmates'?")
('error:', "/home/yanlin/my-projects/decompilation/source_code/recompiled/IDA/speccpu/gcc/O1/sjeng-gcc-O1/CheckBadFlow/src/partner.c:530:5: error: use of undeclared identifier 'bishopmated_2'")
('error:', "/home/yanlin/my-projects/decompilation/source_code/recompiled/IDA/speccpu/gcc/O1/sjeng-gcc-O1/CheckBadFlow/src/partner.c:531:5: error: use of undeclared identifier 'rookmated_1'")
('error:', "/home/yanlin/my-projects/decompilation/source_code/recompiled/IDA/speccpu/gcc/O1/sjeng-gcc-O1/CheckBadFlow/src/partner.c:532:5: error: use of undeclared identifier 'queenmated_0'")
('error:', "/home/yanlin/my-projects/decompilation/source_code/recompiled/IDA/speccpu/gcc/O1/sjeng-gcc-O1/CheckBadFlow/src/partner.c:637:30: error: expected ')'")
('error:', "/home/yanlin/my-projects/decompilation/source_code/recompiled/IDA/speccpu/gcc/O1/sjeng-gcc-O1/CheckBadFlow/src/partner.c:647:30: error: expected ')'")
('error:', "/home/yanlin/my-projects/decompilation/source_code/recompiled/IDA/speccpu/gcc/O1/sjeng-gcc-O1/CheckBadFlow/src/partner.c:706:21: error: use of undeclared identifier '__int64'")
('error:', "/home/yanlin/my-projects/decompilation/source_code/recompiled/IDA/speccpu/gcc/O1/sjeng-gcc-O1/CheckBadFlow/src/partner.c:706:29: error: expected ']'")
('error:', "/home/yanlin/my-projects/decompilation/source_code/recompiled/IDA/speccpu/gcc/O1/sjeng-gcc-O1/CheckBadFlow/src/partner.c:717:19: error: use of undeclared identifier '__int64'")
('error:', "/home/yanlin/my-projects/decompilation/source_code/recompiled/IDA/speccpu/gcc/O1/sjeng-gcc-O1/CheckBadFlow/src/partner.c:717:27: error: expected ']'")
('error:', "/home/yanlin/my-projects/decompilation/source_code/recompiled/IDA/speccpu/gcc/O1/sjeng-gcc-O1/CheckBadFlow/src/partner.c:825:9: error: use of undeclared identifier 'pawnmated_4'")
('error:', "/home/yanlin/my-projects/decompilation/source_code/recompiled/IDA/speccpu/gcc/O1/sjeng-gcc-O1/CheckBadFlow/src/partner.c:839:19: error: use of undeclared identifier 'pawnmated_4'")
('error:', "/home/yanlin/my-projects/decompilation/source_code/recompiled/IDA/speccpu/gcc/O1/sjeng-gcc-O1/CheckBadFlow/src/partner.c:847:9: error: use of undeclared identifier 'knightmated_3'; did you mean 'knightmates'?")
('error:', "/home/yanlin/my-projects/decompilation/source_code/recompiled/IDA/speccpu/gcc/O1/sjeng-gcc-O1/CheckBadFlow/src/partner.c:853:30: error: use of undeclared identifier 'knightmated_3'; did you mean 'knightmates'?")
('error:', "/home/yanlin/my-projects/decompilation/source_code/recompiled/IDA/speccpu/gcc/O1/sjeng-gcc-O1/CheckBadFlow/src/partner.c:861:9: error: use of undeclared identifier 'bishopmated_2'")
('error:', "/home/yanlin/my-projects/decompilation/source_code/recompiled/IDA/speccpu/gcc/O1/sjeng-gcc-O1/CheckBadFlow/src/partner.c:867:30: error: use of undeclared identifier 'bishopmated_2'")
('error:', "/home/yanlin/my-projects/decompilation/source_code/recompiled/IDA/speccpu/gcc/O1/sjeng-gcc-O1/CheckBadFlow/src/partner.c:875:9: error: use of undeclared identifier 'rookmated_1'")
('error:', "/home/yanlin/my-projects/decompilation/source_code/recompiled/IDA/speccpu/gcc/O1/sjeng-gcc-O1/CheckBadFlow/src/partner.c:881:28: error: use of undeclared identifier 'rookmated_1'")
('error:', 'fatal error: too many errors emitted, stopping now [-ferror-limit=]')
***************** Next Function ******************
('func_count:', 60)
("func_name '", 'reset_board', "'")
('err_func:', '/data/maliha/decompilation/data/error_without_patch/ida/speccpu/gcc/O1/sjeng-gcc-O1-compilation-errors/reset_board')
('err_funcfile:', '/data/maliha/decompilation/data/error_without_patch/ida/speccpu/gcc/O1/sjeng-gcc-O1-compilation-errors/reset_board')
('error:', "/home/yanlin/my-projects/decompilation/source_code/recompiled/IDA/speccpu/gcc/O1/sjeng-gcc-O1/reset_board/src/utils.c:1115:26: error: use of undeclared identifier 'unk_41DD00'")
('error:', '/home/yanlin/my-projects/decompilation/source_code/recompiled/IDA/speccpu/gcc/O1/sjeng-gcc-O1/reset_board/src/utils.c:1116:14: error: expected expression')
('error:', "/home/yanlin/my-projects/decompilation/source_code/recompiled/IDA/speccpu/gcc/O1/sjeng-gcc-O1/reset_board/src/utils.c:1116:6: error: use of undeclared identifier '_QWORD'")
('error:', '/home/yanlin/my-projects/decompilation/source_code/recompiled/IDA/speccpu/gcc/O1/sjeng-gcc-O1/reset_board/src/utils.c:1117:14: error: expected expression')
('error:', "/home/yanlin/my-projects/decompilation/source_code/recompiled/IDA/speccpu/gcc/O1/sjeng-gcc-O1/reset_board/src/utils.c:1117:6: error: use of undeclared identifier '_QWORD'")
('error:', '/home/yanlin/my-projects/decompilation/source_code/recompiled/IDA/speccpu/gcc/O1/sjeng-gcc-O1/reset_board/src/utils.c:1117:40: error: expected expression')
('error:', "/home/yanlin/my-projects/decompilation/source_code/recompiled/IDA/speccpu/gcc/O1/sjeng-gcc-O1/reset_board/src/utils.c:1117:32: error: use of undeclared identifier '_QWORD'")
('error:', '/home/yanlin/my-projects/decompilation/source_code/recompiled/IDA/speccpu/gcc/O1/sjeng-gcc-O1/reset_board/src/utils.c:1129:14: error: expected expression')
('error:', "/home/yanlin/my-projects/decompilation/source_code/recompiled/IDA/speccpu/gcc/O1/sjeng-gcc-O1/reset_board/src/utils.c:1129:6: error: use of undeclared identifier '_QWORD'")
('error:', '/home/yanlin/my-projects/decompilation/source_code/recompiled/IDA/speccpu/gcc/O1/sjeng-gcc-O1/reset_board/src/utils.c:1130:14: error: expected expression')
('error:', "/home/yanlin/my-projects/decompilation/source_code/recompiled/IDA/speccpu/gcc/O1/sjeng-gcc-O1/reset_board/src/utils.c:1130:6: error: use of undeclared identifier '_QWORD'")
('error:', "/home/yanlin/my-projects/decompilation/source_code/recompiled/IDA/speccpu/gcc/O1/sjeng-gcc-O1/reset_board/src/utils.c:1131:60: error: use of undeclared identifier '_DWORD'")
('error:', '/home/yanlin/my-projects/decompilation/source_code/recompiled/IDA/speccpu/gcc/O1/sjeng-gcc-O1/reset_board/src/utils.c:1132:14: error: expected expression')
('error:', "/home/yanlin/my-projects/decompilation/source_code/recompiled/IDA/speccpu/gcc/O1/sjeng-gcc-O1/reset_board/src/utils.c:1132:6: error: use of undeclared identifier '_QWORD'")
('error:', '/home/yanlin/my-projects/decompilation/source_code/recompiled/IDA/speccpu/gcc/O1/sjeng-gcc-O1/reset_board/src/utils.c:1133:14: error: expected expression')
('error:', "/home/yanlin/my-projects/decompilation/source_code/recompiled/IDA/speccpu/gcc/O1/sjeng-gcc-O1/reset_board/src/utils.c:1133:6: error: use of undeclared identifier '_QWORD'")
('error:', "/home/yanlin/my-projects/decompilation/source_code/recompiled/IDA/speccpu/gcc/O1/sjeng-gcc-O1/reset_board/src/utils.c:1134:59: error: use of undeclared identifier '_DWORD'")
***************** Next Function ******************
('func_count:', 61)
("func_name '", 'display_board', "'")
('err_func:', '/data/maliha/decompilation/data/error_without_patch/ida/speccpu/gcc/O1/sjeng-gcc-O1-compilation-errors/display_board')
('err_funcfile:', '/data/maliha/decompilation/data/error_without_patch/ida/speccpu/gcc/O1/sjeng-gcc-O1-compilation-errors/display_board')
('error:', "/home/yanlin/my-projects/decompilation/source_code/recompiled/IDA/speccpu/gcc/O1/sjeng-gcc-O1/display_board/src/utils.c:332:3: error: unknown type name '__int64'; did you mean '__int64_t'?")
('error:', "/home/yanlin/my-projects/decompilation/source_code/recompiled/IDA/speccpu/gcc/O1/sjeng-gcc-O1/display_board/src/utils.c:335:3: error: unknown type name '__int64'; did you mean '__int64_t'?")
('error:', '/home/yanlin/my-projects/decompilation/source_code/recompiled/IDA/speccpu/gcc/O1/sjeng-gcc-O1/display_board/src/utils.c:376:14: error: expected expression')
('error:', '/home/yanlin/my-projects/decompilation/source_code/recompiled/IDA/speccpu/gcc/O1/sjeng-gcc-O1/display_board/src/utils.c:397:14: error: expected expression')
***************** Next Function ******************
('func_count:', 62)
("func_name '", 'setup_epd_line', "'")
('err_func:', '/data/maliha/decompilation/data/error_without_patch/ida/speccpu/gcc/O1/sjeng-gcc-O1-compilation-errors/setup_epd_line')
('err_funcfile:', '/data/maliha/decompilation/data/error_without_patch/ida/speccpu/gcc/O1/sjeng-gcc-O1-compilation-errors/setup_epd_line')
('error:', "/home/yanlin/my-projects/decompilation/source_code/recompiled/IDA/speccpu/gcc/O1/sjeng-gcc-O1/setup_epd_line/src/epd.c:15:3: error: unknown type name '__int64'; did you mean '__int64_t'?")
('error:', "/home/yanlin/my-projects/decompilation/source_code/recompiled/IDA/speccpu/gcc/O1/sjeng-gcc-O1/setup_epd_line/src/epd.c:20:3: error: unknown type name '__int64'; did you mean '__int64_t'?")
('error:', "/home/yanlin/my-projects/decompilation/source_code/recompiled/IDA/speccpu/gcc/O1/sjeng-gcc-O1/setup_epd_line/src/epd.c:22:3: error: unknown type name '__int64'; did you mean '__int64_t'?")
('error:', "/home/yanlin/my-projects/decompilation/source_code/recompiled/IDA/speccpu/gcc/O1/sjeng-gcc-O1/setup_epd_line/src/epd.c:24:3: error: unknown type name '__int64'; did you mean '__int64_t'?")
('error:', "/home/yanlin/my-projects/decompilation/source_code/recompiled/IDA/speccpu/gcc/O1/sjeng-gcc-O1/setup_epd_line/src/epd.c:25:3: error: unknown type name '__int64'; did you mean '__int64_t'?")
('error:', "/home/yanlin/my-projects/decompilation/source_code/recompiled/IDA/speccpu/gcc/O1/sjeng-gcc-O1/setup_epd_line/src/epd.c:28:3: error: unknown type name '__int64'; did you mean '__int64_t'?")
('error:', "/home/yanlin/my-projects/decompilation/source_code/recompiled/IDA/speccpu/gcc/O1/sjeng-gcc-O1/setup_epd_line/src/epd.c:29:19: error: expected ';' at end of declaration")
('error:', '/home/yanlin/my-projects/decompilation/source_code/recompiled/IDA/speccpu/gcc/O1/sjeng-gcc-O1/setup_epd_line/src/epd.c:34:14: error: expected expression')
('error:', "/home/yanlin/my-projects/decompilation/source_code/recompiled/IDA/speccpu/gcc/O1/sjeng-gcc-O1/setup_epd_line/src/epd.c:34:6: error: use of undeclared identifier '_QWORD'")
('error:', '/home/yanlin/my-projects/decompilation/source_code/recompiled/IDA/speccpu/gcc/O1/sjeng-gcc-O1/setup_epd_line/src/epd.c:35:14: error: expected expression')
('error:', "/home/yanlin/my-projects/decompilation/source_code/recompiled/IDA/speccpu/gcc/O1/sjeng-gcc-O1/setup_epd_line/src/epd.c:35:6: error: use of undeclared identifier '_QWORD'")
('error:', "/home/yanlin/my-projects/decompilation/source_code/recompiled/IDA/speccpu/gcc/O1/sjeng-gcc-O1/setup_epd_line/src/epd.c:36:54: error: use of undeclared identifier '_DWORD'")
('error:', "/home/yanlin/my-projects/decompilation/source_code/recompiled/IDA/speccpu/gcc/O1/sjeng-gcc-O1/setup_epd_line/src/epd.c:158:9: error: use of undeclared identifier 'v15'")
('error:', "/home/yanlin/my-projects/decompilation/source_code/recompiled/IDA/speccpu/gcc/O1/sjeng-gcc-O1/setup_epd_line/src/epd.c:159:17: error: use of undeclared identifier 'v15'")
('error:', "/home/yanlin/my-projects/decompilation/source_code/recompiled/IDA/speccpu/gcc/O1/sjeng-gcc-O1/setup_epd_line/src/epd.c:167:24: error: use of undeclared identifier 'rankoffsets_0'")
('error:', "/home/yanlin/my-projects/decompilation/source_code/recompiled/IDA/speccpu/gcc/O1/sjeng-gcc-O1/setup_epd_line/src/epd.c:170:22: error: use of undeclared identifier 'v15'")
***************** Next Function ******************
('func_count:', 63)
("func_name '", 'initialize_eval', "'")
('err_func:', '/data/maliha/decompilation/data/error_without_patch/ida/speccpu/gcc/O1/sjeng-gcc-O1-compilation-errors/initialize_eval')
('err_funcfile:', '/data/maliha/decompilation/data/error_without_patch/ida/speccpu/gcc/O1/sjeng-gcc-O1-compilation-errors/initialize_eval')
('error:', "/home/yanlin/my-projects/decompilation/source_code/recompiled/IDA/speccpu/gcc/O1/sjeng-gcc-O1/initialize_eval/src/eval.c:329:3: error: unknown type name '__int64'; did you mean '__int64_t'?")
('error:', "/home/yanlin/my-projects/decompilation/source_code/recompiled/IDA/speccpu/gcc/O1/sjeng-gcc-O1/initialize_eval/src/eval.c:330:3: error: unknown type name '__int64'; did you mean '__int64_t'?")
('error:', "/home/yanlin/my-projects/decompilation/source_code/recompiled/IDA/speccpu/gcc/O1/sjeng-gcc-O1/initialize_eval/src/eval.c:331:3: error: unknown type name '__int64'; did you mean '__int64_t'?")
('error:', "/home/yanlin/my-projects/decompilation/source_code/recompiled/IDA/speccpu/gcc/O1/sjeng-gcc-O1/initialize_eval/src/eval.c:334:3: error: unknown type name '__int64'; did you mean '__int64_t'?")
('error:', "/home/yanlin/my-projects/decompilation/source_code/recompiled/IDA/speccpu/gcc/O1/sjeng-gcc-O1/initialize_eval/src/eval.c:335:3: error: unknown type name '__int64'; did you mean '__int64_t'?")
('error:', "/home/yanlin/my-projects/decompilation/source_code/recompiled/IDA/speccpu/gcc/O1/sjeng-gcc-O1/initialize_eval/src/eval.c:336:3: error: unknown type name '__int64'; did you mean '__int64_t'?")
('error:', "/home/yanlin/my-projects/decompilation/source_code/recompiled/IDA/speccpu/gcc/O1/sjeng-gcc-O1/initialize_eval/src/eval.c:337:3: error: unknown type name '__int64'; did you mean '__int64_t'?")
('error:', "/home/yanlin/my-projects/decompilation/source_code/recompiled/IDA/speccpu/gcc/O1/sjeng-gcc-O1/initialize_eval/src/eval.c:340:3: error: unknown type name '__int64'; did you mean '__int64_t'?")
***************** Next Function ******************
('func_count:', 64)
("func_name '", 'check_phase', "'")
('err_func:', '/data/maliha/decompilation/data/error_without_patch/ida/speccpu/gcc/O1/sjeng-gcc-O1-compilation-errors/check_phase')
('err_funcfile:', '/data/maliha/decompilation/data/error_without_patch/ida/speccpu/gcc/O1/sjeng-gcc-O1-compilation-errors/check_phase')
***************** Next Function ******************
('func_count:', 65)
("func_name '", 'std_pn_eval', "'")
('err_func:', '/data/maliha/decompilation/data/error_without_patch/ida/speccpu/gcc/O1/sjeng-gcc-O1-compilation-errors/std_pn_eval')
('err_funcfile:', '/data/maliha/decompilation/data/error_without_patch/ida/speccpu/gcc/O1/sjeng-gcc-O1-compilation-errors/std_pn_eval')
***************** Next Function ******************
('func_count:', 66)
("func_name '", 'perft', "'")
('err_func:', '/data/maliha/decompilation/data/error_without_patch/ida/speccpu/gcc/O1/sjeng-gcc-O1-compilation-errors/perft')
('err_funcfile:', '/data/maliha/decompilation/data/error_without_patch/ida/speccpu/gcc/O1/sjeng-gcc-O1-compilation-errors/perft')
***************** Next Function ******************
('func_count:', 67)
("func_name '", 'alloc_hash', "'")
('err_func:', '/data/maliha/decompilation/data/error_without_patch/ida/speccpu/gcc/O1/sjeng-gcc-O1-compilation-errors/alloc_hash')
('err_funcfile:', '/data/maliha/decompilation/data/error_without_patch/ida/speccpu/gcc/O1/sjeng-gcc-O1-compilation-errors/alloc_hash')
***************** Next Function ******************
('func_count:', 68)
("func_name '", 'post_fh_thinking', "'")
('err_func:', '/data/maliha/decompilation/data/error_without_patch/ida/speccpu/gcc/O1/sjeng-gcc-O1-compilation-errors/post_fh_thinking')
('err_funcfile:', '/data/maliha/decompilation/data/error_without_patch/ida/speccpu/gcc/O1/sjeng-gcc-O1-compilation-errors/post_fh_thinking')
('error:', '/home/yanlin/my-projects/decompilation/source_code/recompiled/IDA/speccpu/gcc/O1/sjeng-gcc-O1/post_fh_thinking/src/utils.c:664:15: error: expected expression')
('error:', "/home/yanlin/my-projects/decompilation/source_code/recompiled/IDA/speccpu/gcc/O1/sjeng-gcc-O1/post_fh_thinking/src/utils.c:664:6: error: use of undeclared identifier '__m128i'")
('error:', "/home/yanlin/my-projects/decompilation/source_code/recompiled/IDA/speccpu/gcc/O1/sjeng-gcc-O1/post_fh_thinking/src/utils.c:664:54: error: unknown type name '__m128i'")
('error:', '/home/yanlin/my-projects/decompilation/source_code/recompiled/IDA/speccpu/gcc/O1/sjeng-gcc-O1/post_fh_thinking/src/utils.c:665:14: error: expected expression')
('error:', "/home/yanlin/my-projects/decompilation/source_code/recompiled/IDA/speccpu/gcc/O1/sjeng-gcc-O1/post_fh_thinking/src/utils.c:665:6: error: use of undeclared identifier '_QWORD'")
('error:', '/home/yanlin/my-projects/decompilation/source_code/recompiled/IDA/speccpu/gcc/O1/sjeng-gcc-O1/post_fh_thinking/src/utils.c:665:42: error: expected expression')
('error:', "/home/yanlin/my-projects/decompilation/source_code/recompiled/IDA/speccpu/gcc/O1/sjeng-gcc-O1/post_fh_thinking/src/utils.c:665:34: error: use of undeclared identifier '_QWORD'")
('error:', "/home/yanlin/my-projects/decompilation/source_code/recompiled/IDA/speccpu/gcc/O1/sjeng-gcc-O1/post_fh_thinking/src/utils.c:666:16: error: passing 'char [256]' to parameter of incompatible type 'move_s'")
***************** Next Function ******************
('func_count:', 69)
("func_name '", 'push_slidE', "'")
('err_func:', '/data/maliha/decompilation/data/error_without_patch/ida/speccpu/gcc/O1/sjeng-gcc-O1-compilation-errors/push_slidE')
('err_funcfile:', '/data/maliha/decompilation/data/error_without_patch/ida/speccpu/gcc/O1/sjeng-gcc-O1-compilation-errors/push_slidE')
('error:', "/home/yanlin/my-projects/decompilation/source_code/recompiled/IDA/speccpu/gcc/O1/sjeng-gcc-O1/push_slidE/src/moves.c:1868:3: error: unknown type name '__int64'; did you mean '__int64_t'?")
('error:', "/home/yanlin/my-projects/decompilation/source_code/recompiled/IDA/speccpu/gcc/O1/sjeng-gcc-O1/push_slidE/src/moves.c:1869:3: error: unknown type name '__int64'; did you mean '__int64_t'?")
('error:', "/home/yanlin/my-projects/decompilation/source_code/recompiled/IDA/speccpu/gcc/O1/sjeng-gcc-O1/push_slidE/src/moves.c:1870:3: error: unknown type name '__int64'; did you mean '__int64_t'?")
***************** Next Function ******************
('func_count:', 70)
("func_name '", 'reset_piece_square', "'")
('err_func:', '/data/maliha/decompilation/data/error_without_patch/ida/speccpu/gcc/O1/sjeng-gcc-O1-compilation-errors/reset_piece_square')
('err_funcfile:', '/data/maliha/decompilation/data/error_without_patch/ida/speccpu/gcc/O1/sjeng-gcc-O1-compilation-errors/reset_piece_square')
('error:', "/home/yanlin/my-projects/decompilation/source_code/recompiled/IDA/speccpu/gcc/O1/sjeng-gcc-O1/reset_piece_square/src/utils.c:812:3: error: unknown type name '__int64'; did you mean '__int64_t'?")
('error:', "/home/yanlin/my-projects/decompilation/source_code/recompiled/IDA/speccpu/gcc/O1/sjeng-gcc-O1/reset_piece_square/src/utils.c:813:3: error: unknown type name '__int64'; did you mean '__int64_t'?")
('error:', "/home/yanlin/my-projects/decompilation/source_code/recompiled/IDA/speccpu/gcc/O1/sjeng-gcc-O1/reset_piece_square/src/utils.c:814:3: error: unknown type name '__int64'; did you mean '__int64_t'?")
('error:', "/home/yanlin/my-projects/decompilation/source_code/recompiled/IDA/speccpu/gcc/O1/sjeng-gcc-O1/reset_piece_square/src/utils.c:815:7: error: expected ';' after expression")
('error:', "/home/yanlin/my-projects/decompilation/source_code/recompiled/IDA/speccpu/gcc/O1/sjeng-gcc-O1/reset_piece_square/src/utils.c:815:3: error: use of undeclared identifier 'bool'; did you mean 'book'?")
('error:', "/home/yanlin/my-projects/decompilation/source_code/recompiled/IDA/speccpu/gcc/O1/sjeng-gcc-O1/reset_piece_square/src/utils.c:815:8: error: use of undeclared identifier 'v3'")
('error:', "/home/yanlin/my-projects/decompilation/source_code/recompiled/IDA/speccpu/gcc/O1/sjeng-gcc-O1/reset_piece_square/src/utils.c:817:7: error: expected ';' after expression")
('error:', "/home/yanlin/my-projects/decompilation/source_code/recompiled/IDA/speccpu/gcc/O1/sjeng-gcc-O1/reset_piece_square/src/utils.c:817:3: error: use of undeclared identifier 'bool'; did you mean 'book'?")
('error:', "/home/yanlin/my-projects/decompilation/source_code/recompiled/IDA/speccpu/gcc/O1/sjeng-gcc-O1/reset_piece_square/src/utils.c:817:8: error: use of undeclared identifier 'v5'")
('error:', '/home/yanlin/my-projects/decompilation/source_code/recompiled/IDA/speccpu/gcc/O1/sjeng-gcc-O1/reset_piece_square/src/utils.c:837:14: error: expected expression')
('error:', "/home/yanlin/my-projects/decompilation/source_code/recompiled/IDA/speccpu/gcc/O1/sjeng-gcc-O1/reset_piece_square/src/utils.c:837:6: error: use of undeclared identifier '_QWORD'")
('error:', '/home/yanlin/my-projects/decompilation/source_code/recompiled/IDA/speccpu/gcc/O1/sjeng-gcc-O1/reset_piece_square/src/utils.c:838:14: error: expected expression')
('error:', "/home/yanlin/my-projects/decompilation/source_code/recompiled/IDA/speccpu/gcc/O1/sjeng-gcc-O1/reset_piece_square/src/utils.c:838:6: error: use of undeclared identifier '_QWORD'")
('error:', "/home/yanlin/my-projects/decompilation/source_code/recompiled/IDA/speccpu/gcc/O1/sjeng-gcc-O1/reset_piece_square/src/utils.c:839:55: error: use of undeclared identifier '_DWORD'")
('error:', '/home/yanlin/my-projects/decompilation/source_code/recompiled/IDA/speccpu/gcc/O1/sjeng-gcc-O1/reset_piece_square/src/utils.c:840:14: error: expected expression')
('error:', "/home/yanlin/my-projects/decompilation/source_code/recompiled/IDA/speccpu/gcc/O1/sjeng-gcc-O1/reset_piece_square/src/utils.c:840:6: error: use of undeclared identifier '_QWORD'")
('error:', '/home/yanlin/my-projects/decompilation/source_code/recompiled/IDA/speccpu/gcc/O1/sjeng-gcc-O1/reset_piece_square/src/utils.c:841:14: error: expected expression')
('error:', "/home/yanlin/my-projects/decompilation/source_code/recompiled/IDA/speccpu/gcc/O1/sjeng-gcc-O1/reset_piece_square/src/utils.c:841:6: error: use of undeclared identifier '_QWORD'")
('error:', "/home/yanlin/my-projects/decompilation/source_code/recompiled/IDA/speccpu/gcc/O1/sjeng-gcc-O1/reset_piece_square/src/utils.c:842:60: error: use of undeclared identifier '_DWORD'")
('error:', 'fatal error: too many errors emitted, stopping now [-ferror-limit=]')
***************** Next Function ******************
('func_count:', 71)
("func_name '", 'HandlePartner', "'")
('err_func:', '/data/maliha/decompilation/data/error_without_patch/ida/speccpu/gcc/O1/sjeng-gcc-O1-compilation-errors/HandlePartner')
('err_funcfile:', '/data/maliha/decompilation/data/error_without_patch/ida/speccpu/gcc/O1/sjeng-gcc-O1-compilation-errors/HandlePartner')
('error:', '/home/yanlin/my-projects/decompilation/source_code/recompiled/IDA/speccpu/gcc/O1/sjeng-gcc-O1/HandlePartner/src/partner.c:58:16: error: expected expression')
('error:', "/home/yanlin/my-projects/decompilation/source_code/recompiled/IDA/speccpu/gcc/O1/sjeng-gcc-O1/HandlePartner/src/partner.c:58:8: error: use of undeclared identifier '_QWORD'")
('error:', '/home/yanlin/my-projects/decompilation/source_code/recompiled/IDA/speccpu/gcc/O1/sjeng-gcc-O1/HandlePartner/src/partner.c:59:16: error: expected expression')
('error:', "/home/yanlin/my-projects/decompilation/source_code/recompiled/IDA/speccpu/gcc/O1/sjeng-gcc-O1/HandlePartner/src/partner.c:59:8: error: use of undeclared identifier '_QWORD'")
('error:', "/home/yanlin/my-projects/decompilation/source_code/recompiled/IDA/speccpu/gcc/O1/sjeng-gcc-O1/HandlePartner/src/partner.c:60:61: error: use of undeclared identifier '_DWORD'")
***************** Next Function ******************
('func_count:', 72)
("func_name '", 'run_autotest', "'")
('err_func:', '/data/maliha/decompilation/data/error_without_patch/ida/speccpu/gcc/O1/sjeng-gcc-O1-compilation-errors/run_autotest')
('err_funcfile:', '/data/maliha/decompilation/data/error_without_patch/ida/speccpu/gcc/O1/sjeng-gcc-O1-compilation-errors/run_autotest')
('error:', "/home/yanlin/my-projects/decompilation/source_code/recompiled/IDA/speccpu/gcc/O1/sjeng-gcc-O1/run_autotest/src/epd.c:297:17: error: variable has incomplete type 'void'")
('error:', "/home/yanlin/my-projects/decompilation/source_code/recompiled/IDA/speccpu/gcc/O1/sjeng-gcc-O1/run_autotest/src/epd.c:297:27: error: expected ';' after top level declarator")
***************** Next Function ******************
('func_count:', 73)
("func_name '", 's_bishop_mobility', "'")
('err_func:', '/data/maliha/decompilation/data/error_without_patch/ida/speccpu/gcc/O1/sjeng-gcc-O1-compilation-errors/s_bishop_mobility')
('err_funcfile:', '/data/maliha/decompilation/data/error_without_patch/ida/speccpu/gcc/O1/sjeng-gcc-O1-compilation-errors/s_bishop_mobility')
***************** Next Function ******************
('func_count:', 74)
("func_name '", 'SwitchColor', "'")
('err_func:', '/data/maliha/decompilation/data/error_without_patch/ida/speccpu/gcc/O1/sjeng-gcc-O1-compilation-errors/SwitchColor')
('err_funcfile:', '/data/maliha/decompilation/data/error_without_patch/ida/speccpu/gcc/O1/sjeng-gcc-O1-compilation-errors/SwitchColor')
***************** Next Function ******************
('func_count:', 75)
("func_name '", 'in_check', "'")
('err_func:', '/data/maliha/decompilation/data/error_without_patch/ida/speccpu/gcc/O1/sjeng-gcc-O1-compilation-errors/in_check')
('err_funcfile:', '/data/maliha/decompilation/data/error_without_patch/ida/speccpu/gcc/O1/sjeng-gcc-O1-compilation-errors/in_check')
***************** Next Function ******************
('func_count:', 76)
("func_name '", 'QStoreTT', "'")
('err_func:', '/data/maliha/decompilation/data/error_without_patch/ida/speccpu/gcc/O1/sjeng-gcc-O1-compilation-errors/QStoreTT')
('err_funcfile:', '/data/maliha/decompilation/data/error_without_patch/ida/speccpu/gcc/O1/sjeng-gcc-O1-compilation-errors/QStoreTT')
('error:', "/home/yanlin/my-projects/decompilation/source_code/recompiled/IDA/speccpu/gcc/O1/sjeng-gcc-O1/QStoreTT/src/ttable.c:101:3: error: unknown type name '__int64'; did you mean '__int64_t'?")
***************** Next Function ******************
('func_count:', 77)
("func_name '", 'SwitchPromoted', "'")
('err_func:', '/data/maliha/decompilation/data/error_without_patch/ida/speccpu/gcc/O1/sjeng-gcc-O1-compilation-errors/SwitchPromoted')
('err_funcfile:', '/data/maliha/decompilation/data/error_without_patch/ida/speccpu/gcc/O1/sjeng-gcc-O1-compilation-errors/SwitchPromoted')
***************** Next Function ******************
('func_count:', 78)
("func_name '", 'push_pawn_simple', "'")
('err_func:', '/data/maliha/decompilation/data/error_without_patch/ida/speccpu/gcc/O1/sjeng-gcc-O1-compilation-errors/push_pawn_simple')
('err_funcfile:', '/data/maliha/decompilation/data/error_without_patch/ida/speccpu/gcc/O1/sjeng-gcc-O1-compilation-errors/push_pawn_simple')
***************** Next Function ******************
('func_count:', 79)
("func_name '", 'gen', "'")
('err_func:', '/data/maliha/decompilation/data/error_without_patch/ida/speccpu/gcc/O1/sjeng-gcc-O1-compilation-errors/gen')
('err_funcfile:', '/data/maliha/decompilation/data/error_without_patch/ida/speccpu/gcc/O1/sjeng-gcc-O1-compilation-errors/gen')
***************** Next Function ******************
('func_count:', 80)
("func_name '", 'suicide_pn_eval', "'")
('err_func:', '/data/maliha/decompilation/data/error_without_patch/ida/speccpu/gcc/O1/sjeng-gcc-O1-compilation-errors/suicide_pn_eval')
('err_funcfile:', '/data/maliha/decompilation/data/error_without_patch/ida/speccpu/gcc/O1/sjeng-gcc-O1-compilation-errors/suicide_pn_eval')
***************** Next Function ******************
('func_count:', 81)
("func_name '", 'set_proof_and_disproof_numbers', "'")
('err_func:', '/data/maliha/decompilation/data/error_without_patch/ida/speccpu/gcc/O1/sjeng-gcc-O1-compilation-errors/set_proof_and_disproof_numbers')
('err_funcfile:', '/data/maliha/decompilation/data/error_without_patch/ida/speccpu/gcc/O1/sjeng-gcc-O1-compilation-errors/set_proof_and_disproof_numbers')
('error:', "/home/yanlin/my-projects/decompilation/source_code/recompiled/IDA/speccpu/gcc/O1/sjeng-gcc-O1/set_proof_and_disproof_numbers/src/proof.c:445:18: error: expected ';' at end of declaration")
('error:', "/home/yanlin/my-projects/decompilation/source_code/recompiled/IDA/speccpu/gcc/O1/sjeng-gcc-O1/set_proof_and_disproof_numbers/src/proof.c:446:10: error: use of undeclared identifier 'children'")
('error:', "/home/yanlin/my-projects/decompilation/source_code/recompiled/IDA/speccpu/gcc/O1/sjeng-gcc-O1/set_proof_and_disproof_numbers/src/proof.c:447:10: error: expected ';' after expression")
('error:', "/home/yanlin/my-projects/decompilation/source_code/recompiled/IDA/speccpu/gcc/O1/sjeng-gcc-O1/set_proof_and_disproof_numbers/src/proof.c:447:3: error: use of undeclared identifier '__int64'; did you mean '__int8'?")
('error:', "/home/yanlin/my-projects/decompilation/source_code/recompiled/IDA/speccpu/gcc/O1/sjeng-gcc-O1/set_proof_and_disproof_numbers/src/proof.c:447:11: error: use of undeclared identifier 'v4'")
('error:', "/home/yanlin/my-projects/decompilation/source_code/recompiled/IDA/speccpu/gcc/O1/sjeng-gcc-O1/set_proof_and_disproof_numbers/src/proof.c:451:12: error: redefinition of '__int8'")
('error:', "/home/yanlin/my-projects/decompilation/source_code/recompiled/IDA/speccpu/gcc/O1/sjeng-gcc-O1/set_proof_and_disproof_numbers/src/proof.c:451:18: error: expected ';' at end of declaration")
('error:', "/home/yanlin/my-projects/decompilation/source_code/recompiled/IDA/speccpu/gcc/O1/sjeng-gcc-O1/set_proof_and_disproof_numbers/src/proof.c:452:10: error: use of undeclared identifier 'v9'")
('error:', "/home/yanlin/my-projects/decompilation/source_code/recompiled/IDA/speccpu/gcc/O1/sjeng-gcc-O1/set_proof_and_disproof_numbers/src/proof.c:453:10: error: expected ';' after expression")
('error:', "/home/yanlin/my-projects/decompilation/source_code/recompiled/IDA/speccpu/gcc/O1/sjeng-gcc-O1/set_proof_and_disproof_numbers/src/proof.c:453:3: error: use of undeclared identifier '__int64'; did you mean '__int8'?")
('error:', "/home/yanlin/my-projects/decompilation/source_code/recompiled/IDA/speccpu/gcc/O1/sjeng-gcc-O1/set_proof_and_disproof_numbers/src/proof.c:453:11: error: use of undeclared identifier 'v10'")
('error:', "/home/yanlin/my-projects/decompilation/source_code/recompiled/IDA/speccpu/gcc/O1/sjeng-gcc-O1/set_proof_and_disproof_numbers/src/proof.c:455:12: error: redefinition of '__int8'")
('error:', "/home/yanlin/my-projects/decompilation/source_code/recompiled/IDA/speccpu/gcc/O1/sjeng-gcc-O1/set_proof_and_disproof_numbers/src/proof.c:455:18: error: expected ';' at end of declaration")
('error:', "/home/yanlin/my-projects/decompilation/source_code/recompiled/IDA/speccpu/gcc/O1/sjeng-gcc-O1/set_proof_and_disproof_numbers/src/proof.c:479:7: error: use of undeclared identifier 'num_children'")
('error:', "/home/yanlin/my-projects/decompilation/source_code/recompiled/IDA/speccpu/gcc/O1/sjeng-gcc-O1/set_proof_and_disproof_numbers/src/proof.c:480:13: error: use of undeclared identifier 'num_children'")
('error:', "/home/yanlin/my-projects/decompilation/source_code/recompiled/IDA/speccpu/gcc/O1/sjeng-gcc-O1/set_proof_and_disproof_numbers/src/proof.c:482:9: error: use of undeclared identifier 'children'")
('error:', "/home/yanlin/my-projects/decompilation/source_code/recompiled/IDA/speccpu/gcc/O1/sjeng-gcc-O1/set_proof_and_disproof_numbers/src/proof.c:483:9: error: use of undeclared identifier 'v4'")
('error:', "/home/yanlin/my-projects/decompilation/source_code/recompiled/IDA/speccpu/gcc/O1/sjeng-gcc-O1/set_proof_and_disproof_numbers/src/proof.c:483:16: error: use of undeclared identifier '__int64'; did you mean '__int8'?")
('error:', "/home/yanlin/my-projects/decompilation/source_code/recompiled/IDA/speccpu/gcc/O1/sjeng-gcc-O1/set_proof_and_disproof_numbers/src/proof.c:483:25: error: use of undeclared identifier 'children'")
('error:', 'fatal error: too many errors emitted, stopping now [-ferror-limit=]')
***************** Next Function ******************
('func_count:', 82)
("func_name '", 'initialize_hash', "'")
('err_func:', '/data/maliha/decompilation/data/error_without_patch/ida/speccpu/gcc/O1/sjeng-gcc-O1-compilation-errors/initialize_hash')
('err_funcfile:', '/data/maliha/decompilation/data/error_without_patch/ida/speccpu/gcc/O1/sjeng-gcc-O1-compilation-errors/initialize_hash')
('error:', "/home/yanlin/my-projects/decompilation/source_code/recompiled/IDA/speccpu/gcc/O1/sjeng-gcc-O1/initialize_hash/src/ttable.c:83:3: error: unknown type name '__int64'; did you mean '__int64_t'?")
('error:', "/home/yanlin/my-projects/decompilation/source_code/recompiled/IDA/speccpu/gcc/O1/sjeng-gcc-O1/initialize_hash/src/ttable.c:84:7: error: expected ';' after expression")
('error:', "/home/yanlin/my-projects/decompilation/source_code/recompiled/IDA/speccpu/gcc/O1/sjeng-gcc-O1/initialize_hash/src/ttable.c:84:3: error: use of undeclared identifier 'bool'; did you mean 'book'?")
('error:', "/home/yanlin/my-projects/decompilation/source_code/recompiled/IDA/speccpu/gcc/O1/sjeng-gcc-O1/initialize_hash/src/ttable.c:84:8: error: use of undeclared identifier 'v1'")
('error:', "/home/yanlin/my-projects/decompilation/source_code/recompiled/IDA/speccpu/gcc/O1/sjeng-gcc-O1/initialize_hash/src/ttable.c:90:3: error: use of undeclared identifier 'v1'")
('error:', "/home/yanlin/my-projects/decompilation/source_code/recompiled/IDA/speccpu/gcc/O1/sjeng-gcc-O1/initialize_hash/src/ttable.c:98:7: error: use of undeclared identifier 'v1'")
('error:', "/home/yanlin/my-projects/decompilation/source_code/recompiled/IDA/speccpu/gcc/O1/sjeng-gcc-O1/initialize_hash/src/ttable.c:103:9: error: use of undeclared identifier 'v1'")
***************** Next Function ******************
('func_count:', 83)
("func_name '", 'order_moves', "'")
('err_func:', '/data/maliha/decompilation/data/error_without_patch/ida/speccpu/gcc/O1/sjeng-gcc-O1-compilation-errors/order_moves')
('err_funcfile:', '/data/maliha/decompilation/data/error_without_patch/ida/speccpu/gcc/O1/sjeng-gcc-O1-compilation-errors/order_moves')
('error:', "/home/yanlin/my-projects/decompilation/source_code/recompiled/IDA/speccpu/gcc/O1/sjeng-gcc-O1/order_moves/src/search.c:57:3: error: unknown type name '__int64'; did you mean '__int64_t'?")
('error:', "/home/yanlin/my-projects/decompilation/source_code/recompiled/IDA/speccpu/gcc/O1/sjeng-gcc-O1/order_moves/src/search.c:88:3: error: unknown type name '__int64'; did you mean '__int64_t'?")
('error:', "/home/yanlin/my-projects/decompilation/source_code/recompiled/IDA/speccpu/gcc/O1/sjeng-gcc-O1/order_moves/src/search.c:145:39: error: use of undeclared identifier '_DWORD'")
***************** Next Function ******************
('func_count:', 84)
("func_name '", 'QProbeTT', "'")
('err_func:', '/data/maliha/decompilation/data/error_without_patch/ida/speccpu/gcc/O1/sjeng-gcc-O1-compilation-errors/QProbeTT')
('err_funcfile:', '/data/maliha/decompilation/data/error_without_patch/ida/speccpu/gcc/O1/sjeng-gcc-O1-compilation-errors/QProbeTT')
('error:', "/home/yanlin/my-projects/decompilation/source_code/recompiled/IDA/speccpu/gcc/O1/sjeng-gcc-O1/QProbeTT/src/ttable.c:318:3: error: unknown type name '__int64'; did you mean '__int64_t'?")
***************** Next Function ******************
('func_count:', 85)
("func_name '", 'add_move', "'")
('err_func:', '/data/maliha/decompilation/data/error_without_patch/ida/speccpu/gcc/O1/sjeng-gcc-O1-compilation-errors/add_move')
('err_funcfile:', '/data/maliha/decompilation/data/error_without_patch/ida/speccpu/gcc/O1/sjeng-gcc-O1-compilation-errors/add_move')
***************** Next Function ******************
('func_count:', 86)
("func_name '", 'post_thinking', "'")
('err_func:', '/data/maliha/decompilation/data/error_without_patch/ida/speccpu/gcc/O1/sjeng-gcc-O1-compilation-errors/post_thinking')
('err_funcfile:', '/data/maliha/decompilation/data/error_without_patch/ida/speccpu/gcc/O1/sjeng-gcc-O1-compilation-errors/post_thinking')
('error:', "/home/yanlin/my-projects/decompilation/source_code/recompiled/IDA/speccpu/gcc/O1/sjeng-gcc-O1/post_thinking/src/utils.c:559:19: error: expected ';' at end of declaration")
('error:', '/home/yanlin/my-projects/decompilation/source_code/recompiled/IDA/speccpu/gcc/O1/sjeng-gcc-O1/post_thinking/src/utils.c:601:19: error: expected expression')
('error:', "/home/yanlin/my-projects/decompilation/source_code/recompiled/IDA/speccpu/gcc/O1/sjeng-gcc-O1/post_thinking/src/utils.c:601:10: error: use of undeclared identifier '__m128i'")
('error:', "/home/yanlin/my-projects/decompilation/source_code/recompiled/IDA/speccpu/gcc/O1/sjeng-gcc-O1/post_thinking/src/utils.c:601:58: error: unknown type name '__m128i'")
('error:', '/home/yanlin/my-projects/decompilation/source_code/recompiled/IDA/speccpu/gcc/O1/sjeng-gcc-O1/post_thinking/src/utils.c:602:18: error: expected expression')
('error:', "/home/yanlin/my-projects/decompilation/source_code/recompiled/IDA/speccpu/gcc/O1/sjeng-gcc-O1/post_thinking/src/utils.c:602:10: error: use of undeclared identifier '_QWORD'")
('error:', '/home/yanlin/my-projects/decompilation/source_code/recompiled/IDA/speccpu/gcc/O1/sjeng-gcc-O1/post_thinking/src/utils.c:602:46: error: expected expression')
('error:', "/home/yanlin/my-projects/decompilation/source_code/recompiled/IDA/speccpu/gcc/O1/sjeng-gcc-O1/post_thinking/src/utils.c:602:38: error: use of undeclared identifier '_QWORD'")
('error:', "/home/yanlin/my-projects/decompilation/source_code/recompiled/IDA/speccpu/gcc/O1/sjeng-gcc-O1/post_thinking/src/utils.c:603:20: error: passing 'char [256]' to parameter of incompatible type 'move_s'")
('error:', "/home/yanlin/my-projects/decompilation/source_code/recompiled/IDA/speccpu/gcc/O1/sjeng-gcc-O1/post_thinking/src/utils.c:617:5: error: use of undeclared identifier 'v6'")
('error:', "/home/yanlin/my-projects/decompilation/source_code/recompiled/IDA/speccpu/gcc/O1/sjeng-gcc-O1/post_thinking/src/utils.c:617:43: error: expected ')'")
('error:', "/home/yanlin/my-projects/decompilation/source_code/recompiled/IDA/speccpu/gcc/O1/sjeng-gcc-O1/post_thinking/src/utils.c:620:31: error: use of undeclared identifier 'v6'")
***************** Next Function ******************
('func_count:', 87)
("func_name '", 'DropremoveHolding', "'")
('err_func:', '/data/maliha/decompilation/data/error_without_patch/ida/speccpu/gcc/O1/sjeng-gcc-O1-compilation-errors/DropremoveHolding')
('err_funcfile:', '/data/maliha/decompilation/data/error_without_patch/ida/speccpu/gcc/O1/sjeng-gcc-O1-compilation-errors/DropremoveHolding')
***************** Next Function ******************
('func_count:', 88)
("func_name '", 'comp_to_coord', "'")
('err_func:', '/data/maliha/decompilation/data/error_without_patch/ida/speccpu/gcc/O1/sjeng-gcc-O1-compilation-errors/comp_to_coord')
('err_funcfile:', '/data/maliha/decompilation/data/error_without_patch/ida/speccpu/gcc/O1/sjeng-gcc-O1-compilation-errors/comp_to_coord')
('error:', "/home/yanlin/my-projects/decompilation/source_code/recompiled/IDA/speccpu/gcc/O1/sjeng-gcc-O1/comp_to_coord/src/utils.c:275:17: error: conflicting types for 'comp_to_coord'")
('error:', "/home/yanlin/my-projects/decompilation/source_code/recompiled/IDA/speccpu/gcc/O1/sjeng-gcc-O1/comp_to_coord/src/utils.c:277:3: error: unknown type name '__int64'; did you mean '__int64_t'?")
***************** Next Function ******************
('func_count:', 89)
("func_name '", 'initialize_zobrist', "'")
('err_func:', '/data/maliha/decompilation/data/error_without_patch/ida/speccpu/gcc/O1/sjeng-gcc-O1-compilation-errors/initialize_zobrist')
('err_funcfile:', '/data/maliha/decompilation/data/error_without_patch/ida/speccpu/gcc/O1/sjeng-gcc-O1-compilation-errors/initialize_zobrist')
('error:', "/home/yanlin/my-projects/decompilation/source_code/recompiled/IDA/speccpu/gcc/O1/sjeng-gcc-O1/initialize_zobrist/src/ttable.c:64:3: error: unknown type name '__int64'; did you mean '__int64_t'?")
***************** Next Function ******************
('func_count:', 90)
("func_name '", 'reset_ecache', "'")
('err_func:', '/data/maliha/decompilation/data/error_without_patch/ida/speccpu/gcc/O1/sjeng-gcc-O1-compilation-errors/reset_ecache')
('err_funcfile:', '/data/maliha/decompilation/data/error_without_patch/ida/speccpu/gcc/O1/sjeng-gcc-O1-compilation-errors/reset_ecache')
***************** Next Function ******************
('func_count:', 91)
("func_name '", 's_rook_mobility', "'")
('err_func:', '/data/maliha/decompilation/data/error_without_patch/ida/speccpu/gcc/O1/sjeng-gcc-O1-compilation-errors/s_rook_mobility')
('err_funcfile:', '/data/maliha/decompilation/data/error_without_patch/ida/speccpu/gcc/O1/sjeng-gcc-O1-compilation-errors/s_rook_mobility')
('error:', "/home/yanlin/my-projects/decompilation/source_code/recompiled/IDA/speccpu/gcc/O1/sjeng-gcc-O1/s_rook_mobility/src/seval.c:53:3: error: unknown type name '__int64'; did you mean '__int64_t'?")
('error:', "/home/yanlin/my-projects/decompilation/source_code/recompiled/IDA/speccpu/gcc/O1/sjeng-gcc-O1/s_rook_mobility/src/seval.c:55:3: error: unknown type name '__int64'; did you mean '__int64_t'?")
***************** Next Function ******************
('func_count:', 92)
("func_name '", 'see', "'")
('err_func:', '/data/maliha/decompilation/data/error_without_patch/ida/speccpu/gcc/O1/sjeng-gcc-O1-compilation-errors/see')
('err_funcfile:', '/data/maliha/decompilation/data/error_without_patch/ida/speccpu/gcc/O1/sjeng-gcc-O1-compilation-errors/see')
('error:', "/home/yanlin/my-projects/decompilation/source_code/recompiled/IDA/speccpu/gcc/O1/sjeng-gcc-O1/see/src/see.c:188:3: error: unknown type name '__int64'; did you mean '__int64_t'?")
('error:', "/home/yanlin/my-projects/decompilation/source_code/recompiled/IDA/speccpu/gcc/O1/sjeng-gcc-O1/see/src/see.c:195:3: error: use of undeclared identifier '_BOOL8'")
('error:', "/home/yanlin/my-projects/decompilation/source_code/recompiled/IDA/speccpu/gcc/O1/sjeng-gcc-O1/see/src/see.c:197:3: error: use of undeclared identifier '_BOOL8'")
('error:', "/home/yanlin/my-projects/decompilation/source_code/recompiled/IDA/speccpu/gcc/O1/sjeng-gcc-O1/see/src/see.c:207:10: error: use of undeclared identifier '__int64'")
('error:', '/home/yanlin/my-projects/decompilation/source_code/recompiled/IDA/speccpu/gcc/O1/sjeng-gcc-O1/see/src/see.c:209:14: error: expected expression')
('error:', "/home/yanlin/my-projects/decompilation/source_code/recompiled/IDA/speccpu/gcc/O1/sjeng-gcc-O1/see/src/see.c:209:6: error: use of undeclared identifier '_DWORD'")
('error:', '/home/yanlin/my-projects/decompilation/source_code/recompiled/IDA/speccpu/gcc/O1/sjeng-gcc-O1/see/src/see.c:212:15: error: expression is not assignable')
('error:', "/home/yanlin/my-projects/decompilation/source_code/recompiled/IDA/speccpu/gcc/O1/sjeng-gcc-O1/see/src/see.c:216:21: error: expected ')'")
('error:', "/home/yanlin/my-projects/decompilation/source_code/recompiled/IDA/speccpu/gcc/O1/sjeng-gcc-O1/see/src/see.c:218:21: error: expected ')'")
('error:', "/home/yanlin/my-projects/decompilation/source_code/recompiled/IDA/speccpu/gcc/O1/sjeng-gcc-O1/see/src/see.c:234:11: error: use of undeclared identifier 'v10'")
('error:', "/home/yanlin/my-projects/decompilation/source_code/recompiled/IDA/speccpu/gcc/O1/sjeng-gcc-O1/see/src/see.c:235:22: error: use of undeclared identifier 'v10'")
('error:', "/home/yanlin/my-projects/decompilation/source_code/recompiled/IDA/speccpu/gcc/O1/sjeng-gcc-O1/see/src/see.c:236:47: error: use of undeclared identifier 'v10'")
('error:', "/home/yanlin/my-projects/decompilation/source_code/recompiled/IDA/speccpu/gcc/O1/sjeng-gcc-O1/see/src/see.c:237:42: error: use of undeclared identifier 'v10'")
('error:', "/home/yanlin/my-projects/decompilation/source_code/recompiled/IDA/speccpu/gcc/O1/sjeng-gcc-O1/see/src/see.c:244:11: error: use of undeclared identifier 'v12'")
('error:', "/home/yanlin/my-projects/decompilation/source_code/recompiled/IDA/speccpu/gcc/O1/sjeng-gcc-O1/see/src/see.c:245:22: error: use of undeclared identifier 'v12'")
('error:', "/home/yanlin/my-projects/decompilation/source_code/recompiled/IDA/speccpu/gcc/O1/sjeng-gcc-O1/see/src/see.c:246:47: error: use of undeclared identifier 'v12'")
('error:', "/home/yanlin/my-projects/decompilation/source_code/recompiled/IDA/speccpu/gcc/O1/sjeng-gcc-O1/see/src/see.c:249:42: error: use of undeclared identifier 'v12'")
***************** Next Function ******************
('func_count:', 93)
("func_name '", 'stringize_pv', "'")
('err_func:', '/data/maliha/decompilation/data/error_without_patch/ida/speccpu/gcc/O1/sjeng-gcc-O1-compilation-errors/stringize_pv')
('err_funcfile:', '/data/maliha/decompilation/data/error_without_patch/ida/speccpu/gcc/O1/sjeng-gcc-O1-compilation-errors/stringize_pv')
('error:', "/home/yanlin/my-projects/decompilation/source_code/recompiled/IDA/speccpu/gcc/O1/sjeng-gcc-O1/stringize_pv/src/utils.c:533:19: error: expected ';' at end of declaration")
('error:', '/home/yanlin/my-projects/decompilation/source_code/recompiled/IDA/speccpu/gcc/O1/sjeng-gcc-O1/stringize_pv/src/utils.c:537:14: error: expected expression')
('error:', "/home/yanlin/my-projects/decompilation/source_code/recompiled/IDA/speccpu/gcc/O1/sjeng-gcc-O1/stringize_pv/src/utils.c:537:6: error: use of undeclared identifier '_QWORD'")
('error:', '/home/yanlin/my-projects/decompilation/source_code/recompiled/IDA/speccpu/gcc/O1/sjeng-gcc-O1/stringize_pv/src/utils.c:538:16: error: expected expression')
('error:', "/home/yanlin/my-projects/decompilation/source_code/recompiled/IDA/speccpu/gcc/O1/sjeng-gcc-O1/stringize_pv/src/utils.c:538:8: error: use of undeclared identifier '_QWORD'")
('error:', "/home/yanlin/my-projects/decompilation/source_code/recompiled/IDA/speccpu/gcc/O1/sjeng-gcc-O1/stringize_pv/src/utils.c:540:27: error: expected ')'")
('error:', "/home/yanlin/my-projects/decompilation/source_code/recompiled/IDA/speccpu/gcc/O1/sjeng-gcc-O1/stringize_pv/src/utils.c:542:42: error: use of undeclared identifier '_DWORD'")
('error:', '/home/yanlin/my-projects/decompilation/source_code/recompiled/IDA/speccpu/gcc/O1/sjeng-gcc-O1/stringize_pv/src/utils.c:549:19: error: expected expression')
('error:', "/home/yanlin/my-projects/decompilation/source_code/recompiled/IDA/speccpu/gcc/O1/sjeng-gcc-O1/stringize_pv/src/utils.c:549:10: error: use of undeclared identifier '__m128i'")
('error:', "/home/yanlin/my-projects/decompilation/source_code/recompiled/IDA/speccpu/gcc/O1/sjeng-gcc-O1/stringize_pv/src/utils.c:549:58: error: unknown type name '__m128i'")
('error:', '/home/yanlin/my-projects/decompilation/source_code/recompiled/IDA/speccpu/gcc/O1/sjeng-gcc-O1/stringize_pv/src/utils.c:550:18: error: expected expression')
('error:', "/home/yanlin/my-projects/decompilation/source_code/recompiled/IDA/speccpu/gcc/O1/sjeng-gcc-O1/stringize_pv/src/utils.c:550:10: error: use of undeclared identifier '_QWORD'")
('error:', '/home/yanlin/my-projects/decompilation/source_code/recompiled/IDA/speccpu/gcc/O1/sjeng-gcc-O1/stringize_pv/src/utils.c:550:46: error: expected expression')
('error:', "/home/yanlin/my-projects/decompilation/source_code/recompiled/IDA/speccpu/gcc/O1/sjeng-gcc-O1/stringize_pv/src/utils.c:550:38: error: use of undeclared identifier '_QWORD'")
('error:', "/home/yanlin/my-projects/decompilation/source_code/recompiled/IDA/speccpu/gcc/O1/sjeng-gcc-O1/stringize_pv/src/utils.c:551:20: error: passing 'char [256]' to parameter of incompatible type 'move_s'")
('error:', '/home/yanlin/my-projects/decompilation/source_code/recompiled/IDA/speccpu/gcc/O1/sjeng-gcc-O1/stringize_pv/src/utils.c:554:17: error: expected expression')
('error:', "/home/yanlin/my-projects/decompilation/source_code/recompiled/IDA/speccpu/gcc/O1/sjeng-gcc-O1/stringize_pv/src/utils.c:554:10: error: use of undeclared identifier '_WORD'")
('error:', "/home/yanlin/my-projects/decompilation/source_code/recompiled/IDA/speccpu/gcc/O1/sjeng-gcc-O1/stringize_pv/src/utils.c:564:5: error: use of undeclared identifier 'v4'")
('error:', "/home/yanlin/my-projects/decompilation/source_code/recompiled/IDA/speccpu/gcc/O1/sjeng-gcc-O1/stringize_pv/src/utils.c:564:43: error: expected ')'")
('error:', 'fatal error: too many errors emitted, stopping now [-ferror-limit=]')
***************** Next Function ******************
('func_count:', 94)
("func_name '", 'StoreTT', "'")
('err_func:', '/data/maliha/decompilation/data/error_without_patch/ida/speccpu/gcc/O1/sjeng-gcc-O1-compilation-errors/StoreTT')
('err_funcfile:', '/data/maliha/decompilation/data/error_without_patch/ida/speccpu/gcc/O1/sjeng-gcc-O1-compilation-errors/StoreTT')
('error:', "/home/yanlin/my-projects/decompilation/source_code/recompiled/IDA/speccpu/gcc/O1/sjeng-gcc-O1/StoreTT/src/ttable.c:124:3: error: unknown type name '__int64'; did you mean '__int64_t'?")
('error:', "/home/yanlin/my-projects/decompilation/source_code/recompiled/IDA/speccpu/gcc/O1/sjeng-gcc-O1/StoreTT/src/ttable.c:125:3: error: unknown type name '__int64'; did you mean '__int64_t'?")
***************** Next Function ******************
('func_count:', 95)
("func_name '", 'hash_extract_pv', "'")
('err_func:', '/data/maliha/decompilation/data/error_without_patch/ida/speccpu/gcc/O1/sjeng-gcc-O1-compilation-errors/hash_extract_pv')
('err_funcfile:', '/data/maliha/decompilation/data/error_without_patch/ida/speccpu/gcc/O1/sjeng-gcc-O1-compilation-errors/hash_extract_pv')
('error:', "/home/yanlin/my-projects/decompilation/source_code/recompiled/IDA/speccpu/gcc/O1/sjeng-gcc-O1/hash_extract_pv/src/utils.c:498:3: error: unknown type name '__int64'; did you mean '__int64_t'?")
('error:', '/home/yanlin/my-projects/decompilation/source_code/recompiled/IDA/speccpu/gcc/O1/sjeng-gcc-O1/hash_extract_pv/src/utils.c:511:18: error: expected expression')
('error:', "/home/yanlin/my-projects/decompilation/source_code/recompiled/IDA/speccpu/gcc/O1/sjeng-gcc-O1/hash_extract_pv/src/utils.c:511:10: error: use of undeclared identifier '_QWORD'")
('error:', '/home/yanlin/my-projects/decompilation/source_code/recompiled/IDA/speccpu/gcc/O1/sjeng-gcc-O1/hash_extract_pv/src/utils.c:511:44: error: expected expression')
('error:', "/home/yanlin/my-projects/decompilation/source_code/recompiled/IDA/speccpu/gcc/O1/sjeng-gcc-O1/hash_extract_pv/src/utils.c:511:36: error: use of undeclared identifier '_QWORD'")
('error:', '/home/yanlin/my-projects/decompilation/source_code/recompiled/IDA/speccpu/gcc/O1/sjeng-gcc-O1/hash_extract_pv/src/utils.c:512:18: error: expected expression')
('error:', "/home/yanlin/my-projects/decompilation/source_code/recompiled/IDA/speccpu/gcc/O1/sjeng-gcc-O1/hash_extract_pv/src/utils.c:512:10: error: use of undeclared identifier '_QWORD'")
('error:', '/home/yanlin/my-projects/decompilation/source_code/recompiled/IDA/speccpu/gcc/O1/sjeng-gcc-O1/hash_extract_pv/src/utils.c:512:45: error: expected expression')
('error:', "/home/yanlin/my-projects/decompilation/source_code/recompiled/IDA/speccpu/gcc/O1/sjeng-gcc-O1/hash_extract_pv/src/utils.c:512:37: error: use of undeclared identifier '_QWORD'")
('error:', '/home/yanlin/my-projects/decompilation/source_code/recompiled/IDA/speccpu/gcc/O1/sjeng-gcc-O1/hash_extract_pv/src/utils.c:513:18: error: expected expression')
('error:', "/home/yanlin/my-projects/decompilation/source_code/recompiled/IDA/speccpu/gcc/O1/sjeng-gcc-O1/hash_extract_pv/src/utils.c:513:10: error: use of undeclared identifier '_QWORD'")
('error:', '/home/yanlin/my-projects/decompilation/source_code/recompiled/IDA/speccpu/gcc/O1/sjeng-gcc-O1/hash_extract_pv/src/utils.c:513:41: error: expected expression')
('error:', "/home/yanlin/my-projects/decompilation/source_code/recompiled/IDA/speccpu/gcc/O1/sjeng-gcc-O1/hash_extract_pv/src/utils.c:513:33: error: use of undeclared identifier '_QWORD'")
('error:', '/home/yanlin/my-projects/decompilation/source_code/recompiled/IDA/speccpu/gcc/O1/sjeng-gcc-O1/hash_extract_pv/src/utils.c:518:19: error: expected expression')
('error:', "/home/yanlin/my-projects/decompilation/source_code/recompiled/IDA/speccpu/gcc/O1/sjeng-gcc-O1/hash_extract_pv/src/utils.c:518:12: error: use of undeclared identifier '_WORD'")
***************** Next Function ******************
('func_count:', 96)
("func_name '", 'init_game', "'")
('err_func:', '/data/maliha/decompilation/data/error_without_patch/ida/speccpu/gcc/O1/sjeng-gcc-O1-compilation-errors/init_game')
('err_funcfile:', '/data/maliha/decompilation/data/error_without_patch/ida/speccpu/gcc/O1/sjeng-gcc-O1-compilation-errors/init_game')
('error:', "/home/yanlin/my-projects/decompilation/source_code/recompiled/IDA/speccpu/gcc/O1/sjeng-gcc-O1/init_game/src/utils.c:373:26: error: use of undeclared identifier 'unk_41D940'")
('error:', '/home/yanlin/my-projects/decompilation/source_code/recompiled/IDA/speccpu/gcc/O1/sjeng-gcc-O1/init_game/src/utils.c:374:14: error: expected expression')
('error:', "/home/yanlin/my-projects/decompilation/source_code/recompiled/IDA/speccpu/gcc/O1/sjeng-gcc-O1/init_game/src/utils.c:374:6: error: use of undeclared identifier '_QWORD'")
('error:', '/home/yanlin/my-projects/decompilation/source_code/recompiled/IDA/speccpu/gcc/O1/sjeng-gcc-O1/init_game/src/utils.c:375:14: error: expected expression')
('error:', "/home/yanlin/my-projects/decompilation/source_code/recompiled/IDA/speccpu/gcc/O1/sjeng-gcc-O1/init_game/src/utils.c:375:6: error: use of undeclared identifier '_QWORD'")
('error:', '/home/yanlin/my-projects/decompilation/source_code/recompiled/IDA/speccpu/gcc/O1/sjeng-gcc-O1/init_game/src/utils.c:375:40: error: expected expression')
('error:', "/home/yanlin/my-projects/decompilation/source_code/recompiled/IDA/speccpu/gcc/O1/sjeng-gcc-O1/init_game/src/utils.c:375:32: error: use of undeclared identifier '_QWORD'")
('error:', '/home/yanlin/my-projects/decompilation/source_code/recompiled/IDA/speccpu/gcc/O1/sjeng-gcc-O1/init_game/src/utils.c:380:14: error: expected expression')
('error:', "/home/yanlin/my-projects/decompilation/source_code/recompiled/IDA/speccpu/gcc/O1/sjeng-gcc-O1/init_game/src/utils.c:380:6: error: use of undeclared identifier '_QWORD'")
('error:', '/home/yanlin/my-projects/decompilation/source_code/recompiled/IDA/speccpu/gcc/O1/sjeng-gcc-O1/init_game/src/utils.c:381:14: error: expected expression')
('error:', "/home/yanlin/my-projects/decompilation/source_code/recompiled/IDA/speccpu/gcc/O1/sjeng-gcc-O1/init_game/src/utils.c:381:6: error: use of undeclared identifier '_QWORD'")
('error:', "/home/yanlin/my-projects/decompilation/source_code/recompiled/IDA/speccpu/gcc/O1/sjeng-gcc-O1/init_game/src/utils.c:382:54: error: use of undeclared identifier '_DWORD'")
('error:', '/home/yanlin/my-projects/decompilation/source_code/recompiled/IDA/speccpu/gcc/O1/sjeng-gcc-O1/init_game/src/utils.c:393:14: error: expected expression')
('error:', "/home/yanlin/my-projects/decompilation/source_code/recompiled/IDA/speccpu/gcc/O1/sjeng-gcc-O1/init_game/src/utils.c:393:6: error: use of undeclared identifier '_QWORD'")
('error:', '/home/yanlin/my-projects/decompilation/source_code/recompiled/IDA/speccpu/gcc/O1/sjeng-gcc-O1/init_game/src/utils.c:394:14: error: expected expression')
('error:', "/home/yanlin/my-projects/decompilation/source_code/recompiled/IDA/speccpu/gcc/O1/sjeng-gcc-O1/init_game/src/utils.c:394:6: error: use of undeclared identifier '_QWORD'")
('error:', "/home/yanlin/my-projects/decompilation/source_code/recompiled/IDA/speccpu/gcc/O1/sjeng-gcc-O1/init_game/src/utils.c:395:60: error: use of undeclared identifier '_DWORD'")
('error:', '/home/yanlin/my-projects/decompilation/source_code/recompiled/IDA/speccpu/gcc/O1/sjeng-gcc-O1/init_game/src/utils.c:396:14: error: expected expression')
('error:', "/home/yanlin/my-projects/decompilation/source_code/recompiled/IDA/speccpu/gcc/O1/sjeng-gcc-O1/init_game/src/utils.c:396:6: error: use of undeclared identifier '_QWORD'")
('error:', 'fatal error: too many errors emitted, stopping now [-ferror-limit=]')
***************** Next Function ******************
('func_count:', 97)
("func_name '", 'push_king_castle', "'")
('err_func:', '/data/maliha/decompilation/data/error_without_patch/ida/speccpu/gcc/O1/sjeng-gcc-O1-compilation-errors/push_king_castle')
('err_funcfile:', '/data/maliha/decompilation/data/error_without_patch/ida/speccpu/gcc/O1/sjeng-gcc-O1-compilation-errors/push_king_castle')
***************** Next Function ******************
('func_count:', 98)
("func_name '", 'l_king_mobility', "'")
('err_func:', '/data/maliha/decompilation/data/error_without_patch/ida/speccpu/gcc/O1/sjeng-gcc-O1-compilation-errors/l_king_mobility')
('err_funcfile:', '/data/maliha/decompilation/data/error_without_patch/ida/speccpu/gcc/O1/sjeng-gcc-O1-compilation-errors/l_king_mobility')
('error:', "/home/yanlin/my-projects/decompilation/source_code/recompiled/IDA/speccpu/gcc/O1/sjeng-gcc-O1/l_king_mobility/src/leval.c:96:8: error: use of undeclared identifier 'king_o_0'")
('error:', "/home/yanlin/my-projects/decompilation/source_code/recompiled/IDA/speccpu/gcc/O1/sjeng-gcc-O1/l_king_mobility/src/leval.c:104:18: error: use of undeclared identifier 'knight_o_1_0'")
***************** Next Function ******************
('func_count:', 99)
("func_name '", 'free_ecache', "'")
('err_func:', '/data/maliha/decompilation/data/error_without_patch/ida/speccpu/gcc/O1/sjeng-gcc-O1-compilation-errors/free_ecache')
('err_funcfile:', '/data/maliha/decompilation/data/error_without_patch/ida/speccpu/gcc/O1/sjeng-gcc-O1-compilation-errors/free_ecache')
***************** Next Function ******************
('func_count:', 100)
("func_name '", 'comp_to_san', "'")
('err_func:', '/data/maliha/decompilation/data/error_without_patch/ida/speccpu/gcc/O1/sjeng-gcc-O1-compilation-errors/comp_to_san')
('err_funcfile:', '/data/maliha/decompilation/data/error_without_patch/ida/speccpu/gcc/O1/sjeng-gcc-O1-compilation-errors/comp_to_san')
('error:', "/home/yanlin/my-projects/decompilation/source_code/recompiled/IDA/speccpu/gcc/O1/sjeng-gcc-O1/comp_to_san/src/utils.c:115:17: error: conflicting types for 'comp_to_san'")
('error:', '/home/yanlin/my-projects/decompilation/source_code/recompiled/IDA/speccpu/gcc/O1/sjeng-gcc-O1/comp_to_san/src/utils.c:159:20: error: expected expression')
('error:', "/home/yanlin/my-projects/decompilation/source_code/recompiled/IDA/speccpu/gcc/O1/sjeng-gcc-O1/comp_to_san/src/utils.c:159:12: error: use of undeclared identifier '_DWORD'")
('error:', '/home/yanlin/my-projects/decompilation/source_code/recompiled/IDA/speccpu/gcc/O1/sjeng-gcc-O1/comp_to_san/src/utils.c:257:19: error: expected expression')
('error:', "/home/yanlin/my-projects/decompilation/source_code/recompiled/IDA/speccpu/gcc/O1/sjeng-gcc-O1/comp_to_san/src/utils.c:257:12: error: use of undeclared identifier '_WORD'")
('error:', '/home/yanlin/my-projects/decompilation/source_code/recompiled/IDA/speccpu/gcc/O1/sjeng-gcc-O1/comp_to_san/src/utils.c:272:19: error: expected expression')
('error:', "/home/yanlin/my-projects/decompilation/source_code/recompiled/IDA/speccpu/gcc/O1/sjeng-gcc-O1/comp_to_san/src/utils.c:272:12: error: use of undeclared identifier '_WORD'")
***************** Next Function ******************
('func_count:', 101)
("func_name '", 'check_solution', "'")
('err_func:', '/data/maliha/decompilation/data/error_without_patch/ida/speccpu/gcc/O1/sjeng-gcc-O1-compilation-errors/check_solution')
('err_funcfile:', '/data/maliha/decompilation/data/error_without_patch/ida/speccpu/gcc/O1/sjeng-gcc-O1-compilation-errors/check_solution')
('error:', "/home/yanlin/my-projects/decompilation/source_code/recompiled/IDA/speccpu/gcc/O1/sjeng-gcc-O1/check_solution/src/epd.c:176:1: error: unknown type name '_BOOL8'")
('error:', "/home/yanlin/my-projects/decompilation/source_code/recompiled/IDA/speccpu/gcc/O1/sjeng-gcc-O1/check_solution/src/epd.c:176:8: error: expected identifier or '('")
***************** Next Function ******************
('func_count:', 102)
("func_name '", 'alloc_ecache', "'")
('err_func:', '/data/maliha/decompilation/data/error_without_patch/ida/speccpu/gcc/O1/sjeng-gcc-O1-compilation-errors/alloc_ecache')
('err_funcfile:', '/data/maliha/decompilation/data/error_without_patch/ida/speccpu/gcc/O1/sjeng-gcc-O1-compilation-errors/alloc_ecache')
***************** Next Function ******************
('func_count:', 103)
("func_name '", 'losers_eval', "'")
('err_func:', '/data/maliha/decompilation/data/error_without_patch/ida/speccpu/gcc/O1/sjeng-gcc-O1-compilation-errors/losers_eval')
('err_funcfile:', '/data/maliha/decompilation/data/error_without_patch/ida/speccpu/gcc/O1/sjeng-gcc-O1-compilation-errors/losers_eval')
('error:', "/home/yanlin/my-projects/decompilation/source_code/recompiled/IDA/speccpu/gcc/O1/sjeng-gcc-O1/losers_eval/src/leval.c:108:3: error: unknown type name '__int64'; did you mean '__int64_t'?")
('error:', "/home/yanlin/my-projects/decompilation/source_code/recompiled/IDA/speccpu/gcc/O1/sjeng-gcc-O1/losers_eval/src/leval.c:145:3: error: unknown type name '__int64'; did you mean '__int64_t'?")
('error:', "/home/yanlin/my-projects/decompilation/source_code/recompiled/IDA/speccpu/gcc/O1/sjeng-gcc-O1/losers_eval/src/leval.c:146:3: error: unknown type name '__int64'; did you mean '__int64_t'?")
('error:', "/home/yanlin/my-projects/decompilation/source_code/recompiled/IDA/speccpu/gcc/O1/sjeng-gcc-O1/losers_eval/src/leval.c:151:3: error: unknown type name '__int64'; did you mean '__int64_t'?")
('error:', "/home/yanlin/my-projects/decompilation/source_code/recompiled/IDA/speccpu/gcc/O1/sjeng-gcc-O1/losers_eval/src/leval.c:152:3: error: unknown type name '__int64'; did you mean '__int64_t'?")
('error:', "/home/yanlin/my-projects/decompilation/source_code/recompiled/IDA/speccpu/gcc/O1/sjeng-gcc-O1/losers_eval/src/leval.c:153:3: error: unknown type name '__int64'; did you mean '__int64_t'?")
***************** Next Function ******************
('func_count:', 104)
("func_name '", 'add_capture', "'")
('err_func:', '/data/maliha/decompilation/data/error_without_patch/ida/speccpu/gcc/O1/sjeng-gcc-O1-compilation-errors/add_capture')
('err_funcfile:', '/data/maliha/decompilation/data/error_without_patch/ida/speccpu/gcc/O1/sjeng-gcc-O1-compilation-errors/add_capture')
***************** Next Function ******************
('func_count:', 105)
("func_name '", 'LearnStoreTT', "'")
('err_func:', '/data/maliha/decompilation/data/error_without_patch/ida/speccpu/gcc/O1/sjeng-gcc-O1-compilation-errors/LearnStoreTT')
('err_funcfile:', '/data/maliha/decompilation/data/error_without_patch/ida/speccpu/gcc/O1/sjeng-gcc-O1-compilation-errors/LearnStoreTT')
('error:', "/home/yanlin/my-projects/decompilation/source_code/recompiled/IDA/speccpu/gcc/O1/sjeng-gcc-O1/LearnStoreTT/src/ttable.c:206:3: error: unknown type name '__int64'; did you mean '__int64_t'?")
***************** Next Function ******************
('func_count:', 106)
("func_name '", 'develop_node', "'")
('err_func:', '/data/maliha/decompilation/data/error_without_patch/ida/speccpu/gcc/O1/sjeng-gcc-O1-compilation-errors/develop_node')
('err_funcfile:', '/data/maliha/decompilation/data/error_without_patch/ida/speccpu/gcc/O1/sjeng-gcc-O1-compilation-errors/develop_node')
('error:', "/home/yanlin/my-projects/decompilation/source_code/recompiled/IDA/speccpu/gcc/O1/sjeng-gcc-O1/develop_node/src/proof.c:709:9: error: unknown type name '__m128i'")
('error:', "/home/yanlin/my-projects/decompilation/source_code/recompiled/IDA/speccpu/gcc/O1/sjeng-gcc-O1/develop_node/src/proof.c:713:3: error: use of undeclared identifier '__m128i'")
('error:', "/home/yanlin/my-projects/decompilation/source_code/recompiled/IDA/speccpu/gcc/O1/sjeng-gcc-O1/develop_node/src/proof.c:713:12: error: use of undeclared identifier 'v6'")
('error:', '/home/yanlin/my-projects/decompilation/source_code/recompiled/IDA/speccpu/gcc/O1/sjeng-gcc-O1/develop_node/src/proof.c:737:33: error: expected expression')
('error:', '/home/yanlin/my-projects/decompilation/source_code/recompiled/IDA/speccpu/gcc/O1/sjeng-gcc-O1/develop_node/src/proof.c:750:29: error: expected expression')
('error:', "/home/yanlin/my-projects/decompilation/source_code/recompiled/IDA/speccpu/gcc/O1/sjeng-gcc-O1/develop_node/src/proof.c:764:16: error: unknown type name '__m128i'")
('error:', "/home/yanlin/my-projects/decompilation/source_code/recompiled/IDA/speccpu/gcc/O1/sjeng-gcc-O1/develop_node/src/proof.c:773:7: error: use of undeclared identifier 'v6'")
('error:', '/home/yanlin/my-projects/decompilation/source_code/recompiled/IDA/speccpu/gcc/O1/sjeng-gcc-O1/develop_node/src/proof.c:773:23: error: expected expression')
('error:', "/home/yanlin/my-projects/decompilation/source_code/recompiled/IDA/speccpu/gcc/O1/sjeng-gcc-O1/develop_node/src/proof.c:773:14: error: use of undeclared identifier '__m128i'")
('error:', "/home/yanlin/my-projects/decompilation/source_code/recompiled/IDA/speccpu/gcc/O1/sjeng-gcc-O1/develop_node/src/proof.c:774:7: error: use of undeclared identifier 'v6'")
('error:', "/home/yanlin/my-projects/decompilation/source_code/recompiled/IDA/speccpu/gcc/O1/sjeng-gcc-O1/develop_node/src/proof.c:775:7: error: use of undeclared identifier 'v6'")
('error:', "/home/yanlin/my-projects/decompilation/source_code/recompiled/IDA/speccpu/gcc/O1/sjeng-gcc-O1/develop_node/src/proof.c:776:7: error: use of undeclared identifier 'v6'")
('error:', "/home/yanlin/my-projects/decompilation/source_code/recompiled/IDA/speccpu/gcc/O1/sjeng-gcc-O1/develop_node/src/proof.c:777:7: error: use of undeclared identifier 'v6'")
('error:', "/home/yanlin/my-projects/decompilation/source_code/recompiled/IDA/speccpu/gcc/O1/sjeng-gcc-O1/develop_node/src/proof.c:778:7: error: use of undeclared identifier 'v6'")
('error:', "/home/yanlin/my-projects/decompilation/source_code/recompiled/IDA/speccpu/gcc/O1/sjeng-gcc-O1/develop_node/src/proof.c:778:30: error: use of undeclared identifier '__int64'")
('error:', "/home/yanlin/my-projects/decompilation/source_code/recompiled/IDA/speccpu/gcc/O1/sjeng-gcc-O1/develop_node/src/proof.c:779:7: error: use of undeclared identifier 'v6'")
('error:', "/home/yanlin/my-projects/decompilation/source_code/recompiled/IDA/speccpu/gcc/O1/sjeng-gcc-O1/develop_node/src/proof.c:780:7: error: use of undeclared identifier 'v6'")
('error:', "/home/yanlin/my-projects/decompilation/source_code/recompiled/IDA/speccpu/gcc/O1/sjeng-gcc-O1/develop_node/src/proof.c:781:7: error: use of undeclared identifier 'v6'")
('error:', "/home/yanlin/my-projects/decompilation/source_code/recompiled/IDA/speccpu/gcc/O1/sjeng-gcc-O1/develop_node/src/proof.c:782:7: error: use of undeclared identifier 'v6'")
('error:', 'fatal error: too many errors emitted, stopping now [-ferror-limit=]')
***************** Next Function ******************
('func_count:', 107)
("func_name '", 'interrupt', "'")
('err_func:', '/data/maliha/decompilation/data/error_without_patch/ida/speccpu/gcc/O1/sjeng-gcc-O1-compilation-errors/interrupt')
('err_funcfile:', '/data/maliha/decompilation/data/error_without_patch/ida/speccpu/gcc/O1/sjeng-gcc-O1-compilation-errors/interrupt')
***************** Next Function ******************
('func_count:', 108)
("func_name '", 'free_hash', "'")
('err_func:', '/data/maliha/decompilation/data/error_without_patch/ida/speccpu/gcc/O1/sjeng-gcc-O1-compilation-errors/free_hash')
('err_funcfile:', '/data/maliha/decompilation/data/error_without_patch/ida/speccpu/gcc/O1/sjeng-gcc-O1-compilation-errors/free_hash')
***************** Next Function ******************
('func_count:', 109)
("func_name '", 'is_move', "'")
('err_func:', '/data/maliha/decompilation/data/error_without_patch/ida/speccpu/gcc/O1/sjeng-gcc-O1-compilation-errors/is_move')
('err_funcfile:', '/data/maliha/decompilation/data/error_without_patch/ida/speccpu/gcc/O1/sjeng-gcc-O1-compilation-errors/is_move')
('error:', "/home/yanlin/my-projects/decompilation/source_code/recompiled/IDA/speccpu/gcc/O1/sjeng-gcc-O1/is_move/src/utils.c:424:25: error: expected ';' at end of declaration")
('error:', "/home/yanlin/my-projects/decompilation/source_code/recompiled/IDA/speccpu/gcc/O1/sjeng-gcc-O1/is_move/src/utils.c:428:3: error: use of undeclared identifier 'v1'")
('error:', "/home/yanlin/my-projects/decompilation/source_code/recompiled/IDA/speccpu/gcc/O1/sjeng-gcc-O1/is_move/src/utils.c:430:11: error: use of undeclared identifier 'v1'")
('error:', "/home/yanlin/my-projects/decompilation/source_code/recompiled/IDA/speccpu/gcc/O1/sjeng-gcc-O1/is_move/src/utils.c:433:13: error: use of undeclared identifier 'v1'")
('error:', "/home/yanlin/my-projects/decompilation/source_code/recompiled/IDA/speccpu/gcc/O1/sjeng-gcc-O1/is_move/src/utils.c:436:15: error: use of undeclared identifier 'v1'")
('error:', "/home/yanlin/my-projects/decompilation/source_code/recompiled/IDA/speccpu/gcc/O1/sjeng-gcc-O1/is_move/src/utils.c:439:17: error: use of undeclared identifier 'v1'")
('error:', "/home/yanlin/my-projects/decompilation/source_code/recompiled/IDA/speccpu/gcc/O1/sjeng-gcc-O1/is_move/src/utils.c:443:20: error: use of undeclared identifier 'v1'")
('error:', "/home/yanlin/my-projects/decompilation/source_code/recompiled/IDA/speccpu/gcc/O1/sjeng-gcc-O1/is_move/src/utils.c:450:27: error: use of undeclared identifier 'v1'")
('error:', "/home/yanlin/my-projects/decompilation/source_code/recompiled/IDA/speccpu/gcc/O1/sjeng-gcc-O1/is_move/src/utils.c:451:18: error: use of undeclared identifier 'v1'")
***************** Next Function ******************
('func_count:', 110)
("func_name '", 'l_pawn_mobility', "'")
('err_func:', '/data/maliha/decompilation/data/error_without_patch/ida/speccpu/gcc/O1/sjeng-gcc-O1-compilation-errors/l_pawn_mobility')
('err_funcfile:', '/data/maliha/decompilation/data/error_without_patch/ida/speccpu/gcc/O1/sjeng-gcc-O1-compilation-errors/l_pawn_mobility')
('error:', "/home/yanlin/my-projects/decompilation/source_code/recompiled/IDA/speccpu/gcc/O1/sjeng-gcc-O1/l_pawn_mobility/src/leval.c:77:3: error: unknown type name '__int64'; did you mean '__int64_t'?")
***************** Next Function ******************
('func_count:', 111)
("func_name '", 'make', "'")
('err_func:', '/data/maliha/decompilation/data/error_without_patch/ida/speccpu/gcc/O1/sjeng-gcc-O1-compilation-errors/make')
('err_funcfile:', '/data/maliha/decompilation/data/error_without_patch/ida/speccpu/gcc/O1/sjeng-gcc-O1-compilation-errors/make')
('error:', "/home/yanlin/my-projects/decompilation/source_code/recompiled/IDA/speccpu/gcc/O1/sjeng-gcc-O1/make/src/moves.c:1286:3: error: unknown type name '__int64'; did you mean '__int64_t'?")
('error:', "/home/yanlin/my-projects/decompilation/source_code/recompiled/IDA/speccpu/gcc/O1/sjeng-gcc-O1/make/src/moves.c:1289:3: error: unknown type name '__int64'; did you mean '__int64_t'?")
('error:', "/home/yanlin/my-projects/decompilation/source_code/recompiled/IDA/speccpu/gcc/O1/sjeng-gcc-O1/make/src/moves.c:1293:3: error: unknown type name '__int64'; did you mean '__int64_t'?")
('error:', "/home/yanlin/my-projects/decompilation/source_code/recompiled/IDA/speccpu/gcc/O1/sjeng-gcc-O1/make/src/moves.c:1295:3: error: unknown type name '__int64'; did you mean '__int64_t'?")
('error:', "/home/yanlin/my-projects/decompilation/source_code/recompiled/IDA/speccpu/gcc/O1/sjeng-gcc-O1/make/src/moves.c:1300:3: error: unknown type name '__int64'; did you mean '__int64_t'?")
('error:', "/home/yanlin/my-projects/decompilation/source_code/recompiled/IDA/speccpu/gcc/O1/sjeng-gcc-O1/make/src/moves.c:1303:3: error: unknown type name '__int64'; did you mean '__int64_t'?")
('error:', '/home/yanlin/my-projects/decompilation/source_code/recompiled/IDA/speccpu/gcc/O1/sjeng-gcc-O1/make/src/moves.c:1320:14: error: expected expression')
('error:', "/home/yanlin/my-projects/decompilation/source_code/recompiled/IDA/speccpu/gcc/O1/sjeng-gcc-O1/make/src/moves.c:1320:6: error: use of undeclared identifier '_DWORD'")
('error:', '/home/yanlin/my-projects/decompilation/source_code/recompiled/IDA/speccpu/gcc/O1/sjeng-gcc-O1/make/src/moves.c:1323:14: error: expected expression')
('error:', "/home/yanlin/my-projects/decompilation/source_code/recompiled/IDA/speccpu/gcc/O1/sjeng-gcc-O1/make/src/moves.c:1323:6: error: use of undeclared identifier '_DWORD'")
('error:', '/home/yanlin/my-projects/decompilation/source_code/recompiled/IDA/speccpu/gcc/O1/sjeng-gcc-O1/make/src/moves.c:1333:16: error: expected expression')
('error:', "/home/yanlin/my-projects/decompilation/source_code/recompiled/IDA/speccpu/gcc/O1/sjeng-gcc-O1/make/src/moves.c:1333:8: error: use of undeclared identifier '_DWORD'")
('error:', '/home/yanlin/my-projects/decompilation/source_code/recompiled/IDA/speccpu/gcc/O1/sjeng-gcc-O1/make/src/moves.c:1336:19: error: expression is not assignable')
***************** Next Function ******************
('func_count:', 112)
("func_name '", 'calc_attackers', "'")
('err_func:', '/data/maliha/decompilation/data/error_without_patch/ida/speccpu/gcc/O1/sjeng-gcc-O1-compilation-errors/calc_attackers')
('err_funcfile:', '/data/maliha/decompilation/data/error_without_patch/ida/speccpu/gcc/O1/sjeng-gcc-O1-compilation-errors/calc_attackers')
('error:', "/home/yanlin/my-projects/decompilation/source_code/recompiled/IDA/speccpu/gcc/O1/sjeng-gcc-O1/calc_attackers/src/attacks.c:17:3: error: unknown type name '__int64'; did you mean '__int64_t'?")
('error:', "/home/yanlin/my-projects/decompilation/source_code/recompiled/IDA/speccpu/gcc/O1/sjeng-gcc-O1/calc_attackers/src/attacks.c:21:3: error: unknown type name '__int64'; did you mean '__int64_t'?")
('error:', "/home/yanlin/my-projects/decompilation/source_code/recompiled/IDA/speccpu/gcc/O1/sjeng-gcc-O1/calc_attackers/src/attacks.c:22:3: error: unknown type name '__int64'; did you mean '__int64_t'?")
('error:', "/home/yanlin/my-projects/decompilation/source_code/recompiled/IDA/speccpu/gcc/O1/sjeng-gcc-O1/calc_attackers/src/attacks.c:26:3: error: unknown type name '__int64'; did you mean '__int64_t'?")
('error:', "/home/yanlin/my-projects/decompilation/source_code/recompiled/IDA/speccpu/gcc/O1/sjeng-gcc-O1/calc_attackers/src/attacks.c:27:3: error: unknown type name '__int64'; did you mean '__int64_t'?")
('error:', "/home/yanlin/my-projects/decompilation/source_code/recompiled/IDA/speccpu/gcc/O1/sjeng-gcc-O1/calc_attackers/src/attacks.c:29:3: error: unknown type name '__int64'; did you mean '__int64_t'?")
('error:', "/home/yanlin/my-projects/decompilation/source_code/recompiled/IDA/speccpu/gcc/O1/sjeng-gcc-O1/calc_attackers/src/attacks.c:33:3: error: unknown type name '__int64'; did you mean '__int64_t'?")
('error:', "/home/yanlin/my-projects/decompilation/source_code/recompiled/IDA/speccpu/gcc/O1/sjeng-gcc-O1/calc_attackers/src/attacks.c:34:3: error: unknown type name '__int64'; did you mean '__int64_t'?")
('error:', "/home/yanlin/my-projects/decompilation/source_code/recompiled/IDA/speccpu/gcc/O1/sjeng-gcc-O1/calc_attackers/src/attacks.c:38:3: error: unknown type name '__int64'; did you mean '__int64_t'?")
('error:', "/home/yanlin/my-projects/decompilation/source_code/recompiled/IDA/speccpu/gcc/O1/sjeng-gcc-O1/calc_attackers/src/attacks.c:39:3: error: unknown type name '__int64'; did you mean '__int64_t'?")
('error:', "/home/yanlin/my-projects/decompilation/source_code/recompiled/IDA/speccpu/gcc/O1/sjeng-gcc-O1/calc_attackers/src/attacks.c:46:21: error: use of undeclared identifier 'rook_o_8'")
('error:', '/home/yanlin/my-projects/decompilation/source_code/recompiled/IDA/speccpu/gcc/O1/sjeng-gcc-O1/calc_attackers/src/attacks.c:50:24: error: expected expression')
('error:', "/home/yanlin/my-projects/decompilation/source_code/recompiled/IDA/speccpu/gcc/O1/sjeng-gcc-O1/calc_attackers/src/attacks.c:50:16: error: use of undeclared identifier '_DWORD'")
('error:', '/home/yanlin/my-projects/decompilation/source_code/recompiled/IDA/speccpu/gcc/O1/sjeng-gcc-O1/calc_attackers/src/attacks.c:51:24: error: expected expression')
('error:', "/home/yanlin/my-projects/decompilation/source_code/recompiled/IDA/speccpu/gcc/O1/sjeng-gcc-O1/calc_attackers/src/attacks.c:51:16: error: use of undeclared identifier '_DWORD'")
('error:', "/home/yanlin/my-projects/decompilation/source_code/recompiled/IDA/speccpu/gcc/O1/sjeng-gcc-O1/calc_attackers/src/attacks.c:74:20: error: use of undeclared identifier 'jpt_40190F'")
('error:', "/home/yanlin/my-projects/decompilation/source_code/recompiled/IDA/speccpu/gcc/O1/sjeng-gcc-O1/calc_attackers/src/attacks.c:82:13: error: use of undeclared identifier 'bishop_o_7'")
('error:', "/home/yanlin/my-projects/decompilation/source_code/recompiled/IDA/speccpu/gcc/O1/sjeng-gcc-O1/calc_attackers/src/attacks.c:90:15: error: use of undeclared identifier 'knight_o_6'")
('error:', "/home/yanlin/my-projects/decompilation/source_code/recompiled/IDA/speccpu/gcc/O1/sjeng-gcc-O1/calc_attackers/src/attacks.c:97:25: error: use of undeclared identifier 'bishop_o_7'")
('error:', 'fatal error: too many errors emitted, stopping now [-ferror-limit=]')
***************** Next Function ******************
('func_count:', 113)
("func_name '", 'addHolding', "'")
('err_func:', '/data/maliha/decompilation/data/error_without_patch/ida/speccpu/gcc/O1/sjeng-gcc-O1-compilation-errors/addHolding')
('err_funcfile:', '/data/maliha/decompilation/data/error_without_patch/ida/speccpu/gcc/O1/sjeng-gcc-O1-compilation-errors/addHolding')
('error:', "/home/yanlin/my-projects/decompilation/source_code/recompiled/IDA/speccpu/gcc/O1/sjeng-gcc-O1/addHolding/src/crazy.c:215:3: error: unknown type name '__int64'; did you mean '__int64_t'?")
***************** Next Function ******************
('func_count:', 114)
("func_name '", 'randomMT', "'")
('err_func:', '/data/maliha/decompilation/data/error_without_patch/ida/speccpu/gcc/O1/sjeng-gcc-O1-compilation-errors/randomMT')
('err_funcfile:', '/data/maliha/decompilation/data/error_without_patch/ida/speccpu/gcc/O1/sjeng-gcc-O1-compilation-errors/randomMT')
('error:', '/home/yanlin/my-projects/decompilation/source_code/recompiled/IDA/speccpu/gcc/O1/sjeng-gcc-O1/randomMT/src/utils.c:1199:18: error: expression is not assignable')
***************** Next Function ******************
('func_count:', 115)
("func_name '", 'toggle_bool', "'")
('err_func:', '/data/maliha/decompilation/data/error_without_patch/ida/speccpu/gcc/O1/sjeng-gcc-O1-compilation-errors/toggle_bool')
('err_funcfile:', '/data/maliha/decompilation/data/error_without_patch/ida/speccpu/gcc/O1/sjeng-gcc-O1-compilation-errors/toggle_bool')
***************** Next Function ******************
('func_count:', 116)
("func_name '", 's_pawn_mobility', "'")
('err_func:', '/data/maliha/decompilation/data/error_without_patch/ida/speccpu/gcc/O1/sjeng-gcc-O1-compilation-errors/s_pawn_mobility')
('err_funcfile:', '/data/maliha/decompilation/data/error_without_patch/ida/speccpu/gcc/O1/sjeng-gcc-O1-compilation-errors/s_pawn_mobility')
('error:', "/home/yanlin/my-projects/decompilation/source_code/recompiled/IDA/speccpu/gcc/O1/sjeng-gcc-O1/s_pawn_mobility/src/seval.c:80:3: error: unknown type name '__int64'; did you mean '__int64_t'?")
***************** Next Function ******************
('func_count:', 117)
("func_name '", 'update_ancestors', "'")
('err_func:', '/data/maliha/decompilation/data/error_without_patch/ida/speccpu/gcc/O1/sjeng-gcc-O1-compilation-errors/update_ancestors')
('err_funcfile:', '/data/maliha/decompilation/data/error_without_patch/ida/speccpu/gcc/O1/sjeng-gcc-O1-compilation-errors/update_ancestors')
***************** Next Function ******************
('func_count:', 118)
("func_name '", 'ProcessHoldings', "'")
('err_func:', '/data/maliha/decompilation/data/error_without_patch/ida/speccpu/gcc/O1/sjeng-gcc-O1-compilation-errors/ProcessHoldings')
('err_funcfile:', '/data/maliha/decompilation/data/error_without_patch/ida/speccpu/gcc/O1/sjeng-gcc-O1-compilation-errors/ProcessHoldings')
('error:', "/home/yanlin/my-projects/decompilation/source_code/recompiled/IDA/speccpu/gcc/O1/sjeng-gcc-O1/ProcessHoldings/src/crazy.c:34:3: error: unknown type name '__int64'; did you mean '__int64_t'?")
('error:', "/home/yanlin/my-projects/decompilation/source_code/recompiled/IDA/speccpu/gcc/O1/sjeng-gcc-O1/ProcessHoldings/src/crazy.c:36:3: error: unknown type name '__int64'; did you mean '__int64_t'?")
('error:', "/home/yanlin/my-projects/decompilation/source_code/recompiled/IDA/speccpu/gcc/O1/sjeng-gcc-O1/ProcessHoldings/src/crazy.c:41:3: error: unknown type name '__int64'; did you mean '__int64_t'?")
('error:', "/home/yanlin/my-projects/decompilation/source_code/recompiled/IDA/speccpu/gcc/O1/sjeng-gcc-O1/ProcessHoldings/src/crazy.c:42:3: error: unknown type name '__int64'; did you mean '__int64_t'?")
('error:', "/home/yanlin/my-projects/decompilation/source_code/recompiled/IDA/speccpu/gcc/O1/sjeng-gcc-O1/ProcessHoldings/src/crazy.c:43:19: error: expected ';' at end of declaration")
('error:', "/home/yanlin/my-projects/decompilation/source_code/recompiled/IDA/speccpu/gcc/O1/sjeng-gcc-O1/ProcessHoldings/src/crazy.c:44:10: error: expected ';' after expression")
('error:', "/home/yanlin/my-projects/decompilation/source_code/recompiled/IDA/speccpu/gcc/O1/sjeng-gcc-O1/ProcessHoldings/src/crazy.c:44:11: error: use of undeclared identifier 'v12'")
('error:', "/home/yanlin/my-projects/decompilation/source_code/recompiled/IDA/speccpu/gcc/O1/sjeng-gcc-O1/ProcessHoldings/src/crazy.c:45:10: error: expected ';' after expression")
('error:', "/home/yanlin/my-projects/decompilation/source_code/recompiled/IDA/speccpu/gcc/O1/sjeng-gcc-O1/ProcessHoldings/src/crazy.c:45:11: error: use of undeclared identifier 'v13'")
('error:', "/home/yanlin/my-projects/decompilation/source_code/recompiled/IDA/speccpu/gcc/O1/sjeng-gcc-O1/ProcessHoldings/src/crazy.c:46:10: error: expected ';' after expression")
('error:', "/home/yanlin/my-projects/decompilation/source_code/recompiled/IDA/speccpu/gcc/O1/sjeng-gcc-O1/ProcessHoldings/src/crazy.c:46:11: error: use of undeclared identifier 'v14'")
('error:', "/home/yanlin/my-projects/decompilation/source_code/recompiled/IDA/speccpu/gcc/O1/sjeng-gcc-O1/ProcessHoldings/src/crazy.c:47:12: error: redefinition of '__int64'")
('error:', "/home/yanlin/my-projects/decompilation/source_code/recompiled/IDA/speccpu/gcc/O1/sjeng-gcc-O1/ProcessHoldings/src/crazy.c:47:19: error: expected ';' at end of declaration")
('error:', "/home/yanlin/my-projects/decompilation/source_code/recompiled/IDA/speccpu/gcc/O1/sjeng-gcc-O1/ProcessHoldings/src/crazy.c:49:12: error: redefinition of '__int64'")
('error:', "/home/yanlin/my-projects/decompilation/source_code/recompiled/IDA/speccpu/gcc/O1/sjeng-gcc-O1/ProcessHoldings/src/crazy.c:49:19: error: expected ';' at end of declaration")
('error:', "/home/yanlin/my-projects/decompilation/source_code/recompiled/IDA/speccpu/gcc/O1/sjeng-gcc-O1/ProcessHoldings/src/crazy.c:51:12: error: redefinition of '__int64'")
('error:', "/home/yanlin/my-projects/decompilation/source_code/recompiled/IDA/speccpu/gcc/O1/sjeng-gcc-O1/ProcessHoldings/src/crazy.c:51:19: error: expected ';' at end of declaration")
('error:', "/home/yanlin/my-projects/decompilation/source_code/recompiled/IDA/speccpu/gcc/O1/sjeng-gcc-O1/ProcessHoldings/src/crazy.c:79:20: error: use of undeclared identifier '_DWORD'")
('error:', "/home/yanlin/my-projects/decompilation/source_code/recompiled/IDA/speccpu/gcc/O1/sjeng-gcc-O1/ProcessHoldings/src/crazy.c:80:21: error: use of undeclared identifier '_DWORD'")
('error:', 'fatal error: too many errors emitted, stopping now [-ferror-limit=]')
***************** Next Function ******************
('func_count:', 119)
("func_name '", 'DropaddHolding', "'")
('err_func:', '/data/maliha/decompilation/data/error_without_patch/ida/speccpu/gcc/O1/sjeng-gcc-O1-compilation-errors/DropaddHolding')
('err_funcfile:', '/data/maliha/decompilation/data/error_without_patch/ida/speccpu/gcc/O1/sjeng-gcc-O1-compilation-errors/DropaddHolding')
('error:', "/home/yanlin/my-projects/decompilation/source_code/recompiled/IDA/speccpu/gcc/O1/sjeng-gcc-O1/DropaddHolding/src/crazy.c:268:3: error: unknown type name '__int64'; did you mean '__int64_t'?")
***************** Next Function ******************
('func_count:', 120)
("func_name '", 'run_epd_testsuite', "'")
('err_func:', '/data/maliha/decompilation/data/error_without_patch/ida/speccpu/gcc/O1/sjeng-gcc-O1-compilation-errors/run_epd_testsuite')
('err_funcfile:', '/data/maliha/decompilation/data/error_without_patch/ida/speccpu/gcc/O1/sjeng-gcc-O1-compilation-errors/run_epd_testsuite')
('error:', '/home/yanlin/my-projects/decompilation/source_code/recompiled/IDA/speccpu/gcc/O1/sjeng-gcc-O1/run_epd_testsuite/src/epd.c:241:12: error: too many arguments to function call, expected 0, have 1')
***************** Next Function ******************
('func_count:', 121)
("func_name '", 'f_in_check', "'")
('err_func:', '/data/maliha/decompilation/data/error_without_patch/ida/speccpu/gcc/O1/sjeng-gcc-O1-compilation-errors/f_in_check')
('err_funcfile:', '/data/maliha/decompilation/data/error_without_patch/ida/speccpu/gcc/O1/sjeng-gcc-O1-compilation-errors/f_in_check')
('error:', "/home/yanlin/my-projects/decompilation/source_code/recompiled/IDA/speccpu/gcc/O1/sjeng-gcc-O1/f_in_check/src/moves.c:804:3: error: use of undeclared identifier '_BOOL4'")
('error:', "/home/yanlin/my-projects/decompilation/source_code/recompiled/IDA/speccpu/gcc/O1/sjeng-gcc-O1/f_in_check/src/moves.c:806:3: error: unknown type name '__int64'; did you mean '__int64_t'?")
('error:', "/home/yanlin/my-projects/decompilation/source_code/recompiled/IDA/speccpu/gcc/O1/sjeng-gcc-O1/f_in_check/src/moves.c:808:3: error: unknown type name '__int64'; did you mean '__int64_t'?")
('error:', "/home/yanlin/my-projects/decompilation/source_code/recompiled/IDA/speccpu/gcc/O1/sjeng-gcc-O1/f_in_check/src/moves.c:810:3: error: unknown type name '__int64'; did you mean '__int64_t'?")
('error:', "/home/yanlin/my-projects/decompilation/source_code/recompiled/IDA/speccpu/gcc/O1/sjeng-gcc-O1/f_in_check/src/moves.c:812:3: error: unknown type name '__int64'; did you mean '__int64_t'?")
('error:', "/home/yanlin/my-projects/decompilation/source_code/recompiled/IDA/speccpu/gcc/O1/sjeng-gcc-O1/f_in_check/src/moves.c:814:3: error: unknown type name '__int64'; did you mean '__int64_t'?")
('error:', "/home/yanlin/my-projects/decompilation/source_code/recompiled/IDA/speccpu/gcc/O1/sjeng-gcc-O1/f_in_check/src/moves.c:816:3: error: unknown type name '__int64'; did you mean '__int64_t'?")
('error:', "/home/yanlin/my-projects/decompilation/source_code/recompiled/IDA/speccpu/gcc/O1/sjeng-gcc-O1/f_in_check/src/moves.c:818:3: error: unknown type name '__int64'; did you mean '__int64_t'?")
('error:', "/home/yanlin/my-projects/decompilation/source_code/recompiled/IDA/speccpu/gcc/O1/sjeng-gcc-O1/f_in_check/src/moves.c:820:3: error: unknown type name '__int64'; did you mean '__int64_t'?")
('error:', "/home/yanlin/my-projects/decompilation/source_code/recompiled/IDA/speccpu/gcc/O1/sjeng-gcc-O1/f_in_check/src/moves.c:823:3: error: unknown type name '__int64'; did you mean '__int64_t'?")
('error:', "/home/yanlin/my-projects/decompilation/source_code/recompiled/IDA/speccpu/gcc/O1/sjeng-gcc-O1/f_in_check/src/moves.c:825:3: error: unknown type name '__int64'; did you mean '__int64_t'?")
('error:', "/home/yanlin/my-projects/decompilation/source_code/recompiled/IDA/speccpu/gcc/O1/sjeng-gcc-O1/f_in_check/src/moves.c:827:3: error: unknown type name '__int64'; did you mean '__int64_t'?")
('error:', "/home/yanlin/my-projects/decompilation/source_code/recompiled/IDA/speccpu/gcc/O1/sjeng-gcc-O1/f_in_check/src/moves.c:829:3: error: unknown type name '__int64'; did you mean '__int64_t'?")
('error:', "/home/yanlin/my-projects/decompilation/source_code/recompiled/IDA/speccpu/gcc/O1/sjeng-gcc-O1/f_in_check/src/moves.c:831:3: error: unknown type name '__int64'; did you mean '__int64_t'?")
('error:', "/home/yanlin/my-projects/decompilation/source_code/recompiled/IDA/speccpu/gcc/O1/sjeng-gcc-O1/f_in_check/src/moves.c:833:3: error: unknown type name '__int64'; did you mean '__int64_t'?")
('error:', "/home/yanlin/my-projects/decompilation/source_code/recompiled/IDA/speccpu/gcc/O1/sjeng-gcc-O1/f_in_check/src/moves.c:835:3: error: unknown type name '__int64'; did you mean '__int64_t'?")
('error:', "/home/yanlin/my-projects/decompilation/source_code/recompiled/IDA/speccpu/gcc/O1/sjeng-gcc-O1/f_in_check/src/moves.c:837:3: error: unknown type name '__int64'; did you mean '__int64_t'?")
('error:', "/home/yanlin/my-projects/decompilation/source_code/recompiled/IDA/speccpu/gcc/O1/sjeng-gcc-O1/f_in_check/src/moves.c:855:3: error: unknown type name '__int64'; did you mean '__int64_t'?")
('error:', "/home/yanlin/my-projects/decompilation/source_code/recompiled/IDA/speccpu/gcc/O1/sjeng-gcc-O1/f_in_check/src/moves.c:857:3: error: unknown type name '__int64'; did you mean '__int64_t'?")
('error:', 'fatal error: too many errors emitted, stopping now [-ferror-limit=]')
******************** ================== ******************** ==================
Total # fns with errors: 121. Total errors: 699
******************** ================== error type: occurrences ******************** ==================
conflicting types for a function: 5
expected 'some symbol': 60
expected expression: 91
expected identifier or '(': 1
expression is not assignable: 7
invalid operands to binary expression: 1
must use '(struct|union|enum)' tag to refer to type: 7
passing sth to parameter of incompatible type: 6
redefinition of __int64: 3
redefinition of __int8: 2
subscripted value is not an array, pointer, or vector: 1
too many|few arguments to function call: 1
unknown type name: 211
use of undeclared identifier: 282
variable has incomplete type: 2
******************** ================== error distribution ******************** ==================
******************** ================== error type: func count ******************** ==================
conflicting types for a function: 5
expected 'some symbol': 26
expected expression: 31
expected identifier or '(': 1
expression is not assignable: 5
invalid operands to binary expression: 1
must use '(struct|union|enum)' tag to refer to type: 2
passing sth to parameter of incompatible type: 6
redefinition of __int64: 1
redefinition of __int8: 1
subscripted value is not an array, pointer, or vector: 1
too many|few arguments to function call: 1
unknown type name: 59
use of undeclared identifier: 46
variable has incomplete type: 2
******************** ================== unknown errors ******************** ==================
